	.text
	.syntax unified
	.eabi_attribute	67, "2.09"	@ Tag_conformance
	.cpu	cortex-m4
	.eabi_attribute	6, 13	@ Tag_CPU_arch
	.eabi_attribute	7, 77	@ Tag_CPU_arch_profile
	.eabi_attribute	8, 0	@ Tag_ARM_ISA_use
	.eabi_attribute	9, 2	@ Tag_THUMB_ISA_use
	.fpu	fpv4-sp-d16
	.eabi_attribute	27, 1	@ Tag_ABI_HardFP_use
	.eabi_attribute	36, 1	@ Tag_FP_HP_extension
	.eabi_attribute	34, 1	@ Tag_CPU_unaligned_access
	.eabi_attribute	17, 1	@ Tag_ABI_PCS_GOT_use
	.eabi_attribute	20, 2	@ Tag_ABI_FP_denormal
	.eabi_attribute	21, 0	@ Tag_ABI_FP_exceptions
	.eabi_attribute	23, 1	@ Tag_ABI_FP_number_model
	.eabi_attribute	24, 1	@ Tag_ABI_align_needed
	.eabi_attribute	25, 1	@ Tag_ABI_align_preserved
	.eabi_attribute	28, 1	@ Tag_ABI_VFP_args
	.eabi_attribute	38, 1	@ Tag_ABI_FP_16bit_format
	.eabi_attribute	18, 2	@ Tag_ABI_PCS_wchar_t
	.eabi_attribute	26, 1	@ Tag_ABI_enum_size
	.eabi_attribute	14, 0	@ Tag_ABI_PCS_R9_use
	.file	"Button.cpp"
	.file	1 "C:\\Users\\CHALLENGER\\Documents\\KeXieData\\Project\\DigitalPower\\BootLoader" "./CubeMX/Drivers/STM32G4xx_HAL_Driver/Inc\\stm32g4xx_hal_gpio.h"
	.file	2 "C:\\Users\\CHALLENGER\\Documents\\KeXieData\\Project\\DigitalPower\\BootLoader" "./CubeMX/Drivers/CMSIS/Device/ST/STM32G4xx/Include/stm32g431xx.h"
	.file	3 "C:\\Users\\CHALLENGER\\Documents\\KeXieData\\Project\\DigitalPower\\BootLoader" "Onboards/Button.hpp"
	.file	4 "C:\\Keil_v5\\ARM\\ARMCLANG\\Bin\\..\\include" "stdint.h"
	.file	5 "C:\\Keil_v5\\ARM\\ARMCLANG\\Bin\\..\\include" "stddef.h"
	.file	6 "C:\\Keil_v5\\ARM\\ARMCLANG\\Bin\\..\\include\\libcxx" "cstdint"
	.type	.Lllvm.embedded.module,%object  @ @llvm.embedded.module
	.section	.llvmbc,"",%progbits
	.p2align	4, 0x0
.Lllvm.embedded.module:
	.asciz	"BC\300\3365\024\000\000\005\000\000\000b\f0$MY\276f\255\373\264O\033\310$D\0012\005\000!\f\000\0008\b\000\000\013\002!\000\002\000\000\000\026\000\000\000\007\201#\221A\310\004I\006\02029\222\001\204\f%\005\b\031\036\004\213b\200\020E\002B\222\013B\204\0202\0248\b\030K\n2B\210Hp\304!#D\022\207\214\020A\222\002d\310\b\261\024 CF\210 \311\0012B\204\030*(*\2201|\260\\\221 \304\310\000\000\000\211 \000\000\024\000\000\0002\"\b\t bF\000!+$\230\020!%$\230\020\031'\f\205\244\220`Bd\\ $d\202\240\2519\002h\216\0001\005\000\204\314\021\004F 0\203@\214\000\f\004\030\342\020q\216\000\f\346\b@\001\031a\001$\311\337\250ir\232L@\210\000Q\030\000\000\272\002\000\000\033\334)\370\377\377\377\377\001h\003\300\024\000?\000\340\000\370\003@\002\372\000\240\003\202\034\312\301\035\336A\036\332!\034\330\241\r\314\001\036\332\240\035\302\201\036\320\001\200\007y(\207y(\007y\260\207rh\203yH\207sp\0076\200\007y(\207y(\007y\260\207rh\203yH\207sp\007\2000\007y\b\207v(\2076\200\207wH\007w\240\207r\220\007\300\035\336\301\035\312\001 \332!\035\334\241\r\330\241\034\316!\034\330\241\r\354\241\034\306\201\036\336A\036\332\340\036\322\201\034\350\001\035\0008\000\bwx\2076H\007w0\207yh\003s\200\2076h\207p\240\007t\000\350A\036\352\241\034\000\302\035\336\241\r\334!\034\334a\036\332\300\034\340\241\r\332!\034\350\001\035\000z\220\207z(\007\200p\207wh\203yH\207sp\207r \2076\320\207r\220\207w\230\20760\007xh\203v\b\007z@\007\200\036\344\241\036\312\001 \346\201\036\302a\034\326\241\r\340A\036\336\201\036\312a\034\350\341\035\344\241\r\304\241\036\314\301\034\312A\036\332`\036\322A\037\312\001\300\003\200\240\207p\220\207s(\007zh\203q\200\207z\000\306\341\035\344\201\036\312\001\037\332\240\035\350\000 \350!\034\344\341\034\312\201\036\332\300\034\312!\034\350\241\036\344\241\034\346\001X\203p\220\207v\260\207;(\2076h\0076X\003r\230\007x`\20350\007x\210\003;`\2035@\207{ \207t\260\0076X\003z@\207zh\007qh\203vx\007r(\0076X\003{0\007x\220\203y\200\0076X\003{0\007x\230\003r\210\003;\230\007x`\2035\260\007s\200\007: \2078\260\203y\200\0076h\203p(\207y`\2036\020\007s\210\003;`\2036\030\007r(\207q\200\0078`\2036\030\007r(\207q\200\2078`\2036\030\007r(\207q\200\0079`\2036\030\007r(\207q\200\2079`\2036\030\007r(\207q\200\007:`\2036\030\007r(\207q\200\207:`\2036\030\007r(\207q\200\007;`\2036\030\007r(\207q\200\207;`\2036\030\007y\030\0076h\203q\220\207|\200\007zx\0076h\003r\230\0039`\2036 \207w\240\007x\220\207w \0076h\003s\030\207r`\20360\007xh\203p\220\207v\260\007<`\20360\007xh\203p\220\207v\260\007< \2078\260\0036h\003s\200\2076\b\007yh\007{\300\003r\210\003;\230\007x`\20360\007xh\203p\220\207v\260\007<\230\007x`\20360\007x\210\003;0\207v`\0076h\003s\200\007;\240\0036h\003s\250\007v`\007s\200\2078\260\0036h\003t\270\007rH\007{h\203p\220\207v`\2036H\007<h\207v`\2036`\207w\020\0076h\203v\260\207r`\2036h\007{(\00770\007x`\2036p\207rx\007w`\2036\200\207p\030\007q\240\207t`\2036\220\207p\230\0076h\203y\020\0076h\203y@\207p\220\0036h\003{0\007x\220\0036h\003{0\007x\230\0036h\003{0\007x\230\003r\210\003;`\2036\260\007s\200\2079\230\007x`\2036\260\007s\200\007:`\2036\260\007s\200\007: \2078\260\0036h\003{0\007x\240\203y\200\007`\203!\000\000)\000g\260\001\032\002\200\024\2003\000,\200\016\202\200\b\322\340\330@\020\002@\n\033\214b\000H\001\020\203\r\206A\000\244\000\210\301\006q:\376\377\377\377\177\000L\001\220\br(\007wx\007yh\207p`\20760\007xh\203v\b\007z@\007\000\036\344\241\034\346\241\034\344\301\036\312\241\r\346!\035\316\301\035\330\000\036\344\241\034\346\241\034\344\301\036\312\241\r\346!\035\316\301\035\000\302\034\344!\034\332\241\034\332\000\036\336!\035\334\201\036\312A\036\000wx\007w(\007\200h\207tp\2076`\207r8\207p`\2076\260\207r\030\007zx\007yh\203{H\007r\240\007t\000\340\000 \334\341\035\332 \035\334\301\034\346\241\r\314\001\036\332\240\035\302\201\036\320\001\240\007y\250\207r\000\bwx\2076p\207pp\207yh\003s\200\2076h\207p\240\007t\000\350A\036\352\241\034\000\302\035\336\241\r\346!\035\316\301\035\312\201\034\332@\037\312A\036\336a\036\332\300\034\340\241\r\332!\034\350\001\035\000z\220\207z(\007\200\230\007z\b\207qX\2076\200\007yx\007z(\207q\240\207w\220\2076\020\207z0\007s(\007yh\203yH\007}(\007\000\017\000\202\036\302A\036\316\241\034\350\241\r\306\001\036\352\001\030\207w\220\007z(\007|h\203v\240\003\200\240\207p\220\207s(\007zh\003s(\207p\240\207z\220\207r\230\007`\r\302A\036\332\301\036\356\240\034\332\240\035\330`\r\310a\036\340\201\r\326\300\034\340!\016\354\200\r\326\000\035\356\201\034\322\301\036\330`\r\350\001\035\352\241\035\304\241\r\332\341\035\310\241\034\330`\r\354\301\034\340A\016\346\001\036\330`\r\354\301\034\340a\016\310!\016\354`\036\340\201\r\326\300\036\314\001\036\350\200\034\342\300\016\346\001\036\330\240\r\302\241\034\346\201\r\332@\034\314!\016\354\200\r\332`\034\310\241\034\306\001\036\340\200\r\332`\034\310\241\034\306\001\036\342\200\r\332`\034\310\241\034\306\001\036\344\200\r\332`\034\310\241\034\306\001\036\346\200\r\332`\034\310\241\034\306\001\036\350\200\r\332`\034\310\241\034\306\001\036\352\200\r\332`\034\310\241\034\306\001\036\354\200\r\332`\034\310\241\034\306\001\036\356\200\r\332`\034\344a\034\330\240\r\306A\036\362\001\036\350\341\035\330\240\r\310a\016\344\200\r\332\200\034\336\201\036\340A\036\336\201\034\330\240\r\314a\034\312\201\r\332\300\034\340\241\r\302A\036\332\301\036\360\200\r\332\300\034\340\241\r\302A\036\332\301\036\360\200\034\342\300\016\330\240\r\314\001\036\332 \034\344\241\035\354\001\017\310!\016\354`\036\340\201\r\332\300\034\340\241\r\302A\036\332\301\036\360`\036\340\201\r\332\300\034\340!\016\354\300\034\332\201\035\330\240\r\314\001\036\354\200\016\330\240\r\314\241\036\330\201\035\314\001\036\342\300\016\330\240\r\320\341\036\310!\035\354\241\r\302A\036\332\201\r\332 \035\360\240\035\332\201\r\332\200\035\336A\034\330\240\r\332\301\036\312\201\r\332\240\035\354\241\034\334\300\034\340\201\r\332\300\035\312\341\035\334\201\r\332\000\036\302a\034\304\201\036\322\201\r\332@\036\302a\036\330\240\r\346A\034\330\240\r\346\001\035\302A\016\330\240\r\354\301\034\340A\016\330\240\r\354\301\034\340a\016\330\240\r\354\301\034\340a\016\310!\016\354\200\r\332\300\036\314\001\036\346`\036\340\201\r\332\300\036\314\001\036\350\200\r\332\300\036\314\001\036\350\200\034\342\300\016\330\240\r\354\301\034\340\201\016\346\001\036\200\r\006\002\000\244\000\210\301\006(\t\200\005 \005\340\f\200*\b\210 \r\216\r\244\244\374\377\377\377\377@\220C9\270\303;\310C;\204\003;\264\2019\300C\033\264C8\320\003:\000\360 \017\3450\017\345 \017\366P\016m0\017\351p\016\356\300\006\360 \017\3450\017\345 \017\366P\016m0\017\351p\016\356\000\020\346 \017\341\320\016\345\320\006\360\360\016\351\340\016\364P\016\362\000\270\303;\270C9\000\204;\274C\033\244\203;\230\303<\264\2019\300C\033\264C8\320\003:\000\364 \017\365P\016\000\341\016\357\320\006\356\020\016\3560\017m`\016\360\320\006\355\020\016\364\200\016\000=\310C=\224\003@\270\303;\264\301<\244\3039\270C9\220C\033\350C9\310\303;\314C\033\230\003<\264A;\204\003=\240\003@\017\362P\017\345\000\020\363@\017\3410\016\353\320\006\360 \017\357@\017\3450\016\364\360\016\362\320\006\342P\017\346`\016\345 \017m0\017\351\240\017\345\000\340\001@\320C8\310\3039\224\003=\264\3018\300C=\000\343\360\016\362@\017\345\200\017m\320\016t\000\020\364\020\016\362p\016\345@\017m`\016\345\020\016\364P\017\362P\016\363\000\254A8\310C;\330\303\035\224C\033\264\003\033\254\0019\314\003<\260\301\032\230\003<\304\201\035\260\301\032\240\303=\220C:\330\003\033\254\001=\240C=\264\2038\264A;\274\0039\224\003\033\254\201=\230\003<\310\301<\300\003\033\254\201=\230\003<\314\0019\304\201\035\314\003<\260\301\032\330\2039\300\003\035\220C\034\330\301<\300\003\033\264A8\224\303<\260A\033\210\2039\304\201\035\260A\033\214\0039\224\3038\300\003\034\260A\033\214\0039\224\3038\300C\034\260A\033\214\0039\224\3038\300\203\034\260A\033\214\0039\224\3038\300\303\034\260A\033\214\0039\224\3038\300\003\035\260A\033\214\0039\224\3038\300C\035\260A\033\214\0039\224\3038\300\203\035\260A\033\214\0039\224\3038\300\303\035\260A\033\214\203<\214\003\033\264\3018\310C>\300\003=\274\003\033\264\0019\314\201\034\260A\033\220\303;\320\003<\310\303;\220\003\033\264\2019\214C9\260A\033\230\003<\264A8\310C;\330\003\036\260A\033\230\003<\264A8\310C;\330\003\036\220C\034\330\001\033\264\2019\300C\033\204\203<\264\203=\340\0019\304\201\035\314\003<\260A\033\230\003<\264A8\310C;\330\003\036\314\003<\260A\033\230\003<\304\201\035\230C;\260\003\033\264\2019\300\203\035\320\001\033\264\2019\324\003;\260\2039\300C\034\330\001\033\264\001:\334\0039\244\203=\264A8\310C;\260A\033\244\003\036\264C;\260A\033\260\303;\210\003\033\264A;\330C9\260A\033\264\203=\224\203\033\230\003<\260A\033\270C9\274\203;\260A\033\300C8\214\2038\320C:\260A\033\310C8\314\003\033\264\301<\210\003\033\264\301<\240C8\310\001\033\264\201=\230\003<\310\001\033\264\201=\230\003<\314\001\033\264\201=\230\003<\314\0019\304\201\035\260A\033\330\2039\300\303\034\314\003<\260A\033\330\2039\300\003\035\260A\033\330\2039\300\003\035\220C\034\330\001\033\264\201=\230\003<\320\301<\300\003\260\201X\000@\f6\020L\000\220\302\006\243\021\000R\000\304`\003\344\374\377\377\377\377\000\234\002\340\007\300\037\000\022@\001u\000\364\301\006\342\371\377\377\377\377\001\220\000\000\000\000I\030\000\000\006\000\000\000\023\214@\030\210\302\2300\034H2\201P\026\246\231\0208\023\210ga\032\000\0232z@\207zh\007q\260\207;(\207vh\203p\220\207vh\003wx\007w(\2076(\207p\020\207t@\007s\3300\007\345\320\006\355\240\007\345\320\006\360\240\007s \007z0\007r\320\006\246\220\016x\320\006\351`\007t\240\007v@\007m`\017q \007x\240\007v@\007z\020\007r\200\007m\020\016z\000\007z0\007r\320\006\3560\007r\320\006\263`\007t\240\021\302\344pz\272\305\357\260\234<\177\t\353t\372\333\355\032\303\341C*\200\r\006\000\000\002\001\b\200\000\000\000\000\b\0006\000\206Tl@\025\000\000\b\002\020\000\002\000\000\000\020\000l\000\f\251@\0012\200\000\030\000\000\000\004\000\000\000 \000\330\000\030R\301\202\223\000\001@\000\000\000\000\000\000\000\000\000\260\0010\247\361\0056\030\000\000\b\000 \b\330\000\220\330 P\224\007\001\000 \013\004\000\000\000\b\000\000\0002\036\230\020\031\021L\220\214\t&G\306\004C\322r(\204\"(\203\022\030\001\240\035\001(\204b\000\261\030\000\000\265\000\000\0003\b\200\034\304\341\034f\024\001=\210C8\204\303\214B\200\007yx\007s\230q\f\346\000\017\355\020\016\364\200\0163\fB\036\302\301\035\316\241\034f0\005=\210C8\204\203\033\314\003=\310C=\214\003=\314x\214tp\007{\b\007yH\207pp\007zp\003vx\207p \207\031\314\021\016\354\220\016\3410\017n0\017\343\360\016\360P\0163\020\304\035\336!\034\330!\035\302a\036f0\211;\274\203;\320C9\264\003<\274\203<\204\003;\314\360\024v`\007{h\0077h\207rh\0077\200\207p\220\207p`\007v(\007v\370\005vx\207w\200\207_\b\207q\030\207r\230\207y\230\201,\356\360\016\356\340\016\365\300\016\3540\003b\310\241\034\344\241\034\314\241\034\344\241\034\334a\034\312!\034\304\201\035\312a\006\326\220C9\310C9\230C9\310C9\270\3038\224C8\210\003;\224\303/\274\203<\374\202;\324\003;\260\303\f\307i\207pX\207rp\203th\007x`\207t\030\207t\240\207\031\316S\017\356\000\017\362P\016\344\220\016\343@\017\341 \016\354P\0163 (\035\334\301\036\302A\036\322!\034\334\201\036\334\340\034\344\341\035\352\001\036f\030Q8\260C:\234\203;\314P$v`\007{h\0077`\207wx\007x\230QL\364\220\017\360P\0163\036j\036\312a\034\350!\035\336\301\035~\001\036\344\241\034\314!\035\360a\006T\205\2038\314\303;\260C=\320C9\374\302<\344C;\210\303;\260\303\214\305\n\207y\230\207w\030\207t\b\007z(\007r\230\201\\\343\020\016\354\300\016\345P\016\3630#\301\322A\036\344\341\027\330\341\035\336\001\036fH\031;\260\203=\264\203\033\204\3038\214C9\314\303<\270\3019\310\303;\324\003<\314H\264q\b\007v`\007q\b\207qX\207\031\333\306\016\354`\017\355\340\006\360 \017\3450\017\345 \017\366P\016n\020\016\3430\016\3450\017\363\340\006\351\340\016\344P\016\3700#\342\354a\034\302\201\035\330\341\027\354!\035\346!\035\304!\035\330!\035\350!\037f \235;\274C=\270\0039\224\2039\314X\274pp\007wx\007z\b\007zH\207wp\207\031\313\347\016\3570\017\341\340\016\351@\017\351\240\017\3450\303\001\003s\250\007w\030\207_\230\207pp\207t\240\207t\320\207r\230\201\204A9\340\3038\260C=\220C9\314@\304\240\035\312\241\035\340A\036\336\301\034f$c0\016\341\300\016\3540\017\351@\017\3450C!\203u\030\007sH\207_\240\207|\200\207r\230\261\224\001<\214\303<\224\3038\320C:\274\203;\314\003\000\000\000y \000\000j\003\000\000r\036H C\210\f\031\tr2H #\201\214\221\221\321D\240\020(d<12B\216\220!\243\370\n\244\200\242\001\000\000\323)\214\202\0374\0163M\006\001\n\2144\274\001\342,\315A\021\213\261\034\3051\034\311\2010\210\3044M\3238\216\2630\f\3034M\203$H\362\006F\262,\303P\007\215\2444\2224\021\023\261<\017\004\000\000\000Onboards\\Button.cppC:\\Users\\CHALLENGER\\Documents\\KeXieData\\Project\\DigitalPower\\BootLoaderComponent: Arm Compiler for Embedded 6.19 Tool: armclang [5e73cb00]./CubeMX/Drivers/STM32G4xx_HAL_Driver/Inc\\stm32g4xx_hal_gpio.hunsigned charGPIO_PIN_RESETGPIO_PIN_SET_ZTS13GPIO_PinStateOnboards/Button.hppButtonport./CubeMX/Drivers/CMSIS/Device/ST/STM32G4xx/Include/stm32g431xx.hGPIO_TypeDef_ZTS12GPIO_TypeDefpinC:\\Keil_v5\\ARM\\ARMCLANG\\Bin\\..\\include\\stdint.huint16_tunsigned shortactiveStateGPIO_PinStatepressed_ZN6Button7pressedEvbool_ZTS6Buttonint8_tsigned charint16_tshortint32_tintint64_tlong longuint8_tuint32_tunsigned intuint64_tunsigned long longint_least8_tint_least16_tint_least32_tint_least64_tuint_least8_tuint_least16_tuint_least32_tuint_least64_tint_fast8_tint_fast16_tint_fast32_tint_fast64_tuint_fast8_tuint_fast16_tuint_fast32_tuint_fast64_tintptr_tuintptr_tintmax_tuintmax_tC:\\Keil_v5\\ARM\\ARMCLANG\\Bin\\..\\include\\stddef.hsize_tptrdiff_tmax_align_tlong doublestd__2C:\\Keil_v5\\ARM\\ARMCLANG\\Bin\\..\\include\\libcxx\\cstdintDwarf VersionDebug Info Versionwchar_sizestatic_rwdataenumsize_buildattrarmlib_unavailablearmcompiler-version6.19Onboards/Button.cppthisany pointeromnipotent charSimple C++ TBAAHAL_GPIO_ReadPin\306\232\003\000\000\000\000\0000\202\240\024#\b\2121\202\240\034#\b\n2\202\240$#\b\2122\202\260,#\b\0133\202\2604#Y\203\240\220\203\001\000\240\000\000 \b\202\244\200\017\000\000`\000\000\000\0000\224\025h\2730\004\000\000\004\3420\016\000\320\033\000\000\000\002\000\000\003\025@ \000\300@\005@\b\0000\317\001\220A\201\000\b0\016a \0060\016a \2070\203\340\013\2770\222%\020\000/\220\002\320\013\b\000\000\340\000\000\000\002\000\000\000\0003\004\3410C\220\013\003\025@\"\000\300@\005\300\b\0000\222%L@9\300\016\000\200\013\000\020\000\000\000\016\000\000\000\000L\344\000VS\016\274\003\230\003\000\000\000\000\000\0239\300\003\000\000p\016`\000\000\000\000\000\0239@\263\220\003\222\013\350\000\006\000\000\000\0000P\001@\000\000\314s\000d A\300\001L\344\000V\244\016\177\000\254\003\000\000\000\000\000\0239@\363\220C\222\013\354\000\001`\000\000\0000\221\003X\024/\240\002\020\016\000\000\000\000\000L\344\000\315D\016J.\270\003\002\300\001\000\000\300D\016\360\000\000\000\344\002\030\000\000(\006\000\000\314P\000\360\200\016\354\340\0163\021\002\020\017\300T\224\221\013\n@\016\215<4\000\004\214\b\000\000\000\000\000\300<\007@\006\027\002\b\300\f\002=\300\303L\204\000\324\0030\025e\344Be\221\203c\017\016\000\001#\002\000\000\000\000\0000C\221\016\355\360\016\363p\017\363\034\000\031h\b`\000\0239\200\225\251\003\036\000\371\000\000\000\000\000\300|\b\200\350\202>\314\b\240\016\300<\007@\006\034\004\024\300D\016`m\352\220\007\000?\000\000\000\000\0000\037\002 \272\320\0174\002\250\0030\317\001\220\201\007\006@\001L\344\000V\247\016z\000\374\003\000\000\000\000\000\363!\000\242\013 Q#\200:\000\363\034\000\031\200\001(\000\0050\221\003X\237:\354\001 \022\000\000\000\000\000\314\207\000\210.\214\204\215\000\352\000L\344\000V\030\250\203\037\000\275\000\000\000\000\000\300|\b\200\350BI\334\b\240\016\300|\b\200\350\002;\340\b\240\016\300<\007@\006c\000\006\300\001L\344\000\226\030\250\003(\000(\001\000\000\000\000\300|\b\200\350BJ\344\b\240\016\300<\007@\006e\000\n\300\001L\344\000\026\031\250C(\000+\001\000\000\000\000\300|\b\200\350\002K\350\b\240\016\300D\016`\231\201:\234\002\220\017\000\000\000\000\000\314\207\000\210.\270\304\216\000\352\000L\344\000\326\031\250\003*\000\374\000\000\000\000\000\300|\b\200\350\002L\360\b\240\016\300D\016`\241\201:\244\002\360\017\000\000\000\000\000\314\207\000\210.\310D\217\000\352\000L\344\000V\032\250\203*\000\"\001\000\000\000\000\300|\b\200\350\002M\370\b\240\016\300D\016`\251\201:\264\002\320\013\000\000\000\000\000\314\207\000\210.\330\304\217\000\352\000L\344\000\326\032\250\203+\000\353\000\000\000\000\000\300|\b\200\350\002N\200\t\240\016\300D\016`\261\201:\274\002\200\022\000\000\000\000\000\314\207\000\210.\350D\230\000\352\000L\344\000V\033\250\003,\000+\001\000\000\000\000\300|\b\200\350\002O\210\t\240\016\300D\016`\271\201:\324\002\360\017\000\000\000\000\000\314\207\000\210.\370\304\230\000\352\000L\344\000\326\033\250\203-\000\377\000\000\000\000\000\300|\b\200\350\002X\220\t\240\016\300D\016`\301\201:\334\002\360\017\000\000\000\000\000\314\207\000\210.\210E\231\000\352\000L\344\000V\034\250\003.\000\"\001\000\000\000\000\300|\b\200\350\002Y\230\t\240\016\300D\016`\311\201:\354\002\200\022\000\000\000\000\000\314\207\000\210.\230\305\231\000\352\000L\344\000\326\034\250\003/\000(\001\000\000\000\000\300|\b\200\350\002Z\240\t\240\016\300D\016`\321\201:\364\002\200\022\000\000\000\000\000\314\207\000\210.\250E\232\000\352\000L\344\000V\035\250\203/\000+\001\000\000\000\000\300|\b\200\350\002[\250\t\240\016\300D\016`\331\201:\224\003\360\017\000\000\000\000\000\314\207\000\210.\270\305\232\000\352\000L\344\000\326\035\250\2039\000(\001\000\000\000\000\300|\b\200\350\002\\\260\t\240\016\300D\016`\341\201:\250\003 \022\000\000\000\000\000\314\207\000\210.\310E\233\000\352\000L\344\000V\036\250\303:\000+\001\000\000\000\000\300|\b\200\350\002]\270\t\240\016\300@\005\240\007\000\000L\344\000\326\036\330\205\033\000(\001\000\000\000\000\300|\b\200\350\302]\254\003`\027\300D\016`\361\201]\230\001\360\017\000\000\000\000\000\314\207\000\210.\344\005;\000v\001\314s\000d\340\007\240\000\020\300D\016`\365\201]\374\002\260\027\000\000\000\000\000\314\207\000\210.\360\205;\000v\001\f6\000\300\037\f6\b~\001\n\003\025@(\000\0000\037\002 \177\241\017b\001\200\0060\037\002 \177\321\017c\001\200\0060\037\002 \177\001\022d\001\200\0060\037\002 \1771\022e\001\200\0060\037\002 \177Q\022g\001\200\0060\037\002 \177\301\016h\001\200\0060\037\002 \177\221\022i\001\200\0060\037\002 \177\301\022j\001\200\0060\037\002 \177\341\022l\001\200\0060\037\002 \177\001\023m\001\200\0060\037\002 \177!\023n\001\200\0060\037\002 \177A\023o\001\200\0060\037\002 \177a\023q\001\200\0060\037\002 \177\201\023r\001\200\0060\037\002 \177\241\023s\001\200\0060\037\002 \177\301\023t\001\200\0060\037\002 \177\341\023v\001\200\0060\037\002 \177\001\026w\001\200\0060\037\002 \177!\026x\001\200\0060\037\002 \177A\026y\001\200\0060\037\002 \177a\026{\001\200\0060\037\002 \177\201\026|\001\200\0060\037\002 \177\241\026}\001\200\0060\037\002 \177\301\026~\001\200\0060\037\002 \177\341\026\240\001\200\0060\037\002 \177\001\027\241\001\200\0060\037\002 \177!\027\243\001\200\0060\037\002 \177A\027\244\001\200\0060\303\036\354\203?\204\004I\230\304I\250DK\274DL\314DM\334DN\354DO\374DX\214EY\234EZ\254E[\274E\\\314E]\340\205^\364Eh\210\306h\220Fi\230\306i\240Fj\250\306j\260Fk\270\306k\300Fl\310\306l\320Fm\330\306m\340Fn\350\306n\360\306\f\003,\210B,\3140\310\302(\314\302\f\003-\220\202,\3140\320B)\320\302\f\003-\230\002-\3140\320\302)\324\302\f\003-\240B*\314\020\f\003\025\200*\b\0000\221\003<\000\000\000\271\000\006\000\000\000\0000]`\314\020\270\302\fC+\244\207-\3140\260\202z\330\302\f\003\247\036\2660\303\200\250\207-\314p`\353a\013\354q\013\355\201\0133\f\356\261\036\2660\303\340\036\354q\0133\f\356\321\036\2700\303\340\016\350\300\0163\021\002 \037\300\f\300T\224\301\013\257\000\360\202\232\314\007\000@\000\210\000\000@\037\000\000\000g\026\000\307q\034\307q\034G\032l\341\006n\000\nh\200\006h\300\026\034\347\006n`\026\366\000\017\374\340\006\240`\017\374`\017\374\300\017\246\340\006`\001\nh\340\006`\301\n\240`\017\270\000\n\366\200\013\246`\017\270\300\n\366\200\013\374\200\013\270\300\n\374\200\013\254\300\017\270\300\017\270\300\017\270\300\017\270\300\017\270\300\017\270\300\017\270\300\017\270\300\017\270\300\017\270\300\017\270\300\017\270\300\017\270\300\017\270\300\017\270\300\017\270\300\017\270\300\017\270\300\017\270\300\017\270\300\017\270@\007\374\200\013\374\200\013\254\300\017\270\200\006n@\007\270\200\013\270\200\013\270\200\013\270\200\013\270\200\013\270\200\013\270\200\013\270\200\013\270\200\013\270\200\013\270\200\013\270\200\013\270\200\013\270\200\013\272E\007t@\007t@\007t@\007\026\035\300\203\305\321\001\035\270\201\033\370\002\035\320\001\035\320\201\033@2\022\230\240\\\330\330\354\332\\\310\304\316\\\306\352F\tr!#66\2736\227\2667\262:\2662\0273\266\260\263\271Q\216\336\360\215\337\000\217\360\020\217\361H\205\215\315\256\315%\215\254\314\215n\224\200<\206\f\006\001\240\017\000\000\000\000\251\030\000\000/\000\000\000\013\nr(\207w\200\007zXp\230C=\270\3038\260C9\320\303\202\346\034\306\241\r\350A\036\302\301\035\346!\035\350!\035\336\301\035\026(\342P\016\346\360\016\362P\016\351\340\016\363@\017\013\222p0\007z(\007yH\007w\230\007zX\320\214\2039\234C=\204\203<\220\003=\204\203<\234C9\320\303\002\006\036\344\241\034\302\201\035\330\341\035\306!\034\350\241\034\310a\301q\016\343\320\006\354\220\016\366P\016\013\254q`\207pp\207sp\203p\220\207qp\203p\240\007z\b\207q@\207r \207q\b\007v`\207\005\007<\320\203<\204C=\320\003:, \326a\034\314!\035\000\000\000\000\321\020\000\000\006\000\000\000\007\314<\244\203;\234\003;\224\003=\240\203<\224C8\220\303\001\000\000\000a \000\000]\000\000\000\023\004A<\f\000\000\000'\000\000\000\"G\310\220Q\006\004\034\000\000\000\000l\000\000\000_ZN6ButtonC2EP12GPIO_TypeDeft13GPIO_PinState\253\250#\027\024\3730\217A\036\b\000\003@\024\004AH\027\200y\340\017\000\000\200q\212p\037\253\000\000\347\021\200b\000\000\343\024\341>\026\363\030\320A\000\000`\234\"\334\307c\036\003;\f\000\000\214S\204\373\230\314cp\007\002\000\200\r\004~\344\207~\354\307\004\001p&\b\3003A\b\240\t\202\020\001#\006\007\000\202`\220<6\376\377\377?\354\370\377\377\377\260\346\377\377\377\303\214A\001\000\367\001\000#\006\007\000\202`\220<5\376\377\377?\350\370\377\377\377\260\346\377\377\377\303\204\0010bp\000 \b\006\311C\343\377\377\377C\216\377\377\377\017k\376\377\377?L\030\000#\006\007\000\202`\220<3\376\377\377?\340\370\377\377\377\260\346\377\377\377\303\204\0010l@\020\303\000\314\030\024\304q\037\000\320y \220d\306\240 \332\340>\000`\330\200\b\206\001\2300\000:\017E\302\314\030\024\304t\037\0000l@\004\203\000L\030\000k\314\030\024Fp\037\000\020\020\003\000\005\000\000\000[\004\300>\266\fD\340\036[\006#x\217-\003\022\300\007\000\000\000\000\000a \000\000<\000\000\000\023\004A<\f\000\000\000\024\000\000\000\"G\310\220Q\006\004\005\020\000\000\000_ZTSM6ButtonFbvE\253\250#\027*\313<\020{@\000\f\000Q\020\004!]\000\356!?\000\000\000\306)\302}\254\002\000\234G\000\212\001\000l\b\360c\203`\013\3661A\000\034\000\000#\006\007\000\202`\22005\376\377\377?\340\370\377\377\377\200\346\377\377\377\303\214A\001\000\367\001\000\024\300\2301(\222\356>\000\240\363 \030\307\214A\221\214\301}\000\000\0051&\f\200\021\003\243\bA00\240!\2301(\022\346>\000\240\363P$\314\214A\221\254\301}\000\000\005\"&\f\200\341\206!\000\203\031\203\"A\203\373\000\200\rf\f\212\244\270\017\000\b\210\001\006\000\000\000[\b\300>\246\374\3302\004\201{l\031\206\340=\266\fF\000\037\000\000\000\000\000\000\000q \000\000\003\000\000\0002\016\020\"\204\000\237\017\030\340\377\000\000\000\000\000e\f\000\0007\000\000\000\022\003\224\260\001\000\000\000\003\000\000\000\212\000\000\000\t\000\000\000L\000\000\000\001\000\000\000X\000\000\000\000\000\000\000X\000\000\000\005\000\000\000\320\000\000\000\000\000\000\000\223\000\000\000\031\000\000\000\254\000\000\000\023\000\000\000,\000\000\000\000\000\000\000\320\000\000\000\000\000\000\000\000\000\000\000\005\000\000\000\000\000\000\000\000\000\000\000,\000\000\000\000\000\000\000,\000\000\000\377\377\377\377\0014\000\000,\000\000\000\024\000\000\000,\000\000\000\024\000\000\000\377\377\377\377\001$\000\000@\000\000\000\020\000\000\000@\000\000\000\020\000\000\000\377\377\377\377\b$\000\000P\000\000\000\016\000\000\000P\000\000\000\016\000\000\000\377\377\377\377\b,\000\000^\000\000\000,\000\000\000^\000\000\000,\000\000\000\377\377\377\377A4\000\000\000\000\000\000]\f\000\0003\000\000\000\022\003\224\177\001\000\000\000_ZN6ButtonC2EP12GPIO_TypeDeft13GPIO_PinState_ZN6Button7pressedEvHAL_GPIO_ReadPinllvm.dbg.value_ZN6ButtonC1EP12GPIO_TypeDeft13GPIO_PinState16.0.0gitthumbv7em-arm-none-eabihfOnboards/Button.cpp\000\000\000\000"
	.size	.Lllvm.embedded.module, 8896

	.section	.debug_abbrev,"",%progbits
	.byte	1                               @ Abbreviation Code
	.byte	17                              @ DW_TAG_compile_unit
	.byte	1                               @ DW_CHILDREN_yes
	.byte	37                              @ DW_AT_producer
	.byte	14                              @ DW_FORM_strp
	.byte	19                              @ DW_AT_language
	.byte	5                               @ DW_FORM_data2
	.byte	3                               @ DW_AT_name
	.byte	14                              @ DW_FORM_strp
	.byte	16                              @ DW_AT_stmt_list
	.byte	23                              @ DW_FORM_sec_offset
	.byte	27                              @ DW_AT_comp_dir
	.byte	14                              @ DW_FORM_strp
	.byte	0                               @ EOM(1)
	.byte	0                               @ EOM(2)
	.byte	2                               @ Abbreviation Code
	.byte	4                               @ DW_TAG_enumeration_type
	.byte	1                               @ DW_CHILDREN_yes
	.byte	73                              @ DW_AT_type
	.byte	19                              @ DW_FORM_ref4
	.byte	11                              @ DW_AT_byte_size
	.byte	11                              @ DW_FORM_data1
	.byte	58                              @ DW_AT_decl_file
	.byte	11                              @ DW_FORM_data1
	.byte	59                              @ DW_AT_decl_line
	.byte	11                              @ DW_FORM_data1
	.byte	0                               @ EOM(1)
	.byte	0                               @ EOM(2)
	.byte	3                               @ Abbreviation Code
	.byte	40                              @ DW_TAG_enumerator
	.byte	0                               @ DW_CHILDREN_no
	.byte	3                               @ DW_AT_name
	.byte	14                              @ DW_FORM_strp
	.byte	28                              @ DW_AT_const_value
	.byte	15                              @ DW_FORM_udata
	.byte	0                               @ EOM(1)
	.byte	0                               @ EOM(2)
	.byte	4                               @ Abbreviation Code
	.byte	36                              @ DW_TAG_base_type
	.byte	0                               @ DW_CHILDREN_no
	.byte	3                               @ DW_AT_name
	.byte	14                              @ DW_FORM_strp
	.byte	62                              @ DW_AT_encoding
	.byte	11                              @ DW_FORM_data1
	.byte	11                              @ DW_AT_byte_size
	.byte	11                              @ DW_FORM_data1
	.byte	0                               @ EOM(1)
	.byte	0                               @ EOM(2)
	.byte	5                               @ Abbreviation Code
	.byte	2                               @ DW_TAG_class_type
	.byte	1                               @ DW_CHILDREN_yes
	.byte	54                              @ DW_AT_calling_convention
	.byte	11                              @ DW_FORM_data1
	.byte	3                               @ DW_AT_name
	.byte	14                              @ DW_FORM_strp
	.byte	11                              @ DW_AT_byte_size
	.byte	11                              @ DW_FORM_data1
	.byte	58                              @ DW_AT_decl_file
	.byte	11                              @ DW_FORM_data1
	.byte	59                              @ DW_AT_decl_line
	.byte	11                              @ DW_FORM_data1
	.byte	0                               @ EOM(1)
	.byte	0                               @ EOM(2)
	.byte	6                               @ Abbreviation Code
	.byte	13                              @ DW_TAG_member
	.byte	0                               @ DW_CHILDREN_no
	.byte	3                               @ DW_AT_name
	.byte	14                              @ DW_FORM_strp
	.byte	73                              @ DW_AT_type
	.byte	19                              @ DW_FORM_ref4
	.byte	58                              @ DW_AT_decl_file
	.byte	11                              @ DW_FORM_data1
	.byte	59                              @ DW_AT_decl_line
	.byte	11                              @ DW_FORM_data1
	.byte	56                              @ DW_AT_data_member_location
	.byte	11                              @ DW_FORM_data1
	.byte	0                               @ EOM(1)
	.byte	0                               @ EOM(2)
	.byte	7                               @ Abbreviation Code
	.byte	46                              @ DW_TAG_subprogram
	.byte	1                               @ DW_CHILDREN_yes
	.byte	3                               @ DW_AT_name
	.byte	14                              @ DW_FORM_strp
	.byte	58                              @ DW_AT_decl_file
	.byte	11                              @ DW_FORM_data1
	.byte	59                              @ DW_AT_decl_line
	.byte	11                              @ DW_FORM_data1
	.byte	60                              @ DW_AT_declaration
	.byte	25                              @ DW_FORM_flag_present
	.byte	63                              @ DW_AT_external
	.byte	25                              @ DW_FORM_flag_present
	.byte	50                              @ DW_AT_accessibility
	.byte	11                              @ DW_FORM_data1
	.byte	0                               @ EOM(1)
	.byte	0                               @ EOM(2)
	.byte	8                               @ Abbreviation Code
	.byte	5                               @ DW_TAG_formal_parameter
	.byte	0                               @ DW_CHILDREN_no
	.byte	73                              @ DW_AT_type
	.byte	19                              @ DW_FORM_ref4
	.byte	52                              @ DW_AT_artificial
	.byte	25                              @ DW_FORM_flag_present
	.byte	0                               @ EOM(1)
	.byte	0                               @ EOM(2)
	.byte	9                               @ Abbreviation Code
	.byte	5                               @ DW_TAG_formal_parameter
	.byte	0                               @ DW_CHILDREN_no
	.byte	73                              @ DW_AT_type
	.byte	19                              @ DW_FORM_ref4
	.byte	0                               @ EOM(1)
	.byte	0                               @ EOM(2)
	.byte	10                              @ Abbreviation Code
	.byte	46                              @ DW_TAG_subprogram
	.byte	1                               @ DW_CHILDREN_yes
	.byte	110                             @ DW_AT_linkage_name
	.byte	14                              @ DW_FORM_strp
	.byte	3                               @ DW_AT_name
	.byte	14                              @ DW_FORM_strp
	.byte	58                              @ DW_AT_decl_file
	.byte	11                              @ DW_FORM_data1
	.byte	59                              @ DW_AT_decl_line
	.byte	11                              @ DW_FORM_data1
	.byte	73                              @ DW_AT_type
	.byte	19                              @ DW_FORM_ref4
	.byte	60                              @ DW_AT_declaration
	.byte	25                              @ DW_FORM_flag_present
	.byte	63                              @ DW_AT_external
	.byte	25                              @ DW_FORM_flag_present
	.byte	50                              @ DW_AT_accessibility
	.byte	11                              @ DW_FORM_data1
	.byte	0                               @ EOM(1)
	.byte	0                               @ EOM(2)
	.byte	11                              @ Abbreviation Code
	.byte	15                              @ DW_TAG_pointer_type
	.byte	0                               @ DW_CHILDREN_no
	.byte	73                              @ DW_AT_type
	.byte	19                              @ DW_FORM_ref4
	.byte	0                               @ EOM(1)
	.byte	0                               @ EOM(2)
	.byte	12                              @ Abbreviation Code
	.byte	22                              @ DW_TAG_typedef
	.byte	0                               @ DW_CHILDREN_no
	.byte	73                              @ DW_AT_type
	.byte	19                              @ DW_FORM_ref4
	.byte	3                               @ DW_AT_name
	.byte	14                              @ DW_FORM_strp
	.byte	58                              @ DW_AT_decl_file
	.byte	11                              @ DW_FORM_data1
	.byte	59                              @ DW_AT_decl_line
	.byte	5                               @ DW_FORM_data2
	.byte	0                               @ EOM(1)
	.byte	0                               @ EOM(2)
	.byte	13                              @ Abbreviation Code
	.byte	19                              @ DW_TAG_structure_type
	.byte	0                               @ DW_CHILDREN_no
	.byte	60                              @ DW_AT_declaration
	.byte	25                              @ DW_FORM_flag_present
	.byte	0                               @ EOM(1)
	.byte	0                               @ EOM(2)
	.byte	14                              @ Abbreviation Code
	.byte	22                              @ DW_TAG_typedef
	.byte	0                               @ DW_CHILDREN_no
	.byte	73                              @ DW_AT_type
	.byte	19                              @ DW_FORM_ref4
	.byte	3                               @ DW_AT_name
	.byte	14                              @ DW_FORM_strp
	.byte	58                              @ DW_AT_decl_file
	.byte	11                              @ DW_FORM_data1
	.byte	59                              @ DW_AT_decl_line
	.byte	11                              @ DW_FORM_data1
	.byte	0                               @ EOM(1)
	.byte	0                               @ EOM(2)
	.byte	15                              @ Abbreviation Code
	.byte	8                               @ DW_TAG_imported_declaration
	.byte	0                               @ DW_CHILDREN_no
	.byte	58                              @ DW_AT_decl_file
	.byte	11                              @ DW_FORM_data1
	.byte	59                              @ DW_AT_decl_line
	.byte	5                               @ DW_FORM_data2
	.byte	24                              @ DW_AT_import
	.byte	19                              @ DW_FORM_ref4
	.byte	0                               @ EOM(1)
	.byte	0                               @ EOM(2)
	.byte	16                              @ Abbreviation Code
	.byte	8                               @ DW_TAG_imported_declaration
	.byte	0                               @ DW_CHILDREN_no
	.byte	58                              @ DW_AT_decl_file
	.byte	11                              @ DW_FORM_data1
	.byte	59                              @ DW_AT_decl_line
	.byte	11                              @ DW_FORM_data1
	.byte	24                              @ DW_AT_import
	.byte	19                              @ DW_FORM_ref4
	.byte	0                               @ EOM(1)
	.byte	0                               @ EOM(2)
	.byte	17                              @ Abbreviation Code
	.byte	57                              @ DW_TAG_namespace
	.byte	1                               @ DW_CHILDREN_yes
	.byte	3                               @ DW_AT_name
	.byte	14                              @ DW_FORM_strp
	.byte	0                               @ EOM(1)
	.byte	0                               @ EOM(2)
	.byte	18                              @ Abbreviation Code
	.byte	57                              @ DW_TAG_namespace
	.byte	1                               @ DW_CHILDREN_yes
	.byte	3                               @ DW_AT_name
	.byte	14                              @ DW_FORM_strp
	.ascii	"\211\001"                      @ DW_AT_export_symbols
	.byte	25                              @ DW_FORM_flag_present
	.byte	0                               @ EOM(1)
	.byte	0                               @ EOM(2)
	.byte	0                               @ EOM(3)
	.section	.debug_info,"",%progbits
.Lcu_begin0:
	.long	.Ldebug_info_end0-.Ldebug_info_start0 @ Length of Unit
.Ldebug_info_start0:
	.short	4                               @ DWARF version number
	.long	.debug_abbrev                   @ Offset Into Abbrev. Section
	.byte	4                               @ Address Size (in bytes)
	.byte	1                               @ Abbrev [1] 0xb:0x40c DW_TAG_compile_unit
	.long	.Linfo_string0                  @ DW_AT_producer
	.short	26                              @ DW_AT_language
	.long	.Linfo_string1                  @ DW_AT_name
	.long	.Lline_table_start0             @ DW_AT_stmt_list
	.long	.Linfo_string2                  @ DW_AT_comp_dir
	.byte	2                               @ Abbrev [2] 0x1e:0x15 DW_TAG_enumeration_type
	.long	51                              @ DW_AT_type
	.byte	1                               @ DW_AT_byte_size
	.byte	1                               @ DW_AT_decl_file
	.byte	68                              @ DW_AT_decl_line
	.byte	3                               @ Abbrev [3] 0x26:0x6 DW_TAG_enumerator
	.long	.Linfo_string4                  @ DW_AT_name
	.byte	0                               @ DW_AT_const_value
	.byte	3                               @ Abbrev [3] 0x2c:0x6 DW_TAG_enumerator
	.long	.Linfo_string5                  @ DW_AT_name
	.byte	1                               @ DW_AT_const_value
	.byte	0                               @ End Of Children Mark
	.byte	4                               @ Abbrev [4] 0x33:0x7 DW_TAG_base_type
	.long	.Linfo_string3                  @ DW_AT_name
	.byte	8                               @ DW_AT_encoding
	.byte	1                               @ DW_AT_byte_size
	.byte	5                               @ Abbrev [5] 0x3a:0x61 DW_TAG_class_type
	.byte	5                               @ DW_AT_calling_convention
	.long	.Linfo_string13                 @ DW_AT_name
	.byte	8                               @ DW_AT_byte_size
	.byte	3                               @ DW_AT_decl_file
	.byte	6                               @ DW_AT_decl_line
	.byte	6                               @ Abbrev [6] 0x43:0xc DW_TAG_member
	.long	.Linfo_string6                  @ DW_AT_name
	.long	155                             @ DW_AT_type
	.byte	3                               @ DW_AT_decl_file
	.byte	8                               @ DW_AT_decl_line
	.byte	0                               @ DW_AT_data_member_location
	.byte	6                               @ Abbrev [6] 0x4f:0xc DW_TAG_member
	.long	.Linfo_string8                  @ DW_AT_name
	.long	173                             @ DW_AT_type
	.byte	3                               @ DW_AT_decl_file
	.byte	9                               @ DW_AT_decl_line
	.byte	4                               @ DW_AT_data_member_location
	.byte	6                               @ Abbrev [6] 0x5b:0xc DW_TAG_member
	.long	.Linfo_string11                 @ DW_AT_name
	.long	191                             @ DW_AT_type
	.byte	3                               @ DW_AT_decl_file
	.byte	10                              @ DW_AT_decl_line
	.byte	6                               @ DW_AT_data_member_location
	.byte	7                               @ Abbrev [7] 0x67:0x1d DW_TAG_subprogram
	.long	.Linfo_string13                 @ DW_AT_name
	.byte	3                               @ DW_AT_decl_file
	.byte	13                              @ DW_AT_decl_line
                                        @ DW_AT_declaration
                                        @ DW_AT_external
	.byte	1                               @ DW_AT_accessibility
                                        @ DW_ACCESS_public
	.byte	8                               @ Abbrev [8] 0x6f:0x5 DW_TAG_formal_parameter
	.long	202                             @ DW_AT_type
                                        @ DW_AT_artificial
	.byte	9                               @ Abbrev [9] 0x74:0x5 DW_TAG_formal_parameter
	.long	155                             @ DW_AT_type
	.byte	9                               @ Abbrev [9] 0x79:0x5 DW_TAG_formal_parameter
	.long	173                             @ DW_AT_type
	.byte	9                               @ Abbrev [9] 0x7e:0x5 DW_TAG_formal_parameter
	.long	191                             @ DW_AT_type
	.byte	0                               @ End Of Children Mark
	.byte	10                              @ Abbrev [10] 0x84:0x16 DW_TAG_subprogram
	.long	.Linfo_string14                 @ DW_AT_linkage_name
	.long	.Linfo_string15                 @ DW_AT_name
	.byte	3                               @ DW_AT_decl_file
	.byte	14                              @ DW_AT_decl_line
	.long	207                             @ DW_AT_type
                                        @ DW_AT_declaration
                                        @ DW_AT_external
	.byte	1                               @ DW_AT_accessibility
                                        @ DW_ACCESS_public
	.byte	8                               @ Abbrev [8] 0x94:0x5 DW_TAG_formal_parameter
	.long	202                             @ DW_AT_type
                                        @ DW_AT_artificial
	.byte	0                               @ End Of Children Mark
	.byte	0                               @ End Of Children Mark
	.byte	11                              @ Abbrev [11] 0x9b:0x5 DW_TAG_pointer_type
	.long	160                             @ DW_AT_type
	.byte	12                              @ Abbrev [12] 0xa0:0xc DW_TAG_typedef
	.long	172                             @ DW_AT_type
	.long	.Linfo_string7                  @ DW_AT_name
	.byte	2                               @ DW_AT_decl_file
	.short	476                             @ DW_AT_decl_line
	.byte	13                              @ Abbrev [13] 0xac:0x1 DW_TAG_structure_type
                                        @ DW_AT_declaration
	.byte	14                              @ Abbrev [14] 0xad:0xb DW_TAG_typedef
	.long	184                             @ DW_AT_type
	.long	.Linfo_string10                 @ DW_AT_name
	.byte	4                               @ DW_AT_decl_file
	.byte	63                              @ DW_AT_decl_line
	.byte	4                               @ Abbrev [4] 0xb8:0x7 DW_TAG_base_type
	.long	.Linfo_string9                  @ DW_AT_name
	.byte	7                               @ DW_AT_encoding
	.byte	2                               @ DW_AT_byte_size
	.byte	14                              @ Abbrev [14] 0xbf:0xb DW_TAG_typedef
	.long	30                              @ DW_AT_type
	.long	.Linfo_string12                 @ DW_AT_name
	.byte	1                               @ DW_AT_decl_file
	.byte	72                              @ DW_AT_decl_line
	.byte	11                              @ Abbrev [11] 0xca:0x5 DW_TAG_pointer_type
	.long	58                              @ DW_AT_type
	.byte	4                               @ Abbrev [4] 0xcf:0x7 DW_TAG_base_type
	.long	.Linfo_string16                 @ DW_AT_name
	.byte	2                               @ DW_AT_encoding
	.byte	1                               @ DW_AT_byte_size
	.byte	14                              @ Abbrev [14] 0xd6:0xb DW_TAG_typedef
	.long	225                             @ DW_AT_type
	.long	.Linfo_string18                 @ DW_AT_name
	.byte	4                               @ DW_AT_decl_file
	.byte	56                              @ DW_AT_decl_line
	.byte	4                               @ Abbrev [4] 0xe1:0x7 DW_TAG_base_type
	.long	.Linfo_string17                 @ DW_AT_name
	.byte	6                               @ DW_AT_encoding
	.byte	1                               @ DW_AT_byte_size
	.byte	15                              @ Abbrev [15] 0xe8:0x8 DW_TAG_imported_declaration
	.byte	4                               @ DW_AT_decl_file
	.short	275                             @ DW_AT_decl_line
	.long	214                             @ DW_AT_import
	.byte	14                              @ Abbrev [14] 0xf0:0xb DW_TAG_typedef
	.long	251                             @ DW_AT_type
	.long	.Linfo_string20                 @ DW_AT_name
	.byte	4                               @ DW_AT_decl_file
	.byte	57                              @ DW_AT_decl_line
	.byte	4                               @ Abbrev [4] 0xfb:0x7 DW_TAG_base_type
	.long	.Linfo_string19                 @ DW_AT_name
	.byte	5                               @ DW_AT_encoding
	.byte	2                               @ DW_AT_byte_size
	.byte	15                              @ Abbrev [15] 0x102:0x8 DW_TAG_imported_declaration
	.byte	4                               @ DW_AT_decl_file
	.short	276                             @ DW_AT_decl_line
	.long	240                             @ DW_AT_import
	.byte	14                              @ Abbrev [14] 0x10a:0xb DW_TAG_typedef
	.long	277                             @ DW_AT_type
	.long	.Linfo_string22                 @ DW_AT_name
	.byte	4                               @ DW_AT_decl_file
	.byte	58                              @ DW_AT_decl_line
	.byte	4                               @ Abbrev [4] 0x115:0x7 DW_TAG_base_type
	.long	.Linfo_string21                 @ DW_AT_name
	.byte	5                               @ DW_AT_encoding
	.byte	4                               @ DW_AT_byte_size
	.byte	15                              @ Abbrev [15] 0x11c:0x8 DW_TAG_imported_declaration
	.byte	4                               @ DW_AT_decl_file
	.short	277                             @ DW_AT_decl_line
	.long	266                             @ DW_AT_import
	.byte	14                              @ Abbrev [14] 0x124:0xb DW_TAG_typedef
	.long	303                             @ DW_AT_type
	.long	.Linfo_string24                 @ DW_AT_name
	.byte	4                               @ DW_AT_decl_file
	.byte	59                              @ DW_AT_decl_line
	.byte	4                               @ Abbrev [4] 0x12f:0x7 DW_TAG_base_type
	.long	.Linfo_string23                 @ DW_AT_name
	.byte	5                               @ DW_AT_encoding
	.byte	8                               @ DW_AT_byte_size
	.byte	15                              @ Abbrev [15] 0x136:0x8 DW_TAG_imported_declaration
	.byte	4                               @ DW_AT_decl_file
	.short	278                             @ DW_AT_decl_line
	.long	292                             @ DW_AT_import
	.byte	14                              @ Abbrev [14] 0x13e:0xb DW_TAG_typedef
	.long	51                              @ DW_AT_type
	.long	.Linfo_string25                 @ DW_AT_name
	.byte	4                               @ DW_AT_decl_file
	.byte	62                              @ DW_AT_decl_line
	.byte	15                              @ Abbrev [15] 0x149:0x8 DW_TAG_imported_declaration
	.byte	4                               @ DW_AT_decl_file
	.short	279                             @ DW_AT_decl_line
	.long	318                             @ DW_AT_import
	.byte	15                              @ Abbrev [15] 0x151:0x8 DW_TAG_imported_declaration
	.byte	4                               @ DW_AT_decl_file
	.short	280                             @ DW_AT_decl_line
	.long	173                             @ DW_AT_import
	.byte	14                              @ Abbrev [14] 0x159:0xb DW_TAG_typedef
	.long	356                             @ DW_AT_type
	.long	.Linfo_string27                 @ DW_AT_name
	.byte	4                               @ DW_AT_decl_file
	.byte	64                              @ DW_AT_decl_line
	.byte	4                               @ Abbrev [4] 0x164:0x7 DW_TAG_base_type
	.long	.Linfo_string26                 @ DW_AT_name
	.byte	7                               @ DW_AT_encoding
	.byte	4                               @ DW_AT_byte_size
	.byte	15                              @ Abbrev [15] 0x16b:0x8 DW_TAG_imported_declaration
	.byte	4                               @ DW_AT_decl_file
	.short	281                             @ DW_AT_decl_line
	.long	345                             @ DW_AT_import
	.byte	14                              @ Abbrev [14] 0x173:0xb DW_TAG_typedef
	.long	382                             @ DW_AT_type
	.long	.Linfo_string29                 @ DW_AT_name
	.byte	4                               @ DW_AT_decl_file
	.byte	65                              @ DW_AT_decl_line
	.byte	4                               @ Abbrev [4] 0x17e:0x7 DW_TAG_base_type
	.long	.Linfo_string28                 @ DW_AT_name
	.byte	7                               @ DW_AT_encoding
	.byte	8                               @ DW_AT_byte_size
	.byte	15                              @ Abbrev [15] 0x185:0x8 DW_TAG_imported_declaration
	.byte	4                               @ DW_AT_decl_file
	.short	282                             @ DW_AT_decl_line
	.long	371                             @ DW_AT_import
	.byte	14                              @ Abbrev [14] 0x18d:0xb DW_TAG_typedef
	.long	225                             @ DW_AT_type
	.long	.Linfo_string30                 @ DW_AT_name
	.byte	4                               @ DW_AT_decl_file
	.byte	71                              @ DW_AT_decl_line
	.byte	15                              @ Abbrev [15] 0x198:0x8 DW_TAG_imported_declaration
	.byte	4                               @ DW_AT_decl_file
	.short	283                             @ DW_AT_decl_line
	.long	397                             @ DW_AT_import
	.byte	14                              @ Abbrev [14] 0x1a0:0xb DW_TAG_typedef
	.long	251                             @ DW_AT_type
	.long	.Linfo_string31                 @ DW_AT_name
	.byte	4                               @ DW_AT_decl_file
	.byte	72                              @ DW_AT_decl_line
	.byte	15                              @ Abbrev [15] 0x1ab:0x8 DW_TAG_imported_declaration
	.byte	4                               @ DW_AT_decl_file
	.short	284                             @ DW_AT_decl_line
	.long	416                             @ DW_AT_import
	.byte	14                              @ Abbrev [14] 0x1b3:0xb DW_TAG_typedef
	.long	277                             @ DW_AT_type
	.long	.Linfo_string32                 @ DW_AT_name
	.byte	4                               @ DW_AT_decl_file
	.byte	73                              @ DW_AT_decl_line
	.byte	15                              @ Abbrev [15] 0x1be:0x8 DW_TAG_imported_declaration
	.byte	4                               @ DW_AT_decl_file
	.short	285                             @ DW_AT_decl_line
	.long	435                             @ DW_AT_import
	.byte	14                              @ Abbrev [14] 0x1c6:0xb DW_TAG_typedef
	.long	303                             @ DW_AT_type
	.long	.Linfo_string33                 @ DW_AT_name
	.byte	4                               @ DW_AT_decl_file
	.byte	74                              @ DW_AT_decl_line
	.byte	15                              @ Abbrev [15] 0x1d1:0x8 DW_TAG_imported_declaration
	.byte	4                               @ DW_AT_decl_file
	.short	286                             @ DW_AT_decl_line
	.long	454                             @ DW_AT_import
	.byte	14                              @ Abbrev [14] 0x1d9:0xb DW_TAG_typedef
	.long	51                              @ DW_AT_type
	.long	.Linfo_string34                 @ DW_AT_name
	.byte	4                               @ DW_AT_decl_file
	.byte	77                              @ DW_AT_decl_line
	.byte	15                              @ Abbrev [15] 0x1e4:0x8 DW_TAG_imported_declaration
	.byte	4                               @ DW_AT_decl_file
	.short	287                             @ DW_AT_decl_line
	.long	473                             @ DW_AT_import
	.byte	14                              @ Abbrev [14] 0x1ec:0xb DW_TAG_typedef
	.long	184                             @ DW_AT_type
	.long	.Linfo_string35                 @ DW_AT_name
	.byte	4                               @ DW_AT_decl_file
	.byte	78                              @ DW_AT_decl_line
	.byte	15                              @ Abbrev [15] 0x1f7:0x8 DW_TAG_imported_declaration
	.byte	4                               @ DW_AT_decl_file
	.short	288                             @ DW_AT_decl_line
	.long	492                             @ DW_AT_import
	.byte	14                              @ Abbrev [14] 0x1ff:0xb DW_TAG_typedef
	.long	356                             @ DW_AT_type
	.long	.Linfo_string36                 @ DW_AT_name
	.byte	4                               @ DW_AT_decl_file
	.byte	79                              @ DW_AT_decl_line
	.byte	15                              @ Abbrev [15] 0x20a:0x8 DW_TAG_imported_declaration
	.byte	4                               @ DW_AT_decl_file
	.short	289                             @ DW_AT_decl_line
	.long	511                             @ DW_AT_import
	.byte	14                              @ Abbrev [14] 0x212:0xb DW_TAG_typedef
	.long	382                             @ DW_AT_type
	.long	.Linfo_string37                 @ DW_AT_name
	.byte	4                               @ DW_AT_decl_file
	.byte	80                              @ DW_AT_decl_line
	.byte	15                              @ Abbrev [15] 0x21d:0x8 DW_TAG_imported_declaration
	.byte	4                               @ DW_AT_decl_file
	.short	290                             @ DW_AT_decl_line
	.long	530                             @ DW_AT_import
	.byte	14                              @ Abbrev [14] 0x225:0xb DW_TAG_typedef
	.long	277                             @ DW_AT_type
	.long	.Linfo_string38                 @ DW_AT_name
	.byte	4                               @ DW_AT_decl_file
	.byte	85                              @ DW_AT_decl_line
	.byte	15                              @ Abbrev [15] 0x230:0x8 DW_TAG_imported_declaration
	.byte	4                               @ DW_AT_decl_file
	.short	291                             @ DW_AT_decl_line
	.long	549                             @ DW_AT_import
	.byte	14                              @ Abbrev [14] 0x238:0xb DW_TAG_typedef
	.long	277                             @ DW_AT_type
	.long	.Linfo_string39                 @ DW_AT_name
	.byte	4                               @ DW_AT_decl_file
	.byte	86                              @ DW_AT_decl_line
	.byte	15                              @ Abbrev [15] 0x243:0x8 DW_TAG_imported_declaration
	.byte	4                               @ DW_AT_decl_file
	.short	292                             @ DW_AT_decl_line
	.long	568                             @ DW_AT_import
	.byte	14                              @ Abbrev [14] 0x24b:0xb DW_TAG_typedef
	.long	277                             @ DW_AT_type
	.long	.Linfo_string40                 @ DW_AT_name
	.byte	4                               @ DW_AT_decl_file
	.byte	87                              @ DW_AT_decl_line
	.byte	15                              @ Abbrev [15] 0x256:0x8 DW_TAG_imported_declaration
	.byte	4                               @ DW_AT_decl_file
	.short	293                             @ DW_AT_decl_line
	.long	587                             @ DW_AT_import
	.byte	14                              @ Abbrev [14] 0x25e:0xb DW_TAG_typedef
	.long	303                             @ DW_AT_type
	.long	.Linfo_string41                 @ DW_AT_name
	.byte	4                               @ DW_AT_decl_file
	.byte	88                              @ DW_AT_decl_line
	.byte	15                              @ Abbrev [15] 0x269:0x8 DW_TAG_imported_declaration
	.byte	4                               @ DW_AT_decl_file
	.short	294                             @ DW_AT_decl_line
	.long	606                             @ DW_AT_import
	.byte	14                              @ Abbrev [14] 0x271:0xb DW_TAG_typedef
	.long	356                             @ DW_AT_type
	.long	.Linfo_string42                 @ DW_AT_name
	.byte	4                               @ DW_AT_decl_file
	.byte	91                              @ DW_AT_decl_line
	.byte	15                              @ Abbrev [15] 0x27c:0x8 DW_TAG_imported_declaration
	.byte	4                               @ DW_AT_decl_file
	.short	295                             @ DW_AT_decl_line
	.long	625                             @ DW_AT_import
	.byte	14                              @ Abbrev [14] 0x284:0xb DW_TAG_typedef
	.long	356                             @ DW_AT_type
	.long	.Linfo_string43                 @ DW_AT_name
	.byte	4                               @ DW_AT_decl_file
	.byte	92                              @ DW_AT_decl_line
	.byte	15                              @ Abbrev [15] 0x28f:0x8 DW_TAG_imported_declaration
	.byte	4                               @ DW_AT_decl_file
	.short	296                             @ DW_AT_decl_line
	.long	644                             @ DW_AT_import
	.byte	14                              @ Abbrev [14] 0x297:0xb DW_TAG_typedef
	.long	356                             @ DW_AT_type
	.long	.Linfo_string44                 @ DW_AT_name
	.byte	4                               @ DW_AT_decl_file
	.byte	93                              @ DW_AT_decl_line
	.byte	15                              @ Abbrev [15] 0x2a2:0x8 DW_TAG_imported_declaration
	.byte	4                               @ DW_AT_decl_file
	.short	297                             @ DW_AT_decl_line
	.long	663                             @ DW_AT_import
	.byte	14                              @ Abbrev [14] 0x2aa:0xb DW_TAG_typedef
	.long	382                             @ DW_AT_type
	.long	.Linfo_string45                 @ DW_AT_name
	.byte	4                               @ DW_AT_decl_file
	.byte	94                              @ DW_AT_decl_line
	.byte	15                              @ Abbrev [15] 0x2b5:0x8 DW_TAG_imported_declaration
	.byte	4                               @ DW_AT_decl_file
	.short	298                             @ DW_AT_decl_line
	.long	682                             @ DW_AT_import
	.byte	14                              @ Abbrev [14] 0x2bd:0xb DW_TAG_typedef
	.long	277                             @ DW_AT_type
	.long	.Linfo_string46                 @ DW_AT_name
	.byte	4                               @ DW_AT_decl_file
	.byte	101                             @ DW_AT_decl_line
	.byte	15                              @ Abbrev [15] 0x2c8:0x8 DW_TAG_imported_declaration
	.byte	4                               @ DW_AT_decl_file
	.short	299                             @ DW_AT_decl_line
	.long	701                             @ DW_AT_import
	.byte	14                              @ Abbrev [14] 0x2d0:0xb DW_TAG_typedef
	.long	356                             @ DW_AT_type
	.long	.Linfo_string47                 @ DW_AT_name
	.byte	4                               @ DW_AT_decl_file
	.byte	102                             @ DW_AT_decl_line
	.byte	15                              @ Abbrev [15] 0x2db:0x8 DW_TAG_imported_declaration
	.byte	4                               @ DW_AT_decl_file
	.short	300                             @ DW_AT_decl_line
	.long	720                             @ DW_AT_import
	.byte	14                              @ Abbrev [14] 0x2e3:0xb DW_TAG_typedef
	.long	303                             @ DW_AT_type
	.long	.Linfo_string48                 @ DW_AT_name
	.byte	4                               @ DW_AT_decl_file
	.byte	106                             @ DW_AT_decl_line
	.byte	15                              @ Abbrev [15] 0x2ee:0x8 DW_TAG_imported_declaration
	.byte	4                               @ DW_AT_decl_file
	.short	301                             @ DW_AT_decl_line
	.long	739                             @ DW_AT_import
	.byte	14                              @ Abbrev [14] 0x2f6:0xb DW_TAG_typedef
	.long	382                             @ DW_AT_type
	.long	.Linfo_string49                 @ DW_AT_name
	.byte	4                               @ DW_AT_decl_file
	.byte	107                             @ DW_AT_decl_line
	.byte	15                              @ Abbrev [15] 0x301:0x8 DW_TAG_imported_declaration
	.byte	4                               @ DW_AT_decl_file
	.short	302                             @ DW_AT_decl_line
	.long	758                             @ DW_AT_import
	.byte	14                              @ Abbrev [14] 0x309:0xb DW_TAG_typedef
	.long	356                             @ DW_AT_type
	.long	.Linfo_string50                 @ DW_AT_name
	.byte	5                               @ DW_AT_decl_file
	.byte	46                              @ DW_AT_decl_line
	.byte	16                              @ Abbrev [16] 0x314:0x7 DW_TAG_imported_declaration
	.byte	5                               @ DW_AT_decl_file
	.byte	107                             @ DW_AT_decl_line
	.long	777                             @ DW_AT_import
	.byte	14                              @ Abbrev [14] 0x31b:0xb DW_TAG_typedef
	.long	277                             @ DW_AT_type
	.long	.Linfo_string51                 @ DW_AT_name
	.byte	5                               @ DW_AT_decl_file
	.byte	38                              @ DW_AT_decl_line
	.byte	16                              @ Abbrev [16] 0x326:0x7 DW_TAG_imported_declaration
	.byte	5                               @ DW_AT_decl_file
	.byte	108                             @ DW_AT_decl_line
	.long	795                             @ DW_AT_import
	.byte	14                              @ Abbrev [14] 0x32d:0xb DW_TAG_typedef
	.long	824                             @ DW_AT_type
	.long	.Linfo_string53                 @ DW_AT_name
	.byte	5                               @ DW_AT_decl_file
	.byte	95                              @ DW_AT_decl_line
	.byte	4                               @ Abbrev [4] 0x338:0x7 DW_TAG_base_type
	.long	.Linfo_string52                 @ DW_AT_name
	.byte	4                               @ DW_AT_encoding
	.byte	8                               @ DW_AT_byte_size
	.byte	16                              @ Abbrev [16] 0x33f:0x7 DW_TAG_imported_declaration
	.byte	5                               @ DW_AT_decl_file
	.byte	110                             @ DW_AT_decl_line
	.long	813                             @ DW_AT_import
	.byte	17                              @ Abbrev [17] 0x346:0xd0 DW_TAG_namespace
	.long	.Linfo_string54                 @ DW_AT_name
	.byte	18                              @ Abbrev [18] 0x34b:0xca DW_TAG_namespace
	.long	.Linfo_string55                 @ DW_AT_name
                                        @ DW_AT_export_symbols
	.byte	16                              @ Abbrev [16] 0x350:0x7 DW_TAG_imported_declaration
	.byte	6                               @ DW_AT_decl_file
	.byte	162                             @ DW_AT_decl_line
	.long	214                             @ DW_AT_import
	.byte	16                              @ Abbrev [16] 0x357:0x7 DW_TAG_imported_declaration
	.byte	6                               @ DW_AT_decl_file
	.byte	163                             @ DW_AT_decl_line
	.long	240                             @ DW_AT_import
	.byte	16                              @ Abbrev [16] 0x35e:0x7 DW_TAG_imported_declaration
	.byte	6                               @ DW_AT_decl_file
	.byte	164                             @ DW_AT_decl_line
	.long	266                             @ DW_AT_import
	.byte	16                              @ Abbrev [16] 0x365:0x7 DW_TAG_imported_declaration
	.byte	6                               @ DW_AT_decl_file
	.byte	165                             @ DW_AT_decl_line
	.long	292                             @ DW_AT_import
	.byte	16                              @ Abbrev [16] 0x36c:0x7 DW_TAG_imported_declaration
	.byte	6                               @ DW_AT_decl_file
	.byte	167                             @ DW_AT_decl_line
	.long	318                             @ DW_AT_import
	.byte	16                              @ Abbrev [16] 0x373:0x7 DW_TAG_imported_declaration
	.byte	6                               @ DW_AT_decl_file
	.byte	168                             @ DW_AT_decl_line
	.long	173                             @ DW_AT_import
	.byte	16                              @ Abbrev [16] 0x37a:0x7 DW_TAG_imported_declaration
	.byte	6                               @ DW_AT_decl_file
	.byte	169                             @ DW_AT_decl_line
	.long	345                             @ DW_AT_import
	.byte	16                              @ Abbrev [16] 0x381:0x7 DW_TAG_imported_declaration
	.byte	6                               @ DW_AT_decl_file
	.byte	170                             @ DW_AT_decl_line
	.long	371                             @ DW_AT_import
	.byte	16                              @ Abbrev [16] 0x388:0x7 DW_TAG_imported_declaration
	.byte	6                               @ DW_AT_decl_file
	.byte	172                             @ DW_AT_decl_line
	.long	397                             @ DW_AT_import
	.byte	16                              @ Abbrev [16] 0x38f:0x7 DW_TAG_imported_declaration
	.byte	6                               @ DW_AT_decl_file
	.byte	173                             @ DW_AT_decl_line
	.long	416                             @ DW_AT_import
	.byte	16                              @ Abbrev [16] 0x396:0x7 DW_TAG_imported_declaration
	.byte	6                               @ DW_AT_decl_file
	.byte	174                             @ DW_AT_decl_line
	.long	435                             @ DW_AT_import
	.byte	16                              @ Abbrev [16] 0x39d:0x7 DW_TAG_imported_declaration
	.byte	6                               @ DW_AT_decl_file
	.byte	175                             @ DW_AT_decl_line
	.long	454                             @ DW_AT_import
	.byte	16                              @ Abbrev [16] 0x3a4:0x7 DW_TAG_imported_declaration
	.byte	6                               @ DW_AT_decl_file
	.byte	177                             @ DW_AT_decl_line
	.long	473                             @ DW_AT_import
	.byte	16                              @ Abbrev [16] 0x3ab:0x7 DW_TAG_imported_declaration
	.byte	6                               @ DW_AT_decl_file
	.byte	178                             @ DW_AT_decl_line
	.long	492                             @ DW_AT_import
	.byte	16                              @ Abbrev [16] 0x3b2:0x7 DW_TAG_imported_declaration
	.byte	6                               @ DW_AT_decl_file
	.byte	179                             @ DW_AT_decl_line
	.long	511                             @ DW_AT_import
	.byte	16                              @ Abbrev [16] 0x3b9:0x7 DW_TAG_imported_declaration
	.byte	6                               @ DW_AT_decl_file
	.byte	180                             @ DW_AT_decl_line
	.long	530                             @ DW_AT_import
	.byte	16                              @ Abbrev [16] 0x3c0:0x7 DW_TAG_imported_declaration
	.byte	6                               @ DW_AT_decl_file
	.byte	182                             @ DW_AT_decl_line
	.long	549                             @ DW_AT_import
	.byte	16                              @ Abbrev [16] 0x3c7:0x7 DW_TAG_imported_declaration
	.byte	6                               @ DW_AT_decl_file
	.byte	183                             @ DW_AT_decl_line
	.long	568                             @ DW_AT_import
	.byte	16                              @ Abbrev [16] 0x3ce:0x7 DW_TAG_imported_declaration
	.byte	6                               @ DW_AT_decl_file
	.byte	184                             @ DW_AT_decl_line
	.long	587                             @ DW_AT_import
	.byte	16                              @ Abbrev [16] 0x3d5:0x7 DW_TAG_imported_declaration
	.byte	6                               @ DW_AT_decl_file
	.byte	185                             @ DW_AT_decl_line
	.long	606                             @ DW_AT_import
	.byte	16                              @ Abbrev [16] 0x3dc:0x7 DW_TAG_imported_declaration
	.byte	6                               @ DW_AT_decl_file
	.byte	187                             @ DW_AT_decl_line
	.long	625                             @ DW_AT_import
	.byte	16                              @ Abbrev [16] 0x3e3:0x7 DW_TAG_imported_declaration
	.byte	6                               @ DW_AT_decl_file
	.byte	188                             @ DW_AT_decl_line
	.long	644                             @ DW_AT_import
	.byte	16                              @ Abbrev [16] 0x3ea:0x7 DW_TAG_imported_declaration
	.byte	6                               @ DW_AT_decl_file
	.byte	189                             @ DW_AT_decl_line
	.long	663                             @ DW_AT_import
	.byte	16                              @ Abbrev [16] 0x3f1:0x7 DW_TAG_imported_declaration
	.byte	6                               @ DW_AT_decl_file
	.byte	190                             @ DW_AT_decl_line
	.long	682                             @ DW_AT_import
	.byte	16                              @ Abbrev [16] 0x3f8:0x7 DW_TAG_imported_declaration
	.byte	6                               @ DW_AT_decl_file
	.byte	192                             @ DW_AT_decl_line
	.long	701                             @ DW_AT_import
	.byte	16                              @ Abbrev [16] 0x3ff:0x7 DW_TAG_imported_declaration
	.byte	6                               @ DW_AT_decl_file
	.byte	193                             @ DW_AT_decl_line
	.long	720                             @ DW_AT_import
	.byte	16                              @ Abbrev [16] 0x406:0x7 DW_TAG_imported_declaration
	.byte	6                               @ DW_AT_decl_file
	.byte	195                             @ DW_AT_decl_line
	.long	739                             @ DW_AT_import
	.byte	16                              @ Abbrev [16] 0x40d:0x7 DW_TAG_imported_declaration
	.byte	6                               @ DW_AT_decl_file
	.byte	196                             @ DW_AT_decl_line
	.long	758                             @ DW_AT_import
	.byte	0                               @ End Of Children Mark
	.byte	0                               @ End Of Children Mark
	.byte	0                               @ End Of Children Mark
.Ldebug_info_end0:
	.section	.debug_str,"MS",%progbits,1
.Linfo_string0:
	.asciz	"Component: Arm Compiler for Embedded 6.19 Tool: armclang [5e73cb00]" @ string offset=0
.Linfo_string1:
	.asciz	"Onboards\\Button.cpp"          @ string offset=68
.Linfo_string2:
	.asciz	"C:\\Users\\CHALLENGER\\Documents\\KeXieData\\Project\\DigitalPower\\BootLoader" @ string offset=88
.Linfo_string3:
	.asciz	"unsigned char"                 @ string offset=160
.Linfo_string4:
	.asciz	"GPIO_PIN_RESET"                @ string offset=174
.Linfo_string5:
	.asciz	"GPIO_PIN_SET"                  @ string offset=189
.Linfo_string6:
	.asciz	"port"                          @ string offset=202
.Linfo_string7:
	.asciz	"GPIO_TypeDef"                  @ string offset=207
.Linfo_string8:
	.asciz	"pin"                           @ string offset=220
.Linfo_string9:
	.asciz	"unsigned short"                @ string offset=224
.Linfo_string10:
	.asciz	"uint16_t"                      @ string offset=239
.Linfo_string11:
	.asciz	"activeState"                   @ string offset=248
.Linfo_string12:
	.asciz	"GPIO_PinState"                 @ string offset=260
.Linfo_string13:
	.asciz	"Button"                        @ string offset=274
.Linfo_string14:
	.asciz	"_ZN6Button7pressedEv"          @ string offset=281
.Linfo_string15:
	.asciz	"pressed"                       @ string offset=302
.Linfo_string16:
	.asciz	"bool"                          @ string offset=310
.Linfo_string17:
	.asciz	"signed char"                   @ string offset=315
.Linfo_string18:
	.asciz	"int8_t"                        @ string offset=327
.Linfo_string19:
	.asciz	"short"                         @ string offset=334
.Linfo_string20:
	.asciz	"int16_t"                       @ string offset=340
.Linfo_string21:
	.asciz	"int"                           @ string offset=348
.Linfo_string22:
	.asciz	"int32_t"                       @ string offset=352
.Linfo_string23:
	.asciz	"long long"                     @ string offset=360
.Linfo_string24:
	.asciz	"int64_t"                       @ string offset=370
.Linfo_string25:
	.asciz	"uint8_t"                       @ string offset=378
.Linfo_string26:
	.asciz	"unsigned int"                  @ string offset=386
.Linfo_string27:
	.asciz	"uint32_t"                      @ string offset=399
.Linfo_string28:
	.asciz	"unsigned long long"            @ string offset=408
.Linfo_string29:
	.asciz	"uint64_t"                      @ string offset=427
.Linfo_string30:
	.asciz	"int_least8_t"                  @ string offset=436
.Linfo_string31:
	.asciz	"int_least16_t"                 @ string offset=449
.Linfo_string32:
	.asciz	"int_least32_t"                 @ string offset=463
.Linfo_string33:
	.asciz	"int_least64_t"                 @ string offset=477
.Linfo_string34:
	.asciz	"uint_least8_t"                 @ string offset=491
.Linfo_string35:
	.asciz	"uint_least16_t"                @ string offset=505
.Linfo_string36:
	.asciz	"uint_least32_t"                @ string offset=520
.Linfo_string37:
	.asciz	"uint_least64_t"                @ string offset=535
.Linfo_string38:
	.asciz	"int_fast8_t"                   @ string offset=550
.Linfo_string39:
	.asciz	"int_fast16_t"                  @ string offset=562
.Linfo_string40:
	.asciz	"int_fast32_t"                  @ string offset=575
.Linfo_string41:
	.asciz	"int_fast64_t"                  @ string offset=588
.Linfo_string42:
	.asciz	"uint_fast8_t"                  @ string offset=601
.Linfo_string43:
	.asciz	"uint_fast16_t"                 @ string offset=614
.Linfo_string44:
	.asciz	"uint_fast32_t"                 @ string offset=628
.Linfo_string45:
	.asciz	"uint_fast64_t"                 @ string offset=642
.Linfo_string46:
	.asciz	"intptr_t"                      @ string offset=656
.Linfo_string47:
	.asciz	"uintptr_t"                     @ string offset=665
.Linfo_string48:
	.asciz	"intmax_t"                      @ string offset=675
.Linfo_string49:
	.asciz	"uintmax_t"                     @ string offset=684
.Linfo_string50:
	.asciz	"size_t"                        @ string offset=694
.Linfo_string51:
	.asciz	"ptrdiff_t"                     @ string offset=701
.Linfo_string52:
	.asciz	"long double"                   @ string offset=711
.Linfo_string53:
	.asciz	"max_align_t"                   @ string offset=723
.Linfo_string54:
	.asciz	"std"                           @ string offset=735
.Linfo_string55:
	.asciz	"__2"                           @ string offset=739
	.ident	"Component: Arm Compiler for Embedded 6.19 Tool: armclang [5e73cb00]"
	.section	".note.GNU-stack","",%progbits
	.ARM_attribute	16, 1	@ Tag_AV_eba
	.section	.debug_line,"",%progbits
.Lline_table_start0:
