	.text
	.syntax unified
	.eabi_attribute	67, "2.09"	@ Tag_conformance
	.cpu	cortex-m4
	.eabi_attribute	6, 13	@ Tag_CPU_arch
	.eabi_attribute	7, 77	@ Tag_CPU_arch_profile
	.eabi_attribute	8, 0	@ Tag_ARM_ISA_use
	.eabi_attribute	9, 2	@ Tag_THUMB_ISA_use
	.fpu	fpv4-sp-d16
	.eabi_attribute	27, 1	@ Tag_ABI_HardFP_use
	.eabi_attribute	36, 1	@ Tag_FP_HP_extension
	.eabi_attribute	34, 1	@ Tag_CPU_unaligned_access
	.eabi_attribute	17, 1	@ Tag_ABI_PCS_GOT_use
	.eabi_attribute	20, 2	@ Tag_ABI_FP_denormal
	.eabi_attribute	21, 0	@ Tag_ABI_FP_exceptions
	.eabi_attribute	23, 1	@ Tag_ABI_FP_number_model
	.eabi_attribute	24, 1	@ Tag_ABI_align_needed
	.eabi_attribute	25, 1	@ Tag_ABI_align_preserved
	.eabi_attribute	28, 1	@ Tag_ABI_VFP_args
	.eabi_attribute	38, 1	@ Tag_ABI_FP_16bit_format
	.eabi_attribute	18, 2	@ Tag_ABI_PCS_wchar_t
	.eabi_attribute	26, 1	@ Tag_ABI_enum_size
	.eabi_attribute	14, 0	@ Tag_ABI_PCS_R9_use
	.file	"dma.c"
	.file	1 "C:\\Users\\CHALLENGER\\Documents\\KeXieData\\Project\\DigitalPower\\BootLoader" "./CubeMX/Drivers/CMSIS/Device/ST/STM32G4xx/Include/stm32g431xx.h"
	.file	2 "C:\\Keil_v5\\ARM\\ARMCLANG\\Bin\\..\\include" "stdint.h"
	.type	.Lllvm.embedded.module,%object  @ @llvm.embedded.module
	.section	.llvmbc,"",%progbits
	.p2align	4, 0x0
.Lllvm.embedded.module:
	.asciz	"BC\300\3365\024\000\000\005\000\000\000b\f0$MY\276f\255\373\264O\033\310$D\0012\005\000!\f\000\000\224\b\000\000\013\002!\000\002\000\000\000\026\000\000\000\007\201#\221A\310\004I\006\02029\222\001\204\f%\005\b\031\036\004\213b\200\020E\002B\222\013B\204\0202\0248\b\030K\n2B\210Hp\304!#D\022\207\214\020A\222\002d\310\b\261\024 CF\210 \311\0012B\204\030*(*\2201|\260\\\221 \304\310\000\000\000\211 \000\000\020\000\000\0002\"\b\t bF\000!+$\230\020!%$\230\020\031'\f\205\244\220`Bd\\ $d\202`\251\021\000\023\304\034\001(\230!\006\006\002\f\021U5G\200\314\021\200\201!\342\020\215\020\007\000\000Q\030\000\000\316\001\000\000\033\300)\370\377\377\377\377\001\220\br(\007wx\007yh\207p`\20760\007xh\203v\b\007z@\007\000\036\344\241\034\346\241\034\344\301\036\312\241\r\346!\035\316\301\035\330\000\036\344\241\034\346\241\034\344\301\036\312\241\r\346!\035\316\301\035\000\302\034\344!\034\332\241\034\332\000\036\336!\035\334\201\036\312A\036\000wx\007w(\007\200h\207tp\2076`\207r8\207p`\2076\260\207r\030\007zx\007yh\203{H\007r\240\007t\000\340\000 \334\341\035\332 \035\334\301\034\346\241\r\314\001\036\332\240\035\302\201\036\320\001\240\007y\250\207r\000\bwx\2076p\207pp\207yh\003s\200\2076h\207p\240\007t\000\350A\036\352\241\034\000\302\035\336\241\r\346!\035\316\301\035\312\201\034\332@\037\312A\036\336a\036\332\300\034\340\241\r\332!\034\350\001\035\000z\220\207z(\007\200\230\007z\b\207qX\2076\200\007yx\007z(\207q\240\207w\220\2076\020\207z0\007s(\007yh\203yH\007}(\007\000\017\000\202\036\302A\036\316\241\034\350\241\r\306\001\036\352\001\030\207w\220\007z(\007|h\203v\240\003\200\240\207p\220\207s(\007zh\003s(\207p\240\207z\220\207r\230\007`\r\302A\036\332\301\036\356\240\034\332\240\035\330`\r\310a\036\340\201\r\326\300\034\340!\016\354\200\r\326\000\035\356\201\034\322\301\036\330`\r\350\001\035\352\241\035\304\241\r\332\341\035\310\241\034\330`\r\354\301\034\340A\016\346\001\036\330`\r\354\301\034\340a\016\310!\016\354`\036\340\201\r\326\300\036\314\001\036\350\200\034\342\300\016\346\001\036\330\240\r\302\241\034\346\201\r\332@\034\314!\016\354\200\r\332`\034\310\241\034\306\001\036\340\200\r\332`\034\310\241\034\306\001\036\342\200\r\332`\034\310\241\034\306\001\036\344\200\r\332`\034\310\241\034\306\001\036\346\200\r\332`\034\310\241\034\306\001\036\350\200\r\332`\034\310\241\034\306\001\036\352\200\r\332`\034\310\241\034\306\001\036\354\200\r\332`\034\310\241\034\306\001\036\356\200\r\332`\034\344a\034\330\240\r\306A\036\362\001\036\350\341\035\330\240\r\310a\016\344\200\r\332\200\034\336\201\036\340A\036\336\201\034\330\240\r\314a\034\312\201\r\332\300\034\340\241\r\302A\036\332\301\036\360\200\r\332\300\034\340\241\r\302A\036\332\301\036\360\200\034\342\300\016\330\240\r\314\001\036\332 \034\344\241\035\354\001\017\310!\016\354`\036\340\201\r\332\300\034\340\241\r\302A\036\332\301\036\360`\036\340\201\r\332\300\034\340!\016\354\300\034\332\201\035\330\240\r\314\001\036\354\200\016\330\240\r\314\241\036\330\201\035\314\001\036\342\300\016\330\240\r\320\341\036\310!\035\354\241\r\302A\036\332\201\r\332 \035\360\240\035\332\201\r\332\200\035\336A\034\330\240\r\332\301\036\312\201\r\332\240\035\354\241\034\334\300\034\340\201\r\332\300\035\312\341\035\334\201\r\332\000\036\302a\034\304\201\036\322\201\r\332@\036\302a\036\330\240\r\346A\034\330\240\r\346\001\035\302A\016\330\240\r\354\301\034\340A\016\330\240\r\354\301\034\340a\016\330\240\r\354\301\034\340a\016\310!\016\354\200\r\332\300\036\314\001\036\346`\036\340\201\r\332\300\036\314\001\036\350\200\r\332\300\036\314\001\036\350\200\034\342\300\016\330\240\r\354\301\034\340\201\016\346\001\036\200\r\220\360\377\377\377\377\003\320\006\200)\000\247\000\370\001\360\007\200\004\364\301\006b\b\000>\330@\020\002\260l\220\212\377\377\377\377\037\000S\000N\001\360\003\340\017\000\t\240\200:\000\372`\003)\031\377\377\377\377?\020\344P\016\356\360\016\362\320\016\341\300\016m`\016\360\320\006\355\020\016\364\200\016\000<\310C9\314C9\310\203=\224C\033\314C:\234\203;\260\001<\310C9\314C9\310\203=\224C\033\314C:\234\203;\000\2049\310C8\264C9\264\001<\274C:\270\003=\224\203<\000\356\360\016\356P\016\000\341\016\357\320\006\351\340\016\3460\017m`\016\360\320\006\355\020\016\364\200\016\000=\310C=\224\003@\270\303;\264\201;\204\203;\314C\033\230\003<\264A;\204\003=\240\003@\017\362P\017\345\000\020\356\360\016m0\017\351p\016\356P\016\344\320\006\372P\016\362\360\016\363\320\006\346\000\017m\320\016\341@\017\350\000\320\203<\324C9\000\304<\320C8\214\303:\264\001<\310\303;\320C9\214\003=\274\203<\264\2018\324\2039\230C9\310C\033\314C:\350C9\000x\000\020\364\020\016\362p\016\345@\017m0\016\360P\017\3008\274\203<\320C9\340C\033\264\003\035\000\004=\204\203<\234C9\320C\033\230C9\204\003=\324\203<\224\303<\000k\020\016\362\320\016\366p\007\345\320\006\355\300\006k@\016\363\000\017l\260\006\346\000\017q`\007l\260\006\350p\017\344\220\016\366\300\006k@\017\350P\017\355 \016m\320\016\357@\016\345\300\006k`\017\346\000\017r0\017\360\300\006k`\017\346\000\017s@\016q`\007\363\000\017l\260\006\366`\016\360@\007\344\020\007v0\017\360\300\006m\020\016\3450\017l\320\006\342`\016q`\007l\320\006\343@\016\3450\016\360\000\007l\320\006\343@\016\3450\016\360\020\007l\320\006\343@\016\3450\016\360 \007l\320\006\343@\016\3450\016\3600\007l\320\006\343@\016\3450\016\360@\007l\320\006\343@\016\3450\016\360P\007l\320\006\343@\016\3450\016\360`\007l\320\006\343@\016\3450\016\360p\007l\320\006\343 \017\343\300\006m0\016\362\220\017\360@\017\357\300\006m@\016s \007l\320\006\344\360\016\364\000\017\362\360\016\344\300\006m`\016\343P\016l\320\006\346\000\017m\020\016\362\320\016\366\200\007l\320\006\346\000\017m\020\016\362\320\016\366\200\007\344\020\007v\300\006m`\016\360\320\006\341 \017\355`\017x@\016q`\007\363\000\017l\320\006\346\000\017m\020\016\362\320\016\366\200\007\363\000\017l\320\006\346\000\017q`\007\346\320\016\354\300\006m`\016\360`\007t\300\006m`\016\365\300\016\354`\016\360\020\007v\300\006m\200\016\367@\016\351`\017m\020\016\362\320\016l\320\006\351\200\007\355\320\016l\320\006\354\360\016\342\300\006m\320\016\366P\016l\320\006\355`\017\345\340\006\346\000\017l\320\006\356P\016\357\340\016l\320\006\360\020\016\343 \016\364\220\016l\320\006\362\020\016\363\300\006m0\017\342\300\006m0\017\350\020\016r\300\006m`\017\346\000\017r\300\006m`\017\346\000\017s\300\006m`\017\346\000\017s@\016q`\007l\320\006\366`\016\3600\007\363\000\017l\320\006\366`\016\360@\007l\320\006\366`\016\360@\007\344\020\007v\300\006m`\017\346\000\017t0\017\360\000l0\216\000 \005\000\333@ \002@\n\033\210d\000Ha\003\241\b\300\031l \226\377\377\377\377\037\000\t\000\000\000I\030\000\000\b\000\000\000\023\202`\302 \f\304\204\240\230@\030\007\222L\020\214cB\240L \226\003I&\b\313\001\000\000\000\0232z@\207zh\007q\260\207;(\207vh\203p\220\207vh\003wx\007w(\2076(\207p\020\207t@\007s\3300\007\345\320\006\355\240\007\345\320\006\360\240\007s \007z0\007r\320\006\246\220\016x\320\006\351`\007t\240\007v@\007m`\017q \007x\240\007v@\007z\020\007r\200\007m\020\016z\000\007z0\007r\320\006\3560\007r\320\006\263`\007t\240\021\302\344\260\032\326\305\345&\3665|\313\313\257\251|\374\"\267\303\256\361\220\nX\004\000\000\002\000\b\000\001\000\000\000\b\200\005\030R-\026\001\004\200\000\000\000\000\000\000\000\000\000\260\000C\2520\200\f \000\006\000\000\000\000\000\000\000\000\200\005\030R\305\001E\000\001 \000\000\000\000\000\000\000\000\000,\300\220\252\024\250\004\b\000\002\000\000@\000\000\000\000\002`\001\206T\271 )@\000\024\000\000\000\002\000\000\000\020\000\013 \261A\240(&\002\000@\026\b\000\000\000\034\000\000\0002\036\230\030\031\021L\220\214\t&G\306\004C\232\021\200B(\210\302(\220B)\230\302)\240B*\250\302*\260B+\270\302+\300\200B\f(\310\200\302\f(\320\200B\r(\330\200\302\r(\340\200B\016(\350\200\302\016(\360\200B\017(\370\200\302\017(@\201B\024(H\201\302\024(P\201B\025(X\201\302\025 ,\207B(\2022(\201\021\000\000\261\030\000\000\265\000\000\0003\b\200\034\304\341\034f\024\001=\210C8\204\303\214B\200\007yx\007s\230q\f\346\000\017\355\020\016\364\200\0163\fB\036\302\301\035\316\241\034f0\005=\210C8\204\203\033\314\003=\310C=\214\003=\314x\214tp\007{\b\007yH\207pp\007zp\003vx\207p \207\031\314\021\016\354\220\016\3410\017n0\017\343\360\016\360P\0163\020\304\035\336!\034\330!\035\302a\036f0\211;\274\203;\320C9\264\003<\274\203<\204\003;\314\360\024v`\007{h\0077h\207rh\0077\200\207p\220\207p`\007v(\007v\370\005vx\207w\200\207_\b\207q\030\207r\230\207y\230\201,\356\360\016\356\340\016\365\300\016\3540\003b\310\241\034\344\241\034\314\241\034\344\241\034\334a\034\312!\034\304\201\035\312a\006\326\220C9\310C9\230C9\310C9\270\3038\224C8\210\003;\224\303/\274\203<\374\202;\324\003;\260\303\f\307i\207pX\207rp\203th\007x`\207t\030\207t\240\207\031\316S\017\356\000\017\362P\016\344\220\016\343@\017\341 \016\354P\0163 (\035\334\301\036\302A\036\322!\034\334\201\036\334\340\034\344\341\035\352\001\036f\030Q8\260C:\234\203;\314P$v`\007{h\0077`\207wx\007x\230QL\364\220\017\360P\0163\036j\036\312a\034\350!\035\336\301\035~\001\036\344\241\034\314!\035\360a\006T\205\2038\314\303;\260C=\320C9\374\302<\344C;\210\303;\260\303\214\305\n\207y\230\207w\030\207t\b\007z(\007r\230\201\\\343\020\016\354\300\016\345P\016\3630#\301\322A\036\344\341\027\330\341\035\336\001\036fH\031;\260\203=\264\203\033\204\3038\214C9\314\303<\270\3019\310\303;\324\003<\314H\264q\b\007v`\007q\b\207qX\207\031\333\306\016\354`\017\355\340\006\360 \017\3450\017\345 \017\366P\016n\020\016\3430\016\3450\017\363\340\006\351\340\016\344P\016\3700#\342\354a\034\302\201\035\330\341\027\354!\035\346!\035\304!\035\330!\035\350!\037f \235;\274C=\270\0039\224\2039\314X\274pp\007wx\007z\b\007zH\207wp\207\031\313\347\016\3570\017\341\340\016\351@\017\351\240\017\3450\303\001\003s\250\007w\030\207_\230\207pp\207t\240\207t\320\207r\230\201\204A9\340\3038\260C=\220C9\314@\304\240\035\312\241\035\340A\036\336\301\034f$c0\016\341\300\016\3540\017\351@\017\3450C!\203u\030\007sH\207_\240\207|\200\207r\230\261\224\001<\214\303<\224\3038\320C:\274\203;\314\003\000\000\000y \000\000\013\004\000\000r\036H C\210\f\031\tr2H #\201\214\221\221\321D\240\020(d<12B\216\220!\243\310\022\3600\367\001\000\000\325)\214\002(,\223S5\317\022-L\302P\215\202(\212\242(\222$I\222\264,\313\3630\223t1I\2220\f\303$\311\262,\216\3434L\304,\211\322$\222$I\222\342(H\202 \f\303<\322\222,\302\033 LA\034IB\020D\202 H\222$Hr\034G\202 G\222$I\242(IR$\304P\030\215\2444\2224\021\240@%\022\000\000\000CubeMX/Core/Src\\dma.cC:\\Users\\CHALLENGER\\Documents\\KeXieData\\Project\\DigitalPower\\BootLoaderComponent: Arm Compiler for Embedded 6.19 Tool: armclang [5e73cb00]./CubeMX/Drivers/CMSIS/Device/ST/STM32G4xx/Include/stm32g431xx.hsigned charNonMaskableInt_IRQnHardFault_IRQnMemoryManagement_IRQnBusFault_IRQnUsageFault_IRQnSVCall_IRQnDebugMonitor_IRQnPendSV_IRQnSysTick_IRQnWWDG_IRQnPVD_PVM_IRQnRTC_TAMP_LSECSS_IRQnRTC_WKUP_IRQnFLASH_IRQnRCC_IRQnEXTI0_IRQnEXTI1_IRQnEXTI2_IRQnEXTI3_IRQnEXTI4_IRQnDMA1_Channel1_IRQnDMA1_Channel2_IRQnDMA1_Channel3_IRQnDMA1_Channel4_IRQnDMA1_Channel5_IRQnDMA1_Channel6_IRQnADC1_2_IRQnUSB_HP_IRQnUSB_LP_IRQnFDCAN1_IT0_IRQnFDCAN1_IT1_IRQnEXTI9_5_IRQnTIM1_BRK_TIM15_IRQnTIM1_UP_TIM16_IRQnTIM1_TRG_COM_TIM17_IRQnTIM1_CC_IRQnTIM2_IRQnTIM3_IRQnTIM4_IRQnI2C1_EV_IRQnI2C1_ER_IRQnI2C2_EV_IRQnI2C2_ER_IRQnSPI1_IRQnSPI2_IRQnUSART1_IRQnUSART2_IRQnUSART3_IRQnEXTI15_10_IRQnRTC_Alarm_IRQnUSBWakeUp_IRQnTIM8_BRK_IRQnTIM8_UP_IRQnTIM8_TRG_COM_IRQnTIM8_CC_IRQnLPTIM1_IRQnSPI3_IRQnUART4_IRQnTIM6_DAC_IRQnTIM7_IRQnDMA2_Channel1_IRQnDMA2_Channel2_IRQnDMA2_Channel3_IRQnDMA2_Channel4_IRQnDMA2_Channel5_IRQnUCPD1_IRQnCOMP1_2_3_IRQnCOMP4_IRQnCRS_IRQnSAI1_IRQnFPU_IRQnRNG_IRQnLPUART1_IRQnI2C3_EV_IRQnI2C3_ER_IRQnDMAMUX_OVR_IRQnDMA2_Channel6_IRQnCORDIC_IRQnFMAC_IRQnRCC_TypeDefCRC:\\Keil_v5\\ARM\\ARMCLANG\\Bin\\..\\include\\stdint.huint32_tunsigned intICSCRCFGRPLLCFGRRESERVED0RESERVED1CIERCIFRCICRRESERVED2AHB1RSTRAHB2RSTRAHB3RSTRRESERVED3APB1RSTR1APB1RSTR2APB2RSTRRESERVED4AHB1ENRAHB2ENRAHB3ENRRESERVED5APB1ENR1APB1ENR2APB2ENRRESERVED6AHB1SMENRAHB2SMENRAHB3SMENRRESERVED7APB1SMENR1APB1SMENR2APB2SMENRRESERVED8CCIPRRESERVED9BDCRCSRCRRCRCCIPR2Dwarf VersionDebug Info Versionwchar_sizestatic_rwdataenumsize_buildattrarmlib_unavailablearmcompiler-version6.19./CubeMX/Drivers/STM32G4xx_HAL_Driver/Inc\\stm32g4xx_hal_cortex.hHAL_NVIC_SetPriorityIRQn_TypeHAL_NVIC_EnableIRQ\000\306\206\003\000\000\000\000\0000\202\200\270\301\b\002\362\006#\b\b\034\214  q0\202\200\310\301\b\0022\007#Y\303\004\330\304\037\001\000\210\006\000\000\344\b\000\000\000\000\000\000\000\fe\005LM\f\001\000\000Az\260\007\000\000\000\000\000\002\000\000\003\025@ \000\300@\005@\b\0000\317\001\220A\201\000\0060\016A\200\201A\376\377\377\377\3078\004\001\006\207\371\377\377\377\037\343\020\004\030 \350\377\377\377\177\214C\020`\220\250\377\377\377\3771\016A\200\201\302\376\377\377\377\3078\004\001\006\213\375\377\377\377\037\343\020\004\0300\370\377\377\377\177\214C\020`\320\360\377\377\377\3771\016A\200\201\343\377\377\377\377\3078\004\001\006\0170\016A\200\001$\214C\020`\020\021\343\020\004\030H\3068\004\001\006\0232\016A\200\001\245\214C\020`P1\343\020\004\030X\3168\004\001\006\0274\016A\200\001&\215C\020`\220Q\343\020\004\030h\3268\004\001\006\0336\016A\200\001\247\215C\020`\320q\343\020\004\030x\3368\004\001\006\037\030\214C\020`\000\006d0\016A\200A\030\230\3018\004\001\006b\200\006\343\020\004\030\214\201\032\214C\020`@\006l0\016A\200A\031\270\3018\004\001\006f\000\007\343\020\004\030\234\201\034\214C\020`\200\006t0\016A\200A\032\330\3018\004\001\006j\200\007\343\020\004\030\254\201\036\214C\020`\300\006|0\016A\200A\033\370\3018\004\001\006n\000\n\343\020\004\030\274\201(\214C\020`\000\007\2440\016A\200A\034\230\3028\004\001\006r\200\n\343\020\004\030\314\201*\214C\020`@\007\2540\016A\200A\035\270\3028\004\001\006v\000\013\343\020\004\030\334\201,\214C\020`\200\007\2640\016A\200A\036\330\3028\004\001\006z\200\013\343\020\004\030\354\201.\214C\020`\300\007\2740\016A\200A\037\210\3038\004\001\006~`\016\343\020\004\030\374\001:\214C\020`\000\n\3540\016A\200A(\270\3038\004\001\006\242\000\017\343\020\004\030\214\202<\214C\020`@\n\3640\016A\200A)\330\3038\004\001\006\246\200\017\343\020\004\030\234\202?\214C\020`\200\n 1\016A\200A*\210\3048\004\001\006\252`\023\343\020\004\030\254\002N\214C\020`\300\nb1\016A\200A+\320\3058\004\001\006\256`\027\343\020\004\030\274\002^\214C\020`\000\013z1\016A\200A,\360\3058\004\001\006\262 \032\343\020\004\030\314\002j\214C\020`@\013\2521\303+\340DN\350\304N\360DO\370\304O\200EX\210\305X\220EY\230\305Y\240EZ\250\305Z\260E[\270\305[\300E\\\310\305\\\320E]\330\305]\340E^\350\305^\360E_\370\305_\200Fh\210\306h\220Fi\230\306i\240Fj\250\306j\260Fk\270\306k\300Fl\310\306l\320Fm\330\306m\340Fn\350\306n\360Fo\370\306o\200Gx\210\307x\220Gy\230\307H\226@\0006\021\n\300M \000\000\234\007\000\000\000\000\000\000\000\314\020\240\307D\016`\325\202M\244\0230\023\000\000\000\000\000L\344\000\017\000\000\200z\200\001\000\000\000\000\314\020\254\307@\005p\013\000\000\314s\000d\220\013`\000\034\300D\016`\341B{\200\002\340\036\000\000\000\000\000L\344\000u\000\000\000\360\036\000\000\000\000\000L\344\000\215-\330D(\315\004|\200\001\000\000\000\000L\344\000\215.\330\204(\315\004|\200\001\000\006\000\000\000\0239@\263\01361J3\001\037`\000\200\002\000\000\300D\016\320\360\202M\220\322L\300\007\030\000\340\000\000\0000\221\0034\275`\023\2454\023\357\001\006\000H\000\000\000L\344\000\215/\330\204)\315\304{\200\001\000\026\000\000\000\0239@\363\0136qJ3\001\037`\000\200\006\000\000\300D\016\320\200\203M\240\322L\300\007\030\000\340\001\000\0000\221\0034\341`\023\2514\023\360\001\006\000\210\000\000\000L\344\000\2158\330\204*\315\304{\200\001\000&\000\000\000\0239@3\0166\261J3\001\037`\000\200\n\000\000\300D\016\320\220\203M\260\322L\300\007\030\000\340\002\000\0000\221\0034\345`\023\2554\023\360\001\006\000\310\000\000\000L\344\000\2159\330\204+\315\304{\200\001\0006\000\000\000\0239@s\0166\361J3\001\037`\000\200\016\000\000\300D\016\320\240\203M\300\322L\300\007\030\000\340\003\000\0000\221\0034\351`\023\2614\023\360\001\006\000\b\001\000\000L\344\000\215:\330\204,\315\304{\200\001\000F\000\000\000\0239@\263\01661K3\001\037`\000\200\022\000\000\300D\016\320\260\203M\320\322L\300\007\030\000\340\004\000\0000\221\0034\355`\023\2654\023\360\001\006\000H\001\000\000L\344\000\215;\330\204-\315\304{\200\001\000V\000\000\000\0239@\363\0166qK3\001\037`\000\200\026\000\000\300D\016\320\300\203M\340\322L\300\007\030\000\340\005\000\0000\221\0034\361`\023\2714\023\360\001\006\000\210\001\000\000L\344\000\215<\330\204.\315\304{\200\001\000f\000\000\000\0239@3\0176\261K3\001\037`\000\200\032\000\000\300D\016\320\320\203M\360\322L\300\007\030\000\340\006\000\0000\221\0034\365`\023\2754\023\360\001\006\000\310\001\000\000L\344\000\215=\330\204/\315\304{\200\001\000v\000\000\000\0239@s\0176\361K3\001\037`\000\200\036\000\000\300D\016\320\340\203M\200\323L\300\007\030\000\340\007\000\0000\221\0034\371`\023\3414\023\360\001\006\000\b\006\000\000\000\0239@\243\0176!N3\361\036`\000\200a\000\000\0000\221\0034\373`\023\3434\023\360\001\006\000(\006\000\000\000\0239@\303\0176AN3\361\036`\000\200c\000\000\0000\221\0034\375`\023\3454\023\360\001\006\000H\006\000\000\000\0239@\343\0176aN3\001\037`\000\200e\000\000\0000\221\0034\377`\023\3474\023\360\001\006\000h\006\000\000\000\0239@\003\0226\201N3\001\037`\000\200g\000\000\0000\003\032\304\207|\314\007}\324\207}\334\007~\344\207~\354\007\177\364\207\177\374\007\210\204\210\210\214\b\211\224\210\211\234\b\212\244\210\212\254\b\213\264\210\213\274\b\214\304\210\214\314\b\215\324\210\215\334\b\216\3140\264DH\270\304\f\303K\210\004L\3140\304\304H\274\304\fCL\220DL\3140\304DI\304\304\fCL\230\204L\3140\304\304I\240\304\f\3010P\001\244\204\000\000\0239\200\265\0226A\023\000z\000\000\000\000\0000\003\001\214\311{\274\307L\204\000\220\t0\0030\025e\210\211J\000b\342\"e\002\000\020\000\"\000\000\230\t\000\000\300\f\0020&3\021\002\200&\300T\224!&,\001\210\311\213\244\t\000@\000\210\000\000`&\000\000\000\347\023\200\030\210\201\030\210\201\030\210\201\\\230\205\033\270\001(\310\202,\310\202,\310\202,\310\202,\310\202\033\270\201\033\270\201\033\270\201\033\270\201\033\270\201\033\270\201\033\270\201\033\270\001\035\350\201\036\350\201\036\350\201\036\350\201\036\350\201\036\350\201\036\350\201\036\350\201\036\350\201\036\350\201\036\350\201\036\350\201\036\350\201\036\350\201\036\350\201\036\350\201\036\350\201\036\350\201\036\350\201\036\350\201\036\350\201\036\350\201\036\350\201\036\350\201\036\350\201\036\350\201\036\350\201\352\261\005\307\017\360\300\321\001+\360\003<\240\204K\270\204K\270\204K\270\204K\270\204K\270\204K\270\204K\270\204K\270\204K\270\204K\270\204K\270\204K\270\204K\270\204K\270\204K\270\204K\320\004M\320\004M\320\004M\320\004M\330\017\035\320\001\035\320\001\035\320\001\035Xt\300\017z\340\006\220\\\210\201\033\310H`\202rac\263ks!\023;s\031\253\033%\230\211\214\330\330\354\332\\\332\336\310\352\330\312\\\314\330\302\316\346F9rDGv\204Gz\304G~$\02566\2736\2274\26227\272Q\0020\0312\030\b\300L\206\f\206\002H\023\000\000\251\030\000\000/\000\000\000\013\nr(\207w\200\007zXp\230C=\270\3038\260C9\320\303\202\346\034\306\241\r\350A\036\302\301\035\346!\035\350!\035\336\301\035\026(\342P\016\346\360\016\362P\016\351\340\016\363@\017\013\222p0\007z(\007yH\007w\230\007zX\320\214\2039\234C=\204\203<\220\003=\204\203<\234C9\320\303\002\006\036\344\241\034\302\201\035\330\341\035\306!\034\350\241\034\310a\301q\016\343\320\006\354\220\016\366P\016\013\254q`\207pp\207sp\203p\220\207qp\203p\240\007z\b\207q@\207r \207q\b\007v`\207\005\007<\320\203<\204C=\320\003:, \326a\034\314!\035\000\000\000\000\321\020\000\000\006\000\000\000\007\314<\244\203;\234\003;\224\003=\240\203<\224C8\220\303\001\000\000\000a \000\000+\001\000\000\023\004A,\020\000\000\000\006\000\000\000t\205Q\032\305Q \005GX\n\005\031\f\t\210@`\212:\000\000\000\000\3610\000\000\203\000\000\000\"G\310\220Q\036H,\000\000\000\000\325b\000\303\023\001\000\000CubeMX/Core/Src/dma.cMX_DMA_Inittmpregintomnipotent charSimple C/C++ TBAA\000\000\000\023\204\301\230 \f\307\004a@&\bC2A\030\224\t\302\260L\020\006f\20204\023\204\301\231 \f\317\004a\200&\bC4A\030\244\t\3020M\020\006j\2020T\023\204\301\232 \f\327\004a\300&\bC6A\030\264\t\302\260M\020\006n\2020t\023\204\301\233 \f\337\004a\000\203\t\302\020\006\023\204A\f&\b\303\030L\020\0062\230 \fe0A\030\314`\2020\234\301\004a@\203\t\302\220\006\023\204A\r&\b\303\032L\020\0066\230 \fm0\253\bz\305W\332`\230U\004\275\342+l0\314*\202^\361\2255\030VQ\207\257\260\t\340+g\000.h\000`\000\210\202 \b\321\004\000\220\013\000\000\300\240\002X\023\001\0006\004\300&B\000~\005\030\247\b\274\322&\276\262\006\360\001\000\0000N\021v\245M|\205\r\340\003\000\000`\234\"\350J\233\370J\033\300\007\000\000\300\206!\\\304e\\\326\005\306\206 N6\fpb.r\262ax\223s\221\223\r\261\340&\350\"'\3502'\350B'\350R'\350b'\350r'\350\202'\350\222'\350\242'\350\262'\350\302'\350\322'\350\342'\350\362'\350\002*\350\022*\350\"*\3502*\350B*\350R*\350b*\350r*\350\202*\350\222*\350\242*\350\262*\350\302*\350\322*\350\342*\350\362*\350\002+\350\022+\350\"+\3502+\350B+\350R+\350b+\350r+\350\202+\350\222+\033\206tA\027R\3310\240\013\272\310\311\004\001\340\203\t\002\320\007\023\004\300\017\000\000\000\0003\021\b\"\007\2430\023\201 r0\n3\021\b\"\007\2430b`\030 \b\006\204\037\340\3010cP\254\301\300+\0000bp\000 \b\006F\037\320\366\377\377\377\360\333\377\377\377\303n\377\377\377\017\023\006\000\021H'\f\200\013\242\2350\000\206\r\b# \202\t\003\200\f\244\023\006\300\005\223N\030\000\303\006\304\021\f\301\204\001@\007\316\t\003`\304\3000@\020\f\210P\350\003d\306\240X\203\241W\000`\304\3000@\020\f\210Q\350\203c\306\240`\203aW\000`\304\340\000@\020\f\fQ\300\355\377\377\377a\274\377\377\377\007\360\376\377\377\037&\f\000J\220N\030\000\027L;a\000\f\033\020K@\004\023\006\000-H'\f\200\013*\2350\000\206\r\210%\030\202\t\003\200\026\234\023\006\300\210\201a\200 \030\020\246 \n\314\214A\301\006C\257\000\300\210\201a\200 \030\020\250 \n\313\214A\321\006\203\256\000\300\210\301\001\200 \030\030\247\300\333\377\377\377\303y\377\377\377\017\345\375\377\377?L\030\000\344 \2350\000.\320v\302\000\0306 \240\200\b&\f\000\202\220N\030\000\027p:a\000\f\033\020O0\004\023\006\000=8'\f\200\021\003\303\000A0 V\341\024\240\031\203\242\r\206^\001\200\021\203\343\bA0HTA\253\266\031\203\"\016\206^\001\200\021\203\002\tA0PRA\2331(\344`\350\025\000\03018\216\020\004\203D\025\262j\2331(\350`\350\025\000\0301(\220\020\004\003%\025\262\031\203\242\016\206^\001\200\021\203\343\bA0HT\001\253\266\031\203\342\016\206^\001\200\021\203\002\tA0PR\001\2331(\360`\350\025\000\03018\216\020\004\203D\025\256j\2331(\364`\350\025\000\0301(\220\020\004\003%\025\256\031\203b\017\206^\001\200\021\203\343\bA0HT\301\252\266\031\203\242\017\206^\001\200\021\203\002\tA0PR\301\2321(\374`\350\025\000\320\031\203\002\024\202^\001\200\200\030\000\000\000\024\000\000\000[\004\200W\266\fE\220.[\206#H\227-\003\022\244\313\226A\t\324e\313\260\004\352\262ex\202t\3312DA\272l\031\244 ]\266\fT\240.[\206*P\227-C\026\244\313\226a\013\322e\313\300\005\351\262e\360\002u\3312|\201\272\000\000\000\000\000\000\000q \000\000\003\000\000\0002\016\020\"\204\000\353\016\000\000\000\000\000\000\000\000e\f\000\000=\000\000\000\022\003\224\350\001\000\000\000\003\000\000\000k\000\000\000\t\000\000\000L\000\000\000\001\000\000\000X\000\000\000\000\000\000\000X\000\000\000\006\000\000\000\350\000\000\000\000\000\000\000t\000\000\000\031\000\000\000\215\000\000\000\025\000\000\000\013\000\000\000\000\000\000\000\350\000\000\000\000\000\000\000\000\000\000\000\006\000\000\000\000\000\000\000\000\000\000\000\013\000\000\000\000\000\000\000\013\000\000\000\377\377\377\377\001$\000\000\013\000\000\000\026\000\000\000\013\000\000\000\026\000\000\000\377\377\377\377\b,\000\000!\000\000\000\020\000\000\000!\000\000\000\020\000\000\000\377\377\377\377\b,\000\0001\000\000\000\024\000\000\0001\000\000\000\024\000\000\000\377\377\377\377\b,\000\000E\000\000\000\024\000\000\000E\000\000\000\024\000\000\000\377\377\377\377\b$\000\000Y\000\000\000\022\000\000\000Y\000\000\000\022\000\000\000\377\377\377\377\b$\000\000\000\000\000\000]\f\000\000,\000\000\000\022\003\224b\001\000\000\000MX_DMA_Initllvm.lifetime.start.p0llvm.dbg.declarellvm.lifetime.end.p0HAL_NVIC_SetPriorityHAL_NVIC_EnableIRQ16.0.0gitthumbv7em-arm-none-eabihfCubeMX/Core/Src/dma.c\000\000\000\000\000"
	.size	.Lllvm.embedded.module, 9260

	.section	.debug_abbrev,"",%progbits
	.byte	1                               @ Abbreviation Code
	.byte	17                              @ DW_TAG_compile_unit
	.byte	1                               @ DW_CHILDREN_yes
	.byte	37                              @ DW_AT_producer
	.byte	14                              @ DW_FORM_strp
	.byte	19                              @ DW_AT_language
	.byte	5                               @ DW_FORM_data2
	.byte	3                               @ DW_AT_name
	.byte	14                              @ DW_FORM_strp
	.byte	16                              @ DW_AT_stmt_list
	.byte	23                              @ DW_FORM_sec_offset
	.byte	27                              @ DW_AT_comp_dir
	.byte	14                              @ DW_FORM_strp
	.byte	0                               @ EOM(1)
	.byte	0                               @ EOM(2)
	.byte	2                               @ Abbreviation Code
	.byte	4                               @ DW_TAG_enumeration_type
	.byte	1                               @ DW_CHILDREN_yes
	.byte	73                              @ DW_AT_type
	.byte	19                              @ DW_FORM_ref4
	.byte	11                              @ DW_AT_byte_size
	.byte	11                              @ DW_FORM_data1
	.byte	58                              @ DW_AT_decl_file
	.byte	11                              @ DW_FORM_data1
	.byte	59                              @ DW_AT_decl_line
	.byte	11                              @ DW_FORM_data1
	.byte	0                               @ EOM(1)
	.byte	0                               @ EOM(2)
	.byte	3                               @ Abbreviation Code
	.byte	40                              @ DW_TAG_enumerator
	.byte	0                               @ DW_CHILDREN_no
	.byte	3                               @ DW_AT_name
	.byte	14                              @ DW_FORM_strp
	.byte	28                              @ DW_AT_const_value
	.byte	13                              @ DW_FORM_sdata
	.byte	0                               @ EOM(1)
	.byte	0                               @ EOM(2)
	.byte	4                               @ Abbreviation Code
	.byte	36                              @ DW_TAG_base_type
	.byte	0                               @ DW_CHILDREN_no
	.byte	3                               @ DW_AT_name
	.byte	14                              @ DW_FORM_strp
	.byte	62                              @ DW_AT_encoding
	.byte	11                              @ DW_FORM_data1
	.byte	11                              @ DW_AT_byte_size
	.byte	11                              @ DW_FORM_data1
	.byte	0                               @ EOM(1)
	.byte	0                               @ EOM(2)
	.byte	5                               @ Abbreviation Code
	.byte	15                              @ DW_TAG_pointer_type
	.byte	0                               @ DW_CHILDREN_no
	.byte	73                              @ DW_AT_type
	.byte	19                              @ DW_FORM_ref4
	.byte	0                               @ EOM(1)
	.byte	0                               @ EOM(2)
	.byte	6                               @ Abbreviation Code
	.byte	22                              @ DW_TAG_typedef
	.byte	0                               @ DW_CHILDREN_no
	.byte	73                              @ DW_AT_type
	.byte	19                              @ DW_FORM_ref4
	.byte	3                               @ DW_AT_name
	.byte	14                              @ DW_FORM_strp
	.byte	58                              @ DW_AT_decl_file
	.byte	11                              @ DW_FORM_data1
	.byte	59                              @ DW_AT_decl_line
	.byte	5                               @ DW_FORM_data2
	.byte	0                               @ EOM(1)
	.byte	0                               @ EOM(2)
	.byte	7                               @ Abbreviation Code
	.byte	19                              @ DW_TAG_structure_type
	.byte	1                               @ DW_CHILDREN_yes
	.byte	11                              @ DW_AT_byte_size
	.byte	11                              @ DW_FORM_data1
	.byte	58                              @ DW_AT_decl_file
	.byte	11                              @ DW_FORM_data1
	.byte	59                              @ DW_AT_decl_line
	.byte	5                               @ DW_FORM_data2
	.byte	0                               @ EOM(1)
	.byte	0                               @ EOM(2)
	.byte	8                               @ Abbreviation Code
	.byte	13                              @ DW_TAG_member
	.byte	0                               @ DW_CHILDREN_no
	.byte	3                               @ DW_AT_name
	.byte	14                              @ DW_FORM_strp
	.byte	73                              @ DW_AT_type
	.byte	19                              @ DW_FORM_ref4
	.byte	58                              @ DW_AT_decl_file
	.byte	11                              @ DW_FORM_data1
	.byte	59                              @ DW_AT_decl_line
	.byte	5                               @ DW_FORM_data2
	.byte	56                              @ DW_AT_data_member_location
	.byte	11                              @ DW_FORM_data1
	.byte	0                               @ EOM(1)
	.byte	0                               @ EOM(2)
	.byte	9                               @ Abbreviation Code
	.byte	53                              @ DW_TAG_volatile_type
	.byte	0                               @ DW_CHILDREN_no
	.byte	73                              @ DW_AT_type
	.byte	19                              @ DW_FORM_ref4
	.byte	0                               @ EOM(1)
	.byte	0                               @ EOM(2)
	.byte	10                              @ Abbreviation Code
	.byte	22                              @ DW_TAG_typedef
	.byte	0                               @ DW_CHILDREN_no
	.byte	73                              @ DW_AT_type
	.byte	19                              @ DW_FORM_ref4
	.byte	3                               @ DW_AT_name
	.byte	14                              @ DW_FORM_strp
	.byte	58                              @ DW_AT_decl_file
	.byte	11                              @ DW_FORM_data1
	.byte	59                              @ DW_AT_decl_line
	.byte	11                              @ DW_FORM_data1
	.byte	0                               @ EOM(1)
	.byte	0                               @ EOM(2)
	.byte	0                               @ EOM(3)
	.section	.debug_info,"",%progbits
.Lcu_begin0:
	.long	.Ldebug_info_end0-.Ldebug_info_start0 @ Length of Unit
.Ldebug_info_start0:
	.short	4                               @ DWARF version number
	.long	.debug_abbrev                   @ Offset Into Abbrev. Section
	.byte	4                               @ Address Size (in bytes)
	.byte	1                               @ Abbrev [1] 0xb:0x441 DW_TAG_compile_unit
	.long	.Linfo_string0                  @ DW_AT_producer
	.short	12                              @ DW_AT_language
	.long	.Linfo_string1                  @ DW_AT_name
	.long	.Lline_table_start0             @ DW_AT_stmt_list
	.long	.Linfo_string2                  @ DW_AT_comp_dir
	.byte	2                               @ Abbrev [2] 0x1e:0x1f0 DW_TAG_enumeration_type
	.long	526                             @ DW_AT_type
	.byte	1                               @ DW_AT_byte_size
	.byte	1                               @ DW_AT_decl_file
	.byte	65                              @ DW_AT_decl_line
	.byte	3                               @ Abbrev [3] 0x26:0x6 DW_TAG_enumerator
	.long	.Linfo_string4                  @ DW_AT_name
	.byte	114                             @ DW_AT_const_value
	.byte	3                               @ Abbrev [3] 0x2c:0x6 DW_TAG_enumerator
	.long	.Linfo_string5                  @ DW_AT_name
	.byte	115                             @ DW_AT_const_value
	.byte	3                               @ Abbrev [3] 0x32:0x6 DW_TAG_enumerator
	.long	.Linfo_string6                  @ DW_AT_name
	.byte	116                             @ DW_AT_const_value
	.byte	3                               @ Abbrev [3] 0x38:0x6 DW_TAG_enumerator
	.long	.Linfo_string7                  @ DW_AT_name
	.byte	117                             @ DW_AT_const_value
	.byte	3                               @ Abbrev [3] 0x3e:0x6 DW_TAG_enumerator
	.long	.Linfo_string8                  @ DW_AT_name
	.byte	118                             @ DW_AT_const_value
	.byte	3                               @ Abbrev [3] 0x44:0x6 DW_TAG_enumerator
	.long	.Linfo_string9                  @ DW_AT_name
	.byte	123                             @ DW_AT_const_value
	.byte	3                               @ Abbrev [3] 0x4a:0x6 DW_TAG_enumerator
	.long	.Linfo_string10                 @ DW_AT_name
	.byte	124                             @ DW_AT_const_value
	.byte	3                               @ Abbrev [3] 0x50:0x6 DW_TAG_enumerator
	.long	.Linfo_string11                 @ DW_AT_name
	.byte	126                             @ DW_AT_const_value
	.byte	3                               @ Abbrev [3] 0x56:0x6 DW_TAG_enumerator
	.long	.Linfo_string12                 @ DW_AT_name
	.byte	127                             @ DW_AT_const_value
	.byte	3                               @ Abbrev [3] 0x5c:0x6 DW_TAG_enumerator
	.long	.Linfo_string13                 @ DW_AT_name
	.byte	0                               @ DW_AT_const_value
	.byte	3                               @ Abbrev [3] 0x62:0x6 DW_TAG_enumerator
	.long	.Linfo_string14                 @ DW_AT_name
	.byte	1                               @ DW_AT_const_value
	.byte	3                               @ Abbrev [3] 0x68:0x6 DW_TAG_enumerator
	.long	.Linfo_string15                 @ DW_AT_name
	.byte	2                               @ DW_AT_const_value
	.byte	3                               @ Abbrev [3] 0x6e:0x6 DW_TAG_enumerator
	.long	.Linfo_string16                 @ DW_AT_name
	.byte	3                               @ DW_AT_const_value
	.byte	3                               @ Abbrev [3] 0x74:0x6 DW_TAG_enumerator
	.long	.Linfo_string17                 @ DW_AT_name
	.byte	4                               @ DW_AT_const_value
	.byte	3                               @ Abbrev [3] 0x7a:0x6 DW_TAG_enumerator
	.long	.Linfo_string18                 @ DW_AT_name
	.byte	5                               @ DW_AT_const_value
	.byte	3                               @ Abbrev [3] 0x80:0x6 DW_TAG_enumerator
	.long	.Linfo_string19                 @ DW_AT_name
	.byte	6                               @ DW_AT_const_value
	.byte	3                               @ Abbrev [3] 0x86:0x6 DW_TAG_enumerator
	.long	.Linfo_string20                 @ DW_AT_name
	.byte	7                               @ DW_AT_const_value
	.byte	3                               @ Abbrev [3] 0x8c:0x6 DW_TAG_enumerator
	.long	.Linfo_string21                 @ DW_AT_name
	.byte	8                               @ DW_AT_const_value
	.byte	3                               @ Abbrev [3] 0x92:0x6 DW_TAG_enumerator
	.long	.Linfo_string22                 @ DW_AT_name
	.byte	9                               @ DW_AT_const_value
	.byte	3                               @ Abbrev [3] 0x98:0x6 DW_TAG_enumerator
	.long	.Linfo_string23                 @ DW_AT_name
	.byte	10                              @ DW_AT_const_value
	.byte	3                               @ Abbrev [3] 0x9e:0x6 DW_TAG_enumerator
	.long	.Linfo_string24                 @ DW_AT_name
	.byte	11                              @ DW_AT_const_value
	.byte	3                               @ Abbrev [3] 0xa4:0x6 DW_TAG_enumerator
	.long	.Linfo_string25                 @ DW_AT_name
	.byte	12                              @ DW_AT_const_value
	.byte	3                               @ Abbrev [3] 0xaa:0x6 DW_TAG_enumerator
	.long	.Linfo_string26                 @ DW_AT_name
	.byte	13                              @ DW_AT_const_value
	.byte	3                               @ Abbrev [3] 0xb0:0x6 DW_TAG_enumerator
	.long	.Linfo_string27                 @ DW_AT_name
	.byte	14                              @ DW_AT_const_value
	.byte	3                               @ Abbrev [3] 0xb6:0x6 DW_TAG_enumerator
	.long	.Linfo_string28                 @ DW_AT_name
	.byte	15                              @ DW_AT_const_value
	.byte	3                               @ Abbrev [3] 0xbc:0x6 DW_TAG_enumerator
	.long	.Linfo_string29                 @ DW_AT_name
	.byte	16                              @ DW_AT_const_value
	.byte	3                               @ Abbrev [3] 0xc2:0x6 DW_TAG_enumerator
	.long	.Linfo_string30                 @ DW_AT_name
	.byte	18                              @ DW_AT_const_value
	.byte	3                               @ Abbrev [3] 0xc8:0x6 DW_TAG_enumerator
	.long	.Linfo_string31                 @ DW_AT_name
	.byte	19                              @ DW_AT_const_value
	.byte	3                               @ Abbrev [3] 0xce:0x6 DW_TAG_enumerator
	.long	.Linfo_string32                 @ DW_AT_name
	.byte	20                              @ DW_AT_const_value
	.byte	3                               @ Abbrev [3] 0xd4:0x6 DW_TAG_enumerator
	.long	.Linfo_string33                 @ DW_AT_name
	.byte	21                              @ DW_AT_const_value
	.byte	3                               @ Abbrev [3] 0xda:0x6 DW_TAG_enumerator
	.long	.Linfo_string34                 @ DW_AT_name
	.byte	22                              @ DW_AT_const_value
	.byte	3                               @ Abbrev [3] 0xe0:0x6 DW_TAG_enumerator
	.long	.Linfo_string35                 @ DW_AT_name
	.byte	23                              @ DW_AT_const_value
	.byte	3                               @ Abbrev [3] 0xe6:0x6 DW_TAG_enumerator
	.long	.Linfo_string36                 @ DW_AT_name
	.byte	24                              @ DW_AT_const_value
	.byte	3                               @ Abbrev [3] 0xec:0x6 DW_TAG_enumerator
	.long	.Linfo_string37                 @ DW_AT_name
	.byte	25                              @ DW_AT_const_value
	.byte	3                               @ Abbrev [3] 0xf2:0x6 DW_TAG_enumerator
	.long	.Linfo_string38                 @ DW_AT_name
	.byte	26                              @ DW_AT_const_value
	.byte	3                               @ Abbrev [3] 0xf8:0x6 DW_TAG_enumerator
	.long	.Linfo_string39                 @ DW_AT_name
	.byte	27                              @ DW_AT_const_value
	.byte	3                               @ Abbrev [3] 0xfe:0x6 DW_TAG_enumerator
	.long	.Linfo_string40                 @ DW_AT_name
	.byte	28                              @ DW_AT_const_value
	.byte	3                               @ Abbrev [3] 0x104:0x6 DW_TAG_enumerator
	.long	.Linfo_string41                 @ DW_AT_name
	.byte	29                              @ DW_AT_const_value
	.byte	3                               @ Abbrev [3] 0x10a:0x6 DW_TAG_enumerator
	.long	.Linfo_string42                 @ DW_AT_name
	.byte	30                              @ DW_AT_const_value
	.byte	3                               @ Abbrev [3] 0x110:0x6 DW_TAG_enumerator
	.long	.Linfo_string43                 @ DW_AT_name
	.byte	31                              @ DW_AT_const_value
	.byte	3                               @ Abbrev [3] 0x116:0x6 DW_TAG_enumerator
	.long	.Linfo_string44                 @ DW_AT_name
	.byte	32                              @ DW_AT_const_value
	.byte	3                               @ Abbrev [3] 0x11c:0x6 DW_TAG_enumerator
	.long	.Linfo_string45                 @ DW_AT_name
	.byte	33                              @ DW_AT_const_value
	.byte	3                               @ Abbrev [3] 0x122:0x6 DW_TAG_enumerator
	.long	.Linfo_string46                 @ DW_AT_name
	.byte	34                              @ DW_AT_const_value
	.byte	3                               @ Abbrev [3] 0x128:0x6 DW_TAG_enumerator
	.long	.Linfo_string47                 @ DW_AT_name
	.byte	35                              @ DW_AT_const_value
	.byte	3                               @ Abbrev [3] 0x12e:0x6 DW_TAG_enumerator
	.long	.Linfo_string48                 @ DW_AT_name
	.byte	36                              @ DW_AT_const_value
	.byte	3                               @ Abbrev [3] 0x134:0x6 DW_TAG_enumerator
	.long	.Linfo_string49                 @ DW_AT_name
	.byte	37                              @ DW_AT_const_value
	.byte	3                               @ Abbrev [3] 0x13a:0x6 DW_TAG_enumerator
	.long	.Linfo_string50                 @ DW_AT_name
	.byte	38                              @ DW_AT_const_value
	.byte	3                               @ Abbrev [3] 0x140:0x6 DW_TAG_enumerator
	.long	.Linfo_string51                 @ DW_AT_name
	.byte	39                              @ DW_AT_const_value
	.byte	3                               @ Abbrev [3] 0x146:0x6 DW_TAG_enumerator
	.long	.Linfo_string52                 @ DW_AT_name
	.byte	40                              @ DW_AT_const_value
	.byte	3                               @ Abbrev [3] 0x14c:0x6 DW_TAG_enumerator
	.long	.Linfo_string53                 @ DW_AT_name
	.byte	41                              @ DW_AT_const_value
	.byte	3                               @ Abbrev [3] 0x152:0x6 DW_TAG_enumerator
	.long	.Linfo_string54                 @ DW_AT_name
	.byte	42                              @ DW_AT_const_value
	.byte	3                               @ Abbrev [3] 0x158:0x6 DW_TAG_enumerator
	.long	.Linfo_string55                 @ DW_AT_name
	.byte	43                              @ DW_AT_const_value
	.byte	3                               @ Abbrev [3] 0x15e:0x6 DW_TAG_enumerator
	.long	.Linfo_string56                 @ DW_AT_name
	.byte	44                              @ DW_AT_const_value
	.byte	3                               @ Abbrev [3] 0x164:0x6 DW_TAG_enumerator
	.long	.Linfo_string57                 @ DW_AT_name
	.byte	45                              @ DW_AT_const_value
	.byte	3                               @ Abbrev [3] 0x16a:0x6 DW_TAG_enumerator
	.long	.Linfo_string58                 @ DW_AT_name
	.byte	46                              @ DW_AT_const_value
	.byte	3                               @ Abbrev [3] 0x170:0x6 DW_TAG_enumerator
	.long	.Linfo_string59                 @ DW_AT_name
	.byte	49                              @ DW_AT_const_value
	.byte	3                               @ Abbrev [3] 0x176:0x6 DW_TAG_enumerator
	.long	.Linfo_string60                 @ DW_AT_name
	.byte	51                              @ DW_AT_const_value
	.byte	3                               @ Abbrev [3] 0x17c:0x6 DW_TAG_enumerator
	.long	.Linfo_string61                 @ DW_AT_name
	.byte	52                              @ DW_AT_const_value
	.byte	3                               @ Abbrev [3] 0x182:0x6 DW_TAG_enumerator
	.long	.Linfo_string62                 @ DW_AT_name
	.byte	54                              @ DW_AT_const_value
	.byte	3                               @ Abbrev [3] 0x188:0x6 DW_TAG_enumerator
	.long	.Linfo_string63                 @ DW_AT_name
	.byte	55                              @ DW_AT_const_value
	.byte	3                               @ Abbrev [3] 0x18e:0x6 DW_TAG_enumerator
	.long	.Linfo_string64                 @ DW_AT_name
	.byte	56                              @ DW_AT_const_value
	.byte	3                               @ Abbrev [3] 0x194:0x6 DW_TAG_enumerator
	.long	.Linfo_string65                 @ DW_AT_name
	.byte	57                              @ DW_AT_const_value
	.byte	3                               @ Abbrev [3] 0x19a:0x6 DW_TAG_enumerator
	.long	.Linfo_string66                 @ DW_AT_name
	.byte	58                              @ DW_AT_const_value
	.byte	3                               @ Abbrev [3] 0x1a0:0x6 DW_TAG_enumerator
	.long	.Linfo_string67                 @ DW_AT_name
	.byte	59                              @ DW_AT_const_value
	.byte	3                               @ Abbrev [3] 0x1a6:0x6 DW_TAG_enumerator
	.long	.Linfo_string68                 @ DW_AT_name
	.byte	60                              @ DW_AT_const_value
	.byte	3                               @ Abbrev [3] 0x1ac:0x6 DW_TAG_enumerator
	.long	.Linfo_string69                 @ DW_AT_name
	.byte	63                              @ DW_AT_const_value
	.byte	3                               @ Abbrev [3] 0x1b2:0x7 DW_TAG_enumerator
	.long	.Linfo_string70                 @ DW_AT_name
	.asciz	"\300"                          @ DW_AT_const_value
	.byte	3                               @ Abbrev [3] 0x1b9:0x7 DW_TAG_enumerator
	.long	.Linfo_string71                 @ DW_AT_name
	.asciz	"\301"                          @ DW_AT_const_value
	.byte	3                               @ Abbrev [3] 0x1c0:0x7 DW_TAG_enumerator
	.long	.Linfo_string72                 @ DW_AT_name
	.asciz	"\313"                          @ DW_AT_const_value
	.byte	3                               @ Abbrev [3] 0x1c7:0x7 DW_TAG_enumerator
	.long	.Linfo_string73                 @ DW_AT_name
	.asciz	"\314"                          @ DW_AT_const_value
	.byte	3                               @ Abbrev [3] 0x1ce:0x7 DW_TAG_enumerator
	.long	.Linfo_string74                 @ DW_AT_name
	.asciz	"\321"                          @ DW_AT_const_value
	.byte	3                               @ Abbrev [3] 0x1d5:0x7 DW_TAG_enumerator
	.long	.Linfo_string75                 @ DW_AT_name
	.asciz	"\332"                          @ DW_AT_const_value
	.byte	3                               @ Abbrev [3] 0x1dc:0x7 DW_TAG_enumerator
	.long	.Linfo_string76                 @ DW_AT_name
	.asciz	"\333"                          @ DW_AT_const_value
	.byte	3                               @ Abbrev [3] 0x1e3:0x7 DW_TAG_enumerator
	.long	.Linfo_string77                 @ DW_AT_name
	.asciz	"\334"                          @ DW_AT_const_value
	.byte	3                               @ Abbrev [3] 0x1ea:0x7 DW_TAG_enumerator
	.long	.Linfo_string78                 @ DW_AT_name
	.asciz	"\335"                          @ DW_AT_const_value
	.byte	3                               @ Abbrev [3] 0x1f1:0x7 DW_TAG_enumerator
	.long	.Linfo_string79                 @ DW_AT_name
	.asciz	"\336"                          @ DW_AT_const_value
	.byte	3                               @ Abbrev [3] 0x1f8:0x7 DW_TAG_enumerator
	.long	.Linfo_string80                 @ DW_AT_name
	.asciz	"\341"                          @ DW_AT_const_value
	.byte	3                               @ Abbrev [3] 0x1ff:0x7 DW_TAG_enumerator
	.long	.Linfo_string81                 @ DW_AT_name
	.asciz	"\344"                          @ DW_AT_const_value
	.byte	3                               @ Abbrev [3] 0x206:0x7 DW_TAG_enumerator
	.long	.Linfo_string82                 @ DW_AT_name
	.asciz	"\345"                          @ DW_AT_const_value
	.byte	0                               @ End Of Children Mark
	.byte	4                               @ Abbrev [4] 0x20e:0x7 DW_TAG_base_type
	.long	.Linfo_string3                  @ DW_AT_name
	.byte	6                               @ DW_AT_encoding
	.byte	1                               @ DW_AT_byte_size
	.byte	5                               @ Abbrev [5] 0x215:0x5 DW_TAG_pointer_type
	.long	538                             @ DW_AT_type
	.byte	6                               @ Abbrev [6] 0x21a:0xc DW_TAG_typedef
	.long	550                             @ DW_AT_type
	.long	.Linfo_string125                @ DW_AT_name
	.byte	1                               @ DW_AT_decl_file
	.short	617                             @ DW_AT_decl_line
	.byte	7                               @ Abbrev [7] 0x226:0x20e DW_TAG_structure_type
	.byte	160                             @ DW_AT_byte_size
	.byte	1                               @ DW_AT_decl_file
	.short	575                             @ DW_AT_decl_line
	.byte	8                               @ Abbrev [8] 0x22b:0xd DW_TAG_member
	.long	.Linfo_string83                 @ DW_AT_name
	.long	1076                            @ DW_AT_type
	.byte	1                               @ DW_AT_decl_file
	.short	577                             @ DW_AT_decl_line
	.byte	0                               @ DW_AT_data_member_location
	.byte	8                               @ Abbrev [8] 0x238:0xd DW_TAG_member
	.long	.Linfo_string86                 @ DW_AT_name
	.long	1076                            @ DW_AT_type
	.byte	1                               @ DW_AT_decl_file
	.short	578                             @ DW_AT_decl_line
	.byte	4                               @ DW_AT_data_member_location
	.byte	8                               @ Abbrev [8] 0x245:0xd DW_TAG_member
	.long	.Linfo_string87                 @ DW_AT_name
	.long	1076                            @ DW_AT_type
	.byte	1                               @ DW_AT_decl_file
	.short	579                             @ DW_AT_decl_line
	.byte	8                               @ DW_AT_data_member_location
	.byte	8                               @ Abbrev [8] 0x252:0xd DW_TAG_member
	.long	.Linfo_string88                 @ DW_AT_name
	.long	1076                            @ DW_AT_type
	.byte	1                               @ DW_AT_decl_file
	.short	580                             @ DW_AT_decl_line
	.byte	12                              @ DW_AT_data_member_location
	.byte	8                               @ Abbrev [8] 0x25f:0xd DW_TAG_member
	.long	.Linfo_string89                 @ DW_AT_name
	.long	1081                            @ DW_AT_type
	.byte	1                               @ DW_AT_decl_file
	.short	581                             @ DW_AT_decl_line
	.byte	16                              @ DW_AT_data_member_location
	.byte	8                               @ Abbrev [8] 0x26c:0xd DW_TAG_member
	.long	.Linfo_string90                 @ DW_AT_name
	.long	1081                            @ DW_AT_type
	.byte	1                               @ DW_AT_decl_file
	.short	582                             @ DW_AT_decl_line
	.byte	20                              @ DW_AT_data_member_location
	.byte	8                               @ Abbrev [8] 0x279:0xd DW_TAG_member
	.long	.Linfo_string91                 @ DW_AT_name
	.long	1076                            @ DW_AT_type
	.byte	1                               @ DW_AT_decl_file
	.short	583                             @ DW_AT_decl_line
	.byte	24                              @ DW_AT_data_member_location
	.byte	8                               @ Abbrev [8] 0x286:0xd DW_TAG_member
	.long	.Linfo_string92                 @ DW_AT_name
	.long	1076                            @ DW_AT_type
	.byte	1                               @ DW_AT_decl_file
	.short	584                             @ DW_AT_decl_line
	.byte	28                              @ DW_AT_data_member_location
	.byte	8                               @ Abbrev [8] 0x293:0xd DW_TAG_member
	.long	.Linfo_string93                 @ DW_AT_name
	.long	1076                            @ DW_AT_type
	.byte	1                               @ DW_AT_decl_file
	.short	585                             @ DW_AT_decl_line
	.byte	32                              @ DW_AT_data_member_location
	.byte	8                               @ Abbrev [8] 0x2a0:0xd DW_TAG_member
	.long	.Linfo_string94                 @ DW_AT_name
	.long	1081                            @ DW_AT_type
	.byte	1                               @ DW_AT_decl_file
	.short	586                             @ DW_AT_decl_line
	.byte	36                              @ DW_AT_data_member_location
	.byte	8                               @ Abbrev [8] 0x2ad:0xd DW_TAG_member
	.long	.Linfo_string95                 @ DW_AT_name
	.long	1076                            @ DW_AT_type
	.byte	1                               @ DW_AT_decl_file
	.short	587                             @ DW_AT_decl_line
	.byte	40                              @ DW_AT_data_member_location
	.byte	8                               @ Abbrev [8] 0x2ba:0xd DW_TAG_member
	.long	.Linfo_string96                 @ DW_AT_name
	.long	1076                            @ DW_AT_type
	.byte	1                               @ DW_AT_decl_file
	.short	588                             @ DW_AT_decl_line
	.byte	44                              @ DW_AT_data_member_location
	.byte	8                               @ Abbrev [8] 0x2c7:0xd DW_TAG_member
	.long	.Linfo_string97                 @ DW_AT_name
	.long	1076                            @ DW_AT_type
	.byte	1                               @ DW_AT_decl_file
	.short	589                             @ DW_AT_decl_line
	.byte	48                              @ DW_AT_data_member_location
	.byte	8                               @ Abbrev [8] 0x2d4:0xd DW_TAG_member
	.long	.Linfo_string98                 @ DW_AT_name
	.long	1081                            @ DW_AT_type
	.byte	1                               @ DW_AT_decl_file
	.short	590                             @ DW_AT_decl_line
	.byte	52                              @ DW_AT_data_member_location
	.byte	8                               @ Abbrev [8] 0x2e1:0xd DW_TAG_member
	.long	.Linfo_string99                 @ DW_AT_name
	.long	1076                            @ DW_AT_type
	.byte	1                               @ DW_AT_decl_file
	.short	591                             @ DW_AT_decl_line
	.byte	56                              @ DW_AT_data_member_location
	.byte	8                               @ Abbrev [8] 0x2ee:0xd DW_TAG_member
	.long	.Linfo_string100                @ DW_AT_name
	.long	1076                            @ DW_AT_type
	.byte	1                               @ DW_AT_decl_file
	.short	592                             @ DW_AT_decl_line
	.byte	60                              @ DW_AT_data_member_location
	.byte	8                               @ Abbrev [8] 0x2fb:0xd DW_TAG_member
	.long	.Linfo_string101                @ DW_AT_name
	.long	1076                            @ DW_AT_type
	.byte	1                               @ DW_AT_decl_file
	.short	593                             @ DW_AT_decl_line
	.byte	64                              @ DW_AT_data_member_location
	.byte	8                               @ Abbrev [8] 0x308:0xd DW_TAG_member
	.long	.Linfo_string102                @ DW_AT_name
	.long	1081                            @ DW_AT_type
	.byte	1                               @ DW_AT_decl_file
	.short	594                             @ DW_AT_decl_line
	.byte	68                              @ DW_AT_data_member_location
	.byte	8                               @ Abbrev [8] 0x315:0xd DW_TAG_member
	.long	.Linfo_string103                @ DW_AT_name
	.long	1076                            @ DW_AT_type
	.byte	1                               @ DW_AT_decl_file
	.short	595                             @ DW_AT_decl_line
	.byte	72                              @ DW_AT_data_member_location
	.byte	8                               @ Abbrev [8] 0x322:0xd DW_TAG_member
	.long	.Linfo_string104                @ DW_AT_name
	.long	1076                            @ DW_AT_type
	.byte	1                               @ DW_AT_decl_file
	.short	596                             @ DW_AT_decl_line
	.byte	76                              @ DW_AT_data_member_location
	.byte	8                               @ Abbrev [8] 0x32f:0xd DW_TAG_member
	.long	.Linfo_string105                @ DW_AT_name
	.long	1076                            @ DW_AT_type
	.byte	1                               @ DW_AT_decl_file
	.short	597                             @ DW_AT_decl_line
	.byte	80                              @ DW_AT_data_member_location
	.byte	8                               @ Abbrev [8] 0x33c:0xd DW_TAG_member
	.long	.Linfo_string106                @ DW_AT_name
	.long	1081                            @ DW_AT_type
	.byte	1                               @ DW_AT_decl_file
	.short	598                             @ DW_AT_decl_line
	.byte	84                              @ DW_AT_data_member_location
	.byte	8                               @ Abbrev [8] 0x349:0xd DW_TAG_member
	.long	.Linfo_string107                @ DW_AT_name
	.long	1076                            @ DW_AT_type
	.byte	1                               @ DW_AT_decl_file
	.short	599                             @ DW_AT_decl_line
	.byte	88                              @ DW_AT_data_member_location
	.byte	8                               @ Abbrev [8] 0x356:0xd DW_TAG_member
	.long	.Linfo_string108                @ DW_AT_name
	.long	1076                            @ DW_AT_type
	.byte	1                               @ DW_AT_decl_file
	.short	600                             @ DW_AT_decl_line
	.byte	92                              @ DW_AT_data_member_location
	.byte	8                               @ Abbrev [8] 0x363:0xd DW_TAG_member
	.long	.Linfo_string109                @ DW_AT_name
	.long	1076                            @ DW_AT_type
	.byte	1                               @ DW_AT_decl_file
	.short	601                             @ DW_AT_decl_line
	.byte	96                              @ DW_AT_data_member_location
	.byte	8                               @ Abbrev [8] 0x370:0xd DW_TAG_member
	.long	.Linfo_string110                @ DW_AT_name
	.long	1081                            @ DW_AT_type
	.byte	1                               @ DW_AT_decl_file
	.short	602                             @ DW_AT_decl_line
	.byte	100                             @ DW_AT_data_member_location
	.byte	8                               @ Abbrev [8] 0x37d:0xd DW_TAG_member
	.long	.Linfo_string111                @ DW_AT_name
	.long	1076                            @ DW_AT_type
	.byte	1                               @ DW_AT_decl_file
	.short	603                             @ DW_AT_decl_line
	.byte	104                             @ DW_AT_data_member_location
	.byte	8                               @ Abbrev [8] 0x38a:0xd DW_TAG_member
	.long	.Linfo_string112                @ DW_AT_name
	.long	1076                            @ DW_AT_type
	.byte	1                               @ DW_AT_decl_file
	.short	604                             @ DW_AT_decl_line
	.byte	108                             @ DW_AT_data_member_location
	.byte	8                               @ Abbrev [8] 0x397:0xd DW_TAG_member
	.long	.Linfo_string113                @ DW_AT_name
	.long	1076                            @ DW_AT_type
	.byte	1                               @ DW_AT_decl_file
	.short	605                             @ DW_AT_decl_line
	.byte	112                             @ DW_AT_data_member_location
	.byte	8                               @ Abbrev [8] 0x3a4:0xd DW_TAG_member
	.long	.Linfo_string114                @ DW_AT_name
	.long	1081                            @ DW_AT_type
	.byte	1                               @ DW_AT_decl_file
	.short	606                             @ DW_AT_decl_line
	.byte	116                             @ DW_AT_data_member_location
	.byte	8                               @ Abbrev [8] 0x3b1:0xd DW_TAG_member
	.long	.Linfo_string115                @ DW_AT_name
	.long	1076                            @ DW_AT_type
	.byte	1                               @ DW_AT_decl_file
	.short	607                             @ DW_AT_decl_line
	.byte	120                             @ DW_AT_data_member_location
	.byte	8                               @ Abbrev [8] 0x3be:0xd DW_TAG_member
	.long	.Linfo_string116                @ DW_AT_name
	.long	1076                            @ DW_AT_type
	.byte	1                               @ DW_AT_decl_file
	.short	608                             @ DW_AT_decl_line
	.byte	124                             @ DW_AT_data_member_location
	.byte	8                               @ Abbrev [8] 0x3cb:0xd DW_TAG_member
	.long	.Linfo_string117                @ DW_AT_name
	.long	1076                            @ DW_AT_type
	.byte	1                               @ DW_AT_decl_file
	.short	609                             @ DW_AT_decl_line
	.byte	128                             @ DW_AT_data_member_location
	.byte	8                               @ Abbrev [8] 0x3d8:0xd DW_TAG_member
	.long	.Linfo_string118                @ DW_AT_name
	.long	1081                            @ DW_AT_type
	.byte	1                               @ DW_AT_decl_file
	.short	610                             @ DW_AT_decl_line
	.byte	132                             @ DW_AT_data_member_location
	.byte	8                               @ Abbrev [8] 0x3e5:0xd DW_TAG_member
	.long	.Linfo_string119                @ DW_AT_name
	.long	1076                            @ DW_AT_type
	.byte	1                               @ DW_AT_decl_file
	.short	611                             @ DW_AT_decl_line
	.byte	136                             @ DW_AT_data_member_location
	.byte	8                               @ Abbrev [8] 0x3f2:0xd DW_TAG_member
	.long	.Linfo_string120                @ DW_AT_name
	.long	1081                            @ DW_AT_type
	.byte	1                               @ DW_AT_decl_file
	.short	612                             @ DW_AT_decl_line
	.byte	140                             @ DW_AT_data_member_location
	.byte	8                               @ Abbrev [8] 0x3ff:0xd DW_TAG_member
	.long	.Linfo_string121                @ DW_AT_name
	.long	1076                            @ DW_AT_type
	.byte	1                               @ DW_AT_decl_file
	.short	613                             @ DW_AT_decl_line
	.byte	144                             @ DW_AT_data_member_location
	.byte	8                               @ Abbrev [8] 0x40c:0xd DW_TAG_member
	.long	.Linfo_string122                @ DW_AT_name
	.long	1076                            @ DW_AT_type
	.byte	1                               @ DW_AT_decl_file
	.short	614                             @ DW_AT_decl_line
	.byte	148                             @ DW_AT_data_member_location
	.byte	8                               @ Abbrev [8] 0x419:0xd DW_TAG_member
	.long	.Linfo_string123                @ DW_AT_name
	.long	1076                            @ DW_AT_type
	.byte	1                               @ DW_AT_decl_file
	.short	615                             @ DW_AT_decl_line
	.byte	152                             @ DW_AT_data_member_location
	.byte	8                               @ Abbrev [8] 0x426:0xd DW_TAG_member
	.long	.Linfo_string124                @ DW_AT_name
	.long	1076                            @ DW_AT_type
	.byte	1                               @ DW_AT_decl_file
	.short	616                             @ DW_AT_decl_line
	.byte	156                             @ DW_AT_data_member_location
	.byte	0                               @ End Of Children Mark
	.byte	9                               @ Abbrev [9] 0x434:0x5 DW_TAG_volatile_type
	.long	1081                            @ DW_AT_type
	.byte	10                              @ Abbrev [10] 0x439:0xb DW_TAG_typedef
	.long	1092                            @ DW_AT_type
	.long	.Linfo_string85                 @ DW_AT_name
	.byte	2                               @ DW_AT_decl_file
	.byte	64                              @ DW_AT_decl_line
	.byte	4                               @ Abbrev [4] 0x444:0x7 DW_TAG_base_type
	.long	.Linfo_string84                 @ DW_AT_name
	.byte	7                               @ DW_AT_encoding
	.byte	4                               @ DW_AT_byte_size
	.byte	0                               @ End Of Children Mark
.Ldebug_info_end0:
	.section	.debug_str,"MS",%progbits,1
.Linfo_string0:
	.asciz	"Component: Arm Compiler for Embedded 6.19 Tool: armclang [5e73cb00]" @ string offset=0
.Linfo_string1:
	.asciz	"CubeMX/Core/Src\\dma.c"        @ string offset=68
.Linfo_string2:
	.asciz	"C:\\Users\\CHALLENGER\\Documents\\KeXieData\\Project\\DigitalPower\\BootLoader" @ string offset=90
.Linfo_string3:
	.asciz	"signed char"                   @ string offset=162
.Linfo_string4:
	.asciz	"NonMaskableInt_IRQn"           @ string offset=174
.Linfo_string5:
	.asciz	"HardFault_IRQn"                @ string offset=194
.Linfo_string6:
	.asciz	"MemoryManagement_IRQn"         @ string offset=209
.Linfo_string7:
	.asciz	"BusFault_IRQn"                 @ string offset=231
.Linfo_string8:
	.asciz	"UsageFault_IRQn"               @ string offset=245
.Linfo_string9:
	.asciz	"SVCall_IRQn"                   @ string offset=261
.Linfo_string10:
	.asciz	"DebugMonitor_IRQn"             @ string offset=273
.Linfo_string11:
	.asciz	"PendSV_IRQn"                   @ string offset=291
.Linfo_string12:
	.asciz	"SysTick_IRQn"                  @ string offset=303
.Linfo_string13:
	.asciz	"WWDG_IRQn"                     @ string offset=316
.Linfo_string14:
	.asciz	"PVD_PVM_IRQn"                  @ string offset=326
.Linfo_string15:
	.asciz	"RTC_TAMP_LSECSS_IRQn"          @ string offset=339
.Linfo_string16:
	.asciz	"RTC_WKUP_IRQn"                 @ string offset=360
.Linfo_string17:
	.asciz	"FLASH_IRQn"                    @ string offset=374
.Linfo_string18:
	.asciz	"RCC_IRQn"                      @ string offset=385
.Linfo_string19:
	.asciz	"EXTI0_IRQn"                    @ string offset=394
.Linfo_string20:
	.asciz	"EXTI1_IRQn"                    @ string offset=405
.Linfo_string21:
	.asciz	"EXTI2_IRQn"                    @ string offset=416
.Linfo_string22:
	.asciz	"EXTI3_IRQn"                    @ string offset=427
.Linfo_string23:
	.asciz	"EXTI4_IRQn"                    @ string offset=438
.Linfo_string24:
	.asciz	"DMA1_Channel1_IRQn"            @ string offset=449
.Linfo_string25:
	.asciz	"DMA1_Channel2_IRQn"            @ string offset=468
.Linfo_string26:
	.asciz	"DMA1_Channel3_IRQn"            @ string offset=487
.Linfo_string27:
	.asciz	"DMA1_Channel4_IRQn"            @ string offset=506
.Linfo_string28:
	.asciz	"DMA1_Channel5_IRQn"            @ string offset=525
.Linfo_string29:
	.asciz	"DMA1_Channel6_IRQn"            @ string offset=544
.Linfo_string30:
	.asciz	"ADC1_2_IRQn"                   @ string offset=563
.Linfo_string31:
	.asciz	"USB_HP_IRQn"                   @ string offset=575
.Linfo_string32:
	.asciz	"USB_LP_IRQn"                   @ string offset=587
.Linfo_string33:
	.asciz	"FDCAN1_IT0_IRQn"               @ string offset=599
.Linfo_string34:
	.asciz	"FDCAN1_IT1_IRQn"               @ string offset=615
.Linfo_string35:
	.asciz	"EXTI9_5_IRQn"                  @ string offset=631
.Linfo_string36:
	.asciz	"TIM1_BRK_TIM15_IRQn"           @ string offset=644
.Linfo_string37:
	.asciz	"TIM1_UP_TIM16_IRQn"            @ string offset=664
.Linfo_string38:
	.asciz	"TIM1_TRG_COM_TIM17_IRQn"       @ string offset=683
.Linfo_string39:
	.asciz	"TIM1_CC_IRQn"                  @ string offset=707
.Linfo_string40:
	.asciz	"TIM2_IRQn"                     @ string offset=720
.Linfo_string41:
	.asciz	"TIM3_IRQn"                     @ string offset=730
.Linfo_string42:
	.asciz	"TIM4_IRQn"                     @ string offset=740
.Linfo_string43:
	.asciz	"I2C1_EV_IRQn"                  @ string offset=750
.Linfo_string44:
	.asciz	"I2C1_ER_IRQn"                  @ string offset=763
.Linfo_string45:
	.asciz	"I2C2_EV_IRQn"                  @ string offset=776
.Linfo_string46:
	.asciz	"I2C2_ER_IRQn"                  @ string offset=789
.Linfo_string47:
	.asciz	"SPI1_IRQn"                     @ string offset=802
.Linfo_string48:
	.asciz	"SPI2_IRQn"                     @ string offset=812
.Linfo_string49:
	.asciz	"USART1_IRQn"                   @ string offset=822
.Linfo_string50:
	.asciz	"USART2_IRQn"                   @ string offset=834
.Linfo_string51:
	.asciz	"USART3_IRQn"                   @ string offset=846
.Linfo_string52:
	.asciz	"EXTI15_10_IRQn"                @ string offset=858
.Linfo_string53:
	.asciz	"RTC_Alarm_IRQn"                @ string offset=873
.Linfo_string54:
	.asciz	"USBWakeUp_IRQn"                @ string offset=888
.Linfo_string55:
	.asciz	"TIM8_BRK_IRQn"                 @ string offset=903
.Linfo_string56:
	.asciz	"TIM8_UP_IRQn"                  @ string offset=917
.Linfo_string57:
	.asciz	"TIM8_TRG_COM_IRQn"             @ string offset=930
.Linfo_string58:
	.asciz	"TIM8_CC_IRQn"                  @ string offset=948
.Linfo_string59:
	.asciz	"LPTIM1_IRQn"                   @ string offset=961
.Linfo_string60:
	.asciz	"SPI3_IRQn"                     @ string offset=973
.Linfo_string61:
	.asciz	"UART4_IRQn"                    @ string offset=983
.Linfo_string62:
	.asciz	"TIM6_DAC_IRQn"                 @ string offset=994
.Linfo_string63:
	.asciz	"TIM7_IRQn"                     @ string offset=1008
.Linfo_string64:
	.asciz	"DMA2_Channel1_IRQn"            @ string offset=1018
.Linfo_string65:
	.asciz	"DMA2_Channel2_IRQn"            @ string offset=1037
.Linfo_string66:
	.asciz	"DMA2_Channel3_IRQn"            @ string offset=1056
.Linfo_string67:
	.asciz	"DMA2_Channel4_IRQn"            @ string offset=1075
.Linfo_string68:
	.asciz	"DMA2_Channel5_IRQn"            @ string offset=1094
.Linfo_string69:
	.asciz	"UCPD1_IRQn"                    @ string offset=1113
.Linfo_string70:
	.asciz	"COMP1_2_3_IRQn"                @ string offset=1124
.Linfo_string71:
	.asciz	"COMP4_IRQn"                    @ string offset=1139
.Linfo_string72:
	.asciz	"CRS_IRQn"                      @ string offset=1150
.Linfo_string73:
	.asciz	"SAI1_IRQn"                     @ string offset=1159
.Linfo_string74:
	.asciz	"FPU_IRQn"                      @ string offset=1169
.Linfo_string75:
	.asciz	"RNG_IRQn"                      @ string offset=1178
.Linfo_string76:
	.asciz	"LPUART1_IRQn"                  @ string offset=1187
.Linfo_string77:
	.asciz	"I2C3_EV_IRQn"                  @ string offset=1200
.Linfo_string78:
	.asciz	"I2C3_ER_IRQn"                  @ string offset=1213
.Linfo_string79:
	.asciz	"DMAMUX_OVR_IRQn"               @ string offset=1226
.Linfo_string80:
	.asciz	"DMA2_Channel6_IRQn"            @ string offset=1242
.Linfo_string81:
	.asciz	"CORDIC_IRQn"                   @ string offset=1261
.Linfo_string82:
	.asciz	"FMAC_IRQn"                     @ string offset=1273
.Linfo_string83:
	.asciz	"CR"                            @ string offset=1283
.Linfo_string84:
	.asciz	"unsigned int"                  @ string offset=1286
.Linfo_string85:
	.asciz	"uint32_t"                      @ string offset=1299
.Linfo_string86:
	.asciz	"ICSCR"                         @ string offset=1308
.Linfo_string87:
	.asciz	"CFGR"                          @ string offset=1314
.Linfo_string88:
	.asciz	"PLLCFGR"                       @ string offset=1319
.Linfo_string89:
	.asciz	"RESERVED0"                     @ string offset=1327
.Linfo_string90:
	.asciz	"RESERVED1"                     @ string offset=1337
.Linfo_string91:
	.asciz	"CIER"                          @ string offset=1347
.Linfo_string92:
	.asciz	"CIFR"                          @ string offset=1352
.Linfo_string93:
	.asciz	"CICR"                          @ string offset=1357
.Linfo_string94:
	.asciz	"RESERVED2"                     @ string offset=1362
.Linfo_string95:
	.asciz	"AHB1RSTR"                      @ string offset=1372
.Linfo_string96:
	.asciz	"AHB2RSTR"                      @ string offset=1381
.Linfo_string97:
	.asciz	"AHB3RSTR"                      @ string offset=1390
.Linfo_string98:
	.asciz	"RESERVED3"                     @ string offset=1399
.Linfo_string99:
	.asciz	"APB1RSTR1"                     @ string offset=1409
.Linfo_string100:
	.asciz	"APB1RSTR2"                     @ string offset=1419
.Linfo_string101:
	.asciz	"APB2RSTR"                      @ string offset=1429
.Linfo_string102:
	.asciz	"RESERVED4"                     @ string offset=1438
.Linfo_string103:
	.asciz	"AHB1ENR"                       @ string offset=1448
.Linfo_string104:
	.asciz	"AHB2ENR"                       @ string offset=1456
.Linfo_string105:
	.asciz	"AHB3ENR"                       @ string offset=1464
.Linfo_string106:
	.asciz	"RESERVED5"                     @ string offset=1472
.Linfo_string107:
	.asciz	"APB1ENR1"                      @ string offset=1482
.Linfo_string108:
	.asciz	"APB1ENR2"                      @ string offset=1491
.Linfo_string109:
	.asciz	"APB2ENR"                       @ string offset=1500
.Linfo_string110:
	.asciz	"RESERVED6"                     @ string offset=1508
.Linfo_string111:
	.asciz	"AHB1SMENR"                     @ string offset=1518
.Linfo_string112:
	.asciz	"AHB2SMENR"                     @ string offset=1528
.Linfo_string113:
	.asciz	"AHB3SMENR"                     @ string offset=1538
.Linfo_string114:
	.asciz	"RESERVED7"                     @ string offset=1548
.Linfo_string115:
	.asciz	"APB1SMENR1"                    @ string offset=1558
.Linfo_string116:
	.asciz	"APB1SMENR2"                    @ string offset=1569
.Linfo_string117:
	.asciz	"APB2SMENR"                     @ string offset=1580
.Linfo_string118:
	.asciz	"RESERVED8"                     @ string offset=1590
.Linfo_string119:
	.asciz	"CCIPR"                         @ string offset=1600
.Linfo_string120:
	.asciz	"RESERVED9"                     @ string offset=1606
.Linfo_string121:
	.asciz	"BDCR"                          @ string offset=1616
.Linfo_string122:
	.asciz	"CSR"                           @ string offset=1621
.Linfo_string123:
	.asciz	"CRRCR"                         @ string offset=1625
.Linfo_string124:
	.asciz	"CCIPR2"                        @ string offset=1631
.Linfo_string125:
	.asciz	"RCC_TypeDef"                   @ string offset=1638
	.ident	"Component: Arm Compiler for Embedded 6.19 Tool: armclang [5e73cb00]"
	.section	".note.GNU-stack","",%progbits
	.ARM_attribute	16, 1	@ Tag_AV_eba
	.section	.debug_line,"",%progbits
.Lline_table_start0:
