	.text
	.syntax unified
	.eabi_attribute	67, "2.09"	@ Tag_conformance
	.cpu	cortex-m4
	.eabi_attribute	6, 13	@ Tag_CPU_arch
	.eabi_attribute	7, 77	@ Tag_CPU_arch_profile
	.eabi_attribute	8, 0	@ Tag_ARM_ISA_use
	.eabi_attribute	9, 2	@ Tag_THUMB_ISA_use
	.fpu	fpv4-sp-d16
	.eabi_attribute	27, 1	@ Tag_ABI_HardFP_use
	.eabi_attribute	36, 1	@ Tag_FP_HP_extension
	.eabi_attribute	34, 1	@ Tag_CPU_unaligned_access
	.eabi_attribute	17, 1	@ Tag_ABI_PCS_GOT_use
	.eabi_attribute	20, 2	@ Tag_ABI_FP_denormal
	.eabi_attribute	21, 0	@ Tag_ABI_FP_exceptions
	.eabi_attribute	23, 1	@ Tag_ABI_FP_number_model
	.eabi_attribute	24, 1	@ Tag_ABI_align_needed
	.eabi_attribute	25, 1	@ Tag_ABI_align_preserved
	.eabi_attribute	28, 1	@ Tag_ABI_VFP_args
	.eabi_attribute	38, 1	@ Tag_ABI_FP_16bit_format
	.eabi_attribute	18, 2	@ Tag_ABI_PCS_wchar_t
	.eabi_attribute	26, 1	@ Tag_ABI_enum_size
	.eabi_attribute	14, 0	@ Tag_ABI_PCS_R9_use
	.file	"ErrorHandler.cpp"
	.file	1 "C:\\Keil_v5\\ARM\\ARMCLANG\\Bin\\..\\include" "stddef.h"
	.file	2 "C:\\Keil_v5\\ARM\\ARMCLANG\\Bin\\..\\include" "stdint.h"
	.type	.Lllvm.embedded.module,%object  @ @llvm.embedded.module
	.section	.llvmbc,"",%progbits
	.p2align	4, 0x0
.Lllvm.embedded.module:
	.asciz	"BC\300\3365\024\000\000\005\000\000\000b\f0$MY\276f\255\373\264O\033\310$D\0012\005\000!\f\000\0008\005\000\000\013\002!\000\002\000\000\000\026\000\000\000\007\201#\221A\310\004I\006\02029\222\001\204\f%\005\b\031\036\004\213b\200\020E\002B\222\013B\204\0202\0248\b\030K\n2B\210Hp\304!#D\022\207\214\020A\222\002d\310\b\261\024 CF\210 \311\0012B\204\030*(*\2201|\260\\\221 \304\310\000\000\000\211 \000\000\r\000\000\0002\"\b\t bF\000!+$\230\020!%$\230\020\031'\f\205\244\220`Bd\\ $d\202\000\251\021\000\023\204\031\002` \300\020ADs\004`0\005\000Q\030\000\000\352\000\000\000\033\314)\370\377\377\377\377\0010\005\300\001$\240\f\br(\007wx\007yh\207p`\20760\007xh\203v\b\007z@\007\000\036\344\241\034\346\241\034\344\301\036\312\241\r\346!\035\316\301\035\330\000\036\344\241\034\346\241\034\344\301\036\312\241\r\346!\035\316\301\035\000\302\034\344!\034\332\241\034\332\000\036\336!\035\334\201\036\312A\036\000wx\007w(\007\200h\207tp\2076`\207r8\207p`\2076\260\207r\030\007zx\007yh\203{H\007r\240\007t\000\340\000 \334\341\035\332 \035\334\301\034\346\241\r\314\001\036\332\240\035\302\201\036\320\001\240\007y\250\207r\000\bwx\2076p\207pp\207yh\003s\200\2076h\207p\240\007t\000\350A\036\352\241\034\000\302\035\336\241\r\346!\035\316\301\035\312\201\034\332@\037\312A\036\336a\036\332\300\034\340\241\r\332!\034\350\001\035\000z\220\207z(\007\200\230\007z\b\207qX\2076\200\007yx\007z(\207q\240\207w\220\2076\020\207z0\007s(\007yh\203yH\007}(\007\000\017\000\202\036\302A\036\316\241\034\350\241\r\306\001\036\352\001\030\207w\220\007z(\007|h\203v\240\003\200\240\207p\220\207s(\007zh\003s(\207p\240\207z\220\207r\230\007`\r\302A\036\332\301\036\356\240\034\332\240\035\330`\r\310a\036\340\201\r\326\300\034\340!\016\354\200\r\326\000\035\356\201\034\322\301\036\330`\r\350\001\035\352\241\035\304\241\r\332\341\035\310\241\034\330`\r\354\301\034\340A\016\346\001\036\330`\r\354\301\034\340a\016\310!\016\354`\036\340\201\r\326\300\036\314\001\036\350\200\034\342\300\016\346\001\036\330\240\r\302\241\034\346\201\r\332@\034\314!\016\354\200\r\332`\034\310\241\034\306\001\036\340\200\r\332`\034\310\241\034\306\001\036\342\200\r\332`\034\310\241\034\306\001\036\344\200\r\332`\034\310\241\034\306\001\036\346\200\r\332`\034\310\241\034\306\001\036\350\200\r\332`\034\310\241\034\306\001\036\352\200\r\332`\034\310\241\034\306\001\036\354\200\r\332`\034\310\241\034\306\001\036\356\200\r\332`\034\344a\034\330\240\r\306A\036\362\001\036\350\341\035\330\240\r\310a\016\344\200\r\332\200\034\336\201\036\340A\036\336\201\034\330\240\r\314a\034\312\201\r\332\300\034\340\241\r\302A\036\332\301\036\360\200\r\332\300\034\340\241\r\302A\036\332\301\036\360\200\034\342\300\016\330\240\r\314\001\036\332 \034\344\241\035\354\001\017\310!\016\354`\036\340\201\r\332\300\034\340\241\r\302A\036\332\301\036\360`\036\340\201\r\332\300\034\340!\016\354\300\034\332\201\035\330\240\r\314\001\036\354\200\016\330\240\r\314\241\036\330\201\035\314\001\036\342\300\016\330\240\r\320\341\036\310!\035\354\241\r\302A\036\332\201\r\332 \035\360\240\035\332\201\r\332\200\035\336A\034\330\240\r\332\301\036\312\201\r\332\240\035\354\241\034\334\300\034\340\201\r\332\300\035\312\341\035\334\201\r\332\000\036\302a\034\304\201\036\322\201\r\332@\036\302a\036\330\240\r\346A\034\330\240\r\346\001\035\302A\016\330\240\r\354\301\034\340A\016\330\240\r\354\301\034\340a\016\330\240\r\354\301\034\340a\016\310!\016\354\200\r\332\300\036\314\001\036\346`\036\340\201\r\332\300\036\314\001\036\350\200\r\332\300\036\314\001\036\350\200\034\342\300\016\330\240\r\354\301\034\340\201\016\346\001\036\200\r\204\020\000\244\260\201\030\004\200\0246@\304\377\377\377\377\017\300)\000~\000\374\001 \001\024P\007@\037\000I\030\000\000\003\000\000\000\023\202`\302\020\b\303\204\200\000\000\000\0232z@\207zh\007q\260\207;(\207vh\203p\220\207vh\003wx\007w(\2076(\207p\020\207t@\007s\3300\007\345\320\006\355\240\007\345\320\006\360\240\007s \007z0\007r\320\006\246\220\016x\320\006\351`\007t\240\007v@\007m`\017q \007x\240\007v@\007z\020\007r\200\007m\020\016z\000\007z0\007r\320\006\3560\007r\320\006\263`\007t\240\021\302\344\260\252\316\313\362WQ.\177\313\221a7\231]\226\273\306p\370\220\nh\004\000\000\002\000\b\000\000\000\000\000\b\200\006\030R5\335\000\000\200\000\000\001\000\000\000\000\000\001\320\000C*5\200\n \000\006\000\000\000\000\000\000\000\000\200\006\030R\351\001'\000\000\020\000@\000\000\000\000\000@\0004\200\304\006\201\242;\005\000\000Y \007\000\000\0002\036\230\020\031\021L\220\214\t&G\306\004C\262r(\204\"(\203\022\030\001\000\000\000\261\030\000\000\265\000\000\0003\b\200\034\304\341\034f\024\001=\210C8\204\303\214B\200\007yx\007s\230q\f\346\000\017\355\020\016\364\200\0163\fB\036\302\301\035\316\241\034f0\005=\210C8\204\203\033\314\003=\310C=\214\003=\314x\214tp\007{\b\007yH\207pp\007zp\003vx\207p \207\031\314\021\016\354\220\016\3410\017n0\017\343\360\016\360P\0163\020\304\035\336!\034\330!\035\302a\036f0\211;\274\203;\320C9\264\003<\274\203<\204\003;\314\360\024v`\007{h\0077h\207rh\0077\200\207p\220\207p`\007v(\007v\370\005vx\207w\200\207_\b\207q\030\207r\230\207y\230\201,\356\360\016\356\340\016\365\300\016\3540\003b\310\241\034\344\241\034\314\241\034\344\241\034\334a\034\312!\034\304\201\035\312a\006\326\220C9\310C9\230C9\310C9\270\3038\224C8\210\003;\224\303/\274\203<\374\202;\324\003;\260\303\f\307i\207pX\207rp\203th\007x`\207t\030\207t\240\207\031\316S\017\356\000\017\362P\016\344\220\016\343@\017\341 \016\354P\0163 (\035\334\301\036\302A\036\322!\034\334\201\036\334\340\034\344\341\035\352\001\036f\030Q8\260C:\234\203;\314P$v`\007{h\0077`\207wx\007x\230QL\364\220\017\360P\0163\036j\036\312a\034\350!\035\336\301\035~\001\036\344\241\034\314!\035\360a\006T\205\2038\314\303;\260C=\320C9\374\302<\344C;\210\303;\260\303\214\305\n\207y\230\207w\030\207t\b\007z(\007r\230\201\\\343\020\016\354\300\016\345P\016\3630#\301\322A\036\344\341\027\330\341\035\336\001\036fH\031;\260\203=\264\203\033\204\3038\214C9\314\303<\270\3019\310\303;\324\003<\314H\264q\b\007v`\007q\b\207qX\207\031\333\306\016\354`\017\355\340\006\360 \017\3450\017\345 \017\366P\016n\020\016\3430\016\3450\017\363\340\006\351\340\016\344P\016\3700#\342\354a\034\302\201\035\330\341\027\354!\035\346!\035\304!\035\330!\035\350!\037f \235;\274C=\270\0039\224\2039\314X\274pp\007wx\007z\b\007zH\207wp\207\031\313\347\016\3570\017\341\340\016\351@\017\351\240\017\3450\303\001\003s\250\007w\030\207_\230\207pp\207t\240\207t\320\207r\230\201\204A9\340\3038\260C=\220C9\314@\304\240\035\312\241\035\340A\036\336\301\034f$c0\016\341\300\016\3540\017\351@\017\3450C!\203u\030\007sH\207_\240\207|\200\207r\230\261\224\001<\214\303<\224\3038\320C:\274\203;\314\003\000\000\000y \000\000#\002\000\000r\036H C\210\f\031\tr2H #\201\214\221\221\321D\240\020(d<12B\216\220!\243x\007p\260n\000\000\000\325)\214\302\033\030L2,\313\033\030\313Q\034Gr4\210\203 \022\3234M\3438\316\3020\f\3234\r\222 I#)\215$MDe\001\000\000\000User\\ErrorHandler.cppC:\\Users\\CHALLENGER\\Documents\\KeXieData\\Project\\DigitalPower\\BootLoaderComponent: Arm Compiler for Embedded 6.19 Tool: armclang [5e73cb00]C:\\Keil_v5\\ARM\\ARMCLANG\\Bin\\..\\include\\stddef.hsize_tunsigned intptrdiff_tintmax_align_tlong doubleC:\\Keil_v5\\ARM\\ARMCLANG\\Bin\\..\\include\\stdint.hint8_tsigned charint16_tshortint32_tint64_tlong longuint8_tunsigned charuint16_tunsigned shortuint32_tuint64_tunsigned long longint_least8_tint_least16_tint_least32_tint_least64_tuint_least8_tuint_least16_tuint_least32_tuint_least64_tint_fast8_tint_fast16_tint_fast32_tint_fast64_tuint_fast8_tuint_fast16_tuint_fast32_tuint_fast64_tintptr_tuintptr_tintmax_tuintmax_tDwarf VersionDebug Info Versionwchar_sizestatic_rwdataenumsize_buildattrarmlib_unavailablearmcompiler-version6.19User/ErrorHandler.cppllvm.loop.mustprogress\000\006\022\002\000\000\000\000\0000\202`\020#\bF1\202`\030#\b\3061\202` #\bF2\224\025h\1770\004\000\000\004\000\000\000)\001\000\000 \000\0000P\001\004\002\000\fT\000\004\000\000\363\034\000\031\030`\000\034\300D\016`\025\240\340\006@(\000\000\000\000\0000\037\002 ~ \n\353\000\200\0020\317\001\220\001\002\006@\001L\344\000\326\001\nf\000\220\002\000\000\000\000\000\363!\000\342\007\245\300\016\000(\000\363\034\000\031(\240\000\020\300D\016`%\240\360\013\300)\000\000\000\000\0000\037\002 ~\200\n\356\000\200\0020P\001,\000\000\314s\000d\320 \200\001L\344\000\026\243\nx\000\254\002\000\000\000\000\000\363!\000\342\007\2540#\200*\000\363\034\000\031<\020P\000\0239\200\345\250B\036\000\256\000\000\000\000\000\300|\b\200\370\301+\320\b\240\n\300D\016`A\252\240\007\000)\000\000\000\000\0000\037\002 ~\020\0135\002\250\0020\317\001\220\201\004\n@\001L\344\000V\244\n{\000\314\002\000\000\000\000\000\363!\000\342\007\264`#\200*\000\363\034\000\031P\b\200\000\0239\2005\251\202\037\000\266\000\000\000\000\000\300|\b\200\370\301-\334\b\240\n\300<\007@\006\026\004\034\300D\016`U\252\360\007@.\000\000\000\000\0000\037\002 ~\240\0138\002\250\0020\221\003X\227*\200\002\020\n\000\000\000\000\000\314\207\000\210\037\360B\216\000\252\000\314s\000d\220\201\002p\000\0239\200\205\251B(\000\276\000\000\000\000\000\300|\b\200\370\301/\350\b\240\n\300D\016`i\252p\n\300*\000\000\000\000\0000\037\002 ~\020\016;\002\250\0020\221\003X\233*\240\002\340\n\000\000\000\000\000\314\207\000\210\037\214\003\217\000\252\000L\344\000\026\247\n\251\000\220\002\000\000\000\000\000\363!\000\342\007\345\320#\200*\000\0239\200\325\251\202*\000\263\000\000\000\000\000\300|\b\200\370\3019\370\b\240\n\300D\016`y\252\320\n\200-\000\000\000\000\0000\037\002 ~\220\016?\002\250\0020\221\003X\237*\270\002\220\013\000\000\000\000\000\314\207\000\210\037\254\003\230\000\252\000L\344\000\026\030\250\302+\000\241\000\000\000\000\000\300|\b\200\370A;\204\t\240\n\300D\016`\205\201*\300\002\340\013\000\000\000\000\000\314\207\000\210\037\274\203\230\000\252\000L\344\000\226\030\250B-\000\244\000\000\000\000\000\300|\b\200\370A<\214\t\240\n\300D\016`\215\201*\330\002@\n\000\000\000\000\000\314\207\000\210\037\314\003\231\000\252\000L\344\000\026\031\250\302-\000\244\000\000\000\000\000\300|\b\200\370A=\224\t\240\n\300D\016`\225\201*\340\0020\013\000\000\000\000\000\314\207\000\210\037\334\203\231\000\252\000L\344\000\226\031\250\302.\000\241\000\000\000\000\000\300|\b\200\370A>\234\t\240\n\300D\016`\235\201*\360\002\020\n\000\000\000\000\000\314\207\000\210\037\354\003\232\000\252\000L\344\000\026\032\250B/\000\241\000\000\000\000\000\300|\b\200\370A?\244\t\240\n\300D\016`\245\201*\370\002\340\013\000\000\000\000\000\314\207\000\210\037\374\203\232\000\252\000L\344\000\226\032\250B9\000\244\000\000\000\000\000\300|\b\200\370AH\254\t\240\n\300D\016`\255\201*\230\003\020\n\000\000\000\000\000\314\207\000\210\037\214\004\233\000\252\000L\344\000\026\033\250\202:\000\263\000\000\000\000\000\300|\b\200\370AI\264\t\240\n\300D\016`\265\201*\254\003\340\013\000\000\000\000\000\314\207\000\210\037\234\204\233\000\252\000\314\360\215\202)\244B+\300\202,\324\002.\354B/\200\2038\220\2039\240\203:\260\203;\300\203<\320\203=\340\203>\360\203?\200\204H\220\204I\240\304\f\003\036\270A\036\3140\350\301\033\354\301\f\003\037\300\201\036\3140\360A\034\360\301\f\003\037\310\001\037\3140\360\301\034\364\301\f\003\037\320A\035\314\020\f\003\025\200\035\b\0000C\000\314D\b\300L\0003\0003\004wp\277\000p\034\307q\034X\270\201\033\230\202=\340\202)\330\003.\230\202=\340\202\033\200\202=\340\002(\330\003.\330\003.\230\202=\340\002(\330\003.\200\202=\340\202=\340\202)\330\003.\330\003.\330\003.\330\003.\330\003.\330\003.\330\003.\360\003.\360\003.\360\003.\360\003.\360\003.\360\003.\360\003.\360\003.\360\003.\360\003.\360\003.\360\003.\360\003.\360\003.\220\f\035\320\001\035\320\001\035\320\001\035Xt`\271\001$#\201\t\312\205\215\315\256\315\205L\354\314e\254n\224\240\0172bc\263ksi{#\253c+s1c\013;\233\033\345H\t\225X\t\226h\t\227x\211T\330\330\354\332\\\322\310\312\334\350F\t`\002\000\251\030\000\000/\000\000\000\013\nr(\207w\200\007zXp\230C=\270\3038\260C9\320\303\202\346\034\306\241\r\350A\036\302\301\035\346!\035\350!\035\336\301\035\026(\342P\016\346\360\016\362P\016\351\340\016\363@\017\013\222p0\007z(\007yH\007w\230\007zX\320\214\2039\234C=\204\203<\220\003=\204\203<\234C9\320\303\002\006\036\344\241\034\302\201\035\330\341\035\306!\034\350\241\034\310a\301q\016\343\320\006\354\220\016\366P\016\013\254q`\207pp\207sp\203p\220\207qp\203p\240\007z\b\207q@\207r \207q\b\007v`\207\005\007<\320\203<\204C=\320\003:, \326a\034\314!\035\000\000\000\000\321\020\000\000\006\000\000\000\007\314<\244\203;\234\003;\224\003=\240\203<\224C8\220\303\001\000\000\000a \000\000!\000\000\000\023\004B<\f\000\000\000\024\000\000\000\"G\310\220Q\006D\004\r\000\000\000Error_Handler\000\000\000\253\250C&n\002\220\t\202&\b\000\001@\304\017\000\240&\000\000\000V\0209\241\023;a\023:\017$\220!D\206\214\204*\nn\002P\306\303M\000\000\000\000\000\263\004\301\214AQ\0248\001\000\263\004\301\204\001\020\020\003\000\000\003\000\000\000[\004\340&\266\f\201\204\023\000\000\000\000\000\000\000a \000\000w\000\000\000\023\004B<\f\000\000\000U\000\000\000\"G\310\220Q\"\bM\000\000\000\000\035\0310SF\024\n\000vApplicationStackOverflowHook./Components/FreeRTOS/include\\task.hTaskHandle_ttskTaskControlBlock_ZTS19tskTaskControlBlockcharxTaskpcTaskName\253\250C&n\002\220\211\004-\022\000\001@\304\017\000\240&\000\000\000V\020`\301\026ma\023\203\n\000'\004\000\230d\t\223N\204\205-\000\000\000\000$\b\202\240\000\000\000\260\023\000\000\000\000\260\310\001\036\000\000\000\261\000\003\000\000\000\000X\344\000VN\204\305-\000c\001\000\000\000\000\300\236\003 \003\236@\000\004X\344\000\017\000\000@Y\200\001\000\000\000\000l\030\000\2620\213M\204\000\234\0050N\021~\242'd\"!\213\000\000\200u\2011N\021~\302'd\"1\013\001\000\000\235\007\022\310\020\"CFB)\005>\001\250\345\301'\000\023\004\200\231 \000\r\000\000\0003\021\200\201\214\302L\004` \2430l@\b\304\000\214\030\034\000\b\202A\301\204\373\377\377\377`\356\377\377\377C\271\377\377\377\0173\006E\302\007?\001\000\303\006D0\f\300\210\301\001\200 \030\024\f\270\377\377\377\017\344\376\377\377?\224\373\377\377\3770cP$\251\360\023\0000K\020\314\030\024J\361\023\0000K\020L\030\000\0011\003\000\000\000[\004\300'\266\f\207\364\023\000\000\000\000\000\000\000a \000\000%\000\000\000\023\004B<\f\000\000\000\030\000\000\000\"G\310\220Q\006\004\030\000\000\000\000\034\000\000\000vApplicationMallocFailedHook\253\250C&n\002\220\t\207&\034\000\001@\304\017\000\240&\000\000\000V\0209\241\023;a\023:\017$\220!D\206\214\204z\nn\002P\320\303M\000\000\000\000\000\263\004\301\214A\361\0248\001\000\263\004\301\204\001\020\020\003\000\000\003\000\000\000[\004\340&\266\f\201\204\023\000\000\000\000\000\000\000q \000\000\004\000\000\0002\016\020\"\204\000\370\b\030\260\231\200\003\224\n\000\000\000\000\000e\f\000\0001\000\000\000\022\003\224x\001\000\000\000\003\000\000\000V\000\000\000\t\000\000\000L\000\000\000\001\000\000\000X\000\000\000\000\000\000\000X\000\000\000\004\000\000\000\270\000\000\000\000\000\000\000_\000\000\000\031\000\000\000x\000\000\000\025\000\000\000\r\000\000\000\000\000\000\000\270\000\000\000\000\000\000\000\000\000\000\000\004\000\000\000\000\000\000\000\000\000\000\000\r\000\000\000\000\000\000\000\r\000\000\000\377\377\377\377\001$\000\000\r\000\000\000\035\000\000\000\r\000\000\000\035\000\000\000\377\377\377\377\001$\000\000*\000\000\000\020\000\000\000*\000\000\000\020\000\000\000\377\377\377\377\b,\000\000:\000\000\000\034\000\000\000:\000\000\000\034\000\000\000\377\377\377\377\001$\000\000\000\000\000\000]\f\000\000'\000\000\000\022\003\224-\001\000\000\000Error_HandlervApplicationStackOverflowHookllvm.dbg.declarevApplicationMallocFailedHook16.0.0gitthumbv7em-arm-none-eabihfUser/ErrorHandler.cpp\000\000\000\000\000\000"
	.size	.Lllvm.embedded.module, 5752

	.section	.debug_abbrev,"",%progbits
	.byte	1                               @ Abbreviation Code
	.byte	17                              @ DW_TAG_compile_unit
	.byte	1                               @ DW_CHILDREN_yes
	.byte	37                              @ DW_AT_producer
	.byte	14                              @ DW_FORM_strp
	.byte	19                              @ DW_AT_language
	.byte	5                               @ DW_FORM_data2
	.byte	3                               @ DW_AT_name
	.byte	14                              @ DW_FORM_strp
	.byte	16                              @ DW_AT_stmt_list
	.byte	23                              @ DW_FORM_sec_offset
	.byte	27                              @ DW_AT_comp_dir
	.byte	14                              @ DW_FORM_strp
	.byte	0                               @ EOM(1)
	.byte	0                               @ EOM(2)
	.byte	2                               @ Abbreviation Code
	.byte	22                              @ DW_TAG_typedef
	.byte	0                               @ DW_CHILDREN_no
	.byte	73                              @ DW_AT_type
	.byte	19                              @ DW_FORM_ref4
	.byte	3                               @ DW_AT_name
	.byte	14                              @ DW_FORM_strp
	.byte	58                              @ DW_AT_decl_file
	.byte	11                              @ DW_FORM_data1
	.byte	59                              @ DW_AT_decl_line
	.byte	11                              @ DW_FORM_data1
	.byte	0                               @ EOM(1)
	.byte	0                               @ EOM(2)
	.byte	3                               @ Abbreviation Code
	.byte	36                              @ DW_TAG_base_type
	.byte	0                               @ DW_CHILDREN_no
	.byte	3                               @ DW_AT_name
	.byte	14                              @ DW_FORM_strp
	.byte	62                              @ DW_AT_encoding
	.byte	11                              @ DW_FORM_data1
	.byte	11                              @ DW_AT_byte_size
	.byte	11                              @ DW_FORM_data1
	.byte	0                               @ EOM(1)
	.byte	0                               @ EOM(2)
	.byte	4                               @ Abbreviation Code
	.byte	8                               @ DW_TAG_imported_declaration
	.byte	0                               @ DW_CHILDREN_no
	.byte	58                              @ DW_AT_decl_file
	.byte	11                              @ DW_FORM_data1
	.byte	59                              @ DW_AT_decl_line
	.byte	11                              @ DW_FORM_data1
	.byte	24                              @ DW_AT_import
	.byte	19                              @ DW_FORM_ref4
	.byte	0                               @ EOM(1)
	.byte	0                               @ EOM(2)
	.byte	5                               @ Abbreviation Code
	.byte	8                               @ DW_TAG_imported_declaration
	.byte	0                               @ DW_CHILDREN_no
	.byte	58                              @ DW_AT_decl_file
	.byte	11                              @ DW_FORM_data1
	.byte	59                              @ DW_AT_decl_line
	.byte	5                               @ DW_FORM_data2
	.byte	24                              @ DW_AT_import
	.byte	19                              @ DW_FORM_ref4
	.byte	0                               @ EOM(1)
	.byte	0                               @ EOM(2)
	.byte	0                               @ EOM(3)
	.section	.debug_info,"",%progbits
.Lcu_begin0:
	.long	.Ldebug_info_end0-.Ldebug_info_start0 @ Length of Unit
.Ldebug_info_start0:
	.short	4                               @ DWARF version number
	.long	.debug_abbrev                   @ Offset Into Abbrev. Section
	.byte	4                               @ Address Size (in bytes)
	.byte	1                               @ Abbrev [1] 0xb:0x29d DW_TAG_compile_unit
	.long	.Linfo_string0                  @ DW_AT_producer
	.short	26                              @ DW_AT_language
	.long	.Linfo_string1                  @ DW_AT_name
	.long	.Lline_table_start0             @ DW_AT_stmt_list
	.long	.Linfo_string2                  @ DW_AT_comp_dir
	.byte	2                               @ Abbrev [2] 0x1e:0xb DW_TAG_typedef
	.long	41                              @ DW_AT_type
	.long	.Linfo_string4                  @ DW_AT_name
	.byte	1                               @ DW_AT_decl_file
	.byte	46                              @ DW_AT_decl_line
	.byte	3                               @ Abbrev [3] 0x29:0x7 DW_TAG_base_type
	.long	.Linfo_string3                  @ DW_AT_name
	.byte	7                               @ DW_AT_encoding
	.byte	4                               @ DW_AT_byte_size
	.byte	4                               @ Abbrev [4] 0x30:0x7 DW_TAG_imported_declaration
	.byte	1                               @ DW_AT_decl_file
	.byte	107                             @ DW_AT_decl_line
	.long	30                              @ DW_AT_import
	.byte	2                               @ Abbrev [2] 0x37:0xb DW_TAG_typedef
	.long	66                              @ DW_AT_type
	.long	.Linfo_string6                  @ DW_AT_name
	.byte	1                               @ DW_AT_decl_file
	.byte	38                              @ DW_AT_decl_line
	.byte	3                               @ Abbrev [3] 0x42:0x7 DW_TAG_base_type
	.long	.Linfo_string5                  @ DW_AT_name
	.byte	5                               @ DW_AT_encoding
	.byte	4                               @ DW_AT_byte_size
	.byte	4                               @ Abbrev [4] 0x49:0x7 DW_TAG_imported_declaration
	.byte	1                               @ DW_AT_decl_file
	.byte	108                             @ DW_AT_decl_line
	.long	55                              @ DW_AT_import
	.byte	2                               @ Abbrev [2] 0x50:0xb DW_TAG_typedef
	.long	91                              @ DW_AT_type
	.long	.Linfo_string8                  @ DW_AT_name
	.byte	1                               @ DW_AT_decl_file
	.byte	95                              @ DW_AT_decl_line
	.byte	3                               @ Abbrev [3] 0x5b:0x7 DW_TAG_base_type
	.long	.Linfo_string7                  @ DW_AT_name
	.byte	4                               @ DW_AT_encoding
	.byte	8                               @ DW_AT_byte_size
	.byte	4                               @ Abbrev [4] 0x62:0x7 DW_TAG_imported_declaration
	.byte	1                               @ DW_AT_decl_file
	.byte	110                             @ DW_AT_decl_line
	.long	80                              @ DW_AT_import
	.byte	2                               @ Abbrev [2] 0x69:0xb DW_TAG_typedef
	.long	116                             @ DW_AT_type
	.long	.Linfo_string10                 @ DW_AT_name
	.byte	2                               @ DW_AT_decl_file
	.byte	56                              @ DW_AT_decl_line
	.byte	3                               @ Abbrev [3] 0x74:0x7 DW_TAG_base_type
	.long	.Linfo_string9                  @ DW_AT_name
	.byte	6                               @ DW_AT_encoding
	.byte	1                               @ DW_AT_byte_size
	.byte	5                               @ Abbrev [5] 0x7b:0x8 DW_TAG_imported_declaration
	.byte	2                               @ DW_AT_decl_file
	.short	275                             @ DW_AT_decl_line
	.long	105                             @ DW_AT_import
	.byte	2                               @ Abbrev [2] 0x83:0xb DW_TAG_typedef
	.long	142                             @ DW_AT_type
	.long	.Linfo_string12                 @ DW_AT_name
	.byte	2                               @ DW_AT_decl_file
	.byte	57                              @ DW_AT_decl_line
	.byte	3                               @ Abbrev [3] 0x8e:0x7 DW_TAG_base_type
	.long	.Linfo_string11                 @ DW_AT_name
	.byte	5                               @ DW_AT_encoding
	.byte	2                               @ DW_AT_byte_size
	.byte	5                               @ Abbrev [5] 0x95:0x8 DW_TAG_imported_declaration
	.byte	2                               @ DW_AT_decl_file
	.short	276                             @ DW_AT_decl_line
	.long	131                             @ DW_AT_import
	.byte	2                               @ Abbrev [2] 0x9d:0xb DW_TAG_typedef
	.long	66                              @ DW_AT_type
	.long	.Linfo_string13                 @ DW_AT_name
	.byte	2                               @ DW_AT_decl_file
	.byte	58                              @ DW_AT_decl_line
	.byte	5                               @ Abbrev [5] 0xa8:0x8 DW_TAG_imported_declaration
	.byte	2                               @ DW_AT_decl_file
	.short	277                             @ DW_AT_decl_line
	.long	157                             @ DW_AT_import
	.byte	2                               @ Abbrev [2] 0xb0:0xb DW_TAG_typedef
	.long	187                             @ DW_AT_type
	.long	.Linfo_string15                 @ DW_AT_name
	.byte	2                               @ DW_AT_decl_file
	.byte	59                              @ DW_AT_decl_line
	.byte	3                               @ Abbrev [3] 0xbb:0x7 DW_TAG_base_type
	.long	.Linfo_string14                 @ DW_AT_name
	.byte	5                               @ DW_AT_encoding
	.byte	8                               @ DW_AT_byte_size
	.byte	5                               @ Abbrev [5] 0xc2:0x8 DW_TAG_imported_declaration
	.byte	2                               @ DW_AT_decl_file
	.short	278                             @ DW_AT_decl_line
	.long	176                             @ DW_AT_import
	.byte	2                               @ Abbrev [2] 0xca:0xb DW_TAG_typedef
	.long	213                             @ DW_AT_type
	.long	.Linfo_string17                 @ DW_AT_name
	.byte	2                               @ DW_AT_decl_file
	.byte	62                              @ DW_AT_decl_line
	.byte	3                               @ Abbrev [3] 0xd5:0x7 DW_TAG_base_type
	.long	.Linfo_string16                 @ DW_AT_name
	.byte	8                               @ DW_AT_encoding
	.byte	1                               @ DW_AT_byte_size
	.byte	5                               @ Abbrev [5] 0xdc:0x8 DW_TAG_imported_declaration
	.byte	2                               @ DW_AT_decl_file
	.short	279                             @ DW_AT_decl_line
	.long	202                             @ DW_AT_import
	.byte	2                               @ Abbrev [2] 0xe4:0xb DW_TAG_typedef
	.long	239                             @ DW_AT_type
	.long	.Linfo_string19                 @ DW_AT_name
	.byte	2                               @ DW_AT_decl_file
	.byte	63                              @ DW_AT_decl_line
	.byte	3                               @ Abbrev [3] 0xef:0x7 DW_TAG_base_type
	.long	.Linfo_string18                 @ DW_AT_name
	.byte	7                               @ DW_AT_encoding
	.byte	2                               @ DW_AT_byte_size
	.byte	5                               @ Abbrev [5] 0xf6:0x8 DW_TAG_imported_declaration
	.byte	2                               @ DW_AT_decl_file
	.short	280                             @ DW_AT_decl_line
	.long	228                             @ DW_AT_import
	.byte	2                               @ Abbrev [2] 0xfe:0xb DW_TAG_typedef
	.long	41                              @ DW_AT_type
	.long	.Linfo_string20                 @ DW_AT_name
	.byte	2                               @ DW_AT_decl_file
	.byte	64                              @ DW_AT_decl_line
	.byte	5                               @ Abbrev [5] 0x109:0x8 DW_TAG_imported_declaration
	.byte	2                               @ DW_AT_decl_file
	.short	281                             @ DW_AT_decl_line
	.long	254                             @ DW_AT_import
	.byte	2                               @ Abbrev [2] 0x111:0xb DW_TAG_typedef
	.long	284                             @ DW_AT_type
	.long	.Linfo_string22                 @ DW_AT_name
	.byte	2                               @ DW_AT_decl_file
	.byte	65                              @ DW_AT_decl_line
	.byte	3                               @ Abbrev [3] 0x11c:0x7 DW_TAG_base_type
	.long	.Linfo_string21                 @ DW_AT_name
	.byte	7                               @ DW_AT_encoding
	.byte	8                               @ DW_AT_byte_size
	.byte	5                               @ Abbrev [5] 0x123:0x8 DW_TAG_imported_declaration
	.byte	2                               @ DW_AT_decl_file
	.short	282                             @ DW_AT_decl_line
	.long	273                             @ DW_AT_import
	.byte	2                               @ Abbrev [2] 0x12b:0xb DW_TAG_typedef
	.long	116                             @ DW_AT_type
	.long	.Linfo_string23                 @ DW_AT_name
	.byte	2                               @ DW_AT_decl_file
	.byte	71                              @ DW_AT_decl_line
	.byte	5                               @ Abbrev [5] 0x136:0x8 DW_TAG_imported_declaration
	.byte	2                               @ DW_AT_decl_file
	.short	283                             @ DW_AT_decl_line
	.long	299                             @ DW_AT_import
	.byte	2                               @ Abbrev [2] 0x13e:0xb DW_TAG_typedef
	.long	142                             @ DW_AT_type
	.long	.Linfo_string24                 @ DW_AT_name
	.byte	2                               @ DW_AT_decl_file
	.byte	72                              @ DW_AT_decl_line
	.byte	5                               @ Abbrev [5] 0x149:0x8 DW_TAG_imported_declaration
	.byte	2                               @ DW_AT_decl_file
	.short	284                             @ DW_AT_decl_line
	.long	318                             @ DW_AT_import
	.byte	2                               @ Abbrev [2] 0x151:0xb DW_TAG_typedef
	.long	66                              @ DW_AT_type
	.long	.Linfo_string25                 @ DW_AT_name
	.byte	2                               @ DW_AT_decl_file
	.byte	73                              @ DW_AT_decl_line
	.byte	5                               @ Abbrev [5] 0x15c:0x8 DW_TAG_imported_declaration
	.byte	2                               @ DW_AT_decl_file
	.short	285                             @ DW_AT_decl_line
	.long	337                             @ DW_AT_import
	.byte	2                               @ Abbrev [2] 0x164:0xb DW_TAG_typedef
	.long	187                             @ DW_AT_type
	.long	.Linfo_string26                 @ DW_AT_name
	.byte	2                               @ DW_AT_decl_file
	.byte	74                              @ DW_AT_decl_line
	.byte	5                               @ Abbrev [5] 0x16f:0x8 DW_TAG_imported_declaration
	.byte	2                               @ DW_AT_decl_file
	.short	286                             @ DW_AT_decl_line
	.long	356                             @ DW_AT_import
	.byte	2                               @ Abbrev [2] 0x177:0xb DW_TAG_typedef
	.long	213                             @ DW_AT_type
	.long	.Linfo_string27                 @ DW_AT_name
	.byte	2                               @ DW_AT_decl_file
	.byte	77                              @ DW_AT_decl_line
	.byte	5                               @ Abbrev [5] 0x182:0x8 DW_TAG_imported_declaration
	.byte	2                               @ DW_AT_decl_file
	.short	287                             @ DW_AT_decl_line
	.long	375                             @ DW_AT_import
	.byte	2                               @ Abbrev [2] 0x18a:0xb DW_TAG_typedef
	.long	239                             @ DW_AT_type
	.long	.Linfo_string28                 @ DW_AT_name
	.byte	2                               @ DW_AT_decl_file
	.byte	78                              @ DW_AT_decl_line
	.byte	5                               @ Abbrev [5] 0x195:0x8 DW_TAG_imported_declaration
	.byte	2                               @ DW_AT_decl_file
	.short	288                             @ DW_AT_decl_line
	.long	394                             @ DW_AT_import
	.byte	2                               @ Abbrev [2] 0x19d:0xb DW_TAG_typedef
	.long	41                              @ DW_AT_type
	.long	.Linfo_string29                 @ DW_AT_name
	.byte	2                               @ DW_AT_decl_file
	.byte	79                              @ DW_AT_decl_line
	.byte	5                               @ Abbrev [5] 0x1a8:0x8 DW_TAG_imported_declaration
	.byte	2                               @ DW_AT_decl_file
	.short	289                             @ DW_AT_decl_line
	.long	413                             @ DW_AT_import
	.byte	2                               @ Abbrev [2] 0x1b0:0xb DW_TAG_typedef
	.long	284                             @ DW_AT_type
	.long	.Linfo_string30                 @ DW_AT_name
	.byte	2                               @ DW_AT_decl_file
	.byte	80                              @ DW_AT_decl_line
	.byte	5                               @ Abbrev [5] 0x1bb:0x8 DW_TAG_imported_declaration
	.byte	2                               @ DW_AT_decl_file
	.short	290                             @ DW_AT_decl_line
	.long	432                             @ DW_AT_import
	.byte	2                               @ Abbrev [2] 0x1c3:0xb DW_TAG_typedef
	.long	66                              @ DW_AT_type
	.long	.Linfo_string31                 @ DW_AT_name
	.byte	2                               @ DW_AT_decl_file
	.byte	85                              @ DW_AT_decl_line
	.byte	5                               @ Abbrev [5] 0x1ce:0x8 DW_TAG_imported_declaration
	.byte	2                               @ DW_AT_decl_file
	.short	291                             @ DW_AT_decl_line
	.long	451                             @ DW_AT_import
	.byte	2                               @ Abbrev [2] 0x1d6:0xb DW_TAG_typedef
	.long	66                              @ DW_AT_type
	.long	.Linfo_string32                 @ DW_AT_name
	.byte	2                               @ DW_AT_decl_file
	.byte	86                              @ DW_AT_decl_line
	.byte	5                               @ Abbrev [5] 0x1e1:0x8 DW_TAG_imported_declaration
	.byte	2                               @ DW_AT_decl_file
	.short	292                             @ DW_AT_decl_line
	.long	470                             @ DW_AT_import
	.byte	2                               @ Abbrev [2] 0x1e9:0xb DW_TAG_typedef
	.long	66                              @ DW_AT_type
	.long	.Linfo_string33                 @ DW_AT_name
	.byte	2                               @ DW_AT_decl_file
	.byte	87                              @ DW_AT_decl_line
	.byte	5                               @ Abbrev [5] 0x1f4:0x8 DW_TAG_imported_declaration
	.byte	2                               @ DW_AT_decl_file
	.short	293                             @ DW_AT_decl_line
	.long	489                             @ DW_AT_import
	.byte	2                               @ Abbrev [2] 0x1fc:0xb DW_TAG_typedef
	.long	187                             @ DW_AT_type
	.long	.Linfo_string34                 @ DW_AT_name
	.byte	2                               @ DW_AT_decl_file
	.byte	88                              @ DW_AT_decl_line
	.byte	5                               @ Abbrev [5] 0x207:0x8 DW_TAG_imported_declaration
	.byte	2                               @ DW_AT_decl_file
	.short	294                             @ DW_AT_decl_line
	.long	508                             @ DW_AT_import
	.byte	2                               @ Abbrev [2] 0x20f:0xb DW_TAG_typedef
	.long	41                              @ DW_AT_type
	.long	.Linfo_string35                 @ DW_AT_name
	.byte	2                               @ DW_AT_decl_file
	.byte	91                              @ DW_AT_decl_line
	.byte	5                               @ Abbrev [5] 0x21a:0x8 DW_TAG_imported_declaration
	.byte	2                               @ DW_AT_decl_file
	.short	295                             @ DW_AT_decl_line
	.long	527                             @ DW_AT_import
	.byte	2                               @ Abbrev [2] 0x222:0xb DW_TAG_typedef
	.long	41                              @ DW_AT_type
	.long	.Linfo_string36                 @ DW_AT_name
	.byte	2                               @ DW_AT_decl_file
	.byte	92                              @ DW_AT_decl_line
	.byte	5                               @ Abbrev [5] 0x22d:0x8 DW_TAG_imported_declaration
	.byte	2                               @ DW_AT_decl_file
	.short	296                             @ DW_AT_decl_line
	.long	546                             @ DW_AT_import
	.byte	2                               @ Abbrev [2] 0x235:0xb DW_TAG_typedef
	.long	41                              @ DW_AT_type
	.long	.Linfo_string37                 @ DW_AT_name
	.byte	2                               @ DW_AT_decl_file
	.byte	93                              @ DW_AT_decl_line
	.byte	5                               @ Abbrev [5] 0x240:0x8 DW_TAG_imported_declaration
	.byte	2                               @ DW_AT_decl_file
	.short	297                             @ DW_AT_decl_line
	.long	565                             @ DW_AT_import
	.byte	2                               @ Abbrev [2] 0x248:0xb DW_TAG_typedef
	.long	284                             @ DW_AT_type
	.long	.Linfo_string38                 @ DW_AT_name
	.byte	2                               @ DW_AT_decl_file
	.byte	94                              @ DW_AT_decl_line
	.byte	5                               @ Abbrev [5] 0x253:0x8 DW_TAG_imported_declaration
	.byte	2                               @ DW_AT_decl_file
	.short	298                             @ DW_AT_decl_line
	.long	584                             @ DW_AT_import
	.byte	2                               @ Abbrev [2] 0x25b:0xb DW_TAG_typedef
	.long	66                              @ DW_AT_type
	.long	.Linfo_string39                 @ DW_AT_name
	.byte	2                               @ DW_AT_decl_file
	.byte	101                             @ DW_AT_decl_line
	.byte	5                               @ Abbrev [5] 0x266:0x8 DW_TAG_imported_declaration
	.byte	2                               @ DW_AT_decl_file
	.short	299                             @ DW_AT_decl_line
	.long	603                             @ DW_AT_import
	.byte	2                               @ Abbrev [2] 0x26e:0xb DW_TAG_typedef
	.long	41                              @ DW_AT_type
	.long	.Linfo_string40                 @ DW_AT_name
	.byte	2                               @ DW_AT_decl_file
	.byte	102                             @ DW_AT_decl_line
	.byte	5                               @ Abbrev [5] 0x279:0x8 DW_TAG_imported_declaration
	.byte	2                               @ DW_AT_decl_file
	.short	300                             @ DW_AT_decl_line
	.long	622                             @ DW_AT_import
	.byte	2                               @ Abbrev [2] 0x281:0xb DW_TAG_typedef
	.long	187                             @ DW_AT_type
	.long	.Linfo_string41                 @ DW_AT_name
	.byte	2                               @ DW_AT_decl_file
	.byte	106                             @ DW_AT_decl_line
	.byte	5                               @ Abbrev [5] 0x28c:0x8 DW_TAG_imported_declaration
	.byte	2                               @ DW_AT_decl_file
	.short	301                             @ DW_AT_decl_line
	.long	641                             @ DW_AT_import
	.byte	2                               @ Abbrev [2] 0x294:0xb DW_TAG_typedef
	.long	284                             @ DW_AT_type
	.long	.Linfo_string42                 @ DW_AT_name
	.byte	2                               @ DW_AT_decl_file
	.byte	107                             @ DW_AT_decl_line
	.byte	5                               @ Abbrev [5] 0x29f:0x8 DW_TAG_imported_declaration
	.byte	2                               @ DW_AT_decl_file
	.short	302                             @ DW_AT_decl_line
	.long	660                             @ DW_AT_import
	.byte	0                               @ End Of Children Mark
.Ldebug_info_end0:
	.section	.debug_str,"MS",%progbits,1
.Linfo_string0:
	.asciz	"Component: Arm Compiler for Embedded 6.19 Tool: armclang [5e73cb00]" @ string offset=0
.Linfo_string1:
	.asciz	"User\\ErrorHandler.cpp"        @ string offset=68
.Linfo_string2:
	.asciz	"C:\\Users\\CHALLENGER\\Documents\\KeXieData\\Project\\DigitalPower\\BootLoader" @ string offset=90
.Linfo_string3:
	.asciz	"unsigned int"                  @ string offset=162
.Linfo_string4:
	.asciz	"size_t"                        @ string offset=175
.Linfo_string5:
	.asciz	"int"                           @ string offset=182
.Linfo_string6:
	.asciz	"ptrdiff_t"                     @ string offset=186
.Linfo_string7:
	.asciz	"long double"                   @ string offset=196
.Linfo_string8:
	.asciz	"max_align_t"                   @ string offset=208
.Linfo_string9:
	.asciz	"signed char"                   @ string offset=220
.Linfo_string10:
	.asciz	"int8_t"                        @ string offset=232
.Linfo_string11:
	.asciz	"short"                         @ string offset=239
.Linfo_string12:
	.asciz	"int16_t"                       @ string offset=245
.Linfo_string13:
	.asciz	"int32_t"                       @ string offset=253
.Linfo_string14:
	.asciz	"long long"                     @ string offset=261
.Linfo_string15:
	.asciz	"int64_t"                       @ string offset=271
.Linfo_string16:
	.asciz	"unsigned char"                 @ string offset=279
.Linfo_string17:
	.asciz	"uint8_t"                       @ string offset=293
.Linfo_string18:
	.asciz	"unsigned short"                @ string offset=301
.Linfo_string19:
	.asciz	"uint16_t"                      @ string offset=316
.Linfo_string20:
	.asciz	"uint32_t"                      @ string offset=325
.Linfo_string21:
	.asciz	"unsigned long long"            @ string offset=334
.Linfo_string22:
	.asciz	"uint64_t"                      @ string offset=353
.Linfo_string23:
	.asciz	"int_least8_t"                  @ string offset=362
.Linfo_string24:
	.asciz	"int_least16_t"                 @ string offset=375
.Linfo_string25:
	.asciz	"int_least32_t"                 @ string offset=389
.Linfo_string26:
	.asciz	"int_least64_t"                 @ string offset=403
.Linfo_string27:
	.asciz	"uint_least8_t"                 @ string offset=417
.Linfo_string28:
	.asciz	"uint_least16_t"                @ string offset=431
.Linfo_string29:
	.asciz	"uint_least32_t"                @ string offset=446
.Linfo_string30:
	.asciz	"uint_least64_t"                @ string offset=461
.Linfo_string31:
	.asciz	"int_fast8_t"                   @ string offset=476
.Linfo_string32:
	.asciz	"int_fast16_t"                  @ string offset=488
.Linfo_string33:
	.asciz	"int_fast32_t"                  @ string offset=501
.Linfo_string34:
	.asciz	"int_fast64_t"                  @ string offset=514
.Linfo_string35:
	.asciz	"uint_fast8_t"                  @ string offset=527
.Linfo_string36:
	.asciz	"uint_fast16_t"                 @ string offset=540
.Linfo_string37:
	.asciz	"uint_fast32_t"                 @ string offset=554
.Linfo_string38:
	.asciz	"uint_fast64_t"                 @ string offset=568
.Linfo_string39:
	.asciz	"intptr_t"                      @ string offset=582
.Linfo_string40:
	.asciz	"uintptr_t"                     @ string offset=591
.Linfo_string41:
	.asciz	"intmax_t"                      @ string offset=601
.Linfo_string42:
	.asciz	"uintmax_t"                     @ string offset=610
	.ident	"Component: Arm Compiler for Embedded 6.19 Tool: armclang [5e73cb00]"
	.section	".note.GNU-stack","",%progbits
	.ARM_attribute	16, 1	@ Tag_AV_eba
	.section	.debug_line,"",%progbits
.Lline_table_start0:
