	.text
	.syntax unified
	.eabi_attribute	67, "2.09"	@ Tag_conformance
	.cpu	cortex-m4
	.eabi_attribute	6, 13	@ Tag_CPU_arch
	.eabi_attribute	7, 77	@ Tag_CPU_arch_profile
	.eabi_attribute	8, 0	@ Tag_ARM_ISA_use
	.eabi_attribute	9, 2	@ Tag_THUMB_ISA_use
	.fpu	fpv4-sp-d16
	.eabi_attribute	27, 1	@ Tag_ABI_HardFP_use
	.eabi_attribute	36, 1	@ Tag_FP_HP_extension
	.eabi_attribute	34, 1	@ Tag_CPU_unaligned_access
	.eabi_attribute	17, 1	@ Tag_ABI_PCS_GOT_use
	.eabi_attribute	20, 2	@ Tag_ABI_FP_denormal
	.eabi_attribute	21, 0	@ Tag_ABI_FP_exceptions
	.eabi_attribute	23, 1	@ Tag_ABI_FP_number_model
	.eabi_attribute	24, 1	@ Tag_ABI_align_needed
	.eabi_attribute	25, 1	@ Tag_ABI_align_preserved
	.eabi_attribute	28, 1	@ Tag_ABI_VFP_args
	.eabi_attribute	38, 1	@ Tag_ABI_FP_16bit_format
	.eabi_attribute	18, 2	@ Tag_ABI_PCS_wchar_t
	.eabi_attribute	26, 1	@ Tag_ABI_enum_size
	.eabi_attribute	14, 0	@ Tag_ABI_PCS_R9_use
	.file	"FreeRTOSInnerTaskMemorys.c"
	.file	1 "C:\\Users\\CHALLENGER\\Documents\\KeXieData\\Project\\DigitalPower\\BootLoader" "./Components/FreeRTOS/include\\FreeRTOS.h"
	.file	2 "C:\\Keil_v5\\ARM\\ARMCLANG\\Bin\\..\\include" "stdint.h"
	.file	3 "C:\\Users\\CHALLENGER\\Documents\\KeXieData\\Project\\DigitalPower\\BootLoader" "./Components/FreeRTOS/include/portmacro.h"
	.file	4 "C:\\Users\\CHALLENGER\\Documents\\KeXieData\\Project\\DigitalPower\\BootLoader" "User/FreeRTOSInnerTaskMemorys.c"
	.type	.Lllvm.embedded.module,%object  @ @llvm.embedded.module
	.section	.llvmbc,"",%progbits
	.p2align	4, 0x0
.Lllvm.embedded.module:
	.asciz	"BC\300\3365\024\000\000\005\000\000\000b\f0$MY\276f\255\373\264O\033\310$D\0012\005\000!\f\000\000\272\004\000\000\013\002!\000\002\000\000\000\026\000\000\000\007\201#\221A\310\004I\006\02029\222\001\204\f%\005\b\031\036\004\213b\200\024E\002B\222\013B\244\0202\0248\b\030K\n2R\210Hp\304!#D\022\207\214\020A\222\002d\310\b\261\024 CF\210 \311\0012R\204\030*(*\2201|\260\\\221 \305\310\000\000\000\211 \000\000\035\000\000\0002\"H\t bF\000!+$\230\024!%$\230\024\031'\f\205\244\220`Rd\\ $e\202 \2529\0020P\002\200\2304E\2240\371\027\333j\255\310\375\245\310\266\277\330zf\022\202P\2011G\200(DQ\201\240\001A\003\nJ\322\024Q\302\344_l\253\265\"\367\267\334\226\024@\0020\347\240T\0240 \214\000\030\202\001\000\006\002\f\301\234ss\004\240\000Q\030\000\000\353\000\000\000\033\310)\370\377\377\377\377\001p\000\t(\003\202\034\312\301\035\336A\036\332!\034\330\241\r\314\001\036\332\240\035\302\201\036\320\001\200\007y(\207y(\007y\260\207rh\203yH\207sp\0076\200\007y(\207y(\007y\260\207rh\203yH\207sp\007\2000\007y\b\207v(\2076\200\207wH\007w\240\207r\220\007\300\035\336\301\035\312\001 \332!\035\334\241\r\330\241\034\316!\034\330\241\r\354\241\034\306\201\036\336A\036\332\340\036\322\201\034\350\001\035\0008\000\bwx\2076H\007w0\207yh\003s\200\2076h\207p\240\007t\000\350A\036\352\241\034\000\302\035\336\241\r\334!\034\334a\036\332\300\034\340\241\r\332!\034\350\001\035\000z\220\207z(\007\200p\207wh\203yH\207sp\207r \2076\320\207r\220\207w\230\20760\007xh\203v\b\007z@\007\200\036\344\241\036\312\001 \346\201\036\302a\034\326\241\r\340A\036\336\201\036\312a\034\350\341\035\344\241\r\304\241\036\314\301\034\312A\036\332`\036\322A\037\312\001\300\003\200\240\207p\220\207s(\007zh\203q\200\207z\000\306\341\035\344\201\036\312\001\037\332\240\035\350\000 \350!\034\344\341\034\312\201\036\332\300\034\312!\034\350\241\036\344\241\034\346\001X\203p\220\207v\260\207;(\2076h\0076X\003r\230\007x`\20350\007x\210\003;`\2035@\207{ \207t\260\0076X\003z@\207zh\007qh\203vx\007r(\0076X\003{0\007x\220\203y\200\0076X\003{0\007x\230\003r\210\003;\230\007x`\2035\260\007s\200\007: \2078\260\203y\200\0076h\203p(\207y`\2036\020\007s\210\003;`\2036\030\007r(\207q\200\0078`\2036\030\007r(\207q\200\2078`\2036\030\007r(\207q\200\0079`\2036\030\007r(\207q\200\2079`\2036\030\007r(\207q\200\007:`\2036\030\007r(\207q\200\207:`\2036\030\007r(\207q\200\007;`\2036\030\007r(\207q\200\207;`\2036\030\007y\030\0076h\203q\220\207|\200\007zx\0076h\003r\230\0039`\2036 \207w\240\007x\220\207w \0076h\003s\030\207r`\20360\007xh\203p\220\207v\260\007<`\20360\007xh\203p\220\207v\260\007< \2078\260\0036h\003s\200\2076\b\007yh\007{\300\003r\210\003;\230\007x`\20360\007xh\203p\220\207v\260\007<\230\007x`\20360\007x\210\003;0\207v`\0076h\003s\200\007;\240\0036h\003s\250\007v`\007s\200\2078\260\0036h\003t\270\007rH\007{h\203p\220\207v`\2036H\007<h\207v`\2036`\207w\020\0076h\203v\260\207r`\2036h\007{(\00770\007x`\2036p\207rx\007w`\2036\200\207p\030\007q\240\207t`\2036\220\207p\230\0076h\203y\020\0076h\203y@\207p\220\0036h\003{0\007x\220\0036h\003{0\007x\230\0036h\003{0\007x\230\003r\210\003;`\2036\260\007s\200\2079\230\007x`\2036\260\007s\200\007:`\2036\260\007s\200\007: \2078\260\0036h\003{0\007x\240\203y\200\007`\003!\004\000)l \006\001 \205\r\0041\000\244\260\001*\376\377\377\377\177\000N\001\360\003\340\017\000\t\240\200:\000\372\000\000I\030\000\000\002\000\000\000\023\210@\030\210\tA\001\0232z@\207zh\007q\260\207;(\207vh\203p\220\207vh\003wx\007w(\2076(\207p\020\207t@\007s\3300\007\345\320\006\355\240\007\345\320\006\360\240\007s \007z0\007r\320\006\246\220\016x\320\006\351`\007t\240\007v@\007m`\017q \007x\240\007v@\007z\020\007r\200\007m\020\016z\000\007z0\007r\320\006\3560\007r\320\006\263`\007t\240\364\200\020!!d\310H\021\021@#\204\311\351W\235\227\345/\243\274\\\226R\237\323\244\333]\226S\303\363u\263\334~\313\363s\327x\307\004\240\201\"@\303\000\000\000\000\000\000\020\240\001\000\354\230\320 \r\026!\032\006\000\000\000\000\000\200\000\r\000`H\025\013]\003\000@\000\000\001\000\000\000\000\000\001\200\006\300\220\312\035\240\007\b\000\001\000\000\000\000\000\000\000\000\000\r\000\211\r\002\205}\t\000\000\262@\000\000\013\000\000\0002\036\230\024\031\021L\220\214\t&G\306\004C\n\345P\bEP\006%0\002@\260\b\n\244\004\n\241\000\005H\215\000\320\032\001\000\000\000\261\030\000\000\265\000\000\0003\b\200\034\304\341\034f\024\001=\210C8\204\303\214B\200\007yx\007s\230q\f\346\000\017\355\020\016\364\200\0163\fB\036\302\301\035\316\241\034f0\005=\210C8\204\203\033\314\003=\310C=\214\003=\314x\214tp\007{\b\007yH\207pp\007zp\003vx\207p \207\031\314\021\016\354\220\016\3410\017n0\017\343\360\016\360P\0163\020\304\035\336!\034\330!\035\302a\036f0\211;\274\203;\320C9\264\003<\274\203<\204\003;\314\360\024v`\007{h\0077h\207rh\0077\200\207p\220\207p`\007v(\007v\370\005vx\207w\200\207_\b\207q\030\207r\230\207y\230\201,\356\360\016\356\340\016\365\300\016\3540\003b\310\241\034\344\241\034\314\241\034\344\241\034\334a\034\312!\034\304\201\035\312a\006\326\220C9\310C9\230C9\310C9\270\3038\224C8\210\003;\224\303/\274\203<\374\202;\324\003;\260\303\f\307i\207pX\207rp\203th\007x`\207t\030\207t\240\207\031\316S\017\356\000\017\362P\016\344\220\016\343@\017\341 \016\354P\0163 (\035\334\301\036\302A\036\322!\034\334\201\036\334\340\034\344\341\035\352\001\036f\030Q8\260C:\234\203;\314P$v`\007{h\0077`\207wx\007x\230QL\364\220\017\360P\0163\036j\036\312a\034\350!\035\336\301\035~\001\036\344\241\034\314!\035\360a\006T\205\2038\314\303;\260C=\320C9\374\302<\344C;\210\303;\260\303\214\305\n\207y\230\207w\030\207t\b\007z(\007r\230\201\\\343\020\016\354\300\016\345P\016\3630#\301\322A\036\344\341\027\330\341\035\336\001\036fH\031;\260\203=\264\203\033\204\3038\214C9\314\303<\270\3019\310\303;\324\003<\314H\264q\b\007v`\007q\b\207qX\207\031\333\306\016\354`\017\355\340\006\360 \017\3450\017\345 \017\366P\016n\020\016\3430\016\3450\017\363\340\006\351\340\016\344P\016\3700#\342\354a\034\302\201\035\330\341\027\354!\035\346!\035\304!\035\330!\035\350!\037f \235;\274C=\270\0039\224\2039\314X\274pp\007wx\007z\b\007zH\207wp\207\031\313\347\016\3570\017\341\340\016\351@\017\351\240\017\3450\303\001\003s\250\007w\030\207_\230\207pp\207t\240\207t\320\207r\230\201\204A9\340\3038\260C=\220C9\314@\304\240\035\312\241\035\340A\036\336\301\034f$c0\016\341\300\016\3540\017\351@\017\3450C!\203u\030\007sH\207_\240\207|\200\207r\230\261\224\001<\214\303<\224\3038\320C:\274\203;\314\003\000\000\000y \000\000\356\001\000\000r\036H C\210\f\031\tr2H #\201\214\221\221\321D\240\020(d<12B\216\220!\243\310\006h\220c\000\000\000\337)\214\302\033 \316\327\241\001\223\006\013\302,\310\001!K\203 G\223$I\222D\207\202,J#)\215$M\004\000\000\000User\\FreeRTOSInnerTaskMemorys.cC:\\Users\\CHALLENGER\\Documents\\KeXieData\\Project\\DigitalPower\\BootLoaderComponent: Arm Compiler for Embedded 6.19 Tool: armclang [5e73cb00]C:\\Keil_v5\\ARM\\ARMCLANG\\Bin\\..\\include\\stdint.huint16_tunsigned shortUser/FreeRTOSInnerTaskMemorys.cvApplicationGetIdleTaskMemory./Components/FreeRTOS/include\\FreeRTOS.hStaticTask_t./Components/FreeRTOS/include/portmacro.hStackType_tuint32_tunsigned intxSTATIC_TCBpxDummy1xDummy3StaticListItem_tuxDummy5UBaseType_tunsigned longpxDummy6ucDummy7uint8_tunsigned charuxDummy10uxDummy12ulDummy18ucDummy19uxDummy20xSTATIC_LIST_ITEMxDummy2TickType_tpvDummy3stackBuffertaskBufferDwarf VersionDebug Info Versionwchar_sizestatic_rwdataenumsize_buildattrarmlib_unavailablearmcompiler-version6.19\000\000\000f\324\001\000\000\000\000\0000\202\000)#\b\3202\202\0001#\bP3\202\0009#\b\0011\202\020\024#\b\2011\202\020\034#\b\0012\202\020$#Y\303\364\241B\\\006\000\000\026\000\000\334\003\000\000\000\000\000\000\000\214d\r\323\203\n\350\031\000\000x\001\000\000\017\000\000\000\000\000\000\0000\025u\234\002\002\234\202@\013\004\200\000 \322\007\000\200\017\000\000\000\2635\205\036\214\001p\n\306>\004\001\000\000\300lM\241\007d\000\234B\221\nA\000\000\0000\224\0250~0\004\000\000\004\200(\000\246\000\000\000\000\b\000\000\fT\000\201\000\000\003\025\000\001\000\300<\007@\006\006\004\034\300D\016`\025\177\360\007\000(\000\000\000\000\0000C\020\n\323\005\306\224\301\000\360\301(L\031\f\300\036\214\302\f\002)\224\302@\005p\b\0000P\001$\002\000L\344\000\226\202\n8\032\000y\000\000\000\000\000\300D\016\360\000\000\000\244\002\030\000\000\000\000\300D\016\360\000\000\000\250\002\030\000\000\000\000\300@\005\260\b\0000\317\001\220\201\003\006\300\001L\344\000V\363\007\240\000\264\002\000\000\000\000\000\0239\200\305\260\002\036\000\256\000\000\000\000\000\300D\016\360\000\000\000\274\002\030\000\000\000\000\300D\016\360\000\000\000\300\002\030\000\000\000\000\300D\016\360\000\000\000\270\002\030\000\000\000\000\300\f\004\260\n\261 \0133\021\0020\013\300D\016\360\000\000\000\000`\000\000\000\000\000\0239@\003\241\202z\006yP\013`\000\000\000\000\000\0239\200%\241\002_\006\000\036\000\000\000\000\0000MA\264\001\000\0003\004\2700\222%\004\000\000\000\267\000*\000\000\344\002\000\000\000\000\000\000\000L\344\000M\204\n\356\031\344\201.\200\n\000\006\000\000\000\363\034\000\031T`\000\034\300D\016`Q\254\240\007\000/\000\000\000\000\0000\221\0034\023*\274g\220\007\275\000\006\000\270\000\000\000L\344\000\215\205\n\360\031\344A-\200\001\0002\000\000\000\363\034\000\031d\b\200\000\0239\200\205\375\201\037\000\340\000\000\000\000\000\3004\005\341\006\000\000\314\020\210\303H\226\020\000\000\000\204\003H\000\0000\016\000\000\000\000\000\000\0000\221\0034\027*\304g\220\007\344\000\022\000\330\000\000\000\214d\t\001\000\000@/\200\002\000\000\271\000\000\000\000\000\000\000\000\0239@\243\241B~\006y`\016\240\000\200\021\000\000\300D\016\320l\250\300\237A\036\230\003(\000\340\004\000\0000MA\274\001\000\0003\004\3510\222%\004\000\000\000\256\000\006\000\000\250\003\000\000\000\000\000\000\000L\344\000\r\207\n+\032\344\301:\200\001\000V\000\000\000#YB\000\000\000\020\016\b\000\000\352\000\000\000\000\000\000\000\000\0239@\323\241\002\213\006y\320\016\b\000Z\000\000\000\0239@\343\241\302\213\006y\020\016\b\200Z\000\000\0003(\266\260\013\276\360\013\345p\016\350\300\016\356\360\016\0239\200\025\006\254\000\n\200+\000\000\000\000\0000\221\0034`\200\nv\031\340A<\200\001\000\000\000\000LS\020p\000\000\300\f\301<\214d\t\001\000\000@-\200\004\000\000\364\000\000\000\000\000\000\000\000\0239@#\006\250p\227\001\036\324\003H\000`\000\000\0000\203 \017\3660\0030MA\304\001\000\0003\004\3710\222%\004\000\000\000\257\000\202\004\000\000\372\000\000\000\000\000\000\000\0003\frP\006s0\303@\007fP\0073\fvp\006t0\303`\007h`\0073\fv\220\006v0\303`\007jp\0073\fv\260\006l0C0\334-\000\034\307q\034\307q\034\307\311\205\\\260\205=\330\203Y\270\201\033\200\202=p\026\035\320\001\032\270\201\033\360\003<\300\203\033\230\202=\330\003<\300\003<\350\201\033\250\003J\360\003\035pf\341\022\246`\017.\341\022\240`\017t\300\231\205K\230\205K\270\004\035pf\341\022`\201\022(\201\022\374\340\022t\300\231\005M\240\001D\007\034[\320\001\035\320\001\035\320\001\035\320\201\214\004&(\02766\2736\0272\2613\227\261\272Q\002>\310\210\215\315\256\315\245\355\215\254\216\255\314\305\214-\354ln\224c\037\370\241\037\374\341\037@\"$Rac\263ksI#+s\243\033%\020\211!\203\001\000Fa\310`\b\000R\000\251\030\000\000/\000\000\000\013\nr(\207w\200\007zXp\230C=\270\3038\260C9\320\303\202\346\034\306\241\r\350A\036\302\301\035\346!\035\350!\035\336\301\035\026(\342P\016\346\360\016\362P\016\351\340\016\363@\017\013\222p0\007z(\007yH\007w\230\007zX\320\214\2039\234C=\204\203<\220\003=\204\203<\234C9\320\303\002\006\036\344\241\034\302\201\035\330\341\035\306!\034\350\241\034\310a\301q\016\343\320\006\354\220\016\366P\016\013\254q`\207pp\207sp\203p\220\207qp\203p\240\007z\b\207q@\207r \207q\b\007v`\207\005\007<\320\203<\204C=\320\003:, \326a\034\314!\035\000\000\000\000\321\020\000\000\006\000\000\000\007\314<\244\203;\234\003;\224\003=\240\203<\224C8\220\303\001\000\000\000a \000\000_\000\000\000\023\004A,\020\000\000\000\002\000\000\000\024\nP\000\000\000\000\000\3610\000\000 \000\000\000\"G\310\220Q\016\204(\000\000\000\000\224E\001\000ppxIdleTaskTCBBufferppxIdleTaskStackBufferpulIdleTaskStackSize\000\000\343\024A\017H\342\024\204U\b\000\000\030\247\bzP\022\2470\304\202\000\000\3008E\320\003\2238\005B\026\006\000\000&\b@5A\000\254\t\002p\0013\021@\200\214\302L\004\020 \2430\023\001\004\310(\f\033\020\3031\000#\006\007\000\202`\360T/\377\377\377?\310\374\377\377\377`\373\377\377\377\303\214A!\314\201\036\000\300\260\001!\030\0030bp\000 \b\006O\345\362\377\377\377C\314\377\377\377\017\266\377\377\377?\314\030\024\203\034\350\001\000\f\033\020A1\000#\006\007\000\202`\360T-\377\377\377?\300\374\377\377\377`\373\377\377\377\303\214AA\270\201\036\000\000\r`\314\030\024\207\241\007\0000l@\004\331\000\314\030\024\307\246\007\000@\003\0303\006\005b\350\001\000\f\033\020A6\0003\006\005\322\351\001\000\320\000\306\214A\221\030z\000\000\303\006Dp\f\300\214A\221lz\000\000:cP(\201\036\000@@\f\002\000\000\000[\004 \017\000\000\000\000\000\000\000\000q \000\000\003\000\000\0002\016\020\"\204\002\335\b\000\000\000\000\000\000\000\000e\f\000\0001\000\000\000\022\003\224x\001\000\000\000\003\000\000\000~\000\000\000\t\000\000\000L\000\000\000\001\000\000\000X\000\000\000\000\000\000\000X\000\000\000\004\000\000\000\270\000\000\000\000\000\000\000\207\000\000\000\031\000\000\000\240\000\000\000\037\000\000\000(\000\000\000\000\000\000\000\270\000\000\000\000\000\000\000\000\000\000\000\004\000\000\000\000\000\000\000Q\000\000\000\035\000\000\000Q\000\000\000\035\000\000\000\377\377\377\377\001$\000\000n\000\000\000\020\000\000\000n\000\000\000\020\000\000\000\377\377\377\377\b,\000\000\000\000\000\000(\000\000\000\000\000\000\000(\000\000\000\377\377\377\377\000\000\000\000(\000\000\000)\000\000\000(\000\000\000)\000\000\000\377\377\377\377\000\000\000\000\000\000\000\000]\f\000\0003\000\000\000\022\003\224\177\001\000\000\000vApplicationGetIdleTaskMemory.taskBuffervApplicationGetIdleTaskMemory.stackBuffervApplicationGetIdleTaskMemoryllvm.dbg.declare16.0.0gitthumbv7em-arm-none-eabihfUser/FreeRTOSInnerTaskMemorys.c\000\000\000\000"
	.size	.Lllvm.embedded.module, 5296

	.section	.debug_abbrev,"",%progbits
	.byte	1                               @ Abbreviation Code
	.byte	17                              @ DW_TAG_compile_unit
	.byte	1                               @ DW_CHILDREN_yes
	.byte	37                              @ DW_AT_producer
	.byte	14                              @ DW_FORM_strp
	.byte	19                              @ DW_AT_language
	.byte	5                               @ DW_FORM_data2
	.byte	3                               @ DW_AT_name
	.byte	14                              @ DW_FORM_strp
	.byte	16                              @ DW_AT_stmt_list
	.byte	23                              @ DW_FORM_sec_offset
	.byte	27                              @ DW_AT_comp_dir
	.byte	14                              @ DW_FORM_strp
	.byte	0                               @ EOM(1)
	.byte	0                               @ EOM(2)
	.byte	2                               @ Abbreviation Code
	.byte	46                              @ DW_TAG_subprogram
	.byte	1                               @ DW_CHILDREN_yes
	.byte	0                               @ EOM(1)
	.byte	0                               @ EOM(2)
	.byte	3                               @ Abbreviation Code
	.byte	52                              @ DW_TAG_variable
	.byte	0                               @ DW_CHILDREN_no
	.byte	3                               @ DW_AT_name
	.byte	14                              @ DW_FORM_strp
	.byte	73                              @ DW_AT_type
	.byte	19                              @ DW_FORM_ref4
	.byte	58                              @ DW_AT_decl_file
	.byte	11                              @ DW_FORM_data1
	.byte	59                              @ DW_AT_decl_line
	.byte	11                              @ DW_FORM_data1
	.byte	0                               @ EOM(1)
	.byte	0                               @ EOM(2)
	.byte	4                               @ Abbreviation Code
	.byte	22                              @ DW_TAG_typedef
	.byte	0                               @ DW_CHILDREN_no
	.byte	73                              @ DW_AT_type
	.byte	19                              @ DW_FORM_ref4
	.byte	3                               @ DW_AT_name
	.byte	14                              @ DW_FORM_strp
	.byte	58                              @ DW_AT_decl_file
	.byte	11                              @ DW_FORM_data1
	.byte	59                              @ DW_AT_decl_line
	.byte	5                               @ DW_FORM_data2
	.byte	0                               @ EOM(1)
	.byte	0                               @ EOM(2)
	.byte	5                               @ Abbreviation Code
	.byte	19                              @ DW_TAG_structure_type
	.byte	1                               @ DW_CHILDREN_yes
	.byte	3                               @ DW_AT_name
	.byte	14                              @ DW_FORM_strp
	.byte	11                              @ DW_AT_byte_size
	.byte	11                              @ DW_FORM_data1
	.byte	58                              @ DW_AT_decl_file
	.byte	11                              @ DW_FORM_data1
	.byte	59                              @ DW_AT_decl_line
	.byte	5                               @ DW_FORM_data2
	.byte	0                               @ EOM(1)
	.byte	0                               @ EOM(2)
	.byte	6                               @ Abbreviation Code
	.byte	13                              @ DW_TAG_member
	.byte	0                               @ DW_CHILDREN_no
	.byte	3                               @ DW_AT_name
	.byte	14                              @ DW_FORM_strp
	.byte	73                              @ DW_AT_type
	.byte	19                              @ DW_FORM_ref4
	.byte	58                              @ DW_AT_decl_file
	.byte	11                              @ DW_FORM_data1
	.byte	59                              @ DW_AT_decl_line
	.byte	5                               @ DW_FORM_data2
	.byte	56                              @ DW_AT_data_member_location
	.byte	11                              @ DW_FORM_data1
	.byte	0                               @ EOM(1)
	.byte	0                               @ EOM(2)
	.byte	7                               @ Abbreviation Code
	.byte	15                              @ DW_TAG_pointer_type
	.byte	0                               @ DW_CHILDREN_no
	.byte	0                               @ EOM(1)
	.byte	0                               @ EOM(2)
	.byte	8                               @ Abbreviation Code
	.byte	1                               @ DW_TAG_array_type
	.byte	1                               @ DW_CHILDREN_yes
	.byte	73                              @ DW_AT_type
	.byte	19                              @ DW_FORM_ref4
	.byte	0                               @ EOM(1)
	.byte	0                               @ EOM(2)
	.byte	9                               @ Abbreviation Code
	.byte	33                              @ DW_TAG_subrange_type
	.byte	0                               @ DW_CHILDREN_no
	.byte	73                              @ DW_AT_type
	.byte	19                              @ DW_FORM_ref4
	.byte	55                              @ DW_AT_count
	.byte	11                              @ DW_FORM_data1
	.byte	0                               @ EOM(1)
	.byte	0                               @ EOM(2)
	.byte	10                              @ Abbreviation Code
	.byte	22                              @ DW_TAG_typedef
	.byte	0                               @ DW_CHILDREN_no
	.byte	73                              @ DW_AT_type
	.byte	19                              @ DW_FORM_ref4
	.byte	3                               @ DW_AT_name
	.byte	14                              @ DW_FORM_strp
	.byte	58                              @ DW_AT_decl_file
	.byte	11                              @ DW_FORM_data1
	.byte	59                              @ DW_AT_decl_line
	.byte	11                              @ DW_FORM_data1
	.byte	0                               @ EOM(1)
	.byte	0                               @ EOM(2)
	.byte	11                              @ Abbreviation Code
	.byte	36                              @ DW_TAG_base_type
	.byte	0                               @ DW_CHILDREN_no
	.byte	3                               @ DW_AT_name
	.byte	14                              @ DW_FORM_strp
	.byte	62                              @ DW_AT_encoding
	.byte	11                              @ DW_FORM_data1
	.byte	11                              @ DW_AT_byte_size
	.byte	11                              @ DW_FORM_data1
	.byte	0                               @ EOM(1)
	.byte	0                               @ EOM(2)
	.byte	12                              @ Abbreviation Code
	.byte	36                              @ DW_TAG_base_type
	.byte	0                               @ DW_CHILDREN_no
	.byte	3                               @ DW_AT_name
	.byte	14                              @ DW_FORM_strp
	.byte	11                              @ DW_AT_byte_size
	.byte	11                              @ DW_FORM_data1
	.byte	62                              @ DW_AT_encoding
	.byte	11                              @ DW_FORM_data1
	.byte	0                               @ EOM(1)
	.byte	0                               @ EOM(2)
	.byte	0                               @ EOM(3)
	.section	.debug_info,"",%progbits
.Lcu_begin0:
	.long	.Ldebug_info_end0-.Ldebug_info_start0 @ Length of Unit
.Ldebug_info_start0:
	.short	4                               @ DWARF version number
	.long	.debug_abbrev                   @ Offset Into Abbrev. Section
	.byte	4                               @ Address Size (in bytes)
	.byte	1                               @ Abbrev [1] 0xb:0x1ae DW_TAG_compile_unit
	.long	.Linfo_string0                  @ DW_AT_producer
	.short	12                              @ DW_AT_language
	.long	.Linfo_string1                  @ DW_AT_name
	.long	.Lline_table_start0             @ DW_AT_stmt_list
	.long	.Linfo_string2                  @ DW_AT_comp_dir
	.byte	2                               @ Abbrev [2] 0x1e:0x18 DW_TAG_subprogram
	.byte	3                               @ Abbrev [3] 0x1f:0xb DW_TAG_variable
	.long	.Linfo_string3                  @ DW_AT_name
	.long	54                              @ DW_AT_type
	.byte	4                               @ DW_AT_decl_file
	.byte	5                               @ DW_AT_decl_line
	.byte	3                               @ Abbrev [3] 0x2a:0xb DW_TAG_variable
	.long	.Linfo_string28                 @ DW_AT_name
	.long	399                             @ DW_AT_type
	.byte	4                               @ DW_AT_decl_file
	.byte	6                               @ DW_AT_decl_line
	.byte	0                               @ End Of Children Mark
	.byte	4                               @ Abbrev [4] 0x36:0xc DW_TAG_typedef
	.long	66                              @ DW_AT_type
	.long	.Linfo_string27                 @ DW_AT_name
	.byte	1                               @ DW_AT_decl_file
	.short	1304                            @ DW_AT_decl_line
	.byte	5                               @ Abbrev [5] 0x42:0x8c DW_TAG_structure_type
	.long	.Linfo_string26                 @ DW_AT_name
	.byte	92                              @ DW_AT_byte_size
	.byte	1                               @ DW_AT_decl_file
	.short	1256                            @ DW_AT_decl_line
	.byte	6                               @ Abbrev [6] 0x4b:0xd DW_TAG_member
	.long	.Linfo_string4                  @ DW_AT_name
	.long	206                             @ DW_AT_type
	.byte	1                               @ DW_AT_decl_file
	.short	1258                            @ DW_AT_decl_line
	.byte	0                               @ DW_AT_data_member_location
	.byte	6                               @ Abbrev [6] 0x58:0xd DW_TAG_member
	.long	.Linfo_string5                  @ DW_AT_name
	.long	207                             @ DW_AT_type
	.byte	1                               @ DW_AT_decl_file
	.short	1262                            @ DW_AT_decl_line
	.byte	4                               @ DW_AT_data_member_location
	.byte	6                               @ Abbrev [6] 0x65:0xd DW_TAG_member
	.long	.Linfo_string14                 @ DW_AT_name
	.long	315                             @ DW_AT_type
	.byte	1                               @ DW_AT_decl_file
	.short	1263                            @ DW_AT_decl_line
	.byte	44                              @ DW_AT_data_member_location
	.byte	6                               @ Abbrev [6] 0x72:0xd DW_TAG_member
	.long	.Linfo_string17                 @ DW_AT_name
	.long	206                             @ DW_AT_type
	.byte	1                               @ DW_AT_decl_file
	.short	1264                            @ DW_AT_decl_line
	.byte	48                              @ DW_AT_data_member_location
	.byte	6                               @ Abbrev [6] 0x7f:0xd DW_TAG_member
	.long	.Linfo_string18                 @ DW_AT_name
	.long	333                             @ DW_AT_type
	.byte	1                               @ DW_AT_decl_file
	.short	1265                            @ DW_AT_decl_line
	.byte	52                              @ DW_AT_data_member_location
	.byte	6                               @ Abbrev [6] 0x8c:0xd DW_TAG_member
	.long	.Linfo_string21                 @ DW_AT_name
	.long	363                             @ DW_AT_type
	.byte	1                               @ DW_AT_decl_file
	.short	1273                            @ DW_AT_decl_line
	.byte	68                              @ DW_AT_data_member_location
	.byte	6                               @ Abbrev [6] 0x99:0xd DW_TAG_member
	.long	.Linfo_string22                 @ DW_AT_name
	.long	363                             @ DW_AT_type
	.byte	1                               @ DW_AT_decl_file
	.short	1276                            @ DW_AT_decl_line
	.byte	76                              @ DW_AT_data_member_location
	.byte	6                               @ Abbrev [6] 0xa6:0xd DW_TAG_member
	.long	.Linfo_string23                 @ DW_AT_name
	.long	375                             @ DW_AT_type
	.byte	1                               @ DW_AT_decl_file
	.short	1291                            @ DW_AT_decl_line
	.byte	84                              @ DW_AT_data_member_location
	.byte	6                               @ Abbrev [6] 0xb3:0xd DW_TAG_member
	.long	.Linfo_string24                 @ DW_AT_name
	.long	387                             @ DW_AT_type
	.byte	1                               @ DW_AT_decl_file
	.short	1292                            @ DW_AT_decl_line
	.byte	88                              @ DW_AT_data_member_location
	.byte	6                               @ Abbrev [6] 0xc0:0xd DW_TAG_member
	.long	.Linfo_string25                 @ DW_AT_name
	.long	345                             @ DW_AT_type
	.byte	1                               @ DW_AT_decl_file
	.short	1295                            @ DW_AT_decl_line
	.byte	89                              @ DW_AT_data_member_location
	.byte	0                               @ End Of Children Mark
	.byte	7                               @ Abbrev [7] 0xce:0x1 DW_TAG_pointer_type
	.byte	8                               @ Abbrev [8] 0xcf:0xc DW_TAG_array_type
	.long	219                             @ DW_AT_type
	.byte	9                               @ Abbrev [9] 0xd4:0x6 DW_TAG_subrange_type
	.long	308                             @ DW_AT_type
	.byte	2                               @ DW_AT_count
	.byte	0                               @ End Of Children Mark
	.byte	4                               @ Abbrev [4] 0xdb:0xc DW_TAG_typedef
	.long	231                             @ DW_AT_type
	.long	.Linfo_string13                 @ DW_AT_name
	.byte	1                               @ DW_AT_decl_file
	.short	1212                            @ DW_AT_decl_line
	.byte	5                               @ Abbrev [5] 0xe7:0x24 DW_TAG_structure_type
	.long	.Linfo_string12                 @ DW_AT_name
	.byte	20                              @ DW_AT_byte_size
	.byte	1                               @ DW_AT_decl_file
	.short	1201                            @ DW_AT_decl_line
	.byte	6                               @ Abbrev [6] 0xf0:0xd DW_TAG_member
	.long	.Linfo_string6                  @ DW_AT_name
	.long	267                             @ DW_AT_type
	.byte	1                               @ DW_AT_decl_file
	.short	1206                            @ DW_AT_decl_line
	.byte	0                               @ DW_AT_data_member_location
	.byte	6                               @ Abbrev [6] 0xfd:0xd DW_TAG_member
	.long	.Linfo_string10                 @ DW_AT_name
	.long	296                             @ DW_AT_type
	.byte	1                               @ DW_AT_decl_file
	.short	1207                            @ DW_AT_decl_line
	.byte	4                               @ DW_AT_data_member_location
	.byte	0                               @ End Of Children Mark
	.byte	10                              @ Abbrev [10] 0x10b:0xb DW_TAG_typedef
	.long	278                             @ DW_AT_type
	.long	.Linfo_string9                  @ DW_AT_name
	.byte	3                               @ DW_AT_decl_file
	.byte	64                              @ DW_AT_decl_line
	.byte	10                              @ Abbrev [10] 0x116:0xb DW_TAG_typedef
	.long	289                             @ DW_AT_type
	.long	.Linfo_string8                  @ DW_AT_name
	.byte	2                               @ DW_AT_decl_file
	.byte	64                              @ DW_AT_decl_line
	.byte	11                              @ Abbrev [11] 0x121:0x7 DW_TAG_base_type
	.long	.Linfo_string7                  @ DW_AT_name
	.byte	7                               @ DW_AT_encoding
	.byte	4                               @ DW_AT_byte_size
	.byte	8                               @ Abbrev [8] 0x128:0xc DW_TAG_array_type
	.long	206                             @ DW_AT_type
	.byte	9                               @ Abbrev [9] 0x12d:0x6 DW_TAG_subrange_type
	.long	308                             @ DW_AT_type
	.byte	4                               @ DW_AT_count
	.byte	0                               @ End Of Children Mark
	.byte	12                              @ Abbrev [12] 0x134:0x7 DW_TAG_base_type
	.long	.Linfo_string11                 @ DW_AT_name
	.byte	8                               @ DW_AT_byte_size
	.byte	7                               @ DW_AT_encoding
	.byte	10                              @ Abbrev [10] 0x13b:0xb DW_TAG_typedef
	.long	326                             @ DW_AT_type
	.long	.Linfo_string16                 @ DW_AT_name
	.byte	3                               @ DW_AT_decl_file
	.byte	58                              @ DW_AT_decl_line
	.byte	11                              @ Abbrev [11] 0x146:0x7 DW_TAG_base_type
	.long	.Linfo_string15                 @ DW_AT_name
	.byte	7                               @ DW_AT_encoding
	.byte	4                               @ DW_AT_byte_size
	.byte	8                               @ Abbrev [8] 0x14d:0xc DW_TAG_array_type
	.long	345                             @ DW_AT_type
	.byte	9                               @ Abbrev [9] 0x152:0x6 DW_TAG_subrange_type
	.long	308                             @ DW_AT_type
	.byte	16                              @ DW_AT_count
	.byte	0                               @ End Of Children Mark
	.byte	10                              @ Abbrev [10] 0x159:0xb DW_TAG_typedef
	.long	356                             @ DW_AT_type
	.long	.Linfo_string20                 @ DW_AT_name
	.byte	2                               @ DW_AT_decl_file
	.byte	62                              @ DW_AT_decl_line
	.byte	11                              @ Abbrev [11] 0x164:0x7 DW_TAG_base_type
	.long	.Linfo_string19                 @ DW_AT_name
	.byte	8                               @ DW_AT_encoding
	.byte	1                               @ DW_AT_byte_size
	.byte	8                               @ Abbrev [8] 0x16b:0xc DW_TAG_array_type
	.long	315                             @ DW_AT_type
	.byte	9                               @ Abbrev [9] 0x170:0x6 DW_TAG_subrange_type
	.long	308                             @ DW_AT_type
	.byte	2                               @ DW_AT_count
	.byte	0                               @ End Of Children Mark
	.byte	8                               @ Abbrev [8] 0x177:0xc DW_TAG_array_type
	.long	278                             @ DW_AT_type
	.byte	9                               @ Abbrev [9] 0x17c:0x6 DW_TAG_subrange_type
	.long	308                             @ DW_AT_type
	.byte	1                               @ DW_AT_count
	.byte	0                               @ End Of Children Mark
	.byte	8                               @ Abbrev [8] 0x183:0xc DW_TAG_array_type
	.long	345                             @ DW_AT_type
	.byte	9                               @ Abbrev [9] 0x188:0x6 DW_TAG_subrange_type
	.long	308                             @ DW_AT_type
	.byte	1                               @ DW_AT_count
	.byte	0                               @ End Of Children Mark
	.byte	8                               @ Abbrev [8] 0x18f:0xc DW_TAG_array_type
	.long	411                             @ DW_AT_type
	.byte	9                               @ Abbrev [9] 0x194:0x6 DW_TAG_subrange_type
	.long	308                             @ DW_AT_type
	.byte	128                             @ DW_AT_count
	.byte	0                               @ End Of Children Mark
	.byte	10                              @ Abbrev [10] 0x19b:0xb DW_TAG_typedef
	.long	278                             @ DW_AT_type
	.long	.Linfo_string29                 @ DW_AT_name
	.byte	3                               @ DW_AT_decl_file
	.byte	56                              @ DW_AT_decl_line
	.byte	10                              @ Abbrev [10] 0x1a6:0xb DW_TAG_typedef
	.long	433                             @ DW_AT_type
	.long	.Linfo_string31                 @ DW_AT_name
	.byte	2                               @ DW_AT_decl_file
	.byte	63                              @ DW_AT_decl_line
	.byte	11                              @ Abbrev [11] 0x1b1:0x7 DW_TAG_base_type
	.long	.Linfo_string30                 @ DW_AT_name
	.byte	7                               @ DW_AT_encoding
	.byte	2                               @ DW_AT_byte_size
	.byte	0                               @ End Of Children Mark
.Ldebug_info_end0:
	.section	.debug_str,"MS",%progbits,1
.Linfo_string0:
	.asciz	"Component: Arm Compiler for Embedded 6.19 Tool: armclang [5e73cb00]" @ string offset=0
.Linfo_string1:
	.asciz	"User\\FreeRTOSInnerTaskMemorys.c" @ string offset=68
.Linfo_string2:
	.asciz	"C:\\Users\\CHALLENGER\\Documents\\KeXieData\\Project\\DigitalPower\\BootLoader" @ string offset=100
.Linfo_string3:
	.asciz	"taskBuffer"                    @ string offset=172
.Linfo_string4:
	.asciz	"pxDummy1"                      @ string offset=183
.Linfo_string5:
	.asciz	"xDummy3"                       @ string offset=192
.Linfo_string6:
	.asciz	"xDummy2"                       @ string offset=200
.Linfo_string7:
	.asciz	"unsigned int"                  @ string offset=208
.Linfo_string8:
	.asciz	"uint32_t"                      @ string offset=221
.Linfo_string9:
	.asciz	"TickType_t"                    @ string offset=230
.Linfo_string10:
	.asciz	"pvDummy3"                      @ string offset=241
.Linfo_string11:
	.asciz	"__ARRAY_SIZE_TYPE__"           @ string offset=250
.Linfo_string12:
	.asciz	"xSTATIC_LIST_ITEM"             @ string offset=270
.Linfo_string13:
	.asciz	"StaticListItem_t"              @ string offset=288
.Linfo_string14:
	.asciz	"uxDummy5"                      @ string offset=305
.Linfo_string15:
	.asciz	"unsigned long"                 @ string offset=314
.Linfo_string16:
	.asciz	"UBaseType_t"                   @ string offset=328
.Linfo_string17:
	.asciz	"pxDummy6"                      @ string offset=340
.Linfo_string18:
	.asciz	"ucDummy7"                      @ string offset=349
.Linfo_string19:
	.asciz	"unsigned char"                 @ string offset=358
.Linfo_string20:
	.asciz	"uint8_t"                       @ string offset=372
.Linfo_string21:
	.asciz	"uxDummy10"                     @ string offset=380
.Linfo_string22:
	.asciz	"uxDummy12"                     @ string offset=390
.Linfo_string23:
	.asciz	"ulDummy18"                     @ string offset=400
.Linfo_string24:
	.asciz	"ucDummy19"                     @ string offset=410
.Linfo_string25:
	.asciz	"uxDummy20"                     @ string offset=420
.Linfo_string26:
	.asciz	"xSTATIC_TCB"                   @ string offset=430
.Linfo_string27:
	.asciz	"StaticTask_t"                  @ string offset=442
.Linfo_string28:
	.asciz	"stackBuffer"                   @ string offset=455
.Linfo_string29:
	.asciz	"StackType_t"                   @ string offset=467
.Linfo_string30:
	.asciz	"unsigned short"                @ string offset=479
.Linfo_string31:
	.asciz	"uint16_t"                      @ string offset=494
	.ident	"Component: Arm Compiler for Embedded 6.19 Tool: armclang [5e73cb00]"
	.section	".note.GNU-stack","",%progbits
	.ARM_attribute	16, 1	@ Tag_AV_eba
	.section	.debug_line,"",%progbits
.Lline_table_start0:
