	.text
	.syntax unified
	.eabi_attribute	67, "2.09"	@ Tag_conformance
	.cpu	cortex-m4
	.eabi_attribute	6, 13	@ Tag_CPU_arch
	.eabi_attribute	7, 77	@ Tag_CPU_arch_profile
	.eabi_attribute	8, 0	@ Tag_ARM_ISA_use
	.eabi_attribute	9, 2	@ Tag_THUMB_ISA_use
	.fpu	fpv4-sp-d16
	.eabi_attribute	27, 1	@ Tag_ABI_HardFP_use
	.eabi_attribute	36, 1	@ Tag_FP_HP_extension
	.eabi_attribute	34, 1	@ Tag_CPU_unaligned_access
	.eabi_attribute	17, 1	@ Tag_ABI_PCS_GOT_use
	.eabi_attribute	20, 2	@ Tag_ABI_FP_denormal
	.eabi_attribute	21, 0	@ Tag_ABI_FP_exceptions
	.eabi_attribute	23, 1	@ Tag_ABI_FP_number_model
	.eabi_attribute	24, 1	@ Tag_ABI_align_needed
	.eabi_attribute	25, 1	@ Tag_ABI_align_preserved
	.eabi_attribute	28, 1	@ Tag_ABI_VFP_args
	.eabi_attribute	38, 1	@ Tag_ABI_FP_16bit_format
	.eabi_attribute	18, 2	@ Tag_ABI_PCS_wchar_t
	.eabi_attribute	26, 1	@ Tag_ABI_enum_size
	.eabi_attribute	14, 0	@ Tag_ABI_PCS_R9_use
	.file	"gpio.c"
	.file	1 "C:\\Users\\CHALLENGER\\Documents\\KeXieData\\Project\\DigitalPower\\BootLoader" "./CubeMX/Drivers/STM32G4xx_HAL_Driver/Inc\\stm32g4xx_hal_gpio.h"
	.file	2 "C:\\Users\\CHALLENGER\\Documents\\KeXieData\\Project\\DigitalPower\\BootLoader" "./CubeMX/Drivers/CMSIS/Device/ST/STM32G4xx/Include/stm32g431xx.h"
	.file	3 "C:\\Keil_v5\\ARM\\ARMCLANG\\Bin\\..\\include" "stdint.h"
	.type	.Lllvm.embedded.module,%object  @ @llvm.embedded.module
	.section	.llvmbc,"",%progbits
	.p2align	4, 0x0
.Lllvm.embedded.module:
	.asciz	"BC\300\3365\024\000\000\005\000\000\000b\f0$MY\276f\255\373\264O\033\310$D\0012\005\000!\f\000\000\016\t\000\000\013\002!\000\002\000\000\000\026\000\000\000\007\201#\221A\310\004I\006\02029\222\001\204\f%\005\b\031\036\004\213b\200\024E\002B\222\013B\244\0202\0248\b\030K\n2R\210Hp\304!#D\022\207\214\020A\222\002d\310\b\261\024 CF\210 \311\0012R\204\030*(*\2201|\260\\\221 \305\310\000\000\000\211 \000\000%\000\000\0002\"H\t bF\000!+$\230\024!%$\230\024\031'\f\205\244\220`Rd\\ $e\202@\252\021\000\023\204\201\000C\2041\306\034\0012G\000\006s\004\201)\002(\346\314\021@\206\b \0253\004\000\f\021\2121F\be\216\000\024\360\222\246\210\022&\037LE\364\027\033dj\261\207\350\210\"\025\306\030c\246\000P\222\246\210\022&\177\345\270\277\305\036\242#\212\204\006\306\030c\2141\306\030c\2141\306\030c\2141\306\030c\2141\306\030c\2141\000\000\000\000Q\030\000\000\321\001\000\000\033\310)\370\377\377\377\377\001p\000\t(\003\202\034\312\301\035\336A\036\332!\034\330\241\r\314\001\036\332\240\035\302\201\036\320\001\200\007y(\207y(\007y\260\207rh\203yH\207sp\0076\200\007y(\207y(\007y\260\207rh\203yH\207sp\007\2000\007y\b\207v(\2076\200\207wH\007w\240\207r\220\007\300\035\336\301\035\312\001 \332!\035\334\241\r\330\241\034\316!\034\330\241\r\354\241\034\306\201\036\336A\036\332\340\036\322\201\034\350\001\035\0008\000\bwx\2076H\007w0\207yh\003s\200\2076h\207p\240\007t\000\350A\036\352\241\034\000\302\035\336\241\r\334!\034\334a\036\332\300\034\340\241\r\332!\034\350\001\035\000z\220\207z(\007\200p\207wh\203yH\207sp\207r \2076\320\207r\220\207w\230\20760\007xh\203v\b\007z@\007\200\036\344\241\036\312\001 \346\201\036\302a\034\326\241\r\340A\036\336\201\036\312a\034\350\341\035\344\241\r\304\241\036\314\301\034\312A\036\332`\036\322A\037\312\001\300\003\200\240\207p\220\207s(\007zh\203q\200\207z\000\306\341\035\344\201\036\312\001\037\332\240\035\350\000 \350!\034\344\341\034\312\201\036\332\300\034\312!\034\350\241\036\344\241\034\346\001X\203p\220\207v\260\207;(\2076h\0076X\003r\230\007x`\20350\007x\210\003;`\2035@\207{ \207t\260\0076X\003z@\207zh\007qh\203vx\007r(\0076X\003{0\007x\220\203y\200\0076X\003{0\007x\230\003r\210\003;\230\007x`\2035\260\007s\200\007: \2078\260\203y\200\0076h\203p(\207y`\2036\020\007s\210\003;`\2036\030\007r(\207q\200\0078`\2036\030\007r(\207q\200\2078`\2036\030\007r(\207q\200\0079`\2036\030\007r(\207q\200\2079`\2036\030\007r(\207q\200\007:`\2036\030\007r(\207q\200\207:`\2036\030\007r(\207q\200\007;`\2036\030\007r(\207q\200\207;`\2036\030\007y\030\0076h\203q\220\207|\200\007zx\0076h\003r\230\0039`\2036 \207w\240\007x\220\207w \0076h\003s\030\207r`\20360\007xh\203p\220\207v\260\007<`\20360\007xh\203p\220\207v\260\007< \2078\260\0036h\003s\200\2076\b\007yh\007{\300\003r\210\003;\230\007x`\20360\007xh\203p\220\207v\260\007<\230\007x`\20360\007x\210\003;0\207v`\0076h\003s\200\007;\240\0036h\003s\250\007v`\007s\200\2078\260\0036h\003t\270\007rH\007{h\203p\220\207v`\2036H\007<h\207v`\2036`\207w\020\0076h\203v\260\207r`\2036h\007{(\00770\007x`\2036p\207rx\007w`\2036\200\207p\030\007q\240\207t`\2036\220\207p\230\0076h\203y\020\0076h\203y@\207p\220\0036h\003{0\007x\220\0036h\003{0\007x\230\0036h\003{0\007x\230\003r\210\003;`\2036\260\007s\200\2079\230\007x`\2036\260\007s\200\007:`\2036\260\007s\200\007: \2078\260\0036h\003{0\007x\240\203y\200\007`\003$\374\377\377\377\377\000\234\002\340\007\300\037\000\022@\001u\000\364\301\006g\370\377\377\377\377\001h\003\340\024\000?\000$\240\017\000:\330`\020\001\260\000t\260\201(\b\200\0176\220\222\361\377\377\377\377\003A\016\345\340\016\357 \017\355\020\016\354\320\006\346\000\017m\320\016\341@\017\350\000\300\203<\224\303<\224\203<\330C9\264\301<\244\3039\270\003\033\300\203<\224\303<\224\203<\330C9\264\301<\244\3039\270\003@\230\203<\204C;\224C\033\300\303;\244\203;\320C9\310\003\340\016\357\340\016\345\000\020\356\360\016m\220\016\356`\016\363\320\006\346\000\017m\320\016\341@\017\350\000\320\203<\324C9\000\204;\274C\033\270C8\270\303<\264\2019\300C\033\264C8\320\003:\000\364 \017\365P\016\000\341\016\357\320\006\363\220\016\347\340\016\345@\016m\240\017\345 \017\3570\017m`\016\360\320\006\355\020\016\364\200\016\000=\310C=\224\003@\314\003=\204\3038\254C\033\300\203<\274\003=\224\3038\320\303;\310C\033\210C=\230\2039\224\203<\264\301<\244\203>\224\003\200\007\000A\017\341 \017\347P\016\364\320\006\343\000\017\365\000\214\303;\310\003=\224\003>\264A;\320\001@\320C8\310\3039\224\003=\264\2019\224C8\320C=\310C9\314\003\260\006\341 \017\355`\017wP\016m\320\016l\260\006\3440\017\360\300\006k`\016\360\020\007v\300\006k\200\016\367@\016\351`\017l\260\006\364\200\016\365\320\016\342\320\006\355\360\016\344P\016l\260\006\366`\016\360 \007\363\000\017l\260\006\366`\016\3600\007\344\020\007v0\017\360\300\006k`\017\346\000\017t@\016q`\007\363\000\017l\320\006\341P\016\363\300\006m \016\346\020\007v\300\006m0\016\344P\016\343\000\017p\300\006m0\016\344P\016\343\000\017q\300\006m0\016\344P\016\343\000\017r\300\006m0\016\344P\016\343\000\017s\300\006m0\016\344P\016\343\000\017t\300\006m0\016\344P\016\343\000\017u\300\006m0\016\344P\016\343\000\017v\300\006m0\016\344P\016\343\000\017w\300\006m0\016\3620\016l\320\006\343 \017\371\000\017\364\360\016l\320\006\3440\007r\300\006m@\016\357@\017\360 \017\357@\016l\320\006\3460\016\345\300\006m`\016\360\320\006\341 \017\355`\017x\300\006m`\016\360\320\006\341 \017\355`\017x@\016q`\007l\320\006\346\000\017m\020\016\362\320\016\366\200\007\344\020\007v0\017\360\300\006m`\016\360\320\006\341 \017\355`\017x0\017\360\300\006m`\016\360\020\007v`\016\355\300\016l\320\006\346\000\017v@\007l\320\006\346P\017\354\300\016\346\000\017q`\007l\320\006\350p\017\344\220\016\366\320\006\341 \017\355\300\006m\220\016x\320\016\355\300\006m\300\016\357 \016l\320\006\355`\017\345\300\006m\320\016\366P\016n`\016\360\300\006m\340\016\345\360\016\356\300\006m\000\017\3410\016\342@\017\351\300\006m \017\3410\017l\320\006\363 \016l\320\006\363\200\016\341 \007l\320\006\366`\016\360 \007l\320\006\366`\016\3600\007l\320\006\366`\016\3600\007\344\020\007v\300\006m`\017\346\000\017s0\017\360\300\006m`\017\346\000\017t\300\006m`\017\346\000\017t@\016q`\007l\320\006\366`\016\360@\007\363\000\017\300\006\342\b\000R\330` \002@\n\200\030l0\222\001 \005@\f6\020\212\000\220\302\006c\t\000R\000\260\r\0043\000\244\260\241h\202  \000\000I\030\000\000\013\000\000\000\023\202`B L\030\006\242\230@\030\007\222L\030\214C\231@\030\213\302L\020\214eB\320L\030\016$\231 \034\312\204aQ\230\t\301\002\0232z@\207zh\007q\260\207;(\207vh\203p\220\207vh\003wx\007w(\2076(\207p\020\207t@\007s\3300\007\345\320\006\355\240\007\345\320\006\360\240\007s \007z0\007r\320\006\246\220\016x\320\006\351`\007t\240\007v@\007m`\017q \007x\240\007v@\007z\020\007r\200\007m\020\016z\000\007z0\007r\320\006\3560\007r\320\006\263`\007t\240\021\302\344\320\032\326\305\345&\3665|\313\313\257\251|\374:\303\323o\327xH\0050\002\000\000\001\000\004\000\000\000\000\000\004\000\003\f\251\030\210\000\002@\000\000\000\000\000\000\000\000\000`\200!\025'!@\000\f\000\000\000\000\000\000\000\000\000\f0\244r\203H\001\002\200\000\000\000\000\000\000\000\200\000`\200!\325\0374\013\020\000\005\000\000\000\000\000\000\000\004\000\003\f\251X\201b\200\0000\000\000\000\000\000\000\000 \000\030`H\005\016R\003\004\300\001\000\000\000\000\000\000\000\001\300\000\022\033\004\212J$\000\000d\201\000\b\000\000\0002\036\230\020\031\021L\220\214\t&G\306\004C2\345P\bEP\006%0\002@\256\b\000\000\000\000\261\030\000\000\265\000\000\0003\b\200\034\304\341\034f\024\001=\210C8\204\303\214B\200\007yx\007s\230q\f\346\000\017\355\020\016\364\200\0163\fB\036\302\301\035\316\241\034f0\005=\210C8\204\203\033\314\003=\310C=\214\003=\314x\214tp\007{\b\007yH\207pp\007zp\003vx\207p \207\031\314\021\016\354\220\016\3410\017n0\017\343\360\016\360P\0163\020\304\035\336!\034\330!\035\302a\036f0\211;\274\203;\320C9\264\003<\274\203<\204\003;\314\360\024v`\007{h\0077h\207rh\0077\200\207p\220\207p`\007v(\007v\370\005vx\207w\200\207_\b\207q\030\207r\230\207y\230\201,\356\360\016\356\340\016\365\300\016\3540\003b\310\241\034\344\241\034\314\241\034\344\241\034\334a\034\312!\034\304\201\035\312a\006\326\220C9\310C9\230C9\310C9\270\3038\224C8\210\003;\224\303/\274\203<\374\202;\324\003;\260\303\f\307i\207pX\207rp\203th\007x`\207t\030\207t\240\207\031\316S\017\356\000\017\362P\016\344\220\016\343@\017\341 \016\354P\0163 (\035\334\301\036\302A\036\322!\034\334\201\036\334\340\034\344\341\035\352\001\036f\030Q8\260C:\234\203;\314P$v`\007{h\0077`\207wx\007x\230QL\364\220\017\360P\0163\036j\036\312a\034\350!\035\336\301\035~\001\036\344\241\034\314!\035\360a\006T\205\2038\314\303;\260C=\320C9\374\302<\344C;\210\303;\260\303\214\305\n\207y\230\207w\030\207t\b\007z(\007r\230\201\\\343\020\016\354\300\016\345P\016\3630#\301\322A\036\344\341\027\330\341\035\336\001\036fH\031;\260\203=\264\203\033\204\3038\214C9\314\303<\270\3019\310\303;\324\003<\314H\264q\b\007v`\007q\b\207qX\207\031\333\306\016\354`\017\355\340\006\360 \017\3450\017\345 \017\366P\016n\020\016\3430\016\3450\017\363\340\006\351\340\016\344P\016\3700#\342\354a\034\302\201\035\330\341\027\354!\035\346!\035\304!\035\330!\035\350!\037f \235;\274C=\270\0039\224\2039\314X\274pp\007wx\007z\b\007zH\207wp\207\031\313\347\016\3570\017\341\340\016\351@\017\351\240\017\3450\303\001\003s\250\007w\030\207_\230\207pp\207t\240\207t\320\207r\230\201\204A9\340\3038\260C=\220C9\314@\304\240\035\312\241\035\340A\036\336\301\034f$c0\016\341\300\016\3540\017\351@\017\3450C!\203u\030\007sH\207_\240\207|\200\207r\230\261\224\001<\214\303<\224\3038\320C:\274\203;\314\003\000\000\000y \000\000c\004\000\000r\036H C\210\f\031\tr2H #\201\214\221\221\321D\240\020(d<12B\216\220!\243\230\023\370\360\377\001\000\000\326)\214\202\0374\016\003\n\313\344T\315\263D\013\2230T\243 \212\242(\212$I\222$-\313\362<\314$]L\222$\f\3030I\262,\213\3438\r\0231K\2424\211$I\222\2448\n\222 \b\3030\217\264$\013\363\006\210S \214q\024\303@\020\303 \024\304\221$\004A$\b\202$I\202$\307q$\br$I\222$\212\222$EB\f\205\321HJ#I\023\001\000CubeMX/Core/Src\\gpio.cC:\\Users\\CHALLENGER\\Documents\\KeXieData\\Project\\DigitalPower\\BootLoaderComponent: Arm Compiler for Embedded 6.19 Tool: armclang [5e73cb00]./CubeMX/Drivers/STM32G4xx_HAL_Driver/Inc\\stm32g4xx_hal_gpio.hunsigned charGPIO_PIN_RESETGPIO_PIN_SET./CubeMX/Drivers/CMSIS/Device/ST/STM32G4xx/Include/stm32g431xx.hsigned charNonMaskableInt_IRQnHardFault_IRQnMemoryManagement_IRQnBusFault_IRQnUsageFault_IRQnSVCall_IRQnDebugMonitor_IRQnPendSV_IRQnSysTick_IRQnWWDG_IRQnPVD_PVM_IRQnRTC_TAMP_LSECSS_IRQnRTC_WKUP_IRQnFLASH_IRQnRCC_IRQnEXTI0_IRQnEXTI1_IRQnEXTI2_IRQnEXTI3_IRQnEXTI4_IRQnDMA1_Channel1_IRQnDMA1_Channel2_IRQnDMA1_Channel3_IRQnDMA1_Channel4_IRQnDMA1_Channel5_IRQnDMA1_Channel6_IRQnADC1_2_IRQnUSB_HP_IRQnUSB_LP_IRQnFDCAN1_IT0_IRQnFDCAN1_IT1_IRQnEXTI9_5_IRQnTIM1_BRK_TIM15_IRQnTIM1_UP_TIM16_IRQnTIM1_TRG_COM_TIM17_IRQnTIM1_CC_IRQnTIM2_IRQnTIM3_IRQnTIM4_IRQnI2C1_EV_IRQnI2C1_ER_IRQnI2C2_EV_IRQnI2C2_ER_IRQnSPI1_IRQnSPI2_IRQnUSART1_IRQnUSART2_IRQnUSART3_IRQnEXTI15_10_IRQnRTC_Alarm_IRQnUSBWakeUp_IRQnTIM8_BRK_IRQnTIM8_UP_IRQnTIM8_TRG_COM_IRQnTIM8_CC_IRQnLPTIM1_IRQnSPI3_IRQnUART4_IRQnTIM6_DAC_IRQnTIM7_IRQnDMA2_Channel1_IRQnDMA2_Channel2_IRQnDMA2_Channel3_IRQnDMA2_Channel4_IRQnDMA2_Channel5_IRQnUCPD1_IRQnCOMP1_2_3_IRQnCOMP4_IRQnCRS_IRQnSAI1_IRQnFPU_IRQnRNG_IRQnLPUART1_IRQnI2C3_EV_IRQnI2C3_ER_IRQnDMAMUX_OVR_IRQnDMA2_Channel6_IRQnCORDIC_IRQnFMAC_IRQnRCC_TypeDefGPIO_TypeDefC:\\Keil_v5\\ARM\\ARMCLANG\\Bin\\..\\include\\stdint.huint16_tunsigned shortMODERuint32_tunsigned intOTYPEROSPEEDRPUPDRIDRODRBSRRLCKRAFRBRRCRICSCRCFGRPLLCFGRRESERVED0RESERVED1CIERCIFRCICRRESERVED2AHB1RSTRAHB2RSTRAHB3RSTRRESERVED3APB1RSTR1APB1RSTR2APB2RSTRRESERVED4AHB1ENRAHB2ENRAHB3ENRRESERVED5APB1ENR1APB1ENR2APB2ENRRESERVED6AHB1SMENRAHB2SMENRAHB3SMENRRESERVED7APB1SMENR1APB1SMENR2APB2SMENRRESERVED8CCIPRRESERVED9BDCRCSRCRRCRCCIPR2Dwarf VersionDebug Info Versionwchar_sizestatic_rwdataenumsize_buildattrarmlib_unavailablearmcompiler-version6.19\000\006\f\004\000\000\000\000\0000\202\3404#\b\3061\202` #\bF2\202`(#\b\3062\202`0#Y\303\004\254\005\354\000\000\270\000\000p#\000\000\000\000\000\000\0000\2225L\300Z\374\021\000\200h\000\000\000\250\000\000\000\000\000\000\000\300PV\300\220\305\020\000\000\020\370\207\211\000\000\000\000\000 \000\0000P\001\004\002\000\fT\000\204\000\000\363\034\000\031\024\b\200\000\343\020\004\030\030\3008\004\001\006\2070\203p\026h1\222%\020@Y\220\002`\026\b\000\000i\001\000\000\000\000\000\000\000\003\025\000\"\000\300<\007@\006\t\002\030\3008\004\001\006\n\371\377\377\377\037\343\020\004\030,\346\377\377\377\177\214C\020`\300\240\377\377\377\3771\016A\200A\243\376\377\377\377\3078\004\001\006\016\373\377\377\377\037\343\020\004\030<\366\377\377\377\177\214C\020`\000\341\377\377\377\3771\016A\200A\304\377\377\377\377\3078\004\001\006\222\377\377\377\377\037\343\020\004\030L\3008\004\001\006\2240\016A\200AE\214C\020``\031\343\020\004\030\\\3108\004\001\006\2302\016A\200A\306\214C\020`\2409\343\020\004\030l\3208\004\001\006\2344\016A\200AG\215C\020`\340Y\343\020\004\030|\3308\004\001\006`\240\215C\020`\020\006\3348\004\001\006b\340\215C\020`0\006`0\016A\200\001\031\220\3018\004\001\006e`\006\343\020\004\030\230\001\032\214C\020`p\006j0\016A\200\001\032\260\3018\004\001\006i\340\006\343\020\004\030\250\001\034\214C\020`\260\006r0\016A\200\001\033\320\3018\004\001\006m`\007\343\020\004\030\270\001\036\214C\020`\360\006z0\016A\200\001\034\360\3018\004\001\006q\340\007\343\020\004\030\310\001(\214C\020`0\007\2420\016A\200\001\035\220\3028\004\001\006u`\n\343\020\004\030\330\001*\214C\020`p\007\2520\016A\200\001\036\260\3028\004\001\006y\340\n\343\020\004\030\350\001,\214C\020`\260\007\2620\016A\200\001\037\320\3028\004\001\006}`\013\343\020\004\030\370\001.\214C\020`\360\007\2720\016A\200\001(\360\3028\004\001\006\241 \016\343\020\004\030\210\2029\214C\020`0\n\3500\016A\200\001)\260\3038\004\001\006\245\340\016\343\020\004\030\230\002<\214C\020`p\n\3620\016A\200\001*\320\3038\004\001\006\251`\017\343\020\004\030\250\002>\214C\020`\260\n\3760\016A\200\001+\200\3048\004\001\006\255 \022\343\020\004\030\270\202M\214C\020`\360\n81\016A\200\001,\210\3058\004\001\006\261@\027\343\020\004\030\310\202]\214C\020`0\013x1\016A\200\001-\350\3058\004\001\006\265\300\027\343\020\004\030\330\202h\214C\020`p\013\2501\016A\200\001.\250\306\f\257\320\026n\361\026p\021\027r1\027tQ\027vq\027x\221\027z\261\027|\321\027~\361\027\240\021\032\2421\032\244Q\032\246q\032\250\221\032\252\261\032\254\321\032\256\361\032\260\021\033\2621\033\264Q\033\266q\033\270\221\033\272\261\033\274\321\033\276\361\033\340\021\036\3421\036\344Q\036\346q\036\350\221\036\352\261\036\354\321\036\356\361\036\360\021\037\3621\037\364Q\037\366q\037\370\221\037\372\261\037#Y\002\001\254E(\000l\201\000\000\300\037\000\000\000\000\000\000\0000\203\240\026\3751\221\003X\271\260\026\351\004\210\005\000\000\000\000\000\0239\300\003\000\000\360\037`\000\000\000\000\000\0239\200\245\013k\301;@X\000\000\000\000\0000\221\003<\000\000\000!\002\006\000\000\000\0000P\001\354\002\000\000\363\034\000\031\364\002\004\034\300D\016`\361\302\210\374\001@\"\000\000\000\000\000\3140\200\210\210\224\310<\007@\006\340\000\006\300\001L\344\000\326/\214\b(\000'\002\000\000\000\000\300D\016P\007\000\000\000(\002\000\000\000\000\300D\016\320\370\302Z\310NX\244\b\030\000\000\000\000\300D\016\320\204\303Z\314NX\244\b\030\000`\000\000\0000\221\0034\342\260\026\264\023\026)\002\006\000(\000\000\000L\344\000\3158\254E\355\204E\212\200\001\000\016\000\000\000\0239@C\016ka;a\221\"`\000\200\004\000\000\300D\016\320\224\303Z\334NX\244\b\030\000`\001\000\0000\221\0034\346\260\026\270\023\026)\002\006\000h\000\000\000L\344\000\3159\254E\356\204E\212\200\001\000\036\000\000\000\323\024\204N\000\0000C ##YB\000\000\000\220\"\240\000\000\300\214\000\000\000\000\000\000\000\300D\016\320\240\303Z\350NX\320\b(\000 \002\000\0000\221\0034\351\260\026\273\023\026)\002\006\000\250\000\000\000\314\240\250\310\212\260H\213\270\310\213\300H\214\324\210\215L\344\000\215:\254E(\211E\212\200\001\000\000\000\000L\344\000\315:\254\205(\211E\212\200\001\000\006\000\000\000\0239@\303\016k1Jb\221\"`\000\200\002\000\000\300D\016\320\264\303Z\220\222X\244\b\030\000\340\000\000\0000\221\0034\356\260\026\245$\026(\002\006\000H\000\000\000L\344\000\315;\254\205)\211\005\212\200\001\000\026\000\000\000\0239@\003\017kqJb\221\"`\000\200\006\000\000\300D\016\320\304\303Z\240\222X\244\b\030\000\340\001\000\0000\221\0034\362\260\026\251$\026)\002\006\000\210\000\000\000L\344\000\315<\254\205*\211\005\212\200\001\000&\000\000\000\0239@C\017k\261Jb\221\"`\000\200\n\000\000\300D\016\320\324\303Z\260\222X\244\b\030\000\340\002\000\0000\221\0034\366\260\026\255$\026)\002\006\000\310\000\000\000L\344\000\315=\254\205+\211\005\212\200\001\0006\000\000\000\0239@\203\017k\361Jb\221\"`\000\200\016\000\000\300D\016\320\344\303Z\300\222X\244\b\030\000\340\003\000\0000\221\0034\372\260\026\261$\026)\002\006\000\b\001\000\000L\344\000\315>\254\205,\211\005\212\200\001\000F\000\000\000\0239@\303\017k1Kb\221\"`\000\200\022\000\000\300D\016\320\364\303Z\320\222X\244\b\030\000\340\004\000\0000\221\0034\376\260\026\265$\026)\002\006\000H\001\000\000L\344\000\315?\254\205-\211\005\212\200\001\000V\000\000\000\0239@\003\022kqKb\221\"`\000\200\026\000\000\300D\016\320\204\304Z\340\222X\244\b\030\000\340\005\000\0000\221\0034\"\261\026\271$\026)\002\006\000\210\001\000\000L\344\000\315H\254\205.\211\005\212\200\001\000f\000\000\000\0239@C\022k\261Kb\221\"`\000\200\032\000\000\300D\016\320\224\304Z\360\222X\244\b\030\000\340\006\000\0000\221\0034&\261\026\275$\026)\002\006\000\310\001\000\000L\344\000\315I\254\205/\211\005\212\200\001\000v\000\000\000\0239@\203\022k\361Kb\221\"`\000\200\036\000\000\300D\016\320\244\304Z\200\223X\244\b\030\000\340\007\000\0000\221\0034*\261\026\341$\026)\002\006\000\b\006\000\000\000\0239@\263\022k!Nb\201\"`\000\200a\000\000\0000\221\0034,\261\026\343$\026)\002\006\000(\006\000\000\000\0239@\323\022kANb\201\"`\000\200c\000\000\0000\221\0034.\261\026\345$\026)\002\006\000H\006\000\000\000\0239@\363\022kaNb\221\"`\000\200e\000\000\0000\221\00340\261\026\347$\026)\002\006\000h\006\000\000\000\0239@\023\023k\201Nb\221\"`\000\200g\000\000\0000\003\032\340H\216\350\310\216\360H\217\370\310\217\200I\230\210\311\230\220I\231\230\311\231\240I\232\250\311\232\260I\233\270\311\233\300I\234\310\311\234\320I\235\330\311\235\340I\236\350\311\236\360I\237\370\311\237\3140\354\204L\360\304\fCO\314\204O\3140\374\004M\364\304\f\303O\324\304O\3140\374\204M\374\304\f\303O\334\004X\3140\374\004N\344\304\f\301po\001p\034\307q\034\307\026ra\026n\340\006\240\340\006n\200\006l\341\006\240 \013\262 \013\262 \013\262 \013\262 \013n\340\006n\340\006n\340\006n\340\006n\340\006n\340\006n@\007t@\007z\240\007z\240\007z\240\007z\240\007z\240\007z\240\007z\240\007z\240\007z\240\007z\240\007z\240\007z\240\007z\240\007z\240\007z\240\007z\240\007z\240\007z\240\007z\240\007z\240\007z\240\007z\240\007z\240\007z\240\007z\240\007z\240\007z\240\007\252\307\026h\300\017\360\300\017\360@\007\246\300\017t\300\n\374\000\017(\341\022.\341\022.\341\022.\341\022t\300\231\205K\270\004J\240\204K\270\204K\270\204K\270\204K\270\204K\270\204K\270\204K\270\204K\270\204K\270\204K\270\204K\270\204K\270\204K\270\204K\270\204K\270\204K\320\004M\320\004M\320\004M\320\004M\330\017\035\320\001\035\320\001\035\320\001\035\310H`\202rac\263ks!\023;s\031\253\033%\020\213\214\330\330\354\332\\\332\336\310\352\330\312\\\314\330\302\316\346F9@%TDeTH\245TL%\02566\2736\2274\26227\272Q\202S\001\251\030\000\000/\000\000\000\013\nr(\207w\200\007zXp\230C=\270\3038\260C9\320\303\202\346\034\306\241\r\350A\036\302\301\035\346!\035\350!\035\336\301\035\026(\342P\016\346\360\016\362P\016\351\340\016\363@\017\013\222p0\007z(\007yH\007w\230\007zX\320\214\2039\234C=\204\203<\220\003=\204\203<\234C9\320\303\002\006\036\344\241\034\302\201\035\330\341\035\306!\034\350\241\034\310a\301q\016\343\320\006\354\220\016\366P\016\013\254q`\207pp\207sp\203p\220\207qp\203p\240\007z\b\207q@\207r \207q\b\007v`\207\005\007<\320\203<\204C=\320\003:, \326a\034\314!\035\000\000\000\000\321\020\000\000\006\000\000\000\007\314<\244\203;\234\003;\224\003=\240\203<\224C8\220\303\001\000\000\000a \000\000B\001\000\000\023\004G,\020\000\000\000\021\000\000\000TF\000\n\242\240\310\024  \342@)\024J\001\002C\002\"\224I\001B\002\002&\024 \240A\001\202\002\002&\024\"D\001\202\320\031\001\240T\200 \004\206:\"\3403\030\24325\026\246\206\302\324`\000\000\000\000\3610\000\000a\000\000\000\"G\310\220Q*\b:\000\000\000\000\026\363@\003A\024\211\001CubeMX/Core/Src/gpio.cMX_GPIO_InitGPIO_InitStructGPIO_InitTypeDefPinModePullSpeedAlternatetmpreg\253\250\003WT\005\300\0255\320\2255\000\020\000D\306\002\000v\005\000\000`\2225L@Y\274\001\000\200\005\000\000\343\002\000\000\000\000\000\000\000\263\212`Vp\005\016\206YE0+\270\022\007\303\254\"\230\025\\\221\203aP\001\244\212\000\000\033\002`\023!\000\271\002l\000\0269\200\305*e\361\007\000\255\000\000\000\000\0000N\021feUp\245\rx\005\000\000`\221\0034\255R\026q@+(\002\006\000\000\000\000\260\310\001\032W)\013:\240\025\024\001\003\000\f\000\000\000\0269@\363*eq\007\264\202\"`\000\200\002\000\000\300\"\007h`\245,\364\200VP\004\f\000p\000\000\000X\344\000M\254\224E\037\320\n\212\200\001\000\022\000\000\000\033\n_\371\025p\t\027qY\027\030\343\024\241Vd\005W\340 E\000\000\000\306)\202\255\310\n\256\304A\212\000\000\000\214S\204[\221\025\\\221\203\024\001\000\000\230 \000a0A\000\304`\202\000\214\301\004\001 \003\000\000\0003\021\217\261\214\302L\204a,\2430\023a\030\313(\314D\030\3062\n#\006\007\000\202`@\220\201_\377\377\377\017\251\375\377\377?\210\366\377\377\3770cP\264\0015+\0000b\200  \b\006\310\030\020\227\244L\030\000\263\004\301\214A\001\007\303\254\000\300\210\301\001\200 \030\020d\320\327\377\377\377Ch\377\377\377\017\242\375\377\377?\314\030\024p0\324\n\000\020b\346\204\001p\201\267\023\006\300\260\001\241\004C0a\000\220b\346\204\001p\001\030\350\204\0010l@\034\301\020L\030\000t\2309a\000\314\022\b\023\006\300,\3010cP\304\3010+\0000bp\000 \b\006D\032\204\366\377\377\377P\332\377\377\377\303i\377\377\377\0173\006E\034\f\266\002\000\324\2309a\000\\ \006;a\000\f\033\020O0\004\023\006\000=fN\030\000\027\220\201N\030\000\303\006\304\022\f\301\204\001@\213\231\023\006\300,\0011a\000\314\022\0243\006\205\034\f\263\002\000#\006\007\000\202`@\270Ai\377\377\377\017\251\375\377\377?\260\366\377\377\3770cP\310\301p+\000@\222\231\023\006\300\005e\260\023\006\300\260\001A\005C0a\000\020e\346\204\001p\301\031\350\204\0010l@<\301\020L\030\000\364\2309a\000\314\022\030\023\006\300\210\301\221\200 \030(q`af0cP\324\3010+\000\320\3370\241\001\032\314\030\024x0\315\n\000\f\033\020\2017\0003\006\005\036\\\263\002\000\375\rT\032\250\301\214A\221\007\323\254\000\300\260\001\021\224\301\000\314\030\024y\200\315\n\000\3647Tj\320\0063\006\205\036L\263\002\000\303\006D\340\006\0030cP\350\0016+\0000b`( \b\006\313\034\\\326\214A\261\007\303\254\000@\177\203\265\006k0cP\370\3014+\0000l@\004\337\000\314\030\024~p\315\n\000\3647\\l\320\0063\006\305\037L\263\002\000\303\006D\200\006\0030cP\374\0016+\000\320\337\200\265\001\034\314\030\024\2400\315\n\000\f\033\020A\034\f\300\214A\001\n\330\254\000\300\210\201\241\200 \030,v\300e3\006E(\f\263\002\000\375\r\231\033\270\301\214AA\n\323\254\000\300\260\001\021\204\301\000\314\030\024\244p\315\n\000\3647ho\000\0073\006E)L\263\002\000\303\006D\020\007\0030cP\224\0026+\000\320\337\260\301\301\034\314\030\024\2460\315\n\000\f\033\020A\034\f\300\214Aa\n\330\254\000@\177\003\027\007s0cP\234\3024+\0000l@\004r0\0003\006\305)d\263\002\000#\006\206\002\202`\260\350\001\030t3\006\005*\f\263\002\000#\006\307\002\202`\300\344\301\033\260\201\034\314\030\024\2530\314\n\000\214\030\024\f\b\202A\203\007o0cP\260\3020+\0000bp, \b\006L\036\270\001\033\310\301\214A\341\n\303\254\000\300\210A\301\200 \0304x\340\0063\006\305+\f\263\002\000:cP\304B0+\000\020\020\003\002\000\000\000[\004@V\000\000\000\000\000\000\000\000q \000\000\003\000\000\0002\016\020\"\204\000\316\017\000\000\000\000\000\000\000\000e\f\000\000C\000\000\000\022\003\224 \002\000\000\000\003\000\000\000r\000\000\000\t\000\000\000L\000\000\000\001\000\000\000X\000\000\000\000\000\000\000X\000\000\000\007\000\000\000\000\001\000\000\000\000\000\000{\000\000\000\031\000\000\000\224\000\000\000\026\000\000\000\f\000\000\000\000\000\000\000\000\001\000\000\000\000\000\000\000\000\000\000\007\000\000\000\000\000\000\000\000\000\000\000\f\000\000\000\000\000\000\000\f\000\000\000\377\377\377\377\001$\000\000\f\000\000\000\020\000\000\000\f\000\000\000\020\000\000\000\377\377\377\377\b,\000\000\034\000\000\000\022\000\000\000\034\000\000\000\022\000\000\000\377\377\377\377\b,\000\000.\000\000\000\021\000\000\000.\000\000\000\021\000\000\000\377\377\377\377\b$\000\000?\000\000\000\r\000\000\000?\000\000\000\r\000\000\000\377\377\377\377\b$\000\000L\000\000\000\024\000\000\000L\000\000\000\024\000\000\000\377\377\377\377\b$\000\000`\000\000\000\022\000\000\000`\000\000\000\022\000\000\000\377\377\377\377\b$\000\000\000\000\000\000]\f\000\000.\000\000\000\022\003\224j\001\000\000\000MX_GPIO_Initllvm.dbg.declarellvm.memset.p0.i32HAL_GPIO_WritePinHAL_GPIO_InitHAL_NVIC_SetPriorityHAL_NVIC_EnableIRQ16.0.0gitthumbv7em-arm-none-eabihfCubeMX/Core/Src/gpio.c\000\000\000\000\000"
	.size	.Lllvm.embedded.module, 9780

	.section	.debug_abbrev,"",%progbits
	.byte	1                               @ Abbreviation Code
	.byte	17                              @ DW_TAG_compile_unit
	.byte	1                               @ DW_CHILDREN_yes
	.byte	37                              @ DW_AT_producer
	.byte	14                              @ DW_FORM_strp
	.byte	19                              @ DW_AT_language
	.byte	5                               @ DW_FORM_data2
	.byte	3                               @ DW_AT_name
	.byte	14                              @ DW_FORM_strp
	.byte	16                              @ DW_AT_stmt_list
	.byte	23                              @ DW_FORM_sec_offset
	.byte	27                              @ DW_AT_comp_dir
	.byte	14                              @ DW_FORM_strp
	.byte	0                               @ EOM(1)
	.byte	0                               @ EOM(2)
	.byte	2                               @ Abbreviation Code
	.byte	4                               @ DW_TAG_enumeration_type
	.byte	1                               @ DW_CHILDREN_yes
	.byte	73                              @ DW_AT_type
	.byte	19                              @ DW_FORM_ref4
	.byte	11                              @ DW_AT_byte_size
	.byte	11                              @ DW_FORM_data1
	.byte	58                              @ DW_AT_decl_file
	.byte	11                              @ DW_FORM_data1
	.byte	59                              @ DW_AT_decl_line
	.byte	11                              @ DW_FORM_data1
	.byte	0                               @ EOM(1)
	.byte	0                               @ EOM(2)
	.byte	3                               @ Abbreviation Code
	.byte	40                              @ DW_TAG_enumerator
	.byte	0                               @ DW_CHILDREN_no
	.byte	3                               @ DW_AT_name
	.byte	14                              @ DW_FORM_strp
	.byte	28                              @ DW_AT_const_value
	.byte	15                              @ DW_FORM_udata
	.byte	0                               @ EOM(1)
	.byte	0                               @ EOM(2)
	.byte	4                               @ Abbreviation Code
	.byte	36                              @ DW_TAG_base_type
	.byte	0                               @ DW_CHILDREN_no
	.byte	3                               @ DW_AT_name
	.byte	14                              @ DW_FORM_strp
	.byte	62                              @ DW_AT_encoding
	.byte	11                              @ DW_FORM_data1
	.byte	11                              @ DW_AT_byte_size
	.byte	11                              @ DW_FORM_data1
	.byte	0                               @ EOM(1)
	.byte	0                               @ EOM(2)
	.byte	5                               @ Abbreviation Code
	.byte	40                              @ DW_TAG_enumerator
	.byte	0                               @ DW_CHILDREN_no
	.byte	3                               @ DW_AT_name
	.byte	14                              @ DW_FORM_strp
	.byte	28                              @ DW_AT_const_value
	.byte	13                              @ DW_FORM_sdata
	.byte	0                               @ EOM(1)
	.byte	0                               @ EOM(2)
	.byte	6                               @ Abbreviation Code
	.byte	15                              @ DW_TAG_pointer_type
	.byte	0                               @ DW_CHILDREN_no
	.byte	73                              @ DW_AT_type
	.byte	19                              @ DW_FORM_ref4
	.byte	0                               @ EOM(1)
	.byte	0                               @ EOM(2)
	.byte	7                               @ Abbreviation Code
	.byte	22                              @ DW_TAG_typedef
	.byte	0                               @ DW_CHILDREN_no
	.byte	73                              @ DW_AT_type
	.byte	19                              @ DW_FORM_ref4
	.byte	3                               @ DW_AT_name
	.byte	14                              @ DW_FORM_strp
	.byte	58                              @ DW_AT_decl_file
	.byte	11                              @ DW_FORM_data1
	.byte	59                              @ DW_AT_decl_line
	.byte	5                               @ DW_FORM_data2
	.byte	0                               @ EOM(1)
	.byte	0                               @ EOM(2)
	.byte	8                               @ Abbreviation Code
	.byte	19                              @ DW_TAG_structure_type
	.byte	1                               @ DW_CHILDREN_yes
	.byte	11                              @ DW_AT_byte_size
	.byte	11                              @ DW_FORM_data1
	.byte	58                              @ DW_AT_decl_file
	.byte	11                              @ DW_FORM_data1
	.byte	59                              @ DW_AT_decl_line
	.byte	5                               @ DW_FORM_data2
	.byte	0                               @ EOM(1)
	.byte	0                               @ EOM(2)
	.byte	9                               @ Abbreviation Code
	.byte	13                              @ DW_TAG_member
	.byte	0                               @ DW_CHILDREN_no
	.byte	3                               @ DW_AT_name
	.byte	14                              @ DW_FORM_strp
	.byte	73                              @ DW_AT_type
	.byte	19                              @ DW_FORM_ref4
	.byte	58                              @ DW_AT_decl_file
	.byte	11                              @ DW_FORM_data1
	.byte	59                              @ DW_AT_decl_line
	.byte	5                               @ DW_FORM_data2
	.byte	56                              @ DW_AT_data_member_location
	.byte	11                              @ DW_FORM_data1
	.byte	0                               @ EOM(1)
	.byte	0                               @ EOM(2)
	.byte	10                              @ Abbreviation Code
	.byte	53                              @ DW_TAG_volatile_type
	.byte	0                               @ DW_CHILDREN_no
	.byte	73                              @ DW_AT_type
	.byte	19                              @ DW_FORM_ref4
	.byte	0                               @ EOM(1)
	.byte	0                               @ EOM(2)
	.byte	11                              @ Abbreviation Code
	.byte	22                              @ DW_TAG_typedef
	.byte	0                               @ DW_CHILDREN_no
	.byte	73                              @ DW_AT_type
	.byte	19                              @ DW_FORM_ref4
	.byte	3                               @ DW_AT_name
	.byte	14                              @ DW_FORM_strp
	.byte	58                              @ DW_AT_decl_file
	.byte	11                              @ DW_FORM_data1
	.byte	59                              @ DW_AT_decl_line
	.byte	11                              @ DW_FORM_data1
	.byte	0                               @ EOM(1)
	.byte	0                               @ EOM(2)
	.byte	12                              @ Abbreviation Code
	.byte	1                               @ DW_TAG_array_type
	.byte	1                               @ DW_CHILDREN_yes
	.byte	73                              @ DW_AT_type
	.byte	19                              @ DW_FORM_ref4
	.byte	0                               @ EOM(1)
	.byte	0                               @ EOM(2)
	.byte	13                              @ Abbreviation Code
	.byte	33                              @ DW_TAG_subrange_type
	.byte	0                               @ DW_CHILDREN_no
	.byte	73                              @ DW_AT_type
	.byte	19                              @ DW_FORM_ref4
	.byte	55                              @ DW_AT_count
	.byte	11                              @ DW_FORM_data1
	.byte	0                               @ EOM(1)
	.byte	0                               @ EOM(2)
	.byte	14                              @ Abbreviation Code
	.byte	36                              @ DW_TAG_base_type
	.byte	0                               @ DW_CHILDREN_no
	.byte	3                               @ DW_AT_name
	.byte	14                              @ DW_FORM_strp
	.byte	11                              @ DW_AT_byte_size
	.byte	11                              @ DW_FORM_data1
	.byte	62                              @ DW_AT_encoding
	.byte	11                              @ DW_FORM_data1
	.byte	0                               @ EOM(1)
	.byte	0                               @ EOM(2)
	.byte	0                               @ EOM(3)
	.section	.debug_info,"",%progbits
.Lcu_begin0:
	.long	.Ldebug_info_end0-.Ldebug_info_start0 @ Length of Unit
.Ldebug_info_start0:
	.short	4                               @ DWARF version number
	.long	.debug_abbrev                   @ Offset Into Abbrev. Section
	.byte	4                               @ Address Size (in bytes)
	.byte	1                               @ Abbrev [1] 0xb:0x51b DW_TAG_compile_unit
	.long	.Linfo_string0                  @ DW_AT_producer
	.short	12                              @ DW_AT_language
	.long	.Linfo_string1                  @ DW_AT_name
	.long	.Lline_table_start0             @ DW_AT_stmt_list
	.long	.Linfo_string2                  @ DW_AT_comp_dir
	.byte	2                               @ Abbrev [2] 0x1e:0x15 DW_TAG_enumeration_type
	.long	51                              @ DW_AT_type
	.byte	1                               @ DW_AT_byte_size
	.byte	1                               @ DW_AT_decl_file
	.byte	68                              @ DW_AT_decl_line
	.byte	3                               @ Abbrev [3] 0x26:0x6 DW_TAG_enumerator
	.long	.Linfo_string4                  @ DW_AT_name
	.byte	0                               @ DW_AT_const_value
	.byte	3                               @ Abbrev [3] 0x2c:0x6 DW_TAG_enumerator
	.long	.Linfo_string5                  @ DW_AT_name
	.byte	1                               @ DW_AT_const_value
	.byte	0                               @ End Of Children Mark
	.byte	4                               @ Abbrev [4] 0x33:0x7 DW_TAG_base_type
	.long	.Linfo_string3                  @ DW_AT_name
	.byte	8                               @ DW_AT_encoding
	.byte	1                               @ DW_AT_byte_size
	.byte	2                               @ Abbrev [2] 0x3a:0x1f0 DW_TAG_enumeration_type
	.long	554                             @ DW_AT_type
	.byte	1                               @ DW_AT_byte_size
	.byte	2                               @ DW_AT_decl_file
	.byte	65                              @ DW_AT_decl_line
	.byte	5                               @ Abbrev [5] 0x42:0x6 DW_TAG_enumerator
	.long	.Linfo_string7                  @ DW_AT_name
	.byte	114                             @ DW_AT_const_value
	.byte	5                               @ Abbrev [5] 0x48:0x6 DW_TAG_enumerator
	.long	.Linfo_string8                  @ DW_AT_name
	.byte	115                             @ DW_AT_const_value
	.byte	5                               @ Abbrev [5] 0x4e:0x6 DW_TAG_enumerator
	.long	.Linfo_string9                  @ DW_AT_name
	.byte	116                             @ DW_AT_const_value
	.byte	5                               @ Abbrev [5] 0x54:0x6 DW_TAG_enumerator
	.long	.Linfo_string10                 @ DW_AT_name
	.byte	117                             @ DW_AT_const_value
	.byte	5                               @ Abbrev [5] 0x5a:0x6 DW_TAG_enumerator
	.long	.Linfo_string11                 @ DW_AT_name
	.byte	118                             @ DW_AT_const_value
	.byte	5                               @ Abbrev [5] 0x60:0x6 DW_TAG_enumerator
	.long	.Linfo_string12                 @ DW_AT_name
	.byte	123                             @ DW_AT_const_value
	.byte	5                               @ Abbrev [5] 0x66:0x6 DW_TAG_enumerator
	.long	.Linfo_string13                 @ DW_AT_name
	.byte	124                             @ DW_AT_const_value
	.byte	5                               @ Abbrev [5] 0x6c:0x6 DW_TAG_enumerator
	.long	.Linfo_string14                 @ DW_AT_name
	.byte	126                             @ DW_AT_const_value
	.byte	5                               @ Abbrev [5] 0x72:0x6 DW_TAG_enumerator
	.long	.Linfo_string15                 @ DW_AT_name
	.byte	127                             @ DW_AT_const_value
	.byte	5                               @ Abbrev [5] 0x78:0x6 DW_TAG_enumerator
	.long	.Linfo_string16                 @ DW_AT_name
	.byte	0                               @ DW_AT_const_value
	.byte	5                               @ Abbrev [5] 0x7e:0x6 DW_TAG_enumerator
	.long	.Linfo_string17                 @ DW_AT_name
	.byte	1                               @ DW_AT_const_value
	.byte	5                               @ Abbrev [5] 0x84:0x6 DW_TAG_enumerator
	.long	.Linfo_string18                 @ DW_AT_name
	.byte	2                               @ DW_AT_const_value
	.byte	5                               @ Abbrev [5] 0x8a:0x6 DW_TAG_enumerator
	.long	.Linfo_string19                 @ DW_AT_name
	.byte	3                               @ DW_AT_const_value
	.byte	5                               @ Abbrev [5] 0x90:0x6 DW_TAG_enumerator
	.long	.Linfo_string20                 @ DW_AT_name
	.byte	4                               @ DW_AT_const_value
	.byte	5                               @ Abbrev [5] 0x96:0x6 DW_TAG_enumerator
	.long	.Linfo_string21                 @ DW_AT_name
	.byte	5                               @ DW_AT_const_value
	.byte	5                               @ Abbrev [5] 0x9c:0x6 DW_TAG_enumerator
	.long	.Linfo_string22                 @ DW_AT_name
	.byte	6                               @ DW_AT_const_value
	.byte	5                               @ Abbrev [5] 0xa2:0x6 DW_TAG_enumerator
	.long	.Linfo_string23                 @ DW_AT_name
	.byte	7                               @ DW_AT_const_value
	.byte	5                               @ Abbrev [5] 0xa8:0x6 DW_TAG_enumerator
	.long	.Linfo_string24                 @ DW_AT_name
	.byte	8                               @ DW_AT_const_value
	.byte	5                               @ Abbrev [5] 0xae:0x6 DW_TAG_enumerator
	.long	.Linfo_string25                 @ DW_AT_name
	.byte	9                               @ DW_AT_const_value
	.byte	5                               @ Abbrev [5] 0xb4:0x6 DW_TAG_enumerator
	.long	.Linfo_string26                 @ DW_AT_name
	.byte	10                              @ DW_AT_const_value
	.byte	5                               @ Abbrev [5] 0xba:0x6 DW_TAG_enumerator
	.long	.Linfo_string27                 @ DW_AT_name
	.byte	11                              @ DW_AT_const_value
	.byte	5                               @ Abbrev [5] 0xc0:0x6 DW_TAG_enumerator
	.long	.Linfo_string28                 @ DW_AT_name
	.byte	12                              @ DW_AT_const_value
	.byte	5                               @ Abbrev [5] 0xc6:0x6 DW_TAG_enumerator
	.long	.Linfo_string29                 @ DW_AT_name
	.byte	13                              @ DW_AT_const_value
	.byte	5                               @ Abbrev [5] 0xcc:0x6 DW_TAG_enumerator
	.long	.Linfo_string30                 @ DW_AT_name
	.byte	14                              @ DW_AT_const_value
	.byte	5                               @ Abbrev [5] 0xd2:0x6 DW_TAG_enumerator
	.long	.Linfo_string31                 @ DW_AT_name
	.byte	15                              @ DW_AT_const_value
	.byte	5                               @ Abbrev [5] 0xd8:0x6 DW_TAG_enumerator
	.long	.Linfo_string32                 @ DW_AT_name
	.byte	16                              @ DW_AT_const_value
	.byte	5                               @ Abbrev [5] 0xde:0x6 DW_TAG_enumerator
	.long	.Linfo_string33                 @ DW_AT_name
	.byte	18                              @ DW_AT_const_value
	.byte	5                               @ Abbrev [5] 0xe4:0x6 DW_TAG_enumerator
	.long	.Linfo_string34                 @ DW_AT_name
	.byte	19                              @ DW_AT_const_value
	.byte	5                               @ Abbrev [5] 0xea:0x6 DW_TAG_enumerator
	.long	.Linfo_string35                 @ DW_AT_name
	.byte	20                              @ DW_AT_const_value
	.byte	5                               @ Abbrev [5] 0xf0:0x6 DW_TAG_enumerator
	.long	.Linfo_string36                 @ DW_AT_name
	.byte	21                              @ DW_AT_const_value
	.byte	5                               @ Abbrev [5] 0xf6:0x6 DW_TAG_enumerator
	.long	.Linfo_string37                 @ DW_AT_name
	.byte	22                              @ DW_AT_const_value
	.byte	5                               @ Abbrev [5] 0xfc:0x6 DW_TAG_enumerator
	.long	.Linfo_string38                 @ DW_AT_name
	.byte	23                              @ DW_AT_const_value
	.byte	5                               @ Abbrev [5] 0x102:0x6 DW_TAG_enumerator
	.long	.Linfo_string39                 @ DW_AT_name
	.byte	24                              @ DW_AT_const_value
	.byte	5                               @ Abbrev [5] 0x108:0x6 DW_TAG_enumerator
	.long	.Linfo_string40                 @ DW_AT_name
	.byte	25                              @ DW_AT_const_value
	.byte	5                               @ Abbrev [5] 0x10e:0x6 DW_TAG_enumerator
	.long	.Linfo_string41                 @ DW_AT_name
	.byte	26                              @ DW_AT_const_value
	.byte	5                               @ Abbrev [5] 0x114:0x6 DW_TAG_enumerator
	.long	.Linfo_string42                 @ DW_AT_name
	.byte	27                              @ DW_AT_const_value
	.byte	5                               @ Abbrev [5] 0x11a:0x6 DW_TAG_enumerator
	.long	.Linfo_string43                 @ DW_AT_name
	.byte	28                              @ DW_AT_const_value
	.byte	5                               @ Abbrev [5] 0x120:0x6 DW_TAG_enumerator
	.long	.Linfo_string44                 @ DW_AT_name
	.byte	29                              @ DW_AT_const_value
	.byte	5                               @ Abbrev [5] 0x126:0x6 DW_TAG_enumerator
	.long	.Linfo_string45                 @ DW_AT_name
	.byte	30                              @ DW_AT_const_value
	.byte	5                               @ Abbrev [5] 0x12c:0x6 DW_TAG_enumerator
	.long	.Linfo_string46                 @ DW_AT_name
	.byte	31                              @ DW_AT_const_value
	.byte	5                               @ Abbrev [5] 0x132:0x6 DW_TAG_enumerator
	.long	.Linfo_string47                 @ DW_AT_name
	.byte	32                              @ DW_AT_const_value
	.byte	5                               @ Abbrev [5] 0x138:0x6 DW_TAG_enumerator
	.long	.Linfo_string48                 @ DW_AT_name
	.byte	33                              @ DW_AT_const_value
	.byte	5                               @ Abbrev [5] 0x13e:0x6 DW_TAG_enumerator
	.long	.Linfo_string49                 @ DW_AT_name
	.byte	34                              @ DW_AT_const_value
	.byte	5                               @ Abbrev [5] 0x144:0x6 DW_TAG_enumerator
	.long	.Linfo_string50                 @ DW_AT_name
	.byte	35                              @ DW_AT_const_value
	.byte	5                               @ Abbrev [5] 0x14a:0x6 DW_TAG_enumerator
	.long	.Linfo_string51                 @ DW_AT_name
	.byte	36                              @ DW_AT_const_value
	.byte	5                               @ Abbrev [5] 0x150:0x6 DW_TAG_enumerator
	.long	.Linfo_string52                 @ DW_AT_name
	.byte	37                              @ DW_AT_const_value
	.byte	5                               @ Abbrev [5] 0x156:0x6 DW_TAG_enumerator
	.long	.Linfo_string53                 @ DW_AT_name
	.byte	38                              @ DW_AT_const_value
	.byte	5                               @ Abbrev [5] 0x15c:0x6 DW_TAG_enumerator
	.long	.Linfo_string54                 @ DW_AT_name
	.byte	39                              @ DW_AT_const_value
	.byte	5                               @ Abbrev [5] 0x162:0x6 DW_TAG_enumerator
	.long	.Linfo_string55                 @ DW_AT_name
	.byte	40                              @ DW_AT_const_value
	.byte	5                               @ Abbrev [5] 0x168:0x6 DW_TAG_enumerator
	.long	.Linfo_string56                 @ DW_AT_name
	.byte	41                              @ DW_AT_const_value
	.byte	5                               @ Abbrev [5] 0x16e:0x6 DW_TAG_enumerator
	.long	.Linfo_string57                 @ DW_AT_name
	.byte	42                              @ DW_AT_const_value
	.byte	5                               @ Abbrev [5] 0x174:0x6 DW_TAG_enumerator
	.long	.Linfo_string58                 @ DW_AT_name
	.byte	43                              @ DW_AT_const_value
	.byte	5                               @ Abbrev [5] 0x17a:0x6 DW_TAG_enumerator
	.long	.Linfo_string59                 @ DW_AT_name
	.byte	44                              @ DW_AT_const_value
	.byte	5                               @ Abbrev [5] 0x180:0x6 DW_TAG_enumerator
	.long	.Linfo_string60                 @ DW_AT_name
	.byte	45                              @ DW_AT_const_value
	.byte	5                               @ Abbrev [5] 0x186:0x6 DW_TAG_enumerator
	.long	.Linfo_string61                 @ DW_AT_name
	.byte	46                              @ DW_AT_const_value
	.byte	5                               @ Abbrev [5] 0x18c:0x6 DW_TAG_enumerator
	.long	.Linfo_string62                 @ DW_AT_name
	.byte	49                              @ DW_AT_const_value
	.byte	5                               @ Abbrev [5] 0x192:0x6 DW_TAG_enumerator
	.long	.Linfo_string63                 @ DW_AT_name
	.byte	51                              @ DW_AT_const_value
	.byte	5                               @ Abbrev [5] 0x198:0x6 DW_TAG_enumerator
	.long	.Linfo_string64                 @ DW_AT_name
	.byte	52                              @ DW_AT_const_value
	.byte	5                               @ Abbrev [5] 0x19e:0x6 DW_TAG_enumerator
	.long	.Linfo_string65                 @ DW_AT_name
	.byte	54                              @ DW_AT_const_value
	.byte	5                               @ Abbrev [5] 0x1a4:0x6 DW_TAG_enumerator
	.long	.Linfo_string66                 @ DW_AT_name
	.byte	55                              @ DW_AT_const_value
	.byte	5                               @ Abbrev [5] 0x1aa:0x6 DW_TAG_enumerator
	.long	.Linfo_string67                 @ DW_AT_name
	.byte	56                              @ DW_AT_const_value
	.byte	5                               @ Abbrev [5] 0x1b0:0x6 DW_TAG_enumerator
	.long	.Linfo_string68                 @ DW_AT_name
	.byte	57                              @ DW_AT_const_value
	.byte	5                               @ Abbrev [5] 0x1b6:0x6 DW_TAG_enumerator
	.long	.Linfo_string69                 @ DW_AT_name
	.byte	58                              @ DW_AT_const_value
	.byte	5                               @ Abbrev [5] 0x1bc:0x6 DW_TAG_enumerator
	.long	.Linfo_string70                 @ DW_AT_name
	.byte	59                              @ DW_AT_const_value
	.byte	5                               @ Abbrev [5] 0x1c2:0x6 DW_TAG_enumerator
	.long	.Linfo_string71                 @ DW_AT_name
	.byte	60                              @ DW_AT_const_value
	.byte	5                               @ Abbrev [5] 0x1c8:0x6 DW_TAG_enumerator
	.long	.Linfo_string72                 @ DW_AT_name
	.byte	63                              @ DW_AT_const_value
	.byte	5                               @ Abbrev [5] 0x1ce:0x7 DW_TAG_enumerator
	.long	.Linfo_string73                 @ DW_AT_name
	.asciz	"\300"                          @ DW_AT_const_value
	.byte	5                               @ Abbrev [5] 0x1d5:0x7 DW_TAG_enumerator
	.long	.Linfo_string74                 @ DW_AT_name
	.asciz	"\301"                          @ DW_AT_const_value
	.byte	5                               @ Abbrev [5] 0x1dc:0x7 DW_TAG_enumerator
	.long	.Linfo_string75                 @ DW_AT_name
	.asciz	"\313"                          @ DW_AT_const_value
	.byte	5                               @ Abbrev [5] 0x1e3:0x7 DW_TAG_enumerator
	.long	.Linfo_string76                 @ DW_AT_name
	.asciz	"\314"                          @ DW_AT_const_value
	.byte	5                               @ Abbrev [5] 0x1ea:0x7 DW_TAG_enumerator
	.long	.Linfo_string77                 @ DW_AT_name
	.asciz	"\321"                          @ DW_AT_const_value
	.byte	5                               @ Abbrev [5] 0x1f1:0x7 DW_TAG_enumerator
	.long	.Linfo_string78                 @ DW_AT_name
	.asciz	"\332"                          @ DW_AT_const_value
	.byte	5                               @ Abbrev [5] 0x1f8:0x7 DW_TAG_enumerator
	.long	.Linfo_string79                 @ DW_AT_name
	.asciz	"\333"                          @ DW_AT_const_value
	.byte	5                               @ Abbrev [5] 0x1ff:0x7 DW_TAG_enumerator
	.long	.Linfo_string80                 @ DW_AT_name
	.asciz	"\334"                          @ DW_AT_const_value
	.byte	5                               @ Abbrev [5] 0x206:0x7 DW_TAG_enumerator
	.long	.Linfo_string81                 @ DW_AT_name
	.asciz	"\335"                          @ DW_AT_const_value
	.byte	5                               @ Abbrev [5] 0x20d:0x7 DW_TAG_enumerator
	.long	.Linfo_string82                 @ DW_AT_name
	.asciz	"\336"                          @ DW_AT_const_value
	.byte	5                               @ Abbrev [5] 0x214:0x7 DW_TAG_enumerator
	.long	.Linfo_string83                 @ DW_AT_name
	.asciz	"\341"                          @ DW_AT_const_value
	.byte	5                               @ Abbrev [5] 0x21b:0x7 DW_TAG_enumerator
	.long	.Linfo_string84                 @ DW_AT_name
	.asciz	"\344"                          @ DW_AT_const_value
	.byte	5                               @ Abbrev [5] 0x222:0x7 DW_TAG_enumerator
	.long	.Linfo_string85                 @ DW_AT_name
	.asciz	"\345"                          @ DW_AT_const_value
	.byte	0                               @ End Of Children Mark
	.byte	4                               @ Abbrev [4] 0x22a:0x7 DW_TAG_base_type
	.long	.Linfo_string6                  @ DW_AT_name
	.byte	6                               @ DW_AT_encoding
	.byte	1                               @ DW_AT_byte_size
	.byte	6                               @ Abbrev [6] 0x231:0x5 DW_TAG_pointer_type
	.long	566                             @ DW_AT_type
	.byte	7                               @ Abbrev [7] 0x236:0xc DW_TAG_typedef
	.long	578                             @ DW_AT_type
	.long	.Linfo_string128                @ DW_AT_name
	.byte	2                               @ DW_AT_decl_file
	.short	617                             @ DW_AT_decl_line
	.byte	8                               @ Abbrev [8] 0x242:0x20e DW_TAG_structure_type
	.byte	160                             @ DW_AT_byte_size
	.byte	2                               @ DW_AT_decl_file
	.short	575                             @ DW_AT_decl_line
	.byte	9                               @ Abbrev [9] 0x247:0xd DW_TAG_member
	.long	.Linfo_string86                 @ DW_AT_name
	.long	1104                            @ DW_AT_type
	.byte	2                               @ DW_AT_decl_file
	.short	577                             @ DW_AT_decl_line
	.byte	0                               @ DW_AT_data_member_location
	.byte	9                               @ Abbrev [9] 0x254:0xd DW_TAG_member
	.long	.Linfo_string89                 @ DW_AT_name
	.long	1104                            @ DW_AT_type
	.byte	2                               @ DW_AT_decl_file
	.short	578                             @ DW_AT_decl_line
	.byte	4                               @ DW_AT_data_member_location
	.byte	9                               @ Abbrev [9] 0x261:0xd DW_TAG_member
	.long	.Linfo_string90                 @ DW_AT_name
	.long	1104                            @ DW_AT_type
	.byte	2                               @ DW_AT_decl_file
	.short	579                             @ DW_AT_decl_line
	.byte	8                               @ DW_AT_data_member_location
	.byte	9                               @ Abbrev [9] 0x26e:0xd DW_TAG_member
	.long	.Linfo_string91                 @ DW_AT_name
	.long	1104                            @ DW_AT_type
	.byte	2                               @ DW_AT_decl_file
	.short	580                             @ DW_AT_decl_line
	.byte	12                              @ DW_AT_data_member_location
	.byte	9                               @ Abbrev [9] 0x27b:0xd DW_TAG_member
	.long	.Linfo_string92                 @ DW_AT_name
	.long	1109                            @ DW_AT_type
	.byte	2                               @ DW_AT_decl_file
	.short	581                             @ DW_AT_decl_line
	.byte	16                              @ DW_AT_data_member_location
	.byte	9                               @ Abbrev [9] 0x288:0xd DW_TAG_member
	.long	.Linfo_string93                 @ DW_AT_name
	.long	1109                            @ DW_AT_type
	.byte	2                               @ DW_AT_decl_file
	.short	582                             @ DW_AT_decl_line
	.byte	20                              @ DW_AT_data_member_location
	.byte	9                               @ Abbrev [9] 0x295:0xd DW_TAG_member
	.long	.Linfo_string94                 @ DW_AT_name
	.long	1104                            @ DW_AT_type
	.byte	2                               @ DW_AT_decl_file
	.short	583                             @ DW_AT_decl_line
	.byte	24                              @ DW_AT_data_member_location
	.byte	9                               @ Abbrev [9] 0x2a2:0xd DW_TAG_member
	.long	.Linfo_string95                 @ DW_AT_name
	.long	1104                            @ DW_AT_type
	.byte	2                               @ DW_AT_decl_file
	.short	584                             @ DW_AT_decl_line
	.byte	28                              @ DW_AT_data_member_location
	.byte	9                               @ Abbrev [9] 0x2af:0xd DW_TAG_member
	.long	.Linfo_string96                 @ DW_AT_name
	.long	1104                            @ DW_AT_type
	.byte	2                               @ DW_AT_decl_file
	.short	585                             @ DW_AT_decl_line
	.byte	32                              @ DW_AT_data_member_location
	.byte	9                               @ Abbrev [9] 0x2bc:0xd DW_TAG_member
	.long	.Linfo_string97                 @ DW_AT_name
	.long	1109                            @ DW_AT_type
	.byte	2                               @ DW_AT_decl_file
	.short	586                             @ DW_AT_decl_line
	.byte	36                              @ DW_AT_data_member_location
	.byte	9                               @ Abbrev [9] 0x2c9:0xd DW_TAG_member
	.long	.Linfo_string98                 @ DW_AT_name
	.long	1104                            @ DW_AT_type
	.byte	2                               @ DW_AT_decl_file
	.short	587                             @ DW_AT_decl_line
	.byte	40                              @ DW_AT_data_member_location
	.byte	9                               @ Abbrev [9] 0x2d6:0xd DW_TAG_member
	.long	.Linfo_string99                 @ DW_AT_name
	.long	1104                            @ DW_AT_type
	.byte	2                               @ DW_AT_decl_file
	.short	588                             @ DW_AT_decl_line
	.byte	44                              @ DW_AT_data_member_location
	.byte	9                               @ Abbrev [9] 0x2e3:0xd DW_TAG_member
	.long	.Linfo_string100                @ DW_AT_name
	.long	1104                            @ DW_AT_type
	.byte	2                               @ DW_AT_decl_file
	.short	589                             @ DW_AT_decl_line
	.byte	48                              @ DW_AT_data_member_location
	.byte	9                               @ Abbrev [9] 0x2f0:0xd DW_TAG_member
	.long	.Linfo_string101                @ DW_AT_name
	.long	1109                            @ DW_AT_type
	.byte	2                               @ DW_AT_decl_file
	.short	590                             @ DW_AT_decl_line
	.byte	52                              @ DW_AT_data_member_location
	.byte	9                               @ Abbrev [9] 0x2fd:0xd DW_TAG_member
	.long	.Linfo_string102                @ DW_AT_name
	.long	1104                            @ DW_AT_type
	.byte	2                               @ DW_AT_decl_file
	.short	591                             @ DW_AT_decl_line
	.byte	56                              @ DW_AT_data_member_location
	.byte	9                               @ Abbrev [9] 0x30a:0xd DW_TAG_member
	.long	.Linfo_string103                @ DW_AT_name
	.long	1104                            @ DW_AT_type
	.byte	2                               @ DW_AT_decl_file
	.short	592                             @ DW_AT_decl_line
	.byte	60                              @ DW_AT_data_member_location
	.byte	9                               @ Abbrev [9] 0x317:0xd DW_TAG_member
	.long	.Linfo_string104                @ DW_AT_name
	.long	1104                            @ DW_AT_type
	.byte	2                               @ DW_AT_decl_file
	.short	593                             @ DW_AT_decl_line
	.byte	64                              @ DW_AT_data_member_location
	.byte	9                               @ Abbrev [9] 0x324:0xd DW_TAG_member
	.long	.Linfo_string105                @ DW_AT_name
	.long	1109                            @ DW_AT_type
	.byte	2                               @ DW_AT_decl_file
	.short	594                             @ DW_AT_decl_line
	.byte	68                              @ DW_AT_data_member_location
	.byte	9                               @ Abbrev [9] 0x331:0xd DW_TAG_member
	.long	.Linfo_string106                @ DW_AT_name
	.long	1104                            @ DW_AT_type
	.byte	2                               @ DW_AT_decl_file
	.short	595                             @ DW_AT_decl_line
	.byte	72                              @ DW_AT_data_member_location
	.byte	9                               @ Abbrev [9] 0x33e:0xd DW_TAG_member
	.long	.Linfo_string107                @ DW_AT_name
	.long	1104                            @ DW_AT_type
	.byte	2                               @ DW_AT_decl_file
	.short	596                             @ DW_AT_decl_line
	.byte	76                              @ DW_AT_data_member_location
	.byte	9                               @ Abbrev [9] 0x34b:0xd DW_TAG_member
	.long	.Linfo_string108                @ DW_AT_name
	.long	1104                            @ DW_AT_type
	.byte	2                               @ DW_AT_decl_file
	.short	597                             @ DW_AT_decl_line
	.byte	80                              @ DW_AT_data_member_location
	.byte	9                               @ Abbrev [9] 0x358:0xd DW_TAG_member
	.long	.Linfo_string109                @ DW_AT_name
	.long	1109                            @ DW_AT_type
	.byte	2                               @ DW_AT_decl_file
	.short	598                             @ DW_AT_decl_line
	.byte	84                              @ DW_AT_data_member_location
	.byte	9                               @ Abbrev [9] 0x365:0xd DW_TAG_member
	.long	.Linfo_string110                @ DW_AT_name
	.long	1104                            @ DW_AT_type
	.byte	2                               @ DW_AT_decl_file
	.short	599                             @ DW_AT_decl_line
	.byte	88                              @ DW_AT_data_member_location
	.byte	9                               @ Abbrev [9] 0x372:0xd DW_TAG_member
	.long	.Linfo_string111                @ DW_AT_name
	.long	1104                            @ DW_AT_type
	.byte	2                               @ DW_AT_decl_file
	.short	600                             @ DW_AT_decl_line
	.byte	92                              @ DW_AT_data_member_location
	.byte	9                               @ Abbrev [9] 0x37f:0xd DW_TAG_member
	.long	.Linfo_string112                @ DW_AT_name
	.long	1104                            @ DW_AT_type
	.byte	2                               @ DW_AT_decl_file
	.short	601                             @ DW_AT_decl_line
	.byte	96                              @ DW_AT_data_member_location
	.byte	9                               @ Abbrev [9] 0x38c:0xd DW_TAG_member
	.long	.Linfo_string113                @ DW_AT_name
	.long	1109                            @ DW_AT_type
	.byte	2                               @ DW_AT_decl_file
	.short	602                             @ DW_AT_decl_line
	.byte	100                             @ DW_AT_data_member_location
	.byte	9                               @ Abbrev [9] 0x399:0xd DW_TAG_member
	.long	.Linfo_string114                @ DW_AT_name
	.long	1104                            @ DW_AT_type
	.byte	2                               @ DW_AT_decl_file
	.short	603                             @ DW_AT_decl_line
	.byte	104                             @ DW_AT_data_member_location
	.byte	9                               @ Abbrev [9] 0x3a6:0xd DW_TAG_member
	.long	.Linfo_string115                @ DW_AT_name
	.long	1104                            @ DW_AT_type
	.byte	2                               @ DW_AT_decl_file
	.short	604                             @ DW_AT_decl_line
	.byte	108                             @ DW_AT_data_member_location
	.byte	9                               @ Abbrev [9] 0x3b3:0xd DW_TAG_member
	.long	.Linfo_string116                @ DW_AT_name
	.long	1104                            @ DW_AT_type
	.byte	2                               @ DW_AT_decl_file
	.short	605                             @ DW_AT_decl_line
	.byte	112                             @ DW_AT_data_member_location
	.byte	9                               @ Abbrev [9] 0x3c0:0xd DW_TAG_member
	.long	.Linfo_string117                @ DW_AT_name
	.long	1109                            @ DW_AT_type
	.byte	2                               @ DW_AT_decl_file
	.short	606                             @ DW_AT_decl_line
	.byte	116                             @ DW_AT_data_member_location
	.byte	9                               @ Abbrev [9] 0x3cd:0xd DW_TAG_member
	.long	.Linfo_string118                @ DW_AT_name
	.long	1104                            @ DW_AT_type
	.byte	2                               @ DW_AT_decl_file
	.short	607                             @ DW_AT_decl_line
	.byte	120                             @ DW_AT_data_member_location
	.byte	9                               @ Abbrev [9] 0x3da:0xd DW_TAG_member
	.long	.Linfo_string119                @ DW_AT_name
	.long	1104                            @ DW_AT_type
	.byte	2                               @ DW_AT_decl_file
	.short	608                             @ DW_AT_decl_line
	.byte	124                             @ DW_AT_data_member_location
	.byte	9                               @ Abbrev [9] 0x3e7:0xd DW_TAG_member
	.long	.Linfo_string120                @ DW_AT_name
	.long	1104                            @ DW_AT_type
	.byte	2                               @ DW_AT_decl_file
	.short	609                             @ DW_AT_decl_line
	.byte	128                             @ DW_AT_data_member_location
	.byte	9                               @ Abbrev [9] 0x3f4:0xd DW_TAG_member
	.long	.Linfo_string121                @ DW_AT_name
	.long	1109                            @ DW_AT_type
	.byte	2                               @ DW_AT_decl_file
	.short	610                             @ DW_AT_decl_line
	.byte	132                             @ DW_AT_data_member_location
	.byte	9                               @ Abbrev [9] 0x401:0xd DW_TAG_member
	.long	.Linfo_string122                @ DW_AT_name
	.long	1104                            @ DW_AT_type
	.byte	2                               @ DW_AT_decl_file
	.short	611                             @ DW_AT_decl_line
	.byte	136                             @ DW_AT_data_member_location
	.byte	9                               @ Abbrev [9] 0x40e:0xd DW_TAG_member
	.long	.Linfo_string123                @ DW_AT_name
	.long	1109                            @ DW_AT_type
	.byte	2                               @ DW_AT_decl_file
	.short	612                             @ DW_AT_decl_line
	.byte	140                             @ DW_AT_data_member_location
	.byte	9                               @ Abbrev [9] 0x41b:0xd DW_TAG_member
	.long	.Linfo_string124                @ DW_AT_name
	.long	1104                            @ DW_AT_type
	.byte	2                               @ DW_AT_decl_file
	.short	613                             @ DW_AT_decl_line
	.byte	144                             @ DW_AT_data_member_location
	.byte	9                               @ Abbrev [9] 0x428:0xd DW_TAG_member
	.long	.Linfo_string125                @ DW_AT_name
	.long	1104                            @ DW_AT_type
	.byte	2                               @ DW_AT_decl_file
	.short	614                             @ DW_AT_decl_line
	.byte	148                             @ DW_AT_data_member_location
	.byte	9                               @ Abbrev [9] 0x435:0xd DW_TAG_member
	.long	.Linfo_string126                @ DW_AT_name
	.long	1104                            @ DW_AT_type
	.byte	2                               @ DW_AT_decl_file
	.short	615                             @ DW_AT_decl_line
	.byte	152                             @ DW_AT_data_member_location
	.byte	9                               @ Abbrev [9] 0x442:0xd DW_TAG_member
	.long	.Linfo_string127                @ DW_AT_name
	.long	1104                            @ DW_AT_type
	.byte	2                               @ DW_AT_decl_file
	.short	616                             @ DW_AT_decl_line
	.byte	156                             @ DW_AT_data_member_location
	.byte	0                               @ End Of Children Mark
	.byte	10                              @ Abbrev [10] 0x450:0x5 DW_TAG_volatile_type
	.long	1109                            @ DW_AT_type
	.byte	11                              @ Abbrev [11] 0x455:0xb DW_TAG_typedef
	.long	1120                            @ DW_AT_type
	.long	.Linfo_string88                 @ DW_AT_name
	.byte	3                               @ DW_AT_decl_file
	.byte	64                              @ DW_AT_decl_line
	.byte	4                               @ Abbrev [4] 0x460:0x7 DW_TAG_base_type
	.long	.Linfo_string87                 @ DW_AT_name
	.byte	7                               @ DW_AT_encoding
	.byte	4                               @ DW_AT_byte_size
	.byte	6                               @ Abbrev [6] 0x467:0x5 DW_TAG_pointer_type
	.long	1132                            @ DW_AT_type
	.byte	7                               @ Abbrev [7] 0x46c:0xc DW_TAG_typedef
	.long	1144                            @ DW_AT_type
	.long	.Linfo_string140                @ DW_AT_name
	.byte	2                               @ DW_AT_decl_file
	.short	476                             @ DW_AT_decl_line
	.byte	8                               @ Abbrev [8] 0x478:0x88 DW_TAG_structure_type
	.byte	44                              @ DW_AT_byte_size
	.byte	2                               @ DW_AT_decl_file
	.short	464                             @ DW_AT_decl_line
	.byte	9                               @ Abbrev [9] 0x47d:0xd DW_TAG_member
	.long	.Linfo_string129                @ DW_AT_name
	.long	1104                            @ DW_AT_type
	.byte	2                               @ DW_AT_decl_file
	.short	466                             @ DW_AT_decl_line
	.byte	0                               @ DW_AT_data_member_location
	.byte	9                               @ Abbrev [9] 0x48a:0xd DW_TAG_member
	.long	.Linfo_string130                @ DW_AT_name
	.long	1104                            @ DW_AT_type
	.byte	2                               @ DW_AT_decl_file
	.short	467                             @ DW_AT_decl_line
	.byte	4                               @ DW_AT_data_member_location
	.byte	9                               @ Abbrev [9] 0x497:0xd DW_TAG_member
	.long	.Linfo_string131                @ DW_AT_name
	.long	1104                            @ DW_AT_type
	.byte	2                               @ DW_AT_decl_file
	.short	468                             @ DW_AT_decl_line
	.byte	8                               @ DW_AT_data_member_location
	.byte	9                               @ Abbrev [9] 0x4a4:0xd DW_TAG_member
	.long	.Linfo_string132                @ DW_AT_name
	.long	1104                            @ DW_AT_type
	.byte	2                               @ DW_AT_decl_file
	.short	469                             @ DW_AT_decl_line
	.byte	12                              @ DW_AT_data_member_location
	.byte	9                               @ Abbrev [9] 0x4b1:0xd DW_TAG_member
	.long	.Linfo_string133                @ DW_AT_name
	.long	1104                            @ DW_AT_type
	.byte	2                               @ DW_AT_decl_file
	.short	470                             @ DW_AT_decl_line
	.byte	16                              @ DW_AT_data_member_location
	.byte	9                               @ Abbrev [9] 0x4be:0xd DW_TAG_member
	.long	.Linfo_string134                @ DW_AT_name
	.long	1104                            @ DW_AT_type
	.byte	2                               @ DW_AT_decl_file
	.short	471                             @ DW_AT_decl_line
	.byte	20                              @ DW_AT_data_member_location
	.byte	9                               @ Abbrev [9] 0x4cb:0xd DW_TAG_member
	.long	.Linfo_string135                @ DW_AT_name
	.long	1104                            @ DW_AT_type
	.byte	2                               @ DW_AT_decl_file
	.short	472                             @ DW_AT_decl_line
	.byte	24                              @ DW_AT_data_member_location
	.byte	9                               @ Abbrev [9] 0x4d8:0xd DW_TAG_member
	.long	.Linfo_string136                @ DW_AT_name
	.long	1104                            @ DW_AT_type
	.byte	2                               @ DW_AT_decl_file
	.short	473                             @ DW_AT_decl_line
	.byte	28                              @ DW_AT_data_member_location
	.byte	9                               @ Abbrev [9] 0x4e5:0xd DW_TAG_member
	.long	.Linfo_string137                @ DW_AT_name
	.long	1280                            @ DW_AT_type
	.byte	2                               @ DW_AT_decl_file
	.short	474                             @ DW_AT_decl_line
	.byte	32                              @ DW_AT_data_member_location
	.byte	9                               @ Abbrev [9] 0x4f2:0xd DW_TAG_member
	.long	.Linfo_string139                @ DW_AT_name
	.long	1104                            @ DW_AT_type
	.byte	2                               @ DW_AT_decl_file
	.short	475                             @ DW_AT_decl_line
	.byte	40                              @ DW_AT_data_member_location
	.byte	0                               @ End Of Children Mark
	.byte	12                              @ Abbrev [12] 0x500:0xc DW_TAG_array_type
	.long	1104                            @ DW_AT_type
	.byte	13                              @ Abbrev [13] 0x505:0x6 DW_TAG_subrange_type
	.long	1292                            @ DW_AT_type
	.byte	2                               @ DW_AT_count
	.byte	0                               @ End Of Children Mark
	.byte	14                              @ Abbrev [14] 0x50c:0x7 DW_TAG_base_type
	.long	.Linfo_string138                @ DW_AT_name
	.byte	8                               @ DW_AT_byte_size
	.byte	7                               @ DW_AT_encoding
	.byte	11                              @ Abbrev [11] 0x513:0xb DW_TAG_typedef
	.long	1310                            @ DW_AT_type
	.long	.Linfo_string142                @ DW_AT_name
	.byte	3                               @ DW_AT_decl_file
	.byte	63                              @ DW_AT_decl_line
	.byte	4                               @ Abbrev [4] 0x51e:0x7 DW_TAG_base_type
	.long	.Linfo_string141                @ DW_AT_name
	.byte	7                               @ DW_AT_encoding
	.byte	2                               @ DW_AT_byte_size
	.byte	0                               @ End Of Children Mark
.Ldebug_info_end0:
	.section	.debug_str,"MS",%progbits,1
.Linfo_string0:
	.asciz	"Component: Arm Compiler for Embedded 6.19 Tool: armclang [5e73cb00]" @ string offset=0
.Linfo_string1:
	.asciz	"CubeMX/Core/Src\\gpio.c"       @ string offset=68
.Linfo_string2:
	.asciz	"C:\\Users\\CHALLENGER\\Documents\\KeXieData\\Project\\DigitalPower\\BootLoader" @ string offset=91
.Linfo_string3:
	.asciz	"unsigned char"                 @ string offset=163
.Linfo_string4:
	.asciz	"GPIO_PIN_RESET"                @ string offset=177
.Linfo_string5:
	.asciz	"GPIO_PIN_SET"                  @ string offset=192
.Linfo_string6:
	.asciz	"signed char"                   @ string offset=205
.Linfo_string7:
	.asciz	"NonMaskableInt_IRQn"           @ string offset=217
.Linfo_string8:
	.asciz	"HardFault_IRQn"                @ string offset=237
.Linfo_string9:
	.asciz	"MemoryManagement_IRQn"         @ string offset=252
.Linfo_string10:
	.asciz	"BusFault_IRQn"                 @ string offset=274
.Linfo_string11:
	.asciz	"UsageFault_IRQn"               @ string offset=288
.Linfo_string12:
	.asciz	"SVCall_IRQn"                   @ string offset=304
.Linfo_string13:
	.asciz	"DebugMonitor_IRQn"             @ string offset=316
.Linfo_string14:
	.asciz	"PendSV_IRQn"                   @ string offset=334
.Linfo_string15:
	.asciz	"SysTick_IRQn"                  @ string offset=346
.Linfo_string16:
	.asciz	"WWDG_IRQn"                     @ string offset=359
.Linfo_string17:
	.asciz	"PVD_PVM_IRQn"                  @ string offset=369
.Linfo_string18:
	.asciz	"RTC_TAMP_LSECSS_IRQn"          @ string offset=382
.Linfo_string19:
	.asciz	"RTC_WKUP_IRQn"                 @ string offset=403
.Linfo_string20:
	.asciz	"FLASH_IRQn"                    @ string offset=417
.Linfo_string21:
	.asciz	"RCC_IRQn"                      @ string offset=428
.Linfo_string22:
	.asciz	"EXTI0_IRQn"                    @ string offset=437
.Linfo_string23:
	.asciz	"EXTI1_IRQn"                    @ string offset=448
.Linfo_string24:
	.asciz	"EXTI2_IRQn"                    @ string offset=459
.Linfo_string25:
	.asciz	"EXTI3_IRQn"                    @ string offset=470
.Linfo_string26:
	.asciz	"EXTI4_IRQn"                    @ string offset=481
.Linfo_string27:
	.asciz	"DMA1_Channel1_IRQn"            @ string offset=492
.Linfo_string28:
	.asciz	"DMA1_Channel2_IRQn"            @ string offset=511
.Linfo_string29:
	.asciz	"DMA1_Channel3_IRQn"            @ string offset=530
.Linfo_string30:
	.asciz	"DMA1_Channel4_IRQn"            @ string offset=549
.Linfo_string31:
	.asciz	"DMA1_Channel5_IRQn"            @ string offset=568
.Linfo_string32:
	.asciz	"DMA1_Channel6_IRQn"            @ string offset=587
.Linfo_string33:
	.asciz	"ADC1_2_IRQn"                   @ string offset=606
.Linfo_string34:
	.asciz	"USB_HP_IRQn"                   @ string offset=618
.Linfo_string35:
	.asciz	"USB_LP_IRQn"                   @ string offset=630
.Linfo_string36:
	.asciz	"FDCAN1_IT0_IRQn"               @ string offset=642
.Linfo_string37:
	.asciz	"FDCAN1_IT1_IRQn"               @ string offset=658
.Linfo_string38:
	.asciz	"EXTI9_5_IRQn"                  @ string offset=674
.Linfo_string39:
	.asciz	"TIM1_BRK_TIM15_IRQn"           @ string offset=687
.Linfo_string40:
	.asciz	"TIM1_UP_TIM16_IRQn"            @ string offset=707
.Linfo_string41:
	.asciz	"TIM1_TRG_COM_TIM17_IRQn"       @ string offset=726
.Linfo_string42:
	.asciz	"TIM1_CC_IRQn"                  @ string offset=750
.Linfo_string43:
	.asciz	"TIM2_IRQn"                     @ string offset=763
.Linfo_string44:
	.asciz	"TIM3_IRQn"                     @ string offset=773
.Linfo_string45:
	.asciz	"TIM4_IRQn"                     @ string offset=783
.Linfo_string46:
	.asciz	"I2C1_EV_IRQn"                  @ string offset=793
.Linfo_string47:
	.asciz	"I2C1_ER_IRQn"                  @ string offset=806
.Linfo_string48:
	.asciz	"I2C2_EV_IRQn"                  @ string offset=819
.Linfo_string49:
	.asciz	"I2C2_ER_IRQn"                  @ string offset=832
.Linfo_string50:
	.asciz	"SPI1_IRQn"                     @ string offset=845
.Linfo_string51:
	.asciz	"SPI2_IRQn"                     @ string offset=855
.Linfo_string52:
	.asciz	"USART1_IRQn"                   @ string offset=865
.Linfo_string53:
	.asciz	"USART2_IRQn"                   @ string offset=877
.Linfo_string54:
	.asciz	"USART3_IRQn"                   @ string offset=889
.Linfo_string55:
	.asciz	"EXTI15_10_IRQn"                @ string offset=901
.Linfo_string56:
	.asciz	"RTC_Alarm_IRQn"                @ string offset=916
.Linfo_string57:
	.asciz	"USBWakeUp_IRQn"                @ string offset=931
.Linfo_string58:
	.asciz	"TIM8_BRK_IRQn"                 @ string offset=946
.Linfo_string59:
	.asciz	"TIM8_UP_IRQn"                  @ string offset=960
.Linfo_string60:
	.asciz	"TIM8_TRG_COM_IRQn"             @ string offset=973
.Linfo_string61:
	.asciz	"TIM8_CC_IRQn"                  @ string offset=991
.Linfo_string62:
	.asciz	"LPTIM1_IRQn"                   @ string offset=1004
.Linfo_string63:
	.asciz	"SPI3_IRQn"                     @ string offset=1016
.Linfo_string64:
	.asciz	"UART4_IRQn"                    @ string offset=1026
.Linfo_string65:
	.asciz	"TIM6_DAC_IRQn"                 @ string offset=1037
.Linfo_string66:
	.asciz	"TIM7_IRQn"                     @ string offset=1051
.Linfo_string67:
	.asciz	"DMA2_Channel1_IRQn"            @ string offset=1061
.Linfo_string68:
	.asciz	"DMA2_Channel2_IRQn"            @ string offset=1080
.Linfo_string69:
	.asciz	"DMA2_Channel3_IRQn"            @ string offset=1099
.Linfo_string70:
	.asciz	"DMA2_Channel4_IRQn"            @ string offset=1118
.Linfo_string71:
	.asciz	"DMA2_Channel5_IRQn"            @ string offset=1137
.Linfo_string72:
	.asciz	"UCPD1_IRQn"                    @ string offset=1156
.Linfo_string73:
	.asciz	"COMP1_2_3_IRQn"                @ string offset=1167
.Linfo_string74:
	.asciz	"COMP4_IRQn"                    @ string offset=1182
.Linfo_string75:
	.asciz	"CRS_IRQn"                      @ string offset=1193
.Linfo_string76:
	.asciz	"SAI1_IRQn"                     @ string offset=1202
.Linfo_string77:
	.asciz	"FPU_IRQn"                      @ string offset=1212
.Linfo_string78:
	.asciz	"RNG_IRQn"                      @ string offset=1221
.Linfo_string79:
	.asciz	"LPUART1_IRQn"                  @ string offset=1230
.Linfo_string80:
	.asciz	"I2C3_EV_IRQn"                  @ string offset=1243
.Linfo_string81:
	.asciz	"I2C3_ER_IRQn"                  @ string offset=1256
.Linfo_string82:
	.asciz	"DMAMUX_OVR_IRQn"               @ string offset=1269
.Linfo_string83:
	.asciz	"DMA2_Channel6_IRQn"            @ string offset=1285
.Linfo_string84:
	.asciz	"CORDIC_IRQn"                   @ string offset=1304
.Linfo_string85:
	.asciz	"FMAC_IRQn"                     @ string offset=1316
.Linfo_string86:
	.asciz	"CR"                            @ string offset=1326
.Linfo_string87:
	.asciz	"unsigned int"                  @ string offset=1329
.Linfo_string88:
	.asciz	"uint32_t"                      @ string offset=1342
.Linfo_string89:
	.asciz	"ICSCR"                         @ string offset=1351
.Linfo_string90:
	.asciz	"CFGR"                          @ string offset=1357
.Linfo_string91:
	.asciz	"PLLCFGR"                       @ string offset=1362
.Linfo_string92:
	.asciz	"RESERVED0"                     @ string offset=1370
.Linfo_string93:
	.asciz	"RESERVED1"                     @ string offset=1380
.Linfo_string94:
	.asciz	"CIER"                          @ string offset=1390
.Linfo_string95:
	.asciz	"CIFR"                          @ string offset=1395
.Linfo_string96:
	.asciz	"CICR"                          @ string offset=1400
.Linfo_string97:
	.asciz	"RESERVED2"                     @ string offset=1405
.Linfo_string98:
	.asciz	"AHB1RSTR"                      @ string offset=1415
.Linfo_string99:
	.asciz	"AHB2RSTR"                      @ string offset=1424
.Linfo_string100:
	.asciz	"AHB3RSTR"                      @ string offset=1433
.Linfo_string101:
	.asciz	"RESERVED3"                     @ string offset=1442
.Linfo_string102:
	.asciz	"APB1RSTR1"                     @ string offset=1452
.Linfo_string103:
	.asciz	"APB1RSTR2"                     @ string offset=1462
.Linfo_string104:
	.asciz	"APB2RSTR"                      @ string offset=1472
.Linfo_string105:
	.asciz	"RESERVED4"                     @ string offset=1481
.Linfo_string106:
	.asciz	"AHB1ENR"                       @ string offset=1491
.Linfo_string107:
	.asciz	"AHB2ENR"                       @ string offset=1499
.Linfo_string108:
	.asciz	"AHB3ENR"                       @ string offset=1507
.Linfo_string109:
	.asciz	"RESERVED5"                     @ string offset=1515
.Linfo_string110:
	.asciz	"APB1ENR1"                      @ string offset=1525
.Linfo_string111:
	.asciz	"APB1ENR2"                      @ string offset=1534
.Linfo_string112:
	.asciz	"APB2ENR"                       @ string offset=1543
.Linfo_string113:
	.asciz	"RESERVED6"                     @ string offset=1551
.Linfo_string114:
	.asciz	"AHB1SMENR"                     @ string offset=1561
.Linfo_string115:
	.asciz	"AHB2SMENR"                     @ string offset=1571
.Linfo_string116:
	.asciz	"AHB3SMENR"                     @ string offset=1581
.Linfo_string117:
	.asciz	"RESERVED7"                     @ string offset=1591
.Linfo_string118:
	.asciz	"APB1SMENR1"                    @ string offset=1601
.Linfo_string119:
	.asciz	"APB1SMENR2"                    @ string offset=1612
.Linfo_string120:
	.asciz	"APB2SMENR"                     @ string offset=1623
.Linfo_string121:
	.asciz	"RESERVED8"                     @ string offset=1633
.Linfo_string122:
	.asciz	"CCIPR"                         @ string offset=1643
.Linfo_string123:
	.asciz	"RESERVED9"                     @ string offset=1649
.Linfo_string124:
	.asciz	"BDCR"                          @ string offset=1659
.Linfo_string125:
	.asciz	"CSR"                           @ string offset=1664
.Linfo_string126:
	.asciz	"CRRCR"                         @ string offset=1668
.Linfo_string127:
	.asciz	"CCIPR2"                        @ string offset=1674
.Linfo_string128:
	.asciz	"RCC_TypeDef"                   @ string offset=1681
.Linfo_string129:
	.asciz	"MODER"                         @ string offset=1693
.Linfo_string130:
	.asciz	"OTYPER"                        @ string offset=1699
.Linfo_string131:
	.asciz	"OSPEEDR"                       @ string offset=1706
.Linfo_string132:
	.asciz	"PUPDR"                         @ string offset=1714
.Linfo_string133:
	.asciz	"IDR"                           @ string offset=1720
.Linfo_string134:
	.asciz	"ODR"                           @ string offset=1724
.Linfo_string135:
	.asciz	"BSRR"                          @ string offset=1728
.Linfo_string136:
	.asciz	"LCKR"                          @ string offset=1733
.Linfo_string137:
	.asciz	"AFR"                           @ string offset=1738
.Linfo_string138:
	.asciz	"__ARRAY_SIZE_TYPE__"           @ string offset=1742
.Linfo_string139:
	.asciz	"BRR"                           @ string offset=1762
.Linfo_string140:
	.asciz	"GPIO_TypeDef"                  @ string offset=1766
.Linfo_string141:
	.asciz	"unsigned short"                @ string offset=1779
.Linfo_string142:
	.asciz	"uint16_t"                      @ string offset=1794
	.ident	"Component: Arm Compiler for Embedded 6.19 Tool: armclang [5e73cb00]"
	.section	".note.GNU-stack","",%progbits
	.ARM_attribute	16, 1	@ Tag_AV_eba
	.section	.debug_line,"",%progbits
.Lline_table_start0:
