	.text
	.syntax unified
	.eabi_attribute	67, "2.09"	@ Tag_conformance
	.cpu	cortex-m4
	.eabi_attribute	6, 13	@ Tag_CPU_arch
	.eabi_attribute	7, 77	@ Tag_CPU_arch_profile
	.eabi_attribute	8, 0	@ Tag_ARM_ISA_use
	.eabi_attribute	9, 2	@ Tag_THUMB_ISA_use
	.fpu	fpv4-sp-d16
	.eabi_attribute	27, 1	@ Tag_ABI_HardFP_use
	.eabi_attribute	36, 1	@ Tag_FP_HP_extension
	.eabi_attribute	34, 1	@ Tag_CPU_unaligned_access
	.eabi_attribute	17, 1	@ Tag_ABI_PCS_GOT_use
	.eabi_attribute	20, 2	@ Tag_ABI_FP_denormal
	.eabi_attribute	21, 0	@ Tag_ABI_FP_exceptions
	.eabi_attribute	23, 1	@ Tag_ABI_FP_number_model
	.eabi_attribute	24, 1	@ Tag_ABI_align_needed
	.eabi_attribute	25, 1	@ Tag_ABI_align_preserved
	.eabi_attribute	28, 1	@ Tag_ABI_VFP_args
	.eabi_attribute	38, 1	@ Tag_ABI_FP_16bit_format
	.eabi_attribute	18, 2	@ Tag_ABI_PCS_wchar_t
	.eabi_attribute	26, 1	@ Tag_ABI_enum_size
	.eabi_attribute	14, 0	@ Tag_ABI_PCS_R9_use
	.file	"list.c"
	.file	1 "C:\\Keil_v5\\ARM\\ARMCLANG\\Bin\\..\\include" "stdint.h"
	.file	2 "C:\\Users\\CHALLENGER\\Documents\\KeXieData\\Project\\DigitalPower\\BootLoader" "./Components/FreeRTOS/include/portmacro.h"
	.file	3 "C:\\Users\\CHALLENGER\\Documents\\KeXieData\\Project\\DigitalPower\\BootLoader" "./Components/FreeRTOS/include\\list.h"
	.type	.Lllvm.embedded.module,%object  @ @llvm.embedded.module
	.section	.llvmbc,"",%progbits
	.p2align	4, 0x0
.Lllvm.embedded.module:
	.asciz	"BC\300\3365\024\000\000\005\000\000\000b\f0$MY\276f\255\373\264O\033\310$D\0012\005\000!\f\000\000\f\007\000\000\013\002!\000\002\000\000\000\026\000\000\000\007\201#\221A\310\004I\006\02029\222\001\204\f%\005\b\031\036\004\213b\200\020E\002B\222\013B\204\0202\0248\b\030K\n2B\210Hp\304!#D\022\207\214\020A\222\002d\310\b\261\024 CF\210 \311\0012B\204\030*(*\2201|\260\\\221 \304\310\000\000\000\211 \000\000\034\000\000\0002\"\b\t bF\000!+$\230\020!%$\230\020\031'\f\205\244\220`Bd\\ $d\202\240\251\021\000#\004\f\004\030\"f\306\f\0010G\000\006F0@K\232\"J\230\374\313\024O\361/E\266\375\305\3263\323`\000\310HSD\t\223\177\225\"\333\246\301\0001\222\246\210\022&\377*E\266\375\305\3263Sa\000\000s\004\301\024\000\000\000\000Q\030\000\000\352\000\000\000\033\310)\370\377\377\377\377\001p\000\t(\003\202\034\312\301\035\336A\036\332!\034\330\241\r\314\001\036\332\240\035\302\201\036\320\001\200\007y(\207y(\007y\260\207rh\203yH\207sp\0076\200\007y(\207y(\007y\260\207rh\203yH\207sp\007\2000\007y\b\207v(\2076\200\207wH\007w\240\207r\220\007\300\035\336\301\035\312\001 \332!\035\334\241\r\330\241\034\316!\034\330\241\r\354\241\034\306\201\036\336A\036\332\340\036\322\201\034\350\001\035\0008\000\bwx\2076H\007w0\207yh\003s\200\2076h\207p\240\007t\000\350A\036\352\241\034\000\302\035\336\241\r\334!\034\334a\036\332\300\034\340\241\r\332!\034\350\001\035\000z\220\207z(\007\200p\207wh\203yH\207sp\207r \2076\320\207r\220\207w\230\20760\007xh\203v\b\007z@\007\200\036\344\241\036\312\001 \346\201\036\302a\034\326\241\r\340A\036\336\201\036\312a\034\350\341\035\344\241\r\304\241\036\314\301\034\312A\036\332`\036\322A\037\312\001\300\003\200\240\207p\220\207s(\007zh\203q\200\207z\000\306\341\035\344\201\036\312\001\037\332\240\035\350\000 \350!\034\344\341\034\312\201\036\332\300\034\312!\034\350\241\036\344\241\034\346\001X\203p\220\207v\260\207;(\2076h\0076X\003r\230\007x`\20350\007x\210\003;`\2035@\207{ \207t\260\0076X\003z@\207zh\007qh\203vx\007r(\0076X\003{0\007x\220\203y\200\0076X\003{0\007x\230\003r\210\003;\230\007x`\2035\260\007s\200\007: \2078\260\203y\200\0076h\203p(\207y`\2036\020\007s\210\003;`\2036\030\007r(\207q\200\0078`\2036\030\007r(\207q\200\2078`\2036\030\007r(\207q\200\0079`\2036\030\007r(\207q\200\2079`\2036\030\007r(\207q\200\007:`\2036\030\007r(\207q\200\207:`\2036\030\007r(\207q\200\007;`\2036\030\007r(\207q\200\207;`\2036\030\007y\030\0076h\203q\220\207|\200\007zx\0076h\003r\230\0039`\2036 \207w\240\007x\220\207w \0076h\003s\030\207r`\20360\007xh\203p\220\207v\260\007<`\20360\007xh\203p\220\207v\260\007< \2078\260\0036h\003s\200\2076\b\007yh\007{\300\003r\210\003;\230\007x`\20360\007xh\203p\220\207v\260\007<\230\007x`\20360\007x\210\003;0\207v`\0076h\003s\200\007;\240\0036h\003s\250\007v`\007s\200\2078\260\0036h\003t\270\007rH\007{h\203p\220\207v`\2036H\007<h\207v`\2036`\207w\020\0076h\203v\260\207r`\2036h\007{(\00770\007x`\2036p\207rx\007w`\2036\200\207p\030\007q\240\207t`\2036\220\207p\230\0076h\203y\020\0076h\203y@\207p\220\0036h\003{0\007x\220\0036h\003{0\007x\230\0036h\003{0\007x\230\003r\210\003;`\2036\260\007s\200\2079\230\007x`\2036\260\007s\200\007:`\2036\260\007s\200\007: \2078\260\0036h\003{0\007x\240\203y\200\007`\003!\004\000)l\200\206\377\377\377\377\037\200S\000\374\000\370\003@\002(\240\016\200>\330@\020\002@\n\000\000\000I\030\000\000\003\000\000\000\023\204@\230\020\f\023\206@ \000\000\0232z@\207zh\007q\260\207;(\207vh\203p\220\207vh\003wx\007w(\2076(\207p\020\207t@\007s\3300\007\345\320\006\355\240\007\345\320\006\360\240\007s \007z0\007r\320\006\246\220\016x\320\006\351`\007t\240\007v@\007m`\017q \007x\240\007v@\007z\020\007r\200\007m\020\016z\000\007z0\007r\320\006\3560\007r\320\006\263`\007t\240\021\302\344P\033\276\333\360\267\273\354\246\317_Fy\271,\245>\247/vzNw\215\207T\300#\000\000\020\000@\000\000\000\000\000@\000<\300\220\352\201\b \000\004\000\000\000\000\000\000\000\000\200\007\030R}\223\000\000@\000\000\001\000\000\000\000\000\001\360\000C*9p\n\000\000\006\000\b\000\000\000\000\000\b\200\007\030R\201\302R\000\0000\000@\000\000\000\000\000@\000<\300\220j\025\230\003\000\200\000\000\002\000\000\000\000\000\002\340\001$6\b\024m8\000\000\310\002\001\000\000\000\007\000\000\0002\036\230\020\031\021L\220\214\t&G\306\004C\262r(\204\"(\203\022\030\001\000\000\000\261\030\000\000\265\000\000\0003\b\200\034\304\341\034f\024\001=\210C8\204\303\214B\200\007yx\007s\230q\f\346\000\017\355\020\016\364\200\0163\fB\036\302\301\035\316\241\034f0\005=\210C8\204\203\033\314\003=\310C=\214\003=\314x\214tp\007{\b\007yH\207pp\007zp\003vx\207p \207\031\314\021\016\354\220\016\3410\017n0\017\343\360\016\360P\0163\020\304\035\336!\034\330!\035\302a\036f0\211;\274\203;\320C9\264\003<\274\203<\204\003;\314\360\024v`\007{h\0077h\207rh\0077\200\207p\220\207p`\007v(\007v\370\005vx\207w\200\207_\b\207q\030\207r\230\207y\230\201,\356\360\016\356\340\016\365\300\016\3540\003b\310\241\034\344\241\034\314\241\034\344\241\034\334a\034\312!\034\304\201\035\312a\006\326\220C9\310C9\230C9\310C9\270\3038\224C8\210\003;\224\303/\274\203<\374\202;\324\003;\260\303\f\307i\207pX\207rp\203th\007x`\207t\030\207t\240\207\031\316S\017\356\000\017\362P\016\344\220\016\343@\017\341 \016\354P\0163 (\035\334\301\036\302A\036\322!\034\334\201\036\334\340\034\344\341\035\352\001\036f\030Q8\260C:\234\203;\314P$v`\007{h\0077`\207wx\007x\230QL\364\220\017\360P\0163\036j\036\312a\034\350!\035\336\301\035~\001\036\344\241\034\314!\035\360a\006T\205\2038\314\303;\260C=\320C9\374\302<\344C;\210\303;\260\303\214\305\n\207y\230\207w\030\207t\b\007z(\007r\230\201\\\343\020\016\354\300\016\345P\016\3630#\301\322A\036\344\341\027\330\341\035\336\001\036fH\031;\260\203=\264\203\033\204\3038\214C9\314\303<\270\3019\310\303;\324\003<\314H\264q\b\007v`\007q\b\207qX\207\031\333\306\016\354`\017\355\340\006\360 \017\3450\017\345 \017\366P\016n\020\016\3430\016\3450\017\363\340\006\351\340\016\344P\016\3700#\342\354a\034\302\201\035\330\341\027\354!\035\346!\035\304!\035\330!\035\350!\037f \235;\274C=\270\0039\224\2039\314X\274pp\007wx\007z\b\007zH\207wp\207\031\313\347\016\3570\017\341\340\016\351@\017\351\240\017\3450\303\001\003s\250\007w\030\207_\230\207pp\207t\240\207t\320\207r\230\201\204A9\340\3038\260C=\220C9\314@\304\240\035\312\241\035\340A\036\336\301\034f$c0\016\341\300\016\3540\017\351@\017\3450C!\203u\030\007sH\207_\240\207|\200\207r\230\261\224\001<\214\303<\224\3038\320C:\274\203;\314\003\000\000\000y \000\000u\001\000\000r\036H C\210\f\031\tr2H #\201\214\221\221\321D\240\020(d<12B\216\220!\243H\006`\240S\000\000\000\332)\214\002\031(i\240\274\001\302,\215\242\030\312\261\024\317\2018O#)\215$M\204f\030\r\000Components/FreeRTOS\\list.cC:\\Users\\CHALLENGER\\Documents\\KeXieData\\Project\\DigitalPower\\BootLoaderComponent: Arm Compiler for Embedded 6.19 Tool: armclang [5e73cb00]./Components/FreeRTOS/include\\list.hListItem_t./Components/FreeRTOS/include/portmacro.hTickType_tC:\\Keil_v5\\ARM\\ARMCLANG\\Bin\\..\\include\\stdint.huint32_tunsigned intUBaseType_tunsigned longxLIST_ITEMxItemValuepxNextpxPreviouspvOwnerpvContainerxLISTuxNumberOfItemspxIndexxListEndMiniListItem_txMINI_LIST_ITEMDwarf VersionDebug Info Versionwchar_sizestatic_rwdataenumsize_buildattrarmlib_unavailablearmcompiler-version6.19Components/FreeRTOS/list.cList_tpxListpxNewListItem\000\000\0069\001\000\000\000\000\0000\202`\030#\b\3061\202` #\bF2\202`(#\b\3062\2225L\030\034\364\004\000\200\003\000\000\255\000\000\000\000\000\000\000\000#Y\3034\301\001[\000\000X\000\000\220\n\000\000\000\000\000\000\0000\2225L\r\034\300\004\000\200\005\000\000\243\000\000\000\000\000\000\000\000CY\001\363\006C\000\000@\000\350\001\000\000\000\000\000\002\000\000\003\025@ \000\300@\005@\b\0000\221\003X\005\034\350\004\320\006\000\000\000\000\000L\344\000\017\000\000@\034\200\001\000\000\000\000\fT\000\206\000\000\003\025\000\002\000\300<\007@\006\n\030\000\0070\221\003X\t\035\200\002P\007\000\000\000\000\000L\344\000\3261\007\240\000\330\001\000\000\000\000\000\363\034\000\0310`\000\034\300D\016`-s\240\007\000\036\000\000\000\000\0000\303 \007w\220\007\0239@\343\300\301L\264\301\035\200\001\000\000\000\000L\344\000\017\000\000@\033\200\001\000\000\000\000L\344\000\315\003\0074\321\006|\000\006\000\030\000\000\000L\344\000\r\004\0075\321\006|\000\006\000(\000\000\000L\344\000\017\000\000\000\000\006\000\000\000\0000\221\0034\021\034\330D\033\374\001\030\000\340\000\000\0000\221\003<\000\000\000l\000\006\000\000\000\0000\221\0034\022\034\334D\033\204\002\030\000 \001\000\0000C\261\007}\340\007\240 \n\0239@\035\000\000\000\344\001\000\000\000\000\000\0239@C\301\301[\260\001)\200\001\000\000\000\000L\344\000M\005\007p\301\006r\000\006\000\030\000\000\000L\344\000\326\005\007d\001\254\001\000\000\000\000\000\0239@c\301A\\\260\301)\200\003\000\n\000\000\0003\f\245`\n\2500\221\0034\016\034\200\305\032\334\001\030\000\000\000\000\300D\016\320<p\020\026k\300\007`\000\200\001\000\000\300D\016\320@p \026k\300\007`\000\200\002\000\000\300\f\203*\254\002+\3140\224Af\0063\fg\240\241\301\fC\032lg0\303\220\006\\\032\3140\244A\227\0063\fi\340\251\301\fC\032|`0C0\fT\000a \000\300D\016`\211\001\034\314\005\300\006\000\000\000\000\000L\344\000\017\000\000\300-\200\001\000\000\000\000L\344\000f\000\000\000\200\013\000\000\000\000\000\314\000L\027\030\0239\200\031\000\000\000\310\001\000\000\000\000\0003\f@.\360\302L\204\000\364\002pz\000p\034\307q\034[\260\005[\200\205\033\270\201=\300\203\033\270\201)\330\203=\230\202=\320\201H\300\003J\240\204:\240\004<\240\004+\300\203H\240\204=\240\004\035\210\004J\240\004\035\270\201\033\270\201\033\270\201\033\270\201E\007\374\000\017\360\000Y\360\340\0062\022\230\240\\\330\330\354\332\\\310\304\316\\\306\352F\t\332 #66\2736\227\2667\262:\2662\0273\266\260\263\271Q\216Vp\205W\200\205X\220\205YH\205\215\315\256\315%\215\254\314\215n\224\200\026\000\000\000\251\030\000\000/\000\000\000\013\nr(\207w\200\007zXp\230C=\270\3038\260C9\320\303\202\346\034\306\241\r\350A\036\302\301\035\346!\035\350!\035\336\301\035\026(\342P\016\346\360\016\362P\016\351\340\016\363@\017\013\222p0\007z(\007yH\007w\230\007zX\320\214\2039\234C=\204\203<\220\003=\204\203<\234C9\320\303\002\006\036\344\241\034\302\201\035\330\341\035\306!\034\350\241\034\310a\301q\016\343\320\006\354\220\016\366P\016\013\254q`\207pp\207sp\203p\220\207qp\203p\240\007z\b\207q@\207r \207q\b\007v`\207\005\007<\320\203<\204C=\320\003:, \326a\034\314!\035\000\000\000\000\321\020\000\000\006\000\000\000\007\314<\244\203;\234\003;\224\003=\240\203<\224C8\220\303\001\000\000\000a \000\000u\000\000\000\023\004A,\020\000\000\000\001\000\000\000d5\000\000\3610\000\000\024\000\000\000\"G\310\220Q\006\304\004\017\000\000\000vListInitialise\000\253\250\303\026~\001\260\0059\020\2079\000\020\000D\334\000\000t\001\000\000`\203\000\344\302&B\000\302\001\030\247\b\3400\006\266 \007\271\020\000\0000A\000\034\000\0003\021\200\241\214\302\260\001\021\f\0030bp\000 \b\006\204\303\366\377\377\377C\333\377\377\377\017u\377\377\377?\314\030\024r`\006\340\000\000\024\300\2301(\356`\r\300\001\000z\016A\201\314\030\024w0\007\340\000\0004\300\2301(\356\240\000\007\000\3509\004\0072cP\334A\003\016\0000l@\004\303\000\314\030\024wP\201\003\000P\001c\306\240\350\203\002\034\000\240\347\020$\314\214A\321\007\r8\000@\307!P\224\031\203\242\017,p\000\200a\003\"H\006`\306\240\350\2030\000\007\000 \004\306\214A\021\ns\000\016\000\320s\b\230g\306\240\b\205=\000\007\000 \005\306\214A\021\n\0058\000@\317!p\242\031\203\"\024\032p\000\200\216C\360@3\006E(X\340\000\000\303\006D@\f\300\214A\021\n\0358\000\00050f\f\nQ\270\003p\000\200\236C\020Q3\006\205(\374\0018\000\000=0f\f\nQ(\300\001\000z\016\301d\315\030\024\242\320\200\003\000t\034\002\352\2321(D\301\002\007\000\0306 \002b\000f\f\nQ\b\003p\000\000\222`\314\030\024\255P\200\003\000\364\034\002\313\2321(Z\241\001\007\000\0306 \202k\bf\f\212V\350\300\001\000t\306\240\230\205\000\034\000  \006\000\000\002\000\000\000[\004\340\027\000\000\000\000\000\000\000\000a \000\0008\000\000\000\023\004A,\020\000\000\000\001\000\000\000\004#\000\000\3610\000\000\027\000\000\000\"G\310\220Q\nD\007\223\001\000\000vListInitialiseItempxItem\000\000\000\253\250\303\026~\001\260\005[\030\207[\000\020\000D\334\000\000t\001\000\000`\203\000\360\302&B\000\304\001\030\247\b\341\000\016\266`\013\274\020\000\0000A\000\034\000\0003\021\200\241\214\302\260\001\021\f\0030bp\000 \b\006\204\263\366\377\377\377\003\333\377\377\377\017u\377\377\377?\314\030\024\266\340\006\341\000\000\024\300\2301(r\241\b\007\000\350:\004E2cP\344B\023\016\0000l@\004\304\000\314\030\024\271\220\205\003\000\350\214A\361\013A8\000@@\f\000\002\000\000\000[\004\000\034\000\000\000\000\000\000\000\000a \000\000\236\000\000\000\023\004A<\f\000\000\000\032\000\000\000\"G\310\220Q\006\204\004\016\000\000\000vListInsertEnd\000\000\253\250\303\026~\001\260\005q\360\005r\000\020\000D\334\000\000t\001\000\000`\234\"\200\303\030\330\2028\344B\000\000\3008E\000\0072\260\205q\340\005\001\000\200q\212\000\016\225-\224\003/\000\000\000L\020\000g\202\000<\023\004\000\002\000\000\0003\021\200\241\214\302L\004`(\2430\023\001\030\312(\f\033\020C1\000#\006\007\000\202`@@n\377\377\377?\304\375\377\377\377p\367\377\377\377\303\214A!\016e\000\016\0000l@\b\304\000\214\030\034\000\b\202\001\001\265\375\377\377\377\000\367\377\377\377\303\335\377\377\377\0173\006\3058\244\0018\000\300\210\301\001\200 \030\020\020\333\377\377\377\017o\377\377\377?\334\375\377\377\3770cP\224\003\006\016\000@\003\214\031\203\242\034\304\000\034\000\240\347\020\034\310\214AQ\016j\000\016\000@\001\214\t\003`\330\200 \202\001\2301(\312\001\003\007\000 \002\306\214A\001\017\0358\000\000\0310f\f\nx(\300\001\000\272\016\301\302\314\030\024\360@\201\003\000\f\033\020\3010\0003\006\005<l\340\000\000t\300\2301(\342!\f\300\001\000\272\016A\003\315\030\024\361\240\006\340\000\000\024\300\2300\000h\2011cP\304C\001\016\000\320u\b\240i\306\240\210\007\n\034\000`\330\200\b\206\001\2301(\342\341\003\007\000\240\006\306\214Aa\017c\000\016\000@\r\214\031\203\302\036\np\000\200\256C0Y3\006\205=8\340\000\000\024\300\2300\000\272\016Ae\315\030\024\366\240\201\003\000\f\033\020A1\0003\006\205=\204\0018\000\000I0f\f\212{\330\300\001\000H\2021cP\334C\001\016\000\320u\b\260m\306\240\270\007\007\034\000`\330\200\b\206\001\2301(\356!\003\007\000 \013\306\214A\241\017b\000\016\000@\026\214\031\203B\037\np\000\200\256C\260}3\006\205>P\340\000\000\303\006D0\f\300\214A\241\017`\000\016\000@\031\214\031\203\202\037\016p\000\200\236C\320u3\006\005?<\340\000\000\024\330\2341(\370\001\f\300\001\000.\000\003\2300\000\206\r\210!\030\202\t\003@g\f\212~\b\300\001\000\002b\000\002\000\000\000[\004\340\027\000\000\000\000\000\000\000\000a \000\000\034\001\000\000\023\004H,\020\000\000\000\001\000\000\000d5\000\000\3610\000\000;\000\000\000\"G\310\220Q\016\204\032\000\000\000\000\213\022\001\000vListInsertpxIteratorxValueOfInsertion\000\000\253\250\303\026~\001\260\005\220\360\005\221\000\020\000D\334\000\000t\001\000\000`V\021\210\203-\320D2\253\b\306\301\026j\242\230U\004\343`\0139Q\314*\202r\260\205\271Hf\025\2019\330\302\\$\263\212\340\034l\201.\222\025C:\274\003<\214S\004q\030\003[\000\211\\\b\000\000\030\247\b\342@\006\266\020\022\274 \000\0000N\021\304\001\034la$\344\000\000\000`\221\003\230\001\000\000\300\035\000\000\000\000\0000N\021\304!\034l\201$\332\001\000\000@\347\201\0042\204\310\220\221Ps\221P\016\200\272\213\204r\000L\020\200g\202\000@\023\004 \232 \000\022\000\000\0003\021\200\241\214\302L\004`(\2430\023\001\030\312(\314D\030\2062\n\303\006\004q\f\300\210\301\001\200 \030\020\322\330\377\377\377\017j\377\377\377?\344\375\377\377\3770cP\200\204\030\210\003\000\f\033\020\2031\000#\006\007\000\202`@Hb\377\377\377?\244\375\377\377\377\220\367\377\377\377\303\214A\021\022f \016\0000bp\000 \b\006\204\024\366\377\377\377\003\332\377\377\377\017y\377\377\377?\314\030\024#!\211\003\000\214\030\034\000\b\202\001!\201\375\377\377\377`\366\377\377\377C\336\377\377\377\0173\006\005IX\342\000\0004\300\2301(HB\r\304\001\000\272\016A\222\314\030\024$\221\007\342\000\000\024\330\2300\000\206\r\b\"\030\200\031\203\202$,q\000\000\"l\314\030\0244\221\214\003\000\f7\004\t\030\314\030\0244\261\215\003\000\3142\004B0cP\320D\"\016\000@\t\214\031\203\302&,r\000\200\236C\340D3\006\205Mx\344\000\000\035\207\340\221f\f\n\2338\003r\000\000\n`L\030\000\303\006\304\022\f\300\214Aa\023\0249\000\300,\3011cP\334DA\016\000@\r\214\031\203b.\336\300\034\000\240\347\020H\325\214A1\027w`\016\0000l@4\301\000\314\030\024s\221\231\003\000\314\022\f3\006\305\\8\346\000\000\324\300\2301(\346b\024\316\001\000\272\016\001U\315\030\024s\361\n\347\000\000\024\300\2300\000\272\016\201e\315\030\024sq\013\347\000\000\024\330\2300\000(\2621cP\314E9\234\003\000\f7\bA\031\314\030\024s!\016\347\000\000\263\f\204\021\314\030\024s\221\230\003\000\314\022\0243\006\305]$\350\000\000D\301\2301(\346\242$\316\001\000\272\016\301\306\315\030\024s\021\023\347\000\000\024\300\2300\000\206\r\210+\030\200\031\203b.F\342\034\000`\226`\2301(\346\"9\007\000\230%8\350\2021cP\350E'\016\000\320u\b\274o\306\240\320\2134\020\007\000\240\000\306\204\001@\033\214\031\203B/\nq\000\200\256C\020\006b0cP\350\005%\016\0000l@\004\303\000\314\030\024z\261\211\003\000P\007c\306\240\330\2134\020\007\000 \017\306\214A\261\027\2058\000@\327! \2032\2301(\366\202\022\007\000\240\000\306\204\001\320u\b\314 \rf\f\212\275\340\304\001\000\206\r\210\240\030\200\031\203b/\316@\034\000\200\302\000\306\214A\301\027a \016\000@c\000c\306\240\340\213B\034\000\240\353\020\244\001\033\314\030\024|A\211\003\000\f\033\020\3010\0003\006\005_|\342\000\000T\0060f\f\212\276\320\304\001\000\250\f`\314\030\024}Q\210\003\000t\035\0026h\203\031\203\242/\"q\000\200a\003\"\030\006`\306\240\350\013L\034\000\200\322\000\306\214A\021\032b \016\000@i\000c\306\240\b\215B\034\000\240\353\020\274\301\034\314\030\024\241A\211\003\000\f\033\020\3010\0003\006Eh\200\2018\000\000\261\001\214\031\203b4\016q\000\200\236C\020\007q0cP\214\306#\016\000@\201\315\031\203b4\300@\034\000\340\002:\200\t\003`\330\200\030\202!\2300\000t\306\240 \215@\034\000  \006\000\000\003\000\000\000[\004 \034\266\fh \241\003\000\000\000\000\000\000a \000\000\270\000\000\000\023\004D,\020\000\000\000\002\000\000\000d5@0\002\000\000\000\3610\000\000\037\000\000\000\"G\310\220Q\n\204\007\214\003\000\000uxListRemovepxItemToRemove\000\000\253\250\303\026~\001\260\205\323(\007\324\000\020\000D\334\000\000t\001\000\000`V\021\204\203-\320F2\253\b\304\301\026j\243\330 \344\001/l\"\004\200\034\200q\212\020\016\340`\013\247\301\013\001\000\000\343\024!\034\306\300\026V#\027\000\000\000&\b\3003A\000 \0003\021\200\241\214\302L\004`(\2430l@\b\305\000\214\030\034\000\b\202\001\001\251\375\377\377\377\300\366\377\377\377\303\335\377\377\377\0173\006\305i\270A8\000\300\210\301\001\200 \030\020P\332\377\377\377\017k\377\377\377?\334\375\377\377\3770cP\254\006\025\016\000@\002\214\031\203b5\272p\000\200\256Cp,3\006\305j\264A8\000\000\0050&\f\200a\003\202\b\006`\306\240X\r*\034\000\200\n\0303\006Ek\250A8\000@\327!P\232\031\203\2425\364 \034\000\200\002\030\023\006\000!0f\f\212\326(\302\001\000\272\016A\343\314\030\024\255Q\205\003\000P\000c\302\000\350:\004\2174cP\264F\027\016\0000l@\004\305\000\314\030\024\255\201\006\341\000\000\304\300\2301(\\C\r\302\001\000\272\016A$\315\030\024\256\241\007\341\000\000\024\300\2300\000\350\2011cP\270F\021\016\000\320u\b\250k\306\240p\215*\034\000\200\002\030\023\006@\327!\260\256\031\203\3025\302 \034\000`\330\200\b\212\001\2301(\\\003\r\302\001\000H\2021cP\320F\"\016\000\320s\b\260l\306\240\240\215H\034\000\200\002\030\023\006\000Y0f\f\n\332\340\304\001\000\206\033\204\000\ff\f\n\332\310\304\001\000f\031\002!\2301(h#\t\007\000 \f\306\214Aa\033\3338\000@\327!\350\300`\306\240\260\2155\030\007\000\240\000\306\204\001@\032\214\031\203\3026\222q\000\200\236C\000\006a0cP\330F4\016\0000l@\004\303\000\314\030\024\266\221\215\003\000\314\022\f3\006\305m\024\343\000\000\263\004\003u0f\f\212\336(\302\001\000\272\016\201\030\230\301\214A\321\033U8\000\300\260\001\021\200\301\000\314\030\024\275\021\006\341\000\000\344\301\2301(|\343\b\007\000\3509\004d@\0063\006\205o<\341\000\000\024\330\2341(|\003\f\302\001\000. \003\2300\000\206\r\210!\030\202\t\003\200\304\000\306\214A\001\036L8\000@\317!@\0034\2301(\300\203\n\007\000\240\300\346\204\001\260\301\214A\001\036E8\000@@\f\000\000\000\002\000\000\000[\004\000\034\000\000\000\000\000\000\000\000q \000\000\006\000\000\0002\016\020\"\204\000\344\007(\260\215\200\003\225\tHP\253\200\005\323\f\000\000\000\000\000\000e\f\000\000=\000\000\000\022\003\224\350\001\000\000\000\003\000\000\000W\000\000\000\t\000\000\000L\000\000\000\001\000\000\000X\000\000\000\000\000\000\000X\000\000\000\006\000\000\000\350\000\000\000\000\000\000\000`\000\000\000\031\000\000\000y\000\000\000\032\000\000\000\017\000\000\000\000\000\000\000\350\000\000\000\000\000\000\000\000\000\000\000\006\000\000\000\000\000\000\000\000\000\000\000\017\000\000\000\000\000\000\000\017\000\000\000\377\377\377\377\001$\000\000\017\000\000\000\020\000\000\000\017\000\000\000\020\000\000\000\377\377\377\377\b,\000\000\037\000\000\000\023\000\000\000\037\000\000\000\023\000\000\000\377\377\377\377\001$\000\0002\000\000\000\016\000\000\0002\000\000\000\016\000\000\000\377\377\377\377\001$\000\000@\000\000\000\013\000\000\000@\000\000\000\013\000\000\000\377\377\377\377\001$\000\000K\000\000\000\f\000\000\000K\000\000\000\f\000\000\000\377\377\377\377\001$\000\000\000\000\000\000]\f\000\000(\000\000\000\022\003\2243\001\000\000\000vListInitialisellvm.dbg.declarevListInitialiseItemvListInsertEndvListInsertuxListRemove16.0.0gitthumbv7em-arm-none-eabihfComponents/FreeRTOS/list.c\000\000\000\000"
	.size	.Lllvm.embedded.module, 7676

	.section	.debug_abbrev,"",%progbits
	.byte	1                               @ Abbreviation Code
	.byte	17                              @ DW_TAG_compile_unit
	.byte	1                               @ DW_CHILDREN_yes
	.byte	37                              @ DW_AT_producer
	.byte	14                              @ DW_FORM_strp
	.byte	19                              @ DW_AT_language
	.byte	5                               @ DW_FORM_data2
	.byte	3                               @ DW_AT_name
	.byte	14                              @ DW_FORM_strp
	.byte	16                              @ DW_AT_stmt_list
	.byte	23                              @ DW_FORM_sec_offset
	.byte	27                              @ DW_AT_comp_dir
	.byte	14                              @ DW_FORM_strp
	.byte	0                               @ EOM(1)
	.byte	0                               @ EOM(2)
	.byte	2                               @ Abbreviation Code
	.byte	15                              @ DW_TAG_pointer_type
	.byte	0                               @ DW_CHILDREN_no
	.byte	73                              @ DW_AT_type
	.byte	19                              @ DW_FORM_ref4
	.byte	0                               @ EOM(1)
	.byte	0                               @ EOM(2)
	.byte	3                               @ Abbreviation Code
	.byte	22                              @ DW_TAG_typedef
	.byte	0                               @ DW_CHILDREN_no
	.byte	73                              @ DW_AT_type
	.byte	19                              @ DW_FORM_ref4
	.byte	3                               @ DW_AT_name
	.byte	14                              @ DW_FORM_strp
	.byte	58                              @ DW_AT_decl_file
	.byte	11                              @ DW_FORM_data1
	.byte	59                              @ DW_AT_decl_line
	.byte	11                              @ DW_FORM_data1
	.byte	0                               @ EOM(1)
	.byte	0                               @ EOM(2)
	.byte	4                               @ Abbreviation Code
	.byte	19                              @ DW_TAG_structure_type
	.byte	1                               @ DW_CHILDREN_yes
	.byte	3                               @ DW_AT_name
	.byte	14                              @ DW_FORM_strp
	.byte	11                              @ DW_AT_byte_size
	.byte	11                              @ DW_FORM_data1
	.byte	58                              @ DW_AT_decl_file
	.byte	11                              @ DW_FORM_data1
	.byte	59                              @ DW_AT_decl_line
	.byte	11                              @ DW_FORM_data1
	.byte	0                               @ EOM(1)
	.byte	0                               @ EOM(2)
	.byte	5                               @ Abbreviation Code
	.byte	13                              @ DW_TAG_member
	.byte	0                               @ DW_CHILDREN_no
	.byte	3                               @ DW_AT_name
	.byte	14                              @ DW_FORM_strp
	.byte	73                              @ DW_AT_type
	.byte	19                              @ DW_FORM_ref4
	.byte	58                              @ DW_AT_decl_file
	.byte	11                              @ DW_FORM_data1
	.byte	59                              @ DW_AT_decl_line
	.byte	11                              @ DW_FORM_data1
	.byte	56                              @ DW_AT_data_member_location
	.byte	11                              @ DW_FORM_data1
	.byte	0                               @ EOM(1)
	.byte	0                               @ EOM(2)
	.byte	6                               @ Abbreviation Code
	.byte	36                              @ DW_TAG_base_type
	.byte	0                               @ DW_CHILDREN_no
	.byte	3                               @ DW_AT_name
	.byte	14                              @ DW_FORM_strp
	.byte	62                              @ DW_AT_encoding
	.byte	11                              @ DW_FORM_data1
	.byte	11                              @ DW_AT_byte_size
	.byte	11                              @ DW_FORM_data1
	.byte	0                               @ EOM(1)
	.byte	0                               @ EOM(2)
	.byte	7                               @ Abbreviation Code
	.byte	15                              @ DW_TAG_pointer_type
	.byte	0                               @ DW_CHILDREN_no
	.byte	0                               @ EOM(1)
	.byte	0                               @ EOM(2)
	.byte	8                               @ Abbreviation Code
	.byte	53                              @ DW_TAG_volatile_type
	.byte	0                               @ DW_CHILDREN_no
	.byte	73                              @ DW_AT_type
	.byte	19                              @ DW_FORM_ref4
	.byte	0                               @ EOM(1)
	.byte	0                               @ EOM(2)
	.byte	0                               @ EOM(3)
	.section	.debug_info,"",%progbits
.Lcu_begin0:
	.long	.Ldebug_info_end0-.Ldebug_info_start0 @ Length of Unit
.Ldebug_info_start0:
	.short	4                               @ DWARF version number
	.long	.debug_abbrev                   @ Offset Into Abbrev. Section
	.byte	4                               @ Address Size (in bytes)
	.byte	1                               @ Abbrev [1] 0xb:0x10d DW_TAG_compile_unit
	.long	.Linfo_string0                  @ DW_AT_producer
	.short	12                              @ DW_AT_language
	.long	.Linfo_string1                  @ DW_AT_name
	.long	.Lline_table_start0             @ DW_AT_stmt_list
	.long	.Linfo_string2                  @ DW_AT_comp_dir
	.byte	2                               @ Abbrev [2] 0x1e:0x5 DW_TAG_pointer_type
	.long	35                              @ DW_AT_type
	.byte	3                               @ Abbrev [3] 0x23:0xb DW_TAG_typedef
	.long	46                              @ DW_AT_type
	.long	.Linfo_string20                 @ DW_AT_name
	.byte	3                               @ DW_AT_decl_file
	.byte	154                             @ DW_AT_decl_line
	.byte	4                               @ Abbrev [4] 0x2e:0x45 DW_TAG_structure_type
	.long	.Linfo_string19                 @ DW_AT_name
	.byte	20                              @ DW_AT_byte_size
	.byte	3                               @ DW_AT_decl_file
	.byte	144                             @ DW_AT_decl_line
	.byte	5                               @ Abbrev [5] 0x36:0xc DW_TAG_member
	.long	.Linfo_string3                  @ DW_AT_name
	.long	115                             @ DW_AT_type
	.byte	3                               @ DW_AT_decl_file
	.byte	147                             @ DW_AT_decl_line
	.byte	0                               @ DW_AT_data_member_location
	.byte	5                               @ Abbrev [5] 0x42:0xc DW_TAG_member
	.long	.Linfo_string7                  @ DW_AT_name
	.long	144                             @ DW_AT_type
	.byte	3                               @ DW_AT_decl_file
	.byte	148                             @ DW_AT_decl_line
	.byte	4                               @ DW_AT_data_member_location
	.byte	5                               @ Abbrev [5] 0x4e:0xc DW_TAG_member
	.long	.Linfo_string8                  @ DW_AT_name
	.long	144                             @ DW_AT_type
	.byte	3                               @ DW_AT_decl_file
	.byte	149                             @ DW_AT_decl_line
	.byte	8                               @ DW_AT_data_member_location
	.byte	5                               @ Abbrev [5] 0x5a:0xc DW_TAG_member
	.long	.Linfo_string9                  @ DW_AT_name
	.long	149                             @ DW_AT_type
	.byte	3                               @ DW_AT_decl_file
	.byte	150                             @ DW_AT_decl_line
	.byte	12                              @ DW_AT_data_member_location
	.byte	5                               @ Abbrev [5] 0x66:0xc DW_TAG_member
	.long	.Linfo_string10                 @ DW_AT_name
	.long	150                             @ DW_AT_type
	.byte	3                               @ DW_AT_decl_file
	.byte	151                             @ DW_AT_decl_line
	.byte	16                              @ DW_AT_data_member_location
	.byte	0                               @ End Of Children Mark
	.byte	3                               @ Abbrev [3] 0x73:0xb DW_TAG_typedef
	.long	126                             @ DW_AT_type
	.long	.Linfo_string6                  @ DW_AT_name
	.byte	2                               @ DW_AT_decl_file
	.byte	64                              @ DW_AT_decl_line
	.byte	3                               @ Abbrev [3] 0x7e:0xb DW_TAG_typedef
	.long	137                             @ DW_AT_type
	.long	.Linfo_string5                  @ DW_AT_name
	.byte	1                               @ DW_AT_decl_file
	.byte	64                              @ DW_AT_decl_line
	.byte	6                               @ Abbrev [6] 0x89:0x7 DW_TAG_base_type
	.long	.Linfo_string4                  @ DW_AT_name
	.byte	7                               @ DW_AT_encoding
	.byte	4                               @ DW_AT_byte_size
	.byte	2                               @ Abbrev [2] 0x90:0x5 DW_TAG_pointer_type
	.long	46                              @ DW_AT_type
	.byte	7                               @ Abbrev [7] 0x95:0x1 DW_TAG_pointer_type
	.byte	2                               @ Abbrev [2] 0x96:0x5 DW_TAG_pointer_type
	.long	155                             @ DW_AT_type
	.byte	4                               @ Abbrev [4] 0x9b:0x2d DW_TAG_structure_type
	.long	.Linfo_string18                 @ DW_AT_name
	.byte	20                              @ DW_AT_byte_size
	.byte	3                               @ DW_AT_decl_file
	.byte	172                             @ DW_AT_decl_line
	.byte	5                               @ Abbrev [5] 0xa3:0xc DW_TAG_member
	.long	.Linfo_string11                 @ DW_AT_name
	.long	200                             @ DW_AT_type
	.byte	3                               @ DW_AT_decl_file
	.byte	175                             @ DW_AT_decl_line
	.byte	0                               @ DW_AT_data_member_location
	.byte	5                               @ Abbrev [5] 0xaf:0xc DW_TAG_member
	.long	.Linfo_string14                 @ DW_AT_name
	.long	30                              @ DW_AT_type
	.byte	3                               @ DW_AT_decl_file
	.byte	176                             @ DW_AT_decl_line
	.byte	4                               @ DW_AT_data_member_location
	.byte	5                               @ Abbrev [5] 0xbb:0xc DW_TAG_member
	.long	.Linfo_string15                 @ DW_AT_name
	.long	223                             @ DW_AT_type
	.byte	3                               @ DW_AT_decl_file
	.byte	177                             @ DW_AT_decl_line
	.byte	8                               @ DW_AT_data_member_location
	.byte	0                               @ End Of Children Mark
	.byte	8                               @ Abbrev [8] 0xc8:0x5 DW_TAG_volatile_type
	.long	205                             @ DW_AT_type
	.byte	3                               @ Abbrev [3] 0xcd:0xb DW_TAG_typedef
	.long	216                             @ DW_AT_type
	.long	.Linfo_string13                 @ DW_AT_name
	.byte	2                               @ DW_AT_decl_file
	.byte	58                              @ DW_AT_decl_line
	.byte	6                               @ Abbrev [6] 0xd8:0x7 DW_TAG_base_type
	.long	.Linfo_string12                 @ DW_AT_name
	.byte	7                               @ DW_AT_encoding
	.byte	4                               @ DW_AT_byte_size
	.byte	3                               @ Abbrev [3] 0xdf:0xb DW_TAG_typedef
	.long	234                             @ DW_AT_type
	.long	.Linfo_string17                 @ DW_AT_name
	.byte	3                               @ DW_AT_decl_file
	.byte	164                             @ DW_AT_decl_line
	.byte	4                               @ Abbrev [4] 0xea:0x2d DW_TAG_structure_type
	.long	.Linfo_string16                 @ DW_AT_name
	.byte	12                              @ DW_AT_byte_size
	.byte	3                               @ DW_AT_decl_file
	.byte	157                             @ DW_AT_decl_line
	.byte	5                               @ Abbrev [5] 0xf2:0xc DW_TAG_member
	.long	.Linfo_string3                  @ DW_AT_name
	.long	115                             @ DW_AT_type
	.byte	3                               @ DW_AT_decl_file
	.byte	160                             @ DW_AT_decl_line
	.byte	0                               @ DW_AT_data_member_location
	.byte	5                               @ Abbrev [5] 0xfe:0xc DW_TAG_member
	.long	.Linfo_string7                  @ DW_AT_name
	.long	144                             @ DW_AT_type
	.byte	3                               @ DW_AT_decl_file
	.byte	161                             @ DW_AT_decl_line
	.byte	4                               @ DW_AT_data_member_location
	.byte	5                               @ Abbrev [5] 0x10a:0xc DW_TAG_member
	.long	.Linfo_string8                  @ DW_AT_name
	.long	144                             @ DW_AT_type
	.byte	3                               @ DW_AT_decl_file
	.byte	162                             @ DW_AT_decl_line
	.byte	8                               @ DW_AT_data_member_location
	.byte	0                               @ End Of Children Mark
	.byte	0                               @ End Of Children Mark
.Ldebug_info_end0:
	.section	.debug_str,"MS",%progbits,1
.Linfo_string0:
	.asciz	"Component: Arm Compiler for Embedded 6.19 Tool: armclang [5e73cb00]" @ string offset=0
.Linfo_string1:
	.asciz	"Components/FreeRTOS\\list.c"   @ string offset=68
.Linfo_string2:
	.asciz	"C:\\Users\\CHALLENGER\\Documents\\KeXieData\\Project\\DigitalPower\\BootLoader" @ string offset=95
.Linfo_string3:
	.asciz	"xItemValue"                    @ string offset=167
.Linfo_string4:
	.asciz	"unsigned int"                  @ string offset=178
.Linfo_string5:
	.asciz	"uint32_t"                      @ string offset=191
.Linfo_string6:
	.asciz	"TickType_t"                    @ string offset=200
.Linfo_string7:
	.asciz	"pxNext"                        @ string offset=211
.Linfo_string8:
	.asciz	"pxPrevious"                    @ string offset=218
.Linfo_string9:
	.asciz	"pvOwner"                       @ string offset=229
.Linfo_string10:
	.asciz	"pvContainer"                   @ string offset=237
.Linfo_string11:
	.asciz	"uxNumberOfItems"               @ string offset=249
.Linfo_string12:
	.asciz	"unsigned long"                 @ string offset=265
.Linfo_string13:
	.asciz	"UBaseType_t"                   @ string offset=279
.Linfo_string14:
	.asciz	"pxIndex"                       @ string offset=291
.Linfo_string15:
	.asciz	"xListEnd"                      @ string offset=299
.Linfo_string16:
	.asciz	"xMINI_LIST_ITEM"               @ string offset=308
.Linfo_string17:
	.asciz	"MiniListItem_t"                @ string offset=324
.Linfo_string18:
	.asciz	"xLIST"                         @ string offset=339
.Linfo_string19:
	.asciz	"xLIST_ITEM"                    @ string offset=345
.Linfo_string20:
	.asciz	"ListItem_t"                    @ string offset=356
	.ident	"Component: Arm Compiler for Embedded 6.19 Tool: armclang [5e73cb00]"
	.section	".note.GNU-stack","",%progbits
	.ARM_attribute	16, 1	@ Tag_AV_eba
	.section	.debug_line,"",%progbits
.Lline_table_start0:
