	.text
	.syntax unified
	.eabi_attribute	67, "2.09"	@ Tag_conformance
	.cpu	cortex-m4
	.eabi_attribute	6, 13	@ Tag_CPU_arch
	.eabi_attribute	7, 77	@ Tag_CPU_arch_profile
	.eabi_attribute	8, 0	@ Tag_ARM_ISA_use
	.eabi_attribute	9, 2	@ Tag_THUMB_ISA_use
	.fpu	fpv4-sp-d16
	.eabi_attribute	27, 1	@ Tag_ABI_HardFP_use
	.eabi_attribute	36, 1	@ Tag_FP_HP_extension
	.eabi_attribute	34, 1	@ Tag_CPU_unaligned_access
	.eabi_attribute	17, 1	@ Tag_ABI_PCS_GOT_use
	.eabi_attribute	20, 2	@ Tag_ABI_FP_denormal
	.eabi_attribute	21, 0	@ Tag_ABI_FP_exceptions
	.eabi_attribute	23, 1	@ Tag_ABI_FP_number_model
	.eabi_attribute	24, 1	@ Tag_ABI_align_needed
	.eabi_attribute	25, 1	@ Tag_ABI_align_preserved
	.eabi_attribute	28, 1	@ Tag_ABI_VFP_args
	.eabi_attribute	38, 1	@ Tag_ABI_FP_16bit_format
	.eabi_attribute	18, 2	@ Tag_ABI_PCS_wchar_t
	.eabi_attribute	26, 1	@ Tag_ABI_enum_size
	.eabi_attribute	14, 0	@ Tag_ABI_PCS_R9_use
	.file	"LocalResource.cpp"
	.file	1 "C:\\Keil_v5\\ARM\\ARMCLANG\\Bin\\..\\include" "stddef.h"
	.file	2 "C:\\Keil_v5\\ARM\\ARMCLANG\\Bin\\..\\include\\libcxx" "stddef.h"
	.file	3 "C:\\Keil_v5\\ARM\\ARMCLANG\\Bin\\..\\include\\libcxx" "cstddef"
	.type	.Lllvm.embedded.module,%object  @ @llvm.embedded.module
	.section	.llvmbc,"",%progbits
	.p2align	4, 0x0
.Lllvm.embedded.module:
	.asciz	"BC\300\3365\024\000\000\005\000\000\000b\f0$MY\276f\255\373\264O\033\310$D\0012\005\000!\f\000\000\242\007\000\000\013\002!\000\002\000\000\000\026\000\000\000\007\201#\221A\310\004I\006\02029\222\001\204\f%\005\b\031\036\004\213b\200\020E\002B\222\013B\204\0202\0248\b\030K\n2B\210Hp\304!#D\022\207\214\020A\222\002d\310\b\261\024 CF\210 \311\0012B\204\030*(*\2201|\260\\\221 \304\310\000\000\000\211 \000\000\030\000\000\0002\"\b\t bF\000!+$\230\020!%$\230\020\031'\f\205\244\220`Bd\\ $d\202\300)%\200\023\304\034\001\030\030\002\000\306\f\000c\004\200\021\000#\034\f\004\030\3422s\216\000\024\320\021\026@\222\374\225\220\034*\022\210$\300\340$,\200$\371\245#\000\313JH\016\025\tD\022\030\000Q\030\000\000\235\003\000\000\033\300)\370\377\377\377\377\001\220\br(\007wx\007yh\207p`\20760\007xh\203v\b\007z@\007\000\036\344\241\034\346\241\034\344\301\036\312\241\r\346!\035\316\301\035\330\000\036\344\241\034\346\241\034\344\301\036\312\241\r\346!\035\316\301\035\000\302\034\344!\034\332\241\034\332\000\036\336!\035\334\201\036\312A\036\000wx\007w(\007\200h\207tp\2076`\207r8\207p`\2076\260\207r\030\007zx\007yh\203{H\007r\240\007t\000\340\000 \334\341\035\332 \035\334\301\034\346\241\r\314\001\036\332\240\035\302\201\036\320\001\240\007y\250\207r\000\bwx\2076p\207pp\207yh\003s\200\2076h\207p\240\007t\000\350A\036\352\241\034\000\302\035\336\241\r\346!\035\316\301\035\312\201\034\332@\037\312A\036\336a\036\332\300\034\340\241\r\332!\034\350\001\035\000z\220\207z(\007\200\230\007z\b\207qX\2076\200\007yx\007z(\207q\240\207w\220\2076\020\207z0\007s(\007yh\203yH\007}(\007\000\017\000\202\036\302A\036\316\241\034\350\241\r\306\001\036\352\001\030\207w\220\007z(\007|h\203v\240\003\200\240\207p\220\207s(\007zh\003s(\207p\240\207z\220\207r\230\007`\r\302A\036\332\301\036\356\240\034\332\240\035\330`\r\310a\036\340\201\r\326\300\034\340!\016\354\200\r\326\000\035\356\201\034\322\301\036\330`\r\350\001\035\352\241\035\304\241\r\332\341\035\310\241\034\330`\r\354\301\034\340A\016\346\001\036\330`\r\354\301\034\340a\016\310!\016\354`\036\340\201\r\326\300\036\314\001\036\350\200\034\342\300\016\346\001\036\330\240\r\302\241\034\346\201\r\332@\034\314!\016\354\200\r\332`\034\310\241\034\306\001\036\340\200\r\332`\034\310\241\034\306\001\036\342\200\r\332`\034\310\241\034\306\001\036\344\200\r\332`\034\310\241\034\306\001\036\346\200\r\332`\034\310\241\034\306\001\036\350\200\r\332`\034\310\241\034\306\001\036\352\200\r\332`\034\310\241\034\306\001\036\354\200\r\332`\034\310\241\034\306\001\036\356\200\r\332`\034\344a\034\330\240\r\306A\036\362\001\036\350\341\035\330\240\r\310a\016\344\200\r\332\200\034\336\201\036\340A\036\336\201\034\330\240\r\314a\034\312\201\r\332\300\034\340\241\r\302A\036\332\301\036\360\200\r\332\300\034\340\241\r\302A\036\332\301\036\360\200\034\342\300\016\330\240\r\314\001\036\332 \034\344\241\035\354\001\017\310!\016\354`\036\340\201\r\332\300\034\340\241\r\302A\036\332\301\036\360`\036\340\201\r\332\300\034\340!\016\354\300\034\332\201\035\330\240\r\314\001\036\354\200\016\330\240\r\314\241\036\330\201\035\314\001\036\342\300\016\330\240\r\320\341\036\310!\035\354\241\r\302A\036\332\201\r\332 \035\360\240\035\332\201\r\332\200\035\336A\034\330\240\r\332\301\036\312\201\r\332\240\035\354\241\034\334\300\034\340\201\r\332\300\035\312\341\035\334\201\r\332\000\036\302a\034\304\201\036\322\201\r\332@\036\302a\036\330\240\r\346A\034\330\240\r\346\001\035\302A\016\330\240\r\354\301\034\340A\016\330\240\r\354\301\034\340a\016\330\240\r\354\301\034\340a\016\310!\016\354\200\r\332\300\036\314\001\036\346`\036\340\201\r\332\300\036\314\001\036\350\200\r\332\300\036\314\001\036\350\200\034\342\300\016\330\240\r\354\301\034\340\201\016\346\001\036\200\r\206\000\000\244\000\234\301\006g\b\000R\000\316\000\260\202\200\b\322\200\331@\020\002@\n\033\210b\000Ha\003)\031\377\377\377\377?\020\344P\016\356\360\016\362\320\016\341\300\016m`\016\360\320\006\355\020\016\364\200\016\000<\310C9\314C9\310\203=\224C\033\314C:\234\203;\260\001<\310C9\314C9\310\203=\224C\033\314C:\234\203;\000\2049\310C8\264C9\264\001<\274C:\270\003=\224\203<\000\356\360\016\356P\016\000\341\016\357\320\006\351\340\016\3460\017m`\016\360\320\006\355\020\016\364\200\016\000=\310C=\224\003@\270\303;\264\201;\204\203;\314C\033\230\003<\264A;\204\003=\240\003@\017\362P\017\345\000\020\356\360\016m0\017\351p\016\356P\016\344\320\006\372P\016\362\360\016\363\320\006\346\000\017m\320\016\341@\017\350\000\320\203<\324C9\000\304<\320C8\214\303:\264\001<\310\303;\320C9\214\003=\274\203<\264\2018\324\2039\230C9\310C\033\314C:\350C9\000x\000\020\364\020\016\362p\016\345@\017m0\016\360P\017\3008\274\203<\320C9\340C\033\264\003\035\000\004=\204\203<\234C9\320C\033\230C9\204\003=\324\203<\224\303<\000k\020\016\362\320\016\366p\007\345\320\006\355\300\006k@\016\363\000\017l\260\006\346\000\017q`\007l\260\006\350p\017\344\220\016\366\300\006k@\017\350P\017\355 \016m\320\016\357@\016\345\300\006k`\017\346\000\017r0\017\360\300\006k`\017\346\000\017s@\016q`\007\363\000\017l\260\006\366`\016\360@\007\344\020\007v0\017\360\300\006m\020\016\3450\017l\320\006\342`\016q`\007l\320\006\343@\016\3450\016\360\000\007l\320\006\343@\016\3450\016\360\020\007l\320\006\343@\016\3450\016\360 \007l\320\006\343@\016\3450\016\3600\007l\320\006\343@\016\3450\016\360@\007l\320\006\343@\016\3450\016\360P\007l\320\006\343@\016\3450\016\360`\007l\320\006\343@\016\3450\016\360p\007l\320\006\343 \017\343\300\006m0\016\362\220\017\360@\017\357\300\006m@\016s \007l\320\006\344\360\016\364\000\017\362\360\016\344\300\006m`\016\343P\016l\320\006\346\000\017m\020\016\362\320\016\366\200\007l\320\006\346\000\017m\020\016\362\320\016\366\200\007\344\020\007v\300\006m`\016\360\320\006\341 \017\355`\017x@\016q`\007\363\000\017l\320\006\346\000\017m\020\016\362\320\016\366\200\007\363\000\017l\320\006\346\000\017q`\007\346\320\016\354\300\006m`\016\360`\007t\300\006m`\016\365\300\016\354`\016\360\020\007v\300\006m\200\016\367@\016\351`\017m\020\016\362\320\016l\320\006\351\200\007\355\320\016l\320\006\354\360\016\342\300\006m\320\016\366P\016l\320\006\355`\017\345\340\006\346\000\017l\320\006\356P\016\357\340\016l\320\006\360\020\016\343 \016\364\220\016l\320\006\362\020\016\363\300\006m0\017\342\300\006m0\017\350\020\016r\300\006m`\017\346\000\017r\300\006m`\017\346\000\017s\300\006m`\017\346\000\017s@\016q`\007l\320\006\366`\016\3600\007\363\000\017l\320\006\366`\016\360@\007l\320\006\366`\016\360@\007\344\020\007v\300\006m`\017\346\000\017t0\017\360\000l \016\000 \205\r\016\022\000\244\000\234\001`\005\001\021\244\001\262\301\235\222\377\377\377\377\037\2006\000L\001\360\003\000\016\200?\000$\240\002\372\200 \207rp\207w\220\207v\b\007vh\003s\200\2076h\207p\240\007t\000\340A\036\312a\036\312A\036\354\241\034\332`\036\322\341\034\334\201\r\340A\036\312a\036\312A\036\354\241\034\332`\036\322\341\034\334\001 \314A\036\302\241\035\312\241\r\340\341\035\322\301\035\350\241\034\344\001p\207wp\207r\000\210vH\007wh\003v(\207s\b\007vh\003{(\207q\240\207w\220\2076\270\207t \007z@\007\000\016\000\302\035\336\241\r\322\301\035\314a\036\332\300\034\340\241\r\332!\034\350\001\035\000z\220\207z(\007\200p\207wh\003w\b\007w\230\20760\007xh\203v\b\007z@\007\200\036\344\241\036\312\001 \334\341\035\332`\036\322\341\034\334\241\034\310\241\r\364\241\034\344\341\035\346\241\r\314\001\036\332\240\035\302\201\036\320\001\240\007y\250\207r\000\210y\240\207p\030\207uh\003x\220\207w\240\207r\030\007zx\007yh\003q\250\007s0\207r\220\2076\230\207t\320\207r\000\360\000 \350!\034\344\341\034\312\201\036\332`\034\340\241\036\200qx\007y\240\207r\300\2076h\007:\000\bz\b\007y8\207r\240\20760\207r\b\007z\250\007y(\207y\000\326 \034\344\241\035\354\341\016\312\241\r\332\201\r\326\200\034\346\001\036\330`\r\314\001\036\342\300\016\330`\r\320\341\036\310!\035\354\201\r\326\200\036\320\241\036\332A\034\332\240\035\336\201\034\312\201\r\326\300\036\314\001\036\344`\036\340\201\r\326\300\036\314\001\036\346\200\034\342\300\016\346\001\036\330`\r\354\301\034\340\201\016\310!\016\354`\036\340\201\r\332 \034\312a\036\330\240\r\304\301\034\342\300\016\330\240\r\306\201\034\312a\034\340\001\016\330\240\r\306\201\034\312a\034\340!\016\330\240\r\306\201\034\312a\034\340A\016\330\240\r\306\201\034\312a\034\340a\016\330\240\r\306\201\034\312a\034\340\201\016\330\240\r\306\201\034\312a\034\340\241\016\330\240\r\306\201\034\312a\034\340\301\016\330\240\r\306\201\034\312a\034\340\341\016\330\240\r\306A\036\306\201\r\332`\034\344!\037\340\201\036\336\201\r\332\200\034\346@\016\330\240\r\310\341\035\350\001\036\344\341\035\310\201\r\332\300\034\306\241\034\330\240\r\314\001\036\332 \034\344\241\035\354\001\017\330\240\r\314\001\036\332 \034\344\241\035\354\001\017\310!\016\354\200\r\332\300\034\340\241\r\302A\036\332\301\036\360\200\034\342\300\016\346\001\036\330\240\r\314\001\036\332 \034\344\241\035\354\001\017\346\001\036\330\240\r\314\001\036\342\300\016\314\241\035\330\201\r\332\300\034\340\301\016\350\200\r\332\300\034\352\201\035\330\301\034\340!\016\354\200\r\332\000\035\356\201\034\322\301\036\332 \034\344\241\035\330\240\r\322\001\017\332\241\035\330\240\r\330\341\035\304\201\r\332\240\035\354\241\034\330\240\r\332\301\036\312\301\r\314\001\036\330\240\r\334\241\034\336\301\035\330\240\r\340!\034\306A\034\350!\035\330\240\r\344!\034\346\201\r\332`\036\304\201\r\332`\036\320!\034\344\200\r\332\300\036\314\001\036\344\200\r\332\300\036\314\001\036\346\200\r\332\300\036\314\001\036\346\200\034\342\300\016\330\240\r\354\301\034\340a\016\346\001\036\330\240\r\354\301\034\340\201\016\330\240\r\354\301\034\340\201\016\310!\016\354\200\r\332\300\036\314\001\036\350`\036\340\001\330\000)\001\260\000\244\000\234\001P\005\001\021\244\001\263\201\235\226\377\377\377\377\037\000S\000\374\000\200\003\340\017\000\t\240\200> \310\241\034\334\341\035\344\241\035\302\201\035\332\300\034\340\241\r\332!\034\350\001\035\000x\220\207r\230\207r\220\007{(\2076\230\207t8\007w`\003x\220\207r\230\207r\220\007{(\2076\230\207t8\007w\000\bs\220\207ph\207rh\003xx\207tp\007z(\007y\000\334\341\035\334\241\034\000\242\035\322\301\035\332\200\035\312\341\034\302\201\035\332\300\036\312a\034\350\341\035\344\241\r\356!\035\310\201\036\320\001\200\003\200p\207wh\203tp\007s\230\20760\007xh\203v\b\007z@\007\200\036\344\241\036\312\001 \334\341\035\332\300\035\302\301\035\346\241\r\314\001\036\332\240\035\302\201\036\320\001\240\007y\250\207r\000\bwx\2076\230\207t8\007w(\007rh\003}(\007yx\207yh\003s\200\2076h\207p\240\007t\000\350A\036\352\241\034\000b\036\350!\034\306a\035\332\000\036\344\341\035\350\241\034\306\201\036\336A\036\332@\034\352\301\034\314\241\034\344\241\r\346!\035\364\241\034\000<\000\bz\b\007y8\207r\240\2076\030\007x\250\007`\034\336A\036\350\241\034\360\241\r\332\201\016\000\202\036\302A\036\316\241\034\350\241\r\314\241\034\302\201\036\352A\036\312a\036\2005\b\007yh\007{\270\203rh\203v`\2035 \207y\200\0076X\003s\200\2078\260\0036X\003t\270\007rH\007{`\2035\240\007t\250\207v\020\2076h\207w \207r`\2035\260\007s\200\0079\230\007x`\2035\260\007s\200\2079 \2078\260\203y\200\0076X\003{0\007x\240\003r\210\003;\230\007x`\2036\b\207r\230\0076h\003q0\2078\260\0036h\203q \207r\030\007x\200\0036h\203q \207r\030\007x\210\0036h\203q \207r\030\007x\220\0036h\203q \207r\030\007x\230\0036h\203q \207r\030\007x\240\0036h\203q \207r\030\007x\250\0036h\203q \207r\030\007x\260\0036h\203q \207r\030\007x\270\0036h\203q\220\207q`\2036\030\007y\310\007x\240\207w`\2036 \2079\220\0036h\003rx\007z\200\007yx\007r`\20360\207q(\0076h\003s\200\2076\b\007yh\007{\300\0036h\003s\200\2076\b\007yh\007{\300\003r\210\003;`\20360\007xh\203p\220\207v\260\007< \2078\260\203y\200\0076h\003s\200\2076\b\007yh\007{\300\203y\200\0076h\003s\200\2078\260\003sh\007v`\20360\007x\260\003:`\20360\207z`\007v0\007x\210\003;`\2036@\207{ \207t\260\2076\b\007yh\0076h\203t\300\203vh\0076h\003vx\007q`\2036h\007{(\0076h\203v\260\207rp\003s\200\0076h\003w(\207wp\0076h\003x\b\207q\020\007zH\0076h\003y\b\207y`\2036\230\007q`\2036\230\007t\b\0079`\2036\260\007s\200\0079`\2036\260\007s\200\2079`\2036\260\007s\200\2079 \2078\260\0036h\003{0\007x\230\203y\200\0076h\003{0\007x\240\0036h\003{0\007x\240\003r\210\003;`\2036\260\007s\200\007:\230\007x\0006$L\000,\300\031\004\001\261\001j\376\377\377\377\177\000N\001\360\003\340\017\000\t\240\200:\000\372`\003\341\374\377\377\377\377\000H\033\230'\000H\0018\203  \2024@\000\000\000I\030\000\000\007\000\000\000\023\212@\030\210b\002a\034\b1aH\016e\202\2600\023\202f\002\341\034\017\001\000\000\0232z@\207zh\007q\260\207;(\207vh\203p\220\207vh\003wx\007w(\2076(\207p\020\207t@\007s\3300\007\345\320\006\355\240\007\345\320\006\360\240\007s \007z0\007r\320\006\246\220\016x\320\006\351`\007t\240\007v@\007m`\017q \007x\240\007v@\007z\020\007r\200\007m\020\016z\000\007z0\007r\320\006\3560\007r\320\006\263`\007t\240\364\200\020!\021d\310H\021\021@#\204\311\251&-\317\337u\371\270\374b\276\307a\266\264<\177\327\345\343\262k\f\207\357\230\200I\030*`\000\002 \000\000\000\b&\000\030RM\031\001\000@ \000\001\020\000\000\000\000\0010\001C*6\200\n \000\004\000\000\200\000\000\000\000\b\200\t\030R\361Ag\000\0000\b@\000\004\000\000\000@\000L\300\220*\027:\004\000\000B\000\002 \000\000\000\000\002`\002\206T\366\340(@\000\024\000\000\000\000\000\000\000\000\000\0230\247!\211\214\000\002 \000\200 \230\000\211\r\002\205K\017\000\000\262@\000\f\000\000\0002\036\230\024\031\021L\220\214\t&G\306\004C\232r(\204\"(\203\022\030\001\240-\210\302\030\001(\004\202\021\200\321\000\n$b\034\204\004\203\t\000\000\261\030\000\000\265\000\000\0003\b\200\034\304\341\034f\024\001=\210C8\204\303\214B\200\007yx\007s\230q\f\346\000\017\355\020\016\364\200\0163\fB\036\302\301\035\316\241\034f0\005=\210C8\204\203\033\314\003=\310C=\214\003=\314x\214tp\007{\b\007yH\207pp\007zp\003vx\207p \207\031\314\021\016\354\220\016\3410\017n0\017\343\360\016\360P\0163\020\304\035\336!\034\330!\035\302a\036f0\211;\274\203;\320C9\264\003<\274\203<\204\003;\314\360\024v`\007{h\0077h\207rh\0077\200\207p\220\207p`\007v(\007v\370\005vx\207w\200\207_\b\207q\030\207r\230\207y\230\201,\356\360\016\356\340\016\365\300\016\3540\003b\310\241\034\344\241\034\314\241\034\344\241\034\334a\034\312!\034\304\201\035\312a\006\326\220C9\310C9\230C9\310C9\270\3038\224C8\210\003;\224\303/\274\203<\374\202;\324\003;\260\303\f\307i\207pX\207rp\203th\007x`\207t\030\207t\240\207\031\316S\017\356\000\017\362P\016\344\220\016\343@\017\341 \016\354P\0163 (\035\334\301\036\302A\036\322!\034\334\201\036\334\340\034\344\341\035\352\001\036f\030Q8\260C:\234\203;\314P$v`\007{h\0077`\207wx\007x\230QL\364\220\017\360P\0163\036j\036\312a\034\350!\035\336\301\035~\001\036\344\241\034\314!\035\360a\006T\205\2038\314\303;\260C=\320C9\374\302<\344C;\210\303;\260\303\214\305\n\207y\230\207w\030\207t\b\007z(\007r\230\201\\\343\020\016\354\300\016\345P\016\3630#\301\322A\036\344\341\027\330\341\035\336\001\036fH\031;\260\203=\264\203\033\204\3038\214C9\314\303<\270\3019\310\303;\324\003<\314H\264q\b\007v`\007q\b\207qX\207\031\333\306\016\354`\017\355\340\006\360 \017\3450\017\345 \017\366P\016n\020\016\3430\016\3450\017\363\340\006\351\340\016\344P\016\3700#\342\354a\034\302\201\035\330\341\027\354!\035\346!\035\304!\035\330!\035\350!\037f \235;\274C=\270\0039\224\2039\314X\274pp\007wx\007z\b\007zH\207wp\207\031\313\347\016\3570\017\341\340\016\351@\017\351\240\017\3450\303\001\003s\250\007w\030\207_\230\207pp\207t\240\207t\320\207r\230\201\204A9\340\3038\260C=\220C9\314@\304\240\035\312\241\035\340A\036\336\301\034f$c0\016\341\300\016\3540\017\351@\017\3450C!\203u\030\007sH\207_\240\207|\200\207r\230\261\224\001<\214\303<\224\3038\320C:\274\203;\314\003\000\000\000y \000\000\323\001\000\000r\036H C\210\f\031\tr2H #\201\214\221\221\321D\240\020(d<12B\216\220!\243\310\006h0v\000\000\000\332)\214\302\033\030L2,\3130\330A\022\325A#)\215$M\3044\006a\320t\233\2465\025\222\034\335\321\021\317\263\000\000Resource\\LocalResource.cppC:\\Users\\CHALLENGER\\Documents\\KeXieData\\Project\\DigitalPower\\BootLoaderComponent: Arm Compiler for Embedded 6.19 Tool: armclang [5e73cb00]C:\\Keil_v5\\ARM\\ARMCLANG\\Bin\\..\\include\\stddef.hsize_tunsigned intptrdiff_tintmax_align_tlong doublestd__2C:\\Keil_v5\\ARM\\ARMCLANG\\Bin\\..\\include\\libcxx\\stddef.hnullptr_tdecltype(nullptr)C:\\Keil_v5\\ARM\\ARMCLANG\\Bin\\..\\include\\libcxx\\cstddefDwarf VersionDebug Info Versionwchar_sizestatic_rwdataenumsize_buildattrarmlib_unavailablearmcompiler-version6.19_ZTS13LocalResource_ZTSM13LocalResourceKFPKvvE.virtual_ZTSM13LocalResourceKFvvE.virtual_ZTS8Resource_ZTSM8ResourceKFPKvvE.virtual_ZTSM8ResourceKFvvE.virtualResource/LocalResource.cppResource/LocalResource.hppLocalResourceResource/Resource.hppResource_resourcerequest_ZNK13LocalResource7requestEvrelease_ZNK13LocalResource7releaseEvthisSimple C++ TBAAomnipotent charany pointer\000\306Z\001\000\000\000\000\0000\2020\034#\b\0032\2020$#\b\2032\2020,#\b\0033\202\2604#\b\2133\202\260<#\b\0134\224\025hy0\004\000\000\004\000\000\000\256\000\000\000 \000\0000\2225\ba\340\013\005\000\200\003\000\200 \b\242\202<\000\340\000\000\000\000\000\0000P\001\004\002\000\fT\000\004\000\000\363\034\000\031\030`\000\034\300D\016`\025z\340\006\300\036\000\000\000\000\0000\037\002 w\300\007\353\000\350\0010\317\001\220\001\002\006@\001L\344\000\326\241\007f\000\370\001\000\000\000\000\000\363!\000r\007\177\300\016\200\036\000\363\034\000\031(\240\000\020\300D\016`%z\360\013@(\000\000\000\000\0000\037\002 w \n\356\000\350\0010\330\000\000\313`\203@\n\314@\005\320\000\0000\317\001\354\301\003\000\0000\221\003X\216)\300\001p\n\000\000\000\000\000\fT\000\020\000\000\363!\000R\n\250\260\007@*\000\363!\000R\n\177\300\007@*\000\363!\000R\n|\320\007@*\000\363!\000R\n\242\000\n@*\0003\034}\000\n\243\240\n\253\300\n\2550\303\320\006\221\033\3140\274\201\004\0073\fq0\275\301\fC\034Pq0\303\020\007U\034\3140\304\201%\0073\fqpa3\004\303\f\302\034d3\bs\240\315 \320\3016\2030\007\334\f\302\034t3\bt\340\rT\000\237\000\000\003\025\000\030\b\0000P\001\210\201\000\000#Y\2020\006\277P\000\000(\000\000\t\202 (\000\000\000p\000\000\000\0000\221\003p\000\000\340\0018\000\0000\310\001\000L\344\000f\000\000\000\000\000\000\000\000\0000\221\003<\000\000\000\342\000\006\000\000\000\0000\221\003\230\001\000\000\3008\000\000\000\000\0000\221\0034d\340\013\007\036\220\003\030\000\240 \000\0000\221\003<\000\000\000x\000\006\000\000\212\001\000\0003\020\2009\214\003\037\314D\b\3009\000SQ\006\036\204\001\340\013\n:(\000\004\214\b\000\000\000\000\000\300D\016`\006\000\000\000x\000\000\000\000\000\300D\016\360\000\000\000\250\003\030\000\000(\006\000\000\314 \214\303:\314D\b\000;\000SQ\006\036\224\201\031\370\302\322\016\013\036D\300\210\000\000\000\000\000\000\314 \000\3530\023!\000\357\000LE\031xp\006h\340\013\f<0x\020\005#\002\000\000\000\000\0000C\021\016\345\220\016\356\020\017\323\005\306\f\201\032\3140\254\001=\324\301\f\003R\017u0\303\300\331\203\035\3140\260A=\324\301\fEv\017u\200\017s0\303\220\017\3700\007\0239\300\003\000\000\240\016`\000\000\000\000\000\367\n\000\307q\034\307q\034\307\201\005l\270\201\033\230\202=\340\202)\330\003.\230\202=\340\202\030\240\201\033\200\202=\270\001.\340\002.\340\0029\270\201\033\270\201\033\270\201\033\240\201%\006b \006b \006b\340\006t@\007\244a\017\352\000\017\360\200\022\374\240\007n`\026\360\300\017h\340\006r!\006n \027\254`qt\340\006n@\007\246@\0072\022\230\240\\\330\330\354\332\\\310\304\316\\\306\352F\t\354 #66\2736\227\2667\262:\2662\0273\266\260\263\271Q\016Wx\005X\210\005Y\230\005ZH\205\215\315\256\315%\215\254\314\215n\224\240\026\206\f\032`\262\205\351\026&\\\230ra\322\205i\027\000\000\251\030\000\000/\000\000\000\013\nr(\207w\200\007zXp\230C=\270\3038\260C9\320\303\202\346\034\306\241\r\350A\036\302\301\035\346!\035\350!\035\336\301\035\026(\342P\016\346\360\016\362P\016\351\340\016\363@\017\013\222p0\007z(\007yH\007w\230\007zX\320\214\2039\234C=\204\203<\220\003=\204\203<\234C9\320\303\002\006\036\344\241\034\302\201\035\330\341\035\306!\034\350\241\034\310a\301q\016\343\320\006\354\220\016\366P\016\013\254q`\207pp\207sp\203p\220\207qp\203p\240\007z\b\207q@\207r \207q\b\007v`\207\005\007<\320\203<\204C=\320\003:, \326a\034\314!\035\000\000\000\000\321\020\000\000\006\000\000\000\007\314<\244\203;\234\003;\224\003=\240\203<\224C8\220\303\001\000\000\000a \000\000_\000\000\000\023\004A,\020\000\000\000\003\000\000\000\004\203)\302\000\000\00330C\002\000\3610\000\000,\000\000\000\"G\310\220Q\022\304\035\000\000\000\000\031B8\000_ZN13LocalResourceC2EPKvjresourcesizevtable pointer\000\253\250\003\017\302\200\037za@\007\002\300\000\020\005A\020\272\003 \035J\002\000\000`\221\003<\000\000\000x\000\006\000\000\000\0000N\021@\"\r\000 $\002P\f\000`\234\"\200D?\364\3020\016\002\000\000\343\024\001$\374\241\027\006>\030\000\000\3300\210\304H\220\304\206\341\037\350\241\0166\f&a\022u0A\000\252\t\002`M\020\206\013#\006\007\000\202`\240P2\377\377\377?\340\374\377\377\377p\366\377\377\377\303\214A\001\000 \001\000#\006\007\000\202`\240P1\377\377\377?\334\374\377\377\377p\366\377\377\377\303\204\0010bp\000 \b\006\n\005\363\377\377\377\203\315\377\377\377\017g\377\377\377?L\030\000#\006\206\021\202`P\\\2040cP\020\007H\000\300\260\001Q\b\0030cP\020k\000\022\000\320{(\234g\306\240 .\220\000\200a\003\"(\006`\302\000Xc\306\240(\002\220\000\200\200\030\000\000\000\004\000\000\000[\004\340\037\266\fD`\022[\006#\310\007\000\000\000\000\000\000a \000\000#\000\000\000\023\004A<\f\000\000\000\f\000\000\000\253\250\003\017\312\300\fz\341h\207\003\300\000\020\005A\020\272\003\300\035\374\001\000\000`\234\"\360C\032\000\300>\004\240\030\000\300\206\240\037&\b@\005\000#\006\007\000\202`\240D8\377\377\377?\350\374\377\377\377@\366\377\377\377\303\214A\001\000\374\000\000\275\207@Yf\f\n\204\341\007\000\240\000\306\204\001\260\301\214A\201\024\374\000\000\0011\000\000\003\000\000\000[\004`\037\266\fB\220\017\000\000\000\000\000\000\000a \000\000\036\000\000\000\023\004A<\f\000\000\000\f\000\000\000\023\004@ZE\035xp\006h\320\013\013<,\000\006\200(\b\202\320\035\000\361\360\017\000\000\000\343\024\241\037\322\000\000\366!\000\305\000\0006\004\376\000\000#\006\007\000\202`\240D;\377\377\377?\344\374\377\377\377@\366\377\377\377\303\214A\001\000\375\000\000:cP0E?\000@@\f\000\000\000\002\000\000\000[\004\200\037\000\000\000\000\000\000\000\000q \000\000\004\000\000\0002\016\020\"\204\001\377\r8\000\356\200\004\205\017\000\000\000\000\000e\f\000\000C\000\000\000\022\003\224 \002\000\000\000\003\000\000\000\235\000\000\000\t\000\000\000L\000\000\000\001\000\000\000X\000\000\000\000\000\000\000X\000\000\000\007\000\000\000\000\001\000\000\000\000\000\000\246\000\000\000\031\000\000\000\277\000\000\000\032\000\000\000\023\000\000\000\000\000\000\000\000\001\000\000\000\000\000\000\000\000\000\000\007\000\000\000\000\000\000\000\023\000\000\000\031\000\000\000\023\000\000\000\031\000\000\000\377\377\377\377\0014\000\000,\000\000\000\020\000\000\000,\000\000\000\020\000\000\000\377\377\377\377\b4\000\000<\000\000\000\035\000\000\000<\000\000\000\035\000\000\000\377\377\377\377\0014\000\000Y\000\000\000\035\000\000\000Y\000\000\000\035\000\000\000\377\377\377\377\0014\000\000v\000\000\000\016\000\000\000v\000\000\000\016\000\000\000\377\377\377\377\b,\000\000\000\000\000\000\023\000\000\000\000\000\000\000\023\000\000\000\377\377\377\377\001\024\000\000\204\000\000\000\031\000\000\000\204\000\000\000\031\000\000\000\377\377\377\377A4\000\000\000\000\000\000]\f\000\000:\000\000\000\022\003\224\271\001\000\000\000_ZTV13LocalResource_ZN13LocalResourceC2EPKvj_ZN8ResourceC2Ej_ZNK13LocalResource7requestEv_ZNK13LocalResource7releaseEvllvm.dbg.value_ZN13LocalResourceC1EPKvj16.0.0gitthumbv7em-arm-none-eabihfResource/LocalResource.cpp\000\000\000\000\000\000"
	.size	.Lllvm.embedded.module, 8372

	.section	.debug_abbrev,"",%progbits
	.byte	1                               @ Abbreviation Code
	.byte	17                              @ DW_TAG_compile_unit
	.byte	1                               @ DW_CHILDREN_yes
	.byte	37                              @ DW_AT_producer
	.byte	14                              @ DW_FORM_strp
	.byte	19                              @ DW_AT_language
	.byte	5                               @ DW_FORM_data2
	.byte	3                               @ DW_AT_name
	.byte	14                              @ DW_FORM_strp
	.byte	16                              @ DW_AT_stmt_list
	.byte	23                              @ DW_FORM_sec_offset
	.byte	27                              @ DW_AT_comp_dir
	.byte	14                              @ DW_FORM_strp
	.byte	0                               @ EOM(1)
	.byte	0                               @ EOM(2)
	.byte	2                               @ Abbreviation Code
	.byte	22                              @ DW_TAG_typedef
	.byte	0                               @ DW_CHILDREN_no
	.byte	73                              @ DW_AT_type
	.byte	19                              @ DW_FORM_ref4
	.byte	3                               @ DW_AT_name
	.byte	14                              @ DW_FORM_strp
	.byte	58                              @ DW_AT_decl_file
	.byte	11                              @ DW_FORM_data1
	.byte	59                              @ DW_AT_decl_line
	.byte	11                              @ DW_FORM_data1
	.byte	0                               @ EOM(1)
	.byte	0                               @ EOM(2)
	.byte	3                               @ Abbreviation Code
	.byte	36                              @ DW_TAG_base_type
	.byte	0                               @ DW_CHILDREN_no
	.byte	3                               @ DW_AT_name
	.byte	14                              @ DW_FORM_strp
	.byte	62                              @ DW_AT_encoding
	.byte	11                              @ DW_FORM_data1
	.byte	11                              @ DW_AT_byte_size
	.byte	11                              @ DW_FORM_data1
	.byte	0                               @ EOM(1)
	.byte	0                               @ EOM(2)
	.byte	4                               @ Abbreviation Code
	.byte	8                               @ DW_TAG_imported_declaration
	.byte	0                               @ DW_CHILDREN_no
	.byte	58                              @ DW_AT_decl_file
	.byte	11                              @ DW_FORM_data1
	.byte	59                              @ DW_AT_decl_line
	.byte	11                              @ DW_FORM_data1
	.byte	24                              @ DW_AT_import
	.byte	19                              @ DW_FORM_ref4
	.byte	0                               @ EOM(1)
	.byte	0                               @ EOM(2)
	.byte	5                               @ Abbreviation Code
	.byte	57                              @ DW_TAG_namespace
	.byte	1                               @ DW_CHILDREN_yes
	.byte	3                               @ DW_AT_name
	.byte	14                              @ DW_FORM_strp
	.byte	0                               @ EOM(1)
	.byte	0                               @ EOM(2)
	.byte	6                               @ Abbreviation Code
	.byte	57                              @ DW_TAG_namespace
	.byte	1                               @ DW_CHILDREN_yes
	.byte	3                               @ DW_AT_name
	.byte	14                              @ DW_FORM_strp
	.ascii	"\211\001"                      @ DW_AT_export_symbols
	.byte	25                              @ DW_FORM_flag_present
	.byte	0                               @ EOM(1)
	.byte	0                               @ EOM(2)
	.byte	7                               @ Abbreviation Code
	.byte	59                              @ DW_TAG_unspecified_type
	.byte	0                               @ DW_CHILDREN_no
	.byte	3                               @ DW_AT_name
	.byte	14                              @ DW_FORM_strp
	.byte	0                               @ EOM(1)
	.byte	0                               @ EOM(2)
	.byte	0                               @ EOM(3)
	.section	.debug_info,"",%progbits
.Lcu_begin0:
	.long	.Ldebug_info_end0-.Ldebug_info_start0 @ Length of Unit
.Ldebug_info_start0:
	.short	4                               @ DWARF version number
	.long	.debug_abbrev                   @ Offset Into Abbrev. Section
	.byte	4                               @ Address Size (in bytes)
	.byte	1                               @ Abbrev [1] 0xb:0x97 DW_TAG_compile_unit
	.long	.Linfo_string0                  @ DW_AT_producer
	.short	26                              @ DW_AT_language
	.long	.Linfo_string1                  @ DW_AT_name
	.long	.Lline_table_start0             @ DW_AT_stmt_list
	.long	.Linfo_string2                  @ DW_AT_comp_dir
	.byte	2                               @ Abbrev [2] 0x1e:0xb DW_TAG_typedef
	.long	41                              @ DW_AT_type
	.long	.Linfo_string4                  @ DW_AT_name
	.byte	1                               @ DW_AT_decl_file
	.byte	46                              @ DW_AT_decl_line
	.byte	3                               @ Abbrev [3] 0x29:0x7 DW_TAG_base_type
	.long	.Linfo_string3                  @ DW_AT_name
	.byte	7                               @ DW_AT_encoding
	.byte	4                               @ DW_AT_byte_size
	.byte	4                               @ Abbrev [4] 0x30:0x7 DW_TAG_imported_declaration
	.byte	1                               @ DW_AT_decl_file
	.byte	107                             @ DW_AT_decl_line
	.long	30                              @ DW_AT_import
	.byte	2                               @ Abbrev [2] 0x37:0xb DW_TAG_typedef
	.long	66                              @ DW_AT_type
	.long	.Linfo_string6                  @ DW_AT_name
	.byte	1                               @ DW_AT_decl_file
	.byte	38                              @ DW_AT_decl_line
	.byte	3                               @ Abbrev [3] 0x42:0x7 DW_TAG_base_type
	.long	.Linfo_string5                  @ DW_AT_name
	.byte	5                               @ DW_AT_encoding
	.byte	4                               @ DW_AT_byte_size
	.byte	4                               @ Abbrev [4] 0x49:0x7 DW_TAG_imported_declaration
	.byte	1                               @ DW_AT_decl_file
	.byte	108                             @ DW_AT_decl_line
	.long	55                              @ DW_AT_import
	.byte	2                               @ Abbrev [2] 0x50:0xb DW_TAG_typedef
	.long	91                              @ DW_AT_type
	.long	.Linfo_string8                  @ DW_AT_name
	.byte	1                               @ DW_AT_decl_file
	.byte	95                              @ DW_AT_decl_line
	.byte	3                               @ Abbrev [3] 0x5b:0x7 DW_TAG_base_type
	.long	.Linfo_string7                  @ DW_AT_name
	.byte	4                               @ DW_AT_encoding
	.byte	8                               @ DW_AT_byte_size
	.byte	4                               @ Abbrev [4] 0x62:0x7 DW_TAG_imported_declaration
	.byte	1                               @ DW_AT_decl_file
	.byte	110                             @ DW_AT_decl_line
	.long	80                              @ DW_AT_import
	.byte	5                               @ Abbrev [5] 0x69:0x28 DW_TAG_namespace
	.long	.Linfo_string9                  @ DW_AT_name
	.byte	6                               @ Abbrev [6] 0x6e:0x22 DW_TAG_namespace
	.long	.Linfo_string10                 @ DW_AT_name
                                        @ DW_AT_export_symbols
	.byte	4                               @ Abbrev [4] 0x73:0x7 DW_TAG_imported_declaration
	.byte	3                               @ DW_AT_decl_file
	.byte	59                              @ DW_AT_decl_line
	.long	145                             @ DW_AT_import
	.byte	4                               @ Abbrev [4] 0x7a:0x7 DW_TAG_imported_declaration
	.byte	3                               @ DW_AT_decl_file
	.byte	60                              @ DW_AT_decl_line
	.long	55                              @ DW_AT_import
	.byte	4                               @ Abbrev [4] 0x81:0x7 DW_TAG_imported_declaration
	.byte	3                               @ DW_AT_decl_file
	.byte	61                              @ DW_AT_decl_line
	.long	30                              @ DW_AT_import
	.byte	4                               @ Abbrev [4] 0x88:0x7 DW_TAG_imported_declaration
	.byte	3                               @ DW_AT_decl_file
	.byte	64                              @ DW_AT_decl_line
	.long	80                              @ DW_AT_import
	.byte	0                               @ End Of Children Mark
	.byte	0                               @ End Of Children Mark
	.byte	2                               @ Abbrev [2] 0x91:0xb DW_TAG_typedef
	.long	156                             @ DW_AT_type
	.long	.Linfo_string12                 @ DW_AT_name
	.byte	2                               @ DW_AT_decl_file
	.byte	48                              @ DW_AT_decl_line
	.byte	7                               @ Abbrev [7] 0x9c:0x5 DW_TAG_unspecified_type
	.long	.Linfo_string11                 @ DW_AT_name
	.byte	0                               @ End Of Children Mark
.Ldebug_info_end0:
	.section	.debug_str,"MS",%progbits,1
.Linfo_string0:
	.asciz	"Component: Arm Compiler for Embedded 6.19 Tool: armclang [5e73cb00]" @ string offset=0
.Linfo_string1:
	.asciz	"Resource\\LocalResource.cpp"   @ string offset=68
.Linfo_string2:
	.asciz	"C:\\Users\\CHALLENGER\\Documents\\KeXieData\\Project\\DigitalPower\\BootLoader" @ string offset=95
.Linfo_string3:
	.asciz	"unsigned int"                  @ string offset=167
.Linfo_string4:
	.asciz	"size_t"                        @ string offset=180
.Linfo_string5:
	.asciz	"int"                           @ string offset=187
.Linfo_string6:
	.asciz	"ptrdiff_t"                     @ string offset=191
.Linfo_string7:
	.asciz	"long double"                   @ string offset=201
.Linfo_string8:
	.asciz	"max_align_t"                   @ string offset=213
.Linfo_string9:
	.asciz	"std"                           @ string offset=225
.Linfo_string10:
	.asciz	"__2"                           @ string offset=229
.Linfo_string11:
	.asciz	"decltype(nullptr)"             @ string offset=233
.Linfo_string12:
	.asciz	"nullptr_t"                     @ string offset=251
	.ident	"Component: Arm Compiler for Embedded 6.19 Tool: armclang [5e73cb00]"
	.section	".note.GNU-stack","",%progbits
	.ARM_attribute	16, 1	@ Tag_AV_eba
	.section	.debug_line,"",%progbits
.Lline_table_start0:
