	.text
	.syntax unified
	.eabi_attribute	67, "2.09"	@ Tag_conformance
	.cpu	cortex-m4
	.eabi_attribute	6, 13	@ Tag_CPU_arch
	.eabi_attribute	7, 77	@ Tag_CPU_arch_profile
	.eabi_attribute	8, 0	@ Tag_ARM_ISA_use
	.eabi_attribute	9, 2	@ Tag_THUMB_ISA_use
	.fpu	fpv4-sp-d16
	.eabi_attribute	27, 1	@ Tag_ABI_HardFP_use
	.eabi_attribute	36, 1	@ Tag_FP_HP_extension
	.eabi_attribute	34, 1	@ Tag_CPU_unaligned_access
	.eabi_attribute	17, 1	@ Tag_ABI_PCS_GOT_use
	.eabi_attribute	20, 2	@ Tag_ABI_FP_denormal
	.eabi_attribute	21, 0	@ Tag_ABI_FP_exceptions
	.eabi_attribute	23, 1	@ Tag_ABI_FP_number_model
	.eabi_attribute	24, 1	@ Tag_ABI_align_needed
	.eabi_attribute	25, 1	@ Tag_ABI_align_preserved
	.eabi_attribute	28, 1	@ Tag_ABI_VFP_args
	.eabi_attribute	38, 1	@ Tag_ABI_FP_16bit_format
	.eabi_attribute	18, 2	@ Tag_ABI_PCS_wchar_t
	.eabi_attribute	26, 1	@ Tag_ABI_enum_size
	.eabi_attribute	14, 0	@ Tag_ABI_PCS_R9_use
	.file	"MutexLock.cpp"
	.file	1 "C:\\Keil_v5\\ARM\\ARMCLANG\\Bin\\..\\include" "stdint.h"
	.file	2 "C:\\Users\\CHALLENGER\\Documents\\KeXieData\\Project\\DigitalPower\\BootLoader" "./Components/FreeRTOS/include/portmacro.h"
	.file	3 "C:\\Users\\CHALLENGER\\Documents\\KeXieData\\Project\\DigitalPower\\BootLoader" "./Components/FreeRTOS/include/queue.h"
	.file	4 "C:\\Users\\CHALLENGER\\Documents\\KeXieData\\Project\\DigitalPower\\BootLoader" "./Components/FreeRTOS/include\\FreeRTOS.h"
	.file	5 "C:\\Users\\CHALLENGER\\Documents\\KeXieData\\Project\\DigitalPower\\BootLoader" "Util/MutliThread/MutexLock.hpp"
	.file	6 "C:\\Users\\CHALLENGER\\Documents\\KeXieData\\Project\\DigitalPower\\BootLoader" "./Components/FreeRTOS/include\\semphr.h"
	.file	7 "C:\\Keil_v5\\ARM\\ARMCLANG\\Bin\\..\\include" "stddef.h"
	.type	.Lllvm.embedded.module,%object  @ @llvm.embedded.module
	.section	.llvmbc,"",%progbits
	.p2align	4, 0x0
.Lllvm.embedded.module:
	.asciz	"BC\300\3365\024\000\000\005\000\000\000b\f0$MY\276f\255\373\264O\033\310$D\0012\005\000!\f\000\000\204\t\000\000\013\002!\000\002\000\000\000\026\000\000\000\007\201#\221A\310\004I\006\02029\222\001\204\f%\005\b\031\036\004\213b\200\024E\002B\222\013B\244\0202\0248\b\030K\n2R\210Hp\304!#D\022\207\214\020A\222\002d\310\b\261\024 CF\210 \311\0012R\204\030*(*\2201|\260\\\221 \305\310\000\000\000\211 \000\000-\000\000\0002\"H\t bF\000!+$\230\024!%$\230\024\031'\f\205\244\220`Rd\\ $e\202\000+#\0000G\200\230\001\b0\002`\004\002\346\b\2029\00200\203\001\307\f\007\034S\034\000\316\031\b0\004Yk\315\021\200\202\016\000T\250\006q\032\037h\234&\005@\005\000v\322\024Q\302\344_l\253\265\"\367\233\342)\376\245\310\266\277\330zf\022\016\304I\232\"J\230\374\213m\265V\344\376Rd\3334\034\020U@\352\300Q\001\201\2244E\2240\371\027\333j\255\310\375\252\353\271^B\334\233\264\212#\360\021\026@\222|\223\232\210\253t\004%\t\026\000\000\000Q\030\000\000\265\002\000\000\033\300)\370\377\377\377\377\001\220\br(\007wx\007yh\207p`\20760\007xh\203v\b\007z@\007\000\036\344\241\034\346\241\034\344\301\036\312\241\r\346!\035\316\301\035\330\000\036\344\241\034\346\241\034\344\301\036\312\241\r\346!\035\316\301\035\000\302\034\344!\034\332\241\034\332\000\036\336!\035\334\201\036\312A\036\000wx\007w(\007\200h\207tp\2076`\207r8\207p`\2076\260\207r\030\007zx\007yh\203{H\007r\240\007t\000\340\000 \334\341\035\332 \035\334\301\034\346\241\r\314\001\036\332\240\035\302\201\036\320\001\240\007y\250\207r\000\bwx\2076p\207pp\207yh\003s\200\2076h\207p\240\007t\000\350A\036\352\241\034\000\302\035\336\241\r\346!\035\316\301\035\312\201\034\332@\037\312A\036\336a\036\332\300\034\340\241\r\332!\034\350\001\035\000z\220\207z(\007\200\230\007z\b\207qX\2076\200\007yx\007z(\207q\240\207w\220\2076\020\207z0\007s(\007yh\203yH\007}(\007\000\017\000\202\036\302A\036\316\241\034\350\241\r\306\001\036\352\001\030\207w\220\007z(\007|h\203v\240\003\200\240\207p\220\207s(\007zh\003s(\207p\240\207z\220\207r\230\007`\r\302A\036\332\301\036\356\240\034\332\240\035\330`\r\310a\036\340\201\r\326\300\034\340!\016\354\200\r\326\000\035\356\201\034\322\301\036\330`\r\350\001\035\352\241\035\304\241\r\332\341\035\310\241\034\330`\r\354\301\034\340A\016\346\001\036\330`\r\354\301\034\340a\016\310!\016\354`\036\340\201\r\326\300\036\314\001\036\350\200\034\342\300\016\346\001\036\330\240\r\302\241\034\346\201\r\332@\034\314!\016\354\200\r\332`\034\310\241\034\306\001\036\340\200\r\332`\034\310\241\034\306\001\036\342\200\r\332`\034\310\241\034\306\001\036\344\200\r\332`\034\310\241\034\306\001\036\346\200\r\332`\034\310\241\034\306\001\036\350\200\r\332`\034\310\241\034\306\001\036\352\200\r\332`\034\310\241\034\306\001\036\354\200\r\332`\034\310\241\034\306\001\036\356\200\r\332`\034\344a\034\330\240\r\306A\036\362\001\036\350\341\035\330\240\r\310a\016\344\200\r\332\200\034\336\201\036\340A\036\336\201\034\330\240\r\314a\034\312\201\r\332\300\034\340\241\r\302A\036\332\301\036\360\200\r\332\300\034\340\241\r\302A\036\332\301\036\360\200\034\342\300\016\330\240\r\314\001\036\332 \034\344\241\035\354\001\017\310!\016\354`\036\340\201\r\332\300\034\340\241\r\302A\036\332\301\036\360`\036\340\201\r\332\300\034\340!\016\354\300\034\332\201\035\330\240\r\314\001\036\354\200\016\330\240\r\314\241\036\330\201\035\314\001\036\342\300\016\330\240\r\320\341\036\310!\035\354\241\r\302A\036\332\201\r\332 \035\360\240\035\332\201\r\332\200\035\336A\034\330\240\r\332\301\036\312\201\r\332\240\035\354\241\034\334\300\034\340\201\r\332\300\035\312\341\035\334\201\r\332\000\036\302a\034\304\201\036\322\201\r\332@\036\302a\036\330\240\r\346A\034\330\240\r\346\001\035\302A\016\330\240\r\354\301\034\340A\016\330\240\r\354\301\034\340a\016\330\240\r\354\301\034\340a\016\310!\016\354\200\r\332\300\036\314\001\036\346`\036\340\201\r\332\300\036\314\001\036\350\200\r\332\300\036\314\001\036\350\200\034\342\300\016\330\240\r\354\301\034\340\201\016\346\001\036\200\r\206\000\000\244\000\234\301\006g\b\000R\000\316\000\260\202\200\b\322\200\0266\220\022\361\377\377\377\377\003A\016\345\340\016\357 \017\355\020\016\354\320\006\346\000\017m\320\016\341@\017\350\000\300\203<\224\303<\224\203<\330C9\264\301<\244\3039\270\003\033\300\203<\224\303<\224\203<\330C9\264\301<\244\3039\270\003@\230\203<\204C;\224C\033\300\303;\244\203;\320C9\310\003\340\016\357\340\016\345\000\020\356\360\016m\220\016\356`\016\363\320\006\346\000\017m\320\016\341@\017\350\000\320\203<\324C9\000\204;\274C\033\270C8\270\303<\264\2019\300C\033\264C8\320\003:\000\364 \017\365P\016\000\341\016\357\320\006\363\220\016\347\340\016\345@\016m\240\017\345 \017\3570\017m`\016\360\320\006\355\020\016\364\200\016\000=\310C=\224\003@\314\003=\204\3038\254C\033\300\203<\274\003=\224\3038\320\303;\310C\033\210C=\230\2039\224\203<\264\301<\244\203>\224\003\200\007\000A\017\341 \017\347P\016\364\320\006\343\000\017\365\000\214\303;\310\003=\224\003>\264A;\320\001@\320C8\310\3039\224\003=\264\2019\224C8\320C=\310C9\314\003\260\006\341 \017\355`\017wP\016m\320\016l\260\006\3440\017\360\300\006k`\016\360\020\007v\300\006k\200\016\367@\016\351`\017l\260\006\364\200\016\365\320\016\342\320\006\355\360\016\344P\016l\260\006\366`\016\360 \007\363\000\017l\260\006\366`\016\3600\007\344\020\007v0\017\360\300\006k`\017\346\000\017t@\016q`\007\363\000\017l\320\006\341P\016\363\300\006m \016\346\020\007v\300\006m0\016\344P\016\343\000\017p\300\006m0\016\344P\016\343\000\017q\300\006m0\016\344P\016\343\000\017r\300\006m0\016\344P\016\343\000\017s\300\006m0\016\344P\016\343\000\017t\300\006m0\016\344P\016\343\000\017u\300\006m0\016\344P\016\343\000\017v\300\006m0\016\344P\016\343\000\017w\300\006m0\016\3620\016l\320\006\343 \017\371\000\017\364\360\016l\320\006\3440\007r\300\006m@\016\357@\017\360 \017\357@\016l\320\006\3460\016\345\300\006m`\016\360\320\006\341 \017\355`\017x\300\006m`\016\360\320\006\341 \017\355`\017x@\016q`\007l\320\006\346\000\017m\020\016\362\320\016\366\200\007\344\020\007v0\017\360\300\006m`\016\360\320\006\341 \017\355`\017x0\017\360\300\006m`\016\360\020\007v`\016\355\300\016l\320\006\346\000\017v@\007l\320\006\346P\017\354\300\016\346\000\017q`\007l\320\006\350p\017\344\220\016\366\320\006\341 \017\355\300\006m\220\016x\320\016\355\300\006m\300\016\357 \016l\320\006\355`\017\345\300\006m\320\016\366P\016n`\016\360\300\006m\340\016\345\360\016\356\300\006m\000\017\3410\016\342@\017\351\300\006m \017\3410\017l\320\006\363 \016l\320\006\363\200\016\341 \007l\320\006\366`\016\360 \007l\320\006\366`\016\3600\007l\320\006\366`\016\3600\007\344\020\007v\300\006m`\017\346\000\017s0\017\360\300\006m`\017\346\000\017t\300\006m`\017\346\000\017t@\016q`\007l\320\006\366`\016\360@\007\363\000\017\300\006\243\b\000R\000\304`\003a\b\000)l\020\247\343\377\377\377\377\007\300\024\000\211 \207rp\207w\220\207v\b\007vh\003s\200\2076h\207p\240\007t\000\340A\036\312a\036\312A\036\354\241\034\332`\036\322\341\034\334\201\r\340A\036\312a\036\312A\036\354\241\034\332`\036\322\341\034\334\001 \314A\036\302\241\035\312\241\r\340\341\035\322\301\035\350\241\034\344\001p\207wp\207r\000\210vH\007wh\003v(\207s\b\007vh\003{(\207q\240\207w\220\2076\270\207t \007z@\007\000\016\000\302\035\336\241\r\322\301\035\314a\036\332\300\034\340\241\r\332!\034\350\001\035\000z\220\207z(\007\200p\207wh\003w\b\007w\230\20760\007xh\203v\b\007z@\007\200\036\344\241\036\312\001 \334\341\035\332`\036\322\341\034\334\241\034\310\241\r\364\241\034\344\341\035\346\241\r\314\001\036\332\240\035\302\201\036\320\001\240\007y\250\207r\000\210y\240\207p\030\207uh\003x\220\207w\240\207r\030\007zx\007yh\003q\250\007s0\207r\220\2076\230\207t\320\207r\000\360\000 \350!\034\344\341\034\312\201\036\332`\034\340\241\036\200qx\007y\240\207r\300\2076h\007:\000\bz\b\007y8\207r\240\20760\207r\b\007z\250\007y(\207y\000\326 \034\344\241\035\354\341\016\312\241\r\332\201\r\326\200\034\346\001\036\330`\r\314\001\036\342\300\016\330`\r\320\341\036\310!\035\354\201\r\326\200\036\320\241\036\332A\034\332\240\035\336\201\034\312\201\r\326\300\036\314\001\036\344`\036\340\201\r\326\300\036\314\001\036\346\200\034\342\300\016\346\001\036\330`\r\354\301\034\340\201\016\310!\016\354`\036\340\201\r\332 \034\312a\036\330\240\r\304\301\034\342\300\016\330\240\r\306\201\034\312a\034\340\001\016\330\240\r\306\201\034\312a\034\340!\016\330\240\r\306\201\034\312a\034\340A\016\330\240\r\306\201\034\312a\034\340a\016\330\240\r\306\201\034\312a\034\340\201\016\330\240\r\306\201\034\312a\034\340\241\016\330\240\r\306\201\034\312a\034\340\301\016\330\240\r\306\201\034\312a\034\340\341\016\330\240\r\306A\036\306\201\r\332`\034\344!\037\340\201\036\336\201\r\332\200\034\346@\016\330\240\r\310\341\035\350\001\036\344\341\035\310\201\r\332\300\034\306\241\034\330\240\r\314\001\036\332 \034\344\241\035\354\001\017\330\240\r\314\001\036\332 \034\344\241\035\354\001\017\310!\016\354\200\r\332\300\034\340\241\r\302A\036\332\301\036\360\200\034\342\300\016\346\001\036\330\240\r\314\001\036\332 \034\344\241\035\354\001\017\346\001\036\330\240\r\314\001\036\342\300\016\314\241\035\330\201\r\332\300\034\340\301\016\350\200\r\332\300\034\352\201\035\330\301\034\340!\016\354\200\r\332\000\035\356\201\034\322\301\036\332 \034\344\241\035\330\240\r\322\001\017\332\241\035\330\240\r\330\341\035\304\201\r\332\240\035\354\241\034\330\240\r\332\301\036\312\301\r\314\001\036\330\240\r\334\241\034\336\301\035\330\240\r\340!\034\306A\034\350!\035\330\240\r\344!\034\346\201\r\332`\036\304\201\r\332`\036\320!\034\344\200\r\332\300\036\314\001\036\344\200\r\332\300\036\314\001\036\346\200\r\332\300\036\314\001\036\346\200\034\342\300\016\330\240\r\354\301\034\340a\016\346\001\036\330\240\r\354\301\034\340\201\016\330\240\r\354\301\034\340\201\016\310!\016\354\200\r\332\300\036\314\001\036\350`\036\340\001\330\000!\001\260\000\244\000\234\001P\005\001\021\244\001-l0\022\000 \005@\f6\020J\000\220\302\006b\031\000R\330@0\004@\n\033\240\346\377\377\377\377\007\340\024\000?\000\376\000\220\000\n\250\003\240\0176\020\316\377\377\377\377\017\200\264\301x\004\200\024\2003\000\000\000I\030\000\000\013\000\000\000\023\206@\030&\fDaL\020\016d\002q$\2101a \024cBA(\306\302L\b\232\t\203S<\023\nG1\026f\302\340(\006\000\0232z@\207zh\007q\260\207;(\207vh\203p\220\207vh\003wx\007w(\2076(\207p\020\207t@\007s\3300\007\345\320\006\355\240\007\345\320\006\360\240\007s \007z0\007r\320\006\246\220\016x\320\006\351`\007t\240\007v@\007m`\017q \007x\240\007v@\007z\020\007r\200\007m\020\016z\000\007z0\007r\320\006\3560\007r\320\006\263`\007t\240\021\302\344\320\253\322\323\354W\263Ng\247\251hy9L~5\353\3642\236\371\036\257]c8|H\005D\001\000\000\201\000\004@\000\000\000\000\004@\004\f\251\242k\000\002@\000\000\000\020\000\000\000\200\000\210\200!\025\032X\005\000\000\203\000\004\200\000\000\000\000\004@\004\f\251\374\340B\000\000 \004 \000\004\000\000\000 \000\"`HU\013S\002\004@\001\000\000 \000\000\000\000\001\020\001C*t\210\024 \000\f\000\000\000\001\000\000\000\b\200\b\030R\345\203\303\000\001p\000\000\000\000\000\000\000\000\000D\300\234\346$\242\000\000\200\000\000\202 \002$6\b\024=L\000\000\310\002\001\r\000\000\0002\036\230\024\031\021L\220\214\t&G\306\004C:\345P\bEP\006%0\002@\255\f\212`\004\2400\n\244\340\n1\240\030\003\n2\2400\003\n4\000\000\000\000\261\030\000\000\265\000\000\0003\b\200\034\304\341\034f\024\001=\210C8\204\303\214B\200\007yx\007s\230q\f\346\000\017\355\020\016\364\200\0163\fB\036\302\301\035\316\241\034f0\005=\210C8\204\203\033\314\003=\310C=\214\003=\314x\214tp\007{\b\007yH\207pp\007zp\003vx\207p \207\031\314\021\016\354\220\016\3410\017n0\017\343\360\016\360P\0163\020\304\035\336!\034\330!\035\302a\036f0\211;\274\203;\320C9\264\003<\274\203<\204\003;\314\360\024v`\007{h\0077h\207rh\0077\200\207p\220\207p`\007v(\007v\370\005vx\207w\200\207_\b\207q\030\207r\230\207y\230\201,\356\360\016\356\340\016\365\300\016\3540\003b\310\241\034\344\241\034\314\241\034\344\241\034\334a\034\312!\034\304\201\035\312a\006\326\220C9\310C9\230C9\310C9\270\3038\224C8\210\003;\224\303/\274\203<\374\202;\324\003;\260\303\f\307i\207pX\207rp\203th\007x`\207t\030\207t\240\207\031\316S\017\356\000\017\362P\016\344\220\016\343@\017\341 \016\354P\0163 (\035\334\301\036\302A\036\322!\034\334\201\036\334\340\034\344\341\035\352\001\036f\030Q8\260C:\234\203;\314P$v`\007{h\0077`\207wx\007x\230QL\364\220\017\360P\0163\036j\036\312a\034\350!\035\336\301\035~\001\036\344\241\034\314!\035\360a\006T\205\2038\314\303;\260C=\320C9\374\302<\344C;\210\303;\260\303\214\305\n\207y\230\207w\030\207t\b\007z(\007r\230\201\\\343\020\016\354\300\016\345P\016\3630#\301\322A\036\344\341\027\330\341\035\336\001\036fH\031;\260\203=\264\203\033\204\3038\214C9\314\303<\270\3019\310\303;\324\003<\314H\264q\b\007v`\007q\b\207qX\207\031\333\306\016\354`\017\355\340\006\360 \017\3450\017\345 \017\366P\016n\020\016\3430\016\3450\017\363\340\006\351\340\016\344P\016\3700#\342\354a\034\302\201\035\330\341\027\354!\035\346!\035\304!\035\330!\035\350!\037f \235;\274C=\270\0039\224\2039\314X\274pp\007wx\007z\b\007zH\207wp\207\031\313\347\016\3570\017\341\340\016\351@\017\351\240\017\3450\303\001\003s\250\007w\030\207_\230\207pp\207t\240\207t\320\207r\230\201\204A9\340\3038\260C=\220C9\314@\304\240\035\312\241\035\340A\036\336\301\034f$c0\016\341\300\016\3540\017\351@\017\3450C!\203u\030\007sH\207_\240\207|\200\207r\230\261\224\001<\214\303<\224\3038\320C:\274\203;\314\003\000\000\000y \000\000b\004\000\000r\036H C\210\f\031\tr2H #\201\214\221\221\321D\240\020(d<12B\216\220!\243\310\016\270\300\326\001\000\000\336)\214\302\033\034M\032(D\0314O\245 \214\227,h\0205\205\031D\307E\030V\203\004\007\203,\r\202 \b\203 \007e\035\234\204`\223\363\006F2,\213\261\034\305q$\210\203HL\3234\215\3438\013\3030L\3234H\202$\215\2444\2224\021\036\361<\3135E\000Util/MutliThread\\MutexLock.cppC:\\Users\\CHALLENGER\\Documents\\KeXieData\\Project\\DigitalPower\\BootLoaderComponent: Arm Compiler for Embedded 6.19 Tool: armclang [5e73cb00]C:\\Keil_v5\\ARM\\ARMCLANG\\Bin\\..\\include\\stdint.huint8_tunsigned char./Components/FreeRTOS/include/portmacro.hBaseType_tlong./Components/FreeRTOS/include/queue.hQueueHandle_tQueueDefinition_ZTS15QueueDefinitionTickType_tuint32_tunsigned intUtil/MutliThread/MutexLock.hppMutexLockmutexBuffer./Components/FreeRTOS/include\\FreeRTOS.hStaticSemaphore_tStaticQueue_tmutex./Components/FreeRTOS/include\\semphr.hSemaphoreHandle_ttryLock_ZN9MutexLock7tryLockEjboolunlock_ZN9MutexLock6unlockEvxSTATIC_QUEUEpvDummy1uxDummy3StaticList_tuxDummy4UBaseType_tunsigned longucDummy5ucDummy6uxDummy8ucDummy9xSTATIC_LISTuxDummy2pvDummy3xDummy4StaticMiniListItem_txSTATIC_MINI_LIST_ITEMxDummy2_ZTS22xSTATIC_MINI_LIST_ITEM_ZTS12xSTATIC_LISTpvDummy2_ZTSN13xSTATIC_QUEUEUt_E_ZTS13xSTATIC_QUEUE_ZTS9MutexLockC:\\Keil_v5\\ARM\\ARMCLANG\\Bin\\..\\include\\stddef.hsize_tptrdiff_tintmax_align_tlong doubleint8_tsigned charint16_tshortint32_tint64_tlong longuint16_tunsigned shortuint64_tunsigned long longint_least8_tint_least16_tint_least32_tint_least64_tuint_least8_tuint_least16_tuint_least32_tuint_least64_tint_fast8_tint_fast16_tint_fast32_tint_fast64_tuint_fast8_tuint_fast16_tuint_fast32_tuint_fast64_tintptr_tuintptr_tintmax_tuintmax_tDwarf VersionDebug Info Versionwchar_sizestatic_rwdataenumsize_buildattrarmlib_unavailablearmcompiler-version6.19Util/MutliThread/MutexLock.cppthisomnipotent charSimple C++ TBAAany pointerxQueueCreateMutexStaticxQueueSemaphoreTakexQueueGenericSend\246\240\004\000\000\000\000\0000\202\3208#\b\3153\202p #\bG2\202p(#\b\3072\202p0#\bG3\202\320@#\bM4\202\320H#\b\3154\202\320P#\bM5\202\320X#\b\3155\202\320`#Y\303\004\0075\001\232\001\000\200\003\000\200 \b\022\243\001\000\200\034\000\000\000\000\300H\3260\255AM\270f\000\000`\001\000 \b\202\304_\000\0000\007\000\000\000\0000\2225\\@M\260i\020\022\000\030\000\000\b\202 a\032\000\000\324\001\000\000\000\000\214d\r\323W\023h\032\000\000H\001\000\b\202 \241\027\000\000\330\001\000\000\000\000\214d\r\202D\023\006\000\200\025\000\200 \b\222BY\000\000p\007\000\000\000\0000\224\025h%1\004\000\000\004\300L\000\300\212\000\000\000\b\000\000LE\035\"\321y4\322\370D\003`\000\210\202 \b\215\004@\026?\002\000\0000P\001\004\002\000\fT\000\004\000\000\363\034\000\031\030\b\200\000\0239\200U\230\204\037\000'\001\000\000\000\000\300@\005p\b\0000\317\001\220A\002\006@\001L\344\000\026\222\022y\000\250\004\000\000\000\000\000\003\025\200\"\000\300H\22601,!\007\000\000\000\000\t\202 (\000\000\0004\000\000\000\0000\221\003<\000\000\000-\001\006\000\000\000\0000\221\003X\013K\314\001\340\022\000\000\000\000\000\314s\000d\000\201\001p\000\0239\200\365\230\004(\0000\001\000\000\000\000\300D\016`9)\001\n@L\000\000\000\000\0000C\201\022+\361\0222!\022\003\025@$\000\300@\005@\t\0000\221\003XVM\210j\000\204\004\000\000\000\000\000\0239\200U\325\304\250\006\200M\000\000\000\000\0000\221\0034\023M$\"q\023 \005\000\002\000\000\003\025\000&\000\300D\016`e9a\006\300K\000\000\000\000\0000\221\0034\027M(\"\241\023`\000\200\224\000\000\300D\016\360\000\000\000\210\004\030\000\000(\006\000\000\314 \000<1\023!\000=\001LE\031\"!\0014\321\370D\003@\300\210\000\000\000\000\000\000\314s\000d\300!\200\000\3140\200\005O\310\304L\204\000\204\0050\025e\210\204\266\321\204#\026\016\000\001#\002\000\000\000\000\0000\025e\210D\347\321\304\343\023\017\000\001#\002\000\000\000\000\0000C\201\023;\361\023cA\026\0239\300\003\000\000\000\200\001\000\000\000\000LS\020\355\000\000\300\f\301Y\214d\t\001\000\000\200Y\200\003\000\000h\001\000\000\000\000\000\000\000\0239@\003\0065\241\246AH\244\0058\000\000\000\000\300D\016\320\204AM\300i\020\022 \001\006\0008\000\000\000L\344\000\326\030\324Dn\006\300?\000\000\000\000\0000MA\270\003\000\0003\004m1\222%\004\000\000\000l\001*\000\000\270\005\000\000\000\000\000\000\000L\344\000\215\030\324\204\234\006!\361\026\240\002\200\004\000\000\300<\007@\006f\000\006\300\001L\344\000V\031\244\204\036\000q\001\000\000\000\000\300H\226\020\000\000\000\310\0058\000\000\200\026\000\000\000\000\000\000\0000\221\0034dP\023s\032\204\304\\\200\003\000:\000\000\000#YB\000\000\000\200\022\020\000\000n\001\000\000\000\000\000\000\000\0239@s\0065A\247AH\324\005\004\200\021\000\000\300D\016\320\240AM\334i\020\022(\201\000p\004\000\0000\221\0034iP\023\177\032\204\204\\\200\001\000J\000\000\000\0239@\243\0065\001\252AH\240\004\002\200\023\000\000\300\f\210Z\254\005\\\320\205]\334\005^\344\305D\016\320\260AM\314f\360\017r\001\006\000\000\000\0000\221\0034mP\023\264\031\374\203Y\200\001\000\006\000\000\000\0239\200\365\0065\201\232\001\340\017\000\000\000\000\000L\344\000\215\033\324Dm\006\377\320\027\340\000\200\002\000\000\300\f\303^\360\205_L\344\000M\034\324Di\006\376 \023`\000\000\000\000\000#YB\000\000\000`\026\240\000\000\200[\000\000\000\000\000\000\000\300D\016\320\264AM\230f\340\017\241\001\n\000\030\000\000\000\314 \200\206hL\344\000\r\035\324\204\233\006 a\026`\000\000\000\000\000\0239@\303\0065\361\246\001H\310\005\030\000\000\000\000\300\f\002i\224\306@\005\200\007\000\000L\344\000V\036\234\206\033\0000\001\000\000\000\000\300|\b\200\214\004j\254\003p\032\300<\007@\006{\000\006@\001L\344\000\226\036\234\206\031\000\252\001\000\000\000\000\300|\b\200\214\304j\260\003p\032\300<\007@\006}\000\n\000\001L\344\000\026\037\234\306/\000\255\001\000\000\000\000\300|\b\200\214\204k\270\003p\032\300<\007@\006\177\200\000\0060\221\003X~`\022x\000\300\006\000\000\000\000\000\363!\0002\022\2611#\200I\000\363\034\000\031\204\002\004\024\300D\016`\201\202I\344\0010\033\000\000\000\000\000\314\207\000\310H\320\006\215\000&\001L\344\000\226(\230\204\036\000\252\001\000\000\000\000\300|\b\200\214\204m\324\b`\022\300<\007@\006\244\000\n@\001L\344\000\326(\230\304\036\000\270\001\000\000\000\000\300|\b\200\214Dn\330\b`\022\300|\b\200\214\004J\334\b`\022\300<\007@\006\246\000\001\0070\221\003X\245`\022\177\000\360\006\000\000\000\000\000\363!\0002\022\275\201#\200I\000\363!\0002\0221\221#\200I\000\363\034\000\031\240\002(\000\0070\221\003X\247`\022\241\000\200\007\000\000\000\000\000\363!\0002\022\341\241#\200I\000\0239\200\225\n&q\n\000l\000\000\000\000\0000\037\002 #1\036;\002\230\0040\221\003X\252`\022\250\000\314\006\000\000\000\000\000\363!\0002\022\345\301#\200I\000\0239\200\265\n&\221\n\200j\000\000\000\000\0000\037\002 #q\036=\002\230\0040\221\003X\254`\022\252\000\340\006\000\000\000\000\000\363!\0002\022\351\341#\200I\000\0239\200\325\n&\321\n\300I\000\000\000\000\0000\037\002 #\261\036?\002\230\0040\221\003X\256`\022\256\000\360\006\000\000\000\000\000\363!\0002\022\355\001&\200I\000\0239\200\365\n&\361\n\000L\000\000\000\000\0000\037\002 #\361\036a\002\230\0040\221\003X\260`\022\260\000\200\007\000\000\000\000\000\363!\0002\022\361!&\200I\000\0239\200\025\013&Q\013\200j\000\000\000\000\0000\037\002 #1\037c\002\230\0040\221\003X\262`\022\266\000\250\006\000\000\000\000\000\363!\0002\022\365A&\200I\000\0239\2005\013&q\013\200j\000\000\000\000\0000\037\002 #q\037e\002\230\0040\221\003X\264`\022\270\000\340\006\000\000\000\000\000\363!\0002\022\371a&\200I\000\0239\200U\013&\261\013\000L\000\000\000\000\0000\037\002 #\261\037g\002\230\0040\221\003X\266`\022\274\000\300\004\000\000\000\000\000\363!\0002\022\375\201&\200I\000\0239\200u\013&\321\013\000L\000\000\000\000\0000\037\002 #\361\037i\002\230\0040\221\003X\270`\022\276\000\200\007\000\000\000\000\000\363!\0002\022!\242&\200I\000\0239\200\225\013&Q\016\200j\000\000\000\000\0000\037\002 #1\"k\002\230\0040\221\003X\272`\022\346\000\300\004\000\000\000\000\000\363!\0002\022%\302&\200I\000\0239\200\265\013&\241\016\000n\000\000\000\000\0000\037\002 #q\"m\002\230\0040\221\003X\274`\022\353\000\200\007\000\000\000\000\000\363!\0002\022)\342&\200I\0003|\251\301\032\257!\033\265q\033\272\261\033\276\361\033\342A\036\346\201\036\352\301\036\356\001\037\362A\037\366\201\037\372\301\037\376\001\"\"B\"&\202\"*2\303\360\016\275\000\0173\f\361\340\013\3620\3030\017\277\020\0173\f\363\000\016\3630\3030\017\3410\0173\f\363 \016\3640\3030\017\343@\0163\004\303@\005P\016\002\000L\344\000\017\000\000\200H\200\001\000\000\000\000L\027\0303\004\3500\303p\0167R\0173\f\t\216\324\303\f\221\035\340H=\340\210=\340\310=\340\b>\340H>\340\210>\344\310>\340\b?\3140\244\003\216\324\303\f\305\035\350H=\354H?\3140\360\310\216\364\303p\212@\022\346\000\0005\022\200b\000\0003\004>2\221\003\230\001\000\000\000J\000\000\000\000\0000\221\003<\000\000\0006\001\006\000\000\000\0000\303\360\022`\022&3\021\002 &\300\f\300T\224\301\022\352\000\260D\334\006c\002\000\020\000\"\000\000\220\t\000\000\300\f\303J\274\204L\314D\b\200\231\000SQ\006K\254\003\300\022x\033\234\t\000@\000\210\000\000@&\000\000\000\0239\200\031\000\000\000\000\000\000\000\000\000L\344\000\017\000\000@\232\200\001\000\000\000\000L\344\000f\000\000\000\240&\000\000\000\000\000L\344\000f\000\000\000\260\022\000\000\000\000\000\314P\254\304K\254\211L\260\311L\204\000\264\t0\025e\260\004;\000,\021Sn\002\000\020\000\"\000\000\220\t\000\000\300\215\006\300q\034\307q\034\307q\034\307q\034\307\331\206m\330\006l\250\206Y\250\206\033\270\001(\330\203\033\230\202=\270\201_\300\203=\230\202=\330\003+\270\201\033\360\003?\360\203\033\330\203H\360\203\030\270\001X\200\002\035\270\001X\200\005+\250\003\035pf\341\0224!\022t\300\231\005M\260\002?\230\005M\200\205K\270\004M\270\004<\270\004M\210\004M\320\201K\230\005M\240\201K\270\004\032\320\001?\340\002+\360\003.\260\002?\340\202)\360\003.\230\002?\340\002?\340\002+\360\003.\340\202)\360\003.\340\002+\360\003.\360\003.\360\003.\360\003.\360\003.\360\003.\360\003.\360\003.\360\003.\360\003.\360\003.\360\003.\360\003.\360\003.\360\003.\360\003.\360\003.\360\003.\360\003.\360\003.\360\003.\220\f\035\320\001\035\320\001\035\320\001\035Xt\000\017\026G\007n\300\033t\300\nt\240\016\034<\300\003\035\270\001\204\027t\340\006x\241\016\360\000\017\360\300\nn #\201\t\312\205\215\315\256\315\205L\354\314e\254n\224@$2bc\263ksi{#\253c+s1c\013;\233\033\345X\021\026i\021\027y\021\030\211\221T\330\330\354\332\\\322\310\312\334\350F\tdd\310`\b\0002\0312\030\b\340L\206\f\206\002p\023\000\000\000\000\251\030\000\000/\000\000\000\013\nr(\207w\200\007zXp\230C=\270\3038\260C9\320\303\202\346\034\306\241\r\350A\036\302\301\035\346!\035\350!\035\336\301\035\026(\342P\016\346\360\016\362P\016\351\340\016\363@\017\013\222p0\007z(\007yH\007w\230\007zX\320\214\2039\234C=\204\203<\220\003=\204\203<\234C9\320\303\002\006\036\344\241\034\302\201\035\330\341\035\306!\034\350\241\034\310a\301q\016\343\320\006\354\220\016\366P\016\013\254q`\207pp\207sp\203p\220\207qp\203p\240\007z\b\207q@\207r \207q\b\007v`\207\005\007<\320\203<\204C=\320\003:, \326a\034\314!\035\000\000\000\000\321\020\000\000\006\000\000\000\007\314<\244\203;\234\003;\224\003=\240\203<\224C8\220\303\001\000\000\000a \000\000G\000\000\000\023\004A,\020\000\000\000\002\000\000\000$J\200\300\b\000\000\000\3610\000\000\031\000\000\000\"G\310\220Q\006D\005\021\000\000\000_ZN9MutexLockC2Ev\000\000\000\253\250C$$8\241\221\301'\006\000\003@\024\004Ah$\200\237\250\023\000\000\200YE\020'42`:\017$\220!D\206\214\204.\n\342\0040N\021\342\304\034\000\240F\002P\f\000`C@'\023\004 \003\000#\006\007\000\202`\300X\347\375\377\377?\244\367\377\377\377p\342\377\377\377\303\214A\001\000q\002\000#\006\006\022\202`0l\3020cP\020\215\234\000@\277\003\001E3\006\005Q\310\t\000\f\033\020\2010\0003\006\005\261\310\t\000\214\030\034\000\b\202\001\203\245\367\377\377\377\020\342\377\377\377C\212\377\377\377\0173\006\005\000\220\304\234\000#\006H\022\202`\240d\302\020E3\006\205S\220\304\234\000k\314\030\024F\020'\000\020\020\003\000\000\003\000\000\000[\004\000N\266\fC\300#\000\000\000\000\000\000\000a \000\000(\000\000\000\023\004A,\020\000\000\000\001\000\000\000\004F\000\000\3610\000\000\013\000\000\000\"G\310\220Q\006\304\005\023\000\000\000_ZTSM9MutexLockFvvE\000\033\204z\200\223\t\002\220\001\000\000\000#\006\007\000\202`\300T\352\375\377\377?\370\367\377\377\377`\342\377\377\377\303\214A\001\000$\001\000\375\016\202\363\314\030\024NA\022\000@\001\030\023\006\300\210\001\222\204 \030(X0@\320\204\001\2403\006\305S\220\004\000\004\304\000\003\000\000\000[\b`$&8\3312\b\001\217\000\000\000\000\000a \000\000O\000\000\000\023\004A<\f\000\000\000#\000\000\000\"G\310\220Q\016\304\031\000\000\000\000\2121\001\000tickToWaitresult_ZTSM9MutexLockFbjE\000\253\250C$\264\215F\020\261@\000\f\000Q\020\004\241\221\000\306\342N\000\000\000\306)\302\234\230\003\000\324H\000\212\001\000\214S\2049\201\023\032AdB\000\000`\234\"\314I\234\320H\262\022\000\000\000\033\006:\251\023;\331 \324\203\234L\020\200l\202ph\023\204\243\003\000\000\000#\006\007\000\202`\300T\343\375\377\377?\240\367\377\377\377`\342\377\377\377\303\214A\001\000s\002\000#\006\007\000\202`\300T\342\375\377\377?\234\367\377\377\377`\342\377\377\377\303\204\001\320\357 8\317\214A\221ds\002\000\024\2001a\000\214\030\030J\b\202A\222\005\303\204\0010bp\000 \b\006\fF\336\377\377\377Cz\377\377\377\017)\376\377\377?\314\030\024\0000'\0000\334\020H`0cP(\323\234\000\300\0063\006\205R\314\t\000\004\304\000\000\000\000\003\000\000\000[\b@N\246;\3312\f\001\217\000\000\000\000\000q \000\000\004\000\000\0002\016\020\"\204\000\303\021(\300(\201\003\266\022\000\000\000\000\000e\f\000\000I\000\000\000\022\003\2248\002\000\000\000\003\000\000\000\230\000\000\000\t\000\000\000L\000\000\000\001\000\000\000X\000\000\000\000\000\000\000X\000\000\000\b\000\000\000\030\001\000\000\000\000\000\000\241\000\000\000\031\000\000\000\272\000\000\000\036\000\000\000\021\000\000\000\000\000\000\000\030\001\000\000\000\000\000\000\000\000\000\000\b\000\000\000\000\000\000\000\000\000\000\000\021\000\000\000\000\000\000\000\021\000\000\000\377\377\377\377\0014\000\000\021\000\000\000\027\000\000\000\021\000\000\000\027\000\000\000\377\377\377\377\b$\000\000(\000\000\000\026\000\000\000(\000\000\000\026\000\000\000\377\377\377\377\001$\000\000>\000\000\000\027\000\000\000>\000\000\000\027\000\000\000\377\377\377\377\001$\000\000U\000\000\000\023\000\000\000U\000\000\000\023\000\000\000\377\377\377\377\b$\000\000h\000\000\000\021\000\000\000h\000\000\000\021\000\000\000\377\377\377\377\b$\000\000y\000\000\000\016\000\000\000y\000\000\000\016\000\000\000\377\377\377\377\b,\000\000\207\000\000\000\021\000\000\000\207\000\000\000\021\000\000\000\377\377\377\377A4\000\000\000\000\000\000]\f\000\0009\000\000\000\022\003\224\270\001\000\000\000_ZN9MutexLockC2EvxQueueCreateMutexStatic_ZN9MutexLock6unlockEv_ZN9MutexLock7tryLockEjxQueueSemaphoreTakexQueueGenericSendllvm.dbg.value_ZN9MutexLockC1Ev16.0.0gitthumbv7em-arm-none-eabihfUtil/MutliThread/MutexLock.cpp\000\000\000"
	.size	.Lllvm.embedded.module, 10320

	.section	.debug_abbrev,"",%progbits
	.byte	1                               @ Abbreviation Code
	.byte	17                              @ DW_TAG_compile_unit
	.byte	1                               @ DW_CHILDREN_yes
	.byte	37                              @ DW_AT_producer
	.byte	14                              @ DW_FORM_strp
	.byte	19                              @ DW_AT_language
	.byte	5                               @ DW_FORM_data2
	.byte	3                               @ DW_AT_name
	.byte	14                              @ DW_FORM_strp
	.byte	16                              @ DW_AT_stmt_list
	.byte	23                              @ DW_FORM_sec_offset
	.byte	27                              @ DW_AT_comp_dir
	.byte	14                              @ DW_FORM_strp
	.byte	0                               @ EOM(1)
	.byte	0                               @ EOM(2)
	.byte	2                               @ Abbreviation Code
	.byte	22                              @ DW_TAG_typedef
	.byte	0                               @ DW_CHILDREN_no
	.byte	73                              @ DW_AT_type
	.byte	19                              @ DW_FORM_ref4
	.byte	3                               @ DW_AT_name
	.byte	14                              @ DW_FORM_strp
	.byte	58                              @ DW_AT_decl_file
	.byte	11                              @ DW_FORM_data1
	.byte	59                              @ DW_AT_decl_line
	.byte	11                              @ DW_FORM_data1
	.byte	0                               @ EOM(1)
	.byte	0                               @ EOM(2)
	.byte	3                               @ Abbreviation Code
	.byte	36                              @ DW_TAG_base_type
	.byte	0                               @ DW_CHILDREN_no
	.byte	3                               @ DW_AT_name
	.byte	14                              @ DW_FORM_strp
	.byte	62                              @ DW_AT_encoding
	.byte	11                              @ DW_FORM_data1
	.byte	11                              @ DW_AT_byte_size
	.byte	11                              @ DW_FORM_data1
	.byte	0                               @ EOM(1)
	.byte	0                               @ EOM(2)
	.byte	4                               @ Abbreviation Code
	.byte	15                              @ DW_TAG_pointer_type
	.byte	0                               @ DW_CHILDREN_no
	.byte	73                              @ DW_AT_type
	.byte	19                              @ DW_FORM_ref4
	.byte	0                               @ EOM(1)
	.byte	0                               @ EOM(2)
	.byte	5                               @ Abbreviation Code
	.byte	19                              @ DW_TAG_structure_type
	.byte	0                               @ DW_CHILDREN_no
	.byte	3                               @ DW_AT_name
	.byte	14                              @ DW_FORM_strp
	.byte	60                              @ DW_AT_declaration
	.byte	25                              @ DW_FORM_flag_present
	.byte	0                               @ EOM(1)
	.byte	0                               @ EOM(2)
	.byte	6                               @ Abbreviation Code
	.byte	2                               @ DW_TAG_class_type
	.byte	1                               @ DW_CHILDREN_yes
	.byte	54                              @ DW_AT_calling_convention
	.byte	11                              @ DW_FORM_data1
	.byte	3                               @ DW_AT_name
	.byte	14                              @ DW_FORM_strp
	.byte	11                              @ DW_AT_byte_size
	.byte	11                              @ DW_FORM_data1
	.byte	58                              @ DW_AT_decl_file
	.byte	11                              @ DW_FORM_data1
	.byte	59                              @ DW_AT_decl_line
	.byte	11                              @ DW_FORM_data1
	.byte	0                               @ EOM(1)
	.byte	0                               @ EOM(2)
	.byte	7                               @ Abbreviation Code
	.byte	13                              @ DW_TAG_member
	.byte	0                               @ DW_CHILDREN_no
	.byte	3                               @ DW_AT_name
	.byte	14                              @ DW_FORM_strp
	.byte	73                              @ DW_AT_type
	.byte	19                              @ DW_FORM_ref4
	.byte	58                              @ DW_AT_decl_file
	.byte	11                              @ DW_FORM_data1
	.byte	59                              @ DW_AT_decl_line
	.byte	11                              @ DW_FORM_data1
	.byte	56                              @ DW_AT_data_member_location
	.byte	11                              @ DW_FORM_data1
	.byte	50                              @ DW_AT_accessibility
	.byte	11                              @ DW_FORM_data1
	.byte	0                               @ EOM(1)
	.byte	0                               @ EOM(2)
	.byte	8                               @ Abbreviation Code
	.byte	46                              @ DW_TAG_subprogram
	.byte	1                               @ DW_CHILDREN_yes
	.byte	3                               @ DW_AT_name
	.byte	14                              @ DW_FORM_strp
	.byte	58                              @ DW_AT_decl_file
	.byte	11                              @ DW_FORM_data1
	.byte	59                              @ DW_AT_decl_line
	.byte	11                              @ DW_FORM_data1
	.byte	60                              @ DW_AT_declaration
	.byte	25                              @ DW_FORM_flag_present
	.byte	63                              @ DW_AT_external
	.byte	25                              @ DW_FORM_flag_present
	.byte	50                              @ DW_AT_accessibility
	.byte	11                              @ DW_FORM_data1
	.byte	0                               @ EOM(1)
	.byte	0                               @ EOM(2)
	.byte	9                               @ Abbreviation Code
	.byte	5                               @ DW_TAG_formal_parameter
	.byte	0                               @ DW_CHILDREN_no
	.byte	73                              @ DW_AT_type
	.byte	19                              @ DW_FORM_ref4
	.byte	52                              @ DW_AT_artificial
	.byte	25                              @ DW_FORM_flag_present
	.byte	0                               @ EOM(1)
	.byte	0                               @ EOM(2)
	.byte	10                              @ Abbreviation Code
	.byte	46                              @ DW_TAG_subprogram
	.byte	1                               @ DW_CHILDREN_yes
	.byte	110                             @ DW_AT_linkage_name
	.byte	14                              @ DW_FORM_strp
	.byte	3                               @ DW_AT_name
	.byte	14                              @ DW_FORM_strp
	.byte	58                              @ DW_AT_decl_file
	.byte	11                              @ DW_FORM_data1
	.byte	59                              @ DW_AT_decl_line
	.byte	11                              @ DW_FORM_data1
	.byte	73                              @ DW_AT_type
	.byte	19                              @ DW_FORM_ref4
	.byte	60                              @ DW_AT_declaration
	.byte	25                              @ DW_FORM_flag_present
	.byte	63                              @ DW_AT_external
	.byte	25                              @ DW_FORM_flag_present
	.byte	50                              @ DW_AT_accessibility
	.byte	11                              @ DW_FORM_data1
	.byte	0                               @ EOM(1)
	.byte	0                               @ EOM(2)
	.byte	11                              @ Abbreviation Code
	.byte	5                               @ DW_TAG_formal_parameter
	.byte	0                               @ DW_CHILDREN_no
	.byte	73                              @ DW_AT_type
	.byte	19                              @ DW_FORM_ref4
	.byte	0                               @ EOM(1)
	.byte	0                               @ EOM(2)
	.byte	12                              @ Abbreviation Code
	.byte	46                              @ DW_TAG_subprogram
	.byte	1                               @ DW_CHILDREN_yes
	.byte	110                             @ DW_AT_linkage_name
	.byte	14                              @ DW_FORM_strp
	.byte	3                               @ DW_AT_name
	.byte	14                              @ DW_FORM_strp
	.byte	58                              @ DW_AT_decl_file
	.byte	11                              @ DW_FORM_data1
	.byte	59                              @ DW_AT_decl_line
	.byte	11                              @ DW_FORM_data1
	.byte	60                              @ DW_AT_declaration
	.byte	25                              @ DW_FORM_flag_present
	.byte	63                              @ DW_AT_external
	.byte	25                              @ DW_FORM_flag_present
	.byte	50                              @ DW_AT_accessibility
	.byte	11                              @ DW_FORM_data1
	.byte	0                               @ EOM(1)
	.byte	0                               @ EOM(2)
	.byte	13                              @ Abbreviation Code
	.byte	22                              @ DW_TAG_typedef
	.byte	0                               @ DW_CHILDREN_no
	.byte	73                              @ DW_AT_type
	.byte	19                              @ DW_FORM_ref4
	.byte	3                               @ DW_AT_name
	.byte	14                              @ DW_FORM_strp
	.byte	58                              @ DW_AT_decl_file
	.byte	11                              @ DW_FORM_data1
	.byte	59                              @ DW_AT_decl_line
	.byte	5                               @ DW_FORM_data2
	.byte	0                               @ EOM(1)
	.byte	0                               @ EOM(2)
	.byte	14                              @ Abbreviation Code
	.byte	19                              @ DW_TAG_structure_type
	.byte	1                               @ DW_CHILDREN_yes
	.byte	54                              @ DW_AT_calling_convention
	.byte	11                              @ DW_FORM_data1
	.byte	3                               @ DW_AT_name
	.byte	14                              @ DW_FORM_strp
	.byte	11                              @ DW_AT_byte_size
	.byte	11                              @ DW_FORM_data1
	.byte	58                              @ DW_AT_decl_file
	.byte	11                              @ DW_FORM_data1
	.byte	59                              @ DW_AT_decl_line
	.byte	5                               @ DW_FORM_data2
	.byte	0                               @ EOM(1)
	.byte	0                               @ EOM(2)
	.byte	15                              @ Abbreviation Code
	.byte	13                              @ DW_TAG_member
	.byte	0                               @ DW_CHILDREN_no
	.byte	3                               @ DW_AT_name
	.byte	14                              @ DW_FORM_strp
	.byte	73                              @ DW_AT_type
	.byte	19                              @ DW_FORM_ref4
	.byte	58                              @ DW_AT_decl_file
	.byte	11                              @ DW_FORM_data1
	.byte	59                              @ DW_AT_decl_line
	.byte	5                               @ DW_FORM_data2
	.byte	56                              @ DW_AT_data_member_location
	.byte	11                              @ DW_FORM_data1
	.byte	0                               @ EOM(1)
	.byte	0                               @ EOM(2)
	.byte	16                              @ Abbreviation Code
	.byte	23                              @ DW_TAG_union_type
	.byte	1                               @ DW_CHILDREN_yes
	.byte	54                              @ DW_AT_calling_convention
	.byte	11                              @ DW_FORM_data1
	.byte	11                              @ DW_AT_byte_size
	.byte	11                              @ DW_FORM_data1
	.byte	58                              @ DW_AT_decl_file
	.byte	11                              @ DW_FORM_data1
	.byte	59                              @ DW_AT_decl_line
	.byte	5                               @ DW_FORM_data2
	.byte	0                               @ EOM(1)
	.byte	0                               @ EOM(2)
	.byte	17                              @ Abbreviation Code
	.byte	1                               @ DW_TAG_array_type
	.byte	1                               @ DW_CHILDREN_yes
	.byte	73                              @ DW_AT_type
	.byte	19                              @ DW_FORM_ref4
	.byte	0                               @ EOM(1)
	.byte	0                               @ EOM(2)
	.byte	18                              @ Abbreviation Code
	.byte	33                              @ DW_TAG_subrange_type
	.byte	0                               @ DW_CHILDREN_no
	.byte	73                              @ DW_AT_type
	.byte	19                              @ DW_FORM_ref4
	.byte	55                              @ DW_AT_count
	.byte	11                              @ DW_FORM_data1
	.byte	0                               @ EOM(1)
	.byte	0                               @ EOM(2)
	.byte	19                              @ Abbreviation Code
	.byte	15                              @ DW_TAG_pointer_type
	.byte	0                               @ DW_CHILDREN_no
	.byte	0                               @ EOM(1)
	.byte	0                               @ EOM(2)
	.byte	20                              @ Abbreviation Code
	.byte	36                              @ DW_TAG_base_type
	.byte	0                               @ DW_CHILDREN_no
	.byte	3                               @ DW_AT_name
	.byte	14                              @ DW_FORM_strp
	.byte	11                              @ DW_AT_byte_size
	.byte	11                              @ DW_FORM_data1
	.byte	62                              @ DW_AT_encoding
	.byte	11                              @ DW_FORM_data1
	.byte	0                               @ EOM(1)
	.byte	0                               @ EOM(2)
	.byte	21                              @ Abbreviation Code
	.byte	8                               @ DW_TAG_imported_declaration
	.byte	0                               @ DW_CHILDREN_no
	.byte	58                              @ DW_AT_decl_file
	.byte	11                              @ DW_FORM_data1
	.byte	59                              @ DW_AT_decl_line
	.byte	11                              @ DW_FORM_data1
	.byte	24                              @ DW_AT_import
	.byte	19                              @ DW_FORM_ref4
	.byte	0                               @ EOM(1)
	.byte	0                               @ EOM(2)
	.byte	22                              @ Abbreviation Code
	.byte	8                               @ DW_TAG_imported_declaration
	.byte	0                               @ DW_CHILDREN_no
	.byte	58                              @ DW_AT_decl_file
	.byte	11                              @ DW_FORM_data1
	.byte	59                              @ DW_AT_decl_line
	.byte	5                               @ DW_FORM_data2
	.byte	24                              @ DW_AT_import
	.byte	19                              @ DW_FORM_ref4
	.byte	0                               @ EOM(1)
	.byte	0                               @ EOM(2)
	.byte	0                               @ EOM(3)
	.section	.debug_info,"",%progbits
.Lcu_begin0:
	.long	.Ldebug_info_end0-.Ldebug_info_start0 @ Length of Unit
.Ldebug_info_start0:
	.short	4                               @ DWARF version number
	.long	.debug_abbrev                   @ Offset Into Abbrev. Section
	.byte	4                               @ Address Size (in bytes)
	.byte	1                               @ Abbrev [1] 0xb:0x4b6 DW_TAG_compile_unit
	.long	.Linfo_string0                  @ DW_AT_producer
	.short	26                              @ DW_AT_language
	.long	.Linfo_string1                  @ DW_AT_name
	.long	.Lline_table_start0             @ DW_AT_stmt_list
	.long	.Linfo_string2                  @ DW_AT_comp_dir
	.byte	2                               @ Abbrev [2] 0x1e:0xb DW_TAG_typedef
	.long	41                              @ DW_AT_type
	.long	.Linfo_string4                  @ DW_AT_name
	.byte	1                               @ DW_AT_decl_file
	.byte	62                              @ DW_AT_decl_line
	.byte	3                               @ Abbrev [3] 0x29:0x7 DW_TAG_base_type
	.long	.Linfo_string3                  @ DW_AT_name
	.byte	8                               @ DW_AT_encoding
	.byte	1                               @ DW_AT_byte_size
	.byte	2                               @ Abbrev [2] 0x30:0xb DW_TAG_typedef
	.long	59                              @ DW_AT_type
	.long	.Linfo_string6                  @ DW_AT_name
	.byte	2                               @ DW_AT_decl_file
	.byte	57                              @ DW_AT_decl_line
	.byte	3                               @ Abbrev [3] 0x3b:0x7 DW_TAG_base_type
	.long	.Linfo_string5                  @ DW_AT_name
	.byte	5                               @ DW_AT_encoding
	.byte	4                               @ DW_AT_byte_size
	.byte	2                               @ Abbrev [2] 0x42:0xb DW_TAG_typedef
	.long	77                              @ DW_AT_type
	.long	.Linfo_string8                  @ DW_AT_name
	.byte	3                               @ DW_AT_decl_file
	.byte	51                              @ DW_AT_decl_line
	.byte	4                               @ Abbrev [4] 0x4d:0x5 DW_TAG_pointer_type
	.long	82                              @ DW_AT_type
	.byte	5                               @ Abbrev [5] 0x52:0x5 DW_TAG_structure_type
	.long	.Linfo_string7                  @ DW_AT_name
                                        @ DW_AT_declaration
	.byte	2                               @ Abbrev [2] 0x57:0xb DW_TAG_typedef
	.long	98                              @ DW_AT_type
	.long	.Linfo_string11                 @ DW_AT_name
	.byte	2                               @ DW_AT_decl_file
	.byte	64                              @ DW_AT_decl_line
	.byte	2                               @ Abbrev [2] 0x62:0xb DW_TAG_typedef
	.long	109                             @ DW_AT_type
	.long	.Linfo_string10                 @ DW_AT_name
	.byte	1                               @ DW_AT_decl_file
	.byte	64                              @ DW_AT_decl_line
	.byte	3                               @ Abbrev [3] 0x6d:0x7 DW_TAG_base_type
	.long	.Linfo_string9                  @ DW_AT_name
	.byte	7                               @ DW_AT_encoding
	.byte	4                               @ DW_AT_byte_size
	.byte	6                               @ Abbrev [6] 0x74:0x5f DW_TAG_class_type
	.byte	5                               @ DW_AT_calling_convention
	.long	.Linfo_string38                 @ DW_AT_name
	.byte	84                              @ DW_AT_byte_size
	.byte	5                               @ DW_AT_decl_file
	.byte	6                               @ DW_AT_decl_line
	.byte	7                               @ Abbrev [7] 0x7d:0xd DW_TAG_member
	.long	.Linfo_string12                 @ DW_AT_name
	.long	211                             @ DW_AT_type
	.byte	5                               @ DW_AT_decl_file
	.byte	9                               @ DW_AT_decl_line
	.byte	0                               @ DW_AT_data_member_location
	.byte	2                               @ DW_AT_accessibility
                                        @ DW_ACCESS_protected
	.byte	7                               @ Abbrev [7] 0x8a:0xd DW_TAG_member
	.long	.Linfo_string36                 @ DW_AT_name
	.long	580                             @ DW_AT_type
	.byte	5                               @ DW_AT_decl_file
	.byte	10                              @ DW_AT_decl_line
	.byte	80                              @ DW_AT_data_member_location
	.byte	2                               @ DW_AT_accessibility
                                        @ DW_ACCESS_protected
	.byte	8                               @ Abbrev [8] 0x97:0xe DW_TAG_subprogram
	.long	.Linfo_string38                 @ DW_AT_name
	.byte	5                               @ DW_AT_decl_file
	.byte	13                              @ DW_AT_decl_line
                                        @ DW_AT_declaration
                                        @ DW_AT_external
	.byte	1                               @ DW_AT_accessibility
                                        @ DW_ACCESS_public
	.byte	9                               @ Abbrev [9] 0x9f:0x5 DW_TAG_formal_parameter
	.long	591                             @ DW_AT_type
                                        @ DW_AT_artificial
	.byte	0                               @ End Of Children Mark
	.byte	10                              @ Abbrev [10] 0xa5:0x1b DW_TAG_subprogram
	.long	.Linfo_string39                 @ DW_AT_linkage_name
	.long	.Linfo_string40                 @ DW_AT_name
	.byte	5                               @ DW_AT_decl_file
	.byte	14                              @ DW_AT_decl_line
	.long	596                             @ DW_AT_type
                                        @ DW_AT_declaration
                                        @ DW_AT_external
	.byte	1                               @ DW_AT_accessibility
                                        @ DW_ACCESS_public
	.byte	9                               @ Abbrev [9] 0xb5:0x5 DW_TAG_formal_parameter
	.long	591                             @ DW_AT_type
                                        @ DW_AT_artificial
	.byte	11                              @ Abbrev [11] 0xba:0x5 DW_TAG_formal_parameter
	.long	87                              @ DW_AT_type
	.byte	0                               @ End Of Children Mark
	.byte	12                              @ Abbrev [12] 0xc0:0x12 DW_TAG_subprogram
	.long	.Linfo_string42                 @ DW_AT_linkage_name
	.long	.Linfo_string43                 @ DW_AT_name
	.byte	5                               @ DW_AT_decl_file
	.byte	15                              @ DW_AT_decl_line
                                        @ DW_AT_declaration
                                        @ DW_AT_external
	.byte	1                               @ DW_AT_accessibility
                                        @ DW_ACCESS_public
	.byte	9                               @ Abbrev [9] 0xcc:0x5 DW_TAG_formal_parameter
	.long	591                             @ DW_AT_type
                                        @ DW_AT_artificial
	.byte	0                               @ End Of Children Mark
	.byte	0                               @ End Of Children Mark
	.byte	13                              @ Abbrev [13] 0xd3:0xc DW_TAG_typedef
	.long	223                             @ DW_AT_type
	.long	.Linfo_string35                 @ DW_AT_name
	.byte	4                               @ DW_AT_decl_file
	.short	1347                            @ DW_AT_decl_line
	.byte	13                              @ Abbrev [13] 0xdf:0xc DW_TAG_typedef
	.long	235                             @ DW_AT_type
	.long	.Linfo_string34                 @ DW_AT_name
	.byte	4                               @ DW_AT_decl_file
	.short	1346                            @ DW_AT_decl_line
	.byte	14                              @ Abbrev [14] 0xeb:0x94 DW_TAG_structure_type
	.byte	5                               @ DW_AT_calling_convention
	.long	.Linfo_string33                 @ DW_AT_name
	.byte	80                              @ DW_AT_byte_size
	.byte	4                               @ DW_AT_decl_file
	.short	1320                            @ DW_AT_decl_line
	.byte	15                              @ Abbrev [15] 0xf5:0xd DW_TAG_member
	.long	.Linfo_string13                 @ DW_AT_name
	.long	383                             @ DW_AT_type
	.byte	4                               @ DW_AT_decl_file
	.short	1322                            @ DW_AT_decl_line
	.byte	0                               @ DW_AT_data_member_location
	.byte	15                              @ Abbrev [15] 0x102:0xd DW_TAG_member
	.long	.Linfo_string15                 @ DW_AT_name
	.long	271                             @ DW_AT_type
	.byte	4                               @ DW_AT_decl_file
	.short	1328                            @ DW_AT_decl_line
	.byte	12                              @ DW_AT_data_member_location
	.byte	16                              @ Abbrev [16] 0x10f:0x21 DW_TAG_union_type
	.byte	5                               @ DW_AT_calling_convention
	.byte	4                               @ DW_AT_byte_size
	.byte	4                               @ DW_AT_decl_file
	.short	1324                            @ DW_AT_decl_line
	.byte	15                              @ Abbrev [15] 0x115:0xd DW_TAG_member
	.long	.Linfo_string16                 @ DW_AT_name
	.long	395                             @ DW_AT_type
	.byte	4                               @ DW_AT_decl_file
	.short	1326                            @ DW_AT_decl_line
	.byte	0                               @ DW_AT_data_member_location
	.byte	15                              @ Abbrev [15] 0x122:0xd DW_TAG_member
	.long	.Linfo_string17                 @ DW_AT_name
	.long	403                             @ DW_AT_type
	.byte	4                               @ DW_AT_decl_file
	.short	1327                            @ DW_AT_decl_line
	.byte	0                               @ DW_AT_data_member_location
	.byte	0                               @ End Of Children Mark
	.byte	15                              @ Abbrev [15] 0x130:0xd DW_TAG_member
	.long	.Linfo_string20                 @ DW_AT_name
	.long	421                             @ DW_AT_type
	.byte	4                               @ DW_AT_decl_file
	.short	1330                            @ DW_AT_decl_line
	.byte	16                              @ DW_AT_data_member_location
	.byte	15                              @ Abbrev [15] 0x13d:0xd DW_TAG_member
	.long	.Linfo_string28                 @ DW_AT_name
	.long	556                             @ DW_AT_type
	.byte	4                               @ DW_AT_decl_file
	.short	1331                            @ DW_AT_decl_line
	.byte	56                              @ DW_AT_data_member_location
	.byte	15                              @ Abbrev [15] 0x14a:0xd DW_TAG_member
	.long	.Linfo_string29                 @ DW_AT_name
	.long	568                             @ DW_AT_type
	.byte	4                               @ DW_AT_decl_file
	.short	1332                            @ DW_AT_decl_line
	.byte	68                              @ DW_AT_data_member_location
	.byte	15                              @ Abbrev [15] 0x157:0xd DW_TAG_member
	.long	.Linfo_string30                 @ DW_AT_name
	.long	30                              @ DW_AT_type
	.byte	4                               @ DW_AT_decl_file
	.short	1335                            @ DW_AT_decl_line
	.byte	70                              @ DW_AT_data_member_location
	.byte	15                              @ Abbrev [15] 0x164:0xd DW_TAG_member
	.long	.Linfo_string31                 @ DW_AT_name
	.long	403                             @ DW_AT_type
	.byte	4                               @ DW_AT_decl_file
	.short	1343                            @ DW_AT_decl_line
	.byte	72                              @ DW_AT_data_member_location
	.byte	15                              @ Abbrev [15] 0x171:0xd DW_TAG_member
	.long	.Linfo_string32                 @ DW_AT_name
	.long	30                              @ DW_AT_type
	.byte	4                               @ DW_AT_decl_file
	.short	1344                            @ DW_AT_decl_line
	.byte	76                              @ DW_AT_data_member_location
	.byte	0                               @ End Of Children Mark
	.byte	17                              @ Abbrev [17] 0x17f:0xc DW_TAG_array_type
	.long	395                             @ DW_AT_type
	.byte	18                              @ Abbrev [18] 0x184:0x6 DW_TAG_subrange_type
	.long	396                             @ DW_AT_type
	.byte	3                               @ DW_AT_count
	.byte	0                               @ End Of Children Mark
	.byte	19                              @ Abbrev [19] 0x18b:0x1 DW_TAG_pointer_type
	.byte	20                              @ Abbrev [20] 0x18c:0x7 DW_TAG_base_type
	.long	.Linfo_string14                 @ DW_AT_name
	.byte	8                               @ DW_AT_byte_size
	.byte	7                               @ DW_AT_encoding
	.byte	2                               @ Abbrev [2] 0x193:0xb DW_TAG_typedef
	.long	414                             @ DW_AT_type
	.long	.Linfo_string19                 @ DW_AT_name
	.byte	2                               @ DW_AT_decl_file
	.byte	58                              @ DW_AT_decl_line
	.byte	3                               @ Abbrev [3] 0x19e:0x7 DW_TAG_base_type
	.long	.Linfo_string18                 @ DW_AT_name
	.byte	7                               @ DW_AT_encoding
	.byte	4                               @ DW_AT_byte_size
	.byte	17                              @ Abbrev [17] 0x1a5:0xc DW_TAG_array_type
	.long	433                             @ DW_AT_type
	.byte	18                              @ Abbrev [18] 0x1aa:0x6 DW_TAG_subrange_type
	.long	396                             @ DW_AT_type
	.byte	2                               @ DW_AT_count
	.byte	0                               @ End Of Children Mark
	.byte	13                              @ Abbrev [13] 0x1b1:0xc DW_TAG_typedef
	.long	445                             @ DW_AT_type
	.long	.Linfo_string27                 @ DW_AT_name
	.byte	4                               @ DW_AT_decl_file
	.short	1241                            @ DW_AT_decl_line
	.byte	14                              @ Abbrev [14] 0x1bd:0x32 DW_TAG_structure_type
	.byte	5                               @ DW_AT_calling_convention
	.long	.Linfo_string26                 @ DW_AT_name
	.byte	20                              @ DW_AT_byte_size
	.byte	4                               @ DW_AT_decl_file
	.short	1230                            @ DW_AT_decl_line
	.byte	15                              @ Abbrev [15] 0x1c7:0xd DW_TAG_member
	.long	.Linfo_string17                 @ DW_AT_name
	.long	403                             @ DW_AT_type
	.byte	4                               @ DW_AT_decl_file
	.short	1235                            @ DW_AT_decl_line
	.byte	0                               @ DW_AT_data_member_location
	.byte	15                              @ Abbrev [15] 0x1d4:0xd DW_TAG_member
	.long	.Linfo_string21                 @ DW_AT_name
	.long	395                             @ DW_AT_type
	.byte	4                               @ DW_AT_decl_file
	.short	1236                            @ DW_AT_decl_line
	.byte	4                               @ DW_AT_data_member_location
	.byte	15                              @ Abbrev [15] 0x1e1:0xd DW_TAG_member
	.long	.Linfo_string22                 @ DW_AT_name
	.long	495                             @ DW_AT_type
	.byte	4                               @ DW_AT_decl_file
	.short	1237                            @ DW_AT_decl_line
	.byte	8                               @ DW_AT_data_member_location
	.byte	0                               @ End Of Children Mark
	.byte	13                              @ Abbrev [13] 0x1ef:0xc DW_TAG_typedef
	.long	507                             @ DW_AT_type
	.long	.Linfo_string25                 @ DW_AT_name
	.byte	4                               @ DW_AT_decl_file
	.short	1224                            @ DW_AT_decl_line
	.byte	14                              @ Abbrev [14] 0x1fb:0x25 DW_TAG_structure_type
	.byte	5                               @ DW_AT_calling_convention
	.long	.Linfo_string24                 @ DW_AT_name
	.byte	12                              @ DW_AT_byte_size
	.byte	4                               @ DW_AT_decl_file
	.short	1216                            @ DW_AT_decl_line
	.byte	15                              @ Abbrev [15] 0x205:0xd DW_TAG_member
	.long	.Linfo_string23                 @ DW_AT_name
	.long	87                              @ DW_AT_type
	.byte	4                               @ DW_AT_decl_file
	.short	1221                            @ DW_AT_decl_line
	.byte	0                               @ DW_AT_data_member_location
	.byte	15                              @ Abbrev [15] 0x212:0xd DW_TAG_member
	.long	.Linfo_string21                 @ DW_AT_name
	.long	544                             @ DW_AT_type
	.byte	4                               @ DW_AT_decl_file
	.short	1222                            @ DW_AT_decl_line
	.byte	4                               @ DW_AT_data_member_location
	.byte	0                               @ End Of Children Mark
	.byte	17                              @ Abbrev [17] 0x220:0xc DW_TAG_array_type
	.long	395                             @ DW_AT_type
	.byte	18                              @ Abbrev [18] 0x225:0x6 DW_TAG_subrange_type
	.long	396                             @ DW_AT_type
	.byte	2                               @ DW_AT_count
	.byte	0                               @ End Of Children Mark
	.byte	17                              @ Abbrev [17] 0x22c:0xc DW_TAG_array_type
	.long	403                             @ DW_AT_type
	.byte	18                              @ Abbrev [18] 0x231:0x6 DW_TAG_subrange_type
	.long	396                             @ DW_AT_type
	.byte	3                               @ DW_AT_count
	.byte	0                               @ End Of Children Mark
	.byte	17                              @ Abbrev [17] 0x238:0xc DW_TAG_array_type
	.long	30                              @ DW_AT_type
	.byte	18                              @ Abbrev [18] 0x23d:0x6 DW_TAG_subrange_type
	.long	396                             @ DW_AT_type
	.byte	2                               @ DW_AT_count
	.byte	0                               @ End Of Children Mark
	.byte	2                               @ Abbrev [2] 0x244:0xb DW_TAG_typedef
	.long	66                              @ DW_AT_type
	.long	.Linfo_string37                 @ DW_AT_name
	.byte	6                               @ DW_AT_decl_file
	.byte	38                              @ DW_AT_decl_line
	.byte	4                               @ Abbrev [4] 0x24f:0x5 DW_TAG_pointer_type
	.long	116                             @ DW_AT_type
	.byte	3                               @ Abbrev [3] 0x254:0x7 DW_TAG_base_type
	.long	.Linfo_string41                 @ DW_AT_name
	.byte	2                               @ DW_AT_encoding
	.byte	1                               @ DW_AT_byte_size
	.byte	2                               @ Abbrev [2] 0x25b:0xb DW_TAG_typedef
	.long	109                             @ DW_AT_type
	.long	.Linfo_string44                 @ DW_AT_name
	.byte	7                               @ DW_AT_decl_file
	.byte	46                              @ DW_AT_decl_line
	.byte	21                              @ Abbrev [21] 0x266:0x7 DW_TAG_imported_declaration
	.byte	7                               @ DW_AT_decl_file
	.byte	107                             @ DW_AT_decl_line
	.long	603                             @ DW_AT_import
	.byte	2                               @ Abbrev [2] 0x26d:0xb DW_TAG_typedef
	.long	632                             @ DW_AT_type
	.long	.Linfo_string46                 @ DW_AT_name
	.byte	7                               @ DW_AT_decl_file
	.byte	38                              @ DW_AT_decl_line
	.byte	3                               @ Abbrev [3] 0x278:0x7 DW_TAG_base_type
	.long	.Linfo_string45                 @ DW_AT_name
	.byte	5                               @ DW_AT_encoding
	.byte	4                               @ DW_AT_byte_size
	.byte	21                              @ Abbrev [21] 0x27f:0x7 DW_TAG_imported_declaration
	.byte	7                               @ DW_AT_decl_file
	.byte	108                             @ DW_AT_decl_line
	.long	621                             @ DW_AT_import
	.byte	2                               @ Abbrev [2] 0x286:0xb DW_TAG_typedef
	.long	657                             @ DW_AT_type
	.long	.Linfo_string48                 @ DW_AT_name
	.byte	7                               @ DW_AT_decl_file
	.byte	95                              @ DW_AT_decl_line
	.byte	3                               @ Abbrev [3] 0x291:0x7 DW_TAG_base_type
	.long	.Linfo_string47                 @ DW_AT_name
	.byte	4                               @ DW_AT_encoding
	.byte	8                               @ DW_AT_byte_size
	.byte	21                              @ Abbrev [21] 0x298:0x7 DW_TAG_imported_declaration
	.byte	7                               @ DW_AT_decl_file
	.byte	110                             @ DW_AT_decl_line
	.long	646                             @ DW_AT_import
	.byte	2                               @ Abbrev [2] 0x29f:0xb DW_TAG_typedef
	.long	682                             @ DW_AT_type
	.long	.Linfo_string50                 @ DW_AT_name
	.byte	1                               @ DW_AT_decl_file
	.byte	56                              @ DW_AT_decl_line
	.byte	3                               @ Abbrev [3] 0x2aa:0x7 DW_TAG_base_type
	.long	.Linfo_string49                 @ DW_AT_name
	.byte	6                               @ DW_AT_encoding
	.byte	1                               @ DW_AT_byte_size
	.byte	22                              @ Abbrev [22] 0x2b1:0x8 DW_TAG_imported_declaration
	.byte	1                               @ DW_AT_decl_file
	.short	275                             @ DW_AT_decl_line
	.long	671                             @ DW_AT_import
	.byte	2                               @ Abbrev [2] 0x2b9:0xb DW_TAG_typedef
	.long	708                             @ DW_AT_type
	.long	.Linfo_string52                 @ DW_AT_name
	.byte	1                               @ DW_AT_decl_file
	.byte	57                              @ DW_AT_decl_line
	.byte	3                               @ Abbrev [3] 0x2c4:0x7 DW_TAG_base_type
	.long	.Linfo_string51                 @ DW_AT_name
	.byte	5                               @ DW_AT_encoding
	.byte	2                               @ DW_AT_byte_size
	.byte	22                              @ Abbrev [22] 0x2cb:0x8 DW_TAG_imported_declaration
	.byte	1                               @ DW_AT_decl_file
	.short	276                             @ DW_AT_decl_line
	.long	697                             @ DW_AT_import
	.byte	2                               @ Abbrev [2] 0x2d3:0xb DW_TAG_typedef
	.long	632                             @ DW_AT_type
	.long	.Linfo_string53                 @ DW_AT_name
	.byte	1                               @ DW_AT_decl_file
	.byte	58                              @ DW_AT_decl_line
	.byte	22                              @ Abbrev [22] 0x2de:0x8 DW_TAG_imported_declaration
	.byte	1                               @ DW_AT_decl_file
	.short	277                             @ DW_AT_decl_line
	.long	723                             @ DW_AT_import
	.byte	2                               @ Abbrev [2] 0x2e6:0xb DW_TAG_typedef
	.long	753                             @ DW_AT_type
	.long	.Linfo_string55                 @ DW_AT_name
	.byte	1                               @ DW_AT_decl_file
	.byte	59                              @ DW_AT_decl_line
	.byte	3                               @ Abbrev [3] 0x2f1:0x7 DW_TAG_base_type
	.long	.Linfo_string54                 @ DW_AT_name
	.byte	5                               @ DW_AT_encoding
	.byte	8                               @ DW_AT_byte_size
	.byte	22                              @ Abbrev [22] 0x2f8:0x8 DW_TAG_imported_declaration
	.byte	1                               @ DW_AT_decl_file
	.short	278                             @ DW_AT_decl_line
	.long	742                             @ DW_AT_import
	.byte	22                              @ Abbrev [22] 0x300:0x8 DW_TAG_imported_declaration
	.byte	1                               @ DW_AT_decl_file
	.short	279                             @ DW_AT_decl_line
	.long	30                              @ DW_AT_import
	.byte	2                               @ Abbrev [2] 0x308:0xb DW_TAG_typedef
	.long	787                             @ DW_AT_type
	.long	.Linfo_string57                 @ DW_AT_name
	.byte	1                               @ DW_AT_decl_file
	.byte	63                              @ DW_AT_decl_line
	.byte	3                               @ Abbrev [3] 0x313:0x7 DW_TAG_base_type
	.long	.Linfo_string56                 @ DW_AT_name
	.byte	7                               @ DW_AT_encoding
	.byte	2                               @ DW_AT_byte_size
	.byte	22                              @ Abbrev [22] 0x31a:0x8 DW_TAG_imported_declaration
	.byte	1                               @ DW_AT_decl_file
	.short	280                             @ DW_AT_decl_line
	.long	776                             @ DW_AT_import
	.byte	22                              @ Abbrev [22] 0x322:0x8 DW_TAG_imported_declaration
	.byte	1                               @ DW_AT_decl_file
	.short	281                             @ DW_AT_decl_line
	.long	98                              @ DW_AT_import
	.byte	2                               @ Abbrev [2] 0x32a:0xb DW_TAG_typedef
	.long	821                             @ DW_AT_type
	.long	.Linfo_string59                 @ DW_AT_name
	.byte	1                               @ DW_AT_decl_file
	.byte	65                              @ DW_AT_decl_line
	.byte	3                               @ Abbrev [3] 0x335:0x7 DW_TAG_base_type
	.long	.Linfo_string58                 @ DW_AT_name
	.byte	7                               @ DW_AT_encoding
	.byte	8                               @ DW_AT_byte_size
	.byte	22                              @ Abbrev [22] 0x33c:0x8 DW_TAG_imported_declaration
	.byte	1                               @ DW_AT_decl_file
	.short	282                             @ DW_AT_decl_line
	.long	810                             @ DW_AT_import
	.byte	2                               @ Abbrev [2] 0x344:0xb DW_TAG_typedef
	.long	682                             @ DW_AT_type
	.long	.Linfo_string60                 @ DW_AT_name
	.byte	1                               @ DW_AT_decl_file
	.byte	71                              @ DW_AT_decl_line
	.byte	22                              @ Abbrev [22] 0x34f:0x8 DW_TAG_imported_declaration
	.byte	1                               @ DW_AT_decl_file
	.short	283                             @ DW_AT_decl_line
	.long	836                             @ DW_AT_import
	.byte	2                               @ Abbrev [2] 0x357:0xb DW_TAG_typedef
	.long	708                             @ DW_AT_type
	.long	.Linfo_string61                 @ DW_AT_name
	.byte	1                               @ DW_AT_decl_file
	.byte	72                              @ DW_AT_decl_line
	.byte	22                              @ Abbrev [22] 0x362:0x8 DW_TAG_imported_declaration
	.byte	1                               @ DW_AT_decl_file
	.short	284                             @ DW_AT_decl_line
	.long	855                             @ DW_AT_import
	.byte	2                               @ Abbrev [2] 0x36a:0xb DW_TAG_typedef
	.long	632                             @ DW_AT_type
	.long	.Linfo_string62                 @ DW_AT_name
	.byte	1                               @ DW_AT_decl_file
	.byte	73                              @ DW_AT_decl_line
	.byte	22                              @ Abbrev [22] 0x375:0x8 DW_TAG_imported_declaration
	.byte	1                               @ DW_AT_decl_file
	.short	285                             @ DW_AT_decl_line
	.long	874                             @ DW_AT_import
	.byte	2                               @ Abbrev [2] 0x37d:0xb DW_TAG_typedef
	.long	753                             @ DW_AT_type
	.long	.Linfo_string63                 @ DW_AT_name
	.byte	1                               @ DW_AT_decl_file
	.byte	74                              @ DW_AT_decl_line
	.byte	22                              @ Abbrev [22] 0x388:0x8 DW_TAG_imported_declaration
	.byte	1                               @ DW_AT_decl_file
	.short	286                             @ DW_AT_decl_line
	.long	893                             @ DW_AT_import
	.byte	2                               @ Abbrev [2] 0x390:0xb DW_TAG_typedef
	.long	41                              @ DW_AT_type
	.long	.Linfo_string64                 @ DW_AT_name
	.byte	1                               @ DW_AT_decl_file
	.byte	77                              @ DW_AT_decl_line
	.byte	22                              @ Abbrev [22] 0x39b:0x8 DW_TAG_imported_declaration
	.byte	1                               @ DW_AT_decl_file
	.short	287                             @ DW_AT_decl_line
	.long	912                             @ DW_AT_import
	.byte	2                               @ Abbrev [2] 0x3a3:0xb DW_TAG_typedef
	.long	787                             @ DW_AT_type
	.long	.Linfo_string65                 @ DW_AT_name
	.byte	1                               @ DW_AT_decl_file
	.byte	78                              @ DW_AT_decl_line
	.byte	22                              @ Abbrev [22] 0x3ae:0x8 DW_TAG_imported_declaration
	.byte	1                               @ DW_AT_decl_file
	.short	288                             @ DW_AT_decl_line
	.long	931                             @ DW_AT_import
	.byte	2                               @ Abbrev [2] 0x3b6:0xb DW_TAG_typedef
	.long	109                             @ DW_AT_type
	.long	.Linfo_string66                 @ DW_AT_name
	.byte	1                               @ DW_AT_decl_file
	.byte	79                              @ DW_AT_decl_line
	.byte	22                              @ Abbrev [22] 0x3c1:0x8 DW_TAG_imported_declaration
	.byte	1                               @ DW_AT_decl_file
	.short	289                             @ DW_AT_decl_line
	.long	950                             @ DW_AT_import
	.byte	2                               @ Abbrev [2] 0x3c9:0xb DW_TAG_typedef
	.long	821                             @ DW_AT_type
	.long	.Linfo_string67                 @ DW_AT_name
	.byte	1                               @ DW_AT_decl_file
	.byte	80                              @ DW_AT_decl_line
	.byte	22                              @ Abbrev [22] 0x3d4:0x8 DW_TAG_imported_declaration
	.byte	1                               @ DW_AT_decl_file
	.short	290                             @ DW_AT_decl_line
	.long	969                             @ DW_AT_import
	.byte	2                               @ Abbrev [2] 0x3dc:0xb DW_TAG_typedef
	.long	632                             @ DW_AT_type
	.long	.Linfo_string68                 @ DW_AT_name
	.byte	1                               @ DW_AT_decl_file
	.byte	85                              @ DW_AT_decl_line
	.byte	22                              @ Abbrev [22] 0x3e7:0x8 DW_TAG_imported_declaration
	.byte	1                               @ DW_AT_decl_file
	.short	291                             @ DW_AT_decl_line
	.long	988                             @ DW_AT_import
	.byte	2                               @ Abbrev [2] 0x3ef:0xb DW_TAG_typedef
	.long	632                             @ DW_AT_type
	.long	.Linfo_string69                 @ DW_AT_name
	.byte	1                               @ DW_AT_decl_file
	.byte	86                              @ DW_AT_decl_line
	.byte	22                              @ Abbrev [22] 0x3fa:0x8 DW_TAG_imported_declaration
	.byte	1                               @ DW_AT_decl_file
	.short	292                             @ DW_AT_decl_line
	.long	1007                            @ DW_AT_import
	.byte	2                               @ Abbrev [2] 0x402:0xb DW_TAG_typedef
	.long	632                             @ DW_AT_type
	.long	.Linfo_string70                 @ DW_AT_name
	.byte	1                               @ DW_AT_decl_file
	.byte	87                              @ DW_AT_decl_line
	.byte	22                              @ Abbrev [22] 0x40d:0x8 DW_TAG_imported_declaration
	.byte	1                               @ DW_AT_decl_file
	.short	293                             @ DW_AT_decl_line
	.long	1026                            @ DW_AT_import
	.byte	2                               @ Abbrev [2] 0x415:0xb DW_TAG_typedef
	.long	753                             @ DW_AT_type
	.long	.Linfo_string71                 @ DW_AT_name
	.byte	1                               @ DW_AT_decl_file
	.byte	88                              @ DW_AT_decl_line
	.byte	22                              @ Abbrev [22] 0x420:0x8 DW_TAG_imported_declaration
	.byte	1                               @ DW_AT_decl_file
	.short	294                             @ DW_AT_decl_line
	.long	1045                            @ DW_AT_import
	.byte	2                               @ Abbrev [2] 0x428:0xb DW_TAG_typedef
	.long	109                             @ DW_AT_type
	.long	.Linfo_string72                 @ DW_AT_name
	.byte	1                               @ DW_AT_decl_file
	.byte	91                              @ DW_AT_decl_line
	.byte	22                              @ Abbrev [22] 0x433:0x8 DW_TAG_imported_declaration
	.byte	1                               @ DW_AT_decl_file
	.short	295                             @ DW_AT_decl_line
	.long	1064                            @ DW_AT_import
	.byte	2                               @ Abbrev [2] 0x43b:0xb DW_TAG_typedef
	.long	109                             @ DW_AT_type
	.long	.Linfo_string73                 @ DW_AT_name
	.byte	1                               @ DW_AT_decl_file
	.byte	92                              @ DW_AT_decl_line
	.byte	22                              @ Abbrev [22] 0x446:0x8 DW_TAG_imported_declaration
	.byte	1                               @ DW_AT_decl_file
	.short	296                             @ DW_AT_decl_line
	.long	1083                            @ DW_AT_import
	.byte	2                               @ Abbrev [2] 0x44e:0xb DW_TAG_typedef
	.long	109                             @ DW_AT_type
	.long	.Linfo_string74                 @ DW_AT_name
	.byte	1                               @ DW_AT_decl_file
	.byte	93                              @ DW_AT_decl_line
	.byte	22                              @ Abbrev [22] 0x459:0x8 DW_TAG_imported_declaration
	.byte	1                               @ DW_AT_decl_file
	.short	297                             @ DW_AT_decl_line
	.long	1102                            @ DW_AT_import
	.byte	2                               @ Abbrev [2] 0x461:0xb DW_TAG_typedef
	.long	821                             @ DW_AT_type
	.long	.Linfo_string75                 @ DW_AT_name
	.byte	1                               @ DW_AT_decl_file
	.byte	94                              @ DW_AT_decl_line
	.byte	22                              @ Abbrev [22] 0x46c:0x8 DW_TAG_imported_declaration
	.byte	1                               @ DW_AT_decl_file
	.short	298                             @ DW_AT_decl_line
	.long	1121                            @ DW_AT_import
	.byte	2                               @ Abbrev [2] 0x474:0xb DW_TAG_typedef
	.long	632                             @ DW_AT_type
	.long	.Linfo_string76                 @ DW_AT_name
	.byte	1                               @ DW_AT_decl_file
	.byte	101                             @ DW_AT_decl_line
	.byte	22                              @ Abbrev [22] 0x47f:0x8 DW_TAG_imported_declaration
	.byte	1                               @ DW_AT_decl_file
	.short	299                             @ DW_AT_decl_line
	.long	1140                            @ DW_AT_import
	.byte	2                               @ Abbrev [2] 0x487:0xb DW_TAG_typedef
	.long	109                             @ DW_AT_type
	.long	.Linfo_string77                 @ DW_AT_name
	.byte	1                               @ DW_AT_decl_file
	.byte	102                             @ DW_AT_decl_line
	.byte	22                              @ Abbrev [22] 0x492:0x8 DW_TAG_imported_declaration
	.byte	1                               @ DW_AT_decl_file
	.short	300                             @ DW_AT_decl_line
	.long	1159                            @ DW_AT_import
	.byte	2                               @ Abbrev [2] 0x49a:0xb DW_TAG_typedef
	.long	753                             @ DW_AT_type
	.long	.Linfo_string78                 @ DW_AT_name
	.byte	1                               @ DW_AT_decl_file
	.byte	106                             @ DW_AT_decl_line
	.byte	22                              @ Abbrev [22] 0x4a5:0x8 DW_TAG_imported_declaration
	.byte	1                               @ DW_AT_decl_file
	.short	301                             @ DW_AT_decl_line
	.long	1178                            @ DW_AT_import
	.byte	2                               @ Abbrev [2] 0x4ad:0xb DW_TAG_typedef
	.long	821                             @ DW_AT_type
	.long	.Linfo_string79                 @ DW_AT_name
	.byte	1                               @ DW_AT_decl_file
	.byte	107                             @ DW_AT_decl_line
	.byte	22                              @ Abbrev [22] 0x4b8:0x8 DW_TAG_imported_declaration
	.byte	1                               @ DW_AT_decl_file
	.short	302                             @ DW_AT_decl_line
	.long	1197                            @ DW_AT_import
	.byte	0                               @ End Of Children Mark
.Ldebug_info_end0:
	.section	.debug_str,"MS",%progbits,1
.Linfo_string0:
	.asciz	"Component: Arm Compiler for Embedded 6.19 Tool: armclang [5e73cb00]" @ string offset=0
.Linfo_string1:
	.asciz	"Util/MutliThread\\MutexLock.cpp" @ string offset=68
.Linfo_string2:
	.asciz	"C:\\Users\\CHALLENGER\\Documents\\KeXieData\\Project\\DigitalPower\\BootLoader" @ string offset=99
.Linfo_string3:
	.asciz	"unsigned char"                 @ string offset=171
.Linfo_string4:
	.asciz	"uint8_t"                       @ string offset=185
.Linfo_string5:
	.asciz	"long"                          @ string offset=193
.Linfo_string6:
	.asciz	"BaseType_t"                    @ string offset=198
.Linfo_string7:
	.asciz	"QueueDefinition"               @ string offset=209
.Linfo_string8:
	.asciz	"QueueHandle_t"                 @ string offset=225
.Linfo_string9:
	.asciz	"unsigned int"                  @ string offset=239
.Linfo_string10:
	.asciz	"uint32_t"                      @ string offset=252
.Linfo_string11:
	.asciz	"TickType_t"                    @ string offset=261
.Linfo_string12:
	.asciz	"mutexBuffer"                   @ string offset=272
.Linfo_string13:
	.asciz	"pvDummy1"                      @ string offset=284
.Linfo_string14:
	.asciz	"__ARRAY_SIZE_TYPE__"           @ string offset=293
.Linfo_string15:
	.asciz	"u"                             @ string offset=313
.Linfo_string16:
	.asciz	"pvDummy2"                      @ string offset=315
.Linfo_string17:
	.asciz	"uxDummy2"                      @ string offset=324
.Linfo_string18:
	.asciz	"unsigned long"                 @ string offset=333
.Linfo_string19:
	.asciz	"UBaseType_t"                   @ string offset=347
.Linfo_string20:
	.asciz	"xDummy3"                       @ string offset=359
.Linfo_string21:
	.asciz	"pvDummy3"                      @ string offset=367
.Linfo_string22:
	.asciz	"xDummy4"                       @ string offset=376
.Linfo_string23:
	.asciz	"xDummy2"                       @ string offset=384
.Linfo_string24:
	.asciz	"xSTATIC_MINI_LIST_ITEM"        @ string offset=392
.Linfo_string25:
	.asciz	"StaticMiniListItem_t"          @ string offset=415
.Linfo_string26:
	.asciz	"xSTATIC_LIST"                  @ string offset=436
.Linfo_string27:
	.asciz	"StaticList_t"                  @ string offset=449
.Linfo_string28:
	.asciz	"uxDummy4"                      @ string offset=462
.Linfo_string29:
	.asciz	"ucDummy5"                      @ string offset=471
.Linfo_string30:
	.asciz	"ucDummy6"                      @ string offset=480
.Linfo_string31:
	.asciz	"uxDummy8"                      @ string offset=489
.Linfo_string32:
	.asciz	"ucDummy9"                      @ string offset=498
.Linfo_string33:
	.asciz	"xSTATIC_QUEUE"                 @ string offset=507
.Linfo_string34:
	.asciz	"StaticQueue_t"                 @ string offset=521
.Linfo_string35:
	.asciz	"StaticSemaphore_t"             @ string offset=535
.Linfo_string36:
	.asciz	"mutex"                         @ string offset=553
.Linfo_string37:
	.asciz	"SemaphoreHandle_t"             @ string offset=559
.Linfo_string38:
	.asciz	"MutexLock"                     @ string offset=577
.Linfo_string39:
	.asciz	"_ZN9MutexLock7tryLockEj"       @ string offset=587
.Linfo_string40:
	.asciz	"tryLock"                       @ string offset=611
.Linfo_string41:
	.asciz	"bool"                          @ string offset=619
.Linfo_string42:
	.asciz	"_ZN9MutexLock6unlockEv"        @ string offset=624
.Linfo_string43:
	.asciz	"unlock"                        @ string offset=647
.Linfo_string44:
	.asciz	"size_t"                        @ string offset=654
.Linfo_string45:
	.asciz	"int"                           @ string offset=661
.Linfo_string46:
	.asciz	"ptrdiff_t"                     @ string offset=665
.Linfo_string47:
	.asciz	"long double"                   @ string offset=675
.Linfo_string48:
	.asciz	"max_align_t"                   @ string offset=687
.Linfo_string49:
	.asciz	"signed char"                   @ string offset=699
.Linfo_string50:
	.asciz	"int8_t"                        @ string offset=711
.Linfo_string51:
	.asciz	"short"                         @ string offset=718
.Linfo_string52:
	.asciz	"int16_t"                       @ string offset=724
.Linfo_string53:
	.asciz	"int32_t"                       @ string offset=732
.Linfo_string54:
	.asciz	"long long"                     @ string offset=740
.Linfo_string55:
	.asciz	"int64_t"                       @ string offset=750
.Linfo_string56:
	.asciz	"unsigned short"                @ string offset=758
.Linfo_string57:
	.asciz	"uint16_t"                      @ string offset=773
.Linfo_string58:
	.asciz	"unsigned long long"            @ string offset=782
.Linfo_string59:
	.asciz	"uint64_t"                      @ string offset=801
.Linfo_string60:
	.asciz	"int_least8_t"                  @ string offset=810
.Linfo_string61:
	.asciz	"int_least16_t"                 @ string offset=823
.Linfo_string62:
	.asciz	"int_least32_t"                 @ string offset=837
.Linfo_string63:
	.asciz	"int_least64_t"                 @ string offset=851
.Linfo_string64:
	.asciz	"uint_least8_t"                 @ string offset=865
.Linfo_string65:
	.asciz	"uint_least16_t"                @ string offset=879
.Linfo_string66:
	.asciz	"uint_least32_t"                @ string offset=894
.Linfo_string67:
	.asciz	"uint_least64_t"                @ string offset=909
.Linfo_string68:
	.asciz	"int_fast8_t"                   @ string offset=924
.Linfo_string69:
	.asciz	"int_fast16_t"                  @ string offset=936
.Linfo_string70:
	.asciz	"int_fast32_t"                  @ string offset=949
.Linfo_string71:
	.asciz	"int_fast64_t"                  @ string offset=962
.Linfo_string72:
	.asciz	"uint_fast8_t"                  @ string offset=975
.Linfo_string73:
	.asciz	"uint_fast16_t"                 @ string offset=988
.Linfo_string74:
	.asciz	"uint_fast32_t"                 @ string offset=1002
.Linfo_string75:
	.asciz	"uint_fast64_t"                 @ string offset=1016
.Linfo_string76:
	.asciz	"intptr_t"                      @ string offset=1030
.Linfo_string77:
	.asciz	"uintptr_t"                     @ string offset=1039
.Linfo_string78:
	.asciz	"intmax_t"                      @ string offset=1049
.Linfo_string79:
	.asciz	"uintmax_t"                     @ string offset=1058
	.ident	"Component: Arm Compiler for Embedded 6.19 Tool: armclang [5e73cb00]"
	.section	".note.GNU-stack","",%progbits
	.ARM_attribute	16, 1	@ Tag_AV_eba
	.section	.debug_line,"",%progbits
.Lline_table_start0:
