	.text
	.syntax unified
	.eabi_attribute	67, "2.09"	@ Tag_conformance
	.cpu	cortex-m4
	.eabi_attribute	6, 13	@ Tag_CPU_arch
	.eabi_attribute	7, 77	@ Tag_CPU_arch_profile
	.eabi_attribute	8, 0	@ Tag_ARM_ISA_use
	.eabi_attribute	9, 2	@ Tag_THUMB_ISA_use
	.fpu	fpv4-sp-d16
	.eabi_attribute	27, 1	@ Tag_ABI_HardFP_use
	.eabi_attribute	36, 1	@ Tag_FP_HP_extension
	.eabi_attribute	34, 1	@ Tag_CPU_unaligned_access
	.eabi_attribute	17, 1	@ Tag_ABI_PCS_GOT_use
	.eabi_attribute	20, 2	@ Tag_ABI_FP_denormal
	.eabi_attribute	21, 0	@ Tag_ABI_FP_exceptions
	.eabi_attribute	23, 1	@ Tag_ABI_FP_number_model
	.eabi_attribute	24, 1	@ Tag_ABI_align_needed
	.eabi_attribute	25, 1	@ Tag_ABI_align_preserved
	.eabi_attribute	28, 1	@ Tag_ABI_VFP_args
	.eabi_attribute	38, 1	@ Tag_ABI_FP_16bit_format
	.eabi_attribute	18, 2	@ Tag_ABI_PCS_wchar_t
	.eabi_attribute	26, 1	@ Tag_ABI_enum_size
	.eabi_attribute	14, 0	@ Tag_ABI_PCS_R9_use
	.file	"MXGeneratedInit.cpp"
	.file	1 "C:\\Users\\CHALLENGER\\Documents\\KeXieData\\Project\\DigitalPower\\BootLoader" "./CubeMX/Drivers/STM32G4xx_HAL_Driver/Inc/stm32g4xx_hal_def.h"
	.file	2 "C:\\Keil_v5\\ARM\\ARMCLANG\\Bin\\..\\include" "stdint.h"
	.file	3 "C:\\Users\\CHALLENGER\\Documents\\KeXieData\\Project\\DigitalPower\\BootLoader" "./CubeMX/Drivers/CMSIS/Core/Include\\core_cm4.h"
	.file	4 "C:\\Keil_v5\\ARM\\ARMCLANG\\Bin\\..\\include" "stddef.h"
	.type	.Lllvm.embedded.module,%object  @ @llvm.embedded.module
	.section	.llvmbc,"",%progbits
	.p2align	4, 0x0
.Lllvm.embedded.module:
	.asciz	"BC\300\3365\024\000\000\005\000\000\000b\f0$MY\276f\255\373\264O\033\310$D\0012\005\000!\f\000\000\360\n\000\000\013\002!\000\002\000\000\000\026\000\000\000\007\201#\221A\310\004I\006\02029\222\001\204\f%\005\b\031\036\004\213b\200\024E\002B\222\013B\244\0202\0248\b\030K\n2R\210Hp\304!#D\022\207\214\020A\222\002d\310\b\261\024 CF\210 \311\0012R\204\030*(*\2201|\260\\\221 \305\310\000\000\000\211 \000\000'\000\000\0002\"H\t bF\000!+$\230\024!%$\230\024\031'\f\205\244\220`Rd\\ $e\202`\252\021\000\023\2049\002P0C\030` \300\020\241\2242G\200\314\021\200\301\034A`\212\000\016JF8\310\b\007\230\341\000d\202\203\2314E\2240\371+\307\375iY\212\r2\265\330CtD\221\016\204\020B\ba&M\021%L\376\312q?*\tb\203L-\366\020\035Q$\004!\204\020B\0173i\212(a\362W\216\373\271E\021\033dj\261\207\350\210\"\025\b!\204\246\000\000\000\000Q\030\000\000\334\001\000\000\033\304)\370\377\377\377\377\0010\005@\"\310\241\034\334\341\035\344\241\035\302\201\035\332\300\034\340\241\r\332!\034\350\001\035\000x\220\207r\230\207r\220\007{(\2076\230\207t8\007w`\003x\220\207r\230\207r\220\007{(\2076\230\207t8\007w\000\bs\220\207ph\207rh\003xx\207tp\007z(\007y\000\334\341\035\334\241\034\000\242\035\322\301\035\332\200\035\312\341\034\302\201\035\332\300\036\312a\034\350\341\035\344\241\r\356!\035\310\201\036\320\001\200\003\200p\207wh\203tp\007s\230\20760\007xh\203v\b\007z@\007\200\036\344\241\036\312\001 \334\341\035\332\300\035\302\301\035\346\241\r\314\001\036\332\240\035\302\201\036\320\001\240\007y\250\207r\000\bwx\2076\230\207t8\007w(\007rh\003}(\007yx\207yh\003s\200\2076h\207p\240\007t\000\350A\036\352\241\034\000b\036\350!\034\306a\035\332\000\036\344\341\035\350\241\034\306\201\036\336A\036\332@\034\352\301\034\314\241\034\344\241\r\346!\035\364\241\034\000<\000\bz\b\007y8\207r\240\2076\030\007x\250\007`\034\336A\036\350\241\034\360\241\r\332\201\016\000\202\036\302A\036\316\241\034\350\241\r\314\241\034\302\201\036\352A\036\312a\036\2005\b\007yh\007{\270\203rh\203v`\2035 \207y\200\0076X\003s\200\2078\260\0036X\003t\270\007rH\007{`\2035\240\007t\250\207v\020\2076h\207w \207r`\2035\260\007s\200\0079\230\007x`\2035\260\007s\200\2079 \2078\260\203y\200\0076X\003{0\007x\240\003r\210\003;\230\007x`\2036\b\207r\230\0076h\003q0\2078\260\0036h\203q \207r\030\007x\200\0036h\203q \207r\030\007x\210\0036h\203q \207r\030\007x\220\0036h\203q \207r\030\007x\230\0036h\203q \207r\030\007x\240\0036h\203q \207r\030\007x\250\0036h\203q \207r\030\007x\260\0036h\203q \207r\030\007x\270\0036h\203q\220\207q`\2036\030\007y\310\007x\240\207w`\2036 \2079\220\0036h\003rx\007z\200\007yx\007r`\20360\207q(\0076h\003s\200\2076\b\007yh\007{\300\0036h\003s\200\2076\b\007yh\007{\300\003r\210\003;`\20360\007xh\203p\220\207v\260\007< \2078\260\203y\200\0076h\003s\200\2076\b\007yh\007{\300\203y\200\0076h\003s\200\2078\260\003sh\007v`\20360\007x\260\003:`\20360\207z`\007v0\007x\210\003;`\2036@\207{ \207t\260\2076\b\007yh\0076h\203t\300\203vh\0076h\003vx\007q`\2036h\007{(\0076h\203v\260\207rp\003s\200\0076h\003w(\207wp\0076h\003x\b\207q\020\007zH\0076h\003y\b\207y`\2036\230\007q`\2036\230\007t\b\0079`\2036\260\007s\200\0079`\2036\260\007s\200\2079`\2036\260\007s\200\2079 \2078\260\0036h\003{0\007x\230\203y\200\0076h\003{0\007x\240\0036h\003{0\007x\240\003r\210\003;`\2036\260\007s\200\007:\230\007x\0006@\302\377\377\377\377\017@\033\000\246\000\234\002\340\007\300\037\000\022\320\007\033\210!\000\370`\003A\b\300\262A*\376\377\377\377\177\000L\0018\005\300\017\200?\000$\200\002\352\000\350\203\r\220\361\377\377\377\377\003\320\006\200)\000\247\000\370\001 \001}\000\320\301\006\343\b\200\005\240\203\r\004B\000|\260\201\224\222\377\377\377\377\037\br(\007wx\007yh\207p`\20760\007xh\203v\b\007z@\007\000\036\344\241\034\346\241\034\344\301\036\312\241\r\346!\035\316\301\035\330\000\036\344\241\034\346\241\034\344\301\036\312\241\r\346!\035\316\301\035\000\302\034\344!\034\332\241\034\332\000\036\336!\035\334\201\036\312A\036\000wx\007w(\007\200p\207wh\203tp\007s\230\20760\007xh\203v\b\007z@\007\200\036\344\241\036\312\001 \334\341\035\332\300\035\302\301\035\346\241\r\314\001\036\332\240\035\302\201\036\320\001\240\007y\250\207r\000\bwx\2076\230\207t8\007w(\007rh\003}(\007yx\207yh\003s\200\2076h\207p\240\007t\000\350A\036\352\241\034\000b\036\350!\034\306a\035\332\000\036\344\341\035\350\241\034\306\201\036\336A\036\332@\034\352\301\034\314\241\034\344\241\r\346!\035\364\241\034\000<\000\bz\b\007y8\207r\240\2076\030\007x\250\007`\034\336A\036\350\241\034\360\241\r\332\201\016\000\202\036\302A\036\316\241\034\350\241\r\314\241\034\302\201\036\352A\036\312a\036\2005\b\007yh\007{\270\203rh\203v`\2035 \207y\200\0076X\003s\200\2078\260\0036X\003t\270\007rH\007{`\2035\240\007t\250\207v\020\2076h\207w \207r`\2035\260\007s\200\0079\230\007x`\2035\260\007s\200\2079 \2078\260\203y\200\0076X\003{0\007x\240\003r\210\003;\230\007x`\2036\b\207r\230\0076h\003q0\2078\260\0036h\203q \207r\030\007x\200\0036h\203q \207r\030\007x\210\0036h\203q \207r\030\007x\220\0036h\203q \207r\030\007x\230\0036h\203q \207r\030\007x\240\0036h\203q \207r\030\007x\250\0036h\203q \207r\030\007x\260\0036h\203q \207r\030\007x\270\0036h\203q\220\207q`\2036\030\007y\310\007x\240\207w`\2036 \2079\220\0036h\003rx\007z\200\007yx\007r`\20360\207q(\0076h\003s\200\2076\b\007yh\007{\300\0036h\003s\200\2076\b\007yh\007{\300\003r\210\003;`\20360\007xh\203p\220\207v\260\007< \2078\260\203y\200\0076h\003s\200\2076\b\007yh\007{\300\203y\200\0076h\003s\200\2078\260\003sh\007v`\20360\007x\260\003:`\20360\207z`\007v0\007x\210\003;`\2036@\207{ \207t\260\2076\b\007yh\0076h\203t\300\203vh\0076h\003vx\007q`\2036h\007{(\0076h\203v\260\207rp\003s\200\0076h\003w(\207wp\0076h\003x\b\207q\020\007zH\0076h\003y\b\207y`\2036\230\007q`\2036\230\007t\b\0079`\2036\260\007s\200\0079`\2036\260\007s\200\2079`\2036\260\007s\200\2079 \2078\260\0036h\003{0\007x\230\203y\200\0076h\003{0\007x\240\0036h\003{0\007x\240\003r\210\003;`\2036\260\007s\200\007:\230\007x\0006\020\n\000\210\301\006b\t\000R\330@0\002@\n\033\210\346\377\377\377\377\007@\332@8\002p\006\033\230'\000H\0018\203  \2024\300\203\r\006\024\000\244\000\234\001\000I\030\000\000\016\000\000\000\023\202`\302 \f\304\204\240\2300\030\0072aH\224eB\220L \022ea&\b\2112Ah\234\t\3013ah\224e\302\320(\320\204\240\231@4\n\304L\020\032\005\000\000\0232z@\207zh\007q\260\207;(\207vh\203p\220\207vh\003wx\007w(\2076(\207p\020\207t@\007s\3300\007\345\320\006\355\240\007\345\320\006\360\240\007s \007z0\007r\320\006\246\220\016x\320\006\351`\007t\240\007v@\007m`\017q \007x\240\007v@\007z\020\007r\200\007m\020\016z\000\007z0\007r\320\006\3560\007r\320\006\263`\007t\240\021\302\344\360\022N\241\257&\366Xv\227\345az\231\234t\247\351\2561\034>\244\002.\001\000\200\000\000\002@\000\000\000\000\002\340\002\206T\227E\000\001 \000\000\000\000\000\000\000\000\000\\\300\220\252\r \003\b\200\001\000\000\000\000\000\000\000\000\340\002\206T} )@\000\020\000\000\000\000\000\000\000\000\000\0270\244z\205o\001\002\240\000\000\000\020\000\000\000\200\000\270\200!\225;D\f\020\000\005\000\000\200\000\000\000\000\004\300\005\f\251\376\241\021\200\0000\000\000\000\004\000\000\000 \000.`H\305\022S\003\004\300\001\000\000 \000\000\000\000\001p\001C\252\237\240\b \000\004\000\000\000\000\000\000\000\000\200\013\030R\315\005%\000\000\020\000@\000\b\000\000\000@\000\\\300\220\3524\020\007\b\000\004\000\000@\000\000\000\000\002\340\002\206T\257\301\b@\000\030\000\000\000\002\000\000\000\020\000\0270\244\332\215E\000\002\300\000\000\000\020\000\000\000\200\000\270\200!\225y0\002\020\000\006\000\000\200\000\000\000\000\004\300\005\f\251\344\203\021\200\0000\000\000\000\004\000\000\000 \000.`H\345\037\215\000\004\200\001\000\000 \000\000\000\000\001p\001C\252\025\231\004 \000\f\000\000\000\001\000\000\000\b\200\013\030R\371\310#\000\001`\000\000\000\b\000\000\000@\000\\\300\220\252M\030\001\b\000\003\000\000@\000\000\000\000\002\340\002\206Ty\302\b@\000\030\000\000\000\002\000\000\000\020\000\0270\244*\225F\000\002\300\000\000\000\020\000\000\000\200\000\270\200!\225\254,\002\020\000\006\000\000\200\000\000\000\000\004\300\005Hl\020(J\257\000\000\220\005\002\000\000\000\023\000\000\0002\036\230\030\031\021L\220\214\t&G\306\004C\032\205Q\004\205P\n#\000\005Q \205R0\205S@\205TP\205U`\205Vp\205W\200\001\005\031P\230\001\005\032P\300\001\205\036P\220\002\204\312\241\020\212\240\fJ`\004\000\000\000\000\000\261\030\000\000\265\000\000\0003\b\200\034\304\341\034f\024\001=\210C8\204\303\214B\200\007yx\007s\230q\f\346\000\017\355\020\016\364\200\0163\fB\036\302\301\035\316\241\034f0\005=\210C8\204\203\033\314\003=\310C=\214\003=\314x\214tp\007{\b\007yH\207pp\007zp\003vx\207p \207\031\314\021\016\354\220\016\3410\017n0\017\343\360\016\360P\0163\020\304\035\336!\034\330!\035\302a\036f0\211;\274\203;\320C9\264\003<\274\203<\204\003;\314\360\024v`\007{h\0077h\207rh\0077\200\207p\220\207p`\007v(\007v\370\005vx\207w\200\207_\b\207q\030\207r\230\207y\230\201,\356\360\016\356\340\016\365\300\016\3540\003b\310\241\034\344\241\034\314\241\034\344\241\034\334a\034\312!\034\304\201\035\312a\006\326\220C9\310C9\230C9\310C9\270\3038\224C8\210\003;\224\303/\274\203<\374\202;\324\003;\260\303\f\307i\207pX\207rp\203th\007x`\207t\030\207t\240\207\031\316S\017\356\000\017\362P\016\344\220\016\343@\017\341 \016\354P\0163 (\035\334\301\036\302A\036\322!\034\334\201\036\334\340\034\344\341\035\352\001\036f\030Q8\260C:\234\203;\314P$v`\007{h\0077`\207wx\007x\230QL\364\220\017\360P\0163\036j\036\312a\034\350!\035\336\301\035~\001\036\344\241\034\314!\035\360a\006T\205\2038\314\303;\260C=\320C9\374\302<\344C;\210\303;\260\303\214\305\n\207y\230\207w\030\207t\b\007z(\007r\230\201\\\343\020\016\354\300\016\345P\016\3630#\301\322A\036\344\341\027\330\341\035\336\001\036fH\031;\260\203=\264\203\033\204\3038\214C9\314\303<\270\3019\310\303;\324\003<\314H\264q\b\007v`\007q\b\207qX\207\031\333\306\016\354`\017\355\340\006\360 \017\3450\017\345 \017\366P\016n\020\016\3430\016\3450\017\363\340\006\351\340\016\344P\016\3700#\342\354a\034\302\201\035\330\341\027\354!\035\346!\035\304!\035\330!\035\350!\037f \235;\274C=\270\0039\224\2039\314X\274pp\007wx\007z\b\007zH\207wp\207\031\313\347\016\3570\017\341\340\016\351@\017\351\240\017\3450\303\001\003s\250\007w\030\207_\230\207pp\207t\240\207t\320\207r\230\201\204A9\340\3038\260C=\220C9\314@\304\240\035\312\241\035\340A\036\336\301\034f$c0\016\341\300\016\3540\017\351@\017\3450C!\203u\030\007sH\207_\240\207|\200\207r\230\261\224\001<\214\303<\224\3038\320C:\274\203;\314\003\000\000\000y \000\000o\005\000\000r\036H C\210\f\031\tr2H #\201\214\221\221\321D\240\020(d<12B\216\220!\243\310\022\360\000\216\002\000\000\327)\214B\0374F\202,\327\033 \214\033 \005A\024\3030\034\005A\020\005A\f\303@\020I\321\030\313Q\034\303\221 \016\"1M\3234\216\343,\f\3030M\323 \t\222\274\201\221,K#)\215$M\304\325\007\222\2240\215\343`\016\202 \023\242\f\022\222\020\004A\020\030\366<\240\360E\021\326Ly\200`\314\265\\\fs5\331t=\f\323\\\013BSP\\MXGeneratedInit.cppC:\\Users\\CHALLENGER\\Documents\\KeXieData\\Project\\DigitalPower\\BootLoaderComponent: Arm Compiler for Embedded 6.19 Tool: armclang [5e73cb00]./CubeMX/Drivers/STM32G4xx_HAL_Driver/Inc/stm32g4xx_hal_def.hunsigned charHAL_OKHAL_ERRORHAL_BUSYHAL_TIMEOUT_ZTS17HAL_StatusTypeDefC:\\Keil_v5\\ARM\\ARMCLANG\\Bin\\..\\include\\stdint.huint32_tunsigned int./CubeMX/Drivers/CMSIS/Core/Include\\core_cm4.hSCB_TypeCPUIDICSRVTORAIRCRSCRCCRSHPuint8_tSHCSRCFSRHFSRDFSRMMFARBFARAFSRPFRDFRADRMMFRISARRESERVED0CPACR_ZTS8SCB_Typeint8_tsigned charint16_tshortint32_tintint64_tlong longuint16_tunsigned shortuint64_tunsigned long longint_least8_tint_least16_tint_least32_tint_least64_tuint_least8_tuint_least16_tuint_least32_tuint_least64_tint_fast8_tint_fast16_tint_fast32_tint_fast64_tuint_fast8_tuint_fast16_tuint_fast32_tuint_fast64_tintptr_tuintptr_tintmax_tuintmax_tC:\\Keil_v5\\ARM\\ARMCLANG\\Bin\\..\\include\\stddef.hsize_tptrdiff_tmax_align_tlong doubleDwarf VersionDebug Info Versionwchar_sizestatic_rwdataenumsize_buildattrarmlib_unavailablearmcompiler-version6.19BSP/MXGeneratedInit.cpp./CubeMX/Drivers/STM32G4xx_HAL_Driver/Inc\\stm32g4xx_hal_rcc.hRCC_OscInitTypeDefRCC_ClkInitTypeDefClockTypeSYSCLKSourceAHBCLKDividerAPB1CLKDividerAPB2CLKDivider_ZTS18RCC_ClkInitTypeDefOscillatorTypeHSEStateLSEStateHSIStateHSICalibrationValueLSIStateHSI48StatePLLRCC_PLLInitTypeDefPLLStatePLLSourcePLLMPLLNPLLPPLLQPLLR_ZTS18RCC_PLLInitTypeDef_ZTS18RCC_OscInitTypeDefomnipotent charSimple C++ TBAA./CubeMX/Drivers/STM32G4xx_HAL_Driver/Inc/stm32g4xx_hal_pwr_ex.hHAL_PWREx_ControlVoltageScalingHAL_StatusTypeDefHAL_RCC_OscConfig./CubeMX/Core/Inc/main.hError_HandlerHAL_RCC_ClockConfig./CubeMX/Drivers/STM32G4xx_HAL_Driver/Inc\\stm32g4xx_hal.hHAL_Init./CubeMX/Core/Inc\\gpio.hMX_GPIO_Init./CubeMX/Core/Inc\\dma.hMX_DMA_Init./CubeMX/Core/Inc\\spi.hMX_SPI2_InitMX_SPI3_Init./CubeMX/Core/Inc\\tim.hMX_TIM15_Init./CubeMX/Core/Inc\\usart.hMX_USART1_UART_Init./CubeMX/Core/Inc\\usb.hMX_USB_PCD_InitMX_TIM2_InitMX_TIM3_InitMX_TIM17_Init./CubeMX/Core/Inc\\rtc.hMX_RTC_InitF\240\005\000\000\000\000\0000\2020X#\b\3035\2020`#\bC6\202\200\274\301\b\002\002\007#\bH\034\214  r0\202\200\314\301\b\002B\007#\b\2036\2020l#\b\0037\2020t#\b\2037\2020\204\301\b\302 \006#\b\303\030\214 \fd0\2020\224\301H\3260\001s\2017\000\000\216\001\000\200 \b\022\275\001\000\200\031\000\000\000\000\300PV\240\231\305\020\000\000\020\274\205]\000\200\230\000\000\000\b\000\000\214d\r\023\340&\350\000\000`\001\000 \b\202\204\235\000\000\320\013\000\000\000\0000\2225L\200\233\264\001\000\200\007\000\200 \b\022\250\002\000\200;\000\000\000\000\300H\3260\001n\242\n\000\000:\000\000\202 H\200\n\000\000\357\000\000\000\000\000\003\025@ \000\300@\005@\b\0000\317\001\220A\201\000\b0\016a \0060\016a \2070\016a \b1\016a \2111\003\221\026j\261\026l1\222%\020\300Y\230\001\200\026\b\000\000m\001\000\200\002\000\000\000\0003\004n1P\001,\000\000\314s\000d\320\200\001p\000\0239\200\305\300\005(\000q\001\000\000\000\000\300@\005\340\b\0000\221\003X\317\\\274\016\020\026\000\000\000\000\000L\344\000\017\000\000\000]\200\001\000\000\000\000\314 \310E]L\344\000u\000\000\000 \027\000\000\000\000\000L\344\000f\000\000\000p\027\000\000\000\000\000L\344\000\r4\027z\023\026x\001\006\000\000\000\0000\221\0034\321\\\354MX\334\005\030\000`\000\000\0000\221\0034\322\\\360MX\334\005\030\000\240\000\000\0000\221\0034\323\\\364MX\334\005\030\000\340\000\000\0000\221\0034\324\\\370MX\334\005\030\000 \001\000\0000\221\0034\325\\\374MX\334\005\030\000`\001\000\0000\221\003X\027\\\370\001\200\026\000\000\000\000\000L\344\000u\000\000\000\360\027\000\000\000\000\000LS\020-\001\000\300\fAh\214d\t\001\000\000\000h\200\003\000\000\242\001\000\000\000\000\000\000\000\0239@c\315\005\350\204\305h\200\003\000\032\000\000\000\0239@\203\315E\350\204\305]\200\001\000&\000\000\000\0239@\223\315\205\350\204\305]\200\001\000*\000\000\000\0239@\243\315\305\350\204\305]\200\001\000.\000\000\000\0239@\263\315\005\351\204\305]\200\001\0002\000\000\000\0239@\303\315E\351\204\305]\200\001\0006\000\000\000\0239@\323\315\205\351\204\305]\200\001\000:\000\000\000\0239@\343\315\305\351\204\305]\200\001\000>\000\000\000\323\024\204K\000\0000C\300\032#YB\000\000\000\200\027\240\000\000@k\000\000\000\000\000\000\000\300D\016\320|s\201:a\341\032\240\000\200\020\000\000\300D\016\320\200\301\\\244NX\340\005\030\000\240\004\000\0000\221\0034a0\027\252\023\026x\001\006\0008\001\000\000LS\020/\001\000\300\f\201l\214d\t\001\000\000\000^\200\004\000\000\263\001\000\000\000\000\000\000\000\0239@#\006s\261:aA\033 \001\200\024\000\000\3004\005\001\023\000\000\314\020\330\306H\226\020\000\000\000\340\005X\000\000p\033\000\000\000\000\000\000\0000\221\0034c0\027\254\023\026\270\001\026\000\210\001\000\000\214d\t\001\000\000\200\\\200\005\000\000\267\001\000\000\000\000\000\000\000\0239@C\006s\321:a\241\033`\001\200\035\000\000\300D\016\320\224\301\\\270NX\334\005\030\000\240\030\000\000\000\314P\345\205^\354\005_\364\205_\220Fi\230\306i\240Fj\250\306j\274\006l\304Fm\344\306n\360\306<\007@\006h\200\000\0060\221\003Xg\000\027x\000\370\006\000\000\000\000\000\363!\000\"\026\2771#\000\\\000\363\034\000\031\250\001\004\024\300D\016`\245\001\\\344\001\020\036\000\000\000\000\000\314\207\000\210X\210\007\215\000p\001\314s\000d\300\006`\000\024\300D\016`\255\001\\\350\001@\036\000\000\000\000\000\314\207\000\210X\224G\215\000p\001\314s\000d\340\006\240\000\024\300D\016`\265\001\\\354\001p\036\000\000\000\000\000\314\207\000\210X\240\207\215\000p\001\314\207\000\210X\374\305\215\000p\001\314s\000d\000\007\020p\000\0239\200\365\006p\361\007\300z\000\000\000\000\0000\037\002 b\301\0368\002\300\0050\037\002 b!\0279\002\300\0050\317\001\220\201\034\200\002p\000\0239\200\025\007p\021\n\300{\000\000\000\000\0000\037\002 b\001\037:\002\300\0050\221\003Xs\000\027\247\000\370\006\000\000\000\000\000\363!\000\"\026\362\261#\000\\\000\0239\200E\007p\201\n@x\000\000\000\000\0000\037\002 bA\037<\002\300\0050\221\003Xu\000\027\251\000\220\007\000\000\000\000\000\363!\000\"\026\366\321#\000\\\000\0239\200e\007p\241\n\300y\000\000\000\000\0000\037\002 b\201\037>\002\300\0050\221\003Xw\000\027\255\000\240\005\000\000\000\000\000\363!\000\"\026\372\361#\000\\\000\0239\200\205\007p\341\n\300z\000\000\000\000\0000\037\002 b\301\037`\002\300\0050\221\003Xy\000\027\257\000\304\005\000\000\000\000\000\363!\000\"\026\376\021&\000\\\000\0239\200\245\007p\001\013\300{\000\000\000\000\0000\037\002 b\001\"b\002\300\0050\221\003X{\000\027\265\000\220\007\000\000\000\000\000\363!\000\"\026\"2&\000\\\000\0239\200\305\007pa\013\000y\000\000\000\000\0000\037\002 bA\"d\002\300\0050\221\003X}\000\027\267\000\220\007\000\000\000\000\000\363!\000\"\026&R&\000\\\000\0239\200\345\007p\201\013\300y\000\000\000\000\0000\037\002 b\201\"f\002\300\0050\221\003X\177\000\027\273\000\304\005\000\000\000\000\000\363!\000\"\026*r&\000\\\000\0239\200\005\np\301\013@\\\000\000\000\000\0000\037\002 b\301\"h\002\300\0050\221\003X\241\000\027\275\000\304\005\000\000\000\000\000\363!\000\"\026.\222&\000\\\000\0239\200%\np\341\013\300{\000\000\000\000\0000\037\002 b\001#j\002\300\0050\221\003X\243\000\027\345\000\220\007\000\000\000\000\000\363!\000\"\0262\262&\000\\\000\0239\200E\npa\016@\\\000\000\000\000\0000\037\002 bA#l\002\300\0050\221\003X\245\000\027\352\000\234\007\000\000\000\000\000\363!\000\"\0266\322&\000\\\000\0239\200e\np\261\016\300{\000\000\000\000\0000\037\002 b\201#n\002\300\0050P\001\234\002\000\000\0239\200\205\n:\342\006@\\\000\000\000\000\0000\037\002 b\261#\353\000\350\b0\221\003X\251\240#f\000\220\007\000\000\000\000\000\363!\000\"\026=\302\016\200\216\000\363\034\000\031\254\002(\000\0040\221\003X\252\240#\277\000\374\b\000\000\000\000\000\363!\000\"\026`\342\016\200\216\0003|\3401\036\346\221\036\352\321\036\356\021\037\363Q\037\367\221\037\373\321\037\377\021\"#R\"'\222\"+\322\"/\022#3R#7\222#<\342#a2\303\020\023\254 \0233\f3\321\n41\303P\023\2560\0233\f5\361\n51\303P\023\260P\0233\f5\021\01361\303P\023\2620\0133\004\303@\005@\013\002\000\314\020\0003\021\002\300&\300@\005P\013\002\000L\344\000\226-\270\3118\000e\001\000\000\000\000\300D\016`\335\202\233\344\0030\026\000\000\000\000\000L\344\000\r.\270\211:\214\205\\\200\001\000\000\000\000L\344\000M.\270I;\214\205\\\200\001\000\006\000\000\000\0239@\243\013n\002\017c!\027`\000\200\002\000\000\300D\016\320\354\202\233\314\303X\310\005\030\000\340\000\000\0000\221\0034\274\340&\3660\026r\001\006\000H\000\000\000\314P\304\211\234\314\t\235\324\311D\016\320\370\202\233\260BY\310\005\030\000\000\000\000\300D\016\320\374\202\233\274BY\310\005\030\000`\000\000\0000\221\0034\340\340&\262P\026r\001\006\000(\000\000\000L\344\000M8\270I-\224\205\\\200\001\000\016\000\000\000\0239@#\016n\202\013e!\027`\000\200\004\000\000\300D\016\320\214\203\233\354BY\310\005\030\000`\001\000\0000\221\0034\344\340&\276P\026r\001\006\000h\000\000\000L\344\000\2269\270I)\000d\001\000\000\000\000\300D\016\320\224\203\233\204CY\370\tx\000\340\001\000\0000\003r'x\222'z\262'|\322'\1772\221\0034\347\340&o@\026r\001\006\000\000\000\0000\221\0034\350\340&r@\026r\001\006\000\030\000\000\000L\344\000M:\270I\035\220\205\\\200\001\000\n\000\000\000\0239@\243\016n\202\007d!\027`\000\200\003\000\000\300D\016\320\254\203\233\354\001Y\310\005\030\000 \001\000\0000\221\0034\354\340&~@\026r\001\006\000X\000\000\000L\344\000M;\270I(\220\205\\\200\001\000\032\000\000\0003\034\241\"*\243B*\245b*\2472C\020\0173\f\360\220*71\303\300\006\252r\023\003\025\200<\b\0000\221\003X\364p\026l\000\270\005\000\000\000\000\0003\b\255\"\0273\021\002\340*\300\f\300T\224\301*\363\000\260\212y\275\n\000@\000\210\000\000\000+\000\000\000\0239\300\003\000\000\360&`\000\000\000\000\0003\b\255\"+3\021\0020+\300T\224\341&\365\000\270\211\217\016\264\002\000\020\000\"\000\000\300\n\000\000\300@\005`\017\002\000LE\031\266r\017\200\255\324A\233\000\000\004\200\b\000\000\260\002\000\0000\221\003<\000\000\000p\002\006\000\000\000\0000\303\320*\270\"\0273\021\002\220+\300T\224\341&\370\000\270\311\217\016\272\002\000\020\000\"\000\000\300\n\000\000\300@\005\220\017\002\000\314\020\264\312L\204\000\364\n0\025e\360\212>\000\274\222B\276\002\000\020\000\"\000\000\300\n\000\000\300@\005\260\017\002\000LE\031\340\302\017\000\270\234A\233\000\000\004\200\b\000\000\260\002\000\0000P\001\364\203\000\000SQ\206\270\370\003 .i\320&\000\000\001 \002\000\000\254\000\000\000\fT\000\377 \000\300T\224A. \001\220\313\032\264\t\000@\000\210\000\000\000+\000\000\000SQ\006\271\204\004@.l\320&\000\000\001 \002\000\000\254\000\000\000\fT\000\"!\000\300T\224q.#\001\234K\034\264\t\000@\000\210\000\000\000+\000\000\000\003\025\000I\b\0000\025e\244KI\000\351\222\006m\002\000\020\000\"\000\000\300\n\000\000\300@\005`\022\002\000LE\031\353r\022\300\272\244A\233\000\000\004\200\b\000\000\260\002\000\0000\025e\234\013J\000\347\362\006m\002\000\020\000\"\000\000\300\n\000\000\300T\224q.)\001\234\013\034\264\t\000@\000\210\000\000\000+\000\000\000SQ\306\271\250\004p.r\320&\000\000\001 \002\000\000\254\000\000\000\fT\000+!\000\300T\224\001/,\001\300K\032\264\t\000@\000\210\000\000\000+\000\000\000W\036\000\307q\234\030\210\201\030\210\201\030\210\001\307q\034'\006b \006b \006\260\301\026\252\241\032\252\341\006n\000\nh\200\006h\200\006\240\300\026\234\033\230\202=\270\201=\300\003\032\300\003<\210\004J\240\004J\240\004J\330\003<\320\001g\026(\201\022(\201\022(\201\022(\201\022t\300\231\005J\270\204K\320\001g\026.A\007\234Y\270\204Y\270\004M\260\210)\360\003.\230\002?\340\002+\360\003.\260\002?\340\002.\230\002?\340\002.\260\002?\340\002?\340\002?\340\002?\340\002?\340\002?\340\002?\340\002?\340\002?\340\002?\340\002?\340\002?\340\002?\340\002?\340\002?\340\002?\340\002?\340\002?\340\002?\340\002?\340\002?\340\002\035\360\003.\360\003.\260\002?\340\002\311\320\001\035\320\001\035\320\001\035\320\201E\007\226\033\320\001?\360\003J\270\204K\270\204K\260\002J\270\204K\270\204K\270\204K\360\203K\300\003J\270\204K\270\204K\270\204K\220\003G\007t@\007\374\200\006n\000\311\005<\240\201\033\340\005\035\310\005<\320\201\033\340\005\035pn \027t \027t \027t \027rA\007rA\007rA\007r!\027r!\027t #\201\t\312\205\215\315\256\315\205L\354\314e\254n\224 ,2bc\263ksi{#\253c+s1c\013;\233\033\345\020\2231!\22321\2233A\223T\330\330\354\332\\\322\310\312\334\350F\t\322d\310` \000X\0312\030\n\200V\206\f\006\003\260\225!\203\341\000te\310`P\000_\0312\030\026\000\\\206\f\006\006\020\227!\203\241\001\310e\310`p\200r\0312\030\036\340\\\206\f\006\bH\227!\203!\002\326e\310`\220\000v\0312\030&\240]\206\f\006\np\227!\203\241\002\340\005\000\000\000\251\030\000\000/\000\000\000\013\nr(\207w\200\007zXp\230C=\270\3038\260C9\320\303\202\346\034\306\241\r\350A\036\302\301\035\346!\035\350!\035\336\301\035\026(\342P\016\346\360\016\362P\016\351\340\016\363@\017\013\222p0\007z(\007yH\007w\230\007zX\320\214\2039\234C=\204\203<\220\003=\204\203<\234C9\320\303\002\006\036\344\241\034\302\201\035\330\341\035\306!\034\350\241\034\310a\301q\016\343\320\006\354\220\016\366P\016\013\254q`\207pp\207sp\203p\220\207qp\203p\240\007z\b\207q@\207r \207q\b\007v`\207\005\007<\320\203<\204C=\320\003:, \326a\034\314!\035\000\000\000\000\321\020\000\000\006\000\000\000\007\314<\244\203;\234\003;\224\003=\240\203<\224C8\220\303\001\000\000\000a \000\0006\001\000\000\023\004E,\020\000\000\000\006\000\000\000tF\000\b\025C\241\024Q\001\022\024`@\251\006\224ByP\032\001\000\000\3610\000\000]\000\000\000\"G\310\220Q\022\304+\000\000\000\000\322\025E\000SystemClock_Config_Z18SystemClock_ConfigvRCC_OscInitStructRCC_ClkInitStruct\000\023\204\341\233 \f`\260\212:\326D^\346eM\2266Y\000\f\000Q\020\004!\261\000\200\177\001\000\000\230U\004\370\262&a\220\314*\202|Y\2230\320\203YE\200/k\322\006\311\254\"\330\2275i\203V\030\247\b\370B/k\302\274\t\000\000\3008E\300\227zY\223\006N\000\000\0006\b\375\342/\353\002c\303\343\016\253r\023\253\362\022\253\202\023\253\322\022\253\222\023\253\242\023\253\262\023\033\242wX\225\233X\225\227X\025\234X\225\226X\225\234X\025\235X\225\235\b\031{\3310\210\314\252\334\304\206AdV\245%6\f\"\263*9\261a\020\231U\331\211\r\203\310\254\212\275l\030DfU\356e\303 2\253\302\023\033\006\221Y\225\236\3300\210\314\252\370\304\206AdV\345'6\f\"\263*`\261a\351\205U\271\211Uy\211U\301\211Ui\211U\311\211\r\203\313\254\312Ml\030\\fU^b\303\3402\253\202\023\033\006\227Y\225\226\3300\270\314\252\344\304\004\001\370\203\t\002\000\n\0003\021\0202\007\2430\023\021!s0\n#\006F\002\202`@\200\302&\314\030\024L\201/\0000bp\000 \b\006\306\037\270\365\377\377\377P\332\377\377\377\203h\377\377\377\0173\006\005\203\341\013\000\364#\b\321\204\0010b\200( \b\006\312\037\004\315BL\030\000#\006F\002\202`@\204B\031\b3\006ES\340\013\000\214\030\034\000\b\202\201\001\nn\375\377\377?\224\366\377\377\3770\332\377\377\377\303\214A\321`\370\002\000#\006\305\022\202`\260\370\2013cPD\005\276\000\300\260\001A,\0030cPXf\200/\000\320\341@<\321\214Aq]\370\002\000\303\006D\260\f\300\214Aq\201\001\276\000@\207C\001Q3\006\005v\341\013\000\f\033\020\3012\0003\006\005\266\006\370\002\000\035\016F\364\314\030\024\331\205/\0000l@\004\323\000\314\030\024\231\030\340\013\000t8\034\3225cPh\027\276\000\300\260\001\021X\0030cPhd\200/\000\320!\201L\0305cPl\033\276\000\300\260\001\021\\\0030cPle\200/\000\320!\221P\3315cPp\033\276\000\300\260\001\021d\0030cPp`\200/\000\320!\241T\3325cPt\033\276\000\300\260\001\021<\0030cPt`\200/\000\320!\261X\2336cPx\033\276\000\300\260\001\021h\0030cPx`\200/\000\320!\301\\\3343cP|\033\276\000\300\260\001\021l\0030cP|`\200/\000\320!\321`\2355cP\200\301\206/\0000l@\004\334\000\314\030\024`\000\006\370\002\000#\006\005\003\202`\300\240\2023cP\204A\222/\0000\334\020d`0cP\204\301\033\344\013\000\3142\bA0cP\204A\202/\0000b@4 \b\006B*\314\030\024b\220\350\013\000\314\022\b3\006\305\030\024\372\002\000\303\006\304#\r\300\214Aq\006a\200/\000\320\343\360l\334\214A\201\006\027\276\000\300\260\001\021x\0030cP\240\001\031\340\013\000\3648@\3347cP\244\301\205/\0000l@\004\335\000\314\030\024iP\006\370\002\000=\016Q\367\315\030\024jp\341\013\000\f\033\020\2017\0003\006\205\032\230\001\276\000@\217\203\344\211\301\214A\261\006\027\276\000\300\260\001\021|\0030cP\254\201\031\340\013\000\214\030\030\016\b\202A\303\n\323\030\314\030\024m\220\354\013\000\f7\004\037\030\314\030\024m \n\373\002\000\263\f\304\020\314\030\024m\220\340\013\000\214\030\020\r\b\202\201\360\n3\006\205\033$\374\002\000\263\004\304\214A\361\006\005\277\000\300\210\201\221\200 \030\020\255\200\007\325\214A\001\007\001\276\000\300\210\201\221\200 \030\020\255\360\006\326\204\001\240\023\006@@\f\000\000\026\000\000\000[\004\340^\266\fI 2[\206%\030\231-C\023\220\314\226\341\tJf\313\020\005&\263e\230\202\223\3312T\001\312l\031\256 e\266\fY\2402[\206-X\231-C\027\260\314\226a\f\002\227\3312\224A\3602[\2063\b`f\313\220\006A\314l\031\326 \220\031\000\000\000\000\000\000a \000\000\177\000\000\000\023\004A,\020\000\000\000\004\000\000\000\204*w\031\377\177\240\000\201\007\b\230\242\032\000\000\3610\000\0000\000\000\000\"G\310\220Q\n\304\031\000\000\000\000\017\005\000\000MXGeneratedInit_Z15MXGeneratedInitv\000\023\204\301\f&\b\303\031L\020\0064\230 \fi0A\030\324`\2020\254\301\004a`\203\t\302\320\006\023\204\301\rVQ\307\232\310\313\274\254\211\034\264\211\034\000\030\000\242 \bBb\001\000\260\002\000\000\260a\r\314`UnbU^bUpbUZbUrbUtBUvbUxbUzbU|bU~bU\300bU\350eU\352EU\354eU\356eU\360EU\362EU\364EU\366eU\370e\303\340/\253\302\023\000\000\024\2409cP\314\001\324/\000p\301\260\023\006\300\260\0011\004C0a\000\214\030\020O\b\202\201\003\0073\006\005\035\024\375\002\000#\006\004\020\202` \354\301\214AQ\007E\277\000\300\210\001\321\204 \030\bp0cP\330A\321/\0000b@4!\b\006\302\033\314\030\024wP\364\013\000\214\030\020M\b\202\201\340\0063\006\005\036\024\375\002\000#\006D\023\202` \264\301\214A\221\007E\277\000\300\210\001\321\204 \030\bl0cP\350A\321/\0000b@4!\b\006\302\032\314\030\024{P\364\013\000\214\030\020M\b\202\201\240\0063\006\005\037\024\375\002\000#\006D\023\202` \244\301\214A\321\007E\277\000\300\210\001\321\204 \030\bh0cP\370A\321/\0000b@4!\b\006\302\031\314\030\024\177P\364\013\000\214\030\020M\b\202\201`\0063\006\005(\024\375\002\000:cP\204B\320/\000\020\020\003\000\000\000\004\000\000\000[\004\200_\266\f@\340/[\006!\360\027\000\000\000\000\000\000q \000\000\003\000\000\0002\016\020\"\204\000\273\022\2300O\001\000\000\000\000e\f\000\000\235\000\000\000\022\003\224\350\004\000\000\000\003\000\000\000]\001\000\000\t\000\000\000L\000\000\000\001\000\000\000X\000\000\000\000\000\000\000X\000\000\000\026\000\000\000h\002\000\000\000\000\000\000f\001\000\000\031\000\000\000\177\001\000\000\027\000\000\000\027\000\000\000\000\000\000\000h\002\000\000\000\000\000\000\000\000\000\000\026\000\000\000\000\000\000\000\000\000\000\000\027\000\000\000\000\000\000\000\027\000\000\000\377\377\377\377\001$\000\000\027\000\000\000\026\000\000\000\027\000\000\000\026\000\000\000\377\377\377\377\b,\000\000-\000\000\000\020\000\000\000-\000\000\000\020\000\000\000\377\377\377\377\b,\000\000=\000\000\000\022\000\000\000=\000\000\000\022\000\000\000\377\377\377\377\b,\000\000O\000\000\000\037\000\000\000O\000\000\000\037\000\000\000\377\377\377\377\b$\000\000n\000\000\000\021\000\000\000n\000\000\000\021\000\000\000\377\377\377\377\b$\000\000\177\000\000\000\r\000\000\000\177\000\000\000\r\000\000\000\377\377\377\377\b$\000\000\214\000\000\000\023\000\000\000\214\000\000\000\023\000\000\000\377\377\377\377\b$\000\000\237\000\000\000\024\000\000\000\237\000\000\000\024\000\000\000\377\377\377\377\b,\000\000\263\000\000\000\024\000\000\000\263\000\000\000\024\000\000\000\377\377\377\377\001$\000\000\307\000\000\000\b\000\000\000\307\000\000\000\b\000\000\000\377\377\377\377\b$\000\000\317\000\000\000\f\000\000\000\317\000\000\000\f\000\000\000\377\377\377\377\b$\000\000\333\000\000\000\013\000\000\000\333\000\000\000\013\000\000\000\377\377\377\377\b$\000\000\346\000\000\000\f\000\000\000\346\000\000\000\f\000\000\000\377\377\377\377\b$\000\000\362\000\000\000\f\000\000\000\362\000\000\000\f\000\000\000\377\377\377\377\b$\000\000\376\000\000\000\r\000\000\000\376\000\000\000\r\000\000\000\377\377\377\377\b$\000\000\013\001\000\000\023\000\000\000\013\001\000\000\023\000\000\000\377\377\377\377\b$\000\000\036\001\000\000\017\000\000\000\036\001\000\000\017\000\000\000\377\377\377\377\b$\000\000-\001\000\000\f\000\000\000-\001\000\000\f\000\000\000\377\377\377\377\b$\000\0009\001\000\000\f\000\000\0009\001\000\000\f\000\000\000\377\377\377\377\b$\000\000E\001\000\000\r\000\000\000E\001\000\000\r\000\000\000\377\377\377\377\b$\000\000R\001\000\000\013\000\000\000R\001\000\000\013\000\000\000\377\377\377\377\b$\000\000\000\000\000\000]\f\000\000i\000\000\000\022\003\2246\003\000\000\000_Z18SystemClock_Configvllvm.lifetime.start.p0llvm.dbg.declarellvm.memset.p0.i32HAL_PWREx_ControlVoltageScalingHAL_RCC_OscConfigError_HandlerHAL_RCC_ClockConfigllvm.lifetime.end.p0_Z15MXGeneratedInitvHAL_InitMX_GPIO_InitMX_DMA_InitMX_SPI2_InitMX_SPI3_InitMX_TIM15_InitMX_USART1_UART_InitMX_USB_PCD_InitMX_TIM2_InitMX_TIM3_InitMX_TIM17_InitMX_RTC_Init16.0.0gitthumbv7em-arm-none-eabihfBSP/MXGeneratedInit.cpp\000\000\000\000\000"
	.size	.Lllvm.embedded.module, 12304

	.section	.debug_abbrev,"",%progbits
	.byte	1                               @ Abbreviation Code
	.byte	17                              @ DW_TAG_compile_unit
	.byte	1                               @ DW_CHILDREN_yes
	.byte	37                              @ DW_AT_producer
	.byte	14                              @ DW_FORM_strp
	.byte	19                              @ DW_AT_language
	.byte	5                               @ DW_FORM_data2
	.byte	3                               @ DW_AT_name
	.byte	14                              @ DW_FORM_strp
	.byte	16                              @ DW_AT_stmt_list
	.byte	23                              @ DW_FORM_sec_offset
	.byte	27                              @ DW_AT_comp_dir
	.byte	14                              @ DW_FORM_strp
	.byte	0                               @ EOM(1)
	.byte	0                               @ EOM(2)
	.byte	2                               @ Abbreviation Code
	.byte	4                               @ DW_TAG_enumeration_type
	.byte	1                               @ DW_CHILDREN_yes
	.byte	73                              @ DW_AT_type
	.byte	19                              @ DW_FORM_ref4
	.byte	11                              @ DW_AT_byte_size
	.byte	11                              @ DW_FORM_data1
	.byte	58                              @ DW_AT_decl_file
	.byte	11                              @ DW_FORM_data1
	.byte	59                              @ DW_AT_decl_line
	.byte	11                              @ DW_FORM_data1
	.byte	0                               @ EOM(1)
	.byte	0                               @ EOM(2)
	.byte	3                               @ Abbreviation Code
	.byte	40                              @ DW_TAG_enumerator
	.byte	0                               @ DW_CHILDREN_no
	.byte	3                               @ DW_AT_name
	.byte	14                              @ DW_FORM_strp
	.byte	28                              @ DW_AT_const_value
	.byte	15                              @ DW_FORM_udata
	.byte	0                               @ EOM(1)
	.byte	0                               @ EOM(2)
	.byte	4                               @ Abbreviation Code
	.byte	36                              @ DW_TAG_base_type
	.byte	0                               @ DW_CHILDREN_no
	.byte	3                               @ DW_AT_name
	.byte	14                              @ DW_FORM_strp
	.byte	62                              @ DW_AT_encoding
	.byte	11                              @ DW_FORM_data1
	.byte	11                              @ DW_AT_byte_size
	.byte	11                              @ DW_FORM_data1
	.byte	0                               @ EOM(1)
	.byte	0                               @ EOM(2)
	.byte	5                               @ Abbreviation Code
	.byte	22                              @ DW_TAG_typedef
	.byte	0                               @ DW_CHILDREN_no
	.byte	73                              @ DW_AT_type
	.byte	19                              @ DW_FORM_ref4
	.byte	3                               @ DW_AT_name
	.byte	14                              @ DW_FORM_strp
	.byte	58                              @ DW_AT_decl_file
	.byte	11                              @ DW_FORM_data1
	.byte	59                              @ DW_AT_decl_line
	.byte	11                              @ DW_FORM_data1
	.byte	0                               @ EOM(1)
	.byte	0                               @ EOM(2)
	.byte	6                               @ Abbreviation Code
	.byte	15                              @ DW_TAG_pointer_type
	.byte	0                               @ DW_CHILDREN_no
	.byte	73                              @ DW_AT_type
	.byte	19                              @ DW_FORM_ref4
	.byte	0                               @ EOM(1)
	.byte	0                               @ EOM(2)
	.byte	7                               @ Abbreviation Code
	.byte	22                              @ DW_TAG_typedef
	.byte	0                               @ DW_CHILDREN_no
	.byte	73                              @ DW_AT_type
	.byte	19                              @ DW_FORM_ref4
	.byte	3                               @ DW_AT_name
	.byte	14                              @ DW_FORM_strp
	.byte	58                              @ DW_AT_decl_file
	.byte	11                              @ DW_FORM_data1
	.byte	59                              @ DW_AT_decl_line
	.byte	5                               @ DW_FORM_data2
	.byte	0                               @ EOM(1)
	.byte	0                               @ EOM(2)
	.byte	8                               @ Abbreviation Code
	.byte	19                              @ DW_TAG_structure_type
	.byte	1                               @ DW_CHILDREN_yes
	.byte	54                              @ DW_AT_calling_convention
	.byte	11                              @ DW_FORM_data1
	.byte	11                              @ DW_AT_byte_size
	.byte	11                              @ DW_FORM_data1
	.byte	58                              @ DW_AT_decl_file
	.byte	11                              @ DW_FORM_data1
	.byte	59                              @ DW_AT_decl_line
	.byte	5                               @ DW_FORM_data2
	.byte	0                               @ EOM(1)
	.byte	0                               @ EOM(2)
	.byte	9                               @ Abbreviation Code
	.byte	13                              @ DW_TAG_member
	.byte	0                               @ DW_CHILDREN_no
	.byte	3                               @ DW_AT_name
	.byte	14                              @ DW_FORM_strp
	.byte	73                              @ DW_AT_type
	.byte	19                              @ DW_FORM_ref4
	.byte	58                              @ DW_AT_decl_file
	.byte	11                              @ DW_FORM_data1
	.byte	59                              @ DW_AT_decl_line
	.byte	5                               @ DW_FORM_data2
	.byte	56                              @ DW_AT_data_member_location
	.byte	11                              @ DW_FORM_data1
	.byte	0                               @ EOM(1)
	.byte	0                               @ EOM(2)
	.byte	10                              @ Abbreviation Code
	.byte	38                              @ DW_TAG_const_type
	.byte	0                               @ DW_CHILDREN_no
	.byte	73                              @ DW_AT_type
	.byte	19                              @ DW_FORM_ref4
	.byte	0                               @ EOM(1)
	.byte	0                               @ EOM(2)
	.byte	11                              @ Abbreviation Code
	.byte	53                              @ DW_TAG_volatile_type
	.byte	0                               @ DW_CHILDREN_no
	.byte	73                              @ DW_AT_type
	.byte	19                              @ DW_FORM_ref4
	.byte	0                               @ EOM(1)
	.byte	0                               @ EOM(2)
	.byte	12                              @ Abbreviation Code
	.byte	1                               @ DW_TAG_array_type
	.byte	1                               @ DW_CHILDREN_yes
	.byte	73                              @ DW_AT_type
	.byte	19                              @ DW_FORM_ref4
	.byte	0                               @ EOM(1)
	.byte	0                               @ EOM(2)
	.byte	13                              @ Abbreviation Code
	.byte	33                              @ DW_TAG_subrange_type
	.byte	0                               @ DW_CHILDREN_no
	.byte	73                              @ DW_AT_type
	.byte	19                              @ DW_FORM_ref4
	.byte	55                              @ DW_AT_count
	.byte	11                              @ DW_FORM_data1
	.byte	0                               @ EOM(1)
	.byte	0                               @ EOM(2)
	.byte	14                              @ Abbreviation Code
	.byte	36                              @ DW_TAG_base_type
	.byte	0                               @ DW_CHILDREN_no
	.byte	3                               @ DW_AT_name
	.byte	14                              @ DW_FORM_strp
	.byte	11                              @ DW_AT_byte_size
	.byte	11                              @ DW_FORM_data1
	.byte	62                              @ DW_AT_encoding
	.byte	11                              @ DW_FORM_data1
	.byte	0                               @ EOM(1)
	.byte	0                               @ EOM(2)
	.byte	15                              @ Abbreviation Code
	.byte	8                               @ DW_TAG_imported_declaration
	.byte	0                               @ DW_CHILDREN_no
	.byte	58                              @ DW_AT_decl_file
	.byte	11                              @ DW_FORM_data1
	.byte	59                              @ DW_AT_decl_line
	.byte	5                               @ DW_FORM_data2
	.byte	24                              @ DW_AT_import
	.byte	19                              @ DW_FORM_ref4
	.byte	0                               @ EOM(1)
	.byte	0                               @ EOM(2)
	.byte	16                              @ Abbreviation Code
	.byte	8                               @ DW_TAG_imported_declaration
	.byte	0                               @ DW_CHILDREN_no
	.byte	58                              @ DW_AT_decl_file
	.byte	11                              @ DW_FORM_data1
	.byte	59                              @ DW_AT_decl_line
	.byte	11                              @ DW_FORM_data1
	.byte	24                              @ DW_AT_import
	.byte	19                              @ DW_FORM_ref4
	.byte	0                               @ EOM(1)
	.byte	0                               @ EOM(2)
	.byte	0                               @ EOM(3)
	.section	.debug_info,"",%progbits
.Lcu_begin0:
	.long	.Ldebug_info_end0-.Ldebug_info_start0 @ Length of Unit
.Ldebug_info_start0:
	.short	4                               @ DWARF version number
	.long	.debug_abbrev                   @ Offset Into Abbrev. Section
	.byte	4                               @ Address Size (in bytes)
	.byte	1                               @ Abbrev [1] 0xb:0x439 DW_TAG_compile_unit
	.long	.Linfo_string0                  @ DW_AT_producer
	.short	26                              @ DW_AT_language
	.long	.Linfo_string1                  @ DW_AT_name
	.long	.Lline_table_start0             @ DW_AT_stmt_list
	.long	.Linfo_string2                  @ DW_AT_comp_dir
	.byte	2                               @ Abbrev [2] 0x1e:0x21 DW_TAG_enumeration_type
	.long	63                              @ DW_AT_type
	.byte	1                               @ DW_AT_byte_size
	.byte	1                               @ DW_AT_decl_file
	.byte	38                              @ DW_AT_decl_line
	.byte	3                               @ Abbrev [3] 0x26:0x6 DW_TAG_enumerator
	.long	.Linfo_string4                  @ DW_AT_name
	.byte	0                               @ DW_AT_const_value
	.byte	3                               @ Abbrev [3] 0x2c:0x6 DW_TAG_enumerator
	.long	.Linfo_string5                  @ DW_AT_name
	.byte	1                               @ DW_AT_const_value
	.byte	3                               @ Abbrev [3] 0x32:0x6 DW_TAG_enumerator
	.long	.Linfo_string6                  @ DW_AT_name
	.byte	2                               @ DW_AT_const_value
	.byte	3                               @ Abbrev [3] 0x38:0x6 DW_TAG_enumerator
	.long	.Linfo_string7                  @ DW_AT_name
	.byte	3                               @ DW_AT_const_value
	.byte	0                               @ End Of Children Mark
	.byte	4                               @ Abbrev [4] 0x3f:0x7 DW_TAG_base_type
	.long	.Linfo_string3                  @ DW_AT_name
	.byte	8                               @ DW_AT_encoding
	.byte	1                               @ DW_AT_byte_size
	.byte	5                               @ Abbrev [5] 0x46:0xb DW_TAG_typedef
	.long	81                              @ DW_AT_type
	.long	.Linfo_string9                  @ DW_AT_name
	.byte	2                               @ DW_AT_decl_file
	.byte	64                              @ DW_AT_decl_line
	.byte	4                               @ Abbrev [4] 0x51:0x7 DW_TAG_base_type
	.long	.Linfo_string8                  @ DW_AT_name
	.byte	7                               @ DW_AT_encoding
	.byte	4                               @ DW_AT_byte_size
	.byte	6                               @ Abbrev [6] 0x58:0x5 DW_TAG_pointer_type
	.long	93                              @ DW_AT_type
	.byte	7                               @ Abbrev [7] 0x5d:0xc DW_TAG_typedef
	.long	105                             @ DW_AT_type
	.long	.Linfo_string33                 @ DW_AT_name
	.byte	3                               @ DW_AT_decl_file
	.short	463                             @ DW_AT_decl_line
	.byte	8                               @ Abbrev [8] 0x69:0x118 DW_TAG_structure_type
	.byte	5                               @ DW_AT_calling_convention
	.byte	140                             @ DW_AT_byte_size
	.byte	3                               @ DW_AT_decl_file
	.short	440                             @ DW_AT_decl_line
	.byte	9                               @ Abbrev [9] 0x6f:0xd DW_TAG_member
	.long	.Linfo_string10                 @ DW_AT_name
	.long	385                             @ DW_AT_type
	.byte	3                               @ DW_AT_decl_file
	.short	442                             @ DW_AT_decl_line
	.byte	0                               @ DW_AT_data_member_location
	.byte	9                               @ Abbrev [9] 0x7c:0xd DW_TAG_member
	.long	.Linfo_string11                 @ DW_AT_name
	.long	390                             @ DW_AT_type
	.byte	3                               @ DW_AT_decl_file
	.short	443                             @ DW_AT_decl_line
	.byte	4                               @ DW_AT_data_member_location
	.byte	9                               @ Abbrev [9] 0x89:0xd DW_TAG_member
	.long	.Linfo_string12                 @ DW_AT_name
	.long	390                             @ DW_AT_type
	.byte	3                               @ DW_AT_decl_file
	.short	444                             @ DW_AT_decl_line
	.byte	8                               @ DW_AT_data_member_location
	.byte	9                               @ Abbrev [9] 0x96:0xd DW_TAG_member
	.long	.Linfo_string13                 @ DW_AT_name
	.long	390                             @ DW_AT_type
	.byte	3                               @ DW_AT_decl_file
	.short	445                             @ DW_AT_decl_line
	.byte	12                              @ DW_AT_data_member_location
	.byte	9                               @ Abbrev [9] 0xa3:0xd DW_TAG_member
	.long	.Linfo_string14                 @ DW_AT_name
	.long	390                             @ DW_AT_type
	.byte	3                               @ DW_AT_decl_file
	.short	446                             @ DW_AT_decl_line
	.byte	16                              @ DW_AT_data_member_location
	.byte	9                               @ Abbrev [9] 0xb0:0xd DW_TAG_member
	.long	.Linfo_string15                 @ DW_AT_name
	.long	390                             @ DW_AT_type
	.byte	3                               @ DW_AT_decl_file
	.short	447                             @ DW_AT_decl_line
	.byte	20                              @ DW_AT_data_member_location
	.byte	9                               @ Abbrev [9] 0xbd:0xd DW_TAG_member
	.long	.Linfo_string16                 @ DW_AT_name
	.long	395                             @ DW_AT_type
	.byte	3                               @ DW_AT_decl_file
	.short	448                             @ DW_AT_decl_line
	.byte	24                              @ DW_AT_data_member_location
	.byte	9                               @ Abbrev [9] 0xca:0xd DW_TAG_member
	.long	.Linfo_string19                 @ DW_AT_name
	.long	390                             @ DW_AT_type
	.byte	3                               @ DW_AT_decl_file
	.short	449                             @ DW_AT_decl_line
	.byte	36                              @ DW_AT_data_member_location
	.byte	9                               @ Abbrev [9] 0xd7:0xd DW_TAG_member
	.long	.Linfo_string20                 @ DW_AT_name
	.long	390                             @ DW_AT_type
	.byte	3                               @ DW_AT_decl_file
	.short	450                             @ DW_AT_decl_line
	.byte	40                              @ DW_AT_data_member_location
	.byte	9                               @ Abbrev [9] 0xe4:0xd DW_TAG_member
	.long	.Linfo_string21                 @ DW_AT_name
	.long	390                             @ DW_AT_type
	.byte	3                               @ DW_AT_decl_file
	.short	451                             @ DW_AT_decl_line
	.byte	44                              @ DW_AT_data_member_location
	.byte	9                               @ Abbrev [9] 0xf1:0xd DW_TAG_member
	.long	.Linfo_string22                 @ DW_AT_name
	.long	390                             @ DW_AT_type
	.byte	3                               @ DW_AT_decl_file
	.short	452                             @ DW_AT_decl_line
	.byte	48                              @ DW_AT_data_member_location
	.byte	9                               @ Abbrev [9] 0xfe:0xd DW_TAG_member
	.long	.Linfo_string23                 @ DW_AT_name
	.long	390                             @ DW_AT_type
	.byte	3                               @ DW_AT_decl_file
	.short	453                             @ DW_AT_decl_line
	.byte	52                              @ DW_AT_data_member_location
	.byte	9                               @ Abbrev [9] 0x10b:0xd DW_TAG_member
	.long	.Linfo_string24                 @ DW_AT_name
	.long	390                             @ DW_AT_type
	.byte	3                               @ DW_AT_decl_file
	.short	454                             @ DW_AT_decl_line
	.byte	56                              @ DW_AT_data_member_location
	.byte	9                               @ Abbrev [9] 0x118:0xd DW_TAG_member
	.long	.Linfo_string25                 @ DW_AT_name
	.long	390                             @ DW_AT_type
	.byte	3                               @ DW_AT_decl_file
	.short	455                             @ DW_AT_decl_line
	.byte	60                              @ DW_AT_data_member_location
	.byte	9                               @ Abbrev [9] 0x125:0xd DW_TAG_member
	.long	.Linfo_string26                 @ DW_AT_name
	.long	430                             @ DW_AT_type
	.byte	3                               @ DW_AT_decl_file
	.short	456                             @ DW_AT_decl_line
	.byte	64                              @ DW_AT_data_member_location
	.byte	9                               @ Abbrev [9] 0x132:0xd DW_TAG_member
	.long	.Linfo_string27                 @ DW_AT_name
	.long	385                             @ DW_AT_type
	.byte	3                               @ DW_AT_decl_file
	.short	457                             @ DW_AT_decl_line
	.byte	72                              @ DW_AT_data_member_location
	.byte	9                               @ Abbrev [9] 0x13f:0xd DW_TAG_member
	.long	.Linfo_string28                 @ DW_AT_name
	.long	385                             @ DW_AT_type
	.byte	3                               @ DW_AT_decl_file
	.short	458                             @ DW_AT_decl_line
	.byte	76                              @ DW_AT_data_member_location
	.byte	9                               @ Abbrev [9] 0x14c:0xd DW_TAG_member
	.long	.Linfo_string29                 @ DW_AT_name
	.long	442                             @ DW_AT_type
	.byte	3                               @ DW_AT_decl_file
	.short	459                             @ DW_AT_decl_line
	.byte	80                              @ DW_AT_data_member_location
	.byte	9                               @ Abbrev [9] 0x159:0xd DW_TAG_member
	.long	.Linfo_string30                 @ DW_AT_name
	.long	454                             @ DW_AT_type
	.byte	3                               @ DW_AT_decl_file
	.short	460                             @ DW_AT_decl_line
	.byte	96                              @ DW_AT_data_member_location
	.byte	9                               @ Abbrev [9] 0x166:0xd DW_TAG_member
	.long	.Linfo_string31                 @ DW_AT_name
	.long	466                             @ DW_AT_type
	.byte	3                               @ DW_AT_decl_file
	.short	461                             @ DW_AT_decl_line
	.byte	116                             @ DW_AT_data_member_location
	.byte	9                               @ Abbrev [9] 0x173:0xd DW_TAG_member
	.long	.Linfo_string32                 @ DW_AT_name
	.long	390                             @ DW_AT_type
	.byte	3                               @ DW_AT_decl_file
	.short	462                             @ DW_AT_decl_line
	.byte	136                             @ DW_AT_data_member_location
	.byte	0                               @ End Of Children Mark
	.byte	10                              @ Abbrev [10] 0x181:0x5 DW_TAG_const_type
	.long	390                             @ DW_AT_type
	.byte	11                              @ Abbrev [11] 0x186:0x5 DW_TAG_volatile_type
	.long	70                              @ DW_AT_type
	.byte	12                              @ Abbrev [12] 0x18b:0xc DW_TAG_array_type
	.long	407                             @ DW_AT_type
	.byte	13                              @ Abbrev [13] 0x190:0x6 DW_TAG_subrange_type
	.long	423                             @ DW_AT_type
	.byte	12                              @ DW_AT_count
	.byte	0                               @ End Of Children Mark
	.byte	11                              @ Abbrev [11] 0x197:0x5 DW_TAG_volatile_type
	.long	412                             @ DW_AT_type
	.byte	5                               @ Abbrev [5] 0x19c:0xb DW_TAG_typedef
	.long	63                              @ DW_AT_type
	.long	.Linfo_string17                 @ DW_AT_name
	.byte	2                               @ DW_AT_decl_file
	.byte	62                              @ DW_AT_decl_line
	.byte	14                              @ Abbrev [14] 0x1a7:0x7 DW_TAG_base_type
	.long	.Linfo_string18                 @ DW_AT_name
	.byte	8                               @ DW_AT_byte_size
	.byte	7                               @ DW_AT_encoding
	.byte	12                              @ Abbrev [12] 0x1ae:0xc DW_TAG_array_type
	.long	385                             @ DW_AT_type
	.byte	13                              @ Abbrev [13] 0x1b3:0x6 DW_TAG_subrange_type
	.long	423                             @ DW_AT_type
	.byte	2                               @ DW_AT_count
	.byte	0                               @ End Of Children Mark
	.byte	12                              @ Abbrev [12] 0x1ba:0xc DW_TAG_array_type
	.long	385                             @ DW_AT_type
	.byte	13                              @ Abbrev [13] 0x1bf:0x6 DW_TAG_subrange_type
	.long	423                             @ DW_AT_type
	.byte	4                               @ DW_AT_count
	.byte	0                               @ End Of Children Mark
	.byte	12                              @ Abbrev [12] 0x1c6:0xc DW_TAG_array_type
	.long	385                             @ DW_AT_type
	.byte	13                              @ Abbrev [13] 0x1cb:0x6 DW_TAG_subrange_type
	.long	423                             @ DW_AT_type
	.byte	5                               @ DW_AT_count
	.byte	0                               @ End Of Children Mark
	.byte	12                              @ Abbrev [12] 0x1d2:0xc DW_TAG_array_type
	.long	70                              @ DW_AT_type
	.byte	13                              @ Abbrev [13] 0x1d7:0x6 DW_TAG_subrange_type
	.long	423                             @ DW_AT_type
	.byte	5                               @ DW_AT_count
	.byte	0                               @ End Of Children Mark
	.byte	5                               @ Abbrev [5] 0x1de:0xb DW_TAG_typedef
	.long	489                             @ DW_AT_type
	.long	.Linfo_string35                 @ DW_AT_name
	.byte	2                               @ DW_AT_decl_file
	.byte	56                              @ DW_AT_decl_line
	.byte	4                               @ Abbrev [4] 0x1e9:0x7 DW_TAG_base_type
	.long	.Linfo_string34                 @ DW_AT_name
	.byte	6                               @ DW_AT_encoding
	.byte	1                               @ DW_AT_byte_size
	.byte	15                              @ Abbrev [15] 0x1f0:0x8 DW_TAG_imported_declaration
	.byte	2                               @ DW_AT_decl_file
	.short	275                             @ DW_AT_decl_line
	.long	478                             @ DW_AT_import
	.byte	5                               @ Abbrev [5] 0x1f8:0xb DW_TAG_typedef
	.long	515                             @ DW_AT_type
	.long	.Linfo_string37                 @ DW_AT_name
	.byte	2                               @ DW_AT_decl_file
	.byte	57                              @ DW_AT_decl_line
	.byte	4                               @ Abbrev [4] 0x203:0x7 DW_TAG_base_type
	.long	.Linfo_string36                 @ DW_AT_name
	.byte	5                               @ DW_AT_encoding
	.byte	2                               @ DW_AT_byte_size
	.byte	15                              @ Abbrev [15] 0x20a:0x8 DW_TAG_imported_declaration
	.byte	2                               @ DW_AT_decl_file
	.short	276                             @ DW_AT_decl_line
	.long	504                             @ DW_AT_import
	.byte	5                               @ Abbrev [5] 0x212:0xb DW_TAG_typedef
	.long	541                             @ DW_AT_type
	.long	.Linfo_string39                 @ DW_AT_name
	.byte	2                               @ DW_AT_decl_file
	.byte	58                              @ DW_AT_decl_line
	.byte	4                               @ Abbrev [4] 0x21d:0x7 DW_TAG_base_type
	.long	.Linfo_string38                 @ DW_AT_name
	.byte	5                               @ DW_AT_encoding
	.byte	4                               @ DW_AT_byte_size
	.byte	15                              @ Abbrev [15] 0x224:0x8 DW_TAG_imported_declaration
	.byte	2                               @ DW_AT_decl_file
	.short	277                             @ DW_AT_decl_line
	.long	530                             @ DW_AT_import
	.byte	5                               @ Abbrev [5] 0x22c:0xb DW_TAG_typedef
	.long	567                             @ DW_AT_type
	.long	.Linfo_string41                 @ DW_AT_name
	.byte	2                               @ DW_AT_decl_file
	.byte	59                              @ DW_AT_decl_line
	.byte	4                               @ Abbrev [4] 0x237:0x7 DW_TAG_base_type
	.long	.Linfo_string40                 @ DW_AT_name
	.byte	5                               @ DW_AT_encoding
	.byte	8                               @ DW_AT_byte_size
	.byte	15                              @ Abbrev [15] 0x23e:0x8 DW_TAG_imported_declaration
	.byte	2                               @ DW_AT_decl_file
	.short	278                             @ DW_AT_decl_line
	.long	556                             @ DW_AT_import
	.byte	15                              @ Abbrev [15] 0x246:0x8 DW_TAG_imported_declaration
	.byte	2                               @ DW_AT_decl_file
	.short	279                             @ DW_AT_decl_line
	.long	412                             @ DW_AT_import
	.byte	5                               @ Abbrev [5] 0x24e:0xb DW_TAG_typedef
	.long	601                             @ DW_AT_type
	.long	.Linfo_string43                 @ DW_AT_name
	.byte	2                               @ DW_AT_decl_file
	.byte	63                              @ DW_AT_decl_line
	.byte	4                               @ Abbrev [4] 0x259:0x7 DW_TAG_base_type
	.long	.Linfo_string42                 @ DW_AT_name
	.byte	7                               @ DW_AT_encoding
	.byte	2                               @ DW_AT_byte_size
	.byte	15                              @ Abbrev [15] 0x260:0x8 DW_TAG_imported_declaration
	.byte	2                               @ DW_AT_decl_file
	.short	280                             @ DW_AT_decl_line
	.long	590                             @ DW_AT_import
	.byte	15                              @ Abbrev [15] 0x268:0x8 DW_TAG_imported_declaration
	.byte	2                               @ DW_AT_decl_file
	.short	281                             @ DW_AT_decl_line
	.long	70                              @ DW_AT_import
	.byte	5                               @ Abbrev [5] 0x270:0xb DW_TAG_typedef
	.long	635                             @ DW_AT_type
	.long	.Linfo_string45                 @ DW_AT_name
	.byte	2                               @ DW_AT_decl_file
	.byte	65                              @ DW_AT_decl_line
	.byte	4                               @ Abbrev [4] 0x27b:0x7 DW_TAG_base_type
	.long	.Linfo_string44                 @ DW_AT_name
	.byte	7                               @ DW_AT_encoding
	.byte	8                               @ DW_AT_byte_size
	.byte	15                              @ Abbrev [15] 0x282:0x8 DW_TAG_imported_declaration
	.byte	2                               @ DW_AT_decl_file
	.short	282                             @ DW_AT_decl_line
	.long	624                             @ DW_AT_import
	.byte	5                               @ Abbrev [5] 0x28a:0xb DW_TAG_typedef
	.long	489                             @ DW_AT_type
	.long	.Linfo_string46                 @ DW_AT_name
	.byte	2                               @ DW_AT_decl_file
	.byte	71                              @ DW_AT_decl_line
	.byte	15                              @ Abbrev [15] 0x295:0x8 DW_TAG_imported_declaration
	.byte	2                               @ DW_AT_decl_file
	.short	283                             @ DW_AT_decl_line
	.long	650                             @ DW_AT_import
	.byte	5                               @ Abbrev [5] 0x29d:0xb DW_TAG_typedef
	.long	515                             @ DW_AT_type
	.long	.Linfo_string47                 @ DW_AT_name
	.byte	2                               @ DW_AT_decl_file
	.byte	72                              @ DW_AT_decl_line
	.byte	15                              @ Abbrev [15] 0x2a8:0x8 DW_TAG_imported_declaration
	.byte	2                               @ DW_AT_decl_file
	.short	284                             @ DW_AT_decl_line
	.long	669                             @ DW_AT_import
	.byte	5                               @ Abbrev [5] 0x2b0:0xb DW_TAG_typedef
	.long	541                             @ DW_AT_type
	.long	.Linfo_string48                 @ DW_AT_name
	.byte	2                               @ DW_AT_decl_file
	.byte	73                              @ DW_AT_decl_line
	.byte	15                              @ Abbrev [15] 0x2bb:0x8 DW_TAG_imported_declaration
	.byte	2                               @ DW_AT_decl_file
	.short	285                             @ DW_AT_decl_line
	.long	688                             @ DW_AT_import
	.byte	5                               @ Abbrev [5] 0x2c3:0xb DW_TAG_typedef
	.long	567                             @ DW_AT_type
	.long	.Linfo_string49                 @ DW_AT_name
	.byte	2                               @ DW_AT_decl_file
	.byte	74                              @ DW_AT_decl_line
	.byte	15                              @ Abbrev [15] 0x2ce:0x8 DW_TAG_imported_declaration
	.byte	2                               @ DW_AT_decl_file
	.short	286                             @ DW_AT_decl_line
	.long	707                             @ DW_AT_import
	.byte	5                               @ Abbrev [5] 0x2d6:0xb DW_TAG_typedef
	.long	63                              @ DW_AT_type
	.long	.Linfo_string50                 @ DW_AT_name
	.byte	2                               @ DW_AT_decl_file
	.byte	77                              @ DW_AT_decl_line
	.byte	15                              @ Abbrev [15] 0x2e1:0x8 DW_TAG_imported_declaration
	.byte	2                               @ DW_AT_decl_file
	.short	287                             @ DW_AT_decl_line
	.long	726                             @ DW_AT_import
	.byte	5                               @ Abbrev [5] 0x2e9:0xb DW_TAG_typedef
	.long	601                             @ DW_AT_type
	.long	.Linfo_string51                 @ DW_AT_name
	.byte	2                               @ DW_AT_decl_file
	.byte	78                              @ DW_AT_decl_line
	.byte	15                              @ Abbrev [15] 0x2f4:0x8 DW_TAG_imported_declaration
	.byte	2                               @ DW_AT_decl_file
	.short	288                             @ DW_AT_decl_line
	.long	745                             @ DW_AT_import
	.byte	5                               @ Abbrev [5] 0x2fc:0xb DW_TAG_typedef
	.long	81                              @ DW_AT_type
	.long	.Linfo_string52                 @ DW_AT_name
	.byte	2                               @ DW_AT_decl_file
	.byte	79                              @ DW_AT_decl_line
	.byte	15                              @ Abbrev [15] 0x307:0x8 DW_TAG_imported_declaration
	.byte	2                               @ DW_AT_decl_file
	.short	289                             @ DW_AT_decl_line
	.long	764                             @ DW_AT_import
	.byte	5                               @ Abbrev [5] 0x30f:0xb DW_TAG_typedef
	.long	635                             @ DW_AT_type
	.long	.Linfo_string53                 @ DW_AT_name
	.byte	2                               @ DW_AT_decl_file
	.byte	80                              @ DW_AT_decl_line
	.byte	15                              @ Abbrev [15] 0x31a:0x8 DW_TAG_imported_declaration
	.byte	2                               @ DW_AT_decl_file
	.short	290                             @ DW_AT_decl_line
	.long	783                             @ DW_AT_import
	.byte	5                               @ Abbrev [5] 0x322:0xb DW_TAG_typedef
	.long	541                             @ DW_AT_type
	.long	.Linfo_string54                 @ DW_AT_name
	.byte	2                               @ DW_AT_decl_file
	.byte	85                              @ DW_AT_decl_line
	.byte	15                              @ Abbrev [15] 0x32d:0x8 DW_TAG_imported_declaration
	.byte	2                               @ DW_AT_decl_file
	.short	291                             @ DW_AT_decl_line
	.long	802                             @ DW_AT_import
	.byte	5                               @ Abbrev [5] 0x335:0xb DW_TAG_typedef
	.long	541                             @ DW_AT_type
	.long	.Linfo_string55                 @ DW_AT_name
	.byte	2                               @ DW_AT_decl_file
	.byte	86                              @ DW_AT_decl_line
	.byte	15                              @ Abbrev [15] 0x340:0x8 DW_TAG_imported_declaration
	.byte	2                               @ DW_AT_decl_file
	.short	292                             @ DW_AT_decl_line
	.long	821                             @ DW_AT_import
	.byte	5                               @ Abbrev [5] 0x348:0xb DW_TAG_typedef
	.long	541                             @ DW_AT_type
	.long	.Linfo_string56                 @ DW_AT_name
	.byte	2                               @ DW_AT_decl_file
	.byte	87                              @ DW_AT_decl_line
	.byte	15                              @ Abbrev [15] 0x353:0x8 DW_TAG_imported_declaration
	.byte	2                               @ DW_AT_decl_file
	.short	293                             @ DW_AT_decl_line
	.long	840                             @ DW_AT_import
	.byte	5                               @ Abbrev [5] 0x35b:0xb DW_TAG_typedef
	.long	567                             @ DW_AT_type
	.long	.Linfo_string57                 @ DW_AT_name
	.byte	2                               @ DW_AT_decl_file
	.byte	88                              @ DW_AT_decl_line
	.byte	15                              @ Abbrev [15] 0x366:0x8 DW_TAG_imported_declaration
	.byte	2                               @ DW_AT_decl_file
	.short	294                             @ DW_AT_decl_line
	.long	859                             @ DW_AT_import
	.byte	5                               @ Abbrev [5] 0x36e:0xb DW_TAG_typedef
	.long	81                              @ DW_AT_type
	.long	.Linfo_string58                 @ DW_AT_name
	.byte	2                               @ DW_AT_decl_file
	.byte	91                              @ DW_AT_decl_line
	.byte	15                              @ Abbrev [15] 0x379:0x8 DW_TAG_imported_declaration
	.byte	2                               @ DW_AT_decl_file
	.short	295                             @ DW_AT_decl_line
	.long	878                             @ DW_AT_import
	.byte	5                               @ Abbrev [5] 0x381:0xb DW_TAG_typedef
	.long	81                              @ DW_AT_type
	.long	.Linfo_string59                 @ DW_AT_name
	.byte	2                               @ DW_AT_decl_file
	.byte	92                              @ DW_AT_decl_line
	.byte	15                              @ Abbrev [15] 0x38c:0x8 DW_TAG_imported_declaration
	.byte	2                               @ DW_AT_decl_file
	.short	296                             @ DW_AT_decl_line
	.long	897                             @ DW_AT_import
	.byte	5                               @ Abbrev [5] 0x394:0xb DW_TAG_typedef
	.long	81                              @ DW_AT_type
	.long	.Linfo_string60                 @ DW_AT_name
	.byte	2                               @ DW_AT_decl_file
	.byte	93                              @ DW_AT_decl_line
	.byte	15                              @ Abbrev [15] 0x39f:0x8 DW_TAG_imported_declaration
	.byte	2                               @ DW_AT_decl_file
	.short	297                             @ DW_AT_decl_line
	.long	916                             @ DW_AT_import
	.byte	5                               @ Abbrev [5] 0x3a7:0xb DW_TAG_typedef
	.long	635                             @ DW_AT_type
	.long	.Linfo_string61                 @ DW_AT_name
	.byte	2                               @ DW_AT_decl_file
	.byte	94                              @ DW_AT_decl_line
	.byte	15                              @ Abbrev [15] 0x3b2:0x8 DW_TAG_imported_declaration
	.byte	2                               @ DW_AT_decl_file
	.short	298                             @ DW_AT_decl_line
	.long	935                             @ DW_AT_import
	.byte	5                               @ Abbrev [5] 0x3ba:0xb DW_TAG_typedef
	.long	541                             @ DW_AT_type
	.long	.Linfo_string62                 @ DW_AT_name
	.byte	2                               @ DW_AT_decl_file
	.byte	101                             @ DW_AT_decl_line
	.byte	15                              @ Abbrev [15] 0x3c5:0x8 DW_TAG_imported_declaration
	.byte	2                               @ DW_AT_decl_file
	.short	299                             @ DW_AT_decl_line
	.long	954                             @ DW_AT_import
	.byte	5                               @ Abbrev [5] 0x3cd:0xb DW_TAG_typedef
	.long	81                              @ DW_AT_type
	.long	.Linfo_string63                 @ DW_AT_name
	.byte	2                               @ DW_AT_decl_file
	.byte	102                             @ DW_AT_decl_line
	.byte	15                              @ Abbrev [15] 0x3d8:0x8 DW_TAG_imported_declaration
	.byte	2                               @ DW_AT_decl_file
	.short	300                             @ DW_AT_decl_line
	.long	973                             @ DW_AT_import
	.byte	5                               @ Abbrev [5] 0x3e0:0xb DW_TAG_typedef
	.long	567                             @ DW_AT_type
	.long	.Linfo_string64                 @ DW_AT_name
	.byte	2                               @ DW_AT_decl_file
	.byte	106                             @ DW_AT_decl_line
	.byte	15                              @ Abbrev [15] 0x3eb:0x8 DW_TAG_imported_declaration
	.byte	2                               @ DW_AT_decl_file
	.short	301                             @ DW_AT_decl_line
	.long	992                             @ DW_AT_import
	.byte	5                               @ Abbrev [5] 0x3f3:0xb DW_TAG_typedef
	.long	635                             @ DW_AT_type
	.long	.Linfo_string65                 @ DW_AT_name
	.byte	2                               @ DW_AT_decl_file
	.byte	107                             @ DW_AT_decl_line
	.byte	15                              @ Abbrev [15] 0x3fe:0x8 DW_TAG_imported_declaration
	.byte	2                               @ DW_AT_decl_file
	.short	302                             @ DW_AT_decl_line
	.long	1011                            @ DW_AT_import
	.byte	5                               @ Abbrev [5] 0x406:0xb DW_TAG_typedef
	.long	81                              @ DW_AT_type
	.long	.Linfo_string66                 @ DW_AT_name
	.byte	4                               @ DW_AT_decl_file
	.byte	46                              @ DW_AT_decl_line
	.byte	16                              @ Abbrev [16] 0x411:0x7 DW_TAG_imported_declaration
	.byte	4                               @ DW_AT_decl_file
	.byte	107                             @ DW_AT_decl_line
	.long	1030                            @ DW_AT_import
	.byte	5                               @ Abbrev [5] 0x418:0xb DW_TAG_typedef
	.long	541                             @ DW_AT_type
	.long	.Linfo_string67                 @ DW_AT_name
	.byte	4                               @ DW_AT_decl_file
	.byte	38                              @ DW_AT_decl_line
	.byte	16                              @ Abbrev [16] 0x423:0x7 DW_TAG_imported_declaration
	.byte	4                               @ DW_AT_decl_file
	.byte	108                             @ DW_AT_decl_line
	.long	1048                            @ DW_AT_import
	.byte	5                               @ Abbrev [5] 0x42a:0xb DW_TAG_typedef
	.long	1077                            @ DW_AT_type
	.long	.Linfo_string69                 @ DW_AT_name
	.byte	4                               @ DW_AT_decl_file
	.byte	95                              @ DW_AT_decl_line
	.byte	4                               @ Abbrev [4] 0x435:0x7 DW_TAG_base_type
	.long	.Linfo_string68                 @ DW_AT_name
	.byte	4                               @ DW_AT_encoding
	.byte	8                               @ DW_AT_byte_size
	.byte	16                              @ Abbrev [16] 0x43c:0x7 DW_TAG_imported_declaration
	.byte	4                               @ DW_AT_decl_file
	.byte	110                             @ DW_AT_decl_line
	.long	1066                            @ DW_AT_import
	.byte	0                               @ End Of Children Mark
.Ldebug_info_end0:
	.section	.debug_str,"MS",%progbits,1
.Linfo_string0:
	.asciz	"Component: Arm Compiler for Embedded 6.19 Tool: armclang [5e73cb00]" @ string offset=0
.Linfo_string1:
	.asciz	"BSP\\MXGeneratedInit.cpp"      @ string offset=68
.Linfo_string2:
	.asciz	"C:\\Users\\CHALLENGER\\Documents\\KeXieData\\Project\\DigitalPower\\BootLoader" @ string offset=92
.Linfo_string3:
	.asciz	"unsigned char"                 @ string offset=164
.Linfo_string4:
	.asciz	"HAL_OK"                        @ string offset=178
.Linfo_string5:
	.asciz	"HAL_ERROR"                     @ string offset=185
.Linfo_string6:
	.asciz	"HAL_BUSY"                      @ string offset=195
.Linfo_string7:
	.asciz	"HAL_TIMEOUT"                   @ string offset=204
.Linfo_string8:
	.asciz	"unsigned int"                  @ string offset=216
.Linfo_string9:
	.asciz	"uint32_t"                      @ string offset=229
.Linfo_string10:
	.asciz	"CPUID"                         @ string offset=238
.Linfo_string11:
	.asciz	"ICSR"                          @ string offset=244
.Linfo_string12:
	.asciz	"VTOR"                          @ string offset=249
.Linfo_string13:
	.asciz	"AIRCR"                         @ string offset=254
.Linfo_string14:
	.asciz	"SCR"                           @ string offset=260
.Linfo_string15:
	.asciz	"CCR"                           @ string offset=264
.Linfo_string16:
	.asciz	"SHP"                           @ string offset=268
.Linfo_string17:
	.asciz	"uint8_t"                       @ string offset=272
.Linfo_string18:
	.asciz	"__ARRAY_SIZE_TYPE__"           @ string offset=280
.Linfo_string19:
	.asciz	"SHCSR"                         @ string offset=300
.Linfo_string20:
	.asciz	"CFSR"                          @ string offset=306
.Linfo_string21:
	.asciz	"HFSR"                          @ string offset=311
.Linfo_string22:
	.asciz	"DFSR"                          @ string offset=316
.Linfo_string23:
	.asciz	"MMFAR"                         @ string offset=321
.Linfo_string24:
	.asciz	"BFAR"                          @ string offset=327
.Linfo_string25:
	.asciz	"AFSR"                          @ string offset=332
.Linfo_string26:
	.asciz	"PFR"                           @ string offset=337
.Linfo_string27:
	.asciz	"DFR"                           @ string offset=341
.Linfo_string28:
	.asciz	"ADR"                           @ string offset=345
.Linfo_string29:
	.asciz	"MMFR"                          @ string offset=349
.Linfo_string30:
	.asciz	"ISAR"                          @ string offset=354
.Linfo_string31:
	.asciz	"RESERVED0"                     @ string offset=359
.Linfo_string32:
	.asciz	"CPACR"                         @ string offset=369
.Linfo_string33:
	.asciz	"SCB_Type"                      @ string offset=375
.Linfo_string34:
	.asciz	"signed char"                   @ string offset=384
.Linfo_string35:
	.asciz	"int8_t"                        @ string offset=396
.Linfo_string36:
	.asciz	"short"                         @ string offset=403
.Linfo_string37:
	.asciz	"int16_t"                       @ string offset=409
.Linfo_string38:
	.asciz	"int"                           @ string offset=417
.Linfo_string39:
	.asciz	"int32_t"                       @ string offset=421
.Linfo_string40:
	.asciz	"long long"                     @ string offset=429
.Linfo_string41:
	.asciz	"int64_t"                       @ string offset=439
.Linfo_string42:
	.asciz	"unsigned short"                @ string offset=447
.Linfo_string43:
	.asciz	"uint16_t"                      @ string offset=462
.Linfo_string44:
	.asciz	"unsigned long long"            @ string offset=471
.Linfo_string45:
	.asciz	"uint64_t"                      @ string offset=490
.Linfo_string46:
	.asciz	"int_least8_t"                  @ string offset=499
.Linfo_string47:
	.asciz	"int_least16_t"                 @ string offset=512
.Linfo_string48:
	.asciz	"int_least32_t"                 @ string offset=526
.Linfo_string49:
	.asciz	"int_least64_t"                 @ string offset=540
.Linfo_string50:
	.asciz	"uint_least8_t"                 @ string offset=554
.Linfo_string51:
	.asciz	"uint_least16_t"                @ string offset=568
.Linfo_string52:
	.asciz	"uint_least32_t"                @ string offset=583
.Linfo_string53:
	.asciz	"uint_least64_t"                @ string offset=598
.Linfo_string54:
	.asciz	"int_fast8_t"                   @ string offset=613
.Linfo_string55:
	.asciz	"int_fast16_t"                  @ string offset=625
.Linfo_string56:
	.asciz	"int_fast32_t"                  @ string offset=638
.Linfo_string57:
	.asciz	"int_fast64_t"                  @ string offset=651
.Linfo_string58:
	.asciz	"uint_fast8_t"                  @ string offset=664
.Linfo_string59:
	.asciz	"uint_fast16_t"                 @ string offset=677
.Linfo_string60:
	.asciz	"uint_fast32_t"                 @ string offset=691
.Linfo_string61:
	.asciz	"uint_fast64_t"                 @ string offset=705
.Linfo_string62:
	.asciz	"intptr_t"                      @ string offset=719
.Linfo_string63:
	.asciz	"uintptr_t"                     @ string offset=728
.Linfo_string64:
	.asciz	"intmax_t"                      @ string offset=738
.Linfo_string65:
	.asciz	"uintmax_t"                     @ string offset=747
.Linfo_string66:
	.asciz	"size_t"                        @ string offset=757
.Linfo_string67:
	.asciz	"ptrdiff_t"                     @ string offset=764
.Linfo_string68:
	.asciz	"long double"                   @ string offset=774
.Linfo_string69:
	.asciz	"max_align_t"                   @ string offset=786
	.ident	"Component: Arm Compiler for Embedded 6.19 Tool: armclang [5e73cb00]"
	.section	".note.GNU-stack","",%progbits
	.ARM_attribute	16, 1	@ Tag_AV_eba
	.section	.debug_line,"",%progbits
.Lline_table_start0:
