	.text
	.syntax unified
	.eabi_attribute	67, "2.09"	@ Tag_conformance
	.cpu	cortex-m4
	.eabi_attribute	6, 13	@ Tag_CPU_arch
	.eabi_attribute	7, 77	@ Tag_CPU_arch_profile
	.eabi_attribute	8, 0	@ Tag_ARM_ISA_use
	.eabi_attribute	9, 2	@ Tag_THUMB_ISA_use
	.fpu	fpv4-sp-d16
	.eabi_attribute	27, 1	@ Tag_ABI_HardFP_use
	.eabi_attribute	36, 1	@ Tag_FP_HP_extension
	.eabi_attribute	34, 1	@ Tag_CPU_unaligned_access
	.eabi_attribute	17, 1	@ Tag_ABI_PCS_GOT_use
	.eabi_attribute	20, 2	@ Tag_ABI_FP_denormal
	.eabi_attribute	21, 0	@ Tag_ABI_FP_exceptions
	.eabi_attribute	23, 1	@ Tag_ABI_FP_number_model
	.eabi_attribute	24, 1	@ Tag_ABI_align_needed
	.eabi_attribute	25, 1	@ Tag_ABI_align_preserved
	.eabi_attribute	28, 1	@ Tag_ABI_VFP_args
	.eabi_attribute	38, 1	@ Tag_ABI_FP_16bit_format
	.eabi_attribute	18, 2	@ Tag_ABI_PCS_wchar_t
	.eabi_attribute	26, 1	@ Tag_ABI_enum_size
	.eabi_attribute	14, 0	@ Tag_ABI_PCS_R9_use
	.file	"Resource.cpp"
	.file	1 "C:\\Keil_v5\\ARM\\ARMCLANG\\Bin\\..\\include" "stddef.h"
	.file	2 "C:\\Keil_v5\\ARM\\ARMCLANG\\Bin\\..\\include\\libcxx" "stddef.h"
	.file	3 "C:\\Keil_v5\\ARM\\ARMCLANG\\Bin\\..\\include\\libcxx" "cstddef"
	.type	.Lllvm.embedded.module,%object  @ @llvm.embedded.module
	.section	.llvmbc,"",%progbits
	.p2align	4, 0x0
.Lllvm.embedded.module:
	.asciz	"BC\300\3365\024\000\000\005\000\000\000b\f0$MY\276f\255\373\264O\033\310$D\0012\005\000!\f\000\000\207\005\000\000\013\002!\000\002\000\000\000\026\000\000\000\007\201#\221A\310\004I\006\02029\222\001\204\f%\005\b\031\036\004\213b\200\020E\002B\222\013B\204\0202\0248\b\030K\n2B\210Hp\304!#D\022\207\214\020A\222\002d\310\b\261\024 CF\210 \311\0012B\204\030*(*\2201|\260\\\221 \304\310\000\000\000\211 \000\000\023\000\000\0002\"\b\t bF\000!+$\230\020!%$\230\020\031'\f\205\244\220`Bd\\ $d\202\200)%\200\023\304\034\001\030\230\001`\21400\002`\002\033\b0\204!\342\034\001(\240#,\200$\371+!9T$\020I\200\001\000\000Q\030\000\000\333\001\000\000\033\334)\370\377\377\377\377\001h\003\300\024\000?\000\340\000\370\003@\002\372\000\240\003\202\034\312\301\035\336A\036\332!\034\330\241\r\314\001\036\332\240\035\302\201\036\320\001\200\007y(\207y(\007y\260\207rh\203yH\207sp\0076\200\007y(\207y(\007y\260\207rh\203yH\207sp\007\2000\007y\b\207v(\2076\200\207wH\007w\240\207r\220\007\300\035\336\301\035\312\001 \332!\035\334\241\r\330\241\034\316!\034\330\241\r\354\241\034\306\201\036\336A\036\332\340\036\322\201\034\350\001\035\0008\000\bwx\2076H\007w0\207yh\003s\200\2076h\207p\240\007t\000\350A\036\352\241\034\000\302\035\336\241\r\334!\034\334a\036\332\300\034\340\241\r\332!\034\350\001\035\000z\220\207z(\007\200p\207wh\203yH\207sp\207r \2076\320\207r\220\207w\230\20760\007xh\203v\b\007z@\007\200\036\344\241\036\312\001 \346\201\036\302a\034\326\241\r\340A\036\336\201\036\312a\034\350\341\035\344\241\r\304\241\036\314\301\034\312A\036\332`\036\322A\037\312\001\300\003\200\240\207p\220\207s(\007zh\203q\200\207z\000\306\341\035\344\201\036\312\001\037\332\240\035\350\000 \350!\034\344\341\034\312\201\036\332\300\034\312!\034\350\241\036\344\241\034\346\001X\203p\220\207v\260\207;(\2076h\0076X\003r\230\007x`\20350\007x\210\003;`\2035@\207{ \207t\260\0076X\003z@\207zh\007qh\203vx\007r(\0076X\003{0\007x\220\203y\200\0076X\003{0\007x\230\003r\210\003;\230\007x`\2035\260\007s\200\007: \2078\260\203y\200\0076h\203p(\207y`\2036\020\007s\210\003;`\2036\030\007r(\207q\200\0078`\2036\030\007r(\207q\200\2078`\2036\030\007r(\207q\200\0079`\2036\030\007r(\207q\200\2079`\2036\030\007r(\207q\200\007:`\2036\030\007r(\207q\200\207:`\2036\030\007r(\207q\200\007;`\2036\030\007r(\207q\200\207;`\2036\030\007y\030\0076h\203q\220\207|\200\007zx\0076h\003r\230\0039`\2036 \207w\240\007x\220\207w \0076h\003s\030\207r`\20360\007xh\203p\220\207v\260\007<`\20360\007xh\203p\220\207v\260\007< \2078\260\0036h\003s\200\2076\b\007yh\007{\300\003r\210\003;\230\007x`\20360\007xh\203p\220\207v\260\007<\230\007x`\20360\007x\210\003;0\207v`\0076h\003s\200\007;\240\0036h\003s\250\007v`\007s\200\2078\260\0036h\003t\270\007rH\007{h\203p\220\207v`\2036H\007<h\207v`\2036`\207w\020\0076h\203v\260\207r`\2036h\007{(\00770\007x`\2036p\207rx\007w`\2036\200\207p\030\007q\240\207t`\2036\220\207p\230\0076h\203y\020\0076h\203y@\207p\220\0036h\003{0\007x\220\0036h\003{0\007x\230\0036h\003{0\007x\230\003r\210\003;`\2036\260\007s\200\2079\230\007x`\2036\260\007s\200\007:`\2036\260\007s\200\007: \2078\260\0036h\003{0\007x\240\203y\200\007`\203!\000\000)\000g\260\001\032\002\200\024\2003\000,\200\016\202\200\b\322\000\331@\020\002@\n\033\334\251\370\377\377\377\377\001h\003\300\024\000?\000\340\000\370\003@\002*\240\017\br(\007wx\007yh\207p`\20760\007xh\203v\b\007z@\007\000\036\344\241\034\346\241\034\344\301\036\312\241\r\346!\035\316\301\035\330\000\036\344\241\034\346\241\034\344\301\036\312\241\r\346!\035\316\301\035\000\302\034\344!\034\332\241\034\332\000\036\336!\035\334\201\036\312A\036\000wx\007w(\007\200h\207tp\2076`\207r8\207p`\2076\260\207r\030\007zx\007yh\203{H\007r\240\007t\000\340\000 \334\341\035\332 \035\334\301\034\346\241\r\314\001\036\332\240\035\302\201\036\320\001\240\007y\250\207r\000\bwx\2076p\207pp\207yh\003s\200\2076h\207p\240\007t\000\350A\036\352\241\034\000\302\035\336\241\r\346!\035\316\301\035\312\201\034\332@\037\312A\036\336a\036\332\300\034\340\241\r\332!\034\350\001\035\000z\220\207z(\007\200\230\007z\b\207qX\2076\200\007yx\007z(\207q\240\207w\220\2076\020\207z0\007s(\007yh\203yH\007}(\007\000\017\000\202\036\302A\036\316\241\034\350\241\r\306\001\036\352\001\030\207w\220\007z(\007|h\203v\240\003\200\240\207p\220\207s(\007zh\003s(\207p\240\207z\220\207r\230\007`\r\302A\036\332\301\036\356\240\034\332\240\035\330`\r\310a\036\340\201\r\326\300\034\340!\016\354\200\r\326\000\035\356\201\034\322\301\036\330`\r\350\001\035\352\241\035\304\241\r\332\341\035\310\241\034\330`\r\354\301\034\340A\016\346\001\036\330`\r\354\301\034\340a\016\310!\016\354`\036\340\201\r\326\300\036\314\001\036\350\200\034\342\300\016\346\001\036\330\240\r\302\241\034\346\201\r\332@\034\314!\016\354\200\r\332`\034\310\241\034\306\001\036\340\200\r\332`\034\310\241\034\306\001\036\342\200\r\332`\034\310\241\034\306\001\036\344\200\r\332`\034\310\241\034\306\001\036\346\200\r\332`\034\310\241\034\306\001\036\350\200\r\332`\034\310\241\034\306\001\036\352\200\r\332`\034\310\241\034\306\001\036\354\200\r\332`\034\310\241\034\306\001\036\356\200\r\332`\034\344a\034\330\240\r\306A\036\362\001\036\350\341\035\330\240\r\310a\016\344\200\r\332\200\034\336\201\036\340A\036\336\201\034\330\240\r\314a\034\312\201\r\332\300\034\340\241\r\302A\036\332\301\036\360\200\r\332\300\034\340\241\r\302A\036\332\301\036\360\200\034\342\300\016\330\240\r\314\001\036\332 \034\344\241\035\354\001\017\310!\016\354`\036\340\201\r\332\300\034\340\241\r\302A\036\332\301\036\360`\036\340\201\r\332\300\034\340!\016\354\300\034\332\201\035\330\240\r\314\001\036\354\200\016\330\240\r\314\241\036\330\201\035\314\001\036\342\300\016\330\240\r\320\341\036\310!\035\354\241\r\302A\036\332\201\r\332 \035\360\240\035\332\201\r\332\200\035\336A\034\330\240\r\332\301\036\312\201\r\332\240\035\354\241\034\334\300\034\340\201\r\332\300\035\312\341\035\334\201\r\332\000\036\302a\034\304\201\036\322\201\r\332@\036\302a\036\330\240\r\346A\034\330\240\r\346\001\035\302A\016\330\240\r\354\301\034\340A\016\330\240\r\354\301\034\340a\016\330\240\r\354\301\034\340a\016\310!\016\354\200\r\332\300\036\314\001\036\346`\036\340\201\r\332\300\036\314\001\036\350\200\r\332\300\036\314\001\036\350\200\034\342\300\016\330\240\r\354\301\034\340\201\016\346\001\036\200\r\204\001\000\244\260\001:\002`\001H\0018\003\240\n\002\"H\003d\003\204\374\377\377\377\377\000\234\002\340\007\300\037\000\022@\001u\000\364\001\000\000\000I\030\000\000\003\000\000\000\023\210@\030\210\tCa\034\023\002\004c\006\240\t&d\364\200\016\365\320\016\342`\017wP\016\355\320\006\341 \017\355\320\006\356\360\016\356P\016mP\016\341 \016\351\200\016\346\260a\016\312\241\r\332A\017\312\241\r\340A\017\346@\016\364`\016\344\240\rL!\035\360\240\r\322\301\016\350@\017\354\200\016\332\300\036\342@\016\360@\017\354\200\016\364 \016\344\000\017\332 \034\364\000\016\364`\016\344\240\r\334a\016\344\240\rf\301\016\350@\351\001!B\"\310\220\221\"\"\200F\b\223\323JZ\236\277\353\362q\371%-\317\337u\371\270\354\032\303\341;&\240\021\006i\032\200\000\b\000 \000\202\006\000\206T\rD\000\000\020\b@\000\004\000\000\000@\0004\300\220\252\243\n\000\000\004\001\b\000\001\000\000\000\b\200\006\030R\305\201t\000\001\000\000\000\000\004\000\000\000@\0004\300\220j\024\234\004\b\200\001\000\000\000\000\000\000\000\000\240\001$6\b\024^,\000\000\310\002\001\013\000\000\0002\036\230\024\031\021L\220\214\t&G\306\004C\232r(\204\"(\203\022\030\001 -\210\302\030\001(\004\202\021\000\n$\336\033\203\004\003\b\261\030\000\000\265\000\000\0003\b\200\034\304\341\034f\024\001=\210C8\204\303\214B\200\007yx\007s\230q\f\346\000\017\355\020\016\364\200\0163\fB\036\302\301\035\316\241\034f0\005=\210C8\204\203\033\314\003=\310C=\214\003=\314x\214tp\007{\b\007yH\207pp\007zp\003vx\207p \207\031\314\021\016\354\220\016\3410\017n0\017\343\360\016\360P\0163\020\304\035\336!\034\330!\035\302a\036f0\211;\274\203;\320C9\264\003<\274\203<\204\003;\314\360\024v`\007{h\0077h\207rh\0077\200\207p\220\207p`\007v(\007v\370\005vx\207w\200\207_\b\207q\030\207r\230\207y\230\201,\356\360\016\356\340\016\365\300\016\3540\003b\310\241\034\344\241\034\314\241\034\344\241\034\334a\034\312!\034\304\201\035\312a\006\326\220C9\310C9\230C9\310C9\270\3038\224C8\210\003;\224\303/\274\203<\374\202;\324\003;\260\303\f\307i\207pX\207rp\203th\007x`\207t\030\207t\240\207\031\316S\017\356\000\017\362P\016\344\220\016\343@\017\341 \016\354P\0163 (\035\334\301\036\302A\036\322!\034\334\201\036\334\340\034\344\341\035\352\001\036f\030Q8\260C:\234\203;\314P$v`\007{h\0077`\207wx\007x\230QL\364\220\017\360P\0163\036j\036\312a\034\350!\035\336\301\035~\001\036\344\241\034\314!\035\360a\006T\205\2038\314\303;\260C=\320C9\374\302<\344C;\210\303;\260\303\214\305\n\207y\230\207w\030\207t\b\007z(\007r\230\201\\\343\020\016\354\300\016\345P\016\3630#\301\322A\036\344\341\027\330\341\035\336\001\036fH\031;\260\203=\264\203\033\204\3038\214C9\314\303<\270\3019\310\303;\324\003<\314H\264q\b\007v`\007q\b\207qX\207\031\333\306\016\354`\017\355\340\006\360 \017\3450\017\345 \017\366P\016n\020\016\3430\016\3450\017\363\340\006\351\340\016\344P\016\3700#\342\354a\034\302\201\035\330\341\027\354!\035\346!\035\304!\035\330!\035\350!\037f \235;\274C=\270\0039\224\2039\314X\274pp\007wx\007z\b\007zH\207wp\207\031\313\347\016\3570\017\341\340\016\351@\017\351\240\017\3450\303\001\003s\250\007w\030\207_\230\207pp\207t\240\207t\320\207r\230\201\204A9\340\3038\260C=\220C9\314@\304\240\035\312\241\035\340A\036\336\301\034f$c0\016\341\300\016\3540\017\351@\017\3450C!\203u\030\007sH\207_\240\207|\200\207r\230\261\224\001<\214\303<\224\3038\320C:\274\203;\314\003\000\000\000y \000\000\264\001\000\000r\036H C\210\f\031\tr2H #\201\214\221\221\321D\240\020(d<12B\216\220!\243\250\006d\020g\000\000\000\325)\214\302\033\030L2,\3130\330A\022\325A#)\215$MD\323mU\2058OAP\307u\\\304\363\000Resource\\Resource.cppC:\\Users\\CHALLENGER\\Documents\\KeXieData\\Project\\DigitalPower\\BootLoaderComponent: Arm Compiler for Embedded 6.19 Tool: armclang [5e73cb00]C:\\Keil_v5\\ARM\\ARMCLANG\\Bin\\..\\include\\stddef.hsize_tunsigned intptrdiff_tintmax_align_tlong doublestd__2C:\\Keil_v5\\ARM\\ARMCLANG\\Bin\\..\\include\\libcxx\\stddef.hnullptr_tdecltype(nullptr)C:\\Keil_v5\\ARM\\ARMCLANG\\Bin\\..\\include\\libcxx\\cstddefDwarf VersionDebug Info Versionwchar_sizestatic_rwdataenumsize_buildattrarmlib_unavailablearmcompiler-version6.19_ZTS8Resource_ZTSM8ResourceKFPKvvE.virtual_ZTSM8ResourceKFvvE.virtualResource/Resource.cppResource/Resource.hppResource_vptr$Resource__vtbl_ptr_type_sizesize_ZNK8Resource4sizeEvrequest_ZNK8Resource7requestEvrelease_ZNK8Resource7releaseEvthisSimple C++ TBAAomnipotent char\000\000\000\006Y\001\000\000\000\000\0000\2020\024#\b\2031\2020\034#\b\0032\2020$#\b\2032\202\240,#\b\n3\202\2404#\b\2123\224\025hw0\004\000\000\004\000\000\000\254\000\000\000 \000\0000\2225\b^.\024\000\000\n\000\000\202 \210\n\362\000\330\001\220\001\000\000\000\300@\005\020\b\0000P\001\020\000\000\314s\000d`\200\001p\000\0239\200U\340\201\033\000y\000\000\000\000\000\300|\b\200\324\201\036\254\003\200\007\300<\007@\006\b\030\000\0050\221\003X\007\036\230\001\300\007\000\000\000\000\000\314\207\000H\035\364\001;\000x\000\314s\000d\240\200\002@\000\0239\200\225\340\301/\000\177\000\000\000\000\000\300|\b\200\324\001(\270\003\200\007\300`\003\000,\203\r\202(0\003\025@\003\000\300<\007\260\007\017\000\000\300D\016`9\244\000\007@)\000\000\000\000\0000P\001@\000\000\314\207\000\310(\230\302\036\000\247\000\314\207\000\310(\364\001\037\000\247\000\314\207\000\310(\350A\037\000\247\000\314\207\000\310(\200\002(\000\247\000\314p\354\201\037\204\002*\244\202*\254\302\f\303\032Dl0\303\320\006\222\033\3140\274\301\324\0063\fo@\275\301\f\303\033To0\303\360\006\026\034\3140\274\301\205\315\020\f3\bq\220\315 \304\2016\203 \007\333@\005\300\t\0000P\001t\002\000\314\020\360\301L\204\000\350\0020\221\003<`\000\000\300.\200\001\000\000\000\000L\344\000\017\000\000\000/\200\001\000\000\000\000L\344\000\315\227\013@.\364\002\030\000\000(\000\0000\221\003\230\001\000\000\200\036\000\000\000\000\0000\221\0034a\220\013\207\035\374\002\030\000` \000\0000\221\003<\000\000\000v\000\006\000\000\212\001\000\0003\f@8\350\301L\204\000\210\0030\025e\330\201\007\344\2022\016\n\000\001#\002\000\000\000\000\0000\221\003\230\001\000\000\200\035\000\000\000\000\0000\221\003<\000\000\000\345\000\006\000\000\212\001\000\0003\bz`\0163\021\002p\016\300T\224a\007b0\006\271\260\240\303\002@\300\210\000\000\000\000\000\000L\344\000f\000\000\000\000\000\000\000\000\0000\221\003<\000\000\000\352\000\006\000\000\000\0000\203\260\016\3460\023!\000\354\000LE\031v@\006e\220\013L;0v \001#\002\000\000\000\000\0000\203\000\230\303L\204\000\274\0030\025e\330\201\031\234A.4\360\320\330\201\024\214\b\000\000\000\000\000\300\f\206/\200\0039\244\203;\304\303t\2011C\220\0063\fj@\017s0\303\200\324\303\034\3140d\366@\0073\f\367`\017tp\256\000p\034\307q\034\307q\034X\250\206\033\270\201)\330\003.\230\202=\340\202)\330\003.\210\001\032\270\001(\330\203\033\340\002.\340\002.\220\203\033\270\201\033\270\201\033\270\001\032Xb \006b\340\006n\300\271\201=\300\203H\300\003J\360\203\033\270\001X\300\003?\240\201\033\260\205:\300\003\032\270\201\\\210\201\033\310\005.X\034\035\270\201\033\310H`\202rac\263ks!\023;s\031\253\033%\240\203\214\330\330\354\332\\\332\336\310\352\330\312\\\314\330\302\316\346F9X\241\025\\\341\025`!\026d!\02566\2736\2274\26227\272Q\202Y\03028\200\211\026\246Z\230l\001\000\000\251\030\000\000/\000\000\000\013\nr(\207w\200\007zXp\230C=\270\3038\260C9\320\303\202\346\034\306\241\r\350A\036\302\301\035\346!\035\350!\035\336\301\035\026(\342P\016\346\360\016\362P\016\351\340\016\363@\017\013\222p0\007z(\007yH\007w\230\007zX\320\214\2039\234C=\204\203<\220\003=\204\203<\234C9\320\303\002\006\036\344\241\034\302\201\035\330\341\035\306!\034\350\241\034\310a\301q\016\343\320\006\354\220\016\366P\016\013\254q`\207pp\207sp\203p\220\207qp\203p\240\007z\b\207q@\207r \207q\b\007v`\207\005\007<\320\203<\204C=\320\003:, \326a\034\314!\035\000\000\000\000\321\020\000\000\006\000\000\000\007\314<\244\203;\234\003;\224\003=\240\203<\224C8\220\303\001\000\000\000a \000\000K\000\000\000\023\004A,\020\000\000\000\003\000\000\000\004\203)\302\000\000\2032(\303\001\000\3610\000\000#\000\000\000\"G\310\220Q\n\204\030\000\000\000\000\220\003\000\000_ZN8ResourceC2Ejvtable pointer\000\000\253\250\303\016\274|\300\205a\034\b\000\003@\024\004A\250\016\000r\370\007\000\000\200E\016\360\000\000\000\330\001\030\000\000\000\000\3008E\330\0074\000\000~\b@1\000\200q\212\260\017b\200\013\203\036\b\000\000l\020\372\301\0376\f\372@\017s\260a\000\t\220\230\203\t\002 M\020\206\t\000\000#\006\007\000\202`\220D4\377\377\377?\344\374\377\377\3770\366\377\377\377\303\214A\001\000\373\000\000#\006\007\000\202`\220D3\377\377\377?\340\374\377\377\3770\366\377\377\377\303\204\0010l@\f\301\000\314\030\024\204\263\017\000\320w\030\026f\306\240 \204}\000\200a\003\"\030\006`\302\000Xb\306\240(\202}\000\200\200\030\000\000\000\004\000\000\000[\004@\037\266\fB\000\022[\006\"\270\007\000\000\000\000\000\000a \000\0000\000\000\000\023\004A<\f\000\000\000\031\000\000\000\"G\310\220Q\006\304\005\023\000\000\000_ZTSM8ResourceKFjvE\000\253\250\303\016\304`\fp\341@\207\003\300\000\020\005A\020\252\003 \035\372\001\000\000`\221\003<\000\000\000\345\000\006\000\000\000\0000N\021\364\001\r\000`\037\002P\f\000`C\300\017\033\2049\310\207\t\002 \001\000\000#\006\007\000\202`\220<5\377\377\377?\340\374\377\377\377\020\366\377\377\377\303\214A\001\000\372\000\000}\207 Qf\f\n\204\321\007\000\240`\306\204\001\260\301\214A\201\024\372\000\000\0011\000\000\003\000\000\000[\b \037\246~\3302\b\301=\000\000\000\000\000q \000\000\003\000\000\0002\016\020\"\204\001\214\n(\220\255\000\000\000\000\000e\f\000\000:\000\000\000\022\003\224\274\001\000\000\000\003\000\000\000Q\000\000\000\t\000\000\000L\000\000\000\001\000\000\000X\000\000\000\001\000\000\000d\000\000\000\005\000\000\000\334\000\000\000\000\000\000\000Z\000\000\000\031\000\000\000s\000\000\000\025\000\000\000\r\000\000\000\000\000\000\000\334\000\000\000\000\000\000\000\000\000\000\000\005\000\000\000\000\000\000\000\000\000\000\000\r\000\000\000\000\000\000\000\r\000\000\000\020\000\000\000\r\000\000\000\020\000\000\000\377\377\377\377\0014\000\000\035\000\000\000\024\000\000\000\035\000\000\000\024\000\000\000\377\377\377\377\001$\000\0001\000\000\000\022\000\000\0001\000\000\000\022\000\000\000\377\377\377\377\b4\000\000C\000\000\000\016\000\000\000C\000\000\000\016\000\000\000\377\377\377\377\b,\000\000\000\000\000\000\r\000\000\000\000\000\000\000\r\000\000\000\000\000\000\000\021\026\000\000\000\000\000\000]\f\000\000%\000\000\000\022\003\224(\001\000\000\000_ZTV8Resource_ZN8ResourceC2Ej_ZNK8Resource4sizeEv__cxa_pure_virtualllvm.dbg.value16.0.0gitthumbv7em-arm-none-eabihfResource/Resource.cpp\000\000\000"
	.size	.Lllvm.embedded.module, 6096

	.section	.debug_abbrev,"",%progbits
	.byte	1                               @ Abbreviation Code
	.byte	17                              @ DW_TAG_compile_unit
	.byte	1                               @ DW_CHILDREN_yes
	.byte	37                              @ DW_AT_producer
	.byte	14                              @ DW_FORM_strp
	.byte	19                              @ DW_AT_language
	.byte	5                               @ DW_FORM_data2
	.byte	3                               @ DW_AT_name
	.byte	14                              @ DW_FORM_strp
	.byte	16                              @ DW_AT_stmt_list
	.byte	23                              @ DW_FORM_sec_offset
	.byte	27                              @ DW_AT_comp_dir
	.byte	14                              @ DW_FORM_strp
	.byte	0                               @ EOM(1)
	.byte	0                               @ EOM(2)
	.byte	2                               @ Abbreviation Code
	.byte	22                              @ DW_TAG_typedef
	.byte	0                               @ DW_CHILDREN_no
	.byte	73                              @ DW_AT_type
	.byte	19                              @ DW_FORM_ref4
	.byte	3                               @ DW_AT_name
	.byte	14                              @ DW_FORM_strp
	.byte	58                              @ DW_AT_decl_file
	.byte	11                              @ DW_FORM_data1
	.byte	59                              @ DW_AT_decl_line
	.byte	11                              @ DW_FORM_data1
	.byte	0                               @ EOM(1)
	.byte	0                               @ EOM(2)
	.byte	3                               @ Abbreviation Code
	.byte	36                              @ DW_TAG_base_type
	.byte	0                               @ DW_CHILDREN_no
	.byte	3                               @ DW_AT_name
	.byte	14                              @ DW_FORM_strp
	.byte	62                              @ DW_AT_encoding
	.byte	11                              @ DW_FORM_data1
	.byte	11                              @ DW_AT_byte_size
	.byte	11                              @ DW_FORM_data1
	.byte	0                               @ EOM(1)
	.byte	0                               @ EOM(2)
	.byte	4                               @ Abbreviation Code
	.byte	8                               @ DW_TAG_imported_declaration
	.byte	0                               @ DW_CHILDREN_no
	.byte	58                              @ DW_AT_decl_file
	.byte	11                              @ DW_FORM_data1
	.byte	59                              @ DW_AT_decl_line
	.byte	11                              @ DW_FORM_data1
	.byte	24                              @ DW_AT_import
	.byte	19                              @ DW_FORM_ref4
	.byte	0                               @ EOM(1)
	.byte	0                               @ EOM(2)
	.byte	5                               @ Abbreviation Code
	.byte	57                              @ DW_TAG_namespace
	.byte	1                               @ DW_CHILDREN_yes
	.byte	3                               @ DW_AT_name
	.byte	14                              @ DW_FORM_strp
	.byte	0                               @ EOM(1)
	.byte	0                               @ EOM(2)
	.byte	6                               @ Abbreviation Code
	.byte	57                              @ DW_TAG_namespace
	.byte	1                               @ DW_CHILDREN_yes
	.byte	3                               @ DW_AT_name
	.byte	14                              @ DW_FORM_strp
	.ascii	"\211\001"                      @ DW_AT_export_symbols
	.byte	25                              @ DW_FORM_flag_present
	.byte	0                               @ EOM(1)
	.byte	0                               @ EOM(2)
	.byte	7                               @ Abbreviation Code
	.byte	59                              @ DW_TAG_unspecified_type
	.byte	0                               @ DW_CHILDREN_no
	.byte	3                               @ DW_AT_name
	.byte	14                              @ DW_FORM_strp
	.byte	0                               @ EOM(1)
	.byte	0                               @ EOM(2)
	.byte	0                               @ EOM(3)
	.section	.debug_info,"",%progbits
.Lcu_begin0:
	.long	.Ldebug_info_end0-.Ldebug_info_start0 @ Length of Unit
.Ldebug_info_start0:
	.short	4                               @ DWARF version number
	.long	.debug_abbrev                   @ Offset Into Abbrev. Section
	.byte	4                               @ Address Size (in bytes)
	.byte	1                               @ Abbrev [1] 0xb:0x97 DW_TAG_compile_unit
	.long	.Linfo_string0                  @ DW_AT_producer
	.short	26                              @ DW_AT_language
	.long	.Linfo_string1                  @ DW_AT_name
	.long	.Lline_table_start0             @ DW_AT_stmt_list
	.long	.Linfo_string2                  @ DW_AT_comp_dir
	.byte	2                               @ Abbrev [2] 0x1e:0xb DW_TAG_typedef
	.long	41                              @ DW_AT_type
	.long	.Linfo_string4                  @ DW_AT_name
	.byte	1                               @ DW_AT_decl_file
	.byte	46                              @ DW_AT_decl_line
	.byte	3                               @ Abbrev [3] 0x29:0x7 DW_TAG_base_type
	.long	.Linfo_string3                  @ DW_AT_name
	.byte	7                               @ DW_AT_encoding
	.byte	4                               @ DW_AT_byte_size
	.byte	4                               @ Abbrev [4] 0x30:0x7 DW_TAG_imported_declaration
	.byte	1                               @ DW_AT_decl_file
	.byte	107                             @ DW_AT_decl_line
	.long	30                              @ DW_AT_import
	.byte	2                               @ Abbrev [2] 0x37:0xb DW_TAG_typedef
	.long	66                              @ DW_AT_type
	.long	.Linfo_string6                  @ DW_AT_name
	.byte	1                               @ DW_AT_decl_file
	.byte	38                              @ DW_AT_decl_line
	.byte	3                               @ Abbrev [3] 0x42:0x7 DW_TAG_base_type
	.long	.Linfo_string5                  @ DW_AT_name
	.byte	5                               @ DW_AT_encoding
	.byte	4                               @ DW_AT_byte_size
	.byte	4                               @ Abbrev [4] 0x49:0x7 DW_TAG_imported_declaration
	.byte	1                               @ DW_AT_decl_file
	.byte	108                             @ DW_AT_decl_line
	.long	55                              @ DW_AT_import
	.byte	2                               @ Abbrev [2] 0x50:0xb DW_TAG_typedef
	.long	91                              @ DW_AT_type
	.long	.Linfo_string8                  @ DW_AT_name
	.byte	1                               @ DW_AT_decl_file
	.byte	95                              @ DW_AT_decl_line
	.byte	3                               @ Abbrev [3] 0x5b:0x7 DW_TAG_base_type
	.long	.Linfo_string7                  @ DW_AT_name
	.byte	4                               @ DW_AT_encoding
	.byte	8                               @ DW_AT_byte_size
	.byte	4                               @ Abbrev [4] 0x62:0x7 DW_TAG_imported_declaration
	.byte	1                               @ DW_AT_decl_file
	.byte	110                             @ DW_AT_decl_line
	.long	80                              @ DW_AT_import
	.byte	5                               @ Abbrev [5] 0x69:0x28 DW_TAG_namespace
	.long	.Linfo_string9                  @ DW_AT_name
	.byte	6                               @ Abbrev [6] 0x6e:0x22 DW_TAG_namespace
	.long	.Linfo_string10                 @ DW_AT_name
                                        @ DW_AT_export_symbols
	.byte	4                               @ Abbrev [4] 0x73:0x7 DW_TAG_imported_declaration
	.byte	3                               @ DW_AT_decl_file
	.byte	59                              @ DW_AT_decl_line
	.long	145                             @ DW_AT_import
	.byte	4                               @ Abbrev [4] 0x7a:0x7 DW_TAG_imported_declaration
	.byte	3                               @ DW_AT_decl_file
	.byte	60                              @ DW_AT_decl_line
	.long	55                              @ DW_AT_import
	.byte	4                               @ Abbrev [4] 0x81:0x7 DW_TAG_imported_declaration
	.byte	3                               @ DW_AT_decl_file
	.byte	61                              @ DW_AT_decl_line
	.long	30                              @ DW_AT_import
	.byte	4                               @ Abbrev [4] 0x88:0x7 DW_TAG_imported_declaration
	.byte	3                               @ DW_AT_decl_file
	.byte	64                              @ DW_AT_decl_line
	.long	80                              @ DW_AT_import
	.byte	0                               @ End Of Children Mark
	.byte	0                               @ End Of Children Mark
	.byte	2                               @ Abbrev [2] 0x91:0xb DW_TAG_typedef
	.long	156                             @ DW_AT_type
	.long	.Linfo_string12                 @ DW_AT_name
	.byte	2                               @ DW_AT_decl_file
	.byte	48                              @ DW_AT_decl_line
	.byte	7                               @ Abbrev [7] 0x9c:0x5 DW_TAG_unspecified_type
	.long	.Linfo_string11                 @ DW_AT_name
	.byte	0                               @ End Of Children Mark
.Ldebug_info_end0:
	.section	.debug_str,"MS",%progbits,1
.Linfo_string0:
	.asciz	"Component: Arm Compiler for Embedded 6.19 Tool: armclang [5e73cb00]" @ string offset=0
.Linfo_string1:
	.asciz	"Resource\\Resource.cpp"        @ string offset=68
.Linfo_string2:
	.asciz	"C:\\Users\\CHALLENGER\\Documents\\KeXieData\\Project\\DigitalPower\\BootLoader" @ string offset=90
.Linfo_string3:
	.asciz	"unsigned int"                  @ string offset=162
.Linfo_string4:
	.asciz	"size_t"                        @ string offset=175
.Linfo_string5:
	.asciz	"int"                           @ string offset=182
.Linfo_string6:
	.asciz	"ptrdiff_t"                     @ string offset=186
.Linfo_string7:
	.asciz	"long double"                   @ string offset=196
.Linfo_string8:
	.asciz	"max_align_t"                   @ string offset=208
.Linfo_string9:
	.asciz	"std"                           @ string offset=220
.Linfo_string10:
	.asciz	"__2"                           @ string offset=224
.Linfo_string11:
	.asciz	"decltype(nullptr)"             @ string offset=228
.Linfo_string12:
	.asciz	"nullptr_t"                     @ string offset=246
	.ident	"Component: Arm Compiler for Embedded 6.19 Tool: armclang [5e73cb00]"
	.section	".note.GNU-stack","",%progbits
	.ARM_attribute	16, 1	@ Tag_AV_eba
	.section	.debug_line,"",%progbits
.Lline_table_start0:
