	.text
	.syntax unified
	.eabi_attribute	67, "2.09"	@ Tag_conformance
	.cpu	cortex-m4
	.eabi_attribute	6, 13	@ Tag_CPU_arch
	.eabi_attribute	7, 77	@ Tag_CPU_arch_profile
	.eabi_attribute	8, 0	@ Tag_ARM_ISA_use
	.eabi_attribute	9, 2	@ Tag_THUMB_ISA_use
	.fpu	fpv4-sp-d16
	.eabi_attribute	27, 1	@ Tag_ABI_HardFP_use
	.eabi_attribute	36, 1	@ Tag_FP_HP_extension
	.eabi_attribute	34, 1	@ Tag_CPU_unaligned_access
	.eabi_attribute	17, 1	@ Tag_ABI_PCS_GOT_use
	.eabi_attribute	20, 2	@ Tag_ABI_FP_denormal
	.eabi_attribute	21, 0	@ Tag_ABI_FP_exceptions
	.eabi_attribute	23, 1	@ Tag_ABI_FP_number_model
	.eabi_attribute	24, 1	@ Tag_ABI_align_needed
	.eabi_attribute	25, 1	@ Tag_ABI_align_preserved
	.eabi_attribute	28, 1	@ Tag_ABI_VFP_args
	.eabi_attribute	38, 1	@ Tag_ABI_FP_16bit_format
	.eabi_attribute	18, 2	@ Tag_ABI_PCS_wchar_t
	.eabi_attribute	26, 1	@ Tag_ABI_enum_size
	.eabi_attribute	14, 0	@ Tag_ABI_PCS_R9_use
	.file	"stm32g4xx_ll_exti.c"
	.file	1 "C:\\Users\\CHALLENGER\\Documents\\KeXieData\\Project\\DigitalPower\\BootLoader" "./CubeMX/Drivers/CMSIS/Device/ST/STM32G4xx/Include\\stm32g4xx.h"
	.file	2 "C:\\Keil_v5\\ARM\\ARMCLANG\\Bin\\..\\include" "stdint.h"
	.file	3 "C:\\Users\\CHALLENGER\\Documents\\KeXieData\\Project\\DigitalPower\\BootLoader" "./CubeMX/Drivers/CMSIS/Device/ST/STM32G4xx/Include/stm32g431xx.h"
	.type	.Lllvm.embedded.module,%object  @ @llvm.embedded.module
	.section	.llvmbc,"",%progbits
	.p2align	4, 0x0
.Lllvm.embedded.module:
	.asciz	"BC\300\3365\024\000\000\005\000\000\000b\f0$MY\276f\255\373\264O\033\310$D\0012\005\000!\f\000\000\243\n\000\000\013\002!\000\002\000\000\000\026\000\000\000\007\201#\221A\310\004I\006\02029\222\001\204\f%\005\b\031\036\004\213b\200\020E\002B\222\013B\204\0202\0248\b\030K\n2B\210Hp\304!#D\022\207\214\020A\222\002d\310\b\261\024 CF\210 \311\0012B\204\030*(*\2201|\260\\\221 \304\310\000\000\000\211 \000\000\027\000\000\0002\"\b\t bF\000!+$\230\020!%$\230\020\031'\f\205\244\220`Bd\\ $d\202\300\2519\00200A\030!`\004\300\b\004\003\001\206 3\233#@\346\b@a\216 0\005\001\246\242&M\021%L~Y\376^\334\212\277\330 S\213=DG\024\251\210@\304)\000\000Q\030\000\000\333\001\000\000\033\310)\370\377\377\377\377\001\360\003\000\016\000\211 \207rp\207w\220\207v\b\007vh\003s\200\2076h\207p\240\007t\000\340A\036\312a\036\312A\036\354\241\034\332`\036\322\341\034\334\201\r\340A\036\312a\036\312A\036\354\241\034\332`\036\322\341\034\334\001 \314A\036\302\241\035\312\241\r\340\341\035\322\301\035\350\241\034\344\001p\207wp\207r\000\210vH\007wh\003v(\207s\b\007vh\003{(\207q\240\207w\220\2076\270\207t \007z@\007\000\016\000\302\035\336\241\r\322\301\035\314a\036\332\300\034\340\241\r\332!\034\350\001\035\000z\220\207z(\007\200p\207wh\003w\b\007w\230\20760\007xh\203v\b\007z@\007\200\036\344\241\036\312\001 \334\341\035\332`\036\322\341\034\334\241\034\310\241\r\364\241\034\344\341\035\346\241\r\314\001\036\332\240\035\302\201\036\320\001\240\007y\250\207r\000\210y\240\207p\030\207uh\003x\220\207w\240\207r\030\007zx\007yh\003q\250\007s0\207r\220\2076\230\207t\320\207r\000\360\000 \350!\034\344\341\034\312\201\036\332`\034\340\241\036\200qx\007y\240\207r\300\2076h\007:\000\bz\b\007y8\207r\240\20760\207r\b\007z\250\007y(\207y\000\326 \034\344\241\035\354\341\016\312\241\r\332\201\r\326\200\034\346\001\036\330`\r\314\001\036\342\300\016\330`\r\320\341\036\310!\035\354\201\r\326\200\036\320\241\036\332A\034\332\240\035\336\201\034\312\201\r\326\300\036\314\001\036\344`\036\340\201\r\326\300\036\314\001\036\346\200\034\342\300\016\346\001\036\330`\r\354\301\034\340\201\016\310!\016\354`\036\340\201\r\332 \034\312a\036\330\240\r\304\301\034\342\300\016\330\240\r\306\201\034\312a\034\340\001\016\330\240\r\306\201\034\312a\034\340!\016\330\240\r\306\201\034\312a\034\340A\016\330\240\r\306\201\034\312a\034\340a\016\330\240\r\306\201\034\312a\034\340\201\016\330\240\r\306\201\034\312a\034\340\241\016\330\240\r\306\201\034\312a\034\340\301\016\330\240\r\306\201\034\312a\034\340\341\016\330\240\r\306A\036\306\201\r\332`\034\344!\037\340\201\036\336\201\r\332\200\034\346@\016\330\240\r\310\341\035\350\001\036\344\341\035\310\201\r\332\300\034\306\241\034\330\240\r\314\001\036\332 \034\344\241\035\354\001\017\330\240\r\314\001\036\332 \034\344\241\035\354\001\017\310!\016\354\200\r\332\300\034\340\241\r\302A\036\332\301\036\360\200\034\342\300\016\346\001\036\330\240\r\314\001\036\332 \034\344\241\035\354\001\017\346\001\036\330\240\r\314\001\036\342\300\016\314\241\035\330\201\r\332\300\034\340\301\016\350\200\r\332\300\034\352\201\035\330\301\034\340!\016\354\200\r\332\000\035\356\201\034\322\301\036\332 \034\344\241\035\330\240\r\322\001\017\332\241\035\330\240\r\330\341\035\304\201\r\332\240\035\354\241\034\330\240\r\332\301\036\312\301\r\314\001\036\330\240\r\334\241\034\336\301\035\330\240\r\340!\034\306A\034\350!\035\330\240\r\344!\034\346\201\r\332`\036\304\201\r\332`\036\320!\034\344\200\r\332\300\036\314\001\036\344\200\r\332\300\036\314\001\036\346\200\r\332\300\036\314\001\036\346\200\034\342\300\016\330\240\r\354\301\034\340a\016\346\001\036\330\240\r\354\301\034\340\201\016\330\240\r\354\301\034\340\201\016\310!\016\354\200\r\332\300\036\314\001\036\350`\036\340\001\330\200\b\001\260\000\244\000T\033\334i\370\377\377\377\377\001h\003\300\024\000?\000\340\000\370\003@\002\372\000\240\003\202\034\312\301\035\336A\036\332!\034\330\241\r\314\001\036\332\240\035\302\201\036\320\001\200\007y(\207y(\007y\260\207rh\203yH\207sp\0076\200\007y(\207y(\007y\260\207rh\203yH\207sp\007\2000\007y\b\207v(\2076\200\207wH\007w\240\207r\220\007\300\035\336\301\035\312\001 \332!\035\334\241\r\330\241\034\316!\034\330\241\r\354\241\034\306\201\036\336A\036\332\340\036\322\201\034\350\001\035\0008\000\bwx\2076H\007w0\207yh\003s\200\2076h\207p\240\007t\000\350A\036\352\241\034\000\302\035\336\241\r\334!\034\334a\036\332\300\034\340\241\r\332!\034\350\001\035\000z\220\207z(\007\200p\207wh\203yH\207sp\207r \2076\320\207r\220\207w\230\20760\007xh\203v\b\007z@\007\200\036\344\241\036\312\001 \346\201\036\302a\034\326\241\r\340A\036\336\201\036\312a\034\350\341\035\344\241\r\304\241\036\314\301\034\312A\036\332`\036\322A\037\312\001\300\003\200\240\207p\220\207s(\007zh\203q\200\207z\000\306\341\035\344\201\036\312\001\037\332\240\035\350\000 \350!\034\344\341\034\312\201\036\332\300\034\312!\034\350\241\036\344\241\034\346\001X\203p\220\207v\260\207;(\2076h\0076X\003r\230\007x`\20350\007x\210\003;`\2035@\207{ \207t\260\0076X\003z@\207zh\007qh\203vx\007r(\0076X\003{0\007x\220\203y\200\0076X\003{0\007x\230\003r\210\003;\230\007x`\2035\260\007s\200\007: \2078\260\203y\200\0076h\203p(\207y`\2036\020\007s\210\003;`\2036\030\007r(\207q\200\0078`\2036\030\007r(\207q\200\2078`\2036\030\007r(\207q\200\0079`\2036\030\007r(\207q\200\2079`\2036\030\007r(\207q\200\007:`\2036\030\007r(\207q\200\207:`\2036\030\007r(\207q\200\007;`\2036\030\007r(\207q\200\207;`\2036\030\007y\030\0076h\203q\220\207|\200\007zx\0076h\003r\230\0039`\2036 \207w\240\007x\220\207w \0076h\003s\030\207r`\20360\007xh\203p\220\207v\260\007<`\20360\007xh\203p\220\207v\260\007< \2078\260\0036h\003s\200\2076\b\007yh\007{\300\003r\210\003;\230\007x`\20360\007xh\203p\220\207v\260\007<\230\007x`\20360\007x\210\003;0\207v`\0076h\003s\200\007;\240\0036h\003s\250\007v`\007s\200\2078\260\0036h\003t\270\007rH\007{h\203p\220\207v`\2036H\007<h\207v`\2036`\207w\020\0076h\203v\260\207r`\2036h\007{(\00770\007x`\2036p\207rx\007w`\2036\200\207p\030\007q\240\207t`\2036\220\207p\230\0076h\203y\020\0076h\203y@\207p\220\0036h\003{0\007x\220\0036h\003{0\007x\230\0036h\003{0\007x\230\003r\210\003;`\2036\260\007s\200\2079\230\007x`\2036\260\007s\200\007:`\2036\260\007s\200\007: \2078\260\0036h\003{0\007x\240\203y\200\007`\003B\004\300\002\220\002@\007\033\240\342\377\377\377\377\007\340\024\000?\000\376\000\220\000\n\250\003\240\01768\306\377\377\377\377\017@\033\000\247\000\370\001 \001}\000\320\301\006\343\b\200\005\240\203\r\004B\000|\260\201I\002\200\024\2003\b\002\"H\003\005\000I\030\000\000\005\000\000\000\023\202`\202\020\b\023\204\201\230\020\024\023\006\343@&\004\t\000\0232z@\207zh\007q\260\207;(\207vh\203p\220\207vh\003wx\007w(\2076(\207p\020\207t@\007s\3300\007\345\320\006\355\240\007\345\320\006\360\240\007s \007z0\007r\320\006\246\220\016x\320\006\351`\007t\240\007v@\007m`\017q \007x\240\007v@\007z\020\007r\200\007m\020\016z\000\007z0\007r\320\006\3560\007r\320\006\263`\007t\240\021\302\344p\017\206uq\271\211}\021\345i{Y>\177M\251\315\231\354H\303\343\277\310 \363K\224\247\355e\371k*\037\277\346\364\366Lv\246\341\361_6\373[\306\323\323\256\361\220\np\004\000\000\002\000\b\000\001\000\000\000\b\000\007\030R9\314\000\000\200\000\000\001 \000\000\000\000\001\340\000C*M*\000\000\030\000 \000\004\000\000\000 \000\034`H\305\006\316\001\004\000\001\000\000\000\000\000\000\000\000\340\000C*=\220\026 \000\n\000\000\000\000\000\000\000\000\000\007\220\330 P\324T\001\000 \013\004\r\000\000\0002\036\230\024\031\021L\220\214\t&G\306\004C\212r(\204\"(\203\022\030\001\240\034\001(\204\202(\214\002)\224\202)\234\002*\244\202*\254\002+\264\222(\n\000\261\030\000\000\265\000\000\0003\b\200\034\304\341\034f\024\001=\210C8\204\303\214B\200\007yx\007s\230q\f\346\000\017\355\020\016\364\200\0163\fB\036\302\301\035\316\241\034f0\005=\210C8\204\203\033\314\003=\310C=\214\003=\314x\214tp\007{\b\007yH\207pp\007zp\003vx\207p \207\031\314\021\016\354\220\016\3410\017n0\017\343\360\016\360P\0163\020\304\035\336!\034\330!\035\302a\036f0\211;\274\203;\320C9\264\003<\274\203<\204\003;\314\360\024v`\007{h\0077h\207rh\0077\200\207p\220\207p`\007v(\007v\370\005vx\207w\200\207_\b\207q\030\207r\230\207y\230\201,\356\360\016\356\340\016\365\300\016\3540\003b\310\241\034\344\241\034\314\241\034\344\241\034\334a\034\312!\034\304\201\035\312a\006\326\220C9\310C9\230C9\310C9\270\3038\224C8\210\003;\224\303/\274\203<\374\202;\324\003;\260\303\f\307i\207pX\207rp\203th\007x`\207t\030\207t\240\207\031\316S\017\356\000\017\362P\016\344\220\016\343@\017\341 \016\354P\0163 (\035\334\301\036\302A\036\322!\034\334\201\036\334\340\034\344\341\035\352\001\036f\030Q8\260C:\234\203;\314P$v`\007{h\0077`\207wx\007x\230QL\364\220\017\360P\0163\036j\036\312a\034\350!\035\336\301\035~\001\036\344\241\034\314!\035\360a\006T\205\2038\314\303;\260C=\320C9\374\302<\344C;\210\303;\260\303\214\305\n\207y\230\207w\030\207t\b\007z(\007r\230\201\\\343\020\016\354\300\016\345P\016\3630#\301\322A\036\344\341\027\330\341\035\336\001\036fH\031;\260\203=\264\203\033\204\3038\214C9\314\303<\270\3019\310\303;\324\003<\314H\264q\b\007v`\007q\b\207qX\207\031\333\306\016\354`\017\355\340\006\360 \017\3450\017\345 \017\366P\016n\020\016\3430\016\3450\017\363\340\006\351\340\016\344P\016\3700#\342\354a\034\302\201\035\330\341\027\354!\035\346!\035\304!\035\330!\035\350!\037f \235;\274C=\270\0039\224\2039\314X\274pp\007wx\007z\b\007zH\207wp\207\031\313\347\016\3570\017\341\340\016\351@\017\351\240\017\3450\303\001\003s\250\007w\030\207_\230\207pp\207t\240\207t\320\207r\230\201\204A9\340\3038\260C=\220C9\314@\304\240\035\312\241\035\340A\036\336\301\034f$c0\016\341\300\016\3540\017\351@\017\3450C!\203u\030\007sH\207_\240\207|\200\207r\230\261\224\001<\214\303<\224\3038\320C:\274\203;\314\003\000\000\000y \000\000\000\002\000\000r\036H C\210\f\031\tr2H #\201\214\221\221\321D\240\020(d<12B\216\220!\243\030\007l\320r\000\000\000{p\n\243\340\007\315a\200\002\363\006\007\2010DQ\030C\222\020DQ\030C#)\215$M\304\036\000\303\023\365\301\224(\313C\034\017\000CubeMX/Drivers/STM32G4xx_HAL_Driver/Src\\stm32g4xx_ll_exti.cC:\\Users\\CHALLENGER\\Documents\\KeXieData\\Project\\DigitalPower\\BootLoaderComponent: Arm Compiler for Embedded 6.19 Tool: armclang [5e73cb00]./CubeMX/Drivers/CMSIS/Device/ST/STM32G4xx/Include\\stm32g4xx.hunsigned charDISABLEENABLE./CubeMX/Drivers/CMSIS/Device/ST/STM32G4xx/Include/stm32g431xx.hEXTI_TypeDefC:\\Keil_v5\\ARM\\ARMCLANG\\Bin\\..\\include\\stdint.huint8_tIMR1uint32_tunsigned intEMR1RTSR1FTSR1SWIER1PR1RESERVED1RESERVED2IMR2EMR2RTSR2FTSR2SWIER2PR2Dwarf VersionDebug Info Versionwchar_sizestatic_rwdataenumsize_buildattrarmlib_unavailablearmcompiler-version6.19CubeMX/Drivers/STM32G4xx_HAL_Driver/Src/stm32g4xx_ll_exti.cintomnipotent charSimple C/C++ TBAA./CubeMX/Drivers/STM32G4xx_HAL_Driver/Inc\\stm32g4xx_ll_exti.hLL_EXTI_InitTypeDefLine_0_31Line_32_63LineCommandFunctionalStateModeTriggerEXTI_InitStruct\000\000\000\346\301\001\000\000\000\000\0000\202\020\024#\b\2011\202\020\034#\b\0012\202\020$#\b\2012\202\220,#\b\t3\202\2204#\b\2113\202\220<#\b\t4\202\220D#\b\2114\202\220L#\b\t5\202\220T#\b\2115\202\220\\#\b\t6\202\220d#\b\2116\2225L\300,\314\f\000\200\016\000\000\352\000\000\000\000\000\000\000\000CY\001\263\nC\000\000@ \013\270\000\000\000\000\000\200\000\000\300H\3260\001 \221\007\000\000\016\000\000\244\004\000\000\000\000\000\000\000\fT\000\201\000\000\003\025\000!\000\300<\007@\006\005\002 \3008\004\001\006\0060\016A\200\301!\314 \270\302+\214d\t\004\300\n/\001\264\002\002\000\000,\000\000\000\000\000\000\000\300\fA,\fT\000\210\000\000\0239\200\225\314\302\330\000\250\000\000\000\000\000\300D\016\360\000\000\000\320\002\030\000\000\000\000\300@\005\240\000\0000\221\003X\213-\370\001\320\n\000\000\000\000\000\314 \324\302-\314s\000d\340\200\001p\000\0239\200\325\330\002(\000\271\000\000\000\000\000\300D\016P\007\000\000\000\272\000\000\000\000\000\300D\016\3200\263P3\250\260\013`\000\000\000\000\000\0239@\363\314\202\315\240\302.\200\001\000\006\000\000\000\0239@\003\315\302\315\240\302.\200\001\000\n\000\000\000\0239@\023\315\002\316\240\302.\200\001\000\016\000\000\000\0239@#\315B\316\240\302.\200\001\000\022\000\000\000\0239@3\315\202\316\240\302.\200\001\000\026\000\000\000\0239@C\315\302\316\240\202.\200\001\000\032\000\000\000\0239@S\315\002\317\240\202.\200\001\000\036\000\000\000\0239@c\315B\317\240\302.\200\001\000\"\000\000\000\0239@s\315\202\317\240\302.\200\001\000&\000\000\000\0239@\203\315\302\317\240\302.\200\001\000*\000\000\000\0239@\223\315\002\330\240\302.\200\001\000.\000\000\000\0239@\243\315B\330\240\302.\200\001\0002\000\000\000\0239@\263\315\202\330\240\302.\200\001\0006\000\000\00038\274\320\013\276\360\013\340\020\016\3420\016\344P\016\346p\016\350\220\0163\fr\300\315\301\f\003\035tu0\303`\007\036\035\3140\330\301g\0073\fv\000\006v0\303`\007ap\0073\fv \006c0C0\fT\000d \000\300\f\001\032\3140\234\001=\340\301\f\203\031\324\003\036\314\320\225\201=\340\201=\344\201=\350\201=\354\201=\360\201=\364\201=\370\201=\374\201=\200\202=\204\202=\210\202=\214\202=\220\202=\224\302\f\303=\330\003\036\3140\334\203=\344\301\f\303=\330\203\036\3140\334\203=\354\301\f\303=\330\003(\3140\334\203=\204\302\f\303=\330\203(\3140\334\203=\214\302@\005\220\006\002\000L\344\000\226\032\200\204*\000\252\000\000\000\000\000\300D\016\360\000\000\000\204\004\030\000\000\000\000\300D\016\320\254\001H\360\201*\350\002\030\000\000\000\000\300D\016\320\260\001H\374\201*\350\002\030\000`\000\000\0000\221\003Xn\300\n3\001\304\002\000\000\000\000\000\0239@\323\006 !\n\252P\022\b\000\n\000\000\000\0239@\363\006 Q\n\252p\013\b\200\n\000\000\000\0239@\003\007 \201\n\252p\013\b\000\013\000\000\0003\024#A\022&q\022(1]`\314\260\224\201=\340\201=\344A=\350A=\230B=\234\302\f\303J\324\303)\334.\000\034\307q\034\307q\034\307q\034\307q\034\307q\034\307\026f\301\026n\340\006\240\340\006n\200\006l\301\271\201=\300\203\033\330\003\032\230\202=\300\203H\240\004J\240\004J\240\004J\240\004J\240\004J\240\004J\240\004^\270\201\033\270\201\033\320\001\035\320\201E\007\034\035\320\001\273\320\001\035\320\001\035\320\001\035\320\001\035\320\001?\300\003J\270\004?\240\004J\240\004+X4!#\201\t\312\205\215\315\256\315\205L\354\314e\254n\224\000\0252bc\263ksi{#\253c+s1c\013;\233\033\345P\207u`\207vp\207w\200\207T\330\330\354\332\\\322\310\312\334\350F\t\342\001\000\000\000\000\251\030\000\000/\000\000\000\013\nr(\207w\200\007zXp\230C=\270\3038\260C9\320\303\202\346\034\306\241\r\350A\036\302\301\035\346!\035\350!\035\336\301\035\026(\342P\016\346\360\016\362P\016\351\340\016\363@\017\013\222p0\007z(\007yH\007w\230\007zX\320\214\2039\234C=\204\203<\220\003=\204\203<\234C9\320\303\002\006\036\344\241\034\302\201\035\330\341\035\306!\034\350\241\034\310a\301q\016\343\320\006\354\220\016\366P\016\013\254q`\207pp\207sp\203p\220\207qp\203p\240\007z\b\207q@\207r \207q\b\007v`\207\005\007<\320\203<\204C=\320\003:, \326a\034\314!\035\000\000\000\000\321\020\000\000\006\000\000\000\007\314<\244\203;\234\003;\224\003=\240\203<\224C8\220\303\001\000\000\000a \000\000y\000\000\000\023\004A,\020\000\000\000\035\000\000\000\024\005\b\b\212?P\200\220\210\200\b\205\b\211\b\210P\220\220\210\200\b\205\t\211\b\210P\240\220\210\200\b\345\377\377~P\250\220\210\200\b\205V\300\220\210\200\b\205\f\211\b\210P\320\220\210\200\b\205\r\211\b\210P\340\220\210\200\b\005\037P\350\220\210\200\b\004\246\301a\032\035\246\341a\032\037\246\001b\032\"\246Ab\032%\246ab\032'\246\201b\032*\000\000\000\000\3610\000\000\027\000\000\000\"G\310\220Q\006\204\004\016\000\000\000LL_EXTI_DeInit\000\000\253\250c\036Z\002\230\207W\200\tX\0000\000DA\020\204R\001\000b\002\000\000`C\240\013\233\b\001x\t`\003\260a\270\007{\340\203\r\303=\330C\037l\030\356\301\036Ha\303p\017\366P\n\000\303\006\004\303-\301\214A!\013\203K\000\300\260\001\261\264\301\020\314\030\024\2640\270\004\000\f\033\020J\033\020\301\214Aa\013\203K\000\300\260\001\221\264\301\020\314\030\024\2700\270\004\000\f\033\020H\033\024\301\214A\241\013\203K\000\300\260\001qXC0cP\360\302\340\022\0000l@\030\224\021\314\030\024\3420\270\004\000\f\033\020E\033\f\301\214AQ\016\203K\000\300\260\001A\264\001\021\314\030\024\3470\270\004\000\f\033\020C\033\f\301\214A\221\016\203K\000\300\260\001!\264A\021\314\030\024\3530\270\004\000\f\033\020\2013\0043\006E;\f.\001\000\333\0063\006\305;\f.\001\000\0011\000\020\000\000\000[\004\240%\266\f@p\017[\206 \300\207-\203\020\344\303\226a\b\364a\313@\0041\261e(\002\231\3302\030\301>l\031\216\200\037\266\fH\320\017[\206$\360\207-\203\022\314\304\226a\th\002\000\000\000\000\000a \000\000\211\004\000\000\023\004X,\020\000\000\000\024\000\000\000\0245P\210\220\210\200\b\005\b\211\b\210P\230\220\210\200\b\005\t\211\b\210P\310\220\210\200\b\005\f\211\b\210P\330\220\210\200\b\005\r\211\b\210P\n\204#\000%P\004e@`\032\035\246\341a\032!\246!b\032\037\246\001b\032#\246A\002\000\000\000\3610\000\000\223\001\000\000\"G\310\220QN\220\356\000\000\000\000\214\201d\225\205}\235\347i\326\225\201\201\367}\000LL_EXTI_InitstatusExtiLineLL_EXTI_DisableEvent_0_31LL_EXTI_EnableIT_0_31LL_EXTI_DisableIT_0_31LL_EXTI_EnableEvent_0_31LL_EXTI_DisableFallingTrig_0_31LL_EXTI_EnableRisingTrig_0_31LL_EXTI_DisableRisingTrig_0_31LL_EXTI_EnableFallingTrig_0_31LL_EXTI_DisableEvent_32_63LL_EXTI_EnableIT_32_63LL_EXTI_DisableIT_32_63LL_EXTI_EnableEvent_32_63LL_EXTI_DisableFallingTrig_32_63LL_EXTI_EnableRisingTrig_32_63LL_EXTI_DisableRisingTrig_32_63LL_EXTI_EnableFallingTrig_32_63\000\000\253\250c\036Z\002\230\207|\350\r}\0000\000DA\020\204R\001\000\300\003\000\000`V\021\200\305<\220\3041\253\b\302b\036Jb\230U\004b1\017)\221\314*\202\261\230\007\225(VQ\007H\300\004\000\022\347d\036\350\004p\000\210\202 \b\245\002\000\234\007\000\000\300\254\" \213y`\211C\347\201\0042\204\310\220\221\320/\261P\026\200U\324\001\0221\001\200\004\236\230G\236\000\034\000\242 \bB\251\000\000\351\001\000\000\3201\261P\026\200U\324\001\0222\001\200\304\310\230\007\311\000\034\000\242 \bB\251\000\000\353\001\000\000\3205\261P\026\200U\324\001\0223\001\200\004\030\231G\030\001\034\000\242 \bB\251\000\000\355\001\000\000\3207\261P\026\200\336\211\205\262\000tO,\224\005`V\021\220\305<\214\305\262\212:@\202&\000\220h\301\300<\\0\0008\000DA\020\204R\001\000\336\003\000\000`V\021\300\305<\220\3051\253\b\344b\036\314\"\351\264h\220\013\300*\352\000\211\232\000@b\277\314\203\277\000\016\000Q\020\004\241T\000\200\370\000\000\000\350\265h\220\013\300*\352\000\t\233\000@\"\324\314C\324\000\016\000Q\020\004\241T\000\200\371\000\000\000\350\267h\220\013\300*\352\000\211\233\000@\002\365\314#\365\000\016\000Q\020\004\241T\000\200\372\000\000\000\350\270h\220\013@\327E\203\\\000\372.\032\344\0020\253\b\304b\036@#\231U\004}1\017\241Q\254\242\016\220\300\t\000$\376\311<@\n\340\000\020\005A\020J\005\000\300\017\000\000\200YE\340\027\3630\032G\233\306\302_\000VQ\007H\344\004\000\022\262b\036\263\002p\000\210\202 \b\245\002\000\350\007\000\000@\243\306\302_\000VQ\007H\350\004\000\022>c\036?\003p\000\210\202 \b\245\002\000\360\007\000\000@\263\306\302_\000VQ\007H\354\004\000\022yd\036z\004p\000\210\202 \b\245\002\000\370\007\000\000@\273\306\302_\000Z6\026\376\002\320\264\261\360\027\200YE\340\027\363\240\033\313*\352\000\t\236\000@\242\f\003\3630\303\000\340\000\020\005A\020J\005\000\000\021\000\000\200YE\240\032\363\260\033\307\254\"`\215y\350\215\244\301\243\2015\000\253\250\003$z\002\000\t\0323\217\032\0038\000DA\020\204R\001\000D\004\000\000\240\305\243\2015\000\253\250\003$|\002\000\211]3\017^\0038\000DA\020\204R\001\000H\004\000\000\240\315\243\2015\000\253\250\003$~\002\000\211\3603\017\361\0038\000DA\020\204R\001\000L\004\000\000\240\321\243\2015\000\315\036\r\254\001h\367h`\r\300\254\"\b\213y\310\217\241\367\243\3006\000\335\037\005\266\001\350\377(\260\r@\207H\201m\0006\b\272 \022\233\b\001\340\r`\234\"\200E\034\314C>\210D\000\000\3008E\000\013\227\230\207}\320\005\000\000\200\r\202o\374\306\206a%\352A\0176\f+a\017x\260aX\211z0\205q\212P\026/\001\022\347\244\013\001\000\000\033\004@\0276\021\002P\036\300\206\200<\306)\002Z\274\004H\340\211.\004\000\000l\b\320c\234\"\250\305K\200\304\310\350B\000\000\300\206@=\306)\002[\274\004H\200\221.\004\000\000l\b\330c\234\"\304\305K\200D\013\006\272\020\000\000\260!p\217q\212P\027/\001\022\373\245\013\001\000\000\033\002\370\030\247\bw\361\022 \021j\272\020\000\000\260!\220\217q\212\220\027/\001\022\250\247\013\001\000\000\033\002\372\3300\254\204=\344\3018E\370\213\227\000\211\177\322\205\000\000\200\r\301}\214S\004\321x\t\220\220\025]\b\000\000\330\020\344\3078E \215\227\000\t\237\321\205\000\000\200\r\301~\214S\004\323x\t\220\310#]\b\000\000\330\020\364\3078EX\215\227\000\2112\ft!\000\000`C\360\037\343\024\3415^\002$hL\027\002\000\0006\004!2N\021b\343%@b\327t!\000\000`C0\"\343\024a6^\002$\302O\027\002\000\0006\004%2A\000\266\tBP\007\023\204\340\024&\b\001.L\020\202\\\230 \004\2730A\b\332a\202\020\270\303\004!\370\207\tB`\022\023\204\200%\000\000\000\000#\006\007\000\202`p\274\001\233\377\377\377\017\265\376\377\377?\244\375\377\377\3770cP\000\000X\000\300\210\301\001\200 \030\034o\300\377\377\377\377\003\255\377\377\377\017i\377\377\377?L\030\000\235\207\013\r\326`\306\240 \t,,\000\200\002\034\023\006\300pC\340\200\301\214AA\022d\020\026\000@Z\214\031\203\002\000\302\002\000f\031\254@\2301(H\342\000\013\000\030n\b\330\000\ff\f\212\224 \203\261\000\200Y\206E\bf\f\212\224H\304\002\000:\017\\\033\274\301\214A\261\022`@\026\000@\001\206\t\003`\230\004\t\f3\030\316\200@\203b\306\240X\211\203,\000`\304\340\000@\020\f\016;\220\363\377\377\377\301\326\377\377\377\007\270\377\377\377\037f\f\n\000(\213\263\000\216\350x\306\240H\247\241,\316\002 (\346\204\001p\201\240\023\006\300\260\001!\005C0a\000\214\030\034\000\b\202\301\221\007u\376\377\377?\324\372\377\377\3770\367\377\377\377\303\214A\001\000h\221\026\000E\261q\306\240\320\223\001-\322\002\270\000\331\t\003`\330\200\230\202%\2300\000f\t\214\031\203B&\026\263\000\200\021\203\003\000A08\366\340\316\377\377\377\207Z\377\377\377\037\352\376\377\377\177\2301(\000@-\326\002\270D\fx\306\240(\231A-\326\002 *6N\030\000\027\b:a\000\f\033\020V\260\004\023\006\300\210\301\001\200 \030\034~\240\347\377\377\377\203\255\377\377\377\017x\377\377\377?\314\030\024\000\300\026m\001\320\025s\306\240\020\243\201-\332\002\270\240\331\t\003`\330\200\310\202!\2300\000f\t\214\031\203\002'\026\263\000\200\021\203\003\000A08@\201\317\377\377\377\007^\377\377\377\037\364\376\377\377\177\2301(\000\000-\334\002 ,6\316\030\024z2\240\205[\000\027<;a\000\f\033\020Z\260\004\023\006\300\210\301\001\200 \030\034\242\340\347\377\377\377\203\256\377\377\377\017|\377\377\377?\314\030\024\000\300\026o\001\320\026s\306\240\020\243\201-\336\002\270 \332\t\003`\330\200\350\202!\2300\000f\t\214\031\203\302'\026\263\000\200\201\222@\037\n} \364a\340\007a\306\240\000\000\260\000\200\021\203\003\000A08J\001\324\377\377\377\007u\377\377\377\037\376\376\377\377\177\2300\000:\017m\340\007\2420cP\214\005\007\027\000@\001\212\t\003`\230\005\t\0243X\316\340@\003$\r\222\031\203b,\026\262\000\200\021\203\003\000A08Na\324\377\377\377\207^\377\377\377\037B\377\377\377\177\2301(\000 .\350\002\270\312\rx\306\240x\301`\210\013\272\000\250\2139a\000\\ \350\204\0010l@|\301\020L\030\000#\006\007\000\202`p\250\202\251\377\377\377\017\276\376\377\377?\220\376\377\377\3770cP\000@]\330\005@^\320\031\203\242\277\206\272\260\013\340\202l'\f\200a\003\002\f\002\"\2300\000f\t\226\031\203\202-\232\271\000\200\021\203\003\000A08X\001\325\377\377\377\007_\377\377\377\037L\377\377\377\177\2301(\000\340.\360\0028m\016x\306\240\030\265\341.\360\002\2400\b:a\000\\ \350\204\0010l@\214A@\004\023\006\300\210\301\001\200 \030\034\257\260\352\377\377\377\303\257\377\377\377\017\251\377\377\377?\314\030\024\000\220\027z\001\020\031\304\2341(To\310\013\275\000.\360v\302\000\0306 \314 \030\202\t\003`\226`\2311(\344\242\231\013\000\03018\000\020\004\203#\026Z\375\377\377\177(\367\377\377\377a\365\377\377\377\207\031\203\002\000\352b/\000*\203\2403\006E\177\ru\261\027\300\005`\260\023\006\300\260\001q\006\001\021L\030\000#\006\007\000\202`p\314\302\253\377\377\377\017\343\376\377\377?\264\376\377\377\3770cP\000@^\360\005@h\020s\306\240P\275!/\370\002\270@\fv\302\000\0306 \324 \030\202\t\003`\226`\2311(\360\242\231\013\000\270(\026v\306\240\320\013j.\000`\304\340\000@\020\f\016[\200\365\377\377\377a\337\377\377\377\007\330\377\377\377\037f\f\n\000\000\013\000\230%Xf\f\212\275h\346\002\000\006j\002A!\203\204\f\02028\310\300\360\211`\306\240\000\000\260\000\200\021\203\003\000A08n\001\326\377\377\377\007~\377\377\377\037b\377\377\377\177\2300\000:\017\177\000\013\2610cP\200\206\326\027\000@A\214\t\003`\270!\220\0050\2301(@\243\f\372\002\000f\031.&\2301(@#\021\013\000\350<\210\302,\324\302\214A!\032`\340\027\000@\001\206\t\003`\230\004\t 3h\316\300A\203g\306\240\020\215\303/\000`\304\340\000@\020\f\016^\240\365\377\377\377!\335\377\377\377\007\333\377\377\377\037f\f\n\000\370\213\320\000\216\030\005\2361(Bj\370\213\320\000\210\016bN\030\000\027\b:a\000\f\033\020v\020\f\301\204\0010bp\000 \b\006\307/\334\372\377\377\377\240\356\377\377\377C\356\377\377\377\0173\006\005\000\210\306h\000T\007ag\f\nZ\031Dc4\200\013\220\2350\000\206\r\210;\b\214`\302\000\230%\210f\f\212\324X@\003\000F\f\016\000\004\301\340\b\207\\\377\377\377\037\324\375\377\377\177\330\375\377\377\377a\306\240\000\000\322(\r\340\022T\340\031\203\002l\006\322(\r\200\360 \354\204\001p\201\240\023\006\300\260\001\241\007\201\021L\030\000#\006\007\000\202`p\220\003\257\377\377\377\017\353\376\377\377?\370\376\377\377\3770cP\000\200i\234\006@{\020s\306\240\330\243\3014N\003\270\240\331\t\003`\330\200\350\203`\b&\f\200Y\202h\306\240x\215\0054\000`\304\340\000@\020\f\016s\360\365\377\377\377!\336\377\377\377\007\360\377\377\377\037f\f\n\000\020\r\324\000\210\017\302\316\030\024\2642\210\006j\000\027<;a\000\f\033\020~\020\030\301\204\0010bp\000 \b\006\007:\200\373\377\377\377\360\356\377\377\377\203\370\377\377\377\0173\006\005\000\230Fj\000\364\0071g\f\212=\032L#5\200\013\242\2350\000\206\r\210P\b\206`\302\000\230%\210f\f\212\332X@\003\000\216:\207\2351(nC\002\r\000\03018\000\020\004\203c\035\304\375\377\377\177\200\371\377\377\377\241\374\377\377\377\207\031\203\002\000\300\002\000f\t\242\031\203\0027\026\320\000\200\201\222@\200\324\340Q\003G\r\232\031\203\002\000\304\002\000F\f\016\000\004\301\340`\007q\377\377\377\037b\376\377\377\1770\377\377\377\377a\306\240\000\000\260\000\200\316\003-\224C:\314\030\024\272\301\251\006\000P\200b\302\000\030fA\202\312\f\2563\220\320`J\003j\306\240\320\215\305/\000`\304\340\000@\020\f\016w0\367\377\377\377a\336\377\377\377\007\364\377\377\377\037f\f\n\000X\r\327\000\316\252\005\2361(\3160\030V\3035\000\022\205\230\023\006\300\005\202N\030\000\303\006\004)\004C0a\000\214\030\034\000\b\202\301\021\017\351\376\377\377?\320\373\377\377\377\260\376\377\377\377\303\214A\001\000\257\001\033\000\215B\320\031\203\302\306\206\327\200\r\340\002m'\f\200a\003\242\024\002\"\2300\000f\t\256\031\203b<\232\326\000\200\021\203\003\000A08\346a\335\377\377\377\007z\377\377\377\037\332\377\377\377\177\2301(\000 6d\003\270M\027x\306\240\350\265!6d\003 S\b:a\000\\ \350\204\0010l@\240B@\004\023\006\300\210\301\001\200 \030\034\366\340\356\377\377\377C\275\377\377\377\017\360\377\377\377?\314\030\024\0000\033\264\001P*\304\2341(\306o\230\r\332\000.\370v\302\000\0306 V!\030\202\t\003`\226\340\2321(\322\243i\r\000\03018\000\020\004\203\003\037\340\375\377\377\177\330\367\377\377\377A\376\377\377\377\207\031\203\002\000^\2436\000R\205\2403\006\205\215\r\257Q\033\300\005a\260\023\006\300\260\001\301\n\001\021L\030\000#\006\007\000\202`p\350\203\274\377\377\377\017\371\376\377\377?\320\377\377\377\3770cP\000\300l\330\006@\255\020s\306\240\030\277a6l\003\270`\fv\302\000\0306 ^!\030\202\t\003`\226\340\2321(\336\243i\r\000\270H\027v\306\240\210\017\2525\000`\304\340\000@\020\f\216~\220\367\377\377\377A\354\377\377\377\207\373\377\377\377\037f\f\n\000\000\013\000\230%\270f\f\n\371hZ\003\000F\f\016\000\004\301\340\350\207|\377\377\377\037n\376\377\377\177\270\377\377\377\377a\306\240\000\000\265\300\r\340V\201\034x\306\240(\231A-p\003 [\210\215\023\006\300\005\202N\030\000\303\006\004.\004K0a\000\214\030\034\000\b\202\301\001\022\374\376\377\377?\200\375\377\377\377\240\377\377\377\377\303\214A\001\000e\221\033\000\345B\314\031\203\"\235\206\262\310\r\340\002B'\f\200a\003b\027\202!\2300\000:\017\352\260\017\3740cP\374\207\033\334\006\000P\020c\302\000\03018\000\020\004\203\203$\360\375\377\377\177h\371\377\377\377\301\377\377\377\377\207\031\203\002\000HC7\200\013\326\201g\f\n\260\031HC7\000\332\205\260\023\006\300\005\202N\030\000\303\006D/\004F0a\000\214\030\034\000\b\202\301q\022\373\376\377\377?\320\374\377\377\377\020\314\030\024\000\360\027\273\001\220/\304\2341(Bj\370\213\335\000. t\302\000\0306 \300!\030\202\t\003`\226\340\032\350\t\264\212\017(>\230\370@\342\203\310\034\026\022\261f\f\n\000\000\013\000\03018\000\020\004\203C%\372\375\377\377\177x\373\377\377\377\201\2300\0006\2301(Hd\000\013\000\b\210\001Z\000\000\000[\004\340'\266\fC\000\036[\206\"\b\217-\203\022\210\307\226\301\t\360a\313\000\005\370\260e\220\202{\3302P\301=l\031\260\340\036\266\fZp\017[\006.\300\207-\203\027\340\303\226!\f\202{\3302\214Ap\017[\2062\b\360a\313p\006\001>l\031\330 X\211-\003\034\004\372\260e\220\203@\037\266\ft\020\344\303\226\301\016\202|\3302\350A\220\017[\006>\b\362a\313\340\007\201>l\031@!\320\207-\303(\004\371\260e(\205 \037\266\f\247\020\350\303\226!\025\002}\3302\304BP\037[\206Z\b\304c\313\220\013\001?l\031v!\340\207-C/\004\373\260e\370\205`\037\266\f\343\020\354\303\226\241\034\202}\3302\234C\300\017[\206t\b\370a\313\300\016\301>l\031\334!\330\207-\003<\004\374\260e\220\207\200\037\266\f\372\020\254\304\226\301\037\002\177\3302\200D\340\017[\006\221\b\372a\313@\022A?l\031P\"\350\207-\203J\004\375\260e`\211\300\037\266\f.\021\370\303\226!&\202~\3302\314D\320\017[\206\232\b\374a\313p\023\201?l\031|\"\270\207-\003X\004\367\260e\020\213\000\037\266\fd\021\340\303\226\301,\202\372\3302\244E\260\017[\206\265\b\366a\313\320\026\001?l\031\336\"\340\007\000\000\000\000\000\000\000\000a \000\0009\000\000\000\023\004A,\020\000\000\000\002\000\000\000\204#\000E@:\002\000\3610\000\000\027\000\000\000\"G\310\220Q\006\204\005\022\000\000\000LL_EXTI_StructInit\000\000\253\250c\036Z\002\230\007\026\201\211\026\0010\000DA\020\204R\001\000d\002\000\000`\203\000\210\304&B\000^\002\030\247\b.\021\007\363\300\"\"\021\000\000\260!\210\211\t\002\260\001\000\000\000#\006\007\000\202`pp-\377\377\377?\274\374\377\377\377`\363\377\377\377\303\214A\001\000.\001\000\235\007\242\312f\f\n\031\241\\\002\000F\f\020#\004\301`\341\n\302\020f\f\212\027\031\003\227\000\200a\003\"\030\004`\306\240\220\2211p\t\000\320\031\203bF\002\227\000\200\200\030\003\000\000\000[\004\240%\266\fC\260\022\000\000\000\000\000\000\000q \000\000\004\000\000\0002\016\020\"\204\000\345\n\030\000\276\200\002\353\024\000\000\000\000\000e\f\000\0007\000\000\000\022\003\224\260\001\000\000\000\003\000\000\000L\000\000\000\t\000\000\000L\000\000\000\001\000\000\000X\000\000\000\000\000\000\000X\000\000\000\005\000\000\000\320\000\000\000\000\000\000\000U\000\000\000\031\000\000\000n\000\000\000;\000\000\000\016\000\000\000\000\000\000\000\320\000\000\000\000\000\000\000\000\000\000\000\005\000\000\000\000\000\000\000\000\000\000\000\016\000\000\000\000\000\000\000\016\000\000\000\377\377\377\377\001$\000\000\016\000\000\000\f\000\000\000\016\000\000\000\f\000\000\000\377\377\377\377\001$\000\000\032\000\000\000\022\000\000\000\032\000\000\000\022\000\000\000\377\377\377\377\001$\000\000,\000\000\000\016\000\000\000,\000\000\000\016\000\000\000\377\377\377\377\b,\000\000:\000\000\000\022\000\000\000:\000\000\000\022\000\000\000\377\377\377\377\b,\000\000\000\000\000\000]\f\000\000.\000\000\000\022\003\224i\001\000\000\000LL_EXTI_DeInitLL_EXTI_InitLL_EXTI_StructInitllvm.dbg.valuellvm.memset.p0.i6416.0.0gitthumbv7em-arm-none-eabihfCubeMX/Drivers/STM32G4xx_HAL_Driver/Src/stm32g4xx_ll_exti.c\000\000\000\000\000\000"
	.size	.Lllvm.embedded.module, 11352

	.section	.debug_abbrev,"",%progbits
	.byte	1                               @ Abbreviation Code
	.byte	17                              @ DW_TAG_compile_unit
	.byte	1                               @ DW_CHILDREN_yes
	.byte	37                              @ DW_AT_producer
	.byte	14                              @ DW_FORM_strp
	.byte	19                              @ DW_AT_language
	.byte	5                               @ DW_FORM_data2
	.byte	3                               @ DW_AT_name
	.byte	14                              @ DW_FORM_strp
	.byte	16                              @ DW_AT_stmt_list
	.byte	23                              @ DW_FORM_sec_offset
	.byte	27                              @ DW_AT_comp_dir
	.byte	14                              @ DW_FORM_strp
	.byte	0                               @ EOM(1)
	.byte	0                               @ EOM(2)
	.byte	2                               @ Abbreviation Code
	.byte	4                               @ DW_TAG_enumeration_type
	.byte	1                               @ DW_CHILDREN_yes
	.byte	73                              @ DW_AT_type
	.byte	19                              @ DW_FORM_ref4
	.byte	11                              @ DW_AT_byte_size
	.byte	11                              @ DW_FORM_data1
	.byte	58                              @ DW_AT_decl_file
	.byte	11                              @ DW_FORM_data1
	.byte	59                              @ DW_AT_decl_line
	.byte	11                              @ DW_FORM_data1
	.byte	0                               @ EOM(1)
	.byte	0                               @ EOM(2)
	.byte	3                               @ Abbreviation Code
	.byte	40                              @ DW_TAG_enumerator
	.byte	0                               @ DW_CHILDREN_no
	.byte	3                               @ DW_AT_name
	.byte	14                              @ DW_FORM_strp
	.byte	28                              @ DW_AT_const_value
	.byte	15                              @ DW_FORM_udata
	.byte	0                               @ EOM(1)
	.byte	0                               @ EOM(2)
	.byte	4                               @ Abbreviation Code
	.byte	36                              @ DW_TAG_base_type
	.byte	0                               @ DW_CHILDREN_no
	.byte	3                               @ DW_AT_name
	.byte	14                              @ DW_FORM_strp
	.byte	62                              @ DW_AT_encoding
	.byte	11                              @ DW_FORM_data1
	.byte	11                              @ DW_AT_byte_size
	.byte	11                              @ DW_FORM_data1
	.byte	0                               @ EOM(1)
	.byte	0                               @ EOM(2)
	.byte	5                               @ Abbreviation Code
	.byte	15                              @ DW_TAG_pointer_type
	.byte	0                               @ DW_CHILDREN_no
	.byte	73                              @ DW_AT_type
	.byte	19                              @ DW_FORM_ref4
	.byte	0                               @ EOM(1)
	.byte	0                               @ EOM(2)
	.byte	6                               @ Abbreviation Code
	.byte	22                              @ DW_TAG_typedef
	.byte	0                               @ DW_CHILDREN_no
	.byte	73                              @ DW_AT_type
	.byte	19                              @ DW_FORM_ref4
	.byte	3                               @ DW_AT_name
	.byte	14                              @ DW_FORM_strp
	.byte	58                              @ DW_AT_decl_file
	.byte	11                              @ DW_FORM_data1
	.byte	59                              @ DW_AT_decl_line
	.byte	5                               @ DW_FORM_data2
	.byte	0                               @ EOM(1)
	.byte	0                               @ EOM(2)
	.byte	7                               @ Abbreviation Code
	.byte	19                              @ DW_TAG_structure_type
	.byte	1                               @ DW_CHILDREN_yes
	.byte	11                              @ DW_AT_byte_size
	.byte	11                              @ DW_FORM_data1
	.byte	58                              @ DW_AT_decl_file
	.byte	11                              @ DW_FORM_data1
	.byte	59                              @ DW_AT_decl_line
	.byte	5                               @ DW_FORM_data2
	.byte	0                               @ EOM(1)
	.byte	0                               @ EOM(2)
	.byte	8                               @ Abbreviation Code
	.byte	13                              @ DW_TAG_member
	.byte	0                               @ DW_CHILDREN_no
	.byte	3                               @ DW_AT_name
	.byte	14                              @ DW_FORM_strp
	.byte	73                              @ DW_AT_type
	.byte	19                              @ DW_FORM_ref4
	.byte	58                              @ DW_AT_decl_file
	.byte	11                              @ DW_FORM_data1
	.byte	59                              @ DW_AT_decl_line
	.byte	5                               @ DW_FORM_data2
	.byte	56                              @ DW_AT_data_member_location
	.byte	11                              @ DW_FORM_data1
	.byte	0                               @ EOM(1)
	.byte	0                               @ EOM(2)
	.byte	9                               @ Abbreviation Code
	.byte	53                              @ DW_TAG_volatile_type
	.byte	0                               @ DW_CHILDREN_no
	.byte	73                              @ DW_AT_type
	.byte	19                              @ DW_FORM_ref4
	.byte	0                               @ EOM(1)
	.byte	0                               @ EOM(2)
	.byte	10                              @ Abbreviation Code
	.byte	22                              @ DW_TAG_typedef
	.byte	0                               @ DW_CHILDREN_no
	.byte	73                              @ DW_AT_type
	.byte	19                              @ DW_FORM_ref4
	.byte	3                               @ DW_AT_name
	.byte	14                              @ DW_FORM_strp
	.byte	58                              @ DW_AT_decl_file
	.byte	11                              @ DW_FORM_data1
	.byte	59                              @ DW_AT_decl_line
	.byte	11                              @ DW_FORM_data1
	.byte	0                               @ EOM(1)
	.byte	0                               @ EOM(2)
	.byte	0                               @ EOM(3)
	.section	.debug_info,"",%progbits
.Lcu_begin0:
	.long	.Ldebug_info_end0-.Ldebug_info_start0 @ Length of Unit
.Ldebug_info_start0:
	.short	4                               @ DWARF version number
	.long	.debug_abbrev                   @ Offset Into Abbrev. Section
	.byte	4                               @ Address Size (in bytes)
	.byte	1                               @ Abbrev [1] 0xb:0x11f DW_TAG_compile_unit
	.long	.Linfo_string0                  @ DW_AT_producer
	.short	12                              @ DW_AT_language
	.long	.Linfo_string1                  @ DW_AT_name
	.long	.Lline_table_start0             @ DW_AT_stmt_list
	.long	.Linfo_string2                  @ DW_AT_comp_dir
	.byte	2                               @ Abbrev [2] 0x1e:0x15 DW_TAG_enumeration_type
	.long	51                              @ DW_AT_type
	.byte	1                               @ DW_AT_byte_size
	.byte	1                               @ DW_AT_decl_file
	.byte	143                             @ DW_AT_decl_line
	.byte	3                               @ Abbrev [3] 0x26:0x6 DW_TAG_enumerator
	.long	.Linfo_string4                  @ DW_AT_name
	.byte	0                               @ DW_AT_const_value
	.byte	3                               @ Abbrev [3] 0x2c:0x6 DW_TAG_enumerator
	.long	.Linfo_string5                  @ DW_AT_name
	.byte	1                               @ DW_AT_const_value
	.byte	0                               @ End Of Children Mark
	.byte	4                               @ Abbrev [4] 0x33:0x7 DW_TAG_base_type
	.long	.Linfo_string3                  @ DW_AT_name
	.byte	8                               @ DW_AT_encoding
	.byte	1                               @ DW_AT_byte_size
	.byte	5                               @ Abbrev [5] 0x3a:0x5 DW_TAG_pointer_type
	.long	63                              @ DW_AT_type
	.byte	6                               @ Abbrev [6] 0x3f:0xc DW_TAG_typedef
	.long	75                              @ DW_AT_type
	.long	.Linfo_string22                 @ DW_AT_name
	.byte	3                               @ DW_AT_decl_file
	.short	419                             @ DW_AT_decl_line
	.byte	7                               @ Abbrev [7] 0x4b:0xbc DW_TAG_structure_type
	.byte	56                              @ DW_AT_byte_size
	.byte	3                               @ DW_AT_decl_file
	.short	403                             @ DW_AT_decl_line
	.byte	8                               @ Abbrev [8] 0x50:0xd DW_TAG_member
	.long	.Linfo_string6                  @ DW_AT_name
	.long	263                             @ DW_AT_type
	.byte	3                               @ DW_AT_decl_file
	.short	405                             @ DW_AT_decl_line
	.byte	0                               @ DW_AT_data_member_location
	.byte	8                               @ Abbrev [8] 0x5d:0xd DW_TAG_member
	.long	.Linfo_string9                  @ DW_AT_name
	.long	263                             @ DW_AT_type
	.byte	3                               @ DW_AT_decl_file
	.short	406                             @ DW_AT_decl_line
	.byte	4                               @ DW_AT_data_member_location
	.byte	8                               @ Abbrev [8] 0x6a:0xd DW_TAG_member
	.long	.Linfo_string10                 @ DW_AT_name
	.long	263                             @ DW_AT_type
	.byte	3                               @ DW_AT_decl_file
	.short	407                             @ DW_AT_decl_line
	.byte	8                               @ DW_AT_data_member_location
	.byte	8                               @ Abbrev [8] 0x77:0xd DW_TAG_member
	.long	.Linfo_string11                 @ DW_AT_name
	.long	263                             @ DW_AT_type
	.byte	3                               @ DW_AT_decl_file
	.short	408                             @ DW_AT_decl_line
	.byte	12                              @ DW_AT_data_member_location
	.byte	8                               @ Abbrev [8] 0x84:0xd DW_TAG_member
	.long	.Linfo_string12                 @ DW_AT_name
	.long	263                             @ DW_AT_type
	.byte	3                               @ DW_AT_decl_file
	.short	409                             @ DW_AT_decl_line
	.byte	16                              @ DW_AT_data_member_location
	.byte	8                               @ Abbrev [8] 0x91:0xd DW_TAG_member
	.long	.Linfo_string13                 @ DW_AT_name
	.long	263                             @ DW_AT_type
	.byte	3                               @ DW_AT_decl_file
	.short	410                             @ DW_AT_decl_line
	.byte	20                              @ DW_AT_data_member_location
	.byte	8                               @ Abbrev [8] 0x9e:0xd DW_TAG_member
	.long	.Linfo_string14                 @ DW_AT_name
	.long	268                             @ DW_AT_type
	.byte	3                               @ DW_AT_decl_file
	.short	411                             @ DW_AT_decl_line
	.byte	24                              @ DW_AT_data_member_location
	.byte	8                               @ Abbrev [8] 0xab:0xd DW_TAG_member
	.long	.Linfo_string15                 @ DW_AT_name
	.long	268                             @ DW_AT_type
	.byte	3                               @ DW_AT_decl_file
	.short	412                             @ DW_AT_decl_line
	.byte	28                              @ DW_AT_data_member_location
	.byte	8                               @ Abbrev [8] 0xb8:0xd DW_TAG_member
	.long	.Linfo_string16                 @ DW_AT_name
	.long	263                             @ DW_AT_type
	.byte	3                               @ DW_AT_decl_file
	.short	413                             @ DW_AT_decl_line
	.byte	32                              @ DW_AT_data_member_location
	.byte	8                               @ Abbrev [8] 0xc5:0xd DW_TAG_member
	.long	.Linfo_string17                 @ DW_AT_name
	.long	263                             @ DW_AT_type
	.byte	3                               @ DW_AT_decl_file
	.short	414                             @ DW_AT_decl_line
	.byte	36                              @ DW_AT_data_member_location
	.byte	8                               @ Abbrev [8] 0xd2:0xd DW_TAG_member
	.long	.Linfo_string18                 @ DW_AT_name
	.long	263                             @ DW_AT_type
	.byte	3                               @ DW_AT_decl_file
	.short	415                             @ DW_AT_decl_line
	.byte	40                              @ DW_AT_data_member_location
	.byte	8                               @ Abbrev [8] 0xdf:0xd DW_TAG_member
	.long	.Linfo_string19                 @ DW_AT_name
	.long	263                             @ DW_AT_type
	.byte	3                               @ DW_AT_decl_file
	.short	416                             @ DW_AT_decl_line
	.byte	44                              @ DW_AT_data_member_location
	.byte	8                               @ Abbrev [8] 0xec:0xd DW_TAG_member
	.long	.Linfo_string20                 @ DW_AT_name
	.long	263                             @ DW_AT_type
	.byte	3                               @ DW_AT_decl_file
	.short	417                             @ DW_AT_decl_line
	.byte	48                              @ DW_AT_data_member_location
	.byte	8                               @ Abbrev [8] 0xf9:0xd DW_TAG_member
	.long	.Linfo_string21                 @ DW_AT_name
	.long	263                             @ DW_AT_type
	.byte	3                               @ DW_AT_decl_file
	.short	418                             @ DW_AT_decl_line
	.byte	52                              @ DW_AT_data_member_location
	.byte	0                               @ End Of Children Mark
	.byte	9                               @ Abbrev [9] 0x107:0x5 DW_TAG_volatile_type
	.long	268                             @ DW_AT_type
	.byte	10                              @ Abbrev [10] 0x10c:0xb DW_TAG_typedef
	.long	279                             @ DW_AT_type
	.long	.Linfo_string8                  @ DW_AT_name
	.byte	2                               @ DW_AT_decl_file
	.byte	64                              @ DW_AT_decl_line
	.byte	4                               @ Abbrev [4] 0x117:0x7 DW_TAG_base_type
	.long	.Linfo_string7                  @ DW_AT_name
	.byte	7                               @ DW_AT_encoding
	.byte	4                               @ DW_AT_byte_size
	.byte	10                              @ Abbrev [10] 0x11e:0xb DW_TAG_typedef
	.long	51                              @ DW_AT_type
	.long	.Linfo_string23                 @ DW_AT_name
	.byte	2                               @ DW_AT_decl_file
	.byte	62                              @ DW_AT_decl_line
	.byte	0                               @ End Of Children Mark
.Ldebug_info_end0:
	.section	.debug_str,"MS",%progbits,1
.Linfo_string0:
	.asciz	"Component: Arm Compiler for Embedded 6.19 Tool: armclang [5e73cb00]" @ string offset=0
.Linfo_string1:
	.asciz	"CubeMX/Drivers/STM32G4xx_HAL_Driver/Src\\stm32g4xx_ll_exti.c" @ string offset=68
.Linfo_string2:
	.asciz	"C:\\Users\\CHALLENGER\\Documents\\KeXieData\\Project\\DigitalPower\\BootLoader" @ string offset=128
.Linfo_string3:
	.asciz	"unsigned char"                 @ string offset=200
.Linfo_string4:
	.asciz	"DISABLE"                       @ string offset=214
.Linfo_string5:
	.asciz	"ENABLE"                        @ string offset=222
.Linfo_string6:
	.asciz	"IMR1"                          @ string offset=229
.Linfo_string7:
	.asciz	"unsigned int"                  @ string offset=234
.Linfo_string8:
	.asciz	"uint32_t"                      @ string offset=247
.Linfo_string9:
	.asciz	"EMR1"                          @ string offset=256
.Linfo_string10:
	.asciz	"RTSR1"                         @ string offset=261
.Linfo_string11:
	.asciz	"FTSR1"                         @ string offset=267
.Linfo_string12:
	.asciz	"SWIER1"                        @ string offset=273
.Linfo_string13:
	.asciz	"PR1"                           @ string offset=280
.Linfo_string14:
	.asciz	"RESERVED1"                     @ string offset=284
.Linfo_string15:
	.asciz	"RESERVED2"                     @ string offset=294
.Linfo_string16:
	.asciz	"IMR2"                          @ string offset=304
.Linfo_string17:
	.asciz	"EMR2"                          @ string offset=309
.Linfo_string18:
	.asciz	"RTSR2"                         @ string offset=314
.Linfo_string19:
	.asciz	"FTSR2"                         @ string offset=320
.Linfo_string20:
	.asciz	"SWIER2"                        @ string offset=326
.Linfo_string21:
	.asciz	"PR2"                           @ string offset=333
.Linfo_string22:
	.asciz	"EXTI_TypeDef"                  @ string offset=337
.Linfo_string23:
	.asciz	"uint8_t"                       @ string offset=350
	.ident	"Component: Arm Compiler for Embedded 6.19 Tool: armclang [5e73cb00]"
	.section	".note.GNU-stack","",%progbits
	.ARM_attribute	16, 1	@ Tag_AV_eba
	.section	.debug_line,"",%progbits
.Lline_table_start0:
