	.text
	.syntax unified
	.eabi_attribute	67, "2.09"	@ Tag_conformance
	.cpu	cortex-m4
	.eabi_attribute	6, 13	@ Tag_CPU_arch
	.eabi_attribute	7, 77	@ Tag_CPU_arch_profile
	.eabi_attribute	8, 0	@ Tag_ARM_ISA_use
	.eabi_attribute	9, 2	@ Tag_THUMB_ISA_use
	.fpu	fpv4-sp-d16
	.eabi_attribute	27, 1	@ Tag_ABI_HardFP_use
	.eabi_attribute	36, 1	@ Tag_FP_HP_extension
	.eabi_attribute	34, 1	@ Tag_CPU_unaligned_access
	.eabi_attribute	17, 1	@ Tag_ABI_PCS_GOT_use
	.eabi_attribute	20, 2	@ Tag_ABI_FP_denormal
	.eabi_attribute	21, 0	@ Tag_ABI_FP_exceptions
	.eabi_attribute	23, 1	@ Tag_ABI_FP_number_model
	.eabi_attribute	24, 1	@ Tag_ABI_align_needed
	.eabi_attribute	25, 1	@ Tag_ABI_align_preserved
	.eabi_attribute	28, 1	@ Tag_ABI_VFP_args
	.eabi_attribute	38, 1	@ Tag_ABI_FP_16bit_format
	.eabi_attribute	18, 2	@ Tag_ABI_PCS_wchar_t
	.eabi_attribute	26, 1	@ Tag_ABI_enum_size
	.eabi_attribute	14, 0	@ Tag_ABI_PCS_R9_use
	.file	"stm32g4xx_ll_ucpd.c"
	.file	1 "C:\\Users\\CHALLENGER\\Documents\\KeXieData\\Project\\DigitalPower\\BootLoader" "./CubeMX/Drivers/CMSIS/Device/ST/STM32G4xx/Include\\stm32g4xx.h"
	.file	2 "C:\\Keil_v5\\ARM\\ARMCLANG\\Bin\\..\\include" "stdint.h"
	.file	3 "C:\\Users\\CHALLENGER\\Documents\\KeXieData\\Project\\DigitalPower\\BootLoader" "./CubeMX/Drivers/CMSIS/Device/ST/STM32G4xx/Include/stm32g431xx.h"
	.type	.Lllvm.embedded.module,%object  @ @llvm.embedded.module
	.section	.llvmbc,"",%progbits
	.p2align	4, 0x0
.Lllvm.embedded.module:
	.asciz	"BC\300\3365\024\000\000\005\000\000\000b\f0$MY\276f\255\373\264O\033\310$D\0012\005\000!\f\000\000\372\t\000\000\013\002!\000\002\000\000\000\026\000\000\000\007\201#\221A\310\004I\006\02029\222\001\204\f%\005\b\031\036\004\213b\200\020E\002B\222\013B\204\0202\0248\b\030K\n2B\210Hp\304!#D\022\207\214\020A\222\002d\310\b\261\024 CF\210 \311\0012B\204\030*(*\2201|\260\\\221 \304\310\000\000\000\211 \000\000\027\000\000\0002\"\b\t bF\000!+$\230\020!%$\230\020\031'\f\205\244\220`Bd\\ $d\202\300\2519\002\304\b\001#\000\003\001\206\030\"\232#\000\0053\214\201\031\002\300\b\003s\004`0G\020L\001\240&M\021%L~Y\376.\227v\277\330 S\213=DG\024\211PU\005\000Q\030\000\000\303\002\000\000\033\310)\370\377\377\377\377\001\360\003\000\016\000\211 \207rp\207w\220\207v\b\007vh\003s\200\2076h\207p\240\007t\000\340A\036\312a\036\312A\036\354\241\034\332`\036\322\341\034\334\201\r\340A\036\312a\036\312A\036\354\241\034\332`\036\322\341\034\334\001 \314A\036\302\241\035\312\241\r\340\341\035\322\301\035\350\241\034\344\001p\207wp\207r\000\210vH\007wh\003v(\207s\b\007vh\003{(\207q\240\207w\220\2076\270\207t \007z@\007\000\016\000\302\035\336\241\r\322\301\035\314a\036\332\300\034\340\241\r\332!\034\350\001\035\000z\220\207z(\007\200p\207wh\003w\b\007w\230\20760\007xh\203v\b\007z@\007\200\036\344\241\036\312\001 \334\341\035\332`\036\322\341\034\334\241\034\310\241\r\364\241\034\344\341\035\346\241\r\314\001\036\332\240\035\302\201\036\320\001\240\007y\250\207r\000\210y\240\207p\030\207uh\003x\220\207w\240\207r\030\007zx\007yh\003q\250\007s0\207r\220\2076\230\207t\320\207r\000\360\000 \350!\034\344\341\034\312\201\036\332`\034\340\241\036\200qx\007y\240\207r\300\2076h\007:\000\bz\b\007y8\207r\240\20760\207r\b\007z\250\007y(\207y\000\326 \034\344\241\035\354\341\016\312\241\r\332\201\r\326\200\034\346\001\036\330`\r\314\001\036\342\300\016\330`\r\320\341\036\310!\035\354\201\r\326\200\036\320\241\036\332A\034\332\240\035\336\201\034\312\201\r\326\300\036\314\001\036\344`\036\340\201\r\326\300\036\314\001\036\346\200\034\342\300\016\346\001\036\330`\r\354\301\034\340\201\016\310!\016\354`\036\340\201\r\332 \034\312a\036\330\240\r\304\301\034\342\300\016\330\240\r\306\201\034\312a\034\340\001\016\330\240\r\306\201\034\312a\034\340!\016\330\240\r\306\201\034\312a\034\340A\016\330\240\r\306\201\034\312a\034\340a\016\330\240\r\306\201\034\312a\034\340\201\016\330\240\r\306\201\034\312a\034\340\241\016\330\240\r\306\201\034\312a\034\340\301\016\330\240\r\306\201\034\312a\034\340\341\016\330\240\r\306A\036\306\201\r\332`\034\344!\037\340\201\036\336\201\r\332\200\034\346@\016\330\240\r\310\341\035\350\001\036\344\341\035\310\201\r\332\300\034\306\241\034\330\240\r\314\001\036\332 \034\344\241\035\354\001\017\330\240\r\314\001\036\332 \034\344\241\035\354\001\017\310!\016\354\200\r\332\300\034\340\241\r\302A\036\332\301\036\360\200\034\342\300\016\346\001\036\330\240\r\314\001\036\332 \034\344\241\035\354\001\017\346\001\036\330\240\r\314\001\036\342\300\016\314\241\035\330\201\r\332\300\034\340\301\016\350\200\r\332\300\034\352\201\035\330\301\034\340!\016\354\200\r\332\000\035\356\201\034\322\301\036\332 \034\344\241\035\330\240\r\322\001\017\332\241\035\330\240\r\330\341\035\304\201\r\332\240\035\354\241\034\330\240\r\332\301\036\312\301\r\314\001\036\330\240\r\334\241\034\336\301\035\330\240\r\340!\034\306A\034\350!\035\330\240\r\344!\034\346\201\r\332`\036\304\201\r\332`\036\320!\034\344\200\r\332\300\036\314\001\036\344\200\r\332\300\036\314\001\036\346\200\r\332\300\036\314\001\036\346\200\034\342\300\016\330\240\r\354\301\034\340a\016\346\001\036\330\240\r\354\301\034\340\201\016\330\240\r\354\301\034\340\201\016\310!\016\354\200\r\332\300\036\314\001\036\350`\036\340\001\330@\b\000 \006\033\210!\000Ha\203D\374\377\377\377\377\000\230\002p\n\200\037\000\177\000H\000\005\324\001\320\007\033\240\342\377\377\377\377\007\240\r\000S\000N\001\360\003\340\017\000\t\350\203\r\204\021\000|\260\2018\004`\331 N\310\377\377\377\377\017\200\037\000\022A\016\345\340\016\357 \017\355\020\016\354\320\006\346\000\017m\320\016\341@\017\350\000\300\203<\224\303<\224\203<\330C9\264\301<\244\3039\270\003\033\300\203<\224\303<\224\203<\330C9\264\301<\244\3039\270\003@\230\203<\204C;\224C\033\300\303;\244\203;\320C9\310\003\340\016\357\340\016\345\000\020\355\220\016\356\320\006\354P\016\347\020\016\354\320\006\366P\016\343@\017\357 \017mp\017\351@\016\364\200\016\000\034\000\204;\274C\033\244\203;\230\303<\264\2019\300C\033\264C8\320\003:\000\364 \017\365P\016\000\341\016\357\320\006\356\020\016\3560\017m`\016\360\320\006\355\020\016\364\200\016\000=\310C=\224\003@\270\303;\264\301<\244\3039\270C9\220C\033\350C9\310\303;\314C\033\230\003<\264A;\204\003=\240\003@\017\362P\017\345\000\020\363@\017\3410\016\353\320\006\360 \017\357@\017\3450\016\364\360\016\362\320\006\342P\017\346`\016\345 \017m0\017\351\240\017\345\000\340\001@\320C8\310\3039\224\003=\264\3018\300C=\000\343\360\016\362@\017\345\200\017m\320\016t\000\020\364\020\016\362p\016\345@\017m`\016\345\020\016\364P\017\362P\016\363\000\254A8\310C;\330\303\035\224C\033\264\003\033\254\0019\314\003<\260\301\032\230\003<\304\201\035\260\301\032\240\303=\220C:\330\003\033\254\001=\240C=\264\2038\264A;\274\0039\224\003\033\254\201=\230\003<\310\301<\300\003\033\254\201=\230\003<\314\0019\304\201\035\314\003<\260\301\032\330\2039\300\003\035\220C\034\330\301<\300\003\033\264A8\224\303<\260A\033\210\2039\304\201\035\260A\033\214\0039\224\3038\300\003\034\260A\033\214\0039\224\3038\300C\034\260A\033\214\0039\224\3038\300\203\034\260A\033\214\0039\224\3038\300\303\034\260A\033\214\0039\224\3038\300\003\035\260A\033\214\0039\224\3038\300C\035\260A\033\214\0039\224\3038\300\203\035\260A\033\214\0039\224\3038\300\303\035\260A\033\214\203<\214\003\033\264\3018\310C>\300\003=\274\003\033\264\0019\314\201\034\260A\033\220\303;\320\003<\310\303;\220\003\033\264\2019\214C9\260A\033\230\003<\264A8\310C;\330\003\036\260A\033\230\003<\264A8\310C;\330\003\036\220C\034\330\001\033\264\2019\300C\033\204\203<\264\203=\340\0019\304\201\035\314\003<\260A\033\230\003<\264A8\310C;\330\003\036\314\003<\260A\033\230\003<\304\201\035\230C;\260\003\033\264\2019\300\203\035\320\001\033\264\2019\324\003;\260\2039\300C\034\330\001\033\264\001:\334\0039\244\203=\264A8\310C;\260A\033\244\003\036\264C;\260A\033\260\303;\210\003\033\264A;\330C9\260A\033\264\203=\224\203\033\230\003<\260A\033\270C9\274\203;\260A\033\300C8\214\2038\320C:\260A\033\310C8\314\003\033\264\301<\210\003\033\264\301<\240C8\310\001\033\264\201=\230\003<\310\001\033\264\201=\230\003<\314\001\033\264\201=\230\003<\314\0019\304\201\035\260A\033\330\2039\300\303\034\314\003<\260A\033\330\2039\300\003\035\260A\033\330\2039\300\003\035\220C\034\330\001\033\264\201=\230\003<\320\301<\300\003\260\001I\004`\001H\001\2506\270\223\362\377\377\377\377\003\320\006\200)\000~\000\300\001\360\007\200\004\364\001@\007\0049\224\203;\274\203<\264C8\260C\033\230\003<\264A;\204\003=\240\003\000\017\362P\016\363P\016\362`\017\345\320\006\363\220\016\347\340\016l\000\017\362P\016\363P\016\362`\017\345\320\006\363\220\016\347\340\016\000a\016\362\020\016\355P\016m\000\017\357\220\016\356@\017\345 \017\200;\274\203;\224\003@\264C:\270C\033\260C9\234C8\260C\033\330C9\214\003=\274\203<\264\301=\244\0039\320\003:\000p\000\020\356\360\016m\220\016\356`\016\363\320\006\346\000\017m\320\016\341@\017\350\000\320\203<\324C9\000\204;\274C\033\270C8\270\303<\264\2019\300C\033\264C8\320\003:\000\364 \017\365P\016\000\341\016\357\320\006\363\220\016\347\340\016\345@\016m\240\017\345 \017\3570\017m`\016\360\320\006\355\020\016\364\200\016\000=\310C=\224\003@\314\003=\204\3038\254C\033\300\203<\274\003=\224\3038\320\303;\310C\033\210C=\230\2039\224\203<\264\301<\244\203>\224\003\200\007\000A\017\341 \017\347P\016\364\320\006\343\000\017\365\000\214\303;\310\003=\224\003>\264A;\320\001@\320C8\310\3039\224\003=\264\2019\224C8\320C=\310C9\314\003\260\006\341 \017\355`\017wP\016m\320\016l\260\006\3440\017\360\300\006k`\016\360\020\007v\300\006k\200\016\367@\016\351`\017l\260\006\364\200\016\365\320\016\342\320\006\355\360\016\344P\016l\260\006\366`\016\360 \007\363\000\017l\260\006\366`\016\3600\007\344\020\007v0\017\360\300\006k`\017\346\000\017t@\016q`\007\363\000\017l\320\006\341P\016\363\300\006m \016\346\020\007v\300\006m0\016\344P\016\343\000\017p\300\006m0\016\344P\016\343\000\017q\300\006m0\016\344P\016\343\000\017r\300\006m0\016\344P\016\343\000\017s\300\006m0\016\344P\016\343\000\017t\300\006m0\016\344P\016\343\000\017u\300\006m0\016\344P\016\343\000\017v\300\006m0\016\344P\016\343\000\017w\300\006m0\016\3620\016l\320\006\343 \017\371\000\017\364\360\016l\320\006\3440\007r\300\006m@\016\357@\017\360 \017\357@\016l\320\006\3460\016\345\300\006m`\016\360\320\006\341 \017\355`\017x\300\006m`\016\360\320\006\341 \017\355`\017x@\016q`\007l\320\006\346\000\017m\020\016\362\320\016\366\200\007\344\020\007v0\017\360\300\006m`\016\360\320\006\341 \017\355`\017x0\017\360\300\006m`\016\360\020\007v`\016\355\300\016l\320\006\346\000\017v@\007l\320\006\346P\017\354\300\016\346\000\017q`\007l\320\006\350p\017\344\220\016\366\320\006\341 \017\355\300\006m\220\016x\320\016\355\300\006m\300\016\357 \016l\320\006\355`\017\345\300\006m\320\016\366P\016n`\016\360\300\006m\340\016\345\360\016\356\300\006m\000\017\3410\016\342@\017\351\300\006m \017\3410\017l\320\006\363 \016l\320\006\363\200\016\341 \007l\320\006\366`\016\360 \007l\320\006\366`\016\3600\007l\320\006\366`\016\3600\007\344\020\007v\300\006m`\017\346\000\017s0\017\360\300\006m`\017\346\000\017t\300\006m`\017\346\000\017t@\016q`\007l\320\006\366`\016\360@\007\363\000\017\300\006d\t\200\005 \005\200\0166@\314\377\377\377\377\017\300)\000~\000\374\001 \001\024P\007@\037l \032\0018\003\000\000\000I\030\000\000\007\000\000\000\023\206@\030&\004\304\204\2410\216\t\004\"\f\311\004AY&\004\314\204\240\001\000\000\000\0232z@\207zh\007q\260\207;(\207vh\203p\220\207vh\003wx\007w(\2076(\207p\020\207t@\007s\3300\007\345\320\006\355\240\007\345\320\006\360\240\007s \007z0\007r\320\006\246\220\016x\320\006\351`\007t\240\007v@\007m`\017q \007x\240\007v@\007z\020\007r\200\007m\020\016z\000\007z0\007r\320\006\3560\007r\320\006\263`\007t\240\021\302\344p\017\206uq\271\211}\021\345i{Y>\177M\251\315\231\354H\303\343\277\310 \363K\224\247\355e\371k*\037\277\346\364\366Lv\246\341\361_6\373[\037\303\311\256\361\220\np\004\000\000\002\000\b\000\001\000\000\000\b\000\007\030R9P\001\004\200\000\000\000\000\000\000\000\000\000\340\000C*\317:\200\000\030\000\000\000\000\000\000\000\000\000\034`HE\007\324\001\004\300\000\000\000\000\000\000\000\000\000\340\000C*T`\020\000\000\b\000\b\000\001\000\000\000\b\000\007\030R\321\202\224\000\000P\000@\000\b\000\000\000@\0008\300\220\312\034\234\002\b\000\003\000\000\000\000\000\000\000\000\300\001$6\b\024\355O\000\000\310\002\001\000\000\000\036\000\000\0002\036\230\030\031\021L\220\214\t&G\306\004C\212\022\030\001 \033\001(\204\202(\214\002)\224\202)\234\002*\244\202*\254\002+\264\202+\274\002\f(\304\200\202\f(\314\200\002\r(\324\200\202\r(\334\200\002\016(\344\200\202\016(\354\200\002\017(\364\200\202\017(\374\200\002\024(D\201\202\024(L\201\002\025(T\201\202\025(\\\001\322r(\204\"(\203\022\030\001(@\002\000\000\261\030\000\000\265\000\000\0003\b\200\034\304\341\034f\024\001=\210C8\204\303\214B\200\007yx\007s\230q\f\346\000\017\355\020\016\364\200\0163\fB\036\302\301\035\316\241\034f0\005=\210C8\204\203\033\314\003=\310C=\214\003=\314x\214tp\007{\b\007yH\207pp\007zp\003vx\207p \207\031\314\021\016\354\220\016\3410\017n0\017\343\360\016\360P\0163\020\304\035\336!\034\330!\035\302a\036f0\211;\274\203;\320C9\264\003<\274\203<\204\003;\314\360\024v`\007{h\0077h\207rh\0077\200\207p\220\207p`\007v(\007v\370\005vx\207w\200\207_\b\207q\030\207r\230\207y\230\201,\356\360\016\356\340\016\365\300\016\3540\003b\310\241\034\344\241\034\314\241\034\344\241\034\334a\034\312!\034\304\201\035\312a\006\326\220C9\310C9\230C9\310C9\270\3038\224C8\210\003;\224\303/\274\203<\374\202;\324\003;\260\303\f\307i\207pX\207rp\203th\007x`\207t\030\207t\240\207\031\316S\017\356\000\017\362P\016\344\220\016\343@\017\341 \016\354P\0163 (\035\334\301\036\302A\036\322!\034\334\201\036\334\340\034\344\341\035\352\001\036f\030Q8\260C:\234\203;\314P$v`\007{h\0077`\207wx\007x\230QL\364\220\017\360P\0163\036j\036\312a\034\350!\035\336\301\035~\001\036\344\241\034\314!\035\360a\006T\205\2038\314\303;\260C=\320C9\374\302<\344C;\210\303;\260\303\214\305\n\207y\230\207w\030\207t\b\007z(\007r\230\201\\\343\020\016\354\300\016\345P\016\3630#\301\322A\036\344\341\027\330\341\035\336\001\036fH\031;\260\203=\264\203\033\204\3038\214C9\314\303<\270\3019\310\303;\324\003<\314H\264q\b\007v`\007q\b\207qX\207\031\333\306\016\354`\017\355\340\006\360 \017\3450\017\345 \017\366P\016n\020\016\3430\016\3450\017\363\340\006\351\340\016\344P\016\3700#\342\354a\034\302\201\035\330\341\027\354!\035\346!\035\304!\035\330!\035\350!\037f \235;\274C=\270\0039\224\2039\314X\274pp\007wx\007z\b\007zH\207wp\207\031\313\347\016\3570\017\341\340\016\351@\017\351\240\017\3450\303\001\003s\250\007w\030\207_\230\207pp\207t\240\207t\320\207r\230\201\204A9\340\3038\260C=\220C9\314@\304\240\035\312\241\035\340A\036\336\301\034f$c0\016\341\300\016\3540\017\351@\017\3450C!\203u\030\007sH\207_\240\207|\200\207r\230\261\224\001<\214\303<\224\3038\320C:\274\203;\314\003\000\000\000y \000\000\224\003\000\000r\036H C\210\f\031\tr2H #\201\214\221\221\321D\240\020(d<12B\216\220!\243\270\013\254\240\246\001\000\000{p\n\243\340\007\315Q\200\002\263\bo\2000\005q$\tA\020\t\202 I\222 \311q\034\t\202\034I\222$\211\242$I\221\020Ca\020\304 \f\tB$\b\241(\215\2444\2224\021{\260\024}\360\000\303\023\035|0-\210\301<\000CubeMX/Drivers/STM32G4xx_HAL_Driver/Src\\stm32g4xx_ll_ucpd.cC:\\Users\\CHALLENGER\\Documents\\KeXieData\\Project\\DigitalPower\\BootLoaderComponent: Arm Compiler for Embedded 6.19 Tool: armclang [5e73cb00]./CubeMX/Drivers/CMSIS/Device/ST/STM32G4xx/Include\\stm32g4xx.hunsigned charSUCCESSERROR./CubeMX/Drivers/CMSIS/Device/ST/STM32G4xx/Include/stm32g431xx.hUCPD_TypeDefRCC_TypeDefCRC:\\Keil_v5\\ARM\\ARMCLANG\\Bin\\..\\include\\stdint.huint32_tunsigned intICSCRCFGRPLLCFGRRESERVED0RESERVED1CIERCIFRCICRRESERVED2AHB1RSTRAHB2RSTRAHB3RSTRRESERVED3APB1RSTR1APB1RSTR2APB2RSTRRESERVED4AHB1ENRAHB2ENRAHB3ENRRESERVED5APB1ENR1APB1ENR2APB2ENRRESERVED6AHB1SMENRAHB2SMENRAHB3SMENRRESERVED7APB1SMENR1APB1SMENR2APB2SMENRRESERVED8CCIPRRESERVED9BDCRCSRCRRCRCCIPR2CFG1CFG2IMRSRICRTX_ORDSETTX_PAYSZTXDRRX_ORDSETRX_PAYSZRXDRRX_ORDEXT1RX_ORDEXT2Dwarf VersionDebug Info Versionwchar_sizestatic_rwdataenumsize_buildattrarmlib_unavailablearmcompiler-version6.19CubeMX/Drivers/STM32G4xx_HAL_Driver/Src/stm32g4xx_ll_ucpd.cErrorStatusUCPDx./CubeMX/Drivers/STM32G4xx_HAL_Driver/Inc\\stm32g4xx_ll_ucpd.hLL_UCPD_Disableintomnipotent charSimple C/C++ TBAAPeriphs./CubeMX/Drivers/STM32G4xx_HAL_Driver/Inc\\stm32g4xx_ll_bus.hLL_UCPD_InitTypeDefpsc_ucpdclktranswinIfrGapHbitClockDivUCPD_InitStruct\000\000\206\345\003\000\000\000\000\0000\202\240\304\301\b\202\"\007#\b\312\034\214 (t0\202\240\324\301\b\202b\007#\bF2\202`(#\b\3062\202`0#\bF3\202`8#\b\3063\202`@#\bF4\202`H#\b\3064\202`P#\bF5\202`X#\b\3065\202\240\334\301\b\202\201\215 \030\331\b\202\241\215 \030\333\b\202\301\215 \030\335\b\202\341\215 \030\337\b\202\001\006#\bF\030\214 \030b0\202`\214\301\b\202A\006#\bF\031\214 \030f0\202`\234\301\b\202\201\006#\bF\032\214 \030j0\202`\254\301\b\202\301\006#\bF\033\214 \030n0\202`\274\301\b\202\001\007#Y\303\004\340\304\037\001\000\210\006\000\000\250\006\000\000\000\000\000\000\000\214d\r\023\200\023\376\006\000\340\003\000\200n\000\000\000\000\000\000\000\300PV\300\300\304\020\000\000\020\334DO\000\000\000\000\000 \000\0000\025u\230\307+\000\346a.\351q.\000\007\200(\b\202PK\000\200z\000\000\000\214d\r\023`\036u\000\000 \001\000\300~\000\000\000\000\000\000\000\300@\005\020\b\0000P\001\020\002\000\314s\000dP \000\002\214C\020``\000\343\020\004\030\034\302\f\302L\320\304H\226@\0001a\023\200L \000\000\324\004\000\000\000\000\000\000\000\314\020\330\304@\005\200\b\0000\221\003X\tN\274\034\300\022\000\000\000\000\000L\344\000\017\000\000@N\200\001\000\000\000\000L\344\000\226\202\023\351\004\254\004\000\000\000\000\000\0239\300\003\000\000\260\023`\000\000\000\000\0003\b:\301\023\003\025\000\003\000\300<\007@\006\016\030\000\0070\221\003X\215O\200\002\360\023\000\000\000\000\000L\344\000u\000\000\000\000\026\000\000\000\000\000L\344\000\315\202\023\241\264\022a\001\006\000\000\000\0000\221\0034\017N\210\322J\204\005\030\000`\000\000\0000\221\0034\020N\214\322J\204\005\030\000\240\000\000\0000\221\0034\021N\220\322J\204\005\030\000\340\000\000\0000\221\0034\022N\224\322J\200\005\030\000 \001\000\0000\221\0034\023N\230\322J\200\005\030\000`\001\000\0000\221\0034\024N\234\322J\204\005\030\000\240\001\000\0000\221\0034\025N\240\322J\204\005\030\000\340\001\000\0000\221\0034\026N\244\322J\204\005\030\000 \002\000\0000\221\0034\027N\250\322J\200\005\030\000`\002\000\0000\221\0034\030N\254\322J\204\005\030\000\240\002\000\0000\221\0034\031N\260\322J\204\005\030\000\340\002\000\0000\221\0034\032N\264\322J\204\005\030\000 \003\000\0000\221\0034\033N\270\322J\200\005\030\000`\003\000\0000\221\0034\034N\274\322J\204\005\030\000\240\003\000\0000\221\0034\035N\300\322J\204\005\030\000\340\003\000\0000\221\0034\036N\304\322J\204\005\030\000 \004\000\0000\221\0034\037N\310\322J\200\005\030\000`\004\000\0000\221\0034`\200\023\263\264\022a\001\006\000(\001\000\000L\344\000M\030\340\004-\255DX\200\001\000N\000\000\000\0239@#\0068QK+\021\026`\000\200\024\000\000\300D\016\320\214\001N\330\322J\200\005\030\000`\005\000\0000\221\0034d\200\023\267\264\022a\001\006\000h\001\000\000L\344\000M\031\340\004.\255DX\200\001\000^\000\000\000\0239@c\0068\221K+\021\026`\000\200\030\000\000\300D\016\320\234\001N\350\322J\200\005\030\000`\006\000\0000\221\0034h\200\023\273\264\022a\001\006\000\250\001\000\000L\344\000M\032\340\004/\255DX\200\001\000n\000\000\000\0239@\243\0068\321K+\021\026`\000\200\034\000\000\300D\016\320\254\001N\370\322J\200\005\030\000`\007\000\0000\221\0034l\200\023\277\264\022a\001\006\000\350\001\000\000L\344\000M\033\340\0048\255DX\200\001\000~\000\000\000\0239@\343\0068\021N+\021\026`\000\200`\000\000\0000\221\0034o\200\023\342\264\022`\001\006\000\030\006\000\000\000\0239@\003\00781N+\021\026`\000\200b\000\000\0000\221\0034q\200\023\344\264\022`\001\006\0008\006\000\000\000\0239@#\0078QN+\021\026`\000\200d\000\000\0000\221\0034s\200\023\346\264\022a\001\006\000X\006\000\000\000\0239@C\0078qN+\021\026`\000\200f\000\000\0000\221\0034u\200\023\350\264\022a\001\006\000x\006\000\000\0003\240\201X\214\005Y\224\205Y\234\005Z\244\205Z\254\005[\264\205[\274\005\\\304\205\\\314\005]\324\205]\334\005^\344\205^\354\005_\364\205_\374\005h\204\206h\214\006i\224\206i\234\006j\244\306D\016\320\330\001N\200\034K\204\005\030\000\000\000\000\300D\016\320\334\001N\204\034K\204\005\030\000`\000\000\0000\221\0034\022N\210\034K\204\005\030\000\240\000\000\0000\221\0034\013N\214\034K\204\005\030\000\340\000\000\0000\221\0034x\200\023$\307\022a\001\006\000H\000\000\000L\344\000M\036\340D\311\261DX\200\001\000\026\000\000\000\0239@\243\0078ar,\021\026`\000\200\006\000\000\300D\016\320\354\001N\234\034K\204\005\030\000\340\001\000\0000\221\0034|\200\023(\307\022a\001\006\000\210\000\000\000L\344\000M\037\340D\312\261DX\200\001\000&\000\000\000\0239@\343\0078\241r,\021\026`\000\200\n\000\000\300D\016\320\374\001N\254\034K\204\005\030\000\340\002\000\0000\221\0034\240\200\023,\307\022a\001\006\000\310\000\000\000L\344\000M(\340D\313\261DX\200\001\0006\000\000\000\0239@#\n8\341r,\021\026`\000\200\016\000\000\300\f\317j\260Fk\270\306k\300Fl\310\306l\320Fm\330\306m\340Fn\3140\360\302(\364\302\f\203/\220\302/\3140\200C)\370\302\f\0038\230\0028\3140\200\303)\200\303\f\0038\240B8\3140\200C*\250\302\f\3010P\001\254\202\000\000\0239\200\305\n1\241\023\200M\000\000\000\000\0000]`\fT\000\256 \000\300p\212\340\022\255`\036\346\242\023\001\000\0003\b\200N\314D\b\000z\0003\004\3471C0\0133\f\262\260\036\3420\303\020\013\354!\0163|\260\320\036\342\320\036\343\320\036\344\320\036\345\320\036\346\320\036\347\320\036\350\320\036\351\320\036\352\320\036\353\320\036\354\320\036\355\320\036\356\320\036\357\320\036\3600\303\340\036\355!\016\003\025@-\b\0000\203\000\200\305L\204\000\304\3070C,\300B{\210C{\214C{\220C{\224C{\230C{\234C{\240C{\244C{\250C{\254C{\260C{\264C{\270C{\274C{\300C{\310C{\314C{\320C{\324C{\330C{\334C{\340C{\344C{\350C{\354C{\360C{\364C{\370C{\374C{\200D{\204D{\210D{\214D{\220D{\224D{\230D{\234D{\240D{\244D{\250\304\f\303|\264\207>L\344\000\226-\230\007,\000/\001\000\000\000\000\300D\016\360\000\000\000\324\007\030\000\000\000\000\300D\016\320\334\202y\334\301K\200\005\030\000\000\000\000\300D\016\320\340\202y\360\301K\200\005\030\000`\000\000\0000\221\0034\271`\036\243\360\022`\001\006\000(\000\000\000L\344\000\215.\230G*\274\004X\200\001\000\016\000\000\0003\020\367\201\037\371\241\0373$\260\320\036\342\320\036\343\320\036\344\320\036\3450\303\300\037\355!\0163\f\374\321\036\3430\303\300\037\355A\0163\f\374\321\036\345pe\001\210\201\030\210\201\030\210\201\030p\034\307q\034\307q\034\307q\034'\006\034\307q\034\307qb \006b \006b \006b \006b \006b \006b \006b \006b \027la\026\266\301\026n\340\006\240\340\006n\200\006l\301\271\201=\300\203=\300\003\032\270\201)\330\003<\210\004J\240\004J\240\004J\240\004J\240\004J\240\004J\240\004J\240\004J\240\004J\270\204K\270\204K\270\204K\270\204K\270\204K\270\204K\270\204K\320\004M\320\004M\320\004M\320\004M\330\017J\270\004J\240\204K\270\204K\270\204K\270\204K\270\204K\270\204K\220\006\035\320\001\035\320\001\035\320\001\035Xt\300\017\026\035\250\203\030\270\001\307\321\001\035\220\f\035\320\201\030\270\201\370\321\001?\300\003J\270\204K\270\004(\360\003\035\320\001\035\310H`\202rac\263ks!\023;s\031\253\033%`\211\214\330\330\354\332\\\332\336\310\352\330\312\\\314\330\302\316\346F9tc7x\2437|\3437\300#\02566\2736\2274\26227\272Q\202\360\000\000\000\000\251\030\000\000/\000\000\000\013\nr(\207w\200\007zXp\230C=\270\3038\260C9\320\303\202\346\034\306\241\r\350A\036\302\301\035\346!\035\350!\035\336\301\035\026(\342P\016\346\360\016\362P\016\351\340\016\363@\017\013\222p0\007z(\007yH\007w\230\007zX\320\214\2039\234C=\204\203<\220\003=\204\203<\234C9\320\303\002\006\036\344\241\034\302\201\035\330\341\035\306!\034\350\241\034\310a\301q\016\343\320\006\354\220\016\366P\016\013\254q`\207pp\207sp\203p\220\207qp\203p\240\007z\b\207q@\207r \207q\b\007v`\207\005\007<\320\203<\204C=\320\003:, \326a\034\314!\035\000\000\000\000\321\020\000\000\006\000\000\000\007\314<\244\203;\234\003;\224\003=\240\203<\224C8\220\303\001\000\000\000a \000\000\343\000\000\000\023\004C,\020\000\000\000\t\000\000\000\2445HP\376\377\377\377\017\005\bX\b\210P\370\300\220\200\b\205\033\f\t\210@`\252<\246\332c\252;\000\000\3610\000\000a\000\000\000\"G\310\220Q\026D8\000\000\000\000\216qe\031LL_UCPD_DeInitstatusLL_APB1_GRP2_ForceResetLL_APB1_GRP2_ReleaseResetLL_APB1_GRP2_DisableClock\000\000\000\023\204\340\230 \004\310*\352\030\217\020\001\306\343\025f\004\026\000\f\000Q\020\004\241\226\000\000\033\001\000\000\320y \201\f!2d$\264-\f\234\b`V\021\240\310x\340\302\261\212:\340cD\000\370(\311@>L2\0008\000DA\020\204Z\002\000p\004\000\000`V\021\250\310x\344\302\320\273P\260\"\200U\324\001\037$\002\300\307j\006\362\301\232\001\300\001 \n\202 \324\022\000\260#\000\000\000\355\013\005+\002XE\035\360Q\"\000|\374a \037\240\030\000\034\000\242 \bB-\001\000=\002\000\000\320\341P\260\"\200\r\002y\350\304&B\000d\004\030\247\b(\322\n\343\361\n:\021\000\0000N\021PDD\306#\026\310\003\000\000`\203@#52N\021V\204\026\340\243$\003\260\b\000\000\330\020\334\310\206a>\332C\036\306)\202\213\320\002|\254f\000\026\001\000\000\033\002\035\031\247\b0B\013\360\361\207\001X\004\000\000l\bxd\202\000\340\301\004!P\005\000\000\000\000#\006\007\000\202`P\354\001\231\377\377\377\017n\376\377\377?\364\372\377\377\3770cP\000\000\212\000\300\210\301\001\200 \030\024{\300\347\377\377\377C\233\377\377\377\017\275\376\377\377?L\030\000#\006\007\000\202`P\354\001\231\377\377\377\017\273\376\377\377?\364\372\377\377\3770cP\000\200K\244\b@\211\316\031\203\002]\006\227H\021\340\002D'\f\200a\003b\t\206`\302\000\030nX\0060\2301(p\241Q\021\000\230e\b\204`\306\240\300\205\003E\000`\304\340\000@\020\f\n?\240\375\377\377\377\301\315\377\377\377\007p\377\377\377\037f\f\n\000X\221\026\001\310\3209cP\234d0\254H\213\000\0278;a\000\f\033\020H0\004\023\006\300\210\301\001\200 \030\024\240`\373\377\377\377C\233\377\377\377\017\342\376\377\377?\314\030\024\000\340\"/\002\020\242s\306\240h\315`p\221\027\001.pt\302\000\0306 \224`\b&\f\200\021\203\003\000A0(D\001\367\377\377\377\2076\377\377\377\037\310\375\377\377\177\2301(\000\000Fb\004\240D\347\214A\021\212\301\000#1\002\\\000\351\204\0010l@,\301\020L\030\000#\006\007\000\202`P\220\002\251\377\377\377\017v\376\377\377?\230\373\377\377\3770cP\000\000\212\000\300,\2010cP\220\303\300\"\0000P\021\220D`\022\300\214A\001\000(\002\000#\006\007\000\202`P\224B\233\377\377\377\017w\376\377\377?\234\373\377\377\3770a\000l0cP\230\303\200\"\000\020\020\003\013\000\000\000[\004\340D\266\fC\340\036[\206\"p\217-C\022\340\310\226a\tpd\313\320\0048\262ex\002\034\3312D\301|l\031\246`>\000\000\000\000\000a \000\000\315\000\000\000\023\004C,\020\000\000\000\b\000\000\000\244\005\bX\b\210P\270\301\220\200\b\345\377\377\377\377P\201\200xeQ\f\004\246\272c\252:\000\000\3610\000\000=\000\000\000\"G\310\220Q\016\204\033\000\000\000\000\ff\000\000LL_UCPD_InitLL_APB1_GRP2_EnableClocktmpreg\000\000\253\250c<B\004\030\217yX\021z\0000\000DA\020\204Z\002\000\\\004\000\000`V\021\220\310x\340\303\261\212:\340CD\000\3708;\371@;\200\003@\024\004A\250%\000 F\000\000\000f\025A\211\214G>\f:\017$\220!D\206\214\204\326\207\002\023\001\264?\f\214\b`\303@\036:a\037\233\b\001P\021`\234\"\220H+\214\307<\350D\000\000\3008E \221]\030\217y\260\017\001\000\200\r\002\213\264\3108E0\021Z\200\217\263\003\213\000\000\200q\212`\"#\002\037i\027\026\000\000\000\033\204\027\201\221\rC{\264\2078L\020\000<\230 \000y0A\000D\001\000\0003\021\212R\007\2430bp\000 \b\006E\037\304\371\377\377\377\200\347\377\377\377\303\257\377\377\377\0173\006\005\000\220\b\000\214\030\034\000\b\202A\321\007p\376\377\377?\334\371\377\377\377\360\353\377\377\377\303\204\0010\334\260\b`0cP\340CS\"\0000\313\020\b\301\214A\201\017\007\211\000\300\210\301\001\200 \030\024~@\373\377\377\377\203\235\377\377\377\017\340\376\377\377?\314\030\024\000`\"(\002\214\030\030\007\b\202\301!\nz \314\030\024i7\230\b\212\000#\006\007\000\202`P\214\002\234\377\377\377\017u\376\377\377?\200\373\377\377\3770cP\244]d\"(\002\020\241s\306\240P\273\301DP\004\270\300\331\t\003`\330\2000\202!\2300\000\310\3209cP\260\035c\"(\002\\\000\351\204\0010l@\030\301\020\314\030\024l\247\230\b\212\000d\350\2341(\332.1\021\024\001F\f\214\003\004\301\3400\205?8f\f\n\267\013L\004E\200Y\002a\306\240\330\207\341D\000`\304\340\000@\020\f\212Q\270\363\377\377\377a\334\377\377\377\207r\377\377\377\037f\f\n\000p\211\024\001(\3229cP\240\313\340\022)\002\\\340\350\204\0010l@L\301\020L\030\0004\351\2341(Bb \021\000\270\340\321\t\003\200(\035\023\006@\357\241\302\262\t\003\200\002\035\023\006\300\005\322M\030\000\275\007l\363&\f\000\ntL\030\000\027P7a\000\364\0366\017\f&\f\000\ntL\030\000\247$;a\000\\p\354\204\001pA\261\023\006\300\005\304N\030\000\303\006\204\030\004C0a\000\254,\314\030\024&1\220\b\000\004\304\000\000\000\022\000\000\000[\004`D\266\fH0\037[\006%\230\217-\303\022\314\307\226\241\tbd\313\340\0041\262e\220\002\367\3302P\201{l\031\252\300=\266\fW\300\037[\206,\350\217-\003\027\370\307\226\341\013\376c\313@\006\201{\000\000\000\000\000\000\000\000a \000\000I\000\000\000\023\004A,\020\000\000\000\002\000\000\000\244\005\b\bQ \245\001\3610\000\000\027\000\000\000\"G\310\220Q\006\204\005\022\000\000\000LL_UCPD_StructInit\000\000\253\250c<B\004\030\217\227 \021\230\0000\000DA\020\204Z\002\000L\004\000\000`\203\000\330\307&B\000F\004\030\247\b\"\262\013\343\361\022\366\021\000\000\260!(\221\t\002\200\007\000\000\000#\006\007\000\202`P\330\201\235\377\377\377\017x\376\377\377?\340\372\377\377\3770cP\000\200\210\000\300\260\001A\f\0030cP\310D\030\210\b\000\364\036\b\343\2301(f\202\022\021\000\0306 \002f\000f\f\212\231\b\003\021\001\200\336Cq(3\006\005MP\"\002\000\303\006D@\f\300\214AA\023a \"\000\320{0\020e\306\240\250\tJD\000`\330\200\b\210\001\2301(j\"\fD\004\000t\306\240\260\211@D\000  \006\000\000\000\006\000\000\000[\004 D\266\fA\300\037[\206!\350\217-C\021\370\307\226\341\b\376\003\000\000\000\000q \000\000\004\000\000\0002\016\020\"\204\000\376\017H0\036\201\005\262\023\000\000\000\000\000e\f\000\000C\000\000\000\022\003\224 \002\000\000\000\003\000\000\000t\000\000\000\t\000\000\000L\000\000\000\001\000\000\000X\000\000\000\000\000\000\000X\000\000\000\007\000\000\000\000\001\000\000\000\000\000\000}\000\000\000\031\000\000\000\226\000\000\000;\000\000\000\016\000\000\000\000\000\000\000\000\001\000\000\000\000\000\000\000\000\000\000\007\000\000\000\000\000\000\000\000\000\000\000\016\000\000\000\000\000\000\000\016\000\000\000\377\377\377\377\001$\000\000\016\000\000\000\020\000\000\000\016\000\000\000\020\000\000\000\377\377\377\377\b,\000\000\036\000\000\000\026\000\000\000\036\000\000\000\026\000\000\000\377\377\377\377\b,\000\0004\000\000\000\024\000\000\0004\000\000\000\024\000\000\000\377\377\377\377\b,\000\000H\000\000\000\f\000\000\000H\000\000\000\f\000\000\000\377\377\377\377\001$\000\000T\000\000\000\022\000\000\000T\000\000\000\022\000\000\000\377\377\377\377\001$\000\000f\000\000\000\016\000\000\000f\000\000\000\016\000\000\000\377\377\377\377\b,\000\000\000\000\000\000]\f\000\0008\000\000\000\022\003\224\261\001\000\000\000LL_UCPD_DeInitllvm.dbg.declarellvm.lifetime.start.p0llvm.lifetime.end.p0LL_UCPD_InitLL_UCPD_StructInitllvm.dbg.value16.0.0gitthumbv7em-arm-none-eabihfCubeMX/Drivers/STM32G4xx_HAL_Driver/Src/stm32g4xx_ll_ucpd.c\000\000\000\000\000\000"
	.size	.Lllvm.embedded.module, 10764

	.section	.debug_abbrev,"",%progbits
	.byte	1                               @ Abbreviation Code
	.byte	17                              @ DW_TAG_compile_unit
	.byte	1                               @ DW_CHILDREN_yes
	.byte	37                              @ DW_AT_producer
	.byte	14                              @ DW_FORM_strp
	.byte	19                              @ DW_AT_language
	.byte	5                               @ DW_FORM_data2
	.byte	3                               @ DW_AT_name
	.byte	14                              @ DW_FORM_strp
	.byte	16                              @ DW_AT_stmt_list
	.byte	23                              @ DW_FORM_sec_offset
	.byte	27                              @ DW_AT_comp_dir
	.byte	14                              @ DW_FORM_strp
	.byte	0                               @ EOM(1)
	.byte	0                               @ EOM(2)
	.byte	2                               @ Abbreviation Code
	.byte	4                               @ DW_TAG_enumeration_type
	.byte	1                               @ DW_CHILDREN_yes
	.byte	73                              @ DW_AT_type
	.byte	19                              @ DW_FORM_ref4
	.byte	11                              @ DW_AT_byte_size
	.byte	11                              @ DW_FORM_data1
	.byte	58                              @ DW_AT_decl_file
	.byte	11                              @ DW_FORM_data1
	.byte	59                              @ DW_AT_decl_line
	.byte	11                              @ DW_FORM_data1
	.byte	0                               @ EOM(1)
	.byte	0                               @ EOM(2)
	.byte	3                               @ Abbreviation Code
	.byte	40                              @ DW_TAG_enumerator
	.byte	0                               @ DW_CHILDREN_no
	.byte	3                               @ DW_AT_name
	.byte	14                              @ DW_FORM_strp
	.byte	28                              @ DW_AT_const_value
	.byte	15                              @ DW_FORM_udata
	.byte	0                               @ EOM(1)
	.byte	0                               @ EOM(2)
	.byte	4                               @ Abbreviation Code
	.byte	36                              @ DW_TAG_base_type
	.byte	0                               @ DW_CHILDREN_no
	.byte	3                               @ DW_AT_name
	.byte	14                              @ DW_FORM_strp
	.byte	62                              @ DW_AT_encoding
	.byte	11                              @ DW_FORM_data1
	.byte	11                              @ DW_AT_byte_size
	.byte	11                              @ DW_FORM_data1
	.byte	0                               @ EOM(1)
	.byte	0                               @ EOM(2)
	.byte	5                               @ Abbreviation Code
	.byte	15                              @ DW_TAG_pointer_type
	.byte	0                               @ DW_CHILDREN_no
	.byte	73                              @ DW_AT_type
	.byte	19                              @ DW_FORM_ref4
	.byte	0                               @ EOM(1)
	.byte	0                               @ EOM(2)
	.byte	6                               @ Abbreviation Code
	.byte	22                              @ DW_TAG_typedef
	.byte	0                               @ DW_CHILDREN_no
	.byte	73                              @ DW_AT_type
	.byte	19                              @ DW_FORM_ref4
	.byte	3                               @ DW_AT_name
	.byte	14                              @ DW_FORM_strp
	.byte	58                              @ DW_AT_decl_file
	.byte	11                              @ DW_FORM_data1
	.byte	59                              @ DW_AT_decl_line
	.byte	5                               @ DW_FORM_data2
	.byte	0                               @ EOM(1)
	.byte	0                               @ EOM(2)
	.byte	7                               @ Abbreviation Code
	.byte	19                              @ DW_TAG_structure_type
	.byte	1                               @ DW_CHILDREN_yes
	.byte	11                              @ DW_AT_byte_size
	.byte	11                              @ DW_FORM_data1
	.byte	58                              @ DW_AT_decl_file
	.byte	11                              @ DW_FORM_data1
	.byte	59                              @ DW_AT_decl_line
	.byte	5                               @ DW_FORM_data2
	.byte	0                               @ EOM(1)
	.byte	0                               @ EOM(2)
	.byte	8                               @ Abbreviation Code
	.byte	13                              @ DW_TAG_member
	.byte	0                               @ DW_CHILDREN_no
	.byte	3                               @ DW_AT_name
	.byte	14                              @ DW_FORM_strp
	.byte	73                              @ DW_AT_type
	.byte	19                              @ DW_FORM_ref4
	.byte	58                              @ DW_AT_decl_file
	.byte	11                              @ DW_FORM_data1
	.byte	59                              @ DW_AT_decl_line
	.byte	5                               @ DW_FORM_data2
	.byte	56                              @ DW_AT_data_member_location
	.byte	11                              @ DW_FORM_data1
	.byte	0                               @ EOM(1)
	.byte	0                               @ EOM(2)
	.byte	9                               @ Abbreviation Code
	.byte	53                              @ DW_TAG_volatile_type
	.byte	0                               @ DW_CHILDREN_no
	.byte	73                              @ DW_AT_type
	.byte	19                              @ DW_FORM_ref4
	.byte	0                               @ EOM(1)
	.byte	0                               @ EOM(2)
	.byte	10                              @ Abbreviation Code
	.byte	22                              @ DW_TAG_typedef
	.byte	0                               @ DW_CHILDREN_no
	.byte	73                              @ DW_AT_type
	.byte	19                              @ DW_FORM_ref4
	.byte	3                               @ DW_AT_name
	.byte	14                              @ DW_FORM_strp
	.byte	58                              @ DW_AT_decl_file
	.byte	11                              @ DW_FORM_data1
	.byte	59                              @ DW_AT_decl_line
	.byte	11                              @ DW_FORM_data1
	.byte	0                               @ EOM(1)
	.byte	0                               @ EOM(2)
	.byte	0                               @ EOM(3)
	.section	.debug_info,"",%progbits
.Lcu_begin0:
	.long	.Ldebug_info_end0-.Ldebug_info_start0 @ Length of Unit
.Ldebug_info_start0:
	.short	4                               @ DWARF version number
	.long	.debug_abbrev                   @ Offset Into Abbrev. Section
	.byte	4                               @ Address Size (in bytes)
	.byte	1                               @ Abbrev [1] 0xb:0x340 DW_TAG_compile_unit
	.long	.Linfo_string0                  @ DW_AT_producer
	.short	12                              @ DW_AT_language
	.long	.Linfo_string1                  @ DW_AT_name
	.long	.Lline_table_start0             @ DW_AT_stmt_list
	.long	.Linfo_string2                  @ DW_AT_comp_dir
	.byte	2                               @ Abbrev [2] 0x1e:0x15 DW_TAG_enumeration_type
	.long	51                              @ DW_AT_type
	.byte	1                               @ DW_AT_byte_size
	.byte	1                               @ DW_AT_decl_file
	.byte	150                             @ DW_AT_decl_line
	.byte	3                               @ Abbrev [3] 0x26:0x6 DW_TAG_enumerator
	.long	.Linfo_string4                  @ DW_AT_name
	.byte	0                               @ DW_AT_const_value
	.byte	3                               @ Abbrev [3] 0x2c:0x6 DW_TAG_enumerator
	.long	.Linfo_string5                  @ DW_AT_name
	.byte	1                               @ DW_AT_const_value
	.byte	0                               @ End Of Children Mark
	.byte	4                               @ Abbrev [4] 0x33:0x7 DW_TAG_base_type
	.long	.Linfo_string3                  @ DW_AT_name
	.byte	8                               @ DW_AT_encoding
	.byte	1                               @ DW_AT_byte_size
	.byte	5                               @ Abbrev [5] 0x3a:0x5 DW_TAG_pointer_type
	.long	63                              @ DW_AT_type
	.byte	6                               @ Abbrev [6] 0x3f:0xc DW_TAG_typedef
	.long	75                              @ DW_AT_type
	.long	.Linfo_string23                 @ DW_AT_name
	.byte	3                               @ DW_AT_decl_file
	.short	911                             @ DW_AT_decl_line
	.byte	7                               @ Abbrev [7] 0x4b:0xc9 DW_TAG_structure_type
	.byte	60                              @ DW_AT_byte_size
	.byte	3                               @ DW_AT_decl_file
	.short	894                             @ DW_AT_decl_line
	.byte	8                               @ Abbrev [8] 0x50:0xd DW_TAG_member
	.long	.Linfo_string6                  @ DW_AT_name
	.long	276                             @ DW_AT_type
	.byte	3                               @ DW_AT_decl_file
	.short	896                             @ DW_AT_decl_line
	.byte	0                               @ DW_AT_data_member_location
	.byte	8                               @ Abbrev [8] 0x5d:0xd DW_TAG_member
	.long	.Linfo_string9                  @ DW_AT_name
	.long	276                             @ DW_AT_type
	.byte	3                               @ DW_AT_decl_file
	.short	897                             @ DW_AT_decl_line
	.byte	4                               @ DW_AT_data_member_location
	.byte	8                               @ Abbrev [8] 0x6a:0xd DW_TAG_member
	.long	.Linfo_string10                 @ DW_AT_name
	.long	276                             @ DW_AT_type
	.byte	3                               @ DW_AT_decl_file
	.short	898                             @ DW_AT_decl_line
	.byte	8                               @ DW_AT_data_member_location
	.byte	8                               @ Abbrev [8] 0x77:0xd DW_TAG_member
	.long	.Linfo_string11                 @ DW_AT_name
	.long	276                             @ DW_AT_type
	.byte	3                               @ DW_AT_decl_file
	.short	899                             @ DW_AT_decl_line
	.byte	12                              @ DW_AT_data_member_location
	.byte	8                               @ Abbrev [8] 0x84:0xd DW_TAG_member
	.long	.Linfo_string12                 @ DW_AT_name
	.long	276                             @ DW_AT_type
	.byte	3                               @ DW_AT_decl_file
	.short	900                             @ DW_AT_decl_line
	.byte	16                              @ DW_AT_data_member_location
	.byte	8                               @ Abbrev [8] 0x91:0xd DW_TAG_member
	.long	.Linfo_string13                 @ DW_AT_name
	.long	276                             @ DW_AT_type
	.byte	3                               @ DW_AT_decl_file
	.short	901                             @ DW_AT_decl_line
	.byte	20                              @ DW_AT_data_member_location
	.byte	8                               @ Abbrev [8] 0x9e:0xd DW_TAG_member
	.long	.Linfo_string14                 @ DW_AT_name
	.long	276                             @ DW_AT_type
	.byte	3                               @ DW_AT_decl_file
	.short	902                             @ DW_AT_decl_line
	.byte	24                              @ DW_AT_data_member_location
	.byte	8                               @ Abbrev [8] 0xab:0xd DW_TAG_member
	.long	.Linfo_string15                 @ DW_AT_name
	.long	276                             @ DW_AT_type
	.byte	3                               @ DW_AT_decl_file
	.short	903                             @ DW_AT_decl_line
	.byte	28                              @ DW_AT_data_member_location
	.byte	8                               @ Abbrev [8] 0xb8:0xd DW_TAG_member
	.long	.Linfo_string16                 @ DW_AT_name
	.long	276                             @ DW_AT_type
	.byte	3                               @ DW_AT_decl_file
	.short	904                             @ DW_AT_decl_line
	.byte	32                              @ DW_AT_data_member_location
	.byte	8                               @ Abbrev [8] 0xc5:0xd DW_TAG_member
	.long	.Linfo_string17                 @ DW_AT_name
	.long	276                             @ DW_AT_type
	.byte	3                               @ DW_AT_decl_file
	.short	905                             @ DW_AT_decl_line
	.byte	36                              @ DW_AT_data_member_location
	.byte	8                               @ Abbrev [8] 0xd2:0xd DW_TAG_member
	.long	.Linfo_string18                 @ DW_AT_name
	.long	276                             @ DW_AT_type
	.byte	3                               @ DW_AT_decl_file
	.short	906                             @ DW_AT_decl_line
	.byte	40                              @ DW_AT_data_member_location
	.byte	8                               @ Abbrev [8] 0xdf:0xd DW_TAG_member
	.long	.Linfo_string19                 @ DW_AT_name
	.long	276                             @ DW_AT_type
	.byte	3                               @ DW_AT_decl_file
	.short	907                             @ DW_AT_decl_line
	.byte	44                              @ DW_AT_data_member_location
	.byte	8                               @ Abbrev [8] 0xec:0xd DW_TAG_member
	.long	.Linfo_string20                 @ DW_AT_name
	.long	276                             @ DW_AT_type
	.byte	3                               @ DW_AT_decl_file
	.short	908                             @ DW_AT_decl_line
	.byte	48                              @ DW_AT_data_member_location
	.byte	8                               @ Abbrev [8] 0xf9:0xd DW_TAG_member
	.long	.Linfo_string21                 @ DW_AT_name
	.long	276                             @ DW_AT_type
	.byte	3                               @ DW_AT_decl_file
	.short	909                             @ DW_AT_decl_line
	.byte	52                              @ DW_AT_data_member_location
	.byte	8                               @ Abbrev [8] 0x106:0xd DW_TAG_member
	.long	.Linfo_string22                 @ DW_AT_name
	.long	276                             @ DW_AT_type
	.byte	3                               @ DW_AT_decl_file
	.short	910                             @ DW_AT_decl_line
	.byte	56                              @ DW_AT_data_member_location
	.byte	0                               @ End Of Children Mark
	.byte	9                               @ Abbrev [9] 0x114:0x5 DW_TAG_volatile_type
	.long	281                             @ DW_AT_type
	.byte	10                              @ Abbrev [10] 0x119:0xb DW_TAG_typedef
	.long	292                             @ DW_AT_type
	.long	.Linfo_string8                  @ DW_AT_name
	.byte	2                               @ DW_AT_decl_file
	.byte	64                              @ DW_AT_decl_line
	.byte	4                               @ Abbrev [4] 0x124:0x7 DW_TAG_base_type
	.long	.Linfo_string7                  @ DW_AT_name
	.byte	7                               @ DW_AT_encoding
	.byte	4                               @ DW_AT_byte_size
	.byte	5                               @ Abbrev [5] 0x12b:0x5 DW_TAG_pointer_type
	.long	304                             @ DW_AT_type
	.byte	6                               @ Abbrev [6] 0x130:0xc DW_TAG_typedef
	.long	316                             @ DW_AT_type
	.long	.Linfo_string62                 @ DW_AT_name
	.byte	3                               @ DW_AT_decl_file
	.short	617                             @ DW_AT_decl_line
	.byte	7                               @ Abbrev [7] 0x13c:0x20e DW_TAG_structure_type
	.byte	160                             @ DW_AT_byte_size
	.byte	3                               @ DW_AT_decl_file
	.short	575                             @ DW_AT_decl_line
	.byte	8                               @ Abbrev [8] 0x141:0xd DW_TAG_member
	.long	.Linfo_string11                 @ DW_AT_name
	.long	276                             @ DW_AT_type
	.byte	3                               @ DW_AT_decl_file
	.short	577                             @ DW_AT_decl_line
	.byte	0                               @ DW_AT_data_member_location
	.byte	8                               @ Abbrev [8] 0x14e:0xd DW_TAG_member
	.long	.Linfo_string24                 @ DW_AT_name
	.long	276                             @ DW_AT_type
	.byte	3                               @ DW_AT_decl_file
	.short	578                             @ DW_AT_decl_line
	.byte	4                               @ DW_AT_data_member_location
	.byte	8                               @ Abbrev [8] 0x15b:0xd DW_TAG_member
	.long	.Linfo_string25                 @ DW_AT_name
	.long	276                             @ DW_AT_type
	.byte	3                               @ DW_AT_decl_file
	.short	579                             @ DW_AT_decl_line
	.byte	8                               @ DW_AT_data_member_location
	.byte	8                               @ Abbrev [8] 0x168:0xd DW_TAG_member
	.long	.Linfo_string26                 @ DW_AT_name
	.long	276                             @ DW_AT_type
	.byte	3                               @ DW_AT_decl_file
	.short	580                             @ DW_AT_decl_line
	.byte	12                              @ DW_AT_data_member_location
	.byte	8                               @ Abbrev [8] 0x175:0xd DW_TAG_member
	.long	.Linfo_string10                 @ DW_AT_name
	.long	281                             @ DW_AT_type
	.byte	3                               @ DW_AT_decl_file
	.short	581                             @ DW_AT_decl_line
	.byte	16                              @ DW_AT_data_member_location
	.byte	8                               @ Abbrev [8] 0x182:0xd DW_TAG_member
	.long	.Linfo_string27                 @ DW_AT_name
	.long	281                             @ DW_AT_type
	.byte	3                               @ DW_AT_decl_file
	.short	582                             @ DW_AT_decl_line
	.byte	20                              @ DW_AT_data_member_location
	.byte	8                               @ Abbrev [8] 0x18f:0xd DW_TAG_member
	.long	.Linfo_string28                 @ DW_AT_name
	.long	276                             @ DW_AT_type
	.byte	3                               @ DW_AT_decl_file
	.short	583                             @ DW_AT_decl_line
	.byte	24                              @ DW_AT_data_member_location
	.byte	8                               @ Abbrev [8] 0x19c:0xd DW_TAG_member
	.long	.Linfo_string29                 @ DW_AT_name
	.long	276                             @ DW_AT_type
	.byte	3                               @ DW_AT_decl_file
	.short	584                             @ DW_AT_decl_line
	.byte	28                              @ DW_AT_data_member_location
	.byte	8                               @ Abbrev [8] 0x1a9:0xd DW_TAG_member
	.long	.Linfo_string30                 @ DW_AT_name
	.long	276                             @ DW_AT_type
	.byte	3                               @ DW_AT_decl_file
	.short	585                             @ DW_AT_decl_line
	.byte	32                              @ DW_AT_data_member_location
	.byte	8                               @ Abbrev [8] 0x1b6:0xd DW_TAG_member
	.long	.Linfo_string31                 @ DW_AT_name
	.long	281                             @ DW_AT_type
	.byte	3                               @ DW_AT_decl_file
	.short	586                             @ DW_AT_decl_line
	.byte	36                              @ DW_AT_data_member_location
	.byte	8                               @ Abbrev [8] 0x1c3:0xd DW_TAG_member
	.long	.Linfo_string32                 @ DW_AT_name
	.long	276                             @ DW_AT_type
	.byte	3                               @ DW_AT_decl_file
	.short	587                             @ DW_AT_decl_line
	.byte	40                              @ DW_AT_data_member_location
	.byte	8                               @ Abbrev [8] 0x1d0:0xd DW_TAG_member
	.long	.Linfo_string33                 @ DW_AT_name
	.long	276                             @ DW_AT_type
	.byte	3                               @ DW_AT_decl_file
	.short	588                             @ DW_AT_decl_line
	.byte	44                              @ DW_AT_data_member_location
	.byte	8                               @ Abbrev [8] 0x1dd:0xd DW_TAG_member
	.long	.Linfo_string34                 @ DW_AT_name
	.long	276                             @ DW_AT_type
	.byte	3                               @ DW_AT_decl_file
	.short	589                             @ DW_AT_decl_line
	.byte	48                              @ DW_AT_data_member_location
	.byte	8                               @ Abbrev [8] 0x1ea:0xd DW_TAG_member
	.long	.Linfo_string35                 @ DW_AT_name
	.long	281                             @ DW_AT_type
	.byte	3                               @ DW_AT_decl_file
	.short	590                             @ DW_AT_decl_line
	.byte	52                              @ DW_AT_data_member_location
	.byte	8                               @ Abbrev [8] 0x1f7:0xd DW_TAG_member
	.long	.Linfo_string36                 @ DW_AT_name
	.long	276                             @ DW_AT_type
	.byte	3                               @ DW_AT_decl_file
	.short	591                             @ DW_AT_decl_line
	.byte	56                              @ DW_AT_data_member_location
	.byte	8                               @ Abbrev [8] 0x204:0xd DW_TAG_member
	.long	.Linfo_string37                 @ DW_AT_name
	.long	276                             @ DW_AT_type
	.byte	3                               @ DW_AT_decl_file
	.short	592                             @ DW_AT_decl_line
	.byte	60                              @ DW_AT_data_member_location
	.byte	8                               @ Abbrev [8] 0x211:0xd DW_TAG_member
	.long	.Linfo_string38                 @ DW_AT_name
	.long	276                             @ DW_AT_type
	.byte	3                               @ DW_AT_decl_file
	.short	593                             @ DW_AT_decl_line
	.byte	64                              @ DW_AT_data_member_location
	.byte	8                               @ Abbrev [8] 0x21e:0xd DW_TAG_member
	.long	.Linfo_string39                 @ DW_AT_name
	.long	281                             @ DW_AT_type
	.byte	3                               @ DW_AT_decl_file
	.short	594                             @ DW_AT_decl_line
	.byte	68                              @ DW_AT_data_member_location
	.byte	8                               @ Abbrev [8] 0x22b:0xd DW_TAG_member
	.long	.Linfo_string40                 @ DW_AT_name
	.long	276                             @ DW_AT_type
	.byte	3                               @ DW_AT_decl_file
	.short	595                             @ DW_AT_decl_line
	.byte	72                              @ DW_AT_data_member_location
	.byte	8                               @ Abbrev [8] 0x238:0xd DW_TAG_member
	.long	.Linfo_string41                 @ DW_AT_name
	.long	276                             @ DW_AT_type
	.byte	3                               @ DW_AT_decl_file
	.short	596                             @ DW_AT_decl_line
	.byte	76                              @ DW_AT_data_member_location
	.byte	8                               @ Abbrev [8] 0x245:0xd DW_TAG_member
	.long	.Linfo_string42                 @ DW_AT_name
	.long	276                             @ DW_AT_type
	.byte	3                               @ DW_AT_decl_file
	.short	597                             @ DW_AT_decl_line
	.byte	80                              @ DW_AT_data_member_location
	.byte	8                               @ Abbrev [8] 0x252:0xd DW_TAG_member
	.long	.Linfo_string43                 @ DW_AT_name
	.long	281                             @ DW_AT_type
	.byte	3                               @ DW_AT_decl_file
	.short	598                             @ DW_AT_decl_line
	.byte	84                              @ DW_AT_data_member_location
	.byte	8                               @ Abbrev [8] 0x25f:0xd DW_TAG_member
	.long	.Linfo_string44                 @ DW_AT_name
	.long	276                             @ DW_AT_type
	.byte	3                               @ DW_AT_decl_file
	.short	599                             @ DW_AT_decl_line
	.byte	88                              @ DW_AT_data_member_location
	.byte	8                               @ Abbrev [8] 0x26c:0xd DW_TAG_member
	.long	.Linfo_string45                 @ DW_AT_name
	.long	276                             @ DW_AT_type
	.byte	3                               @ DW_AT_decl_file
	.short	600                             @ DW_AT_decl_line
	.byte	92                              @ DW_AT_data_member_location
	.byte	8                               @ Abbrev [8] 0x279:0xd DW_TAG_member
	.long	.Linfo_string46                 @ DW_AT_name
	.long	276                             @ DW_AT_type
	.byte	3                               @ DW_AT_decl_file
	.short	601                             @ DW_AT_decl_line
	.byte	96                              @ DW_AT_data_member_location
	.byte	8                               @ Abbrev [8] 0x286:0xd DW_TAG_member
	.long	.Linfo_string47                 @ DW_AT_name
	.long	281                             @ DW_AT_type
	.byte	3                               @ DW_AT_decl_file
	.short	602                             @ DW_AT_decl_line
	.byte	100                             @ DW_AT_data_member_location
	.byte	8                               @ Abbrev [8] 0x293:0xd DW_TAG_member
	.long	.Linfo_string48                 @ DW_AT_name
	.long	276                             @ DW_AT_type
	.byte	3                               @ DW_AT_decl_file
	.short	603                             @ DW_AT_decl_line
	.byte	104                             @ DW_AT_data_member_location
	.byte	8                               @ Abbrev [8] 0x2a0:0xd DW_TAG_member
	.long	.Linfo_string49                 @ DW_AT_name
	.long	276                             @ DW_AT_type
	.byte	3                               @ DW_AT_decl_file
	.short	604                             @ DW_AT_decl_line
	.byte	108                             @ DW_AT_data_member_location
	.byte	8                               @ Abbrev [8] 0x2ad:0xd DW_TAG_member
	.long	.Linfo_string50                 @ DW_AT_name
	.long	276                             @ DW_AT_type
	.byte	3                               @ DW_AT_decl_file
	.short	605                             @ DW_AT_decl_line
	.byte	112                             @ DW_AT_data_member_location
	.byte	8                               @ Abbrev [8] 0x2ba:0xd DW_TAG_member
	.long	.Linfo_string51                 @ DW_AT_name
	.long	281                             @ DW_AT_type
	.byte	3                               @ DW_AT_decl_file
	.short	606                             @ DW_AT_decl_line
	.byte	116                             @ DW_AT_data_member_location
	.byte	8                               @ Abbrev [8] 0x2c7:0xd DW_TAG_member
	.long	.Linfo_string52                 @ DW_AT_name
	.long	276                             @ DW_AT_type
	.byte	3                               @ DW_AT_decl_file
	.short	607                             @ DW_AT_decl_line
	.byte	120                             @ DW_AT_data_member_location
	.byte	8                               @ Abbrev [8] 0x2d4:0xd DW_TAG_member
	.long	.Linfo_string53                 @ DW_AT_name
	.long	276                             @ DW_AT_type
	.byte	3                               @ DW_AT_decl_file
	.short	608                             @ DW_AT_decl_line
	.byte	124                             @ DW_AT_data_member_location
	.byte	8                               @ Abbrev [8] 0x2e1:0xd DW_TAG_member
	.long	.Linfo_string54                 @ DW_AT_name
	.long	276                             @ DW_AT_type
	.byte	3                               @ DW_AT_decl_file
	.short	609                             @ DW_AT_decl_line
	.byte	128                             @ DW_AT_data_member_location
	.byte	8                               @ Abbrev [8] 0x2ee:0xd DW_TAG_member
	.long	.Linfo_string55                 @ DW_AT_name
	.long	281                             @ DW_AT_type
	.byte	3                               @ DW_AT_decl_file
	.short	610                             @ DW_AT_decl_line
	.byte	132                             @ DW_AT_data_member_location
	.byte	8                               @ Abbrev [8] 0x2fb:0xd DW_TAG_member
	.long	.Linfo_string56                 @ DW_AT_name
	.long	276                             @ DW_AT_type
	.byte	3                               @ DW_AT_decl_file
	.short	611                             @ DW_AT_decl_line
	.byte	136                             @ DW_AT_data_member_location
	.byte	8                               @ Abbrev [8] 0x308:0xd DW_TAG_member
	.long	.Linfo_string57                 @ DW_AT_name
	.long	281                             @ DW_AT_type
	.byte	3                               @ DW_AT_decl_file
	.short	612                             @ DW_AT_decl_line
	.byte	140                             @ DW_AT_data_member_location
	.byte	8                               @ Abbrev [8] 0x315:0xd DW_TAG_member
	.long	.Linfo_string58                 @ DW_AT_name
	.long	276                             @ DW_AT_type
	.byte	3                               @ DW_AT_decl_file
	.short	613                             @ DW_AT_decl_line
	.byte	144                             @ DW_AT_data_member_location
	.byte	8                               @ Abbrev [8] 0x322:0xd DW_TAG_member
	.long	.Linfo_string59                 @ DW_AT_name
	.long	276                             @ DW_AT_type
	.byte	3                               @ DW_AT_decl_file
	.short	614                             @ DW_AT_decl_line
	.byte	148                             @ DW_AT_data_member_location
	.byte	8                               @ Abbrev [8] 0x32f:0xd DW_TAG_member
	.long	.Linfo_string60                 @ DW_AT_name
	.long	276                             @ DW_AT_type
	.byte	3                               @ DW_AT_decl_file
	.short	615                             @ DW_AT_decl_line
	.byte	152                             @ DW_AT_data_member_location
	.byte	8                               @ Abbrev [8] 0x33c:0xd DW_TAG_member
	.long	.Linfo_string61                 @ DW_AT_name
	.long	276                             @ DW_AT_type
	.byte	3                               @ DW_AT_decl_file
	.short	616                             @ DW_AT_decl_line
	.byte	156                             @ DW_AT_data_member_location
	.byte	0                               @ End Of Children Mark
	.byte	0                               @ End Of Children Mark
.Ldebug_info_end0:
	.section	.debug_str,"MS",%progbits,1
.Linfo_string0:
	.asciz	"Component: Arm Compiler for Embedded 6.19 Tool: armclang [5e73cb00]" @ string offset=0
.Linfo_string1:
	.asciz	"CubeMX/Drivers/STM32G4xx_HAL_Driver/Src\\stm32g4xx_ll_ucpd.c" @ string offset=68
.Linfo_string2:
	.asciz	"C:\\Users\\CHALLENGER\\Documents\\KeXieData\\Project\\DigitalPower\\BootLoader" @ string offset=128
.Linfo_string3:
	.asciz	"unsigned char"                 @ string offset=200
.Linfo_string4:
	.asciz	"SUCCESS"                       @ string offset=214
.Linfo_string5:
	.asciz	"ERROR"                         @ string offset=222
.Linfo_string6:
	.asciz	"CFG1"                          @ string offset=228
.Linfo_string7:
	.asciz	"unsigned int"                  @ string offset=233
.Linfo_string8:
	.asciz	"uint32_t"                      @ string offset=246
.Linfo_string9:
	.asciz	"CFG2"                          @ string offset=255
.Linfo_string10:
	.asciz	"RESERVED0"                     @ string offset=260
.Linfo_string11:
	.asciz	"CR"                            @ string offset=270
.Linfo_string12:
	.asciz	"IMR"                           @ string offset=273
.Linfo_string13:
	.asciz	"SR"                            @ string offset=277
.Linfo_string14:
	.asciz	"ICR"                           @ string offset=280
.Linfo_string15:
	.asciz	"TX_ORDSET"                     @ string offset=284
.Linfo_string16:
	.asciz	"TX_PAYSZ"                      @ string offset=294
.Linfo_string17:
	.asciz	"TXDR"                          @ string offset=303
.Linfo_string18:
	.asciz	"RX_ORDSET"                     @ string offset=308
.Linfo_string19:
	.asciz	"RX_PAYSZ"                      @ string offset=318
.Linfo_string20:
	.asciz	"RXDR"                          @ string offset=327
.Linfo_string21:
	.asciz	"RX_ORDEXT1"                    @ string offset=332
.Linfo_string22:
	.asciz	"RX_ORDEXT2"                    @ string offset=343
.Linfo_string23:
	.asciz	"UCPD_TypeDef"                  @ string offset=354
.Linfo_string24:
	.asciz	"ICSCR"                         @ string offset=367
.Linfo_string25:
	.asciz	"CFGR"                          @ string offset=373
.Linfo_string26:
	.asciz	"PLLCFGR"                       @ string offset=378
.Linfo_string27:
	.asciz	"RESERVED1"                     @ string offset=386
.Linfo_string28:
	.asciz	"CIER"                          @ string offset=396
.Linfo_string29:
	.asciz	"CIFR"                          @ string offset=401
.Linfo_string30:
	.asciz	"CICR"                          @ string offset=406
.Linfo_string31:
	.asciz	"RESERVED2"                     @ string offset=411
.Linfo_string32:
	.asciz	"AHB1RSTR"                      @ string offset=421
.Linfo_string33:
	.asciz	"AHB2RSTR"                      @ string offset=430
.Linfo_string34:
	.asciz	"AHB3RSTR"                      @ string offset=439
.Linfo_string35:
	.asciz	"RESERVED3"                     @ string offset=448
.Linfo_string36:
	.asciz	"APB1RSTR1"                     @ string offset=458
.Linfo_string37:
	.asciz	"APB1RSTR2"                     @ string offset=468
.Linfo_string38:
	.asciz	"APB2RSTR"                      @ string offset=478
.Linfo_string39:
	.asciz	"RESERVED4"                     @ string offset=487
.Linfo_string40:
	.asciz	"AHB1ENR"                       @ string offset=497
.Linfo_string41:
	.asciz	"AHB2ENR"                       @ string offset=505
.Linfo_string42:
	.asciz	"AHB3ENR"                       @ string offset=513
.Linfo_string43:
	.asciz	"RESERVED5"                     @ string offset=521
.Linfo_string44:
	.asciz	"APB1ENR1"                      @ string offset=531
.Linfo_string45:
	.asciz	"APB1ENR2"                      @ string offset=540
.Linfo_string46:
	.asciz	"APB2ENR"                       @ string offset=549
.Linfo_string47:
	.asciz	"RESERVED6"                     @ string offset=557
.Linfo_string48:
	.asciz	"AHB1SMENR"                     @ string offset=567
.Linfo_string49:
	.asciz	"AHB2SMENR"                     @ string offset=577
.Linfo_string50:
	.asciz	"AHB3SMENR"                     @ string offset=587
.Linfo_string51:
	.asciz	"RESERVED7"                     @ string offset=597
.Linfo_string52:
	.asciz	"APB1SMENR1"                    @ string offset=607
.Linfo_string53:
	.asciz	"APB1SMENR2"                    @ string offset=618
.Linfo_string54:
	.asciz	"APB2SMENR"                     @ string offset=629
.Linfo_string55:
	.asciz	"RESERVED8"                     @ string offset=639
.Linfo_string56:
	.asciz	"CCIPR"                         @ string offset=649
.Linfo_string57:
	.asciz	"RESERVED9"                     @ string offset=655
.Linfo_string58:
	.asciz	"BDCR"                          @ string offset=665
.Linfo_string59:
	.asciz	"CSR"                           @ string offset=670
.Linfo_string60:
	.asciz	"CRRCR"                         @ string offset=674
.Linfo_string61:
	.asciz	"CCIPR2"                        @ string offset=680
.Linfo_string62:
	.asciz	"RCC_TypeDef"                   @ string offset=687
	.ident	"Component: Arm Compiler for Embedded 6.19 Tool: armclang [5e73cb00]"
	.section	".note.GNU-stack","",%progbits
	.ARM_attribute	16, 1	@ Tag_AV_eba
	.section	.debug_line,"",%progbits
.Lline_table_start0:
