	.text
	.syntax unified
	.eabi_attribute	67, "2.09"	@ Tag_conformance
	.cpu	cortex-m4
	.eabi_attribute	6, 13	@ Tag_CPU_arch
	.eabi_attribute	7, 77	@ Tag_CPU_arch_profile
	.eabi_attribute	8, 0	@ Tag_ARM_ISA_use
	.eabi_attribute	9, 2	@ Tag_THUMB_ISA_use
	.fpu	fpv4-sp-d16
	.eabi_attribute	27, 1	@ Tag_ABI_HardFP_use
	.eabi_attribute	36, 1	@ Tag_FP_HP_extension
	.eabi_attribute	34, 1	@ Tag_CPU_unaligned_access
	.eabi_attribute	17, 1	@ Tag_ABI_PCS_GOT_use
	.eabi_attribute	20, 2	@ Tag_ABI_FP_denormal
	.eabi_attribute	21, 0	@ Tag_ABI_FP_exceptions
	.eabi_attribute	23, 1	@ Tag_ABI_FP_number_model
	.eabi_attribute	24, 1	@ Tag_ABI_align_needed
	.eabi_attribute	25, 1	@ Tag_ABI_align_preserved
	.eabi_attribute	28, 1	@ Tag_ABI_VFP_args
	.eabi_attribute	38, 1	@ Tag_ABI_FP_16bit_format
	.eabi_attribute	18, 2	@ Tag_ABI_PCS_wchar_t
	.eabi_attribute	26, 1	@ Tag_ABI_enum_size
	.eabi_attribute	14, 0	@ Tag_ABI_PCS_R9_use
	.file	"stm32g4xx_hal_dma_ex.c"
	.file	1 "C:\\Users\\CHALLENGER\\Documents\\KeXieData\\Project\\DigitalPower\\BootLoader" "./CubeMX/Drivers/STM32G4xx_HAL_Driver/Inc/stm32g4xx_hal_def.h"
	.file	2 "C:\\Users\\CHALLENGER\\Documents\\KeXieData\\Project\\DigitalPower\\BootLoader" "./CubeMX/Drivers/STM32G4xx_HAL_Driver/Inc\\stm32g4xx_hal_dma.h"
	.file	3 "C:\\Users\\CHALLENGER\\Documents\\KeXieData\\Project\\DigitalPower\\BootLoader" "./CubeMX/Drivers/CMSIS/Device/ST/STM32G4xx/Include\\stm32g4xx.h"
	.file	4 "C:\\Keil_v5\\ARM\\ARMCLANG\\Bin\\..\\include" "stdint.h"
	.type	.Lllvm.embedded.module,%object  @ @llvm.embedded.module
	.section	.llvmbc,"",%progbits
	.p2align	4, 0x0
.Lllvm.embedded.module:
	.asciz	"BC\300\3365\024\000\000\005\000\000\000b\f0$MY\276f\255\373\264O\033\310$D\0012\005\000!\f\000\000\324\n\000\000\013\002!\000\002\000\000\000\026\000\000\000\007\201#\221A\310\004I\006\02029\222\001\204\f%\005\b\031\036\004\213b\200\024E\002B\222\013B\244\0202\0248\b\030K\n2R\210Hp\304!#D\022\207\214\020A\222\002d\310\b\261\024 CF\210 \311\0012R\204\030*(*\2201|\260\\\221 \305\310\000\000\000\211 \000\000A\000\000\0002\"H\t bF\000!+$\230\024!%$\230\024\031'\f\205\244\220`Rd\\ $e\202@\2529\002\304\f\001\000#\0040\002`\004\002\006\002\fA\2141s\004`\200\2264E\2240\371\235\251\375b\203L-\366\020\035Q$\004!\204\020B\b5i\212(a\362\377\2773\265?\004\232a!Z\354!:\242H\022H!\000\000\000@\000\001\200\000@s\004\2400G\020L\001\340\030HSD\t\223\037j\345\337\231\332oR\027\2135\002\3474\005b\264\330CtD\221\n\204B@\370\006\322\024Q\302\344\207Z\371w\246\366\233\324\265\022\020EH\023H4D\004LN\3049M\201\030-\366\020\035Q\244\001!\204c M\021%L~gj\246\033\377\334\0014\r\261\260\0230Q\322\337b\017\321\021E\022\020B3\220\246\210\022&\27735\323\215\377\225\200(B\232@\242a'`\242\244\277\305\036\242#\212$ \004Q\030\000\000\320\001\000\000\033\310)\370\377\377\377\377\001\360\003\000\016\000\211 \207rp\207w\220\207v\b\007vh\003s\200\2076h\207p\240\007t\000\340A\036\312a\036\312A\036\354\241\034\332`\036\322\341\034\334\201\r\340A\036\312a\036\312A\036\354\241\034\332`\036\322\341\034\334\001 \314A\036\302\241\035\312\241\r\340\341\035\322\301\035\350\241\034\344\001p\207wp\207r\000\210vH\007wh\003v(\207s\b\007vh\003{(\207q\240\207w\220\2076\270\207t \007z@\007\000\016\000\302\035\336\241\r\322\301\035\314a\036\332\300\034\340\241\r\332!\034\350\001\035\000z\220\207z(\007\200p\207wh\003w\b\007w\230\20760\007xh\203v\b\007z@\007\200\036\344\241\036\312\001 \334\341\035\332`\036\322\341\034\334\241\034\310\241\r\364\241\034\344\341\035\346\241\r\314\001\036\332\240\035\302\201\036\320\001\240\007y\250\207r\000\210y\240\207p\030\207uh\003x\220\207w\240\207r\030\007zx\007yh\003q\250\007s0\207r\220\2076\230\207t\320\207r\000\360\000 \350!\034\344\341\034\312\201\036\332`\034\340\241\036\200qx\007y\240\207r\300\2076h\007:\000\bz\b\007y8\207r\240\20760\207r\b\007z\250\007y(\207y\000\326 \034\344\241\035\354\341\016\312\241\r\332\201\r\326\200\034\346\001\036\330`\r\314\001\036\342\300\016\330`\r\320\341\036\310!\035\354\201\r\326\200\036\320\241\036\332A\034\332\240\035\336\201\034\312\201\r\326\300\036\314\001\036\344`\036\340\201\r\326\300\036\314\001\036\346\200\034\342\300\016\346\001\036\330`\r\354\301\034\340\201\016\310!\016\354`\036\340\201\r\332 \034\312a\036\330\240\r\304\301\034\342\300\016\330\240\r\306\201\034\312a\034\340\001\016\330\240\r\306\201\034\312a\034\340!\016\330\240\r\306\201\034\312a\034\340A\016\330\240\r\306\201\034\312a\034\340a\016\330\240\r\306\201\034\312a\034\340\201\016\330\240\r\306\201\034\312a\034\340\241\016\330\240\r\306\201\034\312a\034\340\301\016\330\240\r\306\201\034\312a\034\340\341\016\330\240\r\306A\036\306\201\r\332`\034\344!\037\340\201\036\336\201\r\332\200\034\346@\016\330\240\r\310\341\035\350\001\036\344\341\035\310\201\r\332\300\034\306\241\034\330\240\r\314\001\036\332 \034\344\241\035\354\001\017\330\240\r\314\001\036\332 \034\344\241\035\354\001\017\310!\016\354\200\r\332\300\034\340\241\r\302A\036\332\301\036\360\200\034\342\300\016\346\001\036\330\240\r\314\001\036\332 \034\344\241\035\354\001\017\346\001\036\330\240\r\314\001\036\342\300\016\314\241\035\330\201\r\332\300\034\340\301\016\350\200\r\332\300\034\352\201\035\330\301\034\340!\016\354\200\r\332\000\035\356\201\034\322\301\036\332 \034\344\241\035\330\240\r\322\001\017\332\241\035\330\240\r\330\341\035\304\201\r\332\240\035\354\241\034\330\240\r\332\301\036\312\301\r\314\001\036\330\240\r\334\241\034\336\301\035\330\240\r\340!\034\306A\034\350!\035\330\240\r\344!\034\346\201\r\332`\036\304\201\r\332`\036\320!\034\344\200\r\332\300\036\314\001\036\344\200\r\332\300\036\314\001\036\346\200\r\332\300\036\314\001\036\346\200\034\342\300\016\330\240\r\354\301\034\340a\016\346\001\036\330\240\r\354\301\034\340\201\016\330\240\r\354\301\034\340\201\016\310!\016\354\200\r\332\300\036\314\001\036\350`\036\340\001\330@\b\000 \006\033\210!\000Ha\003B\b\300\002\220\002Pm\000\247\342\377\377\377\377\007@\"\310\241\034\334\341\035\344\241\035\302\201\035\332\300\034\340\241\r\332!\034\350\001\035\000x\220\207r\230\207r\220\007{(\2076\230\207t8\007w`\003x\220\207r\230\207r\220\007{(\2076\230\207t8\007w\000\bs\220\207ph\207rh\003xx\207tp\007z(\007y\000\334\341\035\334\241\034\000\242\035\322\301\035\332\200\035\312\341\034\302\201\035\332\300\036\312a\034\350\341\035\344\241\r\356!\035\310\201\036\320\001\200\003\200p\207wh\203tp\007s\230\20760\007xh\203v\b\007z@\007\200\036\344\241\036\312\001 \334\341\035\332\300\035\302\301\035\346\241\r\314\001\036\332\240\035\302\201\036\320\001\240\007y\250\207r\000\bwx\2076\230\207t8\007w(\007rh\003}(\007yx\207yh\003s\200\2076h\207p\240\007t\000\350A\036\352\241\034\000b\036\350!\034\306a\035\332\000\036\344\341\035\350\241\034\306\201\036\336A\036\332@\034\352\301\034\314\241\034\344\241\r\346!\035\364\241\034\000<\000\bz\b\007y8\207r\240\2076\030\007x\250\007`\034\336A\036\350\241\034\360\241\r\332\201\016\000\202\036\302A\036\316\241\034\350\241\r\314\241\034\302\201\036\352A\036\312a\036\2005\b\007yh\007{\270\203rh\203v`\2035 \207y\200\0076X\003s\200\2078\260\0036X\003t\270\007rH\007{`\2035\240\007t\250\207v\020\2076h\207w \207r`\2035\260\007s\200\0079\230\007x`\2035\260\007s\200\2079 \2078\260\203y\200\0076X\003{0\007x\240\003r\210\003;\230\007x`\2036\b\207r\230\0076h\003q0\2078\260\0036h\203q \207r\030\007x\200\0036h\203q \207r\030\007x\210\0036h\203q \207r\030\007x\220\0036h\203q \207r\030\007x\230\0036h\203q \207r\030\007x\240\0036h\203q \207r\030\007x\250\0036h\203q \207r\030\007x\260\0036h\203q \207r\030\007x\270\0036h\203q\220\207q`\2036\030\007y\310\007x\240\207w`\2036 \2079\220\0036h\003rx\007z\200\007yx\007r`\20360\207q(\0076h\003s\200\2076\b\007yh\007{\300\0036h\003s\200\2076\b\007yh\007{\300\003r\210\003;`\20360\007xh\203p\220\207v\260\007< \2078\260\203y\200\0076h\003s\200\2076\b\007yh\007{\300\203y\200\0076h\003s\200\2078\260\003sh\007v`\20360\007x\260\003:`\20360\207z`\007v0\007x\210\003;`\2036@\207{ \207t\260\2076\b\007yh\0076h\203t\300\203vh\0076h\003vx\007q`\2036h\007{(\0076h\203v\260\207rp\003s\200\0076h\003w(\207wp\0076h\003x\b\207q\020\007zH\0076h\003y\b\207y`\2036\230\007q`\2036\230\007t\b\0079`\2036\260\007s\200\0079`\2036\260\007s\200\2079`\2036\260\007s\200\2079 \2078\260\0036h\003{0\007x\230\203y\200\0076h\003{0\007x\240\0036h\003{0\007x\240\003r\210\003;`\2036\260\007s\200\007:\230\007x\0006@\306\377\377\377\377\017\300)\000~\000\374\001 \001\024P\007@\037l \216\377\377\377\377\037\000i\203\201\004\000)\000g\000I\030\000\000\005\000\000\000\023\210@\030\210\tC \f\023\204b\230\020\030\023\204\003\001\000\0232z@\207zh\007q\260\207;(\207vh\203p\220\207vh\003wx\007w(\2076(\207p\020\207t@\007s\3300\007\345\320\006\355\240\007\345\320\006\360\240\007s \007z0\007r\320\006\246\220\016x\320\006\351`\007t\240\007v@\007m`\017q \007x\240\007v@\007z\020\007r\200\007m\020\016z\000\007z0\007r\320\006\3560\007r\320\006\263`\007t\240\021\302\344\320\017\206uq\271\211}\021\345i{Y>\177M\251\315\231\354H\303\343\277\310 \363K\224\247\355e\371k*\037\277\346\364\366Lv\246\341\361_t\230\375%\267\303\3372\3365\036R\001\227\000\000@\000\000\001 \000\000\000\000\001p\001C\252k\f\004\000\000\002\000\b\000\001\000\000\000\b\200\013\030R\351\301\030\f\000\000\b\000\020\000\002\000\000\000\020\000\0270\244\352\0052\030\000\000\020\000 \000\004\000\000\000 \000.`H\025\022X\001\000\300\000\000\001 \000\000\000\000\001p\001C\252\234p\016 \000\b\000\000\000\000\000\000\000\000\200\013\220\330 P\264Z\001\000 \013\004\023\000\000\0002\036\230\030\031\021L\220\214\t&G\306\004CB\345P\bEP\006%0\002@k\004\240\020\n\2420\n\244P\n\246p\n\251\224\n\252\260\n\254\320\n\256\360\n0\240\020\003\n2\2400\003\n4\240P\003\n6\240p\003J\002\000\000\000\261\030\000\000\265\000\000\0003\b\200\034\304\341\034f\024\001=\210C8\204\303\214B\200\007yx\007s\230q\f\346\000\017\355\020\016\364\200\0163\fB\036\302\301\035\316\241\034f0\005=\210C8\204\203\033\314\003=\310C=\214\003=\314x\214tp\007{\b\007yH\207pp\007zp\003vx\207p \207\031\314\021\016\354\220\016\3410\017n0\017\343\360\016\360P\0163\020\304\035\336!\034\330!\035\302a\036f0\211;\274\203;\320C9\264\003<\274\203<\204\003;\314\360\024v`\007{h\0077h\207rh\0077\200\207p\220\207p`\007v(\007v\370\005vx\207w\200\207_\b\207q\030\207r\230\207y\230\201,\356\360\016\356\340\016\365\300\016\3540\003b\310\241\034\344\241\034\314\241\034\344\241\034\334a\034\312!\034\304\201\035\312a\006\326\220C9\310C9\230C9\310C9\270\3038\224C8\210\003;\224\303/\274\203<\374\202;\324\003;\260\303\f\307i\207pX\207rp\203th\007x`\207t\030\207t\240\207\031\316S\017\356\000\017\362P\016\344\220\016\343@\017\341 \016\354P\0163 (\035\334\301\036\302A\036\322!\034\334\201\036\334\340\034\344\341\035\352\001\036f\030Q8\260C:\234\203;\314P$v`\007{h\0077`\207wx\007x\230QL\364\220\017\360P\0163\036j\036\312a\034\350!\035\336\301\035~\001\036\344\241\034\314!\035\360a\006T\205\2038\314\303;\260C=\320C9\374\302<\344C;\210\303;\260\303\214\305\n\207y\230\207w\030\207t\b\007z(\007r\230\201\\\343\020\016\354\300\016\345P\016\3630#\301\322A\036\344\341\027\330\341\035\336\001\036fH\031;\260\203=\264\203\033\204\3038\214C9\314\303<\270\3019\310\303;\324\003<\314H\264q\b\007v`\007q\b\207qX\207\031\333\306\016\354`\017\355\340\006\360 \017\3450\017\345 \017\366P\016n\020\016\3430\016\3450\017\363\340\006\351\340\016\344P\016\3700#\342\354a\034\302\201\035\330\341\027\354!\035\346!\035\304!\035\330!\035\350!\037f \235;\274C=\270\0039\224\2039\314X\274pp\007wx\007z\b\007zH\207wp\207\031\313\347\016\3570\017\341\340\016\351@\017\351\240\017\3450\303\001\003s\250\007w\030\207_\230\207pp\207t\240\207t\320\207r\230\201\204A9\340\3038\260C=\220C9\314@\304\240\035\312\241\035\340A\036\336\301\034f$c0\016\341\300\016\3540\017\351@\017\3450C!\203u\030\007sH\207_\240\207|\200\207r\230\261\224\001<\214\303<\224\3038\320C:\274\203;\314\003\000\000\000y \000\000\310\003\000\000r\036H C\210\f\031\tr2H #\201\214\221\221\321D\240\020(d<12B\216\220!\243\230\013\254\340\317\001\000\000~p\n\243\320\007\215\221 \013\243\364\3014I\225\037\034\306\033 L#)\215$M\204\037D\021(4\023\002\n\023\361\020OA\031\020\025E\211\2630\2155q\027\224Y\237F\024\3040\f\003q$\2111A\004R\020\004\261<\0210\000\000CubeMX/Drivers/STM32G4xx_HAL_Driver/Src\\stm32g4xx_hal_dma_ex.cC:\\Users\\CHALLENGER\\Documents\\KeXieData\\Project\\DigitalPower\\BootLoaderComponent: Arm Compiler for Embedded 6.19 Tool: armclang [5e73cb00]./CubeMX/Drivers/STM32G4xx_HAL_Driver/Inc/stm32g4xx_hal_def.hunsigned charHAL_OKHAL_ERRORHAL_BUSYHAL_TIMEOUTHAL_UNLOCKEDHAL_LOCKED./CubeMX/Drivers/STM32G4xx_HAL_Driver/Inc\\stm32g4xx_hal_dma.hHAL_DMA_STATE_RESETHAL_DMA_STATE_READYHAL_DMA_STATE_BUSYHAL_DMA_STATE_TIMEOUT./CubeMX/Drivers/CMSIS/Device/ST/STM32G4xx/Include\\stm32g4xx.hDISABLEENABLEC:\\Keil_v5\\ARM\\ARMCLANG\\Bin\\..\\include\\stdint.huint32_tunsigned intDwarf VersionDebug Info Versionwchar_sizestatic_rwdataenumsize_buildattrarmlib_unavailablearmcompiler-version6.19CubeMX/Drivers/STM32G4xx_HAL_Driver/Src/stm32g4xx_hal_dma_ex.cHAL_StatusTypeDefDMA_HandleTypeDef./CubeMX/Drivers/STM32G4xx_HAL_Driver/Inc/stm32g4xx_hal_dma_ex.hRequestNumber__DMA_HandleTypeDefInstance./CubeMX/Drivers/CMSIS/Device/ST/STM32G4xx/Include/stm32g431xx.hDMA_Channel_TypeDefInitDMA_InitTypeDefLockHAL_LockTypeDefStateHAL_DMA_StateTypeDefParentXferCpltCallbackXferHalfCpltCallbackXferErrorCallbackXferAbortCallbackErrorCodeDmaBaseAddressDMA_TypeDefChannelIndexDMAmuxChannelDMAMUX_Channel_TypeDefDMAmuxChannelStatusDMAMUX_ChannelStatus_TypeDefDMAmuxChannelStatusMaskDMAmuxRequestGenDMAMUX_RequestGen_TypeDefDMAmuxRequestGenStatusDMAMUX_RequestGenStatus_TypeDefDMAmuxRequestGenStatusMaskRGSRRGCFRRGCRCSRCFRCCRISRIFCRRequestDirectionPeriphIncMemIncPeriphDataAlignmentMemDataAlignmentModePriorityCNDTRCPARCMARhdmaany pointeromnipotent charSimple C/C++ TBAAint\000\000&\244\003\000\000\000\000\0000\202\200\030#\b\3101\202\200 #\bH2\202\200(#\b\3102\202\2600#\bK3\202\2608#\b\3133\202\260@#\bK4\202\260H#\b\3134\202\260P#\bK5\202\260X#\b\3135\202\260`#\bK6\202\260h#\b\3136\202\260p#\bK7\202\260x#\b\3137\202\260\200\301\b\302\022\006#\b\213\030\214 ,c0\224\0250!1\004\000\000\004:\341\023\000\000\000\000\000\b\000\000\214d\r\023\300\026)\003\000\240\000\000\000n\000\000\000\000\000\000\000\300H\3260\001lA2\000\000\006\000\000\350\006\000\000\000\000\000\000\000\214d\r\023\300\026\376\002\000\240\000\000@o\000\000\000\000\000\000\000\300H\3260\001l\221/\000\000\006\000\000\374\006\000\000\000\000\000\000\000\214d\r\023\300\026\357\002\000\240\000\000\200x\000\000\000\000\000\000\000\300H\3260\001.\341\006\000\000\"\000\000\254\007\000\000\000\000\000\000\000\214d\r\023\300\026\347\002\000 \001\000\000|\000\000\000\000\000\000\000\300H\3260\221\201K\304\003\000\200\030\000\000\265\001\000\000\000\000\000\000\000\003\025@ \000\300@\005@\b\0000\317\001\220A\201\000\b0\016A\200\201\001\214C\020`p\b\343\020\004\030 \3048\004\001\006\2111\003A\022%a\022'1\222%\020\200H\230\0010\022\b\000\000(\001\000\000\000\000\000\000\000\343\020\004\030(\3008\004\001\006\2130\203\240\022+1\222%\020\200H\304\0010\022\b\000\000,\001\000\000\000\000\000\000\000\003\025\000#\000\3008\004\001\006\r0\016A\200\201#\214C\020`\360\020\343\020\004\030@\306\f\304K\300DL\310\304H\226@\000.\361\n\300H \000\000\314\004\000\000\000\000\000\000\000\fT\000\221\000\000\343\020\004\030H\3008\004\001\006\2230\203`\02371\222%\020@M\274\0040\022\b\000\0008\001\000\000\000\000\000\000\0003\020)\321\0224\221\023\003\025\000\005\000\300<\007@\006\026\030\000\0070\221\003X\325N\200\002\300\023\000\000\000\000\000\314\020\364\304\f\203.\\\2730\303\300\013X/\3140\370B\306\0133\f\276\240\371\302\f\203/l\2760\303\340\013\334/\3140\370B\347\315\020\f\003\025\300'\000\300D\016`\201\201H\260\001\220\022\000\000\000\000\000L\344\000V\030\270\304M\000 \001\000\000\000\000\300D\016\360\000\000\000\244\005\030\000\000\000\000\300@\005 \006\002\000\fT\000f \000\300D\016`\235\001[\264\013\360\017\000\000\000\000\000L\344\000\017\000\000@[\200\001\000\000\000\000L\344\000M\031\270\304<\200\204[\200\001\000\000\000\000L\344\000V\032\270\204*\000\376\000\000\000\000\000\300D\016\320\240\201K\324\003H\300\005\210\000`\000\000\0000\221\003Xk \022u\000\264\004\000\000\000\000\000\0239@\243\006.q\017 !\027\b\000&\000\000\000\0239\200\325\006.Q\013\000M\000\000\000\000\0000\221\003\324\001\000\000\000]\000\000\000\000\0000\221\0034l\340\022\371\000\022u\201\000h\002\000\0000\221\003<\000\000\000\000\030\000\000\000\000\300D\016\320\270\201K\354\003H\334\005\030\000\240\002\000\0000\221\003<\000\000\000 \001\006\000\000\000\0000\203\000\344\305L\204\000\350\0050\221\003<\000\000\000{\001\006\000\000\000\0000\221\0034o\340\022\375\000\022|\001\006\000\270\000\000\000L\344\000\r\034\270\304?\200\004_\200\001\0002\000\000\000\0239@\023\007.\021\022 \301\027`\000\200\r\000\000\300D\016\320\310\201K\214\004H\360\005\030\000\240\003\000\0000\221\003\324\001\000\000@O\000\000\000\000\0000\221\0034s\340\022%\001\022\241\001\006\000\370\000\000\000L\344\000V\035\260\305\274\000\375\000\000\000\000\000\300D\016\360\000\000\000\214\006\030\000\000\000\000\300D\016\320\320\201K\234\004H\220\006\030\000 \004\000\0000\221\0034v\340\022)\001\022=\001\006\000\030\001\000\000L\344\000\026\036\260\005\277\000\374\000\000\000\000\000\300D\016\360\000\000\000\234\006\030\000\000\000\000\300D\016\320\334\201K\254\004H\240\006\030\000\240\004\000\0000\221\003Xz\300\026\"\003\354\003\000\000\000\000\000\0239\300\003\000\000\240\032`\000\000\000\000\000\0239@\223\007.\321\022 \261\032`\000\200\023\000\000\300D\016\320\354\201K\274\004H\364\004\030\000 \005\000\0000\221\003X}\300\026'\003\350\003\000\000\000\000\000\0239\300\003\000\000\340\032`\000\000\000\000\000\0239@\303\007.\021\023 \361\032`\000\200\025\000\000\300D\016`\375\001[\264\f\220\017\000\000\000\000\000L\344\000\017\000\000@l\200\001\000\000\000\000L\344\000\215\037\270\304L\200\204l\200\001\000Z\000\000\000\0239@\003\n.Q\023 \321\023`\000\200\027\000\000\300\f\322[\304\305\\\330\005^\364\205_\374\005h\210Fi\230Fj\260Fk\300\306l\320\306D\016\320\204\002[\254L>\204\006\030\000\000\000\000\300D\016\320\210\002[\260L>\204\006\030\000`\000\000\0000\203`\033\2671\221\0034\243\300\026&\243\017\241\001\006\000\000\000\0000C\220\033\0239@C\nl\0012\373\020\032`\000\000\000\000\000\0239@S\nl\0212\373\020\032`\000\200\001\000\000\300\f\302n\360\306D\016\320\230\002[\354\013?\204\006\030\000\000\000\000\300\f\201oL\344\000\315)\260E\274\364Ch\200\001\000\000\000\000L\344\000\r*\260\205\274\364Ch\200\001\000\006\000\000\0003\b\340\021\036\0239@\223\n.\001\007\376\320\023`\000\000\000\000\000\0239@\243\n.1\007\376\320\023`\000\200\001\000\000\300D\016\320\254\202K\334\201?\364\004\030\000\240\000\000\0000\221\0034\254\340\022z\340\017=\001\006\0008\000\000\000L\344\000M+\270D\037\370CO\200\001\000\022\000\000\000\0239@\343\n.\001\n\376\320\023`\000\200\005\000\000\300D\016\320\274\202K\214\202?\364\004\030\000\240\001\000\0000\221\0034\260\340\022\250\340\017=\001\006\000x\000\000\000\314\200\214\007y\224\207y\234\007z\244\207zL\344\000\215)\260E\272\374Ch\200\001\000\000\000\000L\344\000M,\260\205\272\374Ch\200\001\000\006\000\000\000\0239@#\013l\261.\377\020\032`\000\200\002\000\000\300D\016\320\314\002[\260\313?\204\006\030\000\340\000\000\0000\003\301\036\355\341\036\3571]`\314\020\334\302\f\203-\310\0078\3140\324\302|\200\303\fC.\314\0078\314\020\341B}\200C}\204C}\210C}\214C}\220C}\224C}\230C}\234\303\fe@\006\364\001\016\366\021\016\363\201\016\363\221\016\364\241\016\364\261\016\364\301\016\364\321\016\364\341\016\365\361\016\364\001\017\365\021\017\364!\017\3641\017\365A\017\364Q\017\364a\017\365q\0173\f\3671\037\3510\303p\037\363\201\0163\f\367A\037\3620\303\200\013\365\001\0163\f\373Q\037\3400\303p\037\364Q\0173\bh\241\0263\021\002\340\037\300\231\005\300q\034\307q\034\307q\034\307q\034\307q\034\307q\034\307qb \006b \006f\301\026l\301\026l\301\026l\301\026r\341\006n\000\nn\340\006n\340\006\240\300\026n\340\006h\300\026n\340\006n\340\006n\000\nl\341\006n\340\006h\300\026\240\340\006\246`\017\234\033\270\201\033\270\201\033\270\001\032Xn\300\017\374\000\017t@\007\374\000\017(\301\017.\301\017(\301\017\360\200\022\352\340\022\360 \006n\000\017.\341\022.\341\022\360\340\022\374\000\017.\341\022\374\000\017.\301\017\360\340\022.\301\017\360\340\022\374\000\017.\341\022\350\201\022.\201\006(\301\241\204K\240\001Jp(\341\022h\200\022.\341\022.\341\022.\341\022.\001\017(\341\022.\341\022\240`qt@\007t\300\033\262C\007t@\007t@\007t\200\0062\022\230\240\\\330\330\354\332\\\310\304\316\\\306\352F\t\356!#66\2736\227\2667\262:\2662\0273\266\260\263\271Q\016\237\370\t\260\b\013\261\030\013\262H\205\215\315\256\315%\215\254\314\215n\224\240,\000\000\000\000\251\030\000\000/\000\000\000\013\nr(\207w\200\007zXp\230C=\270\3038\260C9\320\303\202\346\034\306\241\r\350A\036\302\301\035\346!\035\350!\035\336\301\035\026(\342P\016\346\360\016\362P\016\351\340\016\363@\017\013\222p0\007z(\007yH\007w\230\007zX\320\214\2039\234C=\204\203<\220\003=\204\203<\234C9\320\303\002\006\036\344\241\034\302\201\035\330\341\035\306!\034\350\241\034\310a\301q\016\343\320\006\354\220\016\366P\016\013\254q`\207pp\207sp\203p\220\207qp\203p\240\007z\b\207q@\207r \207q\b\007v`\207\005\007<\320\203<\204C=\320\003:, \326a\034\314!\035\000\000\000\000\321\020\000\000\006\000\000\000\007\314<\244\203;\234\003;\224\003=\240\203<\224C8\220\303\001\000\000\000a \000\000\356\000\000\000\023\004D,\020\000\000\000\006\000\000\000\024J`\004\240\b\b\025F\371\017\024L\231T  P\201\224\004\000\000\000\3610\000\000x\000\000\000\"G\310\220Q\"\210H\000\000\000\000\027\3070\312\263,\000\000HAL_DMAEx_ConfigMuxSyncHAL_DMA_MuxSyncConfigTypeDefSyncSignalIDSyncPolaritySyncEnableFunctionalStateEventEnablepSyncConfig\000\000\023\204\205\f&Y\303\004\254\305\034\000\000H\000\000\240#\000\000\000\000\000\000\000\260\212:\316\002D\200\263\370\205\031\001\007\000\003@\024\004A\b\037\000\240G\000\000\000f\025\201\212\234\005;\034\263\212`E\316\242\035\206YE\300\"g\361\016\305\254\"h\221\263x\207bV\021\260\310Y\344C\261\310\001\254\020Y\013S\000R\004\000\000\000\000\200E\016\360\000\000\000\300\b\030\000\000\000\000\300\206\001-\324\"F6\021\002 #\300\"\007hDd-\352 Ez\002\f\000\000\000\000`\221\0034#\262\026x\220\"=\001\006\000\030\000\000\000,r\000\253Djb&\200\234\000\000\000\000\000`\221\0034$\262\026{\220\"6\202\000\240\000\000\000\260\310\001\032\023Y\213?H\021\033A\000T\000\000\000X\344\000\315\030\254\205(\244HO\200\001\000\016\000\000\000\033\n\032\251\221\033\301\221\034\031\247\b*B\013g\361\013j\021\000\0000N\021T\344D\316\342\027bD\000\000`\203\260#<\262a\301\205\372\000\207\372\b\207\371\020\207\371@\221\372\030\207\r\203\217\324\0078l\030|\244>\306a\303\340#\365\021\016\033\006\037\231\017q\3300\370\310|\240\310\004\001(\203\t\002`\006\000\000\000#\006\007\000\202`p\260\201\213\377\377\377\0177\376\377\377?\204\372\377\377\3770cP\000\200\212\000\300\210\301\001\200 \030\034l\320\342\377\377\377\203\215\377\377\377\017\241\376\377\377?L\030\000]\r\214\031\240\301\214A\301\016\315\212\000\000\005!N\030\000\303\r\001\003\0063\006\005;L+\002\000\263\f\301\020\314\030\024\354p\250\b\000t5<i\300\0063\006\305;\024.\002\000\024\2041a\000\f7\004\017\030L\030\000\263\f\203\020\314\030\024\357P\264\b\000t5Hl\320\314\030\024\362P\260\b\000P\000\306\204\001@\001\232\023\006\300\005\217N\030\000T\2411a\000\\\000\335\204\001\320\335p\311\201\035L\030\000\024\2401a\000\\ \335\204\001p\201\004\023\006@w\303f\007w0a\000P\200\306\204\001\320\335\320\341\301\036L\030\000\024\2041a\000d\200b\302\000\300\340\272\201\t\003\240\273!\f\370\300\017&\f\000\nB\2300\0002@1a\000`\240\335\300\204\001pO\264\023\006\300\005\312N\030\000\0274;a\000\\\200\354\204\001pA\261\023\006\300\260\001\201\005C0a\000\f\033\020\034\032\f\300\214A\221\017\305\213\000\300,\3010cP\354C\301\"\0000\320\021\300\202\340\n\201,\0003\006\005\000\254\b\000l0cP\210D\240\"\000\020\020\003\000\017\000\000\000[\004 E\266\fCp\037[\206#\300\217-\303\022\344\307\226\201\t\366c\313\340\004>\262e\210\202\037\3312T\001\230l\031\256 L\266\f[ &[\2061\b\366c\313@\006\001~\000\000\000\000\000a \000\000\321\000\000\000\023\004E,\020\000\000\000\005\000\000\000\024J`\004\240\b\b\225G\231T  \020\201\021\000\000\000\000\3610\000\000c\000\000\000\"G\310\220Q\026\210>\000\000\000\000c\200\006\br\001\000\000HAL_DMAEx_ConfigMuxRequestGeneratorHAL_DMA_MuxRequestGeneratorConfigTypeDefSignalIDPolaritypRequestGeneratorConfig\000\000\223\254a\002\326\202\025\000\000\034\000\000\230\021\000\000\000\000\000\000\000XE\035g\001\"\300Y\264\304\213\274\004\200\001 \n\202 \204\017\000`#\000\000\000\263\212\300D\316b'\216YEp\"g\301\023\303\254\"@\221\263\360\211bV\021\244\310Y\370D1\253\bP\344,\312\242X\344\000V\210\254\305-\000%\002\000\000\000\000\300\"\007x\000\000\000X\004\f\000\000\000\000`\303\200\026j\321\"\233\b\001p\021`\221\0034\"\262\026\256P\"=\001\006\000\000\000\000\260\310\001\232\021Y\213X(\221\236\000\003\000\f\000\000\000\0269@3\006kA\013%\322\023`\000\200\002\000\000\300\206\001FbDF\306)\202\211\320\302Y\264\204Z\004\000\000\214S\004\023!\221\263p\211\026\021\000\000\330 \320H\215l8p\241>\300\241>\302\241>\304a\303p#\365\001\016\033\206\033\251\017q\3300\334H}\204\303\004\001(\203\t\002`\006\000\000#\006\007\000\202`p\244\001\215\377\377\377\017;\376\377\377?\370\371\377\377\3770cP\000\200\211\000\300\210\301\001\200 \030\034i0\343\377\377\377\203\216\377\377\377\017~\376\377\377?L\030\000]\r\311\030\224\301\214A\261\023\316\211\000\000\005!N\030\000\303\rA\002\0063\006\305NP'\002\000\263\f\001\021\314\030\024;\301\006'\002\000]\r\214\031\0343\006\305N\330\301\211\000\000\005`L\030\000\303\r\201\001\0063\006\305N\234\302\211\000\300,\003!\0043\006\305N\034&\002\000]\rO\032\260\301\214A\341\023\205\212\000\000\005aL\030\000\303\r\301\003\006\023\006\300,\0031\0043\006\205O\024)\002\000\024\2411cP\204E\037\240\b\000\3647Hm\000\0073\006\205X\374\001\212\000\000\005hL\030\000\027<7cP\210\305,\240\b\000\\\360\300\204\001\320\337`\305\201\034\314\030\024c\321\007(\002\000\024\2401a\000\\p\354\214A\021\026\246\200\"\000p\001\2613\006\205X\214\004\212\000\300\260\001\341\004C0cP\204\205\030\240\b\000\f\033\020\f6\0003\006EY\024+\002\000\263\004\304\214Aq\026\005\212\000\300@I\000\007\203\033\br\020\310\0010cP\000\300\211\000\300\0063\006E[\004&\002\000\0011\000\013\000\000\000[\004\240D\266\fCp\037[\206#\340\217-\303\022\340\307\226\301\tnd\313\000\0058\262e\240\202\034\3312\\\301~l\031\260\000?\000\000\000\000\000a \000\000\\\000\000\000\023\004D,\020\000\000\000\004\000\000\000\024F\000J\200Py\024  \002\201\021\000\000\000\3610\000\000\035\000\000\000\"G\310\220Q\006\304\031\000\000\000\000c\000\000\000HAL_DMAEx_EnableMuxRequestGenerator\000\253\250\343,@\0048\213\272\370\017\273\0000\000DA\020\204\360\001\000J\004\000\000`V\021\204\310Y\364\3051\253\bD\344,\374b\030\247\b!B\013gQ\027j\021\000\000\260! \221\t\002P\006\000#\006\007\000\202`p\230\201\231\377\377\377\017h\376\377\377?\354\371\377\377\3770cP\000@\210\000@W\203\001\006b0cP\364\205#\"\000@A\210\023\006\300pCp\200\301\214A\321\027\224\210\000\300,\303\020\0043\006E_\260\201\210\000@WC2\006\306\214A\321\027v \"\000@\001\030\023\006\300pC`\200\301\214A\321\027\247 \"\0000\3130\b\301\214A\321\027G\210\000\000\th\316\030\024\241!\006#\002\000\027$;a\000\f\033\020D0\004\023\006\300,\3010cP\214F1\"\0000\320\021h\002\026`\300\214A\001\000\"\002\000\033\314\030\024\251\021\204\b\000\004\304\000\006\000\000\000[\004\000D\266\fBp\037[\006#\340\217-C\022\354\307\226a\t\366\003\000\000\000\000a \000\000\\\000\000\000\023\004D,\020\000\000\000\004\000\000\000\024F\000J\200Py\324  \002\201\021\000\000\000\3610\000\000\035\000\000\000\"G\310\220Q\006\004\032\000\000\000\000d\000\000\000HAL_DMAEx_DisableMuxRequestGenerator\253\250\343,@\0048\213\330\370\017\331\0000\000DA\020\204\360\001\000J\004\000\000`V\021\204\310Y\344\3061\253\bD\344,tc\030\247\b!B\013g\021\033j\021\000\000\260! \221\t\002P\006\000#\006\007\000\202`p\230\201\231\377\377\377\017h\376\377\377?\354\371\377\377\3770cP\000@\210\000@W\203\001\006b0cP\344\206#\"\000@A\210\023\006\300pCp\200\301\214A\221\033\224\210\000\300,\303\020\0043\006En\260\201\210\000@WC2\006\306\214A\221\033v \"\000@\001\030\023\006\300pC`\200\301\214A\221\033\247 \"\0000\3130\b\301\214A\221\033G\210\000\000\th\316\030\024\275!\006#\002\000\027$:a\000\f\033\020D0\004\023\006\300,\3010cP\374F1\"\0000\320\021h\002\026`\300\214A\001\000\"\002\000\033\314\030\024\345\021\204\b\000\004\304\000\006\000\000\000[\004\000D\266\fBp\037[\006#\340\217-C\022\354\307\226a\t\366\003\000\000\000\000a \000\000\374\000\000\000\023\004H,\020\000\000\000\006\000\000\000\204j\220\240$J\2438\n\243\000\021\312\243@J\244\000!\b\214\000\000\000\3610\000\000;\000\000\000\"G\310\220Q\006\004\007\030\000\000\000HAL_DMAEx_MUX_IRQHandler\253\250\343,@\0048\213\366h\021\367\0000\000DA\020\204\360\001\000^\004\000\000`V\021\204\310Y\300\3071\253\bD\344,\342c\230U\004#r\026\373\221\314*\002\0229\013\376(f\025A\210\234\205\210\034\263\212\300D\316bD\206YEp\"gQ\"\311\254\"@\221\2630\221bV\021\244\310Y\300\3102\253\bT\344,b\344\330 \000j\261\211\020\000\026\001\306)B\210\320\302Y\264\207Z\004\000\000l\b\\d\303p\037\3641\017\033\n\\\250\017p\250\217p\3300\304H}\200\303\206\341>\352\203\0366\f1R\037\341\260a\270\217\372x\207\r\303}\320G;l\030\356\203>\354a\303p\037\365q\017\023\004\240\f\000\000\000\000#\006\007\000\202`p\260A\216\377\377\377\017d\376\377\377?\204\372\377\377\3770cP\000@\210\000@W\003c\006\311\214A\001\037\216\210\000\000\005`L\030\000\024\2409cP\300\307\030\210\b\000t5<i\260\314\030\024\360\361\006\"\002\000\024\2401a\000\\0\350\214A\001\037g \"\0000\334\020\260\001\030\314\030\024\360\201\n\"\002\000\263\fC\020\314\030\024\360q\204\b\000t5Lm\340\314\030\024\363\261\214\b\000P\000\306\204\001@\001\2323\006\305|x#\002\000\027T:a\000\f\033\020C0\004\023\006@\207\203\022\007r0cP\330\007\030\214\b\000\f\033\020\0012\0043\006\205}\220\301\210\000@W\003&\007\326\214A\221\037\313\210\000\000\005h\316\030\024\371Q\215\b\000\\@\355\204\0010l@\f\301\020L\030\000]\r[\035\350\301\214A\261\037\017\211\000\000\005`L\030\000\303\r\201\004\0063\006\305~\204\001\211\000\300,\303 \0043\006\305~$#\002\000#\006E\021\202`P\b\336\214A\341\037G\211\000\300,\3010cP\374GQ\"\000\320\325\340\341\3015cP\210Hc\"\000@\001\030\023\006\300pCP\201\301\214A!\"\236\211\000\300,\303A\0043\006\205\210\034!\002\000]\ra\260\007\331\214AQ\"\020\212\000\000\005`L\030\000\024\2409cP\224\b\032\240\b\000t5\220\201\037l3\006E\211\324\001\212\000\000\005hL\030\000\027\f:cP\224H\033\240\b\000\f7\004\241\000\0063\006E\211\304\002\212\000\300,\303Q\0043\006E\211$'\002\000\224\2409cP\240\b\031\244\b\000\\\200\006:a\000\f\033\020K0\004\023\006@\217\003B\n\2450cP\254H\031\244\b\000\f\033\020\2011\0043\006\305\212\254A\212\000@W\303\032\224B\032\314\030\024.\322\244\b\000P\200\346\214A\341\"W\212\000\300\005c\260\023\006\300\260\0011\004C0a\000t5\270\001*\264\302\214A\001#\221\212\000\000\005`L\030\000\303\rA\031\200\301\214A\001#c\240\"\0000\313p\030\301\214A\001#K\212\000\300\210AQ\204 \030\024B\034\314\030\0243\222\254\b\000\314\022\0343\006\005\215\034+\002\000:cP\334H\020\"\000\020\020\003\000\033\000\000\000[\004\000D\266\fB\360\"[\206!\210\221-C\021\310\310\226A\t\362c\313\260\004\373\261eh\202\375\3302<\301\214l\031\242\200F\266\fS@#[\206*\250\221-\303\026\360\307\226\341\013ld\313\000\006A\214l\031\304 \270\221-\203\031\004\373\261e@\203`?\266\fj\020\314\310\226\201\r\002\032\3312\270A@#[\0068\bj\004\000\000\000\000q \000\000\006\000\000\0002\016\020\"\204\000\330\016\030\200\f\201\002\233\0228\220/\201\004\327\023\000\000\000\000\000\000e\f\000\000=\000\000\000\022\003\224\350\001\000\000\000\003\000\000\000\247\000\000\000\t\000\000\000L\000\000\000\001\000\000\000X\000\000\000\000\000\000\000X\000\000\000\006\000\000\000\350\000\000\000\000\000\000\000\260\000\000\000\031\000\000\000\311\000\000\000>\000\000\000\027\000\000\000\000\000\000\000\350\000\000\000\000\000\000\000\000\000\000\000\006\000\000\000\000\000\000\000\000\000\000\000\027\000\000\000\000\000\000\000\027\000\000\000\377\377\377\377\001$\000\000\027\000\000\000#\000\000\000\027\000\000\000#\000\000\000\377\377\377\377\001$\000\000:\000\000\000#\000\000\000:\000\000\000#\000\000\000\377\377\377\377\001$\000\000]\000\000\000$\000\000\000]\000\000\000$\000\000\000\377\377\377\377\001$\000\000\201\000\000\000\030\000\000\000\201\000\000\000\030\000\000\000\377\377\377\377\001$\000\000\231\000\000\000\016\000\000\000\231\000\000\000\016\000\000\000\377\377\377\377\b,\000\000\000\000\000\000]\f\000\000E\000\000\000\022\003\224'\002\000\000\000HAL_DMAEx_ConfigMuxSyncHAL_DMAEx_ConfigMuxRequestGeneratorHAL_DMAEx_EnableMuxRequestGeneratorHAL_DMAEx_DisableMuxRequestGeneratorHAL_DMAEx_MUX_IRQHandlerllvm.dbg.value16.0.0gitthumbv7em-arm-none-eabihfCubeMX/Drivers/STM32G4xx_HAL_Driver/Src/stm32g4xx_hal_dma_ex.c\000\000\000\000"
	.size	.Lllvm.embedded.module, 11664

	.section	.debug_abbrev,"",%progbits
	.byte	1                               @ Abbreviation Code
	.byte	17                              @ DW_TAG_compile_unit
	.byte	1                               @ DW_CHILDREN_yes
	.byte	37                              @ DW_AT_producer
	.byte	14                              @ DW_FORM_strp
	.byte	19                              @ DW_AT_language
	.byte	5                               @ DW_FORM_data2
	.byte	3                               @ DW_AT_name
	.byte	14                              @ DW_FORM_strp
	.byte	16                              @ DW_AT_stmt_list
	.byte	23                              @ DW_FORM_sec_offset
	.byte	27                              @ DW_AT_comp_dir
	.byte	14                              @ DW_FORM_strp
	.byte	0                               @ EOM(1)
	.byte	0                               @ EOM(2)
	.byte	2                               @ Abbreviation Code
	.byte	4                               @ DW_TAG_enumeration_type
	.byte	1                               @ DW_CHILDREN_yes
	.byte	73                              @ DW_AT_type
	.byte	19                              @ DW_FORM_ref4
	.byte	11                              @ DW_AT_byte_size
	.byte	11                              @ DW_FORM_data1
	.byte	58                              @ DW_AT_decl_file
	.byte	11                              @ DW_FORM_data1
	.byte	59                              @ DW_AT_decl_line
	.byte	11                              @ DW_FORM_data1
	.byte	0                               @ EOM(1)
	.byte	0                               @ EOM(2)
	.byte	3                               @ Abbreviation Code
	.byte	40                              @ DW_TAG_enumerator
	.byte	0                               @ DW_CHILDREN_no
	.byte	3                               @ DW_AT_name
	.byte	14                              @ DW_FORM_strp
	.byte	28                              @ DW_AT_const_value
	.byte	15                              @ DW_FORM_udata
	.byte	0                               @ EOM(1)
	.byte	0                               @ EOM(2)
	.byte	4                               @ Abbreviation Code
	.byte	36                              @ DW_TAG_base_type
	.byte	0                               @ DW_CHILDREN_no
	.byte	3                               @ DW_AT_name
	.byte	14                              @ DW_FORM_strp
	.byte	62                              @ DW_AT_encoding
	.byte	11                              @ DW_FORM_data1
	.byte	11                              @ DW_AT_byte_size
	.byte	11                              @ DW_FORM_data1
	.byte	0                               @ EOM(1)
	.byte	0                               @ EOM(2)
	.byte	5                               @ Abbreviation Code
	.byte	22                              @ DW_TAG_typedef
	.byte	0                               @ DW_CHILDREN_no
	.byte	73                              @ DW_AT_type
	.byte	19                              @ DW_FORM_ref4
	.byte	3                               @ DW_AT_name
	.byte	14                              @ DW_FORM_strp
	.byte	58                              @ DW_AT_decl_file
	.byte	11                              @ DW_FORM_data1
	.byte	59                              @ DW_AT_decl_line
	.byte	11                              @ DW_FORM_data1
	.byte	0                               @ EOM(1)
	.byte	0                               @ EOM(2)
	.byte	0                               @ EOM(3)
	.section	.debug_info,"",%progbits
.Lcu_begin0:
	.long	.Ldebug_info_end0-.Ldebug_info_start0 @ Length of Unit
.Ldebug_info_start0:
	.short	4                               @ DWARF version number
	.long	.debug_abbrev                   @ Offset Into Abbrev. Section
	.byte	4                               @ Address Size (in bytes)
	.byte	1                               @ Abbrev [1] 0xb:0x99 DW_TAG_compile_unit
	.long	.Linfo_string0                  @ DW_AT_producer
	.short	12                              @ DW_AT_language
	.long	.Linfo_string1                  @ DW_AT_name
	.long	.Lline_table_start0             @ DW_AT_stmt_list
	.long	.Linfo_string2                  @ DW_AT_comp_dir
	.byte	2                               @ Abbrev [2] 0x1e:0x21 DW_TAG_enumeration_type
	.long	63                              @ DW_AT_type
	.byte	1                               @ DW_AT_byte_size
	.byte	1                               @ DW_AT_decl_file
	.byte	38                              @ DW_AT_decl_line
	.byte	3                               @ Abbrev [3] 0x26:0x6 DW_TAG_enumerator
	.long	.Linfo_string4                  @ DW_AT_name
	.byte	0                               @ DW_AT_const_value
	.byte	3                               @ Abbrev [3] 0x2c:0x6 DW_TAG_enumerator
	.long	.Linfo_string5                  @ DW_AT_name
	.byte	1                               @ DW_AT_const_value
	.byte	3                               @ Abbrev [3] 0x32:0x6 DW_TAG_enumerator
	.long	.Linfo_string6                  @ DW_AT_name
	.byte	2                               @ DW_AT_const_value
	.byte	3                               @ Abbrev [3] 0x38:0x6 DW_TAG_enumerator
	.long	.Linfo_string7                  @ DW_AT_name
	.byte	3                               @ DW_AT_const_value
	.byte	0                               @ End Of Children Mark
	.byte	4                               @ Abbrev [4] 0x3f:0x7 DW_TAG_base_type
	.long	.Linfo_string3                  @ DW_AT_name
	.byte	8                               @ DW_AT_encoding
	.byte	1                               @ DW_AT_byte_size
	.byte	2                               @ Abbrev [2] 0x46:0x15 DW_TAG_enumeration_type
	.long	63                              @ DW_AT_type
	.byte	1                               @ DW_AT_byte_size
	.byte	1                               @ DW_AT_decl_file
	.byte	49                              @ DW_AT_decl_line
	.byte	3                               @ Abbrev [3] 0x4e:0x6 DW_TAG_enumerator
	.long	.Linfo_string8                  @ DW_AT_name
	.byte	0                               @ DW_AT_const_value
	.byte	3                               @ Abbrev [3] 0x54:0x6 DW_TAG_enumerator
	.long	.Linfo_string9                  @ DW_AT_name
	.byte	1                               @ DW_AT_const_value
	.byte	0                               @ End Of Children Mark
	.byte	2                               @ Abbrev [2] 0x5b:0x21 DW_TAG_enumeration_type
	.long	63                              @ DW_AT_type
	.byte	1                               @ DW_AT_byte_size
	.byte	2                               @ DW_AT_decl_file
	.byte	79                              @ DW_AT_decl_line
	.byte	3                               @ Abbrev [3] 0x63:0x6 DW_TAG_enumerator
	.long	.Linfo_string10                 @ DW_AT_name
	.byte	0                               @ DW_AT_const_value
	.byte	3                               @ Abbrev [3] 0x69:0x6 DW_TAG_enumerator
	.long	.Linfo_string11                 @ DW_AT_name
	.byte	1                               @ DW_AT_const_value
	.byte	3                               @ Abbrev [3] 0x6f:0x6 DW_TAG_enumerator
	.long	.Linfo_string12                 @ DW_AT_name
	.byte	2                               @ DW_AT_const_value
	.byte	3                               @ Abbrev [3] 0x75:0x6 DW_TAG_enumerator
	.long	.Linfo_string13                 @ DW_AT_name
	.byte	3                               @ DW_AT_const_value
	.byte	0                               @ End Of Children Mark
	.byte	2                               @ Abbrev [2] 0x7c:0x15 DW_TAG_enumeration_type
	.long	63                              @ DW_AT_type
	.byte	1                               @ DW_AT_byte_size
	.byte	3                               @ DW_AT_decl_file
	.byte	143                             @ DW_AT_decl_line
	.byte	3                               @ Abbrev [3] 0x84:0x6 DW_TAG_enumerator
	.long	.Linfo_string14                 @ DW_AT_name
	.byte	0                               @ DW_AT_const_value
	.byte	3                               @ Abbrev [3] 0x8a:0x6 DW_TAG_enumerator
	.long	.Linfo_string15                 @ DW_AT_name
	.byte	1                               @ DW_AT_const_value
	.byte	0                               @ End Of Children Mark
	.byte	5                               @ Abbrev [5] 0x91:0xb DW_TAG_typedef
	.long	156                             @ DW_AT_type
	.long	.Linfo_string17                 @ DW_AT_name
	.byte	4                               @ DW_AT_decl_file
	.byte	64                              @ DW_AT_decl_line
	.byte	4                               @ Abbrev [4] 0x9c:0x7 DW_TAG_base_type
	.long	.Linfo_string16                 @ DW_AT_name
	.byte	7                               @ DW_AT_encoding
	.byte	4                               @ DW_AT_byte_size
	.byte	0                               @ End Of Children Mark
.Ldebug_info_end0:
	.section	.debug_str,"MS",%progbits,1
.Linfo_string0:
	.asciz	"Component: Arm Compiler for Embedded 6.19 Tool: armclang [5e73cb00]" @ string offset=0
.Linfo_string1:
	.asciz	"CubeMX/Drivers/STM32G4xx_HAL_Driver/Src\\stm32g4xx_hal_dma_ex.c" @ string offset=68
.Linfo_string2:
	.asciz	"C:\\Users\\CHALLENGER\\Documents\\KeXieData\\Project\\DigitalPower\\BootLoader" @ string offset=131
.Linfo_string3:
	.asciz	"unsigned char"                 @ string offset=203
.Linfo_string4:
	.asciz	"HAL_OK"                        @ string offset=217
.Linfo_string5:
	.asciz	"HAL_ERROR"                     @ string offset=224
.Linfo_string6:
	.asciz	"HAL_BUSY"                      @ string offset=234
.Linfo_string7:
	.asciz	"HAL_TIMEOUT"                   @ string offset=243
.Linfo_string8:
	.asciz	"HAL_UNLOCKED"                  @ string offset=255
.Linfo_string9:
	.asciz	"HAL_LOCKED"                    @ string offset=268
.Linfo_string10:
	.asciz	"HAL_DMA_STATE_RESET"           @ string offset=279
.Linfo_string11:
	.asciz	"HAL_DMA_STATE_READY"           @ string offset=299
.Linfo_string12:
	.asciz	"HAL_DMA_STATE_BUSY"            @ string offset=319
.Linfo_string13:
	.asciz	"HAL_DMA_STATE_TIMEOUT"         @ string offset=338
.Linfo_string14:
	.asciz	"DISABLE"                       @ string offset=360
.Linfo_string15:
	.asciz	"ENABLE"                        @ string offset=368
.Linfo_string16:
	.asciz	"unsigned int"                  @ string offset=375
.Linfo_string17:
	.asciz	"uint32_t"                      @ string offset=388
	.ident	"Component: Arm Compiler for Embedded 6.19 Tool: armclang [5e73cb00]"
	.section	".note.GNU-stack","",%progbits
	.ARM_attribute	16, 1	@ Tag_AV_eba
	.section	.debug_line,"",%progbits
.Lline_table_start0:
