	.text
	.syntax unified
	.eabi_attribute	67, "2.09"	@ Tag_conformance
	.cpu	cortex-m4
	.eabi_attribute	6, 13	@ Tag_CPU_arch
	.eabi_attribute	7, 77	@ Tag_CPU_arch_profile
	.eabi_attribute	8, 0	@ Tag_ARM_ISA_use
	.eabi_attribute	9, 2	@ Tag_THUMB_ISA_use
	.fpu	fpv4-sp-d16
	.eabi_attribute	27, 1	@ Tag_ABI_HardFP_use
	.eabi_attribute	36, 1	@ Tag_FP_HP_extension
	.eabi_attribute	34, 1	@ Tag_CPU_unaligned_access
	.eabi_attribute	17, 1	@ Tag_ABI_PCS_GOT_use
	.eabi_attribute	20, 2	@ Tag_ABI_FP_denormal
	.eabi_attribute	21, 0	@ Tag_ABI_FP_exceptions
	.eabi_attribute	23, 1	@ Tag_ABI_FP_number_model
	.eabi_attribute	24, 1	@ Tag_ABI_align_needed
	.eabi_attribute	25, 1	@ Tag_ABI_align_preserved
	.eabi_attribute	28, 1	@ Tag_ABI_VFP_args
	.eabi_attribute	38, 1	@ Tag_ABI_FP_16bit_format
	.eabi_attribute	18, 2	@ Tag_ABI_PCS_wchar_t
	.eabi_attribute	26, 1	@ Tag_ABI_enum_size
	.eabi_attribute	14, 0	@ Tag_ABI_PCS_R9_use
	.file	"stm32g4xx_hal_msp.c"
	.file	1 "C:\\Users\\CHALLENGER\\Documents\\KeXieData\\Project\\DigitalPower\\BootLoader" "./CubeMX/Drivers/CMSIS/Device/ST/STM32G4xx/Include/stm32g431xx.h"
	.file	2 "C:\\Keil_v5\\ARM\\ARMCLANG\\Bin\\..\\include" "stdint.h"
	.type	.Lllvm.embedded.module,%object  @ @llvm.embedded.module
	.section	.llvmbc,"",%progbits
	.p2align	4, 0x0
.Lllvm.embedded.module:
	.asciz	"BC\300\3365\024\000\000\005\000\000\000b\f0$MY\276f\255\373\264O\033\310$D\0012\005\000!\f\000\000\240\007\000\000\013\002!\000\002\000\000\000\026\000\000\000\007\201#\221A\310\004I\006\02029\222\001\204\f%\005\b\031\036\004\213b\200\020E\002B\222\013B\204\0202\0248\b\030K\n2B\210Hp\304!#D\022\207\214\020A\222\002d\310\b\261\024 CF\210 \311\0012B\204\030*(*\2201|\260\\\221 \304\310\000\000\000\211 \000\000\030\000\000\0002\"\b\t bF\000!+$\230\020!%$\230\020\031'\f\205\244\220`Bd\\ $d\202@\251\021\000\023\304@\200!bf\346\b\2209\00200D\224\331\024\000J\322\024Q\302\344\257\034\367\267\330CtD\221\320\300\314\314\314\314\314\314\314\314\314\314\314\314\314\314\314\314\314\314\314\f\000\000\000\000Q\030\000\000\302\001\000\000\033\310)\370\377\377\377\377\001p\000\t(\003\202\034\312\301\035\336A\036\332!\034\330\241\r\314\001\036\332\240\035\302\201\036\320\001\200\007y(\207y(\007y\260\207rh\203yH\207sp\0076\200\007y(\207y(\007y\260\207rh\203yH\207sp\007\2000\007y\b\207v(\2076\200\207wH\007w\240\207r\220\007\300\035\336\301\035\312\001 \332!\035\334\241\r\330\241\034\316!\034\330\241\r\354\241\034\306\201\036\336A\036\332\340\036\322\201\034\350\001\035\0008\000\bwx\2076H\007w0\207yh\003s\200\2076h\207p\240\007t\000\350A\036\352\241\034\000\302\035\336\241\r\334!\034\334a\036\332\300\034\340\241\r\332!\034\350\001\035\000z\220\207z(\007\200p\207wh\203yH\207sp\207r \2076\320\207r\220\207w\230\20760\007xh\203v\b\007z@\007\200\036\344\241\036\312\001 \346\201\036\302a\034\326\241\r\340A\036\336\201\036\312a\034\350\341\035\344\241\r\304\241\036\314\301\034\312A\036\332`\036\322A\037\312\001\300\003\200\240\207p\220\207s(\007zh\203q\200\207z\000\306\341\035\344\201\036\312\001\037\332\240\035\350\000 \350!\034\344\341\034\312\201\036\332\300\034\312!\034\350\241\036\344\241\034\346\001X\203p\220\207v\260\207;(\2076h\0076X\003r\230\007x`\20350\007x\210\003;`\2035@\207{ \207t\260\0076X\003z@\207zh\007qh\203vx\007r(\0076X\003{0\007x\220\203y\200\0076X\003{0\007x\230\003r\210\003;\230\007x`\2035\260\007s\200\007: \2078\260\203y\200\0076h\203p(\207y`\2036\020\007s\210\003;`\2036\030\007r(\207q\200\0078`\2036\030\007r(\207q\200\2078`\2036\030\007r(\207q\200\0079`\2036\030\007r(\207q\200\2079`\2036\030\007r(\207q\200\007:`\2036\030\007r(\207q\200\207:`\2036\030\007r(\207q\200\007;`\2036\030\007r(\207q\200\207;`\2036\030\007y\030\0076h\203q\220\207|\200\007zx\0076h\003r\230\0039`\2036 \207w\240\007x\220\207w \0076h\003s\030\207r`\20360\007xh\203p\220\207v\260\007<`\20360\007xh\203p\220\207v\260\007< \2078\260\0036h\003s\200\2076\b\007yh\007{\300\003r\210\003;\230\007x`\20360\007xh\203p\220\207v\260\007<\230\007x`\20360\007x\210\003;0\207v`\0076h\003s\200\007;\240\0036h\003s\250\007v`\007s\200\2078\260\0036h\003t\270\007rH\007{h\203p\220\207v`\2036H\007<h\207v`\2036`\207w\020\0076h\203v\260\207r`\2036h\007{(\00770\007x`\2036p\207rx\007w`\2036\200\207p\030\007q\240\207t`\2036\220\207p\230\0076h\203y\020\0076h\203y@\207p\220\0036h\003{0\007x\220\0036h\003{0\007x\230\0036h\003{0\007x\230\003r\210\003;`\2036\260\007s\200\2079\230\007x`\2036\260\007s\200\007:`\2036\260\007s\200\007: \2078\260\0036h\003{0\007x\240\203y\200\007`\003$\374\377\377\377\377\000\234\002\340\007\300\037\000\022@\001u\000\364\301\006R\032\376\377\377\377\177 \310\241\034\334\341\035\344\241\035\302\201\035\332\300\034\340\241\r\332!\034\350\001\035\000x\220\207r\230\207r\220\007{(\2076\230\207t8\007w`\003x\220\207r\230\207r\220\007{(\2076\230\207t8\007w\000\bs\220\207ph\207rh\003xx\207tp\007z(\007y\000\334\341\035\334\241\034\000\302\035\336\241\r\322\301\035\314a\036\332\300\034\340\241\r\332!\034\350\001\035\000z\220\207z(\007\200p\207wh\003w\b\007w\230\20760\007xh\203v\b\007z@\007\200\036\344\241\036\312\001 \334\341\035\332`\036\322\341\034\334\241\034\310\241\r\364\241\034\344\341\035\346\241\r\314\001\036\332\240\035\302\201\036\320\001\240\007y\250\207r\000\210y\240\207p\030\207uh\003x\220\207w\240\207r\030\007zx\007yh\003q\250\007s0\207r\220\2076\230\207t\320\207r\000\360\000 \350!\034\344\341\034\312\201\036\332`\034\340\241\036\200qx\007y\240\207r\300\2076h\007:\000\bz\b\007y8\207r\240\20760\207r\b\007z\250\007y(\207y\000\326 \034\344\241\035\354\341\016\312\241\r\332\201\r\326\200\034\346\001\036\330`\r\314\001\036\342\300\016\330`\r\320\341\036\310!\035\354\201\r\326\200\036\320\241\036\332A\034\332\240\035\336\201\034\312\201\r\326\300\036\314\001\036\344`\036\340\201\r\326\300\036\314\001\036\346\200\034\342\300\016\346\001\036\330`\r\354\301\034\340\201\016\310!\016\354`\036\340\201\r\332 \034\312a\036\330\240\r\304\301\034\342\300\016\330\240\r\306\201\034\312a\034\340\001\016\330\240\r\306\201\034\312a\034\340!\016\330\240\r\306\201\034\312a\034\340A\016\330\240\r\306\201\034\312a\034\340a\016\330\240\r\306\201\034\312a\034\340\201\016\330\240\r\306\201\034\312a\034\340\241\016\330\240\r\306\201\034\312a\034\340\301\016\330\240\r\306\201\034\312a\034\340\341\016\330\240\r\306A\036\306\201\r\332`\034\344!\037\340\201\036\336\201\r\332\200\034\346@\016\330\240\r\310\341\035\350\001\036\344\341\035\310\201\r\332\300\034\306\241\034\330\240\r\314\001\036\332 \034\344\241\035\354\001\017\330\240\r\314\001\036\332 \034\344\241\035\354\001\017\310!\016\354\200\r\332\300\034\340\241\r\302A\036\332\301\036\360\200\034\342\300\016\346\001\036\330\240\r\314\001\036\332 \034\344\241\035\354\001\017\346\001\036\330\240\r\314\001\036\342\300\016\314\241\035\330\201\r\332\300\034\340\301\016\350\200\r\332\300\034\352\201\035\330\301\034\340!\016\354\200\r\332\000\035\356\201\034\322\301\036\332 \034\344\241\035\330\240\r\322\001\017\332\241\035\330\240\r\330\341\035\304\201\r\332\240\035\354\241\034\330\240\r\332\301\036\312\301\r\314\001\036\330\240\r\334\241\034\336\301\035\330\240\r\340!\034\306A\034\350!\035\330\240\r\344!\034\346\201\r\332`\036\304\201\r\332`\036\320!\034\344\200\r\332\300\036\314\001\036\344\200\r\332\300\036\314\001\036\346\200\r\332\300\036\314\001\036\346\200\034\342\300\016\330\240\r\354\301\034\340a\016\346\001\036\330\240\r\354\301\034\340\201\016\330\240\r\354\301\034\340\201\016\310!\016\354\200\r\332\300\036\314\001\036\350`\036\340\001\330`\020\001@\n\000\266\201(\004\200\0246\020\306\000\220\002\000\000I\030\000\000\005\000\000\000\023\202`B L \006\2420&\004\303\204\201(\f\000\000\000\0232z@\207zh\007q\260\207;(\207vh\203p\220\207vh\003wx\007w(\2076(\207p\020\207t@\007s\3300\007\345\320\006\355\240\007\345\320\006\360\240\007s \007z0\007r\320\006\246\220\016x\320\006\351`\007t\240\007v@\007m`\017q \007x\240\007v@\007z\020\007r\200\007m\020\016z\000\007z0\007r\320\006\3560\007r\320\006\263`\007t\240\021\302\344p\f\206uq\271\211}\r\337\362\362k*\037\277\346\364\366Lv\246\341\361_t\230\375m\317\341\256\361\220\nX\004\000\000\002\000\b\000\000\000\000\000\b\200\005\030R-\020\001\004\200\000\000\000\000\000\000\000\000\000\260\000C\252\215:\200\000\030\000\000\000\000\000\000\000 \000\026`H\365\006` \000\001@\000\000\000\000\000\000\000@\000,\200\304\006\201\242\244\007\000\000Y \000\000\000\007\000\000\0002\036\230\020\031\021L\220\214\t&G\306\004C\262r(\204\"(\203\022\030\001\000\000\000\261\030\000\000\265\000\000\0003\b\200\034\304\341\034f\024\001=\210C8\204\303\214B\200\007yx\007s\230q\f\346\000\017\355\020\016\364\200\0163\fB\036\302\301\035\316\241\034f0\005=\210C8\204\203\033\314\003=\310C=\214\003=\314x\214tp\007{\b\007yH\207pp\007zp\003vx\207p \207\031\314\021\016\354\220\016\3410\017n0\017\343\360\016\360P\0163\020\304\035\336!\034\330!\035\302a\036f0\211;\274\203;\320C9\264\003<\274\203<\204\003;\314\360\024v`\007{h\0077h\207rh\0077\200\207p\220\207p`\007v(\007v\370\005vx\207w\200\207_\b\207q\030\207r\230\207y\230\201,\356\360\016\356\340\016\365\300\016\3540\003b\310\241\034\344\241\034\314\241\034\344\241\034\334a\034\312!\034\304\201\035\312a\006\326\220C9\310C9\230C9\310C9\270\3038\224C8\210\003;\224\303/\274\203<\374\202;\324\003;\260\303\f\307i\207pX\207rp\203th\007x`\207t\030\207t\240\207\031\316S\017\356\000\017\362P\016\344\220\016\343@\017\341 \016\354P\0163 (\035\334\301\036\302A\036\322!\034\334\201\036\334\340\034\344\341\035\352\001\036f\030Q8\260C:\234\203;\314P$v`\007{h\0077`\207wx\007x\230QL\364\220\017\360P\0163\036j\036\312a\034\350!\035\336\301\035~\001\036\344\241\034\314!\035\360a\006T\205\2038\314\303;\260C=\320C9\374\302<\344C;\210\303;\260\303\214\305\n\207y\230\207w\030\207t\b\007z(\007r\230\201\\\343\020\016\354\300\016\345P\016\3630#\301\322A\036\344\341\027\330\341\035\336\001\036fH\031;\260\203=\264\203\033\204\3038\214C9\314\303<\270\3019\310\303;\324\003<\314H\264q\b\007v`\007q\b\207qX\207\031\333\306\016\354`\017\355\340\006\360 \017\3450\017\345 \017\366P\016n\020\016\3430\016\3450\017\363\340\006\351\340\016\344P\016\3700#\342\354a\034\302\201\035\330\341\027\354!\035\346!\035\304!\035\330!\035\350!\037f \235;\274C=\270\0039\224\2039\314X\274pp\007wx\007z\b\007zH\207wp\207\031\313\347\016\3570\017\341\340\016\351@\017\351\240\017\3450\303\001\003s\250\007w\030\207_\230\207pp\207t\240\207t\320\207r\230\201\204A9\340\3038\260C=\220C9\314@\304\240\035\312\241\035\340A\036\336\301\034f$c0\016\341\300\016\3540\017\351@\017\3450C!\203u\030\007sH\207_\240\207|\200\207r\230\261\224\001<\214\303<\224\3038\320C:\274\203;\314\003\000\000\000y \000\000\323\003\000\000r\036H C\210\f\031\tr2H #\201\214\221\221\321D\240\020(d<12B\216\220!\243\210\022\354\340\352\001\000\000cp\n\243\000\n\313\344T\315\263D\013\2230T\243 \212\242(\212$I\222$-\313\362<\314$]L\222$\f\3030I\262,\213\3438\r\0231K\2424\211$I\222\2448\n\222 \b\3030\217\264$\213\360\006\bS\020G\222\020\004\221 \b\222$\t\222\034\307\221 \310\221$I\222(J\222\024\t1\024F#)\215$M\004\000\000CubeMX/Core/Src\\stm32g4xx_hal_msp.cC:\\Users\\CHALLENGER\\Documents\\KeXieData\\Project\\DigitalPower\\BootLoaderComponent: Arm Compiler for Embedded 6.19 Tool: armclang [5e73cb00]./CubeMX/Drivers/CMSIS/Device/ST/STM32G4xx/Include/stm32g431xx.hsigned charNonMaskableInt_IRQnHardFault_IRQnMemoryManagement_IRQnBusFault_IRQnUsageFault_IRQnSVCall_IRQnDebugMonitor_IRQnPendSV_IRQnSysTick_IRQnWWDG_IRQnPVD_PVM_IRQnRTC_TAMP_LSECSS_IRQnRTC_WKUP_IRQnFLASH_IRQnRCC_IRQnEXTI0_IRQnEXTI1_IRQnEXTI2_IRQnEXTI3_IRQnEXTI4_IRQnDMA1_Channel1_IRQnDMA1_Channel2_IRQnDMA1_Channel3_IRQnDMA1_Channel4_IRQnDMA1_Channel5_IRQnDMA1_Channel6_IRQnADC1_2_IRQnUSB_HP_IRQnUSB_LP_IRQnFDCAN1_IT0_IRQnFDCAN1_IT1_IRQnEXTI9_5_IRQnTIM1_BRK_TIM15_IRQnTIM1_UP_TIM16_IRQnTIM1_TRG_COM_TIM17_IRQnTIM1_CC_IRQnTIM2_IRQnTIM3_IRQnTIM4_IRQnI2C1_EV_IRQnI2C1_ER_IRQnI2C2_EV_IRQnI2C2_ER_IRQnSPI1_IRQnSPI2_IRQnUSART1_IRQnUSART2_IRQnUSART3_IRQnEXTI15_10_IRQnRTC_Alarm_IRQnUSBWakeUp_IRQnTIM8_BRK_IRQnTIM8_UP_IRQnTIM8_TRG_COM_IRQnTIM8_CC_IRQnLPTIM1_IRQnSPI3_IRQnUART4_IRQnTIM6_DAC_IRQnTIM7_IRQnDMA2_Channel1_IRQnDMA2_Channel2_IRQnDMA2_Channel3_IRQnDMA2_Channel4_IRQnDMA2_Channel5_IRQnUCPD1_IRQnCOMP1_2_3_IRQnCOMP4_IRQnCRS_IRQnSAI1_IRQnFPU_IRQnRNG_IRQnLPUART1_IRQnI2C3_EV_IRQnI2C3_ER_IRQnDMAMUX_OVR_IRQnDMA2_Channel6_IRQnCORDIC_IRQnFMAC_IRQnRCC_TypeDefCRC:\\Keil_v5\\ARM\\ARMCLANG\\Bin\\..\\include\\stdint.huint32_tunsigned intICSCRCFGRPLLCFGRRESERVED0RESERVED1CIERCIFRCICRRESERVED2AHB1RSTRAHB2RSTRAHB3RSTRRESERVED3APB1RSTR1APB1RSTR2APB2RSTRRESERVED4AHB1ENRAHB2ENRAHB3ENRRESERVED5APB1ENR1APB1ENR2APB2ENRRESERVED6AHB1SMENRAHB2SMENRAHB3SMENRRESERVED7APB1SMENR1APB1SMENR2APB2SMENRRESERVED8CCIPRRESERVED9BDCRCSRCRRCRCCIPR2Dwarf VersionDebug Info Versionwchar_sizestatic_rwdataenumsize_buildattrarmlib_unavailablearmcompiler-version6.19\000\000\306V\003\000\000\000\000\0000\202`\020#\bF1\202`\030#\b\3061\202` #\bF2\2225L\200L\374\021\000\200h\000\000@\215\000\000\000\000\000\000\000\300PV\300\304\304\020\000\000\020\224\007z\000\000\000\000\000 \000\0000P\001\004\002\000\fT\000\204\000\000\363\034\000\031\024\b`\000\343\020\004\030\030\344\377\377\377\177\214C\020`p\230\377\377\377\3771\016A\200\001\202\376\377\377\377\3078\004\001\006\211\372\377\377\377\037\343\020\004\030(\354\377\377\377\177\214C\020`\260\330\377\377\377\3771\016A\200\001\203\377\377\377\377\3078\004\001\006\r\377\377\377\377\037\343\020\004\0308\376\377\377\377\177\214C\020`\360\000\343\020\004\030@\3028\004\001\006\0211\016A\200\201d\214C\020`0!\343\020\004\030P\3128\004\001\006\0253\016A\200\201\345\214C\020`pA\343\020\004\030`\3228\004\001\006\0315\016A\200\201f\215C\020`\260a\343\020\004\030p\3328\004\001\006\0357\016A\200\201\347\215C\020`\360\201\3018\004\001\006`@\006\343\020\004\030\204\201\031\214C\020` \006h0\016A\200\301\030\250\3018\004\001\006d\300\006\343\020\004\030\224\201\033\214C\020``\006p0\016A\200\301\031\310\3018\004\001\006h@\007\343\020\004\030\244\201\035\214C\020`\240\006x0\016A\200\301\032\350\3018\004\001\006l\300\007\343\020\004\030\264\201\037\214C\020`\340\006\2400\016A\200\301\033\210\3028\004\001\006p@\n\343\020\004\030\304\201)\214C\020` \007\2500\016A\200\301\034\250\3028\004\001\006t\300\n\343\020\004\030\324\201+\214C\020``\007\2600\016A\200\301\035\310\3028\004\001\006x@\013\343\020\004\030\344\201-\214C\020`\240\007\2700\016A\200\301\036\350\3028\004\001\006|\300\013\343\020\004\030\364\2018\214C\020`\340\007\3460\016A\200\301\037\240\3038\004\001\006\240\300\016\343\020\004\030\204\202;\214C\020` \n\3600\016A\200\301(\310\3038\004\001\006\244@\017\343\020\004\030\224\202=\214C\020``\n\3700\016A\200\301)\370\3038\004\001\006\250\000\022\343\020\004\030\244\202H\214C\020`\240\n61\016A\200\301*\340\3048\004\001\006\254 \026\343\020\004\030\264\002]\214C\020`\340\nv1\016A\200\301+\340\3058\004\001\006\260\240\027\343\020\004\030\304\002_\214C\020` \013\2421\016A\200\301,\240\3068\004\001\006\264\240\0323\274\002M\324\204M\334\004N\344\204N\354\004O\364\204O\374\004X\204\205X\214\005Y\224\205Y\234\005Z\244\205Z\254\005[\264\205[\274\005\\\304\205\\\314\005]\324\205]\334\005^\344\205^\354\005_\364\205_\374\005h\204\206h\214\006i\224\206i\234\006j\244\206j\254\006k\264\206k\274\006l\304\206l\314\006m\324\206m\334\006n\344\206n\354\006o\364\206o\374\006x\204\207x\214d\t\004 \023\241\000\314\004\002\000\300x\000\000\000\000\000\000\000\300\f\001yL\344\000V-\310D:\001/\001\000\000\000\000\300D\016\360\000\000\000\230\007\030\000\000\000\000\300\f\301y\fT\000\267\000\000\300<\007@\006\271\000\006\300\001L\344\000\026.\244\007(\000\352\001\000\000\000\000\300D\016P\007\000\000\000\353\001\000\000\000\000\300D\016\320\330\202L\204\322K\260\007\030\000\000\000\000\300D\016\320\350\202L\210\322K\260\007\030\000`\000\000\0000\221\0034\273 \023\243\364\022\354\001\006\000(\000\000\000L\344\000\r/\310\004)\275\004{\200\001\000\016\000\000\000\0239@\323\0132QJ/\261\036`\000\200\004\000\000\300D\016\320\370\202L\230\322K\254\007\030\000`\001\000\0000\221\0034\277 \023\247\364\022\354\001\006\000h\000\000\000L\344\000\r8\310\004*\275\004{\200\001\000\036\000\000\000\0239@\023\0162\221J/\301\036`\000\200\b\000\000\300D\016\320\210\203L\250\322K\254\007\030\000`\002\000\0000\221\0034\343 \023\253\364\022\354\001\006\000\250\000\000\000L\344\000\r9\310\004+\275\004{\200\001\000.\000\000\000\0239@S\0162\321J/\301\036`\000\200\f\000\000\300D\016\320\230\203L\270\322K\254\007\030\000`\003\000\0000\221\0034\347 \023\257\364\022\354\001\006\000\350\000\000\000L\344\000\r:\310\004,\275\004{\200\001\000>\000\000\000\0239@\223\0162\021K/\301\036`\000\200\020\000\000\300D\016\320\250\203L\310\322K\254\007\030\000`\004\000\0000\221\0034\353 \023\263\364\022\354\001\006\000(\001\000\000L\344\000\r;\310\004-\275\004{\200\001\000N\000\000\000\0239@\323\0162QK/\301\036`\000\200\024\000\000\300D\016\320\270\203L\330\322K\254\007\030\000`\005\000\0000\221\0034\357 \023\267\364\022\354\001\006\000h\001\000\000L\344\000\r<\310\004.\275\004{\200\001\000^\000\000\000\0239@\023\0172\221K/\301\036`\000\200\030\000\000\300D\016\320\310\203L\350\322K\254\007\030\000`\006\000\0000\221\0034\363 \023\273\364\022\354\001\006\000\250\001\000\000L\344\000\r=\310\004/\275\004{\200\001\000n\000\000\000\0239@S\0172\321K/\301\036`\000\200\034\000\000\300D\016\320\330\203L\370\322K\254\007\030\000`\007\000\0000\221\0034\367 \023\277\364\022\354\001\006\000\350\001\000\000L\344\000\r>\310\0048\275\004{\200\001\000~\000\000\000\0239@\223\0172\021N/\301\036`\000\200`\000\000\0000\221\0034\372 \023\342\364\022\353\001\006\000\030\006\000\000\000\0239@\263\01721N/\301\036`\000\200b\000\000\0000\221\0034\374 \023\344\364\022\353\001\006\0008\006\000\000\000\0239@\323\0172QN/\301\036`\000\200d\000\000\0000\221\0034\376 \023\346\364\022\354\001\006\000X\006\000\000\000\0239@\363\0172qN/\301\036`\000\200f\000\000\0000\221\0034 !\023\350\364\022\354\001\006\000x\006\000\000\0003\240A{\270\307{\300G|\310\307|\320G}\330\307}\340G~\350\307~\360G\177\370\307\177\200H\210\210\310\210\220H\211\230\310\211\240H\212\250\310\212\260H\213\270\310\213\300H\214\310\310\214\320\310\fCJ\204\204J\3140\254\204H\260\304\fCK\214\304J\3140\264\004I\264\304\fCK\224DK\3140\264\204I\270\304\fCK\234\004J\314\020\fW\023\000\307q\034\307\311\205Y\270\201\033\200\202,\310\202,\310\202,\310\202,\310\202,\270\201\033\270\201\033\270\201\033\270\201\033\270\201\033\270\201\033\270\201\033\270\201\033\320\201\036\350\201\036\350\201\036\350\201\036\350\201\036\350\201\036\350\201\036\350\201\036\350\201\036\350\201\036\350\201\036\350\201\036\350\201\036\350\201\036\350\201\036\350\201\036\350\201\036\350\201\036\350\201\036\350\201\036\350\201\036\350\201\036\350\201\036\350\201\036\350\201\036\350\201\036\350\201\036\250\036[p\374\000\017\034\035\260\002?\300\003J\270\204K\270\204K\270\204K\270\204K\270\204K\270\204K\270\204K\270\204K\270\204K\270\204K\270\204K\270\204K\270\204K\270\204K\270\204K\270\004M\320\004M\320\004M\320\004M\320\204\375\320\001\035\320\001\035\320\001\035\320\201\214\004&(\02766\2736\0272\2613\227\261\272Q\202\227\310\210\215\315\256\315\245\355\215\254\216\255\314\305\214-\354ln\224\243Fl\344Fp$GtdGRac\263ksI#+s\243\033%\340\021\000\000\251\030\000\000/\000\000\000\013\nr(\207w\200\007zXp\230C=\270\3038\260C9\320\303\202\346\034\306\241\r\350A\036\302\301\035\346!\035\350!\035\336\301\035\026(\342P\016\346\360\016\362P\016\351\340\016\363@\017\013\222p0\007z(\007yH\007w\230\007zX\320\214\2039\234C=\204\203<\220\003=\204\203<\234C9\320\303\002\006\036\344\241\034\302\201\035\330\341\035\306!\034\350\241\034\310a\301q\016\343\320\006\354\220\016\366P\016\013\254q`\207pp\207sp\203p\220\207qp\203p\240\007z\b\207q@\207r \207q\b\007v`\207\005\007<\320\203<\204C=\320\003:, \326a\034\314!\035\000\000\000\000\321\020\000\000\006\000\000\000\007\314<\244\203;\234\003;\224\003=\240\203<\224C8\220\303\001\000\000\000a \000\000\221\000\000\000\023\004E,\020\000\000\000\f\000\000\000T\225Q\027UQ\013\225P\005d\245P\200\200\200\200\002\005\b\f\t\210P0\305R\036\004C\035\t\200\031\2111\ru$\000f$\006ej\022\000\000\3610\000\000(\000\000\000\"G\310\220Q\016\004\036\000\000\000\000c\260\030\000CubeMX/Core/Src/stm32g4xx_hal_msp.cHAL_MspInittmpreg\253\250\203L~\004 \023P0\223P\000\020\000D`\002\000\316\004\000\000`V\021\204\t\231\230\3020\253\b\302\204LNa\030T\000>\"\000\300\206\000\330D\b@\231\000\033\200q\212 &`B&\246\300\036\000\000\000\353\002c\234\"\214\t\230\220\311)\260\007\000\000\300\004\001\310&\b\200\0063\021\206\201\214\302L\204a \2430K\020\314\030\024\2460\204\t\000\214\030\034\000\b\202\001\241\305\367\377\377\377@\337\377\377\377\303|\377\377\377\0173\006\205)\fb\002\000T\330\2340\000.\240v\302\000\0306 \216`\b&\f\000:lN\030\000\027X:a\000\f\033\020F0\004\023\006\000\0316'\f\200Y\002a\302\000\230%\030f\f\212S\030\302\004\000F\f\016\000\004\301\200\370\352\373\377\377\177\270\357\377\377\377\001\277\377\377\377\207\031\203\342\024\2061\001\000JlN\030\000\027@;a\000\f\033\020K0\004\023\006\000-6'\f\200\013$\2350\000\206\r\b%\030\202\t\003\200\024\233\023\006\300,\0011a\000\214\030\034\005\b\202\3011\006[\305\315\030\024\2530\204\t\000\214\030\034\005\b\202\3011\006Z\305\315\030\024\2550\204\t\000\214\030\034\005\b\202\3011\006Y\305\315\030\024\2570\204\t\000\214\030\034\005\b\202\3011\006X\305\315\030\024\2610\204\t\000\214\030\034\005\b\202\3011\006W\305\315\030\024\2630\204\t\000\214\030\034\005\b\202\3011\006\026\304\315\030\024\2650\204\t\000\214\030\020\000\b\202\201 \0063\006E.\fa\002\000:cP\370B\020&\000\020\020\003\000\002\000\000\000[\004\000L\000\000\000\000\000\000\000\000q \000\000\003\000\000\0002\016\020\"\204\000\221\016\000\000\000\000\000\000\000\000e\f\000\0001\000\000\000\022\003\224x\001\000\000\000\003\000\000\000O\000\000\000\t\000\000\000L\000\000\000\001\000\000\000X\000\000\000\000\000\000\000X\000\000\000\004\000\000\000\270\000\000\000\000\000\000\000X\000\000\000\031\000\000\000q\000\000\000#\000\000\000\013\000\000\000\000\000\000\000\270\000\000\000\000\000\000\000\000\000\000\000\004\000\000\000\000\000\000\000\000\000\000\000\013\000\000\000\000\000\000\000\013\000\000\000\377\377\377\377\001$\000\000\013\000\000\000\020\000\000\000\013\000\000\000\020\000\000\000\377\377\377\377\b,\000\000\033\000\000\000\024\000\000\000\033\000\000\000\024\000\000\000\377\377\377\377\b$\000\000/\000\000\000 \000\000\000/\000\000\000 \000\000\000\377\377\377\377\b$\000\000\000\000\000\000]\f\000\000(\000\000\000\022\003\2244\001\000\000\000HAL_MspInitllvm.dbg.declareHAL_NVIC_SetPriorityHAL_PWREx_DisableUCPDDeadBattery16.0.0gitthumbv7em-arm-none-eabihfCubeMX/Core/Src/stm32g4xx_hal_msp.c\000\000\000"
	.size	.Lllvm.embedded.module, 8220

	.section	.debug_abbrev,"",%progbits
	.byte	1                               @ Abbreviation Code
	.byte	17                              @ DW_TAG_compile_unit
	.byte	1                               @ DW_CHILDREN_yes
	.byte	37                              @ DW_AT_producer
	.byte	14                              @ DW_FORM_strp
	.byte	19                              @ DW_AT_language
	.byte	5                               @ DW_FORM_data2
	.byte	3                               @ DW_AT_name
	.byte	14                              @ DW_FORM_strp
	.byte	16                              @ DW_AT_stmt_list
	.byte	23                              @ DW_FORM_sec_offset
	.byte	27                              @ DW_AT_comp_dir
	.byte	14                              @ DW_FORM_strp
	.byte	0                               @ EOM(1)
	.byte	0                               @ EOM(2)
	.byte	2                               @ Abbreviation Code
	.byte	4                               @ DW_TAG_enumeration_type
	.byte	1                               @ DW_CHILDREN_yes
	.byte	73                              @ DW_AT_type
	.byte	19                              @ DW_FORM_ref4
	.byte	11                              @ DW_AT_byte_size
	.byte	11                              @ DW_FORM_data1
	.byte	58                              @ DW_AT_decl_file
	.byte	11                              @ DW_FORM_data1
	.byte	59                              @ DW_AT_decl_line
	.byte	11                              @ DW_FORM_data1
	.byte	0                               @ EOM(1)
	.byte	0                               @ EOM(2)
	.byte	3                               @ Abbreviation Code
	.byte	40                              @ DW_TAG_enumerator
	.byte	0                               @ DW_CHILDREN_no
	.byte	3                               @ DW_AT_name
	.byte	14                              @ DW_FORM_strp
	.byte	28                              @ DW_AT_const_value
	.byte	13                              @ DW_FORM_sdata
	.byte	0                               @ EOM(1)
	.byte	0                               @ EOM(2)
	.byte	4                               @ Abbreviation Code
	.byte	36                              @ DW_TAG_base_type
	.byte	0                               @ DW_CHILDREN_no
	.byte	3                               @ DW_AT_name
	.byte	14                              @ DW_FORM_strp
	.byte	62                              @ DW_AT_encoding
	.byte	11                              @ DW_FORM_data1
	.byte	11                              @ DW_AT_byte_size
	.byte	11                              @ DW_FORM_data1
	.byte	0                               @ EOM(1)
	.byte	0                               @ EOM(2)
	.byte	5                               @ Abbreviation Code
	.byte	15                              @ DW_TAG_pointer_type
	.byte	0                               @ DW_CHILDREN_no
	.byte	73                              @ DW_AT_type
	.byte	19                              @ DW_FORM_ref4
	.byte	0                               @ EOM(1)
	.byte	0                               @ EOM(2)
	.byte	6                               @ Abbreviation Code
	.byte	22                              @ DW_TAG_typedef
	.byte	0                               @ DW_CHILDREN_no
	.byte	73                              @ DW_AT_type
	.byte	19                              @ DW_FORM_ref4
	.byte	3                               @ DW_AT_name
	.byte	14                              @ DW_FORM_strp
	.byte	58                              @ DW_AT_decl_file
	.byte	11                              @ DW_FORM_data1
	.byte	59                              @ DW_AT_decl_line
	.byte	5                               @ DW_FORM_data2
	.byte	0                               @ EOM(1)
	.byte	0                               @ EOM(2)
	.byte	7                               @ Abbreviation Code
	.byte	19                              @ DW_TAG_structure_type
	.byte	1                               @ DW_CHILDREN_yes
	.byte	11                              @ DW_AT_byte_size
	.byte	11                              @ DW_FORM_data1
	.byte	58                              @ DW_AT_decl_file
	.byte	11                              @ DW_FORM_data1
	.byte	59                              @ DW_AT_decl_line
	.byte	5                               @ DW_FORM_data2
	.byte	0                               @ EOM(1)
	.byte	0                               @ EOM(2)
	.byte	8                               @ Abbreviation Code
	.byte	13                              @ DW_TAG_member
	.byte	0                               @ DW_CHILDREN_no
	.byte	3                               @ DW_AT_name
	.byte	14                              @ DW_FORM_strp
	.byte	73                              @ DW_AT_type
	.byte	19                              @ DW_FORM_ref4
	.byte	58                              @ DW_AT_decl_file
	.byte	11                              @ DW_FORM_data1
	.byte	59                              @ DW_AT_decl_line
	.byte	5                               @ DW_FORM_data2
	.byte	56                              @ DW_AT_data_member_location
	.byte	11                              @ DW_FORM_data1
	.byte	0                               @ EOM(1)
	.byte	0                               @ EOM(2)
	.byte	9                               @ Abbreviation Code
	.byte	53                              @ DW_TAG_volatile_type
	.byte	0                               @ DW_CHILDREN_no
	.byte	73                              @ DW_AT_type
	.byte	19                              @ DW_FORM_ref4
	.byte	0                               @ EOM(1)
	.byte	0                               @ EOM(2)
	.byte	10                              @ Abbreviation Code
	.byte	22                              @ DW_TAG_typedef
	.byte	0                               @ DW_CHILDREN_no
	.byte	73                              @ DW_AT_type
	.byte	19                              @ DW_FORM_ref4
	.byte	3                               @ DW_AT_name
	.byte	14                              @ DW_FORM_strp
	.byte	58                              @ DW_AT_decl_file
	.byte	11                              @ DW_FORM_data1
	.byte	59                              @ DW_AT_decl_line
	.byte	11                              @ DW_FORM_data1
	.byte	0                               @ EOM(1)
	.byte	0                               @ EOM(2)
	.byte	0                               @ EOM(3)
	.section	.debug_info,"",%progbits
.Lcu_begin0:
	.long	.Ldebug_info_end0-.Ldebug_info_start0 @ Length of Unit
.Ldebug_info_start0:
	.short	4                               @ DWARF version number
	.long	.debug_abbrev                   @ Offset Into Abbrev. Section
	.byte	4                               @ Address Size (in bytes)
	.byte	1                               @ Abbrev [1] 0xb:0x441 DW_TAG_compile_unit
	.long	.Linfo_string0                  @ DW_AT_producer
	.short	12                              @ DW_AT_language
	.long	.Linfo_string1                  @ DW_AT_name
	.long	.Lline_table_start0             @ DW_AT_stmt_list
	.long	.Linfo_string2                  @ DW_AT_comp_dir
	.byte	2                               @ Abbrev [2] 0x1e:0x1f0 DW_TAG_enumeration_type
	.long	526                             @ DW_AT_type
	.byte	1                               @ DW_AT_byte_size
	.byte	1                               @ DW_AT_decl_file
	.byte	65                              @ DW_AT_decl_line
	.byte	3                               @ Abbrev [3] 0x26:0x6 DW_TAG_enumerator
	.long	.Linfo_string4                  @ DW_AT_name
	.byte	114                             @ DW_AT_const_value
	.byte	3                               @ Abbrev [3] 0x2c:0x6 DW_TAG_enumerator
	.long	.Linfo_string5                  @ DW_AT_name
	.byte	115                             @ DW_AT_const_value
	.byte	3                               @ Abbrev [3] 0x32:0x6 DW_TAG_enumerator
	.long	.Linfo_string6                  @ DW_AT_name
	.byte	116                             @ DW_AT_const_value
	.byte	3                               @ Abbrev [3] 0x38:0x6 DW_TAG_enumerator
	.long	.Linfo_string7                  @ DW_AT_name
	.byte	117                             @ DW_AT_const_value
	.byte	3                               @ Abbrev [3] 0x3e:0x6 DW_TAG_enumerator
	.long	.Linfo_string8                  @ DW_AT_name
	.byte	118                             @ DW_AT_const_value
	.byte	3                               @ Abbrev [3] 0x44:0x6 DW_TAG_enumerator
	.long	.Linfo_string9                  @ DW_AT_name
	.byte	123                             @ DW_AT_const_value
	.byte	3                               @ Abbrev [3] 0x4a:0x6 DW_TAG_enumerator
	.long	.Linfo_string10                 @ DW_AT_name
	.byte	124                             @ DW_AT_const_value
	.byte	3                               @ Abbrev [3] 0x50:0x6 DW_TAG_enumerator
	.long	.Linfo_string11                 @ DW_AT_name
	.byte	126                             @ DW_AT_const_value
	.byte	3                               @ Abbrev [3] 0x56:0x6 DW_TAG_enumerator
	.long	.Linfo_string12                 @ DW_AT_name
	.byte	127                             @ DW_AT_const_value
	.byte	3                               @ Abbrev [3] 0x5c:0x6 DW_TAG_enumerator
	.long	.Linfo_string13                 @ DW_AT_name
	.byte	0                               @ DW_AT_const_value
	.byte	3                               @ Abbrev [3] 0x62:0x6 DW_TAG_enumerator
	.long	.Linfo_string14                 @ DW_AT_name
	.byte	1                               @ DW_AT_const_value
	.byte	3                               @ Abbrev [3] 0x68:0x6 DW_TAG_enumerator
	.long	.Linfo_string15                 @ DW_AT_name
	.byte	2                               @ DW_AT_const_value
	.byte	3                               @ Abbrev [3] 0x6e:0x6 DW_TAG_enumerator
	.long	.Linfo_string16                 @ DW_AT_name
	.byte	3                               @ DW_AT_const_value
	.byte	3                               @ Abbrev [3] 0x74:0x6 DW_TAG_enumerator
	.long	.Linfo_string17                 @ DW_AT_name
	.byte	4                               @ DW_AT_const_value
	.byte	3                               @ Abbrev [3] 0x7a:0x6 DW_TAG_enumerator
	.long	.Linfo_string18                 @ DW_AT_name
	.byte	5                               @ DW_AT_const_value
	.byte	3                               @ Abbrev [3] 0x80:0x6 DW_TAG_enumerator
	.long	.Linfo_string19                 @ DW_AT_name
	.byte	6                               @ DW_AT_const_value
	.byte	3                               @ Abbrev [3] 0x86:0x6 DW_TAG_enumerator
	.long	.Linfo_string20                 @ DW_AT_name
	.byte	7                               @ DW_AT_const_value
	.byte	3                               @ Abbrev [3] 0x8c:0x6 DW_TAG_enumerator
	.long	.Linfo_string21                 @ DW_AT_name
	.byte	8                               @ DW_AT_const_value
	.byte	3                               @ Abbrev [3] 0x92:0x6 DW_TAG_enumerator
	.long	.Linfo_string22                 @ DW_AT_name
	.byte	9                               @ DW_AT_const_value
	.byte	3                               @ Abbrev [3] 0x98:0x6 DW_TAG_enumerator
	.long	.Linfo_string23                 @ DW_AT_name
	.byte	10                              @ DW_AT_const_value
	.byte	3                               @ Abbrev [3] 0x9e:0x6 DW_TAG_enumerator
	.long	.Linfo_string24                 @ DW_AT_name
	.byte	11                              @ DW_AT_const_value
	.byte	3                               @ Abbrev [3] 0xa4:0x6 DW_TAG_enumerator
	.long	.Linfo_string25                 @ DW_AT_name
	.byte	12                              @ DW_AT_const_value
	.byte	3                               @ Abbrev [3] 0xaa:0x6 DW_TAG_enumerator
	.long	.Linfo_string26                 @ DW_AT_name
	.byte	13                              @ DW_AT_const_value
	.byte	3                               @ Abbrev [3] 0xb0:0x6 DW_TAG_enumerator
	.long	.Linfo_string27                 @ DW_AT_name
	.byte	14                              @ DW_AT_const_value
	.byte	3                               @ Abbrev [3] 0xb6:0x6 DW_TAG_enumerator
	.long	.Linfo_string28                 @ DW_AT_name
	.byte	15                              @ DW_AT_const_value
	.byte	3                               @ Abbrev [3] 0xbc:0x6 DW_TAG_enumerator
	.long	.Linfo_string29                 @ DW_AT_name
	.byte	16                              @ DW_AT_const_value
	.byte	3                               @ Abbrev [3] 0xc2:0x6 DW_TAG_enumerator
	.long	.Linfo_string30                 @ DW_AT_name
	.byte	18                              @ DW_AT_const_value
	.byte	3                               @ Abbrev [3] 0xc8:0x6 DW_TAG_enumerator
	.long	.Linfo_string31                 @ DW_AT_name
	.byte	19                              @ DW_AT_const_value
	.byte	3                               @ Abbrev [3] 0xce:0x6 DW_TAG_enumerator
	.long	.Linfo_string32                 @ DW_AT_name
	.byte	20                              @ DW_AT_const_value
	.byte	3                               @ Abbrev [3] 0xd4:0x6 DW_TAG_enumerator
	.long	.Linfo_string33                 @ DW_AT_name
	.byte	21                              @ DW_AT_const_value
	.byte	3                               @ Abbrev [3] 0xda:0x6 DW_TAG_enumerator
	.long	.Linfo_string34                 @ DW_AT_name
	.byte	22                              @ DW_AT_const_value
	.byte	3                               @ Abbrev [3] 0xe0:0x6 DW_TAG_enumerator
	.long	.Linfo_string35                 @ DW_AT_name
	.byte	23                              @ DW_AT_const_value
	.byte	3                               @ Abbrev [3] 0xe6:0x6 DW_TAG_enumerator
	.long	.Linfo_string36                 @ DW_AT_name
	.byte	24                              @ DW_AT_const_value
	.byte	3                               @ Abbrev [3] 0xec:0x6 DW_TAG_enumerator
	.long	.Linfo_string37                 @ DW_AT_name
	.byte	25                              @ DW_AT_const_value
	.byte	3                               @ Abbrev [3] 0xf2:0x6 DW_TAG_enumerator
	.long	.Linfo_string38                 @ DW_AT_name
	.byte	26                              @ DW_AT_const_value
	.byte	3                               @ Abbrev [3] 0xf8:0x6 DW_TAG_enumerator
	.long	.Linfo_string39                 @ DW_AT_name
	.byte	27                              @ DW_AT_const_value
	.byte	3                               @ Abbrev [3] 0xfe:0x6 DW_TAG_enumerator
	.long	.Linfo_string40                 @ DW_AT_name
	.byte	28                              @ DW_AT_const_value
	.byte	3                               @ Abbrev [3] 0x104:0x6 DW_TAG_enumerator
	.long	.Linfo_string41                 @ DW_AT_name
	.byte	29                              @ DW_AT_const_value
	.byte	3                               @ Abbrev [3] 0x10a:0x6 DW_TAG_enumerator
	.long	.Linfo_string42                 @ DW_AT_name
	.byte	30                              @ DW_AT_const_value
	.byte	3                               @ Abbrev [3] 0x110:0x6 DW_TAG_enumerator
	.long	.Linfo_string43                 @ DW_AT_name
	.byte	31                              @ DW_AT_const_value
	.byte	3                               @ Abbrev [3] 0x116:0x6 DW_TAG_enumerator
	.long	.Linfo_string44                 @ DW_AT_name
	.byte	32                              @ DW_AT_const_value
	.byte	3                               @ Abbrev [3] 0x11c:0x6 DW_TAG_enumerator
	.long	.Linfo_string45                 @ DW_AT_name
	.byte	33                              @ DW_AT_const_value
	.byte	3                               @ Abbrev [3] 0x122:0x6 DW_TAG_enumerator
	.long	.Linfo_string46                 @ DW_AT_name
	.byte	34                              @ DW_AT_const_value
	.byte	3                               @ Abbrev [3] 0x128:0x6 DW_TAG_enumerator
	.long	.Linfo_string47                 @ DW_AT_name
	.byte	35                              @ DW_AT_const_value
	.byte	3                               @ Abbrev [3] 0x12e:0x6 DW_TAG_enumerator
	.long	.Linfo_string48                 @ DW_AT_name
	.byte	36                              @ DW_AT_const_value
	.byte	3                               @ Abbrev [3] 0x134:0x6 DW_TAG_enumerator
	.long	.Linfo_string49                 @ DW_AT_name
	.byte	37                              @ DW_AT_const_value
	.byte	3                               @ Abbrev [3] 0x13a:0x6 DW_TAG_enumerator
	.long	.Linfo_string50                 @ DW_AT_name
	.byte	38                              @ DW_AT_const_value
	.byte	3                               @ Abbrev [3] 0x140:0x6 DW_TAG_enumerator
	.long	.Linfo_string51                 @ DW_AT_name
	.byte	39                              @ DW_AT_const_value
	.byte	3                               @ Abbrev [3] 0x146:0x6 DW_TAG_enumerator
	.long	.Linfo_string52                 @ DW_AT_name
	.byte	40                              @ DW_AT_const_value
	.byte	3                               @ Abbrev [3] 0x14c:0x6 DW_TAG_enumerator
	.long	.Linfo_string53                 @ DW_AT_name
	.byte	41                              @ DW_AT_const_value
	.byte	3                               @ Abbrev [3] 0x152:0x6 DW_TAG_enumerator
	.long	.Linfo_string54                 @ DW_AT_name
	.byte	42                              @ DW_AT_const_value
	.byte	3                               @ Abbrev [3] 0x158:0x6 DW_TAG_enumerator
	.long	.Linfo_string55                 @ DW_AT_name
	.byte	43                              @ DW_AT_const_value
	.byte	3                               @ Abbrev [3] 0x15e:0x6 DW_TAG_enumerator
	.long	.Linfo_string56                 @ DW_AT_name
	.byte	44                              @ DW_AT_const_value
	.byte	3                               @ Abbrev [3] 0x164:0x6 DW_TAG_enumerator
	.long	.Linfo_string57                 @ DW_AT_name
	.byte	45                              @ DW_AT_const_value
	.byte	3                               @ Abbrev [3] 0x16a:0x6 DW_TAG_enumerator
	.long	.Linfo_string58                 @ DW_AT_name
	.byte	46                              @ DW_AT_const_value
	.byte	3                               @ Abbrev [3] 0x170:0x6 DW_TAG_enumerator
	.long	.Linfo_string59                 @ DW_AT_name
	.byte	49                              @ DW_AT_const_value
	.byte	3                               @ Abbrev [3] 0x176:0x6 DW_TAG_enumerator
	.long	.Linfo_string60                 @ DW_AT_name
	.byte	51                              @ DW_AT_const_value
	.byte	3                               @ Abbrev [3] 0x17c:0x6 DW_TAG_enumerator
	.long	.Linfo_string61                 @ DW_AT_name
	.byte	52                              @ DW_AT_const_value
	.byte	3                               @ Abbrev [3] 0x182:0x6 DW_TAG_enumerator
	.long	.Linfo_string62                 @ DW_AT_name
	.byte	54                              @ DW_AT_const_value
	.byte	3                               @ Abbrev [3] 0x188:0x6 DW_TAG_enumerator
	.long	.Linfo_string63                 @ DW_AT_name
	.byte	55                              @ DW_AT_const_value
	.byte	3                               @ Abbrev [3] 0x18e:0x6 DW_TAG_enumerator
	.long	.Linfo_string64                 @ DW_AT_name
	.byte	56                              @ DW_AT_const_value
	.byte	3                               @ Abbrev [3] 0x194:0x6 DW_TAG_enumerator
	.long	.Linfo_string65                 @ DW_AT_name
	.byte	57                              @ DW_AT_const_value
	.byte	3                               @ Abbrev [3] 0x19a:0x6 DW_TAG_enumerator
	.long	.Linfo_string66                 @ DW_AT_name
	.byte	58                              @ DW_AT_const_value
	.byte	3                               @ Abbrev [3] 0x1a0:0x6 DW_TAG_enumerator
	.long	.Linfo_string67                 @ DW_AT_name
	.byte	59                              @ DW_AT_const_value
	.byte	3                               @ Abbrev [3] 0x1a6:0x6 DW_TAG_enumerator
	.long	.Linfo_string68                 @ DW_AT_name
	.byte	60                              @ DW_AT_const_value
	.byte	3                               @ Abbrev [3] 0x1ac:0x6 DW_TAG_enumerator
	.long	.Linfo_string69                 @ DW_AT_name
	.byte	63                              @ DW_AT_const_value
	.byte	3                               @ Abbrev [3] 0x1b2:0x7 DW_TAG_enumerator
	.long	.Linfo_string70                 @ DW_AT_name
	.asciz	"\300"                          @ DW_AT_const_value
	.byte	3                               @ Abbrev [3] 0x1b9:0x7 DW_TAG_enumerator
	.long	.Linfo_string71                 @ DW_AT_name
	.asciz	"\301"                          @ DW_AT_const_value
	.byte	3                               @ Abbrev [3] 0x1c0:0x7 DW_TAG_enumerator
	.long	.Linfo_string72                 @ DW_AT_name
	.asciz	"\313"                          @ DW_AT_const_value
	.byte	3                               @ Abbrev [3] 0x1c7:0x7 DW_TAG_enumerator
	.long	.Linfo_string73                 @ DW_AT_name
	.asciz	"\314"                          @ DW_AT_const_value
	.byte	3                               @ Abbrev [3] 0x1ce:0x7 DW_TAG_enumerator
	.long	.Linfo_string74                 @ DW_AT_name
	.asciz	"\321"                          @ DW_AT_const_value
	.byte	3                               @ Abbrev [3] 0x1d5:0x7 DW_TAG_enumerator
	.long	.Linfo_string75                 @ DW_AT_name
	.asciz	"\332"                          @ DW_AT_const_value
	.byte	3                               @ Abbrev [3] 0x1dc:0x7 DW_TAG_enumerator
	.long	.Linfo_string76                 @ DW_AT_name
	.asciz	"\333"                          @ DW_AT_const_value
	.byte	3                               @ Abbrev [3] 0x1e3:0x7 DW_TAG_enumerator
	.long	.Linfo_string77                 @ DW_AT_name
	.asciz	"\334"                          @ DW_AT_const_value
	.byte	3                               @ Abbrev [3] 0x1ea:0x7 DW_TAG_enumerator
	.long	.Linfo_string78                 @ DW_AT_name
	.asciz	"\335"                          @ DW_AT_const_value
	.byte	3                               @ Abbrev [3] 0x1f1:0x7 DW_TAG_enumerator
	.long	.Linfo_string79                 @ DW_AT_name
	.asciz	"\336"                          @ DW_AT_const_value
	.byte	3                               @ Abbrev [3] 0x1f8:0x7 DW_TAG_enumerator
	.long	.Linfo_string80                 @ DW_AT_name
	.asciz	"\341"                          @ DW_AT_const_value
	.byte	3                               @ Abbrev [3] 0x1ff:0x7 DW_TAG_enumerator
	.long	.Linfo_string81                 @ DW_AT_name
	.asciz	"\344"                          @ DW_AT_const_value
	.byte	3                               @ Abbrev [3] 0x206:0x7 DW_TAG_enumerator
	.long	.Linfo_string82                 @ DW_AT_name
	.asciz	"\345"                          @ DW_AT_const_value
	.byte	0                               @ End Of Children Mark
	.byte	4                               @ Abbrev [4] 0x20e:0x7 DW_TAG_base_type
	.long	.Linfo_string3                  @ DW_AT_name
	.byte	6                               @ DW_AT_encoding
	.byte	1                               @ DW_AT_byte_size
	.byte	5                               @ Abbrev [5] 0x215:0x5 DW_TAG_pointer_type
	.long	538                             @ DW_AT_type
	.byte	6                               @ Abbrev [6] 0x21a:0xc DW_TAG_typedef
	.long	550                             @ DW_AT_type
	.long	.Linfo_string125                @ DW_AT_name
	.byte	1                               @ DW_AT_decl_file
	.short	617                             @ DW_AT_decl_line
	.byte	7                               @ Abbrev [7] 0x226:0x20e DW_TAG_structure_type
	.byte	160                             @ DW_AT_byte_size
	.byte	1                               @ DW_AT_decl_file
	.short	575                             @ DW_AT_decl_line
	.byte	8                               @ Abbrev [8] 0x22b:0xd DW_TAG_member
	.long	.Linfo_string83                 @ DW_AT_name
	.long	1076                            @ DW_AT_type
	.byte	1                               @ DW_AT_decl_file
	.short	577                             @ DW_AT_decl_line
	.byte	0                               @ DW_AT_data_member_location
	.byte	8                               @ Abbrev [8] 0x238:0xd DW_TAG_member
	.long	.Linfo_string86                 @ DW_AT_name
	.long	1076                            @ DW_AT_type
	.byte	1                               @ DW_AT_decl_file
	.short	578                             @ DW_AT_decl_line
	.byte	4                               @ DW_AT_data_member_location
	.byte	8                               @ Abbrev [8] 0x245:0xd DW_TAG_member
	.long	.Linfo_string87                 @ DW_AT_name
	.long	1076                            @ DW_AT_type
	.byte	1                               @ DW_AT_decl_file
	.short	579                             @ DW_AT_decl_line
	.byte	8                               @ DW_AT_data_member_location
	.byte	8                               @ Abbrev [8] 0x252:0xd DW_TAG_member
	.long	.Linfo_string88                 @ DW_AT_name
	.long	1076                            @ DW_AT_type
	.byte	1                               @ DW_AT_decl_file
	.short	580                             @ DW_AT_decl_line
	.byte	12                              @ DW_AT_data_member_location
	.byte	8                               @ Abbrev [8] 0x25f:0xd DW_TAG_member
	.long	.Linfo_string89                 @ DW_AT_name
	.long	1081                            @ DW_AT_type
	.byte	1                               @ DW_AT_decl_file
	.short	581                             @ DW_AT_decl_line
	.byte	16                              @ DW_AT_data_member_location
	.byte	8                               @ Abbrev [8] 0x26c:0xd DW_TAG_member
	.long	.Linfo_string90                 @ DW_AT_name
	.long	1081                            @ DW_AT_type
	.byte	1                               @ DW_AT_decl_file
	.short	582                             @ DW_AT_decl_line
	.byte	20                              @ DW_AT_data_member_location
	.byte	8                               @ Abbrev [8] 0x279:0xd DW_TAG_member
	.long	.Linfo_string91                 @ DW_AT_name
	.long	1076                            @ DW_AT_type
	.byte	1                               @ DW_AT_decl_file
	.short	583                             @ DW_AT_decl_line
	.byte	24                              @ DW_AT_data_member_location
	.byte	8                               @ Abbrev [8] 0x286:0xd DW_TAG_member
	.long	.Linfo_string92                 @ DW_AT_name
	.long	1076                            @ DW_AT_type
	.byte	1                               @ DW_AT_decl_file
	.short	584                             @ DW_AT_decl_line
	.byte	28                              @ DW_AT_data_member_location
	.byte	8                               @ Abbrev [8] 0x293:0xd DW_TAG_member
	.long	.Linfo_string93                 @ DW_AT_name
	.long	1076                            @ DW_AT_type
	.byte	1                               @ DW_AT_decl_file
	.short	585                             @ DW_AT_decl_line
	.byte	32                              @ DW_AT_data_member_location
	.byte	8                               @ Abbrev [8] 0x2a0:0xd DW_TAG_member
	.long	.Linfo_string94                 @ DW_AT_name
	.long	1081                            @ DW_AT_type
	.byte	1                               @ DW_AT_decl_file
	.short	586                             @ DW_AT_decl_line
	.byte	36                              @ DW_AT_data_member_location
	.byte	8                               @ Abbrev [8] 0x2ad:0xd DW_TAG_member
	.long	.Linfo_string95                 @ DW_AT_name
	.long	1076                            @ DW_AT_type
	.byte	1                               @ DW_AT_decl_file
	.short	587                             @ DW_AT_decl_line
	.byte	40                              @ DW_AT_data_member_location
	.byte	8                               @ Abbrev [8] 0x2ba:0xd DW_TAG_member
	.long	.Linfo_string96                 @ DW_AT_name
	.long	1076                            @ DW_AT_type
	.byte	1                               @ DW_AT_decl_file
	.short	588                             @ DW_AT_decl_line
	.byte	44                              @ DW_AT_data_member_location
	.byte	8                               @ Abbrev [8] 0x2c7:0xd DW_TAG_member
	.long	.Linfo_string97                 @ DW_AT_name
	.long	1076                            @ DW_AT_type
	.byte	1                               @ DW_AT_decl_file
	.short	589                             @ DW_AT_decl_line
	.byte	48                              @ DW_AT_data_member_location
	.byte	8                               @ Abbrev [8] 0x2d4:0xd DW_TAG_member
	.long	.Linfo_string98                 @ DW_AT_name
	.long	1081                            @ DW_AT_type
	.byte	1                               @ DW_AT_decl_file
	.short	590                             @ DW_AT_decl_line
	.byte	52                              @ DW_AT_data_member_location
	.byte	8                               @ Abbrev [8] 0x2e1:0xd DW_TAG_member
	.long	.Linfo_string99                 @ DW_AT_name
	.long	1076                            @ DW_AT_type
	.byte	1                               @ DW_AT_decl_file
	.short	591                             @ DW_AT_decl_line
	.byte	56                              @ DW_AT_data_member_location
	.byte	8                               @ Abbrev [8] 0x2ee:0xd DW_TAG_member
	.long	.Linfo_string100                @ DW_AT_name
	.long	1076                            @ DW_AT_type
	.byte	1                               @ DW_AT_decl_file
	.short	592                             @ DW_AT_decl_line
	.byte	60                              @ DW_AT_data_member_location
	.byte	8                               @ Abbrev [8] 0x2fb:0xd DW_TAG_member
	.long	.Linfo_string101                @ DW_AT_name
	.long	1076                            @ DW_AT_type
	.byte	1                               @ DW_AT_decl_file
	.short	593                             @ DW_AT_decl_line
	.byte	64                              @ DW_AT_data_member_location
	.byte	8                               @ Abbrev [8] 0x308:0xd DW_TAG_member
	.long	.Linfo_string102                @ DW_AT_name
	.long	1081                            @ DW_AT_type
	.byte	1                               @ DW_AT_decl_file
	.short	594                             @ DW_AT_decl_line
	.byte	68                              @ DW_AT_data_member_location
	.byte	8                               @ Abbrev [8] 0x315:0xd DW_TAG_member
	.long	.Linfo_string103                @ DW_AT_name
	.long	1076                            @ DW_AT_type
	.byte	1                               @ DW_AT_decl_file
	.short	595                             @ DW_AT_decl_line
	.byte	72                              @ DW_AT_data_member_location
	.byte	8                               @ Abbrev [8] 0x322:0xd DW_TAG_member
	.long	.Linfo_string104                @ DW_AT_name
	.long	1076                            @ DW_AT_type
	.byte	1                               @ DW_AT_decl_file
	.short	596                             @ DW_AT_decl_line
	.byte	76                              @ DW_AT_data_member_location
	.byte	8                               @ Abbrev [8] 0x32f:0xd DW_TAG_member
	.long	.Linfo_string105                @ DW_AT_name
	.long	1076                            @ DW_AT_type
	.byte	1                               @ DW_AT_decl_file
	.short	597                             @ DW_AT_decl_line
	.byte	80                              @ DW_AT_data_member_location
	.byte	8                               @ Abbrev [8] 0x33c:0xd DW_TAG_member
	.long	.Linfo_string106                @ DW_AT_name
	.long	1081                            @ DW_AT_type
	.byte	1                               @ DW_AT_decl_file
	.short	598                             @ DW_AT_decl_line
	.byte	84                              @ DW_AT_data_member_location
	.byte	8                               @ Abbrev [8] 0x349:0xd DW_TAG_member
	.long	.Linfo_string107                @ DW_AT_name
	.long	1076                            @ DW_AT_type
	.byte	1                               @ DW_AT_decl_file
	.short	599                             @ DW_AT_decl_line
	.byte	88                              @ DW_AT_data_member_location
	.byte	8                               @ Abbrev [8] 0x356:0xd DW_TAG_member
	.long	.Linfo_string108                @ DW_AT_name
	.long	1076                            @ DW_AT_type
	.byte	1                               @ DW_AT_decl_file
	.short	600                             @ DW_AT_decl_line
	.byte	92                              @ DW_AT_data_member_location
	.byte	8                               @ Abbrev [8] 0x363:0xd DW_TAG_member
	.long	.Linfo_string109                @ DW_AT_name
	.long	1076                            @ DW_AT_type
	.byte	1                               @ DW_AT_decl_file
	.short	601                             @ DW_AT_decl_line
	.byte	96                              @ DW_AT_data_member_location
	.byte	8                               @ Abbrev [8] 0x370:0xd DW_TAG_member
	.long	.Linfo_string110                @ DW_AT_name
	.long	1081                            @ DW_AT_type
	.byte	1                               @ DW_AT_decl_file
	.short	602                             @ DW_AT_decl_line
	.byte	100                             @ DW_AT_data_member_location
	.byte	8                               @ Abbrev [8] 0x37d:0xd DW_TAG_member
	.long	.Linfo_string111                @ DW_AT_name
	.long	1076                            @ DW_AT_type
	.byte	1                               @ DW_AT_decl_file
	.short	603                             @ DW_AT_decl_line
	.byte	104                             @ DW_AT_data_member_location
	.byte	8                               @ Abbrev [8] 0x38a:0xd DW_TAG_member
	.long	.Linfo_string112                @ DW_AT_name
	.long	1076                            @ DW_AT_type
	.byte	1                               @ DW_AT_decl_file
	.short	604                             @ DW_AT_decl_line
	.byte	108                             @ DW_AT_data_member_location
	.byte	8                               @ Abbrev [8] 0x397:0xd DW_TAG_member
	.long	.Linfo_string113                @ DW_AT_name
	.long	1076                            @ DW_AT_type
	.byte	1                               @ DW_AT_decl_file
	.short	605                             @ DW_AT_decl_line
	.byte	112                             @ DW_AT_data_member_location
	.byte	8                               @ Abbrev [8] 0x3a4:0xd DW_TAG_member
	.long	.Linfo_string114                @ DW_AT_name
	.long	1081                            @ DW_AT_type
	.byte	1                               @ DW_AT_decl_file
	.short	606                             @ DW_AT_decl_line
	.byte	116                             @ DW_AT_data_member_location
	.byte	8                               @ Abbrev [8] 0x3b1:0xd DW_TAG_member
	.long	.Linfo_string115                @ DW_AT_name
	.long	1076                            @ DW_AT_type
	.byte	1                               @ DW_AT_decl_file
	.short	607                             @ DW_AT_decl_line
	.byte	120                             @ DW_AT_data_member_location
	.byte	8                               @ Abbrev [8] 0x3be:0xd DW_TAG_member
	.long	.Linfo_string116                @ DW_AT_name
	.long	1076                            @ DW_AT_type
	.byte	1                               @ DW_AT_decl_file
	.short	608                             @ DW_AT_decl_line
	.byte	124                             @ DW_AT_data_member_location
	.byte	8                               @ Abbrev [8] 0x3cb:0xd DW_TAG_member
	.long	.Linfo_string117                @ DW_AT_name
	.long	1076                            @ DW_AT_type
	.byte	1                               @ DW_AT_decl_file
	.short	609                             @ DW_AT_decl_line
	.byte	128                             @ DW_AT_data_member_location
	.byte	8                               @ Abbrev [8] 0x3d8:0xd DW_TAG_member
	.long	.Linfo_string118                @ DW_AT_name
	.long	1081                            @ DW_AT_type
	.byte	1                               @ DW_AT_decl_file
	.short	610                             @ DW_AT_decl_line
	.byte	132                             @ DW_AT_data_member_location
	.byte	8                               @ Abbrev [8] 0x3e5:0xd DW_TAG_member
	.long	.Linfo_string119                @ DW_AT_name
	.long	1076                            @ DW_AT_type
	.byte	1                               @ DW_AT_decl_file
	.short	611                             @ DW_AT_decl_line
	.byte	136                             @ DW_AT_data_member_location
	.byte	8                               @ Abbrev [8] 0x3f2:0xd DW_TAG_member
	.long	.Linfo_string120                @ DW_AT_name
	.long	1081                            @ DW_AT_type
	.byte	1                               @ DW_AT_decl_file
	.short	612                             @ DW_AT_decl_line
	.byte	140                             @ DW_AT_data_member_location
	.byte	8                               @ Abbrev [8] 0x3ff:0xd DW_TAG_member
	.long	.Linfo_string121                @ DW_AT_name
	.long	1076                            @ DW_AT_type
	.byte	1                               @ DW_AT_decl_file
	.short	613                             @ DW_AT_decl_line
	.byte	144                             @ DW_AT_data_member_location
	.byte	8                               @ Abbrev [8] 0x40c:0xd DW_TAG_member
	.long	.Linfo_string122                @ DW_AT_name
	.long	1076                            @ DW_AT_type
	.byte	1                               @ DW_AT_decl_file
	.short	614                             @ DW_AT_decl_line
	.byte	148                             @ DW_AT_data_member_location
	.byte	8                               @ Abbrev [8] 0x419:0xd DW_TAG_member
	.long	.Linfo_string123                @ DW_AT_name
	.long	1076                            @ DW_AT_type
	.byte	1                               @ DW_AT_decl_file
	.short	615                             @ DW_AT_decl_line
	.byte	152                             @ DW_AT_data_member_location
	.byte	8                               @ Abbrev [8] 0x426:0xd DW_TAG_member
	.long	.Linfo_string124                @ DW_AT_name
	.long	1076                            @ DW_AT_type
	.byte	1                               @ DW_AT_decl_file
	.short	616                             @ DW_AT_decl_line
	.byte	156                             @ DW_AT_data_member_location
	.byte	0                               @ End Of Children Mark
	.byte	9                               @ Abbrev [9] 0x434:0x5 DW_TAG_volatile_type
	.long	1081                            @ DW_AT_type
	.byte	10                              @ Abbrev [10] 0x439:0xb DW_TAG_typedef
	.long	1092                            @ DW_AT_type
	.long	.Linfo_string85                 @ DW_AT_name
	.byte	2                               @ DW_AT_decl_file
	.byte	64                              @ DW_AT_decl_line
	.byte	4                               @ Abbrev [4] 0x444:0x7 DW_TAG_base_type
	.long	.Linfo_string84                 @ DW_AT_name
	.byte	7                               @ DW_AT_encoding
	.byte	4                               @ DW_AT_byte_size
	.byte	0                               @ End Of Children Mark
.Ldebug_info_end0:
	.section	.debug_str,"MS",%progbits,1
.Linfo_string0:
	.asciz	"Component: Arm Compiler for Embedded 6.19 Tool: armclang [5e73cb00]" @ string offset=0
.Linfo_string1:
	.asciz	"CubeMX/Core/Src\\stm32g4xx_hal_msp.c" @ string offset=68
.Linfo_string2:
	.asciz	"C:\\Users\\CHALLENGER\\Documents\\KeXieData\\Project\\DigitalPower\\BootLoader" @ string offset=104
.Linfo_string3:
	.asciz	"signed char"                   @ string offset=176
.Linfo_string4:
	.asciz	"NonMaskableInt_IRQn"           @ string offset=188
.Linfo_string5:
	.asciz	"HardFault_IRQn"                @ string offset=208
.Linfo_string6:
	.asciz	"MemoryManagement_IRQn"         @ string offset=223
.Linfo_string7:
	.asciz	"BusFault_IRQn"                 @ string offset=245
.Linfo_string8:
	.asciz	"UsageFault_IRQn"               @ string offset=259
.Linfo_string9:
	.asciz	"SVCall_IRQn"                   @ string offset=275
.Linfo_string10:
	.asciz	"DebugMonitor_IRQn"             @ string offset=287
.Linfo_string11:
	.asciz	"PendSV_IRQn"                   @ string offset=305
.Linfo_string12:
	.asciz	"SysTick_IRQn"                  @ string offset=317
.Linfo_string13:
	.asciz	"WWDG_IRQn"                     @ string offset=330
.Linfo_string14:
	.asciz	"PVD_PVM_IRQn"                  @ string offset=340
.Linfo_string15:
	.asciz	"RTC_TAMP_LSECSS_IRQn"          @ string offset=353
.Linfo_string16:
	.asciz	"RTC_WKUP_IRQn"                 @ string offset=374
.Linfo_string17:
	.asciz	"FLASH_IRQn"                    @ string offset=388
.Linfo_string18:
	.asciz	"RCC_IRQn"                      @ string offset=399
.Linfo_string19:
	.asciz	"EXTI0_IRQn"                    @ string offset=408
.Linfo_string20:
	.asciz	"EXTI1_IRQn"                    @ string offset=419
.Linfo_string21:
	.asciz	"EXTI2_IRQn"                    @ string offset=430
.Linfo_string22:
	.asciz	"EXTI3_IRQn"                    @ string offset=441
.Linfo_string23:
	.asciz	"EXTI4_IRQn"                    @ string offset=452
.Linfo_string24:
	.asciz	"DMA1_Channel1_IRQn"            @ string offset=463
.Linfo_string25:
	.asciz	"DMA1_Channel2_IRQn"            @ string offset=482
.Linfo_string26:
	.asciz	"DMA1_Channel3_IRQn"            @ string offset=501
.Linfo_string27:
	.asciz	"DMA1_Channel4_IRQn"            @ string offset=520
.Linfo_string28:
	.asciz	"DMA1_Channel5_IRQn"            @ string offset=539
.Linfo_string29:
	.asciz	"DMA1_Channel6_IRQn"            @ string offset=558
.Linfo_string30:
	.asciz	"ADC1_2_IRQn"                   @ string offset=577
.Linfo_string31:
	.asciz	"USB_HP_IRQn"                   @ string offset=589
.Linfo_string32:
	.asciz	"USB_LP_IRQn"                   @ string offset=601
.Linfo_string33:
	.asciz	"FDCAN1_IT0_IRQn"               @ string offset=613
.Linfo_string34:
	.asciz	"FDCAN1_IT1_IRQn"               @ string offset=629
.Linfo_string35:
	.asciz	"EXTI9_5_IRQn"                  @ string offset=645
.Linfo_string36:
	.asciz	"TIM1_BRK_TIM15_IRQn"           @ string offset=658
.Linfo_string37:
	.asciz	"TIM1_UP_TIM16_IRQn"            @ string offset=678
.Linfo_string38:
	.asciz	"TIM1_TRG_COM_TIM17_IRQn"       @ string offset=697
.Linfo_string39:
	.asciz	"TIM1_CC_IRQn"                  @ string offset=721
.Linfo_string40:
	.asciz	"TIM2_IRQn"                     @ string offset=734
.Linfo_string41:
	.asciz	"TIM3_IRQn"                     @ string offset=744
.Linfo_string42:
	.asciz	"TIM4_IRQn"                     @ string offset=754
.Linfo_string43:
	.asciz	"I2C1_EV_IRQn"                  @ string offset=764
.Linfo_string44:
	.asciz	"I2C1_ER_IRQn"                  @ string offset=777
.Linfo_string45:
	.asciz	"I2C2_EV_IRQn"                  @ string offset=790
.Linfo_string46:
	.asciz	"I2C2_ER_IRQn"                  @ string offset=803
.Linfo_string47:
	.asciz	"SPI1_IRQn"                     @ string offset=816
.Linfo_string48:
	.asciz	"SPI2_IRQn"                     @ string offset=826
.Linfo_string49:
	.asciz	"USART1_IRQn"                   @ string offset=836
.Linfo_string50:
	.asciz	"USART2_IRQn"                   @ string offset=848
.Linfo_string51:
	.asciz	"USART3_IRQn"                   @ string offset=860
.Linfo_string52:
	.asciz	"EXTI15_10_IRQn"                @ string offset=872
.Linfo_string53:
	.asciz	"RTC_Alarm_IRQn"                @ string offset=887
.Linfo_string54:
	.asciz	"USBWakeUp_IRQn"                @ string offset=902
.Linfo_string55:
	.asciz	"TIM8_BRK_IRQn"                 @ string offset=917
.Linfo_string56:
	.asciz	"TIM8_UP_IRQn"                  @ string offset=931
.Linfo_string57:
	.asciz	"TIM8_TRG_COM_IRQn"             @ string offset=944
.Linfo_string58:
	.asciz	"TIM8_CC_IRQn"                  @ string offset=962
.Linfo_string59:
	.asciz	"LPTIM1_IRQn"                   @ string offset=975
.Linfo_string60:
	.asciz	"SPI3_IRQn"                     @ string offset=987
.Linfo_string61:
	.asciz	"UART4_IRQn"                    @ string offset=997
.Linfo_string62:
	.asciz	"TIM6_DAC_IRQn"                 @ string offset=1008
.Linfo_string63:
	.asciz	"TIM7_IRQn"                     @ string offset=1022
.Linfo_string64:
	.asciz	"DMA2_Channel1_IRQn"            @ string offset=1032
.Linfo_string65:
	.asciz	"DMA2_Channel2_IRQn"            @ string offset=1051
.Linfo_string66:
	.asciz	"DMA2_Channel3_IRQn"            @ string offset=1070
.Linfo_string67:
	.asciz	"DMA2_Channel4_IRQn"            @ string offset=1089
.Linfo_string68:
	.asciz	"DMA2_Channel5_IRQn"            @ string offset=1108
.Linfo_string69:
	.asciz	"UCPD1_IRQn"                    @ string offset=1127
.Linfo_string70:
	.asciz	"COMP1_2_3_IRQn"                @ string offset=1138
.Linfo_string71:
	.asciz	"COMP4_IRQn"                    @ string offset=1153
.Linfo_string72:
	.asciz	"CRS_IRQn"                      @ string offset=1164
.Linfo_string73:
	.asciz	"SAI1_IRQn"                     @ string offset=1173
.Linfo_string74:
	.asciz	"FPU_IRQn"                      @ string offset=1183
.Linfo_string75:
	.asciz	"RNG_IRQn"                      @ string offset=1192
.Linfo_string76:
	.asciz	"LPUART1_IRQn"                  @ string offset=1201
.Linfo_string77:
	.asciz	"I2C3_EV_IRQn"                  @ string offset=1214
.Linfo_string78:
	.asciz	"I2C3_ER_IRQn"                  @ string offset=1227
.Linfo_string79:
	.asciz	"DMAMUX_OVR_IRQn"               @ string offset=1240
.Linfo_string80:
	.asciz	"DMA2_Channel6_IRQn"            @ string offset=1256
.Linfo_string81:
	.asciz	"CORDIC_IRQn"                   @ string offset=1275
.Linfo_string82:
	.asciz	"FMAC_IRQn"                     @ string offset=1287
.Linfo_string83:
	.asciz	"CR"                            @ string offset=1297
.Linfo_string84:
	.asciz	"unsigned int"                  @ string offset=1300
.Linfo_string85:
	.asciz	"uint32_t"                      @ string offset=1313
.Linfo_string86:
	.asciz	"ICSCR"                         @ string offset=1322
.Linfo_string87:
	.asciz	"CFGR"                          @ string offset=1328
.Linfo_string88:
	.asciz	"PLLCFGR"                       @ string offset=1333
.Linfo_string89:
	.asciz	"RESERVED0"                     @ string offset=1341
.Linfo_string90:
	.asciz	"RESERVED1"                     @ string offset=1351
.Linfo_string91:
	.asciz	"CIER"                          @ string offset=1361
.Linfo_string92:
	.asciz	"CIFR"                          @ string offset=1366
.Linfo_string93:
	.asciz	"CICR"                          @ string offset=1371
.Linfo_string94:
	.asciz	"RESERVED2"                     @ string offset=1376
.Linfo_string95:
	.asciz	"AHB1RSTR"                      @ string offset=1386
.Linfo_string96:
	.asciz	"AHB2RSTR"                      @ string offset=1395
.Linfo_string97:
	.asciz	"AHB3RSTR"                      @ string offset=1404
.Linfo_string98:
	.asciz	"RESERVED3"                     @ string offset=1413
.Linfo_string99:
	.asciz	"APB1RSTR1"                     @ string offset=1423
.Linfo_string100:
	.asciz	"APB1RSTR2"                     @ string offset=1433
.Linfo_string101:
	.asciz	"APB2RSTR"                      @ string offset=1443
.Linfo_string102:
	.asciz	"RESERVED4"                     @ string offset=1452
.Linfo_string103:
	.asciz	"AHB1ENR"                       @ string offset=1462
.Linfo_string104:
	.asciz	"AHB2ENR"                       @ string offset=1470
.Linfo_string105:
	.asciz	"AHB3ENR"                       @ string offset=1478
.Linfo_string106:
	.asciz	"RESERVED5"                     @ string offset=1486
.Linfo_string107:
	.asciz	"APB1ENR1"                      @ string offset=1496
.Linfo_string108:
	.asciz	"APB1ENR2"                      @ string offset=1505
.Linfo_string109:
	.asciz	"APB2ENR"                       @ string offset=1514
.Linfo_string110:
	.asciz	"RESERVED6"                     @ string offset=1522
.Linfo_string111:
	.asciz	"AHB1SMENR"                     @ string offset=1532
.Linfo_string112:
	.asciz	"AHB2SMENR"                     @ string offset=1542
.Linfo_string113:
	.asciz	"AHB3SMENR"                     @ string offset=1552
.Linfo_string114:
	.asciz	"RESERVED7"                     @ string offset=1562
.Linfo_string115:
	.asciz	"APB1SMENR1"                    @ string offset=1572
.Linfo_string116:
	.asciz	"APB1SMENR2"                    @ string offset=1583
.Linfo_string117:
	.asciz	"APB2SMENR"                     @ string offset=1594
.Linfo_string118:
	.asciz	"RESERVED8"                     @ string offset=1604
.Linfo_string119:
	.asciz	"CCIPR"                         @ string offset=1614
.Linfo_string120:
	.asciz	"RESERVED9"                     @ string offset=1620
.Linfo_string121:
	.asciz	"BDCR"                          @ string offset=1630
.Linfo_string122:
	.asciz	"CSR"                           @ string offset=1635
.Linfo_string123:
	.asciz	"CRRCR"                         @ string offset=1639
.Linfo_string124:
	.asciz	"CCIPR2"                        @ string offset=1645
.Linfo_string125:
	.asciz	"RCC_TypeDef"                   @ string offset=1652
	.ident	"Component: Arm Compiler for Embedded 6.19 Tool: armclang [5e73cb00]"
	.section	".note.GNU-stack","",%progbits
	.ARM_attribute	16, 1	@ Tag_AV_eba
	.section	.debug_line,"",%progbits
.Lline_table_start0:
