	.text
	.syntax unified
	.eabi_attribute	67, "2.09"	@ Tag_conformance
	.cpu	cortex-m4
	.eabi_attribute	6, 13	@ Tag_CPU_arch
	.eabi_attribute	7, 77	@ Tag_CPU_arch_profile
	.eabi_attribute	8, 0	@ Tag_ARM_ISA_use
	.eabi_attribute	9, 2	@ Tag_THUMB_ISA_use
	.fpu	fpv4-sp-d16
	.eabi_attribute	27, 1	@ Tag_ABI_HardFP_use
	.eabi_attribute	36, 1	@ Tag_FP_HP_extension
	.eabi_attribute	34, 1	@ Tag_CPU_unaligned_access
	.eabi_attribute	17, 1	@ Tag_ABI_PCS_GOT_use
	.eabi_attribute	20, 2	@ Tag_ABI_FP_denormal
	.eabi_attribute	21, 0	@ Tag_ABI_FP_exceptions
	.eabi_attribute	23, 1	@ Tag_ABI_FP_number_model
	.eabi_attribute	24, 1	@ Tag_ABI_align_needed
	.eabi_attribute	25, 1	@ Tag_ABI_align_preserved
	.eabi_attribute	28, 1	@ Tag_ABI_VFP_args
	.eabi_attribute	38, 1	@ Tag_ABI_FP_16bit_format
	.eabi_attribute	18, 2	@ Tag_ABI_PCS_wchar_t
	.eabi_attribute	26, 1	@ Tag_ABI_enum_size
	.eabi_attribute	14, 0	@ Tag_ABI_PCS_R9_use
	.file	"stm32g4xx_ll_opamp.c"
	.file	1 "C:\\Users\\CHALLENGER\\Documents\\KeXieData\\Project\\DigitalPower\\BootLoader" "./CubeMX/Drivers/CMSIS/Device/ST/STM32G4xx/Include\\stm32g4xx.h"
	.type	.Lllvm.embedded.module,%object  @ @llvm.embedded.module
	.section	.llvmbc,"",%progbits
	.p2align	4, 0x0
.Lllvm.embedded.module:
	.asciz	"BC\300\3365\024\000\000\005\000\000\000b\f0$MY\276f\255\373\264O\033\310$D\0012\005\000!\f\000\000\246\006\000\000\013\002!\000\002\000\000\000\026\000\000\000\007\201#\221A\310\004I\006\02029\222\001\204\f%\005\b\031\036\004\213b\200\020E\002B\222\013B\204\0202\0248\b\030K\n2B\210Hp\304!#D\022\207\214\020A\222\002d\310\b\261\024 CF\210 \311\0012B\204\030*(*\2201|\260\\\221 \304\310\000\000\000\211 \000\000\034\000\000\0002\"\b\t bF\000!+$\230\020!%$\230\020\031'\f\205\244\220`Bd\\ $d\202\340\2519\002\304\b\001f\b\200\021\000#\020\f\004\030\202\314l\216\000\f\346\b@a\216 \230\002\320\002DJ\232\"J\230|4\325\314\364o\261\207\350\210\"\r\310\210\2334E\2240\371e\371\243\251f\246\277\330 S\213=DG\024\211@D\004\000\000Q\030\000\000\323\001\000\000\033\314)\370\377\377\377\377\001h\003\300\017\0008\000$\202\034\312\301\035\336A\036\332!\034\330\241\r\314\001\036\332\240\035\302\201\036\320\001\200\007y(\207y(\007y\260\207rh\203yH\207sp\0076\200\007y(\207y(\007y\260\207rh\203yH\207sp\007\2000\007y\b\207v(\2076\200\207wH\007w\240\207r\220\007\300\035\336\301\035\312\001 \332!\035\334\241\r\330\241\034\316!\034\330\241\r\354\241\034\306\201\036\336A\036\332\340\036\322\201\034\350\001\035\0008\000\bwx\2076H\007w0\207yh\003s\200\2076h\207p\240\007t\000\350A\036\352\241\034\000\302\035\336\241\r\334!\034\334a\036\332\300\034\340\241\r\332!\034\350\001\035\000z\220\207z(\007\200p\207wh\203yH\207sp\207r \2076\320\207r\220\207w\230\20760\007xh\203v\b\007z@\007\200\036\344\241\036\312\001 \346\201\036\302a\034\326\241\r\340A\036\336\201\036\312a\034\350\341\035\344\241\r\304\241\036\314\301\034\312A\036\332`\036\322A\037\312\001\300\003\200\240\207p\220\207s(\007zh\203q\200\207z\000\306\341\035\344\201\036\312\001\037\332\240\035\350\000 \350!\034\344\341\034\312\201\036\332\300\034\312!\034\350\241\036\344\241\034\346\001X\203p\220\207v\260\207;(\2076h\0076X\003r\230\007x`\20350\007x\210\003;`\2035@\207{ \207t\260\0076X\003z@\207zh\007qh\203vx\007r(\0076X\003{0\007x\220\203y\200\0076X\003{0\007x\230\003r\210\003;\230\007x`\2035\260\007s\200\007: \2078\260\203y\200\0076h\203p(\207y`\2036\020\007s\210\003;`\2036\030\007r(\207q\200\0078`\2036\030\007r(\207q\200\2078`\2036\030\007r(\207q\200\0079`\2036\030\007r(\207q\200\2079`\2036\030\007r(\207q\200\007:`\2036\030\007r(\207q\200\207:`\2036\030\007r(\207q\200\007;`\2036\030\007r(\207q\200\207;`\2036\030\007y\030\0076h\203q\220\207|\200\007zx\0076h\003r\230\0039`\2036 \207w\240\007x\220\207w \0076h\003s\030\207r`\20360\007xh\203p\220\207v\260\007<`\20360\007xh\203p\220\207v\260\007< \2078\260\0036h\003s\200\2076\b\007yh\007{\300\003r\210\003;\230\007x`\20360\007xh\203p\220\207v\260\007<\230\007x`\20360\007x\210\003;0\207v`\0076h\003s\200\007;\240\0036h\003s\250\007v`\007s\200\2078\260\0036h\003t\270\007rH\007{h\203p\220\207v`\2036H\007<h\207v`\2036`\207w\020\0076h\203v\260\207r`\2036h\007{(\00770\007x`\2036p\207rx\007w`\2036\200\207p\030\007q\240\207t`\2036\220\207p\230\0076h\203y\020\0076h\203y@\207p\220\0036h\003{0\007x\220\0036h\003{0\007x\230\0036h\003{0\007x\230\003r\210\003;`\2036\260\007s\200\2079\230\007x`\2036\260\007s\200\007:`\2036\260\007s\200\007: \2078\260\0036h\003{0\007x\240\203y\200\007`\003!\000\200\030l \206\000 \205\r\b!\000\013@\n@\265\301\235\212\377\377\377\377\037\2006\000L\001\360\003\000\016\200?\000$\240\017\000: \310\241\034\334\341\035\344\241\035\302\201\035\332\300\034\340\241\r\332!\034\350\001\035\000x\220\207r\230\207r\220\007{(\2076\230\207t8\007w`\003x\220\207r\230\207r\220\007{(\2076\230\207t8\007w\000\bs\220\207ph\207rh\003xx\207tp\007z(\007y\000\334\341\035\334\241\034\000\242\035\322\301\035\332\200\035\312\341\034\302\201\035\332\300\036\312a\034\350\341\035\344\241\r\356!\035\310\201\036\320\001\200\003\200p\207wh\203tp\007s\230\20760\007xh\203v\b\007z@\007\200\036\344\241\036\312\001 \334\341\035\332\300\035\302\301\035\346\241\r\314\001\036\332\240\035\302\201\036\320\001\240\007y\250\207r\000\bwx\2076\230\207t8\007w(\007rh\003}(\007yx\207yh\003s\200\2076h\207p\240\007t\000\350A\036\352\241\034\000b\036\350!\034\306a\035\332\000\036\344\341\035\350\241\034\306\201\036\336A\036\332@\034\352\301\034\314\241\034\344\241\r\346!\035\364\241\034\000<\000\bz\b\007y8\207r\240\2076\030\007x\250\007`\034\336A\036\350\241\034\360\241\r\332\201\016\000\202\036\302A\036\316\241\034\350\241\r\314\241\034\302\201\036\352A\036\312a\036\2005\b\007yh\007{\270\203rh\203v`\2035 \207y\200\0076X\003s\200\2078\260\0036X\003t\270\007rH\007{`\2035\240\007t\250\207v\020\2076h\207w \207r`\2035\260\007s\200\0079\230\007x`\2035\260\007s\200\2079 \2078\260\203y\200\0076X\003{0\007x\240\003r\210\003;\230\007x`\2036\b\207r\230\0076h\003q0\2078\260\0036h\203q \207r\030\007x\200\0036h\203q \207r\030\007x\210\0036h\203q \207r\030\007x\220\0036h\203q \207r\030\007x\230\0036h\203q \207r\030\007x\240\0036h\203q \207r\030\007x\250\0036h\203q \207r\030\007x\260\0036h\203q \207r\030\007x\270\0036h\203q\220\207q`\2036\030\007y\310\007x\240\207w`\2036 \2079\220\0036h\003rx\007z\200\007yx\007r`\20360\207q(\0076h\003s\200\2076\b\007yh\007{\300\0036h\003s\200\2076\b\007yh\007{\300\003r\210\003;`\20360\007xh\203p\220\207v\260\007< \2078\260\203y\200\0076h\003s\200\2076\b\007yh\007{\300\203y\200\0076h\003s\200\2078\260\003sh\007v`\20360\007x\260\003:`\20360\207z`\007v0\007x\210\003;`\2036@\207{ \207t\260\2076\b\007yh\0076h\203t\300\203vh\0076h\003vx\007q`\2036h\007{(\0076h\203v\260\207rp\003s\200\0076h\003w(\207wp\0076h\003x\b\207q\020\007zH\0076h\003y\b\207y`\2036\230\007q`\2036\230\007t\b\0079`\2036\260\007s\200\0079`\2036\260\007s\200\2079`\2036\260\007s\200\2079 \2078\260\0036h\003{0\007x\230\203y\200\0076h\003{0\007x\240\0036h\003{0\007x\240\003r\210\003;`\2036\260\007s\200\007:\230\007x\0006 F\000,\000)\000t\260\001:\376\377\377\377\177\000N\001\360\003\340\017\000\t\240\200:\000\372\000\000\000I\030\000\000\004\000\000\000\023\206@\030&\020\2010\020\023\204\302\230\020\034\000\0232z@\207zh\007q\260\207;(\207vh\203p\220\207vh\003wx\007w(\2076(\207p\020\207t@\007s\3300\007\345\320\006\355\240\007\345\320\006\360\240\007s \007z0\007r\320\006\246\220\016x\320\006\351`\007t\240\007v@\007m`\017q \007x\240\007v@\007z\020\007r\200\007m\020\016z\000\007z0\007r\320\006\3560\007r\320\006\263`\007t\240\021\302\344\220\017\206uq\271\211}\021\345i{Y>\177M\251\315\231\354H\303\343\277\310 \363K\224\247\355e\371k*\037\277\346\364\366Lv\246\341\361_6\373\373\206\207\333p\327xH\005<\002\000\000\001\000\004\200\000\000\000\000\004\300\003\f\251\236f\000\000@\000\200\000\020\000\000\000\200\000x\200!\0257\025\000\000\f\000\020\000\002\000\000\000\020\000\0170\244z\003\347\000\002\200\000\000\000\000\000\000\000\000\000x\000\211\r\002ES\r\000\000\262@\000\000\n\000\000\0002\036\230\024\031\021L\220\214\t&G\306\004C\212\021\000\302r(\204\"(\203\022\030\001\240,\205\021\200B(\230\202(\f\000\261\030\000\000\265\000\000\0003\b\200\034\304\341\034f\024\001=\210C8\204\303\214B\200\007yx\007s\230q\f\346\000\017\355\020\016\364\200\0163\fB\036\302\301\035\316\241\034f0\005=\210C8\204\203\033\314\003=\310C=\214\003=\314x\214tp\007{\b\007yH\207pp\007zp\003vx\207p \207\031\314\021\016\354\220\016\3410\017n0\017\343\360\016\360P\0163\020\304\035\336!\034\330!\035\302a\036f0\211;\274\203;\320C9\264\003<\274\203<\204\003;\314\360\024v`\007{h\0077h\207rh\0077\200\207p\220\207p`\007v(\007v\370\005vx\207w\200\207_\b\207q\030\207r\230\207y\230\201,\356\360\016\356\340\016\365\300\016\3540\003b\310\241\034\344\241\034\314\241\034\344\241\034\334a\034\312!\034\304\201\035\312a\006\326\220C9\310C9\230C9\310C9\270\3038\224C8\210\003;\224\303/\274\203<\374\202;\324\003;\260\303\f\307i\207pX\207rp\203th\007x`\207t\030\207t\240\207\031\316S\017\356\000\017\362P\016\344\220\016\343@\017\341 \016\354P\0163 (\035\334\301\036\302A\036\322!\034\334\201\036\334\340\034\344\341\035\352\001\036f\030Q8\260C:\234\203;\314P$v`\007{h\0077`\207wx\007x\230QL\364\220\017\360P\0163\036j\036\312a\034\350!\035\336\301\035~\001\036\344\241\034\314!\035\360a\006T\205\2038\314\303;\260C=\320C9\374\302<\344C;\210\303;\260\303\214\305\n\207y\230\207w\030\207t\b\007z(\007r\230\201\\\343\020\016\354\300\016\345P\016\3630#\301\322A\036\344\341\027\330\341\035\336\001\036fH\031;\260\203=\264\203\033\204\3038\214C9\314\303<\270\3019\310\303;\324\003<\314H\264q\b\007v`\007q\b\207qX\207\031\333\306\016\354`\017\355\340\006\360 \017\3450\017\345 \017\366P\016n\020\016\3430\016\3450\017\363\340\006\351\340\016\344P\016\3700#\342\354a\034\302\201\035\330\341\027\354!\035\346!\035\304!\035\330!\035\350!\037f \235;\274C=\270\0039\224\2039\314X\274pp\007wx\007z\b\007zH\207wp\207\031\313\347\016\3570\017\341\340\016\351@\017\351\240\017\3450\303\001\003s\250\007w\030\207_\230\207pp\207t\240\207t\320\207r\230\201\204A9\340\3038\260C=\220C9\314@\304\240\035\312\241\035\340A\036\336\301\034f$c0\016\341\300\016\3540\017\351@\017\3450C!\203u\030\007sH\207_\240\207|\200\207r\230\261\224\001<\214\303<\224\3038\320C:\274\203;\314\003\000\000\000y \000\000\261\001\000\000r\036H C\210\f\031\tr2H #\201\214\221\221\321D\240\020(d<12B\216\220!\243x\006d\000o\000\000\000|p\n\243\340\007\315Q4\222\322H\322D\360\301\002\n\315\360\006\b\203\020\206\341\007\0210<\021\2258\221\003\001CubeMX/Drivers/STM32G4xx_HAL_Driver/Src\\stm32g4xx_ll_opamp.cC:\\Users\\CHALLENGER\\Documents\\KeXieData\\Project\\DigitalPower\\BootLoaderComponent: Arm Compiler for Embedded 6.19 Tool: armclang [5e73cb00]./CubeMX/Drivers/CMSIS/Device/ST/STM32G4xx/Include\\stm32g4xx.hunsigned charSUCCESSERRORDwarf VersionDebug Info Versionwchar_sizestatic_rwdataenumsize_buildattrarmlib_unavailablearmcompiler-version6.19CubeMX/Drivers/STM32G4xx_HAL_Driver/Src/stm32g4xx_ll_opamp.cErrorStatus./CubeMX/Drivers/CMSIS/Device/ST/STM32G4xx/Include/stm32g431xx.hOPAMP_TypeDefCSRC:\\Keil_v5\\ARM\\ARMCLANG\\Bin\\..\\include\\stdint.huint32_tunsigned intRESERVEDTCMROPAMPxstatus./CubeMX/Drivers/STM32G4xx_HAL_Driver/Inc\\stm32g4xx_ll_opamp.hLL_OPAMP_IsLockedintomnipotent charSimple C/C++ TBAALL_OPAMP_InitTypeDefPowerModeFunctionalModeInputNonInvertingInputInvertingOPAMP_InitStruct\246@\001\000\000\000\000\0000\202\200\024#\b\2101\202\200\034#\b\b2\202\200$#\b\2102\202\220,#\b\0011\202\2200#\bI3\202\2208#\b\3113\202\220@CY\001\223\007C\000\000@\000\n\000\000\000\000\000\000\002\000\000#Y\303\004\254\302\f\001\000x\000\000\200\013\000\000\000\000\000\000\0000\025u\350B\007\350\202\337\365\302\337\001\034\000\242 \bBu\000\000\276\000\000\0000\2225L\200.\370\002\000\200\004\000\000\352\000\000\000\000\000\000\000\000\003\025@ \000\300@\005@\b\0000\317\001\220A\201\000\b0\016A\200\201\001\214C\020`p\b3\b|\320\007#Y\002\001\350\201M\000{\200\000\000\340\007\000\000\000\000\000\000\0000C\360\0073\fh\200\244\301\f\203\032$k0\303\300\006\212\032\3140\260\301\302\0063\fl\300\260\301\f\003\0334m0\303\300\006\3163C0\fT\000\220\000\000\0239\200\025\351\201N\000\177\000\000\000\000\000\300@\005 \t\0000\221\003X\323*\340\020`\007\000\000\000\000\000L\344\000\017\000\000\000+\200\001\000\000\000\000\fT\000\025\000\000\363\034\000\031\\`\000\034\300D\016`Y\256\000\n\300+\000\000\000\000\0000\221\003\324\001\000\000\000,\000\000\000\000\0000\221\0034\324*\324\220\035\304\002\030\000\000\000\000\3004\005\341\006\000\000\314\020\314\302H\226\020\000\000\000\304\002X\000\000@\013\000\000\000\000\000\000\0000\221\0034\330*\330\220\035\324\002X\000`\000\000\0000\221\0034\331*\334\220\035\304\002\030\000\240\001\000\0000\303 \013\266p\013\323\005\306@\005\300\t\0000\234\"\334\201\246\013~\327\n\001\000\0003\b\260\320\n3\021\002\300\013\300\f\301.\314\020\204\301\f\003\030\374\002\034\3140|\340\000\0073\034^8\300\0018\304A8\310\301\f\2038\204\003\034L\344\000\226\030\350\302=\000x\000\000\000\000\000\300D\016\360\000\000\000\220\003\030\000\000\000\000\300D\016\320\214\201.\200\003\036\300\002\030\000\000\000\000\300D\016\320\220\201.\230\003\036\300\002\030\000`\000\000\0000\221\0034e\240\013\354\200\007\260\000\006\000(\000\000\000L\344\000\215\031\350B<\340\001,\200\001\000\016\000\000\0003\020\346p\016\350\220\0163$^8\300A8\304A8\314A8\320\301\f\303:\204C\034\3140\254C8\300\301\f\303:\204\303\034\3140\254C8\320\301\241\002\300q\034\307q\034\307q\034\307\201\005[\300\006[\270\201\033\200\202\033\270\001\032\260\005\347\006n\340\006n\340\006n\200\006\226\033\330\203\033\330\003<\270\201)\330\003<\210\004\035pf\201\022(A\007\226\033\220\003\032\270\001\307\321\201\033\370\002\035\360\003<\240\204K\270\204K\200\202=\320\001\035\320\201\214\004&(\02766\2736\0272\2613\227\261\272Q\002:\310\210\215\315\256\315\245\355\215\254\216\255\314\305\214-\354ln\224\003\024BA\024F\201\024J\301\024Rac\263ksI#+s\243\033%8\005\000\000\251\030\000\000/\000\000\000\013\nr(\207w\200\007zXp\230C=\270\3038\260C9\320\303\202\346\034\306\241\r\350A\036\302\301\035\346!\035\350!\035\336\301\035\026(\342P\016\346\360\016\362P\016\351\340\016\363@\017\013\222p0\007z(\007yH\007w\230\007zX\320\214\2039\234C=\204\203<\220\003=\204\203<\234C9\320\303\002\006\036\344\241\034\302\201\035\330\341\035\306!\034\350\241\034\310a\301q\016\343\320\006\354\220\016\366P\016\013\254q`\207pp\207sp\203p\220\207qp\203p\240\007z\b\207q@\207r \207q\b\007v`\207\005\007<\320\203<\204C=\320\003:, \326a\034\314!\035\000\000\000\000\321\020\000\000\006\000\000\000\007\314<\244\203;\234\003;\224\003=\240\203<\224C8\220\303\001\000\000\000a \000\000\257\000\000\000\023\004F,\020\000\000\000\003\000\000\000\024%@X\003\025\b\b\b\b\001\000\3610\000\000=\000\000\000\"G\310\220Q\n\004\033\000\000\000\000O\006\000\000LL_OPAMP_DeInitLL_OPAMP_IsTimerMuxLocked\253\250#\025\340\001H\205t\340\007u\0000\000DA\020\204\352\000\000\376\001\000\000`V\021\310C*\310\303\241\363@\002\031Bd\310Hhy8\220\007\300\254\"\230\207T\230\207a\025u\350B<\000\272\220{\275\240{\000\007\200(\b\202P\035\000@H\000\000\000\314*\002yH\205\1778\372\037\016\354\0010\253\b\356!\025@b\230U\004\367\220\n#\301l\020T\241\0256\021\002\260\017\3008E\220\007-\025\322\241\025\002\000\000\306)\202<l\251\260\016\252\000\000\000\260A\350\007\177\030\247\b\366\240\351B\356\265B\000\000\300\206\000$6\f\342\020\016r0A\000\242\tBpM\020\002\017\000\000\000#\006\007\000\202`pH3\377\377\377?\344\374\377\377\377\320\367\377\377\377\303\214A\001\000\362\000\000#\006\007\000\202`pH\347\377\377\377?\340\374\377\377\377\320\367\377\377\377\303\204\0010bp\000 \b\006\2074\363\377\377\377\303\336\377\377\377\017}\377\377\377?\314\030\024\000p\007\364\000\020\201s\306\240\000=\346\016\350\001\030n\b\0063\2301(\344!\f\346\001\000f\031\002!\2301(\344\341\220\007\000\0306 \214f\bf\f\nz(\352\001\000f\t\204\031\203\242\036\206z\000\200\201\212\300\f\002\005\2301(\000@\036\000`\304\340\000@\020\f\216\252\346\377\377\377\207\235\377\377\377\037@\377\377\377\177\2300\000F\f\016\000\004\301\340\250l\376\377\377\177\310\371\377\377\377\001\364\377\377\377\207\031\203\002\000\354\001\037\200\336\303\341D3\006\305\3561\366\200\017\000\0058'\f\200\341\206\3400\203\031\203\342\037\322\340\036\000`\226a \202\031\203\342\037\016y\000\200a\003b\210\206`\306\240\b\211\"\037\000`\226\240\2301(Db\310\007\000\240\001\347\214A1\022\214>\000\300pC\200\200\301\214A1\022k\240\017\0000\335`,\301\214A1\022\314=\000\300,A1a\000\fT\004\316 \0203\006\005\000\310\003\000\214\030\034\000\b\202\301\301\355\374\377\377\377 \366\377\377\377\303\351\377\377\377\017\023\006\300\0063\006\205K\f\362\000\000\0011\b\000\000\000[\004 \036\266\fC \016[\006#\020\207-\003\023\204\304\226\341\tBb\313\020\005!\001\000\000\000\000\000\000\000a \000\000\241\000\000\000\023\004F,\020\000\000\000\003\000\000\000\024%@X\003\005\034P\333\2430\000\3610\000\000.\000\000\000\"G\310\220Q\006D\004\r\000\000\000LL_OPAMP_Init\000\000\000\253\250#\025\340\001H\205\236\320\007\237\0000\000DA\020\204\352\000\000\374\001\000\000`V\021\304C*\310\305\241\363@\002\031Bd\310Hh\2718\210\007\300\254\"\210\207TX\213cV\021\310C*\314\3050\253\b\352!\025\364\"\231U\004\366\220\n{Q\314*\002{H\005\325(6\f\252\320\n\345\260\211\020\200|\000\306)B<h\251\320\023\255\020\000\0000N\021\342\341\fR\241'\312A\000\000`\234\"\304\303\226\n?\241\n\000\000\000\033\206}\340\207~\230 \000\321\004\001\220&\bA\032\000#\006\007\000\202`pP9\377\377\377?\364\374\377\377\377\360\367\377\377\377\303\214A\001\000\361\000\000#\006\007\000\202`pP8\377\377\377?\360\374\377\377\377\360\367\377\377\377\303\204\0010bp\000 \b\006\007\225\376\377\377\377\303\316\377\377\377\017\177\377\377\377?L\030\000#\006\007\000\202`pP9\377\377\377?\364\375\377\377\377\360\367\377\377\377\303\214A\001\000w0\017\000\0318g\f\n\320c\356`\036\200\341\206\2000\203\031\203B.\302@\036\000`\226!(\202\031\203B.\216x\000\200\356\303\361@3\006\305Zd\364\000\000\024\340\2301(\364b\263\007\000\030n\b\f0\2301(\364B\r\354\001\000h\3019cP\000\200=\000\300\005\207N\030\000\304\340\2300\000\272\017M\205M\030\000\024\340\2300\000f\031\006\301\2301(\364\"\251\007\000\350><W6cP\360\305q\017\000@\001\216\t\003\340\214`'\f\200\013\214\2350\000f\t\210\031\203\0025\212{\000\200;\220\2351(V\343\300\007\000\230% \006*\020a \204\013\216\2351(\000\300\036\000\340\002g'\f\200a\003\002\013\206`\302\000\230%(f\f\n\337\030\342\001\000\006*\0026\000T\201\2301(\000 \036\000`\304\340\000@\020\f\2163P\373\377\377\377\301\355\377\377\377\007\331\377\377\377\037&\f\200\rf\f\n\337\030\342\001\000\002b\000\000\n\000\000\000[\004\000\036\266\fD \016[\006$X\207-\203\022\210\303\226\201\t\330a\313\340\004\355\260e\210\002w\3302h\2018\000\000\000\000\000\000a \000\000H\000\000\000\023\004A,\020\000\000\000\002\000\000\000\204\005\034P\200\001\000\000\3610\000\000\027\000\000\000\"G\310\220Q\006\304\005\023\000\000\000LL_OPAMP_StructInit\000\253\250#\025\340\001H\205\363\230\007\364\0000\000DA\020\204\352\000\000\352\001\000\000`\203\000\224\303&B\000\344\001\030\247\b\361p\006\251p\036\345\020\000\000\260!\240\207\t\002\020\001\000\000\000#\006\007\000\202`pD?\377\377\377?\204\375\377\377\377\300\367\377\377\377\303\214A\001\000\361\000\000\303\006\304\240\f\300\214A\241\036g\020\017\000\320}\030\224e\306\240X\217*\036\000`\330\200\b\206\001\2301(\326\343\f\342\001\000\272\017\304\342\314\030\024\354Q\305\003\000\f\033\020\0013\0003\006\005{\234A<\000@\367\241`\234\031\203\342=\252x\000\200a\003\" \006`\306\240x\2173\210\007\000\320\031\203\002>\202x\000\200\200\030\006\000\000\000[\004\000\036\266\fA\300\016[\206!X\207-C\021\264\303\226\341\b\334\001\000\000\000\000q \000\000\004\000\000\0002\016\020\"\204\000\213\n\030\300\273\200\002\337\f\000\000\000\000\000e\f\000\0001\000\000\000\022\003\224x\001\000\000\000\003\000\000\000=\000\000\000\t\000\000\000L\000\000\000\001\000\000\000X\000\000\000\000\000\000\000X\000\000\000\004\000\000\000\270\000\000\000\000\000\000\000F\000\000\000\031\000\000\000_\000\000\000<\000\000\000\017\000\000\000\000\000\000\000\270\000\000\000\000\000\000\000\000\000\000\000\004\000\000\000\000\000\000\000\000\000\000\000\017\000\000\000\000\000\000\000\017\000\000\000\377\377\377\377\001$\000\000\017\000\000\000\r\000\000\000\017\000\000\000\r\000\000\000\377\377\377\377\001$\000\000\034\000\000\000\023\000\000\000\034\000\000\000\023\000\000\000\377\377\377\377\001$\000\000/\000\000\000\016\000\000\000/\000\000\000\016\000\000\000\377\377\377\377\b,\000\000\000\000\000\000]\f\000\000*\000\000\000\022\003\224;\001\000\000\000LL_OPAMP_DeInitLL_OPAMP_InitLL_OPAMP_StructInitllvm.dbg.value16.0.0gitthumbv7em-arm-none-eabihfCubeMX/Drivers/STM32G4xx_HAL_Driver/Src/stm32g4xx_ll_opamp.c\000\000\000\000"
	.size	.Lllvm.embedded.module, 7228

	.section	.debug_abbrev,"",%progbits
	.byte	1                               @ Abbreviation Code
	.byte	17                              @ DW_TAG_compile_unit
	.byte	1                               @ DW_CHILDREN_yes
	.byte	37                              @ DW_AT_producer
	.byte	14                              @ DW_FORM_strp
	.byte	19                              @ DW_AT_language
	.byte	5                               @ DW_FORM_data2
	.byte	3                               @ DW_AT_name
	.byte	14                              @ DW_FORM_strp
	.byte	16                              @ DW_AT_stmt_list
	.byte	23                              @ DW_FORM_sec_offset
	.byte	27                              @ DW_AT_comp_dir
	.byte	14                              @ DW_FORM_strp
	.byte	0                               @ EOM(1)
	.byte	0                               @ EOM(2)
	.byte	2                               @ Abbreviation Code
	.byte	4                               @ DW_TAG_enumeration_type
	.byte	1                               @ DW_CHILDREN_yes
	.byte	73                              @ DW_AT_type
	.byte	19                              @ DW_FORM_ref4
	.byte	11                              @ DW_AT_byte_size
	.byte	11                              @ DW_FORM_data1
	.byte	58                              @ DW_AT_decl_file
	.byte	11                              @ DW_FORM_data1
	.byte	59                              @ DW_AT_decl_line
	.byte	11                              @ DW_FORM_data1
	.byte	0                               @ EOM(1)
	.byte	0                               @ EOM(2)
	.byte	3                               @ Abbreviation Code
	.byte	40                              @ DW_TAG_enumerator
	.byte	0                               @ DW_CHILDREN_no
	.byte	3                               @ DW_AT_name
	.byte	14                              @ DW_FORM_strp
	.byte	28                              @ DW_AT_const_value
	.byte	15                              @ DW_FORM_udata
	.byte	0                               @ EOM(1)
	.byte	0                               @ EOM(2)
	.byte	4                               @ Abbreviation Code
	.byte	36                              @ DW_TAG_base_type
	.byte	0                               @ DW_CHILDREN_no
	.byte	3                               @ DW_AT_name
	.byte	14                              @ DW_FORM_strp
	.byte	62                              @ DW_AT_encoding
	.byte	11                              @ DW_FORM_data1
	.byte	11                              @ DW_AT_byte_size
	.byte	11                              @ DW_FORM_data1
	.byte	0                               @ EOM(1)
	.byte	0                               @ EOM(2)
	.byte	0                               @ EOM(3)
	.section	.debug_info,"",%progbits
.Lcu_begin0:
	.long	.Ldebug_info_end0-.Ldebug_info_start0 @ Length of Unit
.Ldebug_info_start0:
	.short	4                               @ DWARF version number
	.long	.debug_abbrev                   @ Offset Into Abbrev. Section
	.byte	4                               @ Address Size (in bytes)
	.byte	1                               @ Abbrev [1] 0xb:0x30 DW_TAG_compile_unit
	.long	.Linfo_string0                  @ DW_AT_producer
	.short	12                              @ DW_AT_language
	.long	.Linfo_string1                  @ DW_AT_name
	.long	.Lline_table_start0             @ DW_AT_stmt_list
	.long	.Linfo_string2                  @ DW_AT_comp_dir
	.byte	2                               @ Abbrev [2] 0x1e:0x15 DW_TAG_enumeration_type
	.long	51                              @ DW_AT_type
	.byte	1                               @ DW_AT_byte_size
	.byte	1                               @ DW_AT_decl_file
	.byte	150                             @ DW_AT_decl_line
	.byte	3                               @ Abbrev [3] 0x26:0x6 DW_TAG_enumerator
	.long	.Linfo_string4                  @ DW_AT_name
	.byte	0                               @ DW_AT_const_value
	.byte	3                               @ Abbrev [3] 0x2c:0x6 DW_TAG_enumerator
	.long	.Linfo_string5                  @ DW_AT_name
	.byte	1                               @ DW_AT_const_value
	.byte	0                               @ End Of Children Mark
	.byte	4                               @ Abbrev [4] 0x33:0x7 DW_TAG_base_type
	.long	.Linfo_string3                  @ DW_AT_name
	.byte	8                               @ DW_AT_encoding
	.byte	1                               @ DW_AT_byte_size
	.byte	0                               @ End Of Children Mark
.Ldebug_info_end0:
	.section	.debug_str,"MS",%progbits,1
.Linfo_string0:
	.asciz	"Component: Arm Compiler for Embedded 6.19 Tool: armclang [5e73cb00]" @ string offset=0
.Linfo_string1:
	.asciz	"CubeMX/Drivers/STM32G4xx_HAL_Driver/Src\\stm32g4xx_ll_opamp.c" @ string offset=68
.Linfo_string2:
	.asciz	"C:\\Users\\CHALLENGER\\Documents\\KeXieData\\Project\\DigitalPower\\BootLoader" @ string offset=129
.Linfo_string3:
	.asciz	"unsigned char"                 @ string offset=201
.Linfo_string4:
	.asciz	"SUCCESS"                       @ string offset=215
.Linfo_string5:
	.asciz	"ERROR"                         @ string offset=223
	.ident	"Component: Arm Compiler for Embedded 6.19 Tool: armclang [5e73cb00]"
	.section	".note.GNU-stack","",%progbits
	.ARM_attribute	16, 1	@ Tag_AV_eba
	.section	.debug_line,"",%progbits
.Lline_table_start0:
