	.text
	.syntax unified
	.eabi_attribute	67, "2.09"	@ Tag_conformance
	.cpu	cortex-m4
	.eabi_attribute	6, 13	@ Tag_CPU_arch
	.eabi_attribute	7, 77	@ Tag_CPU_arch_profile
	.eabi_attribute	8, 0	@ Tag_ARM_ISA_use
	.eabi_attribute	9, 2	@ Tag_THUMB_ISA_use
	.fpu	fpv4-sp-d16
	.eabi_attribute	27, 1	@ Tag_ABI_HardFP_use
	.eabi_attribute	36, 1	@ Tag_FP_HP_extension
	.eabi_attribute	34, 1	@ Tag_CPU_unaligned_access
	.eabi_attribute	17, 1	@ Tag_ABI_PCS_GOT_use
	.eabi_attribute	20, 2	@ Tag_ABI_FP_denormal
	.eabi_attribute	21, 0	@ Tag_ABI_FP_exceptions
	.eabi_attribute	23, 1	@ Tag_ABI_FP_number_model
	.eabi_attribute	24, 1	@ Tag_ABI_align_needed
	.eabi_attribute	25, 1	@ Tag_ABI_align_preserved
	.eabi_attribute	28, 1	@ Tag_ABI_VFP_args
	.eabi_attribute	38, 1	@ Tag_ABI_FP_16bit_format
	.eabi_attribute	18, 2	@ Tag_ABI_PCS_wchar_t
	.eabi_attribute	26, 1	@ Tag_ABI_enum_size
	.eabi_attribute	14, 0	@ Tag_ABI_PCS_R9_use
	.file	"stm32g4xx_ll_comp.c"
	.file	1 "C:\\Users\\CHALLENGER\\Documents\\KeXieData\\Project\\DigitalPower\\BootLoader" "./CubeMX/Drivers/CMSIS/Device/ST/STM32G4xx/Include\\stm32g4xx.h"
	.type	.Lllvm.embedded.module,%object  @ @llvm.embedded.module
	.section	.llvmbc,"",%progbits
	.p2align	4, 0x0
.Lllvm.embedded.module:
	.asciz	"BC\300\3365\024\000\000\005\000\000\000b\f0$MY\276f\255\373\264O\033\310$D\0012\005\000!\f\000\0007\006\000\000\013\002!\000\002\000\000\000\026\000\000\000\007\201#\221A\310\004I\006\02029\222\001\204\f%\005\b\031\036\004\213b\200\020E\002B\222\013B\204\0202\0248\b\030K\n2B\210Hp\304!#D\022\207\214\020A\222\002d\310\b\261\024 CF\210 \311\0012B\204\030*(*\2201|\260\\\221 \304\310\000\000\000\211 \000\000\027\000\000\0002\"\b\t bF\000!+$\230\020!%$\230\020\031'\f\205\244\220`Bd\\ $d\202\240\2519\002\304\b\001f\b\200\021\000#\020\f\004\030\202\314l\216\000\f\346\b@a\216 \230\002@M\232\"J\230\374\262\3749\324L\177\261A\246\026{\210\216(R\201\210\210\000\000\000\000Q\030\000\000\323\001\000\000\033\314)\370\377\377\377\377\001h\003\300\017\0008\000$\202\034\312\301\035\336A\036\332!\034\330\241\r\314\001\036\332\240\035\302\201\036\320\001\200\007y(\207y(\007y\260\207rh\203yH\207sp\0076\200\007y(\207y(\007y\260\207rh\203yH\207sp\007\2000\007y\b\207v(\2076\200\207wH\007w\240\207r\220\007\300\035\336\301\035\312\001 \332!\035\334\241\r\330\241\034\316!\034\330\241\r\354\241\034\306\201\036\336A\036\332\340\036\322\201\034\350\001\035\0008\000\bwx\2076H\007w0\207yh\003s\200\2076h\207p\240\007t\000\350A\036\352\241\034\000\302\035\336\241\r\334!\034\334a\036\332\300\034\340\241\r\332!\034\350\001\035\000z\220\207z(\007\200p\207wh\203yH\207sp\207r \2076\320\207r\220\207w\230\20760\007xh\203v\b\007z@\007\200\036\344\241\036\312\001 \346\201\036\302a\034\326\241\r\340A\036\336\201\036\312a\034\350\341\035\344\241\r\304\241\036\314\301\034\312A\036\332`\036\322A\037\312\001\300\003\200\240\207p\220\207s(\007zh\203q\200\207z\000\306\341\035\344\201\036\312\001\037\332\240\035\350\000 \350!\034\344\341\034\312\201\036\332\300\034\312!\034\350\241\036\344\241\034\346\001X\203p\220\207v\260\207;(\2076h\0076X\003r\230\007x`\20350\007x\210\003;`\2035@\207{ \207t\260\0076X\003z@\207zh\007qh\203vx\007r(\0076X\003{0\007x\220\203y\200\0076X\003{0\007x\230\003r\210\003;\230\007x`\2035\260\007s\200\007: \2078\260\203y\200\0076h\203p(\207y`\2036\020\007s\210\003;`\2036\030\007r(\207q\200\0078`\2036\030\007r(\207q\200\2078`\2036\030\007r(\207q\200\0079`\2036\030\007r(\207q\200\2079`\2036\030\007r(\207q\200\007:`\2036\030\007r(\207q\200\207:`\2036\030\007r(\207q\200\007;`\2036\030\007r(\207q\200\207;`\2036\030\007y\030\0076h\203q\220\207|\200\007zx\0076h\003r\230\0039`\2036 \207w\240\007x\220\207w \0076h\003s\030\207r`\20360\007xh\203p\220\207v\260\007<`\20360\007xh\203p\220\207v\260\007< \2078\260\0036h\003s\200\2076\b\007yh\007{\300\003r\210\003;\230\007x`\20360\007xh\203p\220\207v\260\007<\230\007x`\20360\007x\210\003;0\207v`\0076h\003s\200\007;\240\0036h\003s\250\007v`\007s\200\2078\260\0036h\003t\270\007rH\007{h\203p\220\207v`\2036H\007<h\207v`\2036`\207w\020\0076h\203v\260\207r`\2036h\007{(\00770\007x`\2036p\207rx\007w`\2036\200\207p\030\007q\240\207t`\2036\220\207p\230\0076h\203y\020\0076h\203y@\207p\220\0036h\003{0\007x\220\0036h\003{0\007x\230\0036h\003{0\007x\230\003r\210\003;`\2036\260\007s\200\2079\230\007x`\2036\260\007s\200\007:`\2036\260\007s\200\007: \2078\260\0036h\003{0\007x\240\203y\200\007`\003!\000\200\030l \206\000 \205\r\b!\000\013@\n@\265\301\235\212\377\377\377\377\037\2006\000L\001\360\003\000\016\200?\000$\240\017\000: \310\241\034\334\341\035\344\241\035\302\201\035\332\300\034\340\241\r\332!\034\350\001\035\000x\220\207r\230\207r\220\007{(\2076\230\207t8\007w`\003x\220\207r\230\207r\220\007{(\2076\230\207t8\007w\000\bs\220\207ph\207rh\003xx\207tp\007z(\007y\000\334\341\035\334\241\034\000\242\035\322\301\035\332\200\035\312\341\034\302\201\035\332\300\036\312a\034\350\341\035\344\241\r\356!\035\310\201\036\320\001\200\003\200p\207wh\203tp\007s\230\20760\007xh\203v\b\007z@\007\200\036\344\241\036\312\001 \334\341\035\332\300\035\302\301\035\346\241\r\314\001\036\332\240\035\302\201\036\320\001\240\007y\250\207r\000\bwx\2076\230\207t8\007w(\007rh\003}(\007yx\207yh\003s\200\2076h\207p\240\007t\000\350A\036\352\241\034\000b\036\350!\034\306a\035\332\000\036\344\341\035\350\241\034\306\201\036\336A\036\332@\034\352\301\034\314\241\034\344\241\r\346!\035\364\241\034\000<\000\bz\b\007y8\207r\240\2076\030\007x\250\007`\034\336A\036\350\241\034\360\241\r\332\201\016\000\202\036\302A\036\316\241\034\350\241\r\314\241\034\302\201\036\352A\036\312a\036\2005\b\007yh\007{\270\203rh\203v`\2035 \207y\200\0076X\003s\200\2078\260\0036X\003t\270\007rH\007{`\2035\240\007t\250\207v\020\2076h\207w \207r`\2035\260\007s\200\0079\230\007x`\2035\260\007s\200\2079 \2078\260\203y\200\0076X\003{0\007x\240\003r\210\003;\230\007x`\2036\b\207r\230\0076h\003q0\2078\260\0036h\203q \207r\030\007x\200\0036h\203q \207r\030\007x\210\0036h\203q \207r\030\007x\220\0036h\203q \207r\030\007x\230\0036h\203q \207r\030\007x\240\0036h\203q \207r\030\007x\250\0036h\203q \207r\030\007x\260\0036h\203q \207r\030\007x\270\0036h\203q\220\207q`\2036\030\007y\310\007x\240\207w`\2036 \2079\220\0036h\003rx\007z\200\007yx\007r`\20360\207q(\0076h\003s\200\2076\b\007yh\007{\300\0036h\003s\200\2076\b\007yh\007{\300\003r\210\003;`\20360\007xh\203p\220\207v\260\007< \2078\260\203y\200\0076h\003s\200\2076\b\007yh\007{\300\203y\200\0076h\003s\200\2078\260\003sh\007v`\20360\007x\260\003:`\20360\207z`\007v0\007x\210\003;`\2036@\207{ \207t\260\2076\b\007yh\0076h\203t\300\203vh\0076h\003vx\007q`\2036h\007{(\0076h\203v\260\207rp\003s\200\0076h\003w(\207wp\0076h\003x\b\207q\020\007zH\0076h\003y\b\207y`\2036\230\007q`\2036\230\007t\b\0079`\2036\260\007s\200\0079`\2036\260\007s\200\2079`\2036\260\007s\200\2079 \2078\260\0036h\003{0\007x\230\203y\200\0076h\003{0\007x\240\0036h\003{0\007x\240\003r\210\003;`\2036\260\007s\200\007:\230\007x\0006 F\000,\000)\000t\260\001:\376\377\377\377\177\000N\001\360\003\340\017\000\t\240\200:\000\372\000\000\000I\030\000\000\004\000\000\000\023\206@\030&\020\2010\020\023\204\302\230\020\034\000\0232z@\207zh\007q\260\207;(\207vh\203p\220\207vh\003wx\007w(\2076(\207p\020\207t@\007s\3300\007\345\320\006\355\240\007\345\320\006\360\240\007s \007z0\007r\320\006\246\220\016x\320\006\351`\007t\240\007v@\007m`\017q \007x\240\007v@\007z\020\007r\200\007m\020\016z\000\007z0\007r\320\006\3560\007r\320\006\263`\007t\240\021\302\344p\017\206uq\271\211}\021\345i{Y>\177M\251\315\231\354H\303\343\277\310 \363K\224\247\355e\371k*\037\277\346\364\366Lv\246\341\361_6\373;~\267\341\256\361\220\np\004\000\000\002\000\b\000\001\000\000\000\b\000\007\030R9\314\000\000\200\000\000\001 \000\000\000\000\001\340\000C*M*\000\000\030\000 \000\004\000\000\000 \000\034`H\305\006\316\001\004\000\001\000\000\000\000\000\000\000\000\340\000\022\033\004\212\352\030\000\000d\201\000\000\000\n\000\000\0002\036\230\024\031\021L\220\214\t&G\306\004C\212\021\000\302r(\204\"(\203\022\030\001\240\034\001(\204\202(\214\002\001\000\000\261\030\000\000\265\000\000\0003\b\200\034\304\341\034f\024\001=\210C8\204\303\214B\200\007yx\007s\230q\f\346\000\017\355\020\016\364\200\0163\fB\036\302\301\035\316\241\034f0\005=\210C8\204\203\033\314\003=\310C=\214\003=\314x\214tp\007{\b\007yH\207pp\007zp\003vx\207p \207\031\314\021\016\354\220\016\3410\017n0\017\343\360\016\360P\0163\020\304\035\336!\034\330!\035\302a\036f0\211;\274\203;\320C9\264\003<\274\203<\204\003;\314\360\024v`\007{h\0077h\207rh\0077\200\207p\220\207p`\007v(\007v\370\005vx\207w\200\207_\b\207q\030\207r\230\207y\230\201,\356\360\016\356\340\016\365\300\016\3540\003b\310\241\034\344\241\034\314\241\034\344\241\034\334a\034\312!\034\304\201\035\312a\006\326\220C9\310C9\230C9\310C9\270\3038\224C8\210\003;\224\303/\274\203<\374\202;\324\003;\260\303\f\307i\207pX\207rp\203th\007x`\207t\030\207t\240\207\031\316S\017\356\000\017\362P\016\344\220\016\343@\017\341 \016\354P\0163 (\035\334\301\036\302A\036\322!\034\334\201\036\334\340\034\344\341\035\352\001\036f\030Q8\260C:\234\203;\314P$v`\007{h\0077`\207wx\007x\230QL\364\220\017\360P\0163\036j\036\312a\034\350!\035\336\301\035~\001\036\344\241\034\314!\035\360a\006T\205\2038\314\303;\260C=\320C9\374\302<\344C;\210\303;\260\303\214\305\n\207y\230\207w\030\207t\b\007z(\007r\230\201\\\343\020\016\354\300\016\345P\016\3630#\301\322A\036\344\341\027\330\341\035\336\001\036fH\031;\260\203=\264\203\033\204\3038\214C9\314\303<\270\3019\310\303;\324\003<\314H\264q\b\007v`\007q\b\207qX\207\031\333\306\016\354`\017\355\340\006\360 \017\3450\017\345 \017\366P\016n\020\016\3430\016\3450\017\363\340\006\351\340\016\344P\016\3700#\342\354a\034\302\201\035\330\341\027\354!\035\346!\035\304!\035\330!\035\350!\037f \235;\274C=\270\0039\224\2039\314X\274pp\007wx\007z\b\007zH\207wp\207\031\313\347\016\3570\017\341\340\016\351@\017\351\240\017\3450\303\001\003s\250\007w\030\207_\230\207pp\207t\240\207t\320\207r\230\201\204A9\340\3038\260C=\220C9\314@\304\240\035\312\241\035\340A\036\336\301\034f$c0\016\341\300\016\3540\017\351@\017\3450C!\203u\030\007sH\207_\240\207|\200\207r\230\261\224\001<\214\303<\224\3038\320C:\274\203;\314\003\000\000\000y \000\000\242\001\000\000r\036H C\210\f\031\tr2H #\201\214\221\221\321D\240\020(d<12B\216\220!\243h\006d\240n\000\000\000{p\n\243\340\007\315Q4\222\322H\322D\354\301\002\n\314\360\006\bS\030}\000\001\303\023M\211\3628\324\003\000CubeMX/Drivers/STM32G4xx_HAL_Driver/Src\\stm32g4xx_ll_comp.cC:\\Users\\CHALLENGER\\Documents\\KeXieData\\Project\\DigitalPower\\BootLoaderComponent: Arm Compiler for Embedded 6.19 Tool: armclang [5e73cb00]./CubeMX/Drivers/CMSIS/Device/ST/STM32G4xx/Include\\stm32g4xx.hunsigned charSUCCESSERRORDwarf VersionDebug Info Versionwchar_sizestatic_rwdataenumsize_buildattrarmlib_unavailablearmcompiler-version6.19CubeMX/Drivers/STM32G4xx_HAL_Driver/Src/stm32g4xx_ll_comp.cErrorStatus./CubeMX/Drivers/CMSIS/Device/ST/STM32G4xx/Include/stm32g431xx.hCOMP_TypeDefCSRC:\\Keil_v5\\ARM\\ARMCLANG\\Bin\\..\\include\\stdint.huint32_tunsigned intCOMPxstatus./CubeMX/Drivers/STM32G4xx_HAL_Driver/Inc\\stm32g4xx_ll_comp.hLL_COMP_IsLockedintomnipotent charSimple C/C++ TBAALL_COMP_InitTypeDefInputPlusInputMinusInputHysteresisOutputPolarityOutputBlankingSourceCOMP_InitStruct\000\000\246'\001\000\000\000\000\0000\202\200\024#\b\2101\202\200\034#\b\b2\202\200$#\b\2102\202\020\020#\b\3112\202\2200#\bI3\202\2208#\b\3113\224\0250w0\004\000\000\004~\000\000\000\000\000\000 \000\0000\2225L@*\340\b\000\200\001\000\000\261\000\000\000\000\000\000\000\000SQ\307,l\300,\320\225-\324\025\300\001 \n\202 4\007\000p\013\000\000\000#Y\303\004\314\202\037\000\000X\000\000@\016\000\000\000\000\000\000\0000P\001\004\002\000\fT\000\204\000\000\363\034\000\031\024\b\200\000\343\020\004\030\030\3008\004\001\006\2070\203\240\007{0\222%\020\000\036\330\004\220\007\b\000\000|\000\000\000\000\000\000\000\0003\004}0\303p\006\b\032\3140\244A\242\0063\fk\240\244\301\f\303\032,k0\303\260\006\314\032\3140\254A\303\0063\fk\340<3\004\303@\005\000\t\0000\221\003X\021\036\350\004\320\007\000\000\000\000\000\fT\000\222\000\000\0239\2005\245\302\216\000t\000\000\000\000\000\300D\016\360\000\000\000\250\002\030\000\000\000\000\300@\005P\001\0000\317\001\220\301\005\006\300\001L\344\000\226\305\n\240\000\264\002\000\000\000\000\000\0239@\035\000\000\000\270\002\000\000\000\000\000\0239@C\245\202\216\320\301+\200\001\000\000\000\000\314\020\300\302t\2011P\001h\002\000\f\247\bu\200\315\002]\255B\000\000\300\f\202+\254\302L\204\000\324\0020C@\0133\004\337\f\203\207\013n0\303\320\345\202\033\3140p\272\340\0063\f\273\240\013n0\221\003X`0\013\271\000\330\001\000\000\000\000\000\0239\300\003\000\000\320\013`\000\000\000\000\000\0239@\023\006\263\000\nv\340\n`\000\000\000\000\000\0239@#\006\263P\nv\340\n`\000\200\001\000\000\300D\016\320\214\301,\250\202\035\270\002\030\000\240\000\000\0000\221\0034d0\013\257`\007\256\000\006\0008\000\000\000L\344\000M\031\314\002-\330\201+\200\001\000\022\000\000\0003\024\277\000\016\341 \016\3430\303\302\351\202\033\350\302\033\350\002\034\350B\034\350\202\034\3140\224\203.\270\301\fC9\350\302\033\3140\224\203.\300\301\fC9\350B\034\3140\224\203.\310\301\221\002\300q\034\307q\034\307q\034\007\026l\001\033l\341\006n\000\nn\340\006h\300\026\234\033\270\201\033\270\201\033\270\001\032Xn`\017n`\017\360\340\006\246`\017\360 \022\234\345\006\344\200\006n\300Yn\340\006n@\007\374\000\017(\341\022.\341\022.\301\n.A\007t@\007t #\201\t\312\205\215\315\256\315\205L\354\314e\254n\224@\0162bc\263ksi{#\253c+s1c\013;\233\033\345\360\203?\000\205P\020\205Q \205T\330\330\354\332\\\322\310\312\334\350F\tJ\001\000\251\030\000\000/\000\000\000\013\nr(\207w\200\007zXp\230C=\270\3038\260C9\320\303\202\346\034\306\241\r\350A\036\302\301\035\346!\035\350!\035\336\301\035\026(\342P\016\346\360\016\362P\016\351\340\016\363@\017\013\222p0\007z(\007yH\007w\230\007zX\320\214\2039\234C=\204\203<\220\003=\204\203<\234C9\320\303\002\006\036\344\241\034\302\201\035\330\341\035\306!\034\350\241\034\310a\301q\016\343\320\006\354\220\016\366P\016\013\254q`\207pp\207sp\203p\220\207qp\203p\240\007z\b\207q@\207r \207q\b\007v`\207\005\007<\320\203<\204C=\320\003:, \326a\034\314!\035\000\000\000\000\321\020\000\000\006\000\000\000\007\314<\244\203;\234\003;\224\003=\240\203<\224C8\220\303\001\000\000\000a \000\000a\000\000\000\023\004C,\020\000\000\000\002\000\000\000\024%@X\003\000\000\000\3610\000\000!\000\000\000\"G\310\220Q\006\204\004\016\000\000\000LL_COMP_DeInit\000\000\253\250\343\024\326\0018\005\036\211\207\036\0010\000DA\020\204\346\000\000\350\001\000\000`V\021\260\303)\224\311\241\363@\002\031Bd\310H\35029`\007\300\254\"h\207S0\223a\203\200\n\253\260\211\020\000x\000\306)\002;`\247\300#\253\020\000\0000N\021\330!;\005\037A\005\000\000\200\r\202<\314\303\004\001\200&\bA\005#\006\007\000\202`p@?\377\377\377?\210\375\377\377\377 \372\377\377\377\303\214A\001\000\354\000\000#\006\007\000\202`p@\347\377\377\377?\204\375\377\377\377 \372\377\377\377\303\204\0010bp\000 \b\006\007\364\363\377\377\377\003\350\377\377\377\017\242\377\377\377?\314\030\024\000P\007\356\000\320\200s\306\240\260+\246\016\334\001\030n\b\0043\2301(\312\344k\007\000\230e\b\204`\306\240(\223\203\035\000`\330\200(\226!\2301(\316\244x\007\000\230%\020f\f\2124\031\336\001\000\006*\0021\b\020`\306\240\000\000v\000\200\021\203\003\000A08\246\260\377\377\377\037\310\376\377\377\177(\375\377\377\377a\302\000\330`\306\240\220\223\201\035\000  \006\000\000\004\000\000\000[\004`\035\266\fC\260\013[\006#\330\005\000\000\000\000\000\000a \000\000\213\000\000\000\023\004C,\020\000\000\000\003\000\000\000\024%@X\0035~\310\377\000\000\000\3610\000\000&\000\000\000\"G\310\220Q\006\004\004\f\000\000\000LL_COMP_Init\253\250\343\024\326\0018\205P\211\007Q\0010\000DA\020\204\346\000\000\352\001\000\000`V\021\260\303)\274\312\241\363@\002\031Bd\310H\350W9`\007\300\254\"h\207S\200\225a\303\200\n\253\340\013\233\b\001\200\007`\234\"\260\003v\n\241\262\n\001\000\000\343\024\201\035\314\340\024B\305\027\004\000\000\306)\002;d\2470*\250\000\000\000\260a\220\207y\240\207\t\002\000M\020\200h\202\020\234\001\000\000\000\000#\006\007\000\202`pH`\377\377\377?\220\375\377\377\377@\372\377\377\377\303\214A\001\000\354\000\000#\006\007\000\202`pH?\377\377\377?\214\375\377\377\377@\372\377\377\377\303\204\0010bp\000 \b\006\207\224\376\377\377\377\203\330\377\377\377\017\244\377\377\377?L\030\000#\006\007\000\202`pH`\377\377\377?\210\376\377\377\377@\372\377\377\377\303\214A\001\000u\340\016\000\0258g\f\n\273b\352\300\035\200\341\206`0\203\031\203\342U\276v\000\200Y\206@\bf\f\212W9\330\001\000\350\3009cP\334J\361\016\000p\001\241\023\006\000!8&\f\200\316C\002E\023\006\000\0058&\f\200\316\303\"U\023\006\000\0058&\f\200\316CCY\023\006\000\0058&\f\200\316\303ci\023\006\000\0058&\f\200S\222\2350\000.@v\302\000\270\340\330\t\003\340\002c'\f\200\013\212\2350\000\206\r\210+\030\202\t\003`\226@\2301(\316ex\007\000\030\250\bL!P\003`\306\240\000\000v\000\200\021\203\003\000A08\312 \356\377\377\377\207\272\377\377\377\037n\377\377\377\177\2300\0006\2301(\334e`\007\000\b\210\001\013\000\000\000[\004`\035\266\fD\260\013[\206#\330\205-C\022\224\303\226a\t\314a\313\320\004\347\260ex\002t\3302DA:l\031\256`\027\000\000\000\000\000a \000\000Q\000\000\000\023\004A,\020\000\000\000\002\000\000\000\204\005\016\b\210\000\000\000\3610\000\000\027\000\000\000\"G\310\220Q\006\204\005\022\000\000\000LL_COMP_StructInit\000\000\253\250\343\024\326\0018\205{q\007|\0010\000DA\020\204\346\000\000\340\001\000\000`\203\000\370\302&B\000\332\001\030\247\b\354`\006\247p/\276\020\000\000\260!x\207\t\002\000\001\000\000\000#\006\007\000\202`p<b\377\377\377?\220\375\377\377\377\020\372\377\377\377\303\214A\001\000\354\000\000\303\006\204\200\f\300\214A\241/i\300\016\000\320y\020\220d\306\240\330\027\212\035\000`\330\200\b\204\001\2301(\366%\r\330\001\000:\017C\302\314\030\024\374B\261\003\000\f\033\020\2012\0003\006\005\277\244\001;\000@\347\201P\230\031\203\242_(v\000\200a\003\"X\006`\306\240\350\2274`\007\000\350<\024\3133cP\370\013\305\016\0000l@\004\314\000\314\030\024\376\222\006\354\000\000:cP\374K\300\016\000\020\020\003\000\b\000\000\000[\004`\035\266\fAP\016[\206!0\207-C\021\234\303\226\341\b\320a\313\220\004\351\000\000\000\000\000\000\000\000q \000\000\004\000\000\0002\016\020\"\204\000\367\t\030\240\255\200\002\347\013\000\000\000\000\000e\f\000\0001\000\000\000\022\003\224x\001\000\000\000\003\000\000\000:\000\000\000\t\000\000\000L\000\000\000\001\000\000\000X\000\000\000\000\000\000\000X\000\000\000\004\000\000\000\270\000\000\000\000\000\000\000C\000\000\000\031\000\000\000\\\000\000\000;\000\000\000\016\000\000\000\000\000\000\000\270\000\000\000\000\000\000\000\000\000\000\000\004\000\000\000\000\000\000\000\000\000\000\000\016\000\000\000\000\000\000\000\016\000\000\000\377\377\377\377\001$\000\000\016\000\000\000\f\000\000\000\016\000\000\000\f\000\000\000\377\377\377\377\001$\000\000\032\000\000\000\022\000\000\000\032\000\000\000\022\000\000\000\377\377\377\377\001$\000\000,\000\000\000\016\000\000\000,\000\000\000\016\000\000\000\377\377\377\377\b,\000\000\000\000\000\000]\f\000\000)\000\000\000\022\003\2247\001\000\000\000LL_COMP_DeInitLL_COMP_InitLL_COMP_StructInitllvm.dbg.value16.0.0gitthumbv7em-arm-none-eabihfCubeMX/Drivers/STM32G4xx_HAL_Driver/Src/stm32g4xx_ll_comp.c\000\000\000\000"
	.size	.Lllvm.embedded.module, 6780

	.section	.debug_abbrev,"",%progbits
	.byte	1                               @ Abbreviation Code
	.byte	17                              @ DW_TAG_compile_unit
	.byte	1                               @ DW_CHILDREN_yes
	.byte	37                              @ DW_AT_producer
	.byte	14                              @ DW_FORM_strp
	.byte	19                              @ DW_AT_language
	.byte	5                               @ DW_FORM_data2
	.byte	3                               @ DW_AT_name
	.byte	14                              @ DW_FORM_strp
	.byte	16                              @ DW_AT_stmt_list
	.byte	23                              @ DW_FORM_sec_offset
	.byte	27                              @ DW_AT_comp_dir
	.byte	14                              @ DW_FORM_strp
	.byte	0                               @ EOM(1)
	.byte	0                               @ EOM(2)
	.byte	2                               @ Abbreviation Code
	.byte	4                               @ DW_TAG_enumeration_type
	.byte	1                               @ DW_CHILDREN_yes
	.byte	73                              @ DW_AT_type
	.byte	19                              @ DW_FORM_ref4
	.byte	11                              @ DW_AT_byte_size
	.byte	11                              @ DW_FORM_data1
	.byte	58                              @ DW_AT_decl_file
	.byte	11                              @ DW_FORM_data1
	.byte	59                              @ DW_AT_decl_line
	.byte	11                              @ DW_FORM_data1
	.byte	0                               @ EOM(1)
	.byte	0                               @ EOM(2)
	.byte	3                               @ Abbreviation Code
	.byte	40                              @ DW_TAG_enumerator
	.byte	0                               @ DW_CHILDREN_no
	.byte	3                               @ DW_AT_name
	.byte	14                              @ DW_FORM_strp
	.byte	28                              @ DW_AT_const_value
	.byte	15                              @ DW_FORM_udata
	.byte	0                               @ EOM(1)
	.byte	0                               @ EOM(2)
	.byte	4                               @ Abbreviation Code
	.byte	36                              @ DW_TAG_base_type
	.byte	0                               @ DW_CHILDREN_no
	.byte	3                               @ DW_AT_name
	.byte	14                              @ DW_FORM_strp
	.byte	62                              @ DW_AT_encoding
	.byte	11                              @ DW_FORM_data1
	.byte	11                              @ DW_AT_byte_size
	.byte	11                              @ DW_FORM_data1
	.byte	0                               @ EOM(1)
	.byte	0                               @ EOM(2)
	.byte	0                               @ EOM(3)
	.section	.debug_info,"",%progbits
.Lcu_begin0:
	.long	.Ldebug_info_end0-.Ldebug_info_start0 @ Length of Unit
.Ldebug_info_start0:
	.short	4                               @ DWARF version number
	.long	.debug_abbrev                   @ Offset Into Abbrev. Section
	.byte	4                               @ Address Size (in bytes)
	.byte	1                               @ Abbrev [1] 0xb:0x30 DW_TAG_compile_unit
	.long	.Linfo_string0                  @ DW_AT_producer
	.short	12                              @ DW_AT_language
	.long	.Linfo_string1                  @ DW_AT_name
	.long	.Lline_table_start0             @ DW_AT_stmt_list
	.long	.Linfo_string2                  @ DW_AT_comp_dir
	.byte	2                               @ Abbrev [2] 0x1e:0x15 DW_TAG_enumeration_type
	.long	51                              @ DW_AT_type
	.byte	1                               @ DW_AT_byte_size
	.byte	1                               @ DW_AT_decl_file
	.byte	150                             @ DW_AT_decl_line
	.byte	3                               @ Abbrev [3] 0x26:0x6 DW_TAG_enumerator
	.long	.Linfo_string4                  @ DW_AT_name
	.byte	0                               @ DW_AT_const_value
	.byte	3                               @ Abbrev [3] 0x2c:0x6 DW_TAG_enumerator
	.long	.Linfo_string5                  @ DW_AT_name
	.byte	1                               @ DW_AT_const_value
	.byte	0                               @ End Of Children Mark
	.byte	4                               @ Abbrev [4] 0x33:0x7 DW_TAG_base_type
	.long	.Linfo_string3                  @ DW_AT_name
	.byte	8                               @ DW_AT_encoding
	.byte	1                               @ DW_AT_byte_size
	.byte	0                               @ End Of Children Mark
.Ldebug_info_end0:
	.section	.debug_str,"MS",%progbits,1
.Linfo_string0:
	.asciz	"Component: Arm Compiler for Embedded 6.19 Tool: armclang [5e73cb00]" @ string offset=0
.Linfo_string1:
	.asciz	"CubeMX/Drivers/STM32G4xx_HAL_Driver/Src\\stm32g4xx_ll_comp.c" @ string offset=68
.Linfo_string2:
	.asciz	"C:\\Users\\CHALLENGER\\Documents\\KeXieData\\Project\\DigitalPower\\BootLoader" @ string offset=128
.Linfo_string3:
	.asciz	"unsigned char"                 @ string offset=200
.Linfo_string4:
	.asciz	"SUCCESS"                       @ string offset=214
.Linfo_string5:
	.asciz	"ERROR"                         @ string offset=222
	.ident	"Component: Arm Compiler for Embedded 6.19 Tool: armclang [5e73cb00]"
	.section	".note.GNU-stack","",%progbits
	.ARM_attribute	16, 1	@ Tag_AV_eba
	.section	.debug_line,"",%progbits
.Lline_table_start0:
