	.text
	.syntax unified
	.eabi_attribute	67, "2.09"	@ Tag_conformance
	.cpu	cortex-m4
	.eabi_attribute	6, 13	@ Tag_CPU_arch
	.eabi_attribute	7, 77	@ Tag_CPU_arch_profile
	.eabi_attribute	8, 0	@ Tag_ARM_ISA_use
	.eabi_attribute	9, 2	@ Tag_THUMB_ISA_use
	.fpu	fpv4-sp-d16
	.eabi_attribute	27, 1	@ Tag_ABI_HardFP_use
	.eabi_attribute	36, 1	@ Tag_FP_HP_extension
	.eabi_attribute	34, 1	@ Tag_CPU_unaligned_access
	.eabi_attribute	17, 1	@ Tag_ABI_PCS_GOT_use
	.eabi_attribute	20, 2	@ Tag_ABI_FP_denormal
	.eabi_attribute	21, 0	@ Tag_ABI_FP_exceptions
	.eabi_attribute	23, 1	@ Tag_ABI_FP_number_model
	.eabi_attribute	24, 1	@ Tag_ABI_align_needed
	.eabi_attribute	25, 1	@ Tag_ABI_align_preserved
	.eabi_attribute	28, 1	@ Tag_ABI_VFP_args
	.eabi_attribute	38, 1	@ Tag_ABI_FP_16bit_format
	.eabi_attribute	18, 2	@ Tag_ABI_PCS_wchar_t
	.eabi_attribute	26, 1	@ Tag_ABI_enum_size
	.eabi_attribute	14, 0	@ Tag_ABI_PCS_R9_use
	.file	"stm32g4xx_ll_dac.c"
	.file	1 "C:\\Users\\CHALLENGER\\Documents\\KeXieData\\Project\\DigitalPower\\BootLoader" "./CubeMX/Drivers/CMSIS/Device/ST/STM32G4xx/Include\\stm32g4xx.h"
	.file	2 "C:\\Keil_v5\\ARM\\ARMCLANG\\Bin\\..\\include" "stdint.h"
	.file	3 "C:\\Users\\CHALLENGER\\Documents\\KeXieData\\Project\\DigitalPower\\BootLoader" "./CubeMX/Drivers/CMSIS/Device/ST/STM32G4xx/Include/stm32g431xx.h"
	.type	.Lllvm.embedded.module,%object  @ @llvm.embedded.module
	.section	.llvmbc,"",%progbits
	.p2align	4, 0x0
.Lllvm.embedded.module:
	.asciz	"BC\300\3365\024\000\000\005\000\000\000b\f0$MY\276f\255\373\264O\033\310$D\0012\005\000!\f\000\000}\t\000\000\013\002!\000\002\000\000\000\026\000\000\000\007\201#\221A\310\004I\006\02029\222\001\204\f%\005\b\031\036\004\213b\200\024E\002B\222\013B\244\0202\0248\b\030K\n2R\210Hp\304!#D\022\207\214\020A\222\002d\310\b\261\024 CF\210 \311\0012R\204\030*(*\2201|\260\\\221 \305\310\000\000\000\211 \000\000!\000\000\0002\"H\t bF\000!+$\230\024!%$\230\024\031'\f\205\244\220`Rd\\ $e\202\000\2529\002\304\b\001\314\021\200\201!\002\030`\004\300\b\005\f\004\030\242\234s\346\b@a\216 0E\001!\251)\000\314\244)\242\204\311/\313\277\323\270_l\220\251\305\036\242#\212t\2141\306\030C\005\006J\322\024Q\302\344w\032\367\267\330CtD\221\2601\306\030c\2141\306\030c\2141\306pc\f\000\000\000Q\030\000\000\337\001\000\000\033\310)\370\377\377\377\377\001\360\003\000\016\000\211 \207rp\207w\220\207v\b\007vh\003s\200\2076h\207p\240\007t\000\340A\036\312a\036\312A\036\354\241\034\332`\036\322\341\034\334\201\r\340A\036\312a\036\312A\036\354\241\034\332`\036\322\341\034\334\001 \314A\036\302\241\035\312\241\r\340\341\035\322\301\035\350\241\034\344\001p\207wp\207r\000\210vH\007wh\003v(\207s\b\007vh\003{(\207q\240\207w\220\2076\270\207t \007z@\007\000\016\000\302\035\336\241\r\322\301\035\314a\036\332\300\034\340\241\r\332!\034\350\001\035\000z\220\207z(\007\200p\207wh\003w\b\007w\230\20760\007xh\203v\b\007z@\007\200\036\344\241\036\312\001 \334\341\035\332`\036\322\341\034\334\241\034\310\241\r\364\241\034\344\341\035\346\241\r\314\001\036\332\240\035\302\201\036\320\001\240\007y\250\207r\000\210y\240\207p\030\207uh\003x\220\207w\240\207r\030\007zx\007yh\003q\250\007s0\207r\220\2076\230\207t\320\207r\000\360\000 \350!\034\344\341\034\312\201\036\332`\034\340\241\036\200qx\007y\240\207r\300\2076h\007:\000\bz\b\007y8\207r\240\20760\207r\b\007z\250\007y(\207y\000\326 \034\344\241\035\354\341\016\312\241\r\332\201\r\326\200\034\346\001\036\330`\r\314\001\036\342\300\016\330`\r\320\341\036\310!\035\354\201\r\326\200\036\320\241\036\332A\034\332\240\035\336\201\034\312\201\r\326\300\036\314\001\036\344`\036\340\201\r\326\300\036\314\001\036\346\200\034\342\300\016\346\001\036\330`\r\354\301\034\340\201\016\310!\016\354`\036\340\201\r\332 \034\312a\036\330\240\r\304\301\034\342\300\016\330\240\r\306\201\034\312a\034\340\001\016\330\240\r\306\201\034\312a\034\340!\016\330\240\r\306\201\034\312a\034\340A\016\330\240\r\306\201\034\312a\034\340a\016\330\240\r\306\201\034\312a\034\340\201\016\330\240\r\306\201\034\312a\034\340\241\016\330\240\r\306\201\034\312a\034\340\301\016\330\240\r\306\201\034\312a\034\340\341\016\330\240\r\306A\036\306\201\r\332`\034\344!\037\340\201\036\336\201\r\332\200\034\346@\016\330\240\r\310\341\035\350\001\036\344\341\035\310\201\r\332\300\034\306\241\034\330\240\r\314\001\036\332 \034\344\241\035\354\001\017\330\240\r\314\001\036\332 \034\344\241\035\354\001\017\310!\016\354\200\r\332\300\034\340\241\r\302A\036\332\301\036\360\200\034\342\300\016\346\001\036\330\240\r\314\001\036\332 \034\344\241\035\354\001\017\346\001\036\330\240\r\314\001\036\342\300\016\314\241\035\330\201\r\332\300\034\340\301\016\350\200\r\332\300\034\352\201\035\330\301\034\340!\016\354\200\r\332\000\035\356\201\034\322\301\036\332 \034\344\241\035\330\240\r\322\001\017\332\241\035\330\240\r\330\341\035\304\201\r\332\240\035\354\241\034\330\240\r\332\301\036\312\301\r\314\001\036\330\240\r\334\241\034\336\301\035\330\240\r\340!\034\306A\034\350!\035\330\240\r\344!\034\346\201\r\332`\036\304\201\r\332`\036\320!\034\344\200\r\332\300\036\314\001\036\344\200\r\332\300\036\314\001\036\346\200\r\332\300\036\314\001\036\346\200\034\342\300\016\330\240\r\354\301\034\340a\016\346\001\036\330\240\r\354\301\034\340\201\016\330\240\r\354\301\034\340\201\016\310!\016\354\200\r\332\300\036\314\001\036\350`\036\340\001\330@\b\000 \006\033\210!\000Ha\003A\b\000)l@\212\001X\000R\000\252\r\356d\374\377\377\377\377\000\264\001`\n\200\037\000p\000\374\001 \001}\000\320\001A\016\345\340\016\357 \017\355\020\016\354\320\006\346\000\017m\320\016\341@\017\350\000\300\203<\224\303<\224\203<\330C9\264\301<\244\3039\270\003\033\300\203<\224\303<\224\203<\330C9\264\301<\244\3039\270\003@\230\203<\204C;\224C\033\300\303;\244\203;\320C9\310\003\340\016\357\340\016\345\000\020\355\220\016\356\320\006\354P\016\347\020\016\354\320\006\366P\016\343@\017\357 \017mp\017\351@\016\364\200\016\000\034\000\204;\274C\033\244\203;\230\303<\264\2019\300C\033\264C8\320\003:\000\364 \017\365P\016\000\341\016\357\320\006\356\020\016\3560\017m`\016\360\320\006\355\020\016\364\200\016\000=\310C=\224\003@\270\303;\264\301<\244\3039\270C9\220C\033\350C9\310\303;\314C\033\230\003<\264A;\204\003=\240\003@\017\362P\017\345\000\020\363@\017\3410\016\353\320\006\360 \017\357@\017\3450\016\364\360\016\362\320\006\342P\017\346`\016\345 \017m0\017\351\240\017\345\000\340\001@\320C8\310\3039\224\003=\264\3018\300C=\000\343\360\016\362@\017\345\200\017m\320\016t\000\020\364\020\016\362p\016\345@\017m`\016\345\020\016\364P\017\362P\016\363\000\254A8\310C;\330\303\035\224C\033\264\003\033\254\0019\314\003<\260\301\032\230\003<\304\201\035\260\301\032\240\303=\220C:\330\003\033\254\001=\240C=\264\2038\264A;\274\0039\224\003\033\254\201=\230\003<\310\301<\300\003\033\254\201=\230\003<\314\0019\304\201\035\314\003<\260\301\032\330\2039\300\003\035\220C\034\330\301<\300\003\033\264A8\224\303<\260A\033\210\2039\304\201\035\260A\033\214\0039\224\3038\300\003\034\260A\033\214\0039\224\3038\300C\034\260A\033\214\0039\224\3038\300\203\034\260A\033\214\0039\224\3038\300\303\034\260A\033\214\0039\224\3038\300\003\035\260A\033\214\0039\224\3038\300C\035\260A\033\214\0039\224\3038\300\203\035\260A\033\214\0039\224\3038\300\303\035\260A\033\214\203<\214\003\033\264\3018\310C>\300\003=\274\003\033\264\0019\314\201\034\260A\033\220\303;\320\003<\310\303;\220\003\033\264\2019\214C9\260A\033\230\003<\264A8\310C;\330\003\036\260A\033\230\003<\264A8\310C;\330\003\036\220C\034\330\001\033\264\2019\300C\033\204\203<\264\203=\340\0019\304\201\035\314\003<\260A\033\230\003<\264A8\310C;\330\003\036\314\003<\260A\033\230\003<\304\201\035\230C;\260\003\033\264\2019\300\203\035\320\001\033\264\2019\324\003;\260\2039\300C\034\330\001\033\264\001:\334\0039\244\203=\264A8\310C;\260A\033\244\003\036\264C;\260A\033\260\303;\210\003\033\264A;\330C9\260A\033\264\203=\224\203\033\230\003<\260A\033\270C9\274\203;\260A\033\300C8\214\2038\320C:\260A\033\310C8\314\003\033\264\301<\210\003\033\264\301<\240C8\310\001\033\264\201=\230\003<\310\001\033\264\201=\230\003<\314\001\033\264\201=\230\003<\314\0019\304\201\035\260A\033\330\2039\300\303\034\314\003<\260A\033\330\2039\300\003\035\260A\033\330\2039\300\003\035\220C\034\330\001\033\264\201=\230\003<\320\301<\300\003\260\0019\002`\001H\001\240\203\r\020\362\377\377\377\377\003p\n\200\037\000\177\000H\000\005\324\001\320\007\033\234\344\377\377\377\377\007\240\r\200S\000\374\000\220\200>\000\350`\203\241\004\300\002\320\301\006b!\000>\330\3000\001@\n\300\031\004\001\021\244\001\007I\030\000\000\006\000\000\000\023\206@\030&\024\2010\020\305\004\3018&\004\310\204!Q\226\t\001\003\000\0232z@\207zh\007q\260\207;(\207vh\203p\220\207vh\003wx\007w(\2076(\207p\020\207t@\007s\3300\007\345\320\006\355\240\007\345\320\006\360\240\007s \007z0\007r\320\006\246\220\016x\320\006\351`\007t\240\007v@\007m`\017q \007x\240\007v@\007z\020\007r\200\007m\020\016z\000\007z0\007r\320\006\3560\007r\320\006\263`\007t\240\021\302\344P\017\206uq\271\211}\021\345i{Y>\177M\251\315\231\354H\303\343\277\310 \363K\224\247\355e\371k*\037\277\346\364\366Lv\246\341\361_6\373K\016\217]\343!\025\320\b\000\000\004\000\020\000\002\000\000\000\020\000\r0\244j\026\002\000\000\001\000\002@\000\000\000\000\002\240\001\206TXd\000\0000\000@\000\b\000\000\000@\0004\300\220*\r\034\004\b\000\002\000\000\000\000\000\000\000\000\240\001\206Tw -@\000\024\000\000\000\000\000\000\000\000\000\r \261A\240(`\002\000@\026\b\000\036\000\000\0002\036\230\030\031\021L\220\214\t&G\306\004C\n#\0004\312\241\020\212\240\fJ`\004\240\000\001A(\025\301\b@!\024Da\024H\241\024L\341\024P!\025Ta\025X\241\025\\\341\025`@!\006\024d@a\006\024h@\241\006\024l@\341\006\024p@!\007\024t@a\007\024x@\241\007\024|@\341\007\024\240@!\n\024\244@a\n\024\250@\241\n\024\254@\341\n\000\261\030\000\000\265\000\000\0003\b\200\034\304\341\034f\024\001=\210C8\204\303\214B\200\007yx\007s\230q\f\346\000\017\355\020\016\364\200\0163\fB\036\302\301\035\316\241\034f0\005=\210C8\204\203\033\314\003=\310C=\214\003=\314x\214tp\007{\b\007yH\207pp\007zp\003vx\207p \207\031\314\021\016\354\220\016\3410\017n0\017\343\360\016\360P\0163\020\304\035\336!\034\330!\035\302a\036f0\211;\274\203;\320C9\264\003<\274\203<\204\003;\314\360\024v`\007{h\0077h\207rh\0077\200\207p\220\207p`\007v(\007v\370\005vx\207w\200\207_\b\207q\030\207r\230\207y\230\201,\356\360\016\356\340\016\365\300\016\3540\003b\310\241\034\344\241\034\314\241\034\344\241\034\334a\034\312!\034\304\201\035\312a\006\326\220C9\310C9\230C9\310C9\270\3038\224C8\210\003;\224\303/\274\203<\374\202;\324\003;\260\303\f\307i\207pX\207rp\203th\007x`\207t\030\207t\240\207\031\316S\017\356\000\017\362P\016\344\220\016\343@\017\341 \016\354P\0163 (\035\334\301\036\302A\036\322!\034\334\201\036\334\340\034\344\341\035\352\001\036f\030Q8\260C:\234\203;\314P$v`\007{h\0077`\207wx\007x\230QL\364\220\017\360P\0163\036j\036\312a\034\350!\035\336\301\035~\001\036\344\241\034\314!\035\360a\006T\205\2038\314\303;\260C=\320C9\374\302<\344C;\210\303;\260\303\214\305\n\207y\230\207w\030\207t\b\007z(\007r\230\201\\\343\020\016\354\300\016\345P\016\3630#\301\322A\036\344\341\027\330\341\035\336\001\036fH\031;\260\203=\264\203\033\204\3038\214C9\314\303<\270\3019\310\303;\324\003<\314H\264q\b\007v`\007q\b\207qX\207\031\333\306\016\354`\017\355\340\006\360 \017\3450\017\345 \017\366P\016n\020\016\3430\016\3450\017\363\340\006\351\340\016\344P\016\3700#\342\354a\034\302\201\035\330\341\027\354!\035\346!\035\304!\035\330!\035\350!\037f \235;\274C=\270\0039\224\2039\314X\274pp\007wx\007z\b\007zH\207wp\207\031\313\347\016\3570\017\341\340\016\351@\017\351\240\017\3450\303\001\003s\250\007w\030\207_\230\207pp\207t\240\207t\320\207r\230\201\204A9\340\3038\260C=\220C9\314@\304\240\035\312\241\035\340A\036\336\301\034f$c0\016\341\300\016\3540\017\351@\017\3450C!\203u\030\007sH\207_\240\207|\200\207r\230\261\224\001<\214\303<\224\3038\320C:\274\203;\314\003\000\000\000y \000\000\177\003\000\000r\036H C\210\f\031\tr2H #\201\214\221\221\321D\240\020(d<12B\216\220!\243X\016\264\300\252\001\000\000zp\n\243\340\007\315Q\200\302\362\006\b\263\b\005q$\tA\020\t\202 I\222 \311q\034\t\202\034I\222$\211\242$I\221\020Ca\034\307a\034\207q\034\006A\b\303P\024\004\201\020\204\321HJ#I\023\241\007\013\001\fO\304\007R\343H\030\003)\016\000\000CubeMX/Drivers/STM32G4xx_HAL_Driver/Src\\stm32g4xx_ll_dac.cC:\\Users\\CHALLENGER\\Documents\\KeXieData\\Project\\DigitalPower\\BootLoaderComponent: Arm Compiler for Embedded 6.19 Tool: armclang [5e73cb00]./CubeMX/Drivers/CMSIS/Device/ST/STM32G4xx/Include\\stm32g4xx.hunsigned charSUCCESSERROR./CubeMX/Drivers/CMSIS/Device/ST/STM32G4xx/Include/stm32g431xx.hDAC_TypeDefC:\\Keil_v5\\ARM\\ARMCLANG\\Bin\\..\\include\\stdint.huint32_tunsigned intRCC_TypeDefCRICSCRCFGRPLLCFGRRESERVED0RESERVED1CIERCIFRCICRRESERVED2AHB1RSTRAHB2RSTRAHB3RSTRRESERVED3APB1RSTR1APB1RSTR2APB2RSTRRESERVED4AHB1ENRAHB2ENRAHB3ENRRESERVED5APB1ENR1APB1ENR2APB2ENRRESERVED6AHB1SMENRAHB2SMENRAHB3SMENRRESERVED7APB1SMENR1APB1SMENR2APB2SMENRRESERVED8CCIPRRESERVED9BDCRCSRCRRCRCCIPR2SWTRIGRDHR12R1DHR12L1DHR8R1DHR12R2DHR12L2DHR8R2DHR12RDDHR12LDDHR8RDDOR1DOR2SRCCRMCRSHSR1SHSR2SHHRSHRRRESERVEDSTR1STR2STMODRDwarf VersionDebug Info Versionwchar_sizestatic_rwdataenumsize_buildattrarmlib_unavailablearmcompiler-version6.19CubeMX/Drivers/STM32G4xx_HAL_Driver/Src/stm32g4xx_ll_dac.cErrorStatusDACxintomnipotent charSimple C/C++ TBAA./CubeMX/Drivers/STM32G4xx_HAL_Driver/Inc\\stm32g4xx_ll_dac.hLL_DAC_InitTypeDefTriggerSourceTriggerSource2WaveAutoGenerationWaveAutoGenerationConfigOutputBufferOutputConnectionOutputModeDAC_InitStruct\346\271\003\000\000\000\000\0000\202\2204#\b\2031\2020\034#\b\0032\2020$#\b\2032\2020,#\b\2113\202\220<#\b\t4\202\220D#\b\2114\202\220L#\b\t5\202\220T#\b\2115\202\220\\#\b\t6\202\220d#\b\2116\202\220l#\b\t7\202\220t#\b\2117\202\220|#\b\t\030\214 $a0\202\220\210\301\bBB\006#\bI\031\214 $f0\2225L@L\374\021\000\200h\000\000\000i\000\000\000\000\000\000\000\300H\3260\0011\241'\000\000f\000\000\200\007\000\000\000\000\000\000\000\fe\005LJ\f\001\000\000\001L\350\004\000\000\000\000\000\002\000\000#Y\303\004\274\307\\\000\000x\000\000\220\037\000\000\000\000\000\000\0000P\001\004\002\000\fT\000\204\000\000\363\034\000\031\024\b\200\000\343\020\004\030\030\3008\004\001\006\2070\203\300\022-1\222%\020\200J\330\004\260\022\b\000\000.\001\000\000\000\000\000\000\0003\004/1P\001 \002\000L\344\000V\022\023\264\002\230\004\000\000\000\000\000\0239\300\003\000\000 \023`\000\000\000\000\000\003\025\200\002\000\300<\007@\006\f\030\000\0070\221\003X\013M\200\002P\023\000\000\000\000\000L\344\000\017\000\000\200M\200\001\000\000\000\000L\344\000V\023\023\351\004\224\004\000\000\000\000\000\0239\300\003\000\000\200\023`\000\000\000\000\0003\0203q\0236\221\023\0239@\035\000\000\000\330\004\000\000\000\000\000\0239@\343\304D(\225\304N\200\001\000\000\000\000L\344\000\315\023\023\242T\022;\001\006\000\030\000\000\000L\344\000\r\024\023\243T\022;\001\006\000(\000\000\000L\344\000M\024\023\244T\022;\001\006\0008\000\000\000L\344\000\215\024\023\245T\0226\001\006\000H\000\000\000L\344\000\315\024\023\246T\0226\001\006\000X\000\000\000L\344\000\r\025\023\247T\022;\001\006\000h\000\000\000L\344\000M\025\023\250T\022;\001\006\000x\000\000\000L\344\000\215\025\023\251T\022;\001\006\000\210\000\000\000L\344\000\315\025\023\252T\0226\001\006\000\230\000\000\000L\344\000\r\026\023\253T\022;\001\006\000\250\000\000\000L\344\000M\026\023\254T\022;\001\006\000\270\000\000\000L\344\000\215\026\023\255T\022;\001\006\000\310\000\000\000L\344\000\315\026\023\256T\0226\001\006\000\330\000\000\000L\344\000\r\027\023\257T\022;\001\006\000\350\000\000\000L\344\000M\027\023\260T\022;\001\006\000\370\000\000\000L\344\000\215\027\023\261T\022;\001\006\000\b\001\000\000L\344\000\315\027\023\262T\0226\001\006\000\030\001\000\000L\344\000\r\030\304\304,\225\304N\200\001\000J\000\000\000\0239@\023\0061AK%\261\023`\000\200\023\000\000\300D\016\320\210AL\324RI\354\004\030\000 \005\000\0000\221\0034c\020\023\266T\0226\001\006\000X\001\000\000L\344\000\r\031\304\304-\225\304N\200\001\000Z\000\000\000\0239@S\0061\201K%\261\023`\000\200\027\000\000\300D\016\320\230AL\344RI\354\004\030\000 \006\000\0000\221\0034g\020\023\272T\0226\001\006\000\230\001\000\000L\344\000\r\032\304\304.\225\304N\200\001\000j\000\000\000\0239@\223\0061\301K%\261\023`\000\200\033\000\000\300D\016\320\250AL\364RI\354\004\030\000 \007\000\0000\221\0034k\020\023\276T\0226\001\006\000\330\001\000\000L\344\000\r\033\304\304/\225\304N\200\001\000z\000\000\000\0239@\323\0061\001N%\261\023`\000\200\037\000\000\300D\016\320\270AL\204SI\354\004\030\000 \030\000\000\000L\344\000\315\033\304\2048\225\204M\200\001\000\206\001\000\000\300D\016\320\300AL\214SI\354\004\030\000\240\030\000\000\000L\344\000M\034\304\0049\225\204M\200\001\000\216\001\000\000\300D\016\320\310AL\224SI\354\004\030\000 \031\000\000\000L\344\000\315\034\304\2049\225\304N\200\001\000\226\001\000\000\300D\016\320\320AL\234SI\354\004\030\000\240\031\000\000\000L\344\000M\035\304\004:\225\304N\200\001\000\236\001\000\000\300\fh\300\023=\341\023?\001\026a!\026cA\026ea\026g\201\026i\241\026k\301\026m\341\026o\001\027q!\027sA\027ua\027w\201\027y\241\027{\301\027}\341\027\177\001\032\241!\032\2431\221\0034NL\360\211I\354\004\030\000\000\000\000\300D\016\320\330AL\364\211I\354\004\030\000`\000\000\0000\221\0034w\020\023~b\022;\001\006\000(\000\000\000L\344\000\r\036\304\304\237\230\304N\200\001\000\016\000\000\000\0239@\223\0071\001*&\261\023`\000\200\004\000\000\300D\016\320\350AL\204\212I\354\004\030\000`\001\000\0000\221\0034{\020\023\242b\022;\001\006\000h\000\000\000L\344\000\r\037\304\304\250\230\304N\200\001\000\036\000\000\000\0239@\323\0071A*&\261\023`\000\200\b\000\000\300D\016\320\370AL\224\212I\354\004\030\000`\002\000\0000\221\0034\177\020\023\246b\022;\001\006\000\250\000\000\000L\344\000\r(\304\304\251\230\304N\200\001\000.\000\000\000\0239@\023\n1\201*&\261\023`\000\200\f\000\000\300D\016\320\210BL\244\212I\354\004\030\000`\003\000\0000\221\0034\243\020\023\252b\022;\001\006\000\350\000\000\000L\344\000\r)\304\304\252\230\304N\200\001\000>\000\000\000\0239@S\n1\301*&\261\023`\000\200\020\000\000\300D\016\320\230BL\264\212I\354\004\030\000`\004\000\0000\221\0034\247\020\023\256b\022;\001\006\000(\001\000\000L\344\000\r*\304\304\253\230\304N\200\001\000N\000\000\000\323\024\2049\000\0000C\220\033#YB\000\000\000\260\023\240\000\000\200n\000\000\000\000\000\000\000\300D\016\320\244BL\300\212I\354\006(\000 \005\000\0000\221\0034\252\020\023\261b\022;\001\006\000h\001\000\000L\344\000\315*\304\204\254\230\304N\200\001\000^\000\000\000\0239@\303\n11+&\261\023`\000\200\030\000\000\300\fXi\230\306i\240Fj\250\306j\260Fk\270\306k\300Fl\310\306l\320Fm\330\306m\340\006o\364\206o\374\306\f\3039\264\002:\3140\244\203+\250\303\f\303:\274B:\3140\254\003,\254\303\f\303:\304\302:\3140\254\203,\260\303\f\303:\314\002-\314\020\f\003\025@-\b\0000\221\003X\266\240\022:\001\274\004\000\000\000\000\000\323\005\306\f\301.\3140\350\002{\264\303\fC.\264G;\fT\000\274 \000\300D\016`\365\302{\314\007\200\022\000\000\000\000\000L\344\000\017\000\000\000|\200\001\000\000\000\000L\344\000\215/\274G]\240\204M\200\001\000\000\000\000L\344\000\315/\274\307_\240\204M\200\001\000\006\000\000\000\0239@\003\016\357\221\032(a\023`\000\200\002\000\000\300D\016\320\204\303{\274\006J\330\004\030\000\340\000\000\0000\221\0034\342\360\036\342\201\0226\001\006\000H\000\000\000L\344\000\3158\274\007z\240\204M\200\001\000\026\000\000\000\0239@C\016\357\341\036(a\023`\000\200\006\000\000\300\f\207|\314\007}\324\207}\334\007~\034M\000\034\307q\034\307q\034\307q\034\307q\034\307q\034\307q\234\030\210\201\030\210\201\030\210\201\\\260\205Y\260\205\033\270\001(\270\201\033\240\001[pn`\017\360\340\006\246`\017\360`\017\360\000\n\360 \022(\201\022(\201\022(\201\022(\201\022(\201\022(\201\022(\201\022(\201\022(\341\022.\341\022.\341\022.\341\022.\341\022.\341\022.\341\022.A\0234A\0234A\0234A\0234a?\"\341\022.\341\022.\341\022.\341\022.\341\022.\341\022.\341\022.\341\022.\341\022.\341\022t\300\231\205K\270\204K\270\004\234\320\001\035\320\001\035\320\001\035\320\201E\007\374`qt@\007t\300\017\360\200\022.\341\022.\341\022.\341\0222\022\230\240\\\330\330\354\332\\\310\304\316\\\306\352F\tL\"#66\2736\227\2667\262:\2662\0273\266\260\263\271Q\016\360\b\017\361\030\017\362(\017\363H\205\215\315\256\315%\215\254\314\215n\224\340<\000\000\251\030\000\000/\000\000\000\013\nr(\207w\200\007zXp\230C=\270\3038\260C9\320\303\202\346\034\306\241\r\350A\036\302\301\035\346!\035\350!\035\336\301\035\026(\342P\016\346\360\016\362P\016\351\340\016\363@\017\013\222p0\007z(\007yH\007w\230\007zX\320\214\2039\234C=\204\203<\220\003=\204\203<\234C9\320\303\002\006\036\344\241\034\302\201\035\330\341\035\306!\034\350\241\034\310a\301q\016\343\320\006\354\220\016\366P\016\013\254q`\207pp\207sp\203p\220\207qp\203p\240\007z\b\207q@\207r \207q\b\007v`\207\005\007<\320\203<\204C=\320\003:, \326a\034\314!\035\000\000\000\000\321\020\000\000\006\000\000\000\007\314<\244\203;\234\003;\224\003=\240\203<\224C8\220\303\001\000\000\000a \000\000\321\000\000\000\023\004D,\020\000\000\000\t\000\000\0004\n\020\024\020P\241\000\201\001\001\025\n\020\020\241\006\001Aj\020\020\241\260\201!\001\021\b\230\016\036\000\000\000\000\3610\000\000\210\000\000\000\"G\310\220Q\026\bJ\000\000\000\000\315\301\007W\006\000\000\000LL_DAC_DeInitPeriphs./CubeMX/Drivers/STM32G4xx_HAL_Driver/Inc\\stm32g4xx_ll_bus.hLL_AHB2_GRP1_ForceResetLL_AHB2_GRP1_ReleaseReset\023\204\201\231 $c0AH\316`\202\220\240\301\004!I\203\tB\242\006\023\204d\r&\b\t\033L\020\2226\230 $n0AH\336`\202\220\300\301\004!\211\203\tB\"\007\023\204d\016&\b\t\035L\020\222:XE\035\351\241\037@z\334\006\216\340\006\200\001 \n\202 t\022\000\240#\000\000\000\253\250cG\372\003\330\221R\362\021S\0028\000DA\020\204N\002\000~\004\000\000`V\021\300Hz\304\3071\253\bd$=\344c\320y \201\f!2d$4}\024\310\b`\025u\354\210\177\000;\362N>\002O\000\007\200(\b\202\320I\000@\230\000\000\000\364}\024\310\b`\203\240\0363\261\211\020\200\033\001\306)\002\214\334Bz\334\306L\004\000\000l\brdP\001\360\207\000\000\343\024!F\366cGJ\311&\002\000\0006\b\200Ml\"\004\240G\200\r\001\217\214S\204\032\331\217\035y'\233\b\000\000\330\020\200\311\206X\300\005\367h\007\367p\007\367x\007\367\200\007\367\210\007\367\220\007\367\230\007\367\240\007\367\250\007\367\260\007\367\270\007\367\300\007\367\310\007\367\320\007\367\330\007\367\340\007\367\350\007\367\360\007\367\370\007\367\000\t\367\b\t\367\000\021\367\020\t\367\030\t\367 \t\367\b\021\367\020\021\367\030\021\367 \021\367(\021\3670\021\3678\021\367@\021\367H\021\367P\021\367X\021\367`\021\367h\021\367p\021\367x\221\r\203\230\270\007>L\020\000;\000#\006\007\000\202`\200\354\301\216\377\377\377\017f\376\377\377?\320\372\377\377\3770cP\000\000\214\000@\"#g\f\212\3368`\004\000\2069\206`\270\003\001\017\202\t\003`\304\340\000@\020\f\020>\b\365\377\377\377\201\314\377\377\377\207Z\377\377\377\037f\f\n\000\210\021\032\001F\f\016\000\004\301\000\341\203P\377\377\377\037\300\374\377\377\177\250\365\377\377\377a\306\240\000\200\032\261\021`\226@\2301(\360c\230\021\000\030\250\030\314!`\200\201\212\201\t\024\200\2101g\f\n\000\200\021\000\270`\330\t\003`\330\2000\202!\2300\000\310\030s\302\000\270\200\320\t\003`\330\200@\202!\2300\000f\t\206\031\203\242D\006\030\001\200\005\205\t\003  \006\000\000\006\000\000\000[\004\340E\266\fH &[\006%\020\223-\303\022\210\311\226\241\t\304\004\000\000\000\000a \000\000s\001\000\000\023\004G,\020\000\000\000\007\000\000\000\024J\200F\r\024\340@1\224B\201\224Ky\362T A\251\024\376O\341\017\224\007\000\3610\000\000\200\000\000\000\"G\310\220Q\022\004\034\000\000\000\000\313b@\000LL_DAC_InitDAC_ChannelstatusLL_DAC_IsEnabled\023\204\240XE\035\351\241\037@z\220\t\213\224\t\200\001 \n\202 t\022\000\020#\000\000\000\253\250\343=\372\003x\217\037\024h\004\f\005\200\003@\024\004A\350$\000\300F\000\000\000f\025\301\177\244\007\236\034:\017$\220!D\206\214\204\306\223\003\020\001\314*\202\377H\01789f\025A\210\244G\236\f\263\212\200D\322\003T\222YEP\"\351\021*\305\254\"0\221\364\020\225eV\021\234Hz\214\3121\253\bN$=j\345\230U\004%\222\036\344Rl \324c&l\">6\021\002\260\"\3008E\370\217[H\0172\231\211\000\000\200q\212\360\037\373\221\036db\023\002\000\000\343\024\341?\312!=\310$>\006\000\000\306)\302\177\360Gz\230\211z\000\000\000l Z\304E^\004F\306)\002\210\334\302{\374\2400\023\001\000\000\033\006\233\230\t\233\330D\b\300\214\000\343\024\001D\366\343=~P\260\t\001\000\200\r\202\214\324\310\2068\300\005\367h\007\367p\007\367x\007\367\200\007\367\210\007\367\220\007\367\230\007\367\240\007\367\250\007\367\260\007\367\270\007\367\300\007\367\310\007\367\320\007\367\330\007\367\340\007\367\350\007\367\360\007\367\370\007\367\000\211\366\b\t\367\020\t\367\030\t\367 \211\r\303\215\270G;lxp\301=\332\301=\334\301=\336\301=\340\301=\342\301=\344\301=\346a\303\220#\356\361\016\033\206\033q\017\222\3300\344\210{\264\303\206!G\334\303\0356\f9\342\036\360\260ap\017\367h\207\r\303\215\270\007?l\030r\304=\342a\303\220#\356!\017\033\206\034q\217y\230 \000v0A\030\356`\202\000\340\301\004!8\t\000\000\000#\006\007\000\202`\200\214\302\230\377\377\377\017z\376\377\377?\360\372\377\377\3770cP\000\300\177\000\300\210\301\001\200 \030 \243 \346\377\377\377C\236\377\377\377\017\274\376\377\377?L\030\000#\006\007\000\202`\200\214B\230\377\377\377\017x\376\377\377?\360\372\377\377\3770a\000\214\030\034\000\b\202\0012\n\251\376\377\377?\334\371\377\377\377\300\353\377\377\377\303\204\0010bp\000 \b\006\310(\214\371\377\377\377P\347\377\377\377\003\257\377\377\377\0173\006\005\000\200\210\210\000#\006\007\000\202`\200\214\202\230\377\377\377\017r\376\377\377?\360\372\377\377\3770a\000\0204\346\214A\021\206\002\003\"\"\002\034\224\350\204\001\200~\020\334\300\204\001pC\240\023\006\300pC \200\301\214A1\206\002\003\"\"\002\3142\030A0cP\340\311\361\037\000\320\3330\201\302(\314\030\024pr\215\b\000P0\306\214A\001*Y\211\000\3000\307\020\f\013\261\007\302\214A\001*\t\211\000\000]c\316\030\024\246\222\240\b\000\340t\334\300\204\001pB\260\023\006\300\260\001\241\005C0a\000\3647h\245\020\315\030\024\252\222\240\b\000P0\346\204\001\200\322r\003\023\006\300\005\031O\030\0007\004:a\000P7\306\204\001p\201+\340\204\001\320\333\360\261B+L\030\000\024\2141a\000\\\320\335\204\001pA\246\023\006\300\005\305N\030\000\027T7a\000\\\220\354\204\0010l@8\301\020L\030\000\275\rf0\013\2650cP\304J\202\"\000@\301\030\023\006@\177\203\032\324\2027a\000d0r\302\000\2705(\003\2340\000.\340\005\2350\000.\030`\302\000\310\000\350\204\0010l@\004\307\000L\030\000\263\004\305\214A1+\007\212\000\000\301\301\2303\006\205\255$)\002\000H\006`p\003\023\006\300\005n\300\023\006\300\r\201N\030\000$\007cL\030\000\275\rs\000\016\3420a\000P0\306\204\001pC\260\023\006\300\005b\260\023\006\300\005hp\023\006\300\005\307N\030\000\303\006\304\036\004C0a\000\314\022\024\264\007c\316\030\024\345r\250\b\000\240\033\254\301\rL\030\000\027\344\001O\030\0007\004:a\000P\037\2141a\000\\\360\0067a\000\\0\354\204\0010l@\210B0\004\023\006\300,A\321\337 \n\3550\0073\006\305\273\024$\002\000\024\2149a\000 =\314\301\rL\030\000\027\204\002O\030\0007\004:a\000\3646\224\202<\330\303\204\001@\301\030\023\006@o\303)\320\203(L\030\000\024\2141a\000\\0\354\204\001\320\333\240\n\367`\n\023\006\000\005cL\030\0007\004;a\000\\\340\0077a\000\\\240\354\204\0010l@<\301\020L\030\000\263\004\306\214A\241/\003\211\000\300@E@\"\005O\0003\006\005\000\374\007\000\214\030\034\000\b\202\001R\022\342\376\377\377?\344\373\377\377\377\340\363\377\377\377\303\204\001\260\301\214A\0012\303\177\000@@\f\037\000\000\000[\004\300?\266\fFp#[\206&\310\221-\303\023\334\310\226A\nnd\313@\005:\262e\300\202\035\3312l\001\217l\031\302 \320\221-\303\030\004=\262eP\203\300G\266\fl\020\334\310\226\001\016\202\035\3312\310A\320#[\206;\bnd\313\220\007\301\215l\031\372 \330\221-\003(\0047\262e\030\205\340G\266\f\250\020\200\311\226A\025\2020\3312\264B &[\206X\b~\004\000\000\000\000\000a \000\0002\000\000\000\023\004A,\020\000\000\000\001\000\000\000\244F\000\000\3610\000\000\027\000\000\000\"G\310\220Q\006D\005\021\000\000\000LL_DAC_StructInit\000\000\000\253\250#=\364\003H\217\224\351\017\225\0010\000DA\020\204N\002\000\376\003\000\000`\203\000\304\307&B\000\370\003\030\247\b\373Q\016\351\2212\361\021\000\000\260!\360\217\t\002`\007\000\000\000#\006\007\000\202`\200\324A\236\377\377\377\017{\376\377\377?\270\372\377\377\3770cP\000\300~\000\300\210\001b\204 \030,t \314\301\030\0043\006E\313\260\301~\000\200\316\030\0245\023\354\007\000\004\304\000\000\000\000\002\000\000\000[\004@?\000\000\000\000\000\000\000\000q \000\000\004\000\000\0002\016\020\"\204\000\204\016\030p\375\200\002\314\022\000\000\000\000\000e\f\000\0007\000\000\000\022\003\224\260\001\000\000\000\003\000\000\000I\000\000\000\t\000\000\000L\000\000\000\001\000\000\000X\000\000\000\000\000\000\000X\000\000\000\005\000\000\000\320\000\000\000\000\000\000\000R\000\000\000\031\000\000\000k\000\000\000:\000\000\000\r\000\000\000\000\000\000\000\320\000\000\000\000\000\000\000\000\000\000\000\005\000\000\000\000\000\000\000\000\000\000\000\r\000\000\000\000\000\000\000\r\000\000\000\377\377\377\377\001$\000\000\r\000\000\000\013\000\000\000\r\000\000\000\013\000\000\000\377\377\377\377\001$\000\000\030\000\000\000\021\000\000\000\030\000\000\000\021\000\000\000\377\377\377\377\001$\000\000)\000\000\000\016\000\000\000)\000\000\000\016\000\000\000\377\377\377\377\b,\000\0007\000\000\000\022\000\000\0007\000\000\000\022\000\000\000\377\377\377\377\b,\000\000\000\000\000\000]\f\000\000-\000\000\000\022\003\224e\001\000\000\000LL_DAC_DeInitLL_DAC_InitLL_DAC_StructInitllvm.dbg.valuellvm.memset.p0.i6416.0.0gitthumbv7em-arm-none-eabihfCubeMX/Drivers/STM32G4xx_HAL_Driver/Src/stm32g4xx_ll_dac.c\000\000\000\000\000\000"
	.size	.Lllvm.embedded.module, 10172

	.section	.debug_abbrev,"",%progbits
	.byte	1                               @ Abbreviation Code
	.byte	17                              @ DW_TAG_compile_unit
	.byte	1                               @ DW_CHILDREN_yes
	.byte	37                              @ DW_AT_producer
	.byte	14                              @ DW_FORM_strp
	.byte	19                              @ DW_AT_language
	.byte	5                               @ DW_FORM_data2
	.byte	3                               @ DW_AT_name
	.byte	14                              @ DW_FORM_strp
	.byte	16                              @ DW_AT_stmt_list
	.byte	23                              @ DW_FORM_sec_offset
	.byte	27                              @ DW_AT_comp_dir
	.byte	14                              @ DW_FORM_strp
	.byte	0                               @ EOM(1)
	.byte	0                               @ EOM(2)
	.byte	2                               @ Abbreviation Code
	.byte	4                               @ DW_TAG_enumeration_type
	.byte	1                               @ DW_CHILDREN_yes
	.byte	73                              @ DW_AT_type
	.byte	19                              @ DW_FORM_ref4
	.byte	11                              @ DW_AT_byte_size
	.byte	11                              @ DW_FORM_data1
	.byte	58                              @ DW_AT_decl_file
	.byte	11                              @ DW_FORM_data1
	.byte	59                              @ DW_AT_decl_line
	.byte	11                              @ DW_FORM_data1
	.byte	0                               @ EOM(1)
	.byte	0                               @ EOM(2)
	.byte	3                               @ Abbreviation Code
	.byte	40                              @ DW_TAG_enumerator
	.byte	0                               @ DW_CHILDREN_no
	.byte	3                               @ DW_AT_name
	.byte	14                              @ DW_FORM_strp
	.byte	28                              @ DW_AT_const_value
	.byte	15                              @ DW_FORM_udata
	.byte	0                               @ EOM(1)
	.byte	0                               @ EOM(2)
	.byte	4                               @ Abbreviation Code
	.byte	36                              @ DW_TAG_base_type
	.byte	0                               @ DW_CHILDREN_no
	.byte	3                               @ DW_AT_name
	.byte	14                              @ DW_FORM_strp
	.byte	62                              @ DW_AT_encoding
	.byte	11                              @ DW_FORM_data1
	.byte	11                              @ DW_AT_byte_size
	.byte	11                              @ DW_FORM_data1
	.byte	0                               @ EOM(1)
	.byte	0                               @ EOM(2)
	.byte	5                               @ Abbreviation Code
	.byte	15                              @ DW_TAG_pointer_type
	.byte	0                               @ DW_CHILDREN_no
	.byte	73                              @ DW_AT_type
	.byte	19                              @ DW_FORM_ref4
	.byte	0                               @ EOM(1)
	.byte	0                               @ EOM(2)
	.byte	6                               @ Abbreviation Code
	.byte	22                              @ DW_TAG_typedef
	.byte	0                               @ DW_CHILDREN_no
	.byte	73                              @ DW_AT_type
	.byte	19                              @ DW_FORM_ref4
	.byte	3                               @ DW_AT_name
	.byte	14                              @ DW_FORM_strp
	.byte	58                              @ DW_AT_decl_file
	.byte	11                              @ DW_FORM_data1
	.byte	59                              @ DW_AT_decl_line
	.byte	5                               @ DW_FORM_data2
	.byte	0                               @ EOM(1)
	.byte	0                               @ EOM(2)
	.byte	7                               @ Abbreviation Code
	.byte	19                              @ DW_TAG_structure_type
	.byte	1                               @ DW_CHILDREN_yes
	.byte	11                              @ DW_AT_byte_size
	.byte	11                              @ DW_FORM_data1
	.byte	58                              @ DW_AT_decl_file
	.byte	11                              @ DW_FORM_data1
	.byte	59                              @ DW_AT_decl_line
	.byte	5                               @ DW_FORM_data2
	.byte	0                               @ EOM(1)
	.byte	0                               @ EOM(2)
	.byte	8                               @ Abbreviation Code
	.byte	13                              @ DW_TAG_member
	.byte	0                               @ DW_CHILDREN_no
	.byte	3                               @ DW_AT_name
	.byte	14                              @ DW_FORM_strp
	.byte	73                              @ DW_AT_type
	.byte	19                              @ DW_FORM_ref4
	.byte	58                              @ DW_AT_decl_file
	.byte	11                              @ DW_FORM_data1
	.byte	59                              @ DW_AT_decl_line
	.byte	5                               @ DW_FORM_data2
	.byte	56                              @ DW_AT_data_member_location
	.byte	11                              @ DW_FORM_data1
	.byte	0                               @ EOM(1)
	.byte	0                               @ EOM(2)
	.byte	9                               @ Abbreviation Code
	.byte	53                              @ DW_TAG_volatile_type
	.byte	0                               @ DW_CHILDREN_no
	.byte	73                              @ DW_AT_type
	.byte	19                              @ DW_FORM_ref4
	.byte	0                               @ EOM(1)
	.byte	0                               @ EOM(2)
	.byte	10                              @ Abbreviation Code
	.byte	22                              @ DW_TAG_typedef
	.byte	0                               @ DW_CHILDREN_no
	.byte	73                              @ DW_AT_type
	.byte	19                              @ DW_FORM_ref4
	.byte	3                               @ DW_AT_name
	.byte	14                              @ DW_FORM_strp
	.byte	58                              @ DW_AT_decl_file
	.byte	11                              @ DW_FORM_data1
	.byte	59                              @ DW_AT_decl_line
	.byte	11                              @ DW_FORM_data1
	.byte	0                               @ EOM(1)
	.byte	0                               @ EOM(2)
	.byte	11                              @ Abbreviation Code
	.byte	1                               @ DW_TAG_array_type
	.byte	1                               @ DW_CHILDREN_yes
	.byte	73                              @ DW_AT_type
	.byte	19                              @ DW_FORM_ref4
	.byte	0                               @ EOM(1)
	.byte	0                               @ EOM(2)
	.byte	12                              @ Abbreviation Code
	.byte	33                              @ DW_TAG_subrange_type
	.byte	0                               @ DW_CHILDREN_no
	.byte	73                              @ DW_AT_type
	.byte	19                              @ DW_FORM_ref4
	.byte	55                              @ DW_AT_count
	.byte	11                              @ DW_FORM_data1
	.byte	0                               @ EOM(1)
	.byte	0                               @ EOM(2)
	.byte	13                              @ Abbreviation Code
	.byte	36                              @ DW_TAG_base_type
	.byte	0                               @ DW_CHILDREN_no
	.byte	3                               @ DW_AT_name
	.byte	14                              @ DW_FORM_strp
	.byte	11                              @ DW_AT_byte_size
	.byte	11                              @ DW_FORM_data1
	.byte	62                              @ DW_AT_encoding
	.byte	11                              @ DW_FORM_data1
	.byte	0                               @ EOM(1)
	.byte	0                               @ EOM(2)
	.byte	0                               @ EOM(3)
	.section	.debug_info,"",%progbits
.Lcu_begin0:
	.long	.Ldebug_info_end0-.Ldebug_info_start0 @ Length of Unit
.Ldebug_info_start0:
	.short	4                               @ DWARF version number
	.long	.debug_abbrev                   @ Offset Into Abbrev. Section
	.byte	4                               @ Address Size (in bytes)
	.byte	1                               @ Abbrev [1] 0xb:0x3cd DW_TAG_compile_unit
	.long	.Linfo_string0                  @ DW_AT_producer
	.short	12                              @ DW_AT_language
	.long	.Linfo_string1                  @ DW_AT_name
	.long	.Lline_table_start0             @ DW_AT_stmt_list
	.long	.Linfo_string2                  @ DW_AT_comp_dir
	.byte	2                               @ Abbrev [2] 0x1e:0x15 DW_TAG_enumeration_type
	.long	51                              @ DW_AT_type
	.byte	1                               @ DW_AT_byte_size
	.byte	1                               @ DW_AT_decl_file
	.byte	150                             @ DW_AT_decl_line
	.byte	3                               @ Abbrev [3] 0x26:0x6 DW_TAG_enumerator
	.long	.Linfo_string4                  @ DW_AT_name
	.byte	0                               @ DW_AT_const_value
	.byte	3                               @ Abbrev [3] 0x2c:0x6 DW_TAG_enumerator
	.long	.Linfo_string5                  @ DW_AT_name
	.byte	1                               @ DW_AT_const_value
	.byte	0                               @ End Of Children Mark
	.byte	4                               @ Abbrev [4] 0x33:0x7 DW_TAG_base_type
	.long	.Linfo_string3                  @ DW_AT_name
	.byte	8                               @ DW_AT_encoding
	.byte	1                               @ DW_AT_byte_size
	.byte	5                               @ Abbrev [5] 0x3a:0x5 DW_TAG_pointer_type
	.long	63                              @ DW_AT_type
	.byte	6                               @ Abbrev [6] 0x3f:0xc DW_TAG_typedef
	.long	75                              @ DW_AT_type
	.long	.Linfo_string33                 @ DW_AT_name
	.byte	3                               @ DW_AT_decl_file
	.short	340                             @ DW_AT_decl_line
	.byte	7                               @ Abbrev [7] 0x4b:0x13e DW_TAG_structure_type
	.byte	100                             @ DW_AT_byte_size
	.byte	3                               @ DW_AT_decl_file
	.short	314                             @ DW_AT_decl_line
	.byte	8                               @ Abbrev [8] 0x50:0xd DW_TAG_member
	.long	.Linfo_string6                  @ DW_AT_name
	.long	393                             @ DW_AT_type
	.byte	3                               @ DW_AT_decl_file
	.short	316                             @ DW_AT_decl_line
	.byte	0                               @ DW_AT_data_member_location
	.byte	8                               @ Abbrev [8] 0x5d:0xd DW_TAG_member
	.long	.Linfo_string9                  @ DW_AT_name
	.long	393                             @ DW_AT_type
	.byte	3                               @ DW_AT_decl_file
	.short	317                             @ DW_AT_decl_line
	.byte	4                               @ DW_AT_data_member_location
	.byte	8                               @ Abbrev [8] 0x6a:0xd DW_TAG_member
	.long	.Linfo_string10                 @ DW_AT_name
	.long	393                             @ DW_AT_type
	.byte	3                               @ DW_AT_decl_file
	.short	318                             @ DW_AT_decl_line
	.byte	8                               @ DW_AT_data_member_location
	.byte	8                               @ Abbrev [8] 0x77:0xd DW_TAG_member
	.long	.Linfo_string11                 @ DW_AT_name
	.long	393                             @ DW_AT_type
	.byte	3                               @ DW_AT_decl_file
	.short	319                             @ DW_AT_decl_line
	.byte	12                              @ DW_AT_data_member_location
	.byte	8                               @ Abbrev [8] 0x84:0xd DW_TAG_member
	.long	.Linfo_string12                 @ DW_AT_name
	.long	393                             @ DW_AT_type
	.byte	3                               @ DW_AT_decl_file
	.short	320                             @ DW_AT_decl_line
	.byte	16                              @ DW_AT_data_member_location
	.byte	8                               @ Abbrev [8] 0x91:0xd DW_TAG_member
	.long	.Linfo_string13                 @ DW_AT_name
	.long	393                             @ DW_AT_type
	.byte	3                               @ DW_AT_decl_file
	.short	321                             @ DW_AT_decl_line
	.byte	20                              @ DW_AT_data_member_location
	.byte	8                               @ Abbrev [8] 0x9e:0xd DW_TAG_member
	.long	.Linfo_string14                 @ DW_AT_name
	.long	393                             @ DW_AT_type
	.byte	3                               @ DW_AT_decl_file
	.short	322                             @ DW_AT_decl_line
	.byte	24                              @ DW_AT_data_member_location
	.byte	8                               @ Abbrev [8] 0xab:0xd DW_TAG_member
	.long	.Linfo_string15                 @ DW_AT_name
	.long	393                             @ DW_AT_type
	.byte	3                               @ DW_AT_decl_file
	.short	323                             @ DW_AT_decl_line
	.byte	28                              @ DW_AT_data_member_location
	.byte	8                               @ Abbrev [8] 0xb8:0xd DW_TAG_member
	.long	.Linfo_string16                 @ DW_AT_name
	.long	393                             @ DW_AT_type
	.byte	3                               @ DW_AT_decl_file
	.short	324                             @ DW_AT_decl_line
	.byte	32                              @ DW_AT_data_member_location
	.byte	8                               @ Abbrev [8] 0xc5:0xd DW_TAG_member
	.long	.Linfo_string17                 @ DW_AT_name
	.long	393                             @ DW_AT_type
	.byte	3                               @ DW_AT_decl_file
	.short	325                             @ DW_AT_decl_line
	.byte	36                              @ DW_AT_data_member_location
	.byte	8                               @ Abbrev [8] 0xd2:0xd DW_TAG_member
	.long	.Linfo_string18                 @ DW_AT_name
	.long	393                             @ DW_AT_type
	.byte	3                               @ DW_AT_decl_file
	.short	326                             @ DW_AT_decl_line
	.byte	40                              @ DW_AT_data_member_location
	.byte	8                               @ Abbrev [8] 0xdf:0xd DW_TAG_member
	.long	.Linfo_string19                 @ DW_AT_name
	.long	393                             @ DW_AT_type
	.byte	3                               @ DW_AT_decl_file
	.short	327                             @ DW_AT_decl_line
	.byte	44                              @ DW_AT_data_member_location
	.byte	8                               @ Abbrev [8] 0xec:0xd DW_TAG_member
	.long	.Linfo_string20                 @ DW_AT_name
	.long	393                             @ DW_AT_type
	.byte	3                               @ DW_AT_decl_file
	.short	328                             @ DW_AT_decl_line
	.byte	48                              @ DW_AT_data_member_location
	.byte	8                               @ Abbrev [8] 0xf9:0xd DW_TAG_member
	.long	.Linfo_string21                 @ DW_AT_name
	.long	393                             @ DW_AT_type
	.byte	3                               @ DW_AT_decl_file
	.short	329                             @ DW_AT_decl_line
	.byte	52                              @ DW_AT_data_member_location
	.byte	8                               @ Abbrev [8] 0x106:0xd DW_TAG_member
	.long	.Linfo_string22                 @ DW_AT_name
	.long	393                             @ DW_AT_type
	.byte	3                               @ DW_AT_decl_file
	.short	330                             @ DW_AT_decl_line
	.byte	56                              @ DW_AT_data_member_location
	.byte	8                               @ Abbrev [8] 0x113:0xd DW_TAG_member
	.long	.Linfo_string23                 @ DW_AT_name
	.long	393                             @ DW_AT_type
	.byte	3                               @ DW_AT_decl_file
	.short	331                             @ DW_AT_decl_line
	.byte	60                              @ DW_AT_data_member_location
	.byte	8                               @ Abbrev [8] 0x120:0xd DW_TAG_member
	.long	.Linfo_string24                 @ DW_AT_name
	.long	393                             @ DW_AT_type
	.byte	3                               @ DW_AT_decl_file
	.short	332                             @ DW_AT_decl_line
	.byte	64                              @ DW_AT_data_member_location
	.byte	8                               @ Abbrev [8] 0x12d:0xd DW_TAG_member
	.long	.Linfo_string25                 @ DW_AT_name
	.long	393                             @ DW_AT_type
	.byte	3                               @ DW_AT_decl_file
	.short	333                             @ DW_AT_decl_line
	.byte	68                              @ DW_AT_data_member_location
	.byte	8                               @ Abbrev [8] 0x13a:0xd DW_TAG_member
	.long	.Linfo_string26                 @ DW_AT_name
	.long	393                             @ DW_AT_type
	.byte	3                               @ DW_AT_decl_file
	.short	334                             @ DW_AT_decl_line
	.byte	72                              @ DW_AT_data_member_location
	.byte	8                               @ Abbrev [8] 0x147:0xd DW_TAG_member
	.long	.Linfo_string27                 @ DW_AT_name
	.long	393                             @ DW_AT_type
	.byte	3                               @ DW_AT_decl_file
	.short	335                             @ DW_AT_decl_line
	.byte	76                              @ DW_AT_data_member_location
	.byte	8                               @ Abbrev [8] 0x154:0xd DW_TAG_member
	.long	.Linfo_string28                 @ DW_AT_name
	.long	416                             @ DW_AT_type
	.byte	3                               @ DW_AT_decl_file
	.short	336                             @ DW_AT_decl_line
	.byte	80                              @ DW_AT_data_member_location
	.byte	8                               @ Abbrev [8] 0x161:0xd DW_TAG_member
	.long	.Linfo_string30                 @ DW_AT_name
	.long	393                             @ DW_AT_type
	.byte	3                               @ DW_AT_decl_file
	.short	337                             @ DW_AT_decl_line
	.byte	88                              @ DW_AT_data_member_location
	.byte	8                               @ Abbrev [8] 0x16e:0xd DW_TAG_member
	.long	.Linfo_string31                 @ DW_AT_name
	.long	393                             @ DW_AT_type
	.byte	3                               @ DW_AT_decl_file
	.short	338                             @ DW_AT_decl_line
	.byte	92                              @ DW_AT_data_member_location
	.byte	8                               @ Abbrev [8] 0x17b:0xd DW_TAG_member
	.long	.Linfo_string32                 @ DW_AT_name
	.long	393                             @ DW_AT_type
	.byte	3                               @ DW_AT_decl_file
	.short	339                             @ DW_AT_decl_line
	.byte	96                              @ DW_AT_data_member_location
	.byte	0                               @ End Of Children Mark
	.byte	9                               @ Abbrev [9] 0x189:0x5 DW_TAG_volatile_type
	.long	398                             @ DW_AT_type
	.byte	10                              @ Abbrev [10] 0x18e:0xb DW_TAG_typedef
	.long	409                             @ DW_AT_type
	.long	.Linfo_string8                  @ DW_AT_name
	.byte	2                               @ DW_AT_decl_file
	.byte	64                              @ DW_AT_decl_line
	.byte	4                               @ Abbrev [4] 0x199:0x7 DW_TAG_base_type
	.long	.Linfo_string7                  @ DW_AT_name
	.byte	7                               @ DW_AT_encoding
	.byte	4                               @ DW_AT_byte_size
	.byte	11                              @ Abbrev [11] 0x1a0:0xc DW_TAG_array_type
	.long	393                             @ DW_AT_type
	.byte	12                              @ Abbrev [12] 0x1a5:0x6 DW_TAG_subrange_type
	.long	428                             @ DW_AT_type
	.byte	2                               @ DW_AT_count
	.byte	0                               @ End Of Children Mark
	.byte	13                              @ Abbrev [13] 0x1ac:0x7 DW_TAG_base_type
	.long	.Linfo_string29                 @ DW_AT_name
	.byte	8                               @ DW_AT_byte_size
	.byte	7                               @ DW_AT_encoding
	.byte	5                               @ Abbrev [5] 0x1b3:0x5 DW_TAG_pointer_type
	.long	398                             @ DW_AT_type
	.byte	5                               @ Abbrev [5] 0x1b8:0x5 DW_TAG_pointer_type
	.long	445                             @ DW_AT_type
	.byte	6                               @ Abbrev [6] 0x1bd:0xc DW_TAG_typedef
	.long	457                             @ DW_AT_type
	.long	.Linfo_string73                 @ DW_AT_name
	.byte	3                               @ DW_AT_decl_file
	.short	617                             @ DW_AT_decl_line
	.byte	7                               @ Abbrev [7] 0x1c9:0x20e DW_TAG_structure_type
	.byte	160                             @ DW_AT_byte_size
	.byte	3                               @ DW_AT_decl_file
	.short	575                             @ DW_AT_decl_line
	.byte	8                               @ Abbrev [8] 0x1ce:0xd DW_TAG_member
	.long	.Linfo_string6                  @ DW_AT_name
	.long	393                             @ DW_AT_type
	.byte	3                               @ DW_AT_decl_file
	.short	577                             @ DW_AT_decl_line
	.byte	0                               @ DW_AT_data_member_location
	.byte	8                               @ Abbrev [8] 0x1db:0xd DW_TAG_member
	.long	.Linfo_string34                 @ DW_AT_name
	.long	393                             @ DW_AT_type
	.byte	3                               @ DW_AT_decl_file
	.short	578                             @ DW_AT_decl_line
	.byte	4                               @ DW_AT_data_member_location
	.byte	8                               @ Abbrev [8] 0x1e8:0xd DW_TAG_member
	.long	.Linfo_string35                 @ DW_AT_name
	.long	393                             @ DW_AT_type
	.byte	3                               @ DW_AT_decl_file
	.short	579                             @ DW_AT_decl_line
	.byte	8                               @ DW_AT_data_member_location
	.byte	8                               @ Abbrev [8] 0x1f5:0xd DW_TAG_member
	.long	.Linfo_string36                 @ DW_AT_name
	.long	393                             @ DW_AT_type
	.byte	3                               @ DW_AT_decl_file
	.short	580                             @ DW_AT_decl_line
	.byte	12                              @ DW_AT_data_member_location
	.byte	8                               @ Abbrev [8] 0x202:0xd DW_TAG_member
	.long	.Linfo_string37                 @ DW_AT_name
	.long	398                             @ DW_AT_type
	.byte	3                               @ DW_AT_decl_file
	.short	581                             @ DW_AT_decl_line
	.byte	16                              @ DW_AT_data_member_location
	.byte	8                               @ Abbrev [8] 0x20f:0xd DW_TAG_member
	.long	.Linfo_string38                 @ DW_AT_name
	.long	398                             @ DW_AT_type
	.byte	3                               @ DW_AT_decl_file
	.short	582                             @ DW_AT_decl_line
	.byte	20                              @ DW_AT_data_member_location
	.byte	8                               @ Abbrev [8] 0x21c:0xd DW_TAG_member
	.long	.Linfo_string39                 @ DW_AT_name
	.long	393                             @ DW_AT_type
	.byte	3                               @ DW_AT_decl_file
	.short	583                             @ DW_AT_decl_line
	.byte	24                              @ DW_AT_data_member_location
	.byte	8                               @ Abbrev [8] 0x229:0xd DW_TAG_member
	.long	.Linfo_string40                 @ DW_AT_name
	.long	393                             @ DW_AT_type
	.byte	3                               @ DW_AT_decl_file
	.short	584                             @ DW_AT_decl_line
	.byte	28                              @ DW_AT_data_member_location
	.byte	8                               @ Abbrev [8] 0x236:0xd DW_TAG_member
	.long	.Linfo_string41                 @ DW_AT_name
	.long	393                             @ DW_AT_type
	.byte	3                               @ DW_AT_decl_file
	.short	585                             @ DW_AT_decl_line
	.byte	32                              @ DW_AT_data_member_location
	.byte	8                               @ Abbrev [8] 0x243:0xd DW_TAG_member
	.long	.Linfo_string42                 @ DW_AT_name
	.long	398                             @ DW_AT_type
	.byte	3                               @ DW_AT_decl_file
	.short	586                             @ DW_AT_decl_line
	.byte	36                              @ DW_AT_data_member_location
	.byte	8                               @ Abbrev [8] 0x250:0xd DW_TAG_member
	.long	.Linfo_string43                 @ DW_AT_name
	.long	393                             @ DW_AT_type
	.byte	3                               @ DW_AT_decl_file
	.short	587                             @ DW_AT_decl_line
	.byte	40                              @ DW_AT_data_member_location
	.byte	8                               @ Abbrev [8] 0x25d:0xd DW_TAG_member
	.long	.Linfo_string44                 @ DW_AT_name
	.long	393                             @ DW_AT_type
	.byte	3                               @ DW_AT_decl_file
	.short	588                             @ DW_AT_decl_line
	.byte	44                              @ DW_AT_data_member_location
	.byte	8                               @ Abbrev [8] 0x26a:0xd DW_TAG_member
	.long	.Linfo_string45                 @ DW_AT_name
	.long	393                             @ DW_AT_type
	.byte	3                               @ DW_AT_decl_file
	.short	589                             @ DW_AT_decl_line
	.byte	48                              @ DW_AT_data_member_location
	.byte	8                               @ Abbrev [8] 0x277:0xd DW_TAG_member
	.long	.Linfo_string46                 @ DW_AT_name
	.long	398                             @ DW_AT_type
	.byte	3                               @ DW_AT_decl_file
	.short	590                             @ DW_AT_decl_line
	.byte	52                              @ DW_AT_data_member_location
	.byte	8                               @ Abbrev [8] 0x284:0xd DW_TAG_member
	.long	.Linfo_string47                 @ DW_AT_name
	.long	393                             @ DW_AT_type
	.byte	3                               @ DW_AT_decl_file
	.short	591                             @ DW_AT_decl_line
	.byte	56                              @ DW_AT_data_member_location
	.byte	8                               @ Abbrev [8] 0x291:0xd DW_TAG_member
	.long	.Linfo_string48                 @ DW_AT_name
	.long	393                             @ DW_AT_type
	.byte	3                               @ DW_AT_decl_file
	.short	592                             @ DW_AT_decl_line
	.byte	60                              @ DW_AT_data_member_location
	.byte	8                               @ Abbrev [8] 0x29e:0xd DW_TAG_member
	.long	.Linfo_string49                 @ DW_AT_name
	.long	393                             @ DW_AT_type
	.byte	3                               @ DW_AT_decl_file
	.short	593                             @ DW_AT_decl_line
	.byte	64                              @ DW_AT_data_member_location
	.byte	8                               @ Abbrev [8] 0x2ab:0xd DW_TAG_member
	.long	.Linfo_string50                 @ DW_AT_name
	.long	398                             @ DW_AT_type
	.byte	3                               @ DW_AT_decl_file
	.short	594                             @ DW_AT_decl_line
	.byte	68                              @ DW_AT_data_member_location
	.byte	8                               @ Abbrev [8] 0x2b8:0xd DW_TAG_member
	.long	.Linfo_string51                 @ DW_AT_name
	.long	393                             @ DW_AT_type
	.byte	3                               @ DW_AT_decl_file
	.short	595                             @ DW_AT_decl_line
	.byte	72                              @ DW_AT_data_member_location
	.byte	8                               @ Abbrev [8] 0x2c5:0xd DW_TAG_member
	.long	.Linfo_string52                 @ DW_AT_name
	.long	393                             @ DW_AT_type
	.byte	3                               @ DW_AT_decl_file
	.short	596                             @ DW_AT_decl_line
	.byte	76                              @ DW_AT_data_member_location
	.byte	8                               @ Abbrev [8] 0x2d2:0xd DW_TAG_member
	.long	.Linfo_string53                 @ DW_AT_name
	.long	393                             @ DW_AT_type
	.byte	3                               @ DW_AT_decl_file
	.short	597                             @ DW_AT_decl_line
	.byte	80                              @ DW_AT_data_member_location
	.byte	8                               @ Abbrev [8] 0x2df:0xd DW_TAG_member
	.long	.Linfo_string54                 @ DW_AT_name
	.long	398                             @ DW_AT_type
	.byte	3                               @ DW_AT_decl_file
	.short	598                             @ DW_AT_decl_line
	.byte	84                              @ DW_AT_data_member_location
	.byte	8                               @ Abbrev [8] 0x2ec:0xd DW_TAG_member
	.long	.Linfo_string55                 @ DW_AT_name
	.long	393                             @ DW_AT_type
	.byte	3                               @ DW_AT_decl_file
	.short	599                             @ DW_AT_decl_line
	.byte	88                              @ DW_AT_data_member_location
	.byte	8                               @ Abbrev [8] 0x2f9:0xd DW_TAG_member
	.long	.Linfo_string56                 @ DW_AT_name
	.long	393                             @ DW_AT_type
	.byte	3                               @ DW_AT_decl_file
	.short	600                             @ DW_AT_decl_line
	.byte	92                              @ DW_AT_data_member_location
	.byte	8                               @ Abbrev [8] 0x306:0xd DW_TAG_member
	.long	.Linfo_string57                 @ DW_AT_name
	.long	393                             @ DW_AT_type
	.byte	3                               @ DW_AT_decl_file
	.short	601                             @ DW_AT_decl_line
	.byte	96                              @ DW_AT_data_member_location
	.byte	8                               @ Abbrev [8] 0x313:0xd DW_TAG_member
	.long	.Linfo_string58                 @ DW_AT_name
	.long	398                             @ DW_AT_type
	.byte	3                               @ DW_AT_decl_file
	.short	602                             @ DW_AT_decl_line
	.byte	100                             @ DW_AT_data_member_location
	.byte	8                               @ Abbrev [8] 0x320:0xd DW_TAG_member
	.long	.Linfo_string59                 @ DW_AT_name
	.long	393                             @ DW_AT_type
	.byte	3                               @ DW_AT_decl_file
	.short	603                             @ DW_AT_decl_line
	.byte	104                             @ DW_AT_data_member_location
	.byte	8                               @ Abbrev [8] 0x32d:0xd DW_TAG_member
	.long	.Linfo_string60                 @ DW_AT_name
	.long	393                             @ DW_AT_type
	.byte	3                               @ DW_AT_decl_file
	.short	604                             @ DW_AT_decl_line
	.byte	108                             @ DW_AT_data_member_location
	.byte	8                               @ Abbrev [8] 0x33a:0xd DW_TAG_member
	.long	.Linfo_string61                 @ DW_AT_name
	.long	393                             @ DW_AT_type
	.byte	3                               @ DW_AT_decl_file
	.short	605                             @ DW_AT_decl_line
	.byte	112                             @ DW_AT_data_member_location
	.byte	8                               @ Abbrev [8] 0x347:0xd DW_TAG_member
	.long	.Linfo_string62                 @ DW_AT_name
	.long	398                             @ DW_AT_type
	.byte	3                               @ DW_AT_decl_file
	.short	606                             @ DW_AT_decl_line
	.byte	116                             @ DW_AT_data_member_location
	.byte	8                               @ Abbrev [8] 0x354:0xd DW_TAG_member
	.long	.Linfo_string63                 @ DW_AT_name
	.long	393                             @ DW_AT_type
	.byte	3                               @ DW_AT_decl_file
	.short	607                             @ DW_AT_decl_line
	.byte	120                             @ DW_AT_data_member_location
	.byte	8                               @ Abbrev [8] 0x361:0xd DW_TAG_member
	.long	.Linfo_string64                 @ DW_AT_name
	.long	393                             @ DW_AT_type
	.byte	3                               @ DW_AT_decl_file
	.short	608                             @ DW_AT_decl_line
	.byte	124                             @ DW_AT_data_member_location
	.byte	8                               @ Abbrev [8] 0x36e:0xd DW_TAG_member
	.long	.Linfo_string65                 @ DW_AT_name
	.long	393                             @ DW_AT_type
	.byte	3                               @ DW_AT_decl_file
	.short	609                             @ DW_AT_decl_line
	.byte	128                             @ DW_AT_data_member_location
	.byte	8                               @ Abbrev [8] 0x37b:0xd DW_TAG_member
	.long	.Linfo_string66                 @ DW_AT_name
	.long	398                             @ DW_AT_type
	.byte	3                               @ DW_AT_decl_file
	.short	610                             @ DW_AT_decl_line
	.byte	132                             @ DW_AT_data_member_location
	.byte	8                               @ Abbrev [8] 0x388:0xd DW_TAG_member
	.long	.Linfo_string67                 @ DW_AT_name
	.long	393                             @ DW_AT_type
	.byte	3                               @ DW_AT_decl_file
	.short	611                             @ DW_AT_decl_line
	.byte	136                             @ DW_AT_data_member_location
	.byte	8                               @ Abbrev [8] 0x395:0xd DW_TAG_member
	.long	.Linfo_string68                 @ DW_AT_name
	.long	398                             @ DW_AT_type
	.byte	3                               @ DW_AT_decl_file
	.short	612                             @ DW_AT_decl_line
	.byte	140                             @ DW_AT_data_member_location
	.byte	8                               @ Abbrev [8] 0x3a2:0xd DW_TAG_member
	.long	.Linfo_string69                 @ DW_AT_name
	.long	393                             @ DW_AT_type
	.byte	3                               @ DW_AT_decl_file
	.short	613                             @ DW_AT_decl_line
	.byte	144                             @ DW_AT_data_member_location
	.byte	8                               @ Abbrev [8] 0x3af:0xd DW_TAG_member
	.long	.Linfo_string70                 @ DW_AT_name
	.long	393                             @ DW_AT_type
	.byte	3                               @ DW_AT_decl_file
	.short	614                             @ DW_AT_decl_line
	.byte	148                             @ DW_AT_data_member_location
	.byte	8                               @ Abbrev [8] 0x3bc:0xd DW_TAG_member
	.long	.Linfo_string71                 @ DW_AT_name
	.long	393                             @ DW_AT_type
	.byte	3                               @ DW_AT_decl_file
	.short	615                             @ DW_AT_decl_line
	.byte	152                             @ DW_AT_data_member_location
	.byte	8                               @ Abbrev [8] 0x3c9:0xd DW_TAG_member
	.long	.Linfo_string72                 @ DW_AT_name
	.long	393                             @ DW_AT_type
	.byte	3                               @ DW_AT_decl_file
	.short	616                             @ DW_AT_decl_line
	.byte	156                             @ DW_AT_data_member_location
	.byte	0                               @ End Of Children Mark
	.byte	0                               @ End Of Children Mark
.Ldebug_info_end0:
	.section	.debug_str,"MS",%progbits,1
.Linfo_string0:
	.asciz	"Component: Arm Compiler for Embedded 6.19 Tool: armclang [5e73cb00]" @ string offset=0
.Linfo_string1:
	.asciz	"CubeMX/Drivers/STM32G4xx_HAL_Driver/Src\\stm32g4xx_ll_dac.c" @ string offset=68
.Linfo_string2:
	.asciz	"C:\\Users\\CHALLENGER\\Documents\\KeXieData\\Project\\DigitalPower\\BootLoader" @ string offset=127
.Linfo_string3:
	.asciz	"unsigned char"                 @ string offset=199
.Linfo_string4:
	.asciz	"SUCCESS"                       @ string offset=213
.Linfo_string5:
	.asciz	"ERROR"                         @ string offset=221
.Linfo_string6:
	.asciz	"CR"                            @ string offset=227
.Linfo_string7:
	.asciz	"unsigned int"                  @ string offset=230
.Linfo_string8:
	.asciz	"uint32_t"                      @ string offset=243
.Linfo_string9:
	.asciz	"SWTRIGR"                       @ string offset=252
.Linfo_string10:
	.asciz	"DHR12R1"                       @ string offset=260
.Linfo_string11:
	.asciz	"DHR12L1"                       @ string offset=268
.Linfo_string12:
	.asciz	"DHR8R1"                        @ string offset=276
.Linfo_string13:
	.asciz	"DHR12R2"                       @ string offset=283
.Linfo_string14:
	.asciz	"DHR12L2"                       @ string offset=291
.Linfo_string15:
	.asciz	"DHR8R2"                        @ string offset=299
.Linfo_string16:
	.asciz	"DHR12RD"                       @ string offset=306
.Linfo_string17:
	.asciz	"DHR12LD"                       @ string offset=314
.Linfo_string18:
	.asciz	"DHR8RD"                        @ string offset=322
.Linfo_string19:
	.asciz	"DOR1"                          @ string offset=329
.Linfo_string20:
	.asciz	"DOR2"                          @ string offset=334
.Linfo_string21:
	.asciz	"SR"                            @ string offset=339
.Linfo_string22:
	.asciz	"CCR"                           @ string offset=342
.Linfo_string23:
	.asciz	"MCR"                           @ string offset=346
.Linfo_string24:
	.asciz	"SHSR1"                         @ string offset=350
.Linfo_string25:
	.asciz	"SHSR2"                         @ string offset=356
.Linfo_string26:
	.asciz	"SHHR"                          @ string offset=362
.Linfo_string27:
	.asciz	"SHRR"                          @ string offset=367
.Linfo_string28:
	.asciz	"RESERVED"                      @ string offset=372
.Linfo_string29:
	.asciz	"__ARRAY_SIZE_TYPE__"           @ string offset=381
.Linfo_string30:
	.asciz	"STR1"                          @ string offset=401
.Linfo_string31:
	.asciz	"STR2"                          @ string offset=406
.Linfo_string32:
	.asciz	"STMODR"                        @ string offset=411
.Linfo_string33:
	.asciz	"DAC_TypeDef"                   @ string offset=418
.Linfo_string34:
	.asciz	"ICSCR"                         @ string offset=430
.Linfo_string35:
	.asciz	"CFGR"                          @ string offset=436
.Linfo_string36:
	.asciz	"PLLCFGR"                       @ string offset=441
.Linfo_string37:
	.asciz	"RESERVED0"                     @ string offset=449
.Linfo_string38:
	.asciz	"RESERVED1"                     @ string offset=459
.Linfo_string39:
	.asciz	"CIER"                          @ string offset=469
.Linfo_string40:
	.asciz	"CIFR"                          @ string offset=474
.Linfo_string41:
	.asciz	"CICR"                          @ string offset=479
.Linfo_string42:
	.asciz	"RESERVED2"                     @ string offset=484
.Linfo_string43:
	.asciz	"AHB1RSTR"                      @ string offset=494
.Linfo_string44:
	.asciz	"AHB2RSTR"                      @ string offset=503
.Linfo_string45:
	.asciz	"AHB3RSTR"                      @ string offset=512
.Linfo_string46:
	.asciz	"RESERVED3"                     @ string offset=521
.Linfo_string47:
	.asciz	"APB1RSTR1"                     @ string offset=531
.Linfo_string48:
	.asciz	"APB1RSTR2"                     @ string offset=541
.Linfo_string49:
	.asciz	"APB2RSTR"                      @ string offset=551
.Linfo_string50:
	.asciz	"RESERVED4"                     @ string offset=560
.Linfo_string51:
	.asciz	"AHB1ENR"                       @ string offset=570
.Linfo_string52:
	.asciz	"AHB2ENR"                       @ string offset=578
.Linfo_string53:
	.asciz	"AHB3ENR"                       @ string offset=586
.Linfo_string54:
	.asciz	"RESERVED5"                     @ string offset=594
.Linfo_string55:
	.asciz	"APB1ENR1"                      @ string offset=604
.Linfo_string56:
	.asciz	"APB1ENR2"                      @ string offset=613
.Linfo_string57:
	.asciz	"APB2ENR"                       @ string offset=622
.Linfo_string58:
	.asciz	"RESERVED6"                     @ string offset=630
.Linfo_string59:
	.asciz	"AHB1SMENR"                     @ string offset=640
.Linfo_string60:
	.asciz	"AHB2SMENR"                     @ string offset=650
.Linfo_string61:
	.asciz	"AHB3SMENR"                     @ string offset=660
.Linfo_string62:
	.asciz	"RESERVED7"                     @ string offset=670
.Linfo_string63:
	.asciz	"APB1SMENR1"                    @ string offset=680
.Linfo_string64:
	.asciz	"APB1SMENR2"                    @ string offset=691
.Linfo_string65:
	.asciz	"APB2SMENR"                     @ string offset=702
.Linfo_string66:
	.asciz	"RESERVED8"                     @ string offset=712
.Linfo_string67:
	.asciz	"CCIPR"                         @ string offset=722
.Linfo_string68:
	.asciz	"RESERVED9"                     @ string offset=728
.Linfo_string69:
	.asciz	"BDCR"                          @ string offset=738
.Linfo_string70:
	.asciz	"CSR"                           @ string offset=743
.Linfo_string71:
	.asciz	"CRRCR"                         @ string offset=747
.Linfo_string72:
	.asciz	"CCIPR2"                        @ string offset=753
.Linfo_string73:
	.asciz	"RCC_TypeDef"                   @ string offset=760
	.ident	"Component: Arm Compiler for Embedded 6.19 Tool: armclang [5e73cb00]"
	.section	".note.GNU-stack","",%progbits
	.ARM_attribute	16, 1	@ Tag_AV_eba
	.section	.debug_line,"",%progbits
.Lline_table_start0:
