	.text
	.syntax unified
	.eabi_attribute	67, "2.09"	@ Tag_conformance
	.cpu	cortex-m4
	.eabi_attribute	6, 13	@ Tag_CPU_arch
	.eabi_attribute	7, 77	@ Tag_CPU_arch_profile
	.eabi_attribute	8, 0	@ Tag_ARM_ISA_use
	.eabi_attribute	9, 2	@ Tag_THUMB_ISA_use
	.fpu	fpv4-sp-d16
	.eabi_attribute	27, 1	@ Tag_ABI_HardFP_use
	.eabi_attribute	36, 1	@ Tag_FP_HP_extension
	.eabi_attribute	34, 1	@ Tag_CPU_unaligned_access
	.eabi_attribute	17, 1	@ Tag_ABI_PCS_GOT_use
	.eabi_attribute	20, 2	@ Tag_ABI_FP_denormal
	.eabi_attribute	21, 0	@ Tag_ABI_FP_exceptions
	.eabi_attribute	23, 1	@ Tag_ABI_FP_number_model
	.eabi_attribute	24, 1	@ Tag_ABI_align_needed
	.eabi_attribute	25, 1	@ Tag_ABI_align_preserved
	.eabi_attribute	28, 1	@ Tag_ABI_VFP_args
	.eabi_attribute	38, 1	@ Tag_ABI_FP_16bit_format
	.eabi_attribute	18, 2	@ Tag_ABI_PCS_wchar_t
	.eabi_attribute	26, 1	@ Tag_ABI_enum_size
	.eabi_attribute	14, 0	@ Tag_ABI_PCS_R9_use
	.file	"stm32g4xx_hal_spi_ex.c"
	.file	1 "C:\\Users\\CHALLENGER\\Documents\\KeXieData\\Project\\DigitalPower\\BootLoader" "./CubeMX/Drivers/STM32G4xx_HAL_Driver/Inc/stm32g4xx_hal_def.h"
	.file	2 "C:\\Users\\CHALLENGER\\Documents\\KeXieData\\Project\\DigitalPower\\BootLoader" "./CubeMX/Drivers/STM32G4xx_HAL_Driver/Inc\\stm32g4xx_hal_dma.h"
	.file	3 "C:\\Users\\CHALLENGER\\Documents\\KeXieData\\Project\\DigitalPower\\BootLoader" "./CubeMX/Drivers/STM32G4xx_HAL_Driver/Inc\\stm32g4xx_hal_spi.h"
	.type	.Lllvm.embedded.module,%object  @ @llvm.embedded.module
	.section	.llvmbc,"",%progbits
	.p2align	4, 0x0
.Lllvm.embedded.module:
	.asciz	"BC\300\3365\024\000\000\005\000\000\000b\f0$MY\276f\255\373\264O\033\310$D\0012\005\000!\f\000\000\254\b\000\000\013\002!\000\002\000\000\000\026\000\000\000\007\201#\221A\310\004I\006\02029\222\001\204\f%\005\b\031\036\004\213b\200\020E\002B\222\013B\204\0202\0248\b\030K\n2B\210Hp\304!#D\022\207\214\020A\222\002d\310\b\261\024 CF\210 \311\0012B\204\030*(*\2201|\260\\\221 \304\310\000\000\000\211 \000\000\025\000\000\0002\"\b\t bF\000!+$\230\020!%$\230\020\031'\f\205\244\220`Bd\\ $d\202\200\2519\002\304\b\001#\000\003\001\206\030\"\232#\000\0053\214\301\034\001\030\240$M\021%L>\233\212\177\213=DG\024)ADDD\3049\202`\n\000\000\000Q\030\000\000\372\000\000\000\033\304)\370\377\377\377\377\001\360\003@\"\310\241\034\334\341\035\344\241\035\302\201\035\332\300\034\340\241\r\332!\034\350\001\035\000x\220\207r\230\207r\220\007{(\2076\230\207t8\007w`\003x\220\207r\230\207r\220\007{(\2076\230\207t8\007w\000\bs\220\207ph\207rh\003xx\207tp\007z(\007y\000\334\341\035\334\241\034\000\242\035\322\301\035\332\200\035\312\341\034\302\201\035\332\300\036\312a\034\350\341\035\344\241\r\356!\035\310\201\036\320\001\200\003\200p\207wh\203tp\007s\230\20760\007xh\203v\b\007z@\007\200\036\344\241\036\312\001 \334\341\035\332\300\035\302\301\035\346\241\r\314\001\036\332\240\035\302\201\036\320\001\240\007y\250\207r\000\bwx\2076\230\207t8\007w(\007rh\003}(\007yx\207yh\003s\200\2076h\207p\240\007t\000\350A\036\352\241\034\000b\036\350!\034\306a\035\332\000\036\344\341\035\350\241\034\306\201\036\336A\036\332@\034\352\301\034\314\241\034\344\241\r\346!\035\364\241\034\000<\000\bz\b\007y8\207r\240\2076\030\007x\250\007`\034\336A\036\350\241\034\360\241\r\332\201\016\000\202\036\302A\036\316\241\034\350\241\r\314\241\034\302\201\036\352A\036\312a\036\2005\b\007yh\007{\270\203rh\203v`\2035 \207y\200\0076X\003s\200\2078\260\0036X\003t\270\007rH\007{`\2035\240\007t\250\207v\020\2076h\207w \207r`\2035\260\007s\200\0079\230\007x`\2035\260\007s\200\2079 \2078\260\203y\200\0076X\003{0\007x\240\003r\210\003;\230\007x`\2036\b\207r\230\0076h\003q0\2078\260\0036h\203q \207r\030\007x\200\0036h\203q \207r\030\007x\210\0036h\203q \207r\030\007x\220\0036h\203q \207r\030\007x\230\0036h\203q \207r\030\007x\240\0036h\203q \207r\030\007x\250\0036h\203q \207r\030\007x\260\0036h\203q \207r\030\007x\270\0036h\203q\220\207q`\2036\030\007y\310\007x\240\207w`\2036 \2079\220\0036h\003rx\007z\200\007yx\007r`\20360\207q(\0076h\003s\200\2076\b\007yh\007{\300\0036h\003s\200\2076\b\007yh\007{\300\003r\210\003;`\20360\007xh\203p\220\207v\260\007< \2078\260\203y\200\0076h\003s\200\2076\b\007yh\007{\300\203y\200\0076h\003s\200\2078\260\003sh\007v`\20360\007x\260\003:`\20360\207z`\007v0\007x\210\003;`\2036@\207{ \207t\260\2076\b\007yh\0076h\203t\300\203vh\0076h\003vx\007q`\2036h\007{(\0076h\203v\260\207rp\003s\200\0076h\003w(\207wp\0076h\003x\b\207q\020\007zH\0076h\003y\b\207y`\2036\230\007q`\2036\230\007t\b\0079`\2036\260\007s\200\0079`\2036\260\007s\200\2079`\2036\260\007s\200\2079 \2078\260\0036h\003{0\007x\230\203y\200\0076h\003{0\007x\240\0036h\003{0\007x\240\003r\210\003;`\2036\260\007s\200\007:\230\007x\0006\020\002\000\210\301\006d\b\200\005 \005\240\332 \021\377\377\377\377?\000\246\000\234\002\340\007\300\037\000\022@\001u\000\364\301\006\250\370\377\377\377\377\001h\003\300\024\200S\000\374\000\370\003@\002\372`\003a\004\000\037l \016\001X6@\310\377\377\377\377\017\300)\000~\000\374\001 \001\024P\007@\037l \022\0018\003\000\000I\030\000\000\005\000\000\000\023\206@\030&\004\304\204\2410\216\t\0012!H\000\000\000\000\0232z@\207zh\007q\260\207;(\207vh\203p\220\207vh\003wx\007w(\2076(\207p\020\207t@\007s\3300\007\345\320\006\355\240\007\345\320\006\360\240\007s \007z0\007r\320\006\246\220\016x\320\006\351`\007t\240\007v@\007m`\017q \007x\240\007v@\007z\020\007r\200\007m\020\016z\000\007z0\007r\320\006\3560\007r\320\006\263`\007t\240\021\302\344\320\017\206uq\271\211}\021\345i{Y>\177M\251\315\231\354H\303\343\277\310 \363K\224\247\355e\371k*\037\277\346\364\366Lv\246\341\361_t\230\375\235\303\323\3372\3365\036R\001\225\000\000@\000\000\001 \000\000\000\000\001P\001C\252\n*\200\000\020\000\000\000\000\000\000\000\000\000*`HU\006\326\001\004\300\000\000\000\000\000\000\000\000\000P\001C\252=\240\016 \000\006\000\000\000\000\000\000\000\000\200\n\030R\275\202S\000\001@\000\000\000\000\000\000\000\000\000T\200\304\006\201\242\260\b\000\000Y \000\026\000\000\0002\036\230\030\031\021L\220\214\t&G\306\004C\212\021\200\022(\2022(\004\262\021\200B(\210\302(\220B)\230\302)\240B*\250\302*\260\202+\274\342+\300\200B\f(\306\200\202\f(\314\200\002\r(\324\200\202\r(\334\200\322\r(\340\000\302r(\204\"(\203\022\030\001\000\261\030\000\000\265\000\000\0003\b\200\034\304\341\034f\024\001=\210C8\204\303\214B\200\007yx\007s\230q\f\346\000\017\355\020\016\364\200\0163\fB\036\302\301\035\316\241\034f0\005=\210C8\204\203\033\314\003=\310C=\214\003=\314x\214tp\007{\b\007yH\207pp\007zp\003vx\207p \207\031\314\021\016\354\220\016\3410\017n0\017\343\360\016\360P\0163\020\304\035\336!\034\330!\035\302a\036f0\211;\274\203;\320C9\264\003<\274\203<\204\003;\314\360\024v`\007{h\0077h\207rh\0077\200\207p\220\207p`\007v(\007v\370\005vx\207w\200\207_\b\207q\030\207r\230\207y\230\201,\356\360\016\356\340\016\365\300\016\3540\003b\310\241\034\344\241\034\314\241\034\344\241\034\334a\034\312!\034\304\201\035\312a\006\326\220C9\310C9\230C9\310C9\270\3038\224C8\210\003;\224\303/\274\203<\374\202;\324\003;\260\303\f\307i\207pX\207rp\203th\007x`\207t\030\207t\240\207\031\316S\017\356\000\017\362P\016\344\220\016\343@\017\341 \016\354P\0163 (\035\334\301\036\302A\036\322!\034\334\201\036\334\340\034\344\341\035\352\001\036f\030Q8\260C:\234\203;\314P$v`\007{h\0077`\207wx\007x\230QL\364\220\017\360P\0163\036j\036\312a\034\350!\035\336\301\035~\001\036\344\241\034\314!\035\360a\006T\205\2038\314\303;\260C=\320C9\374\302<\344C;\210\303;\260\303\214\305\n\207y\230\207w\030\207t\b\007z(\007r\230\201\\\343\020\016\354\300\016\345P\016\3630#\301\322A\036\344\341\027\330\341\035\336\001\036fH\031;\260\203=\264\203\033\204\3038\214C9\314\303<\270\3019\310\303;\324\003<\314H\264q\b\007v`\007q\b\207qX\207\031\333\306\016\354`\017\355\340\006\360 \017\3450\017\345 \017\366P\016n\020\016\3430\016\3450\017\363\340\006\351\340\016\344P\016\3700#\342\354a\034\302\201\035\330\341\027\354!\035\346!\035\304!\035\330!\035\350!\037f \235;\274C=\270\0039\224\2039\314X\274pp\007wx\007z\b\007zH\207wp\207\031\313\347\016\3570\017\341\340\016\351@\017\351\240\017\3450\303\001\003s\250\007w\030\207_\230\207pp\207t\240\207t\320\207r\230\201\204A9\340\3038\260C=\220C9\314@\304\240\035\312\241\035\340A\036\336\301\034f$c0\016\341\300\016\3540\017\351@\017\3450C!\203u\030\007sH\207_\240\207|\200\207r\230\261\224\001<\214\303<\224\3038\320C:\274\203;\314\003\000\000\000y \000\000X\001\000\000r\036H C\210\f\031\tr2H #\201\214\221\221\321D\240\020(d<12B\216\220!\243\030\006` j\000\000\000~p\n\243\320\007\215\221 \013\243\364\3014IU\037L\223TU\33045\222\322H\322D\000\000\000CubeMX/Drivers/STM32G4xx_HAL_Driver/Src\\stm32g4xx_hal_spi_ex.cC:\\Users\\CHALLENGER\\Documents\\KeXieData\\Project\\DigitalPower\\BootLoaderComponent: Arm Compiler for Embedded 6.19 Tool: armclang [5e73cb00]./CubeMX/Drivers/STM32G4xx_HAL_Driver/Inc/stm32g4xx_hal_def.hunsigned charHAL_OKHAL_ERRORHAL_BUSYHAL_TIMEOUTHAL_UNLOCKEDHAL_LOCKED./CubeMX/Drivers/STM32G4xx_HAL_Driver/Inc\\stm32g4xx_hal_dma.hHAL_DMA_STATE_RESETHAL_DMA_STATE_READYHAL_DMA_STATE_BUSYHAL_DMA_STATE_TIMEOUT./CubeMX/Drivers/STM32G4xx_HAL_Driver/Inc\\stm32g4xx_hal_spi.hHAL_SPI_STATE_RESETHAL_SPI_STATE_READYHAL_SPI_STATE_BUSYHAL_SPI_STATE_BUSY_TXHAL_SPI_STATE_BUSY_RXHAL_SPI_STATE_BUSY_TX_RXHAL_SPI_STATE_ERRORHAL_SPI_STATE_ABORTDwarf VersionDebug Info Versionwchar_sizestatic_rwdataenumsize_buildattrarmlib_unavailablearmcompiler-version6.19\000\000f\260\000\000\000\000\000\0000\202\200\224\301\b\002b\006#\b\310\031\214  h0\202\200\244\301\b\002\242\006CY\001\223\006C\000\000@\200\n\000\000\000\000\000\000\002\000\000\003\025@ \000\300@\005@\b\0000\317\001\220A\201\000\b0\016A\200\201\001\214C\020`p\b\343\020\004\030 \3048\004\001\006\2111\003\301\006m\340\006o0\222%\020\200\032\230\001\260\006\b\000\000p\000\000\000\000\000\000\000\000\343\020\004\030(\3008\004\001\006\2130\203 \007s0\222%\020\200\032\304\001\260\006\b\000\000t\000\000\000\000\000\000\000\000\003\025\000#\000\3008\004\001\006\r0\016A\200\201#\214C\020`\360\020\343\020\004\030@\306\f\304\035\340A\036\350\301H\226@\000v\360\n\300\032 \000\000\354\001\000\000\000\000\000\000\000\fT\000\221\000\000\343\020\004\030H\3008\004\001\006\2230\016A\200\001E\214C\020`P\031\343\020\004\030X\3108\004\001\006\2272\016A\200\001\306\214C\020`\22093 ~\360\007\240\020\n\2420\n\244P\n#Y\002\001\364\0019\000k\200\000\000`\n\000\000\000\000\000\000\0000\003\021\007u\300\007\2470\303 \006\332\030\3140\220\301V\0063\ff\300\221\301\f\203\031tf0\303`\006\236\031\3140\230\301w\0063\ff\000\006a0C0\334\033\000b \006b \006b \006`\341\006n\000\nn\340\006n\340\006\240\300\026n\340\006h\300\026n\340\006n\340\006n\000\nl\341\006n\340\006n\340\006n\340\006n\340\006\360\300\026\240\340\006n\340\006n\340\006n@\0072\022\230\240\\\330\330\354\332\\\310\304\316\\\306\352F\t\316 #66\2736\227\2667\262:\2662\0273\266\260\263\271Q\016TH\005UX\005Vh\005WH\205\215\315\256\315%\215\254\314\215n\224\340\025\000\000\251\030\000\000/\000\000\000\013\nr(\207w\200\007zXp\230C=\270\3038\260C9\320\303\202\346\034\306\241\r\350A\036\302\301\035\346!\035\350!\035\336\301\035\026(\342P\016\346\360\016\362P\016\351\340\016\363@\017\013\222p0\007z(\007yH\007w\230\007zX\320\214\2039\234C=\204\203<\220\003=\204\203<\234C9\320\303\002\006\036\344\241\034\302\201\035\330\341\035\306!\034\350\241\034\310a\301q\016\343\320\006\354\220\016\366P\016\013\254q`\207pp\207sp\203p\220\207qp\203p\240\007z\b\207q@\207r \207q\b\007v`\207\005\007<\320\203<\204C=\320\003:, \326a\034\314!\035\000\000\000\000\321\020\000\000\006\000\000\000\007\314<\244\203;\234\003;\224\003=\240\203<\224C8\220\303\001\000\000\000a \000\000\312\004\000\000\023\004F,\020\000\000\000\001\000\000\000\204\005\210\001\3610\000\000\354\003\000\000\"G\310\220Q\236\003,\220i\000\000~PE\321\204\200\302B<\312\033\034\n\342,\212\262\034\bS\024Fd\020OA%\323\364P\006DE\221\2630\2155q\027\224Y\237F\024\3040\f\003q$\2111A\004R\020\004\262 C\204\030N\223 \303 \b\205a\034\005a\024\313\023\001C\001CubeMX/Drivers/STM32G4xx_HAL_Driver/Src/stm32g4xx_hal_spi_ex.cHAL_SPIEx_FlushRxFifoHAL_StatusTypeDefSPI_HandleTypeDef__SPI_HandleTypeDefInstance./CubeMX/Drivers/CMSIS/Device/ST/STM32G4xx/Include/stm32g431xx.hSPI_TypeDefInitSPI_InitTypeDefpTxBuffPtrC:\\Keil_v5\\ARM\\ARMCLANG\\Bin\\..\\include\\stdint.huint8_tTxXferSizeuint16_tunsigned shortTxXferCountpRxBuffPtrRxXferSizeRxXferCountCRCSizeuint32_tunsigned intRxISRTxISRhdmatxDMA_HandleTypeDefhdmarxLockHAL_LockTypeDefStateHAL_SPI_StateTypeDefErrorCode__DMA_HandleTypeDefDMA_Channel_TypeDefDMA_InitTypeDefHAL_DMA_StateTypeDefParentXferCpltCallbackXferHalfCpltCallbackXferErrorCallbackXferAbortCallbackDmaBaseAddressDMA_TypeDefChannelIndexDMAmuxChannelDMAMUX_Channel_TypeDefDMAmuxChannelStatusDMAMUX_ChannelStatus_TypeDefDMAmuxChannelStatusMaskDMAmuxRequestGenDMAMUX_RequestGen_TypeDefDMAmuxRequestGenStatusDMAMUX_RequestGenStatus_TypeDefDMAmuxRequestGenStatusMaskRGSRRGCFRRGCRCSRCFRCCRISRIFCRRequestDirectionPeriphIncMemIncPeriphDataAlignmentMemDataAlignmentModePriorityCNDTRCPARCMARDataSizeCLKPolarityCLKPhaseNSSBaudRatePrescalerFirstBitTIModeCRCCalculationCRCPolynomialCRCLengthNSSPModeCR1CR2SRDRCRCPRRXCRCRTXCRCRI2SCFGRI2SPRhspitmpregcountany pointeromnipotent charSimple C/C++ TBAAintshort\023\204\240\230 \030\312\004\301X&\b\0063A0\232\t\202\341L\020\214g\202`@\023\004#\232 \030\322\004\301\230&\b\0065A0\252\t\202aM\020\214k\202``\023\004#\233 \030\332\004\301\330&\b\0067A0\272\t\202\341M\020\214o\202`\200\301\004\301\b\203\t\202!\006\023\004c\f&\b\006\031L\020\002c\202\020\034\023\204\000\231 \004\311$k\230\200\365H\031\000\000\005\000\000\366\004\000\000\000\000\000\000\000&Y\303\004\254\007\311\000\000\030\000\000\320'\000\000\000\000\000\000\0000\311\032&`=\374\005\000@\001\000\000P\001\000\000\000\000\000\000\200I\3260\001\353\221/\000\000\006\000\000\210\n\000\000\000\000\000\000\000L\262\206\tX\217w\001\000P\000\000\240T\000\000\000\000\000\000\000`\2225L\200\035\270\001\000\200\b\000\000\256\002\000\000\000\000\000\000\000\223\254a\002\326\343\\\000\000$\000\000\230\025\000\000\000\000\000\000\000\230d\r\223<\330A<\000\000\210\001\000\200'\000\000\000\000\000\000\0000\311\032&\240\017\334\000\000\300\006\000\200p\001\000\000\000\000\000\000\200I\3260\001\353A[\000\000&\000\000\254\013\000\000\000\000\000\000\000L\262\206\251\026\372`\036\000\000\314\000\000\210\021\000\000\000\000\000\000\000XE\035\345!\013@y\274\202z\300\002\200\001 \n\202 \204\006\000\360.\000\000\000\263\212`<\312\203\026\206A\005\020\013\002\000,r\000k\026\324\200\r\2008\000\000\000\000\000`\221\003X\264\320\007b\001\210\007\000\000\000\000\000\213\034\340\001\000\0008\0170\000\000\000\000\200\r\202y\240\307&B\000\322\003\030T\000\267 \000\300\"\007\260pa=~\013\b\017\000\000\000\000\000\0269\300\003\000\000\300\036`\000\000\000\000\000\213\034\240\261\205>\250\007\361h\0170\000\000\000\000\200E\016`\351B\037\374\002\000\036\000\000\000\000\000,r\200&\027\372\340\036\304\343=\300\006\000\003\000\000\200A\005\300\013\000\000,r\000\253\027\342\303\017\2005\000\000\000\000\000`\221\003<\000\000\000\362\001\006\000\000\000\000\260\310\001\232]\350\203|\020\217\371\000\003\000t\000\000\000\366\034\000\031\200\003\004\034\300\"\007\260~!>\376\000\250\017\000\000\000\000\000\0269@\343\013}\260\017\342a\037\020\000>\000\000\000\213\034\240\016\000\000\000\354\003\000\000\000\000\200E\016\320\204C\037\364\203x\340\007\004\300\017\000\000\300\"\007h\304\241\017\376A<\346\003\f\000\020\002\000\000X\344\000\3158\364AH\210\207}@\000\030\001\000\000,r\200\206\034\372`$\304\003? \000\216\000\000\000\366\034\000\031\234\003\030\000\007\260\310\001,s\210\017P\000\372\003\000\000\000\000\200E\016\320\224C\037\224\204x\370\007\030\000\240\004\000\000\260\310\001\036\000\000\000\361\000\003\000\000\000\000\330 \000 \262\211\020\200\020\001\0269\300\003\000\000 \"`\000\000\000\000\000\213\034\240A\207>8\t\361\030\0210\000\300\t\000\000`\221\0034\351\320\007)!\036#\002\006\000H\001\000\000,r\000k\035\354\340&\200\337\000\000\000\000\000`\221\003<\000\000\000&\002\006\000\000\000\000\260\310\001\032u\350\203\225\020\217\023\001\003\000\254\000\000\000\0269@\303\016}\320\022\342q\"`\000\200\026\000\000\300\"\007\260\334A\r\352\000\250\003\000\000\000\000\000\0269@\323\016}\360\022\342\241\"\b\000^\000\000\000\213\034\300\202\207>p\007\340\024\000\000\000\000\000X\344\000u\000\000\000\300\"\000\000\000\000\000,r\200\346\035\372 &\304\243E\020\000\275\000\000\000\0269@\035\000\000\000\370\007\000\000\000\000\000\213\034\240\211\207>\230\t\361x\0210\000@\f\000\000`\003\344\036\360A\037\367\221\037\372\261\037\374\361\037$R\"(\222\"+\342\"0\262\310\001\254yX\217v\001|\003\000\000\000\000\200E\016\360\000\000\000\310\b\030\000\000\000\000\300\"\007hl\301\016\346\3417f\004\f\000\000\000\000`\221\003X\364`\007\252\000\364\006\000\000\000\000\000\213\034\240\311\005;\250\207\337\250\021\020\001\300\000\000\000`\221\0034\355`\007\367\360\033*\202\000`\002\000\000\260\310\001\254z\260\203Z\000\370\000\000\000\000\000\200E\016P\007\000\000\0008\002\000\000\000\000\300\"\007h\336\301\016\362\3417r\004\001\320\004\000\000`\221\003<\000\000\000\000\030\000\000\000\000\300\"\007h\354\301\016\366\3417v\004\f\000P\001\000\000X\344\000\017\000\000\300o\200\001\000\000\000\000l\020\200\036\331D\b\200\217\000\213\034\340\001\000\000\370\0210\000\000\000\000\200E\016\320\334\203\035\364\303o\200\t\030\000\340\002\000\000\260\310\001\032|\260\203\177\370\r0\001\003\000d\000\000\000\0269@\223\017v\020\022\277\001&`\000\200\r\000\000\300\"\007h\364\301\016F\3427\300\004\f\000\320\001\000\000X\344\000M<\330AI\374\306\213\200\001\000>\000\000\000\213\034\300\342\207\365\230\027\2007\000\000\000\000\000X\344\000\017\000\000\200\231\200\001\000\000\000\000,r\200f\037\354\340$~\343L\300\000\000!\000\000\200E\016\320\364\203\035\244\304o\370\007\030\000`\004\000\000\260\310\001\254\177X\017~\001v\003\000\000\000\000\200E\016\360\000\000\000\250\t\030\000\000\000\000\300\"\007h\374\301\016V\3427\326\004\f\000P\002\000\000X\344\000VH\254\207\310\000\272\001\000\000\000\000\300\"\007x\000\000\000\332\004\f\000\000\000\000`\221\0034 a\007-\361\033n\002\006\0008\001\000\000,r\200F$\354\340%~\303?\300\000\000)\000\000\200E\016`\221\304z\234\f\220\033\000\000\000\000\000,r\200\007\000\000 N\300\000\000\000\000\000\0269@3\022v\020\023\277!'`\000\200\025\000\000\300\"\007\260Lb=Z\006\300\r\000\000\000\000\000\0269\300\003\000\000@'`\000\000\000\000\000\213\034\240)\t;\230\211\337\250\0230\000@\013\000\000`\221\0034'a\0075\361\033\376\001\006\000x\001\000\000l\220h\304FnDGx$L\304dL\310\244L\320$M\330\344M\340dN\354\344N\0269@\203\022\353\2612\270\361\"`\000\000\000\000\000\213\034\240I\211\365`\031\334x\0210\000\300\000\000\000`\203\220'z\262\310\001\032\225X\017\223\311\215\027\001\003\000\000\000\000\330\020\360\311\"\007hVb=@F7^\004\f\000\000\000\000`\221\0034,\261\036!\243\033/\002\006\000\030\000\000\000l\020\374\344O\0269@\323\022\353\261/\273\361\"`\000\000\000\000\000\033\202PY\344\000\215K\254G\274\360\306\213\200\001\000\000\000\000,r\200\346%\326C^x\343E\300\000\000\003\000\000\200\r\302\250\220\312\"\007h`\302\016\340\2407\374\003\f\000\000\000\000`\221\00341a\007s\320\033\376\001\006\000\030\000\000\000,r\200F&\354\340\016z\303?\300\000\000\005\000\000\200E\016\320\314\204\035\350Ao\370\007\030\000\340\000\000\000\260\310\001\032\232\260\203>\350\r\377\000\003\000$\000\000\000\0269@S\023v\000\n\275\341\037`\000\200\005\000\000\300\"\007hl\302\016F\2417\374\003\f\000\320\000\000\000X\344\000\315M\330\001*\364\206\177\200\001\000\036\000\000\000\033\020S9\025TI\025UY\025Vi\225E\016\320\264\304z\244\213o\274\b\030\000\000\000\000\300\"\007hpb=\324\3057^\004\f\0000\000\000\000X\344\000MN\254\307\272\370\306\213\200\001\000\n\000\000\000\213\034\240\321\211\365`\027\337x\0210\000\300\001\000\000`\003\361*\260\022+\262\262\310\001\032\233\350\0038\000\017\377\000\003\000\000\000\000X\344\000ML\364\301\034\200\207\177\200\001\000\006\000\000\000\213\034\240\331\211>\260\003\360\360\0170\000@\001\000\000`\221\0034<\321\007y\000\036\376\001\006\0008\000\000\000,r\200\246'\372\200\017\300\303?\300\000\000\t\000\000\200E\016\320\370D\037\374\001x\370\007\030\000`\001\000\000\260\310\001\232\237\350\203Q\000\017\377\000\003\0004\000\000\000\0269@\003\026}\220\n\340\341\037`\000\200\007\000\000\300\"\007h\302\242\017X\001<\374\003\f\000\020\001\000\000X\344\000\215X\364\301+\200\207\177\200\001\000&\000\000\000\213\034\240\031\213>\220\005\360\360\0170\000@\005\000\000`\221\0034d\321\007\265\000\036\376\001\006\000\270\000\000\000,r\200\246,\372 \027\300\303?\300\000\000\031\000\000\200\r\r\255\324\212\255\334\n\256\344\212\256\354\n\257\364\212\257\374\n\270,r\200\306,\326\303\266\302\343E\300\000\000\000\000\000\0269@s\026\353q[\341\361\"`\000\200\001\000\000\300\"\007h\320b=p+<^\004\f\000P\000\000\000X\344\000MZ\254Gn\205\307\213\200\001\000\016\000\000\000\213\034\240Q\213\365\320\255\360x\0210\000@\002\000\000`\221\0034k\261\036\273\025\036/\002\006\000X\000\000\000,r\200\206-\326\203\267\302\343E\300\000\000\r\000\000\200E\016\320\264\305z\364Vx\274\b\030\000\340\001\000\000\260\310\001\032\267X\017\337\n\217\027\001\003\000D\000\000\0006$\3422.\344R.\346r.\350\222.\3522N\021\306\343-\312\343\025\320#\000\000`\234\"\214\007\\\224G,\274\b\000\000\3008E\030\217\270(\017Y\220\017\000\000\200\r\003\273\264\213\273\254\013\214\r\001]l\030\346\"^\362b\303 \027\362\222\027\033\006\273\220\227\274\330\260\325\005\275\344\005\275\350\005\275\354\005\275\360\005\275\364\005\275\370\005\275\374\005\275\200\006\275\204\006\275\210\006\275\214\006\275\220\006\275\224\306\206\341.\344%/6\204A-\314K^\324\213^\314\213i\330\313i\330\013j\314Kj\330\213j\330\313j\320\013k\314Kk\314\213k\314\313k\314\013l\310Kl\310\213l\320\313ll\030\356e^\362b\303T\027\364\222\027\364\242\027\364\262\027\364\302\027\364\322\027\364\342\027\364\362\027\364\002\032\364\022\032\033\206|\241\227\275\3300\344\013\275\360\305\206\201^\350%/&\b\300\032L\020\2006\000\000\0003\021\b\222\006\2430bp\000 \b\006\205\032\310\365\377\377\3770\332\377\377\377\303_\377\377\377\0173\006\005\000\214\007\000\214\030\030\005\b\202\301\301\006c\020\314\030\024\2610\214\007\000\214\030\034\000\b\202A\321\006q\375\377\377?\210\366\377\377\377\360\327\377\377\377\303\214A\021\013\321x\000\300\210\301\001\200 \030\024jp\357\377\377\377Ch\377\377\377\017\177\375\377\377?\314\030\024\0000\036\000@\003\214\236CP =\007\301@F\f\016\000\004\301\240h\003}\377\377\377\037H\373\377\377\177\020\355\377\377\377a\302\000 \001\347\214A1\013\333x\000\300\005\206\316\030\024\263\340\215\007\000\f7\004\t\030\314\030\024\263\000\007\343\001\000\263\fE\020\314\030\024\2630\214\007\000\214\030\034\000\b\202A\001\007\341\376\377\377?\234\366\377\377\377P\332\377\377\377\303\214A\001\000\343\001\000D\340\2341(l\301#\017\000\0306 \220`\bf\f\n[`\310\003\000\b\3019cP\334BA\036\0000bp\000 \b\006\205\034\214\373\377\377\377\220\332\377\377\377\303i\377\377\377\0173\006\005\000\214\007\000\320\201s\306\240\230\205m<\000\340\202Eg\f\212Y\360\306\003\000\206\033\002\007\ff\f\212Y\200\203\361\000\200Y\206B\bf\f\212Y\030\306\003\000F\f\016\000\004\301\240\250\203r\377\377\377\037X\373\377\377\177P\355\377\377\377a\306\240\000\200\361\000\000Jp\316\030\024\266\340\221\007\000\f\033\020M0\0043\006\205-0\344\001\000\324\340\2341(n\241 \017\000\03018\000\020\004\203\342\016\316\375\377\377\177p\355\377\377\377\201\265\377\377\377\207\031\203\002\000\306\003\000\210\3019cP\314\3026\036\000p\001\2443\006\305,x\343\001\000\303\r\301\004\0063\006\305,\300\301x\000\300,C1\0043\006\305,\f\343\001\000#\006\007\000\202`P\350A\272\377\377\377\017\261\375\377\377?\274\366\377\377\3770cP\000\300x\000\00098g\f\n[\360\310\003\000\206\r\b)\030\202\031\203\302\026\030\362\000\000\222p\316\030\024\267P\220\007\000\214\030\034\000\b\202A\301\007\353\376\377\377?\314\366\377\377\377\020\333\377\377\377\303\214A\001\000\343\001\000\024\341\2341(fa\033\017\000\270\240\322\031\203b\026\274\361\000\200\341\206\000\003\203\031\203b\026\340`<\000`\226\241 \202\031\203b\026\206\361\000\200\021\203\003\000A0(\376\240\335\377\377\377\007\333\376\377\377\037h\373\377\377\177\2301(\000`<\000\200&\2343\006\205-x\344\001\000\303\006\304\025\f\301\214Aa\013\fy\000\000]8g\f\212[(\310\003\000f\t\212\201\226\000$\000\220\b@B\000\211A\037\210\031\203\002\000\306\003\000F\f\214\002\004\301\340\030\205=\310f\f\n_\b\306\003\0006\2300\000\002b\000\000\000\000\030\000\000\000[\004@<\266\fEp/[\206$\310\227-\203\023\350\313\226\341\t\366e\313\000\005\373\262e\220\202|\3312\\\201\276l\031\260`_\266\fY\260/[\206-\310\227-\003\030\004\372\262e\b\203`_\266\fb\020\354\313\226\201\f\202|\3312\244A\240/[\0065\b\366e\313\260\006\301\276\000\000\000\000\000\000\000\000q \000\000\003\000\000\0002\016\020\"\204\000\344\007\000\000\000\000\000\000\000\000e\f\000\0007\000\000\000\022\003\224\260\001\000\000\000\003\000\000\000]\000\000\000\t\000\000\000L\000\000\000\001\000\000\000X\000\000\000\000\000\000\000X\000\000\000\005\000\000\000\320\000\000\000\000\000\000\000f\000\000\000\031\000\000\000\177\000\000\000>\000\000\000\025\000\000\000\000\000\000\000\320\000\000\000\000\000\000\000\000\000\000\000\005\000\000\000\000\000\000\000\000\000\000\000\025\000\000\000\000\000\000\000\025\000\000\000\377\377\377\377\001$\000\000\025\000\000\000\020\000\000\000\025\000\000\000\020\000\000\000\377\377\377\377\b,\000\000%\000\000\000\026\000\000\000%\000\000\000\026\000\000\000\377\377\377\377\b,\000\000;\000\000\000\024\000\000\000;\000\000\000\024\000\000\000\377\377\377\377\b,\000\000O\000\000\000\016\000\000\000O\000\000\000\016\000\000\000\377\377\377\377\b,\000\000\000\000\000\000]\f\000\0003\000\000\000\022\003\224}\001\000\000\000HAL_SPIEx_FlushRxFifollvm.dbg.declarellvm.lifetime.start.p0llvm.lifetime.end.p0llvm.dbg.value16.0.0gitthumbv7em-arm-none-eabihfCubeMX/Drivers/STM32G4xx_HAL_Driver/Src/stm32g4xx_hal_spi_ex.c\000\000\000\000\000\000"
	.size	.Lllvm.embedded.module, 9360

	.section	.debug_abbrev,"",%progbits
	.byte	1                               @ Abbreviation Code
	.byte	17                              @ DW_TAG_compile_unit
	.byte	1                               @ DW_CHILDREN_yes
	.byte	37                              @ DW_AT_producer
	.byte	14                              @ DW_FORM_strp
	.byte	19                              @ DW_AT_language
	.byte	5                               @ DW_FORM_data2
	.byte	3                               @ DW_AT_name
	.byte	14                              @ DW_FORM_strp
	.byte	16                              @ DW_AT_stmt_list
	.byte	23                              @ DW_FORM_sec_offset
	.byte	27                              @ DW_AT_comp_dir
	.byte	14                              @ DW_FORM_strp
	.byte	0                               @ EOM(1)
	.byte	0                               @ EOM(2)
	.byte	2                               @ Abbreviation Code
	.byte	4                               @ DW_TAG_enumeration_type
	.byte	1                               @ DW_CHILDREN_yes
	.byte	73                              @ DW_AT_type
	.byte	19                              @ DW_FORM_ref4
	.byte	11                              @ DW_AT_byte_size
	.byte	11                              @ DW_FORM_data1
	.byte	58                              @ DW_AT_decl_file
	.byte	11                              @ DW_FORM_data1
	.byte	59                              @ DW_AT_decl_line
	.byte	11                              @ DW_FORM_data1
	.byte	0                               @ EOM(1)
	.byte	0                               @ EOM(2)
	.byte	3                               @ Abbreviation Code
	.byte	40                              @ DW_TAG_enumerator
	.byte	0                               @ DW_CHILDREN_no
	.byte	3                               @ DW_AT_name
	.byte	14                              @ DW_FORM_strp
	.byte	28                              @ DW_AT_const_value
	.byte	15                              @ DW_FORM_udata
	.byte	0                               @ EOM(1)
	.byte	0                               @ EOM(2)
	.byte	4                               @ Abbreviation Code
	.byte	36                              @ DW_TAG_base_type
	.byte	0                               @ DW_CHILDREN_no
	.byte	3                               @ DW_AT_name
	.byte	14                              @ DW_FORM_strp
	.byte	62                              @ DW_AT_encoding
	.byte	11                              @ DW_FORM_data1
	.byte	11                              @ DW_AT_byte_size
	.byte	11                              @ DW_FORM_data1
	.byte	0                               @ EOM(1)
	.byte	0                               @ EOM(2)
	.byte	0                               @ EOM(3)
	.section	.debug_info,"",%progbits
.Lcu_begin0:
	.long	.Ldebug_info_end0-.Ldebug_info_start0 @ Length of Unit
.Ldebug_info_start0:
	.short	4                               @ DWARF version number
	.long	.debug_abbrev                   @ Offset Into Abbrev. Section
	.byte	4                               @ Address Size (in bytes)
	.byte	1                               @ Abbrev [1] 0xb:0xab DW_TAG_compile_unit
	.long	.Linfo_string0                  @ DW_AT_producer
	.short	12                              @ DW_AT_language
	.long	.Linfo_string1                  @ DW_AT_name
	.long	.Lline_table_start0             @ DW_AT_stmt_list
	.long	.Linfo_string2                  @ DW_AT_comp_dir
	.byte	2                               @ Abbrev [2] 0x1e:0x21 DW_TAG_enumeration_type
	.long	63                              @ DW_AT_type
	.byte	1                               @ DW_AT_byte_size
	.byte	1                               @ DW_AT_decl_file
	.byte	38                              @ DW_AT_decl_line
	.byte	3                               @ Abbrev [3] 0x26:0x6 DW_TAG_enumerator
	.long	.Linfo_string4                  @ DW_AT_name
	.byte	0                               @ DW_AT_const_value
	.byte	3                               @ Abbrev [3] 0x2c:0x6 DW_TAG_enumerator
	.long	.Linfo_string5                  @ DW_AT_name
	.byte	1                               @ DW_AT_const_value
	.byte	3                               @ Abbrev [3] 0x32:0x6 DW_TAG_enumerator
	.long	.Linfo_string6                  @ DW_AT_name
	.byte	2                               @ DW_AT_const_value
	.byte	3                               @ Abbrev [3] 0x38:0x6 DW_TAG_enumerator
	.long	.Linfo_string7                  @ DW_AT_name
	.byte	3                               @ DW_AT_const_value
	.byte	0                               @ End Of Children Mark
	.byte	4                               @ Abbrev [4] 0x3f:0x7 DW_TAG_base_type
	.long	.Linfo_string3                  @ DW_AT_name
	.byte	8                               @ DW_AT_encoding
	.byte	1                               @ DW_AT_byte_size
	.byte	2                               @ Abbrev [2] 0x46:0x15 DW_TAG_enumeration_type
	.long	63                              @ DW_AT_type
	.byte	1                               @ DW_AT_byte_size
	.byte	1                               @ DW_AT_decl_file
	.byte	49                              @ DW_AT_decl_line
	.byte	3                               @ Abbrev [3] 0x4e:0x6 DW_TAG_enumerator
	.long	.Linfo_string8                  @ DW_AT_name
	.byte	0                               @ DW_AT_const_value
	.byte	3                               @ Abbrev [3] 0x54:0x6 DW_TAG_enumerator
	.long	.Linfo_string9                  @ DW_AT_name
	.byte	1                               @ DW_AT_const_value
	.byte	0                               @ End Of Children Mark
	.byte	2                               @ Abbrev [2] 0x5b:0x21 DW_TAG_enumeration_type
	.long	63                              @ DW_AT_type
	.byte	1                               @ DW_AT_byte_size
	.byte	2                               @ DW_AT_decl_file
	.byte	79                              @ DW_AT_decl_line
	.byte	3                               @ Abbrev [3] 0x63:0x6 DW_TAG_enumerator
	.long	.Linfo_string10                 @ DW_AT_name
	.byte	0                               @ DW_AT_const_value
	.byte	3                               @ Abbrev [3] 0x69:0x6 DW_TAG_enumerator
	.long	.Linfo_string11                 @ DW_AT_name
	.byte	1                               @ DW_AT_const_value
	.byte	3                               @ Abbrev [3] 0x6f:0x6 DW_TAG_enumerator
	.long	.Linfo_string12                 @ DW_AT_name
	.byte	2                               @ DW_AT_const_value
	.byte	3                               @ Abbrev [3] 0x75:0x6 DW_TAG_enumerator
	.long	.Linfo_string13                 @ DW_AT_name
	.byte	3                               @ DW_AT_const_value
	.byte	0                               @ End Of Children Mark
	.byte	2                               @ Abbrev [2] 0x7c:0x39 DW_TAG_enumeration_type
	.long	63                              @ DW_AT_type
	.byte	1                               @ DW_AT_byte_size
	.byte	3                               @ DW_AT_decl_file
	.byte	100                             @ DW_AT_decl_line
	.byte	3                               @ Abbrev [3] 0x84:0x6 DW_TAG_enumerator
	.long	.Linfo_string14                 @ DW_AT_name
	.byte	0                               @ DW_AT_const_value
	.byte	3                               @ Abbrev [3] 0x8a:0x6 DW_TAG_enumerator
	.long	.Linfo_string15                 @ DW_AT_name
	.byte	1                               @ DW_AT_const_value
	.byte	3                               @ Abbrev [3] 0x90:0x6 DW_TAG_enumerator
	.long	.Linfo_string16                 @ DW_AT_name
	.byte	2                               @ DW_AT_const_value
	.byte	3                               @ Abbrev [3] 0x96:0x6 DW_TAG_enumerator
	.long	.Linfo_string17                 @ DW_AT_name
	.byte	3                               @ DW_AT_const_value
	.byte	3                               @ Abbrev [3] 0x9c:0x6 DW_TAG_enumerator
	.long	.Linfo_string18                 @ DW_AT_name
	.byte	4                               @ DW_AT_const_value
	.byte	3                               @ Abbrev [3] 0xa2:0x6 DW_TAG_enumerator
	.long	.Linfo_string19                 @ DW_AT_name
	.byte	5                               @ DW_AT_const_value
	.byte	3                               @ Abbrev [3] 0xa8:0x6 DW_TAG_enumerator
	.long	.Linfo_string20                 @ DW_AT_name
	.byte	6                               @ DW_AT_const_value
	.byte	3                               @ Abbrev [3] 0xae:0x6 DW_TAG_enumerator
	.long	.Linfo_string21                 @ DW_AT_name
	.byte	7                               @ DW_AT_const_value
	.byte	0                               @ End Of Children Mark
	.byte	0                               @ End Of Children Mark
.Ldebug_info_end0:
	.section	.debug_str,"MS",%progbits,1
.Linfo_string0:
	.asciz	"Component: Arm Compiler for Embedded 6.19 Tool: armclang [5e73cb00]" @ string offset=0
.Linfo_string1:
	.asciz	"CubeMX/Drivers/STM32G4xx_HAL_Driver/Src\\stm32g4xx_hal_spi_ex.c" @ string offset=68
.Linfo_string2:
	.asciz	"C:\\Users\\CHALLENGER\\Documents\\KeXieData\\Project\\DigitalPower\\BootLoader" @ string offset=131
.Linfo_string3:
	.asciz	"unsigned char"                 @ string offset=203
.Linfo_string4:
	.asciz	"HAL_OK"                        @ string offset=217
.Linfo_string5:
	.asciz	"HAL_ERROR"                     @ string offset=224
.Linfo_string6:
	.asciz	"HAL_BUSY"                      @ string offset=234
.Linfo_string7:
	.asciz	"HAL_TIMEOUT"                   @ string offset=243
.Linfo_string8:
	.asciz	"HAL_UNLOCKED"                  @ string offset=255
.Linfo_string9:
	.asciz	"HAL_LOCKED"                    @ string offset=268
.Linfo_string10:
	.asciz	"HAL_DMA_STATE_RESET"           @ string offset=279
.Linfo_string11:
	.asciz	"HAL_DMA_STATE_READY"           @ string offset=299
.Linfo_string12:
	.asciz	"HAL_DMA_STATE_BUSY"            @ string offset=319
.Linfo_string13:
	.asciz	"HAL_DMA_STATE_TIMEOUT"         @ string offset=338
.Linfo_string14:
	.asciz	"HAL_SPI_STATE_RESET"           @ string offset=360
.Linfo_string15:
	.asciz	"HAL_SPI_STATE_READY"           @ string offset=380
.Linfo_string16:
	.asciz	"HAL_SPI_STATE_BUSY"            @ string offset=400
.Linfo_string17:
	.asciz	"HAL_SPI_STATE_BUSY_TX"         @ string offset=419
.Linfo_string18:
	.asciz	"HAL_SPI_STATE_BUSY_RX"         @ string offset=441
.Linfo_string19:
	.asciz	"HAL_SPI_STATE_BUSY_TX_RX"      @ string offset=463
.Linfo_string20:
	.asciz	"HAL_SPI_STATE_ERROR"           @ string offset=488
.Linfo_string21:
	.asciz	"HAL_SPI_STATE_ABORT"           @ string offset=508
	.ident	"Component: Arm Compiler for Embedded 6.19 Tool: armclang [5e73cb00]"
	.section	".note.GNU-stack","",%progbits
	.ARM_attribute	16, 1	@ Tag_AV_eba
	.section	.debug_line,"",%progbits
.Lline_table_start0:
