	.text
	.syntax unified
	.eabi_attribute	67, "2.09"	@ Tag_conformance
	.cpu	cortex-m4
	.eabi_attribute	6, 13	@ Tag_CPU_arch
	.eabi_attribute	7, 77	@ Tag_CPU_arch_profile
	.eabi_attribute	8, 0	@ Tag_ARM_ISA_use
	.eabi_attribute	9, 2	@ Tag_THUMB_ISA_use
	.fpu	fpv4-sp-d16
	.eabi_attribute	27, 1	@ Tag_ABI_HardFP_use
	.eabi_attribute	36, 1	@ Tag_FP_HP_extension
	.eabi_attribute	34, 1	@ Tag_CPU_unaligned_access
	.eabi_attribute	17, 1	@ Tag_ABI_PCS_GOT_use
	.eabi_attribute	20, 2	@ Tag_ABI_FP_denormal
	.eabi_attribute	21, 0	@ Tag_ABI_FP_exceptions
	.eabi_attribute	23, 1	@ Tag_ABI_FP_number_model
	.eabi_attribute	24, 1	@ Tag_ABI_align_needed
	.eabi_attribute	25, 1	@ Tag_ABI_align_preserved
	.eabi_attribute	28, 1	@ Tag_ABI_VFP_args
	.eabi_attribute	38, 1	@ Tag_ABI_FP_16bit_format
	.eabi_attribute	18, 2	@ Tag_ABI_PCS_wchar_t
	.eabi_attribute	26, 1	@ Tag_ABI_enum_size
	.eabi_attribute	14, 0	@ Tag_ABI_PCS_R9_use
	.file	"stm32g4xx_ll_rng.c"
	.file	1 "C:\\Users\\CHALLENGER\\Documents\\KeXieData\\Project\\DigitalPower\\BootLoader" "./CubeMX/Drivers/CMSIS/Device/ST/STM32G4xx/Include\\stm32g4xx.h"
	.file	2 "C:\\Keil_v5\\ARM\\ARMCLANG\\Bin\\..\\include" "stdint.h"
	.file	3 "C:\\Users\\CHALLENGER\\Documents\\KeXieData\\Project\\DigitalPower\\BootLoader" "./CubeMX/Drivers/CMSIS/Device/ST/STM32G4xx/Include/stm32g431xx.h"
	.type	.Lllvm.embedded.module,%object  @ @llvm.embedded.module
	.section	.llvmbc,"",%progbits
	.p2align	4, 0x0
.Lllvm.embedded.module:
	.asciz	"BC\300\3365\024\000\000\005\000\000\000b\f0$MY\276f\255\373\264O\033\310$D\0012\005\000!\f\000\000M\b\000\000\013\002!\000\002\000\000\000\026\000\000\000\007\201#\221A\310\004I\006\02029\222\001\204\f%\005\b\031\036\004\213b\200\020E\002B\222\013B\204\0202\0248\b\030K\n2B\210Hp\304!#D\022\207\214\020A\222\002d\310\b\261\024 CF\210 \311\0012B\204\030*(*\2201|\260\\\221 \304\310\000\000\000\211 \000\000\020\000\000\0002\"\b\t bF\000!+$\230\020!%$\230\020\031'\f\205\244\220`Bd\\ $d\202\200\2519\002\304\b\001f\b\200\021\000#\020\f\004\030\202\314l\216\000\f\346\b\202)\2009\002P\000Q\030\000\000\266\002\000\000\033\310)\370\377\377\377\377\001\360\003\000\016\000\211 \207rp\207w\220\207v\b\007vh\003s\200\2076h\207p\240\007t\000\340A\036\312a\036\312A\036\354\241\034\332`\036\322\341\034\334\201\r\340A\036\312a\036\312A\036\354\241\034\332`\036\322\341\034\334\001 \314A\036\302\241\035\312\241\r\340\341\035\322\301\035\350\241\034\344\001p\207wp\207r\000\210vH\007wh\003v(\207s\b\007vh\003{(\207q\240\207w\220\2076\270\207t \007z@\007\000\016\000\302\035\336\241\r\322\301\035\314a\036\332\300\034\340\241\r\332!\034\350\001\035\000z\220\207z(\007\200p\207wh\003w\b\007w\230\20760\007xh\203v\b\007z@\007\200\036\344\241\036\312\001 \334\341\035\332`\036\322\341\034\334\241\034\310\241\r\364\241\034\344\341\035\346\241\r\314\001\036\332\240\035\302\201\036\320\001\240\007y\250\207r\000\210y\240\207p\030\207uh\003x\220\207w\240\207r\030\007zx\007yh\003q\250\007s0\207r\220\2076\230\207t\320\207r\000\360\000 \350!\034\344\341\034\312\201\036\332`\034\340\241\036\200qx\007y\240\207r\300\2076h\007:\000\bz\b\007y8\207r\240\20760\207r\b\007z\250\007y(\207y\000\326 \034\344\241\035\354\341\016\312\241\r\332\201\r\326\200\034\346\001\036\330`\r\314\001\036\342\300\016\330`\r\320\341\036\310!\035\354\201\r\326\200\036\320\241\036\332A\034\332\240\035\336\201\034\312\201\r\326\300\036\314\001\036\344`\036\340\201\r\326\300\036\314\001\036\346\200\034\342\300\016\346\001\036\330`\r\354\301\034\340\201\016\310!\016\354`\036\340\201\r\332 \034\312a\036\330\240\r\304\301\034\342\300\016\330\240\r\306\201\034\312a\034\340\001\016\330\240\r\306\201\034\312a\034\340!\016\330\240\r\306\201\034\312a\034\340A\016\330\240\r\306\201\034\312a\034\340a\016\330\240\r\306\201\034\312a\034\340\201\016\330\240\r\306\201\034\312a\034\340\241\016\330\240\r\306\201\034\312a\034\340\301\016\330\240\r\306\201\034\312a\034\340\341\016\330\240\r\306A\036\306\201\r\332`\034\344!\037\340\201\036\336\201\r\332\200\034\346@\016\330\240\r\310\341\035\350\001\036\344\341\035\310\201\r\332\300\034\306\241\034\330\240\r\314\001\036\332 \034\344\241\035\354\001\017\330\240\r\314\001\036\332 \034\344\241\035\354\001\017\310!\016\354\200\r\332\300\034\340\241\r\302A\036\332\301\036\360\200\034\342\300\016\346\001\036\330\240\r\314\001\036\332 \034\344\241\035\354\001\017\346\001\036\330\240\r\314\001\036\342\300\016\314\241\035\330\201\r\332\300\034\340\301\016\350\200\r\332\300\034\352\201\035\330\301\034\340!\016\354\200\r\332\000\035\356\201\034\322\301\036\332 \034\344\241\035\330\240\r\322\001\017\332\241\035\330\240\r\330\341\035\304\201\r\332\240\035\354\241\034\330\240\r\332\301\036\312\301\r\314\001\036\330\240\r\334\241\034\336\301\035\330\240\r\340!\034\306A\034\350!\035\330\240\r\344!\034\346\201\r\332`\036\304\201\r\332`\036\320!\034\344\200\r\332\300\036\314\001\036\344\200\r\332\300\036\314\001\036\346\200\r\332\300\036\314\001\036\346\200\034\342\300\016\330\240\r\354\301\034\340a\016\346\001\036\330\240\r\354\301\034\340\201\016\330\240\r\354\301\034\340\201\016\310!\016\354\200\r\332\300\036\314\001\036\350`\036\340\001\330@\b\000 \006\033\214!\000H\001\2406\230\023\361\377\377\377\377\003\320\006\200\037\000p\000H\0049\224\203;\274\203<\264C8\260C\033\230\003<\264A;\204\003=\240\003\000\017\362P\016\363P\016\362`\017\345\320\006\363\220\016\347\340\016l\000\017\362P\016\363P\016\362`\017\345\320\006\363\220\016\347\340\016\000a\016\362\020\016\355P\016m\000\017\357\220\016\356@\017\345 \017\200;\274\203;\224\003@\264C:\270C\033\260C9\234C8\260C\033\330C9\214\003=\274\203<\264\301=\244\0039\320\003:\000p\000\020\356\360\016m\220\016\356`\016\363\320\006\346\000\017m\320\016\341@\017\350\000\320\203<\324C9\000\204;\274C\033\270C8\270\303<\264\2019\300C\033\264C8\320\003:\000\364 \017\365P\016\000\341\016\357\320\006\363\220\016\347\340\016\345@\016m\240\017\345 \017\3570\017m`\016\360\320\006\355\020\016\364\200\016\000=\310C=\224\003@\314\003=\204\3038\254C\033\300\203<\274\003=\224\3038\320\303;\310C\033\210C=\230\2039\224\203<\264\301<\244\203>\224\003\200\007\000A\017\341 \017\347P\016\364\320\006\343\000\017\365\000\214\303;\310\003=\224\003>\264A;\320\001@\320C8\310\3039\224\003=\264\2019\224C8\320C=\310C9\314\003\260\006\341 \017\355`\017wP\016m\320\016l\260\006\3440\017\360\300\006k`\016\360\020\007v\300\006k\200\016\367@\016\351`\017l\260\006\364\200\016\365\320\016\342\320\006\355\360\016\344P\016l\260\006\366`\016\360 \007\363\000\017l\260\006\366`\016\3600\007\344\020\007v0\017\360\300\006k`\017\346\000\017t@\016q`\007\363\000\017l\320\006\341P\016\363\300\006m \016\346\020\007v\300\006m0\016\344P\016\343\000\017p\300\006m0\016\344P\016\343\000\017q\300\006m0\016\344P\016\343\000\017r\300\006m0\016\344P\016\343\000\017s\300\006m0\016\344P\016\343\000\017t\300\006m0\016\344P\016\343\000\017u\300\006m0\016\344P\016\343\000\017v\300\006m0\016\344P\016\343\000\017w\300\006m0\016\3620\016l\320\006\343 \017\371\000\017\364\360\016l\320\006\3440\007r\300\006m@\016\357@\017\360 \017\357@\016l\320\006\3460\016\345\300\006m`\016\360\320\006\341 \017\355`\017x\300\006m`\016\360\320\006\341 \017\355`\017x@\016q`\007l\320\006\346\000\017m\020\016\362\320\016\366\200\007\344\020\007v0\017\360\300\006m`\016\360\320\006\341 \017\355`\017x0\017\360\300\006m`\016\360\020\007v`\016\355\300\016l\320\006\346\000\017v@\007l\320\006\346P\017\354\300\016\346\000\017q`\007l\320\006\350p\017\344\220\016\366\320\006\341 \017\355\300\006m\220\016x\320\016\355\300\006m\300\016\357 \016l\320\006\355`\017\345\300\006m\320\016\366P\016n`\016\360\300\006m\340\016\345\360\016\356\300\006m\000\017\3410\016\342@\017\351\300\006m \017\3410\017l\320\006\363 \016l\320\006\363\200\016\341 \007l\320\006\366`\016\360 \007l\320\006\366`\016\3600\007l\320\006\366`\016\3600\007\344\020\007v\300\006m`\017\346\000\017s0\017\360\300\006m`\017\346\000\017t\300\006m`\017\346\000\017t@\016q`\007l\320\006\366`\016\360@\007\363\000\017\300\006\242\b\000R\330\200\030\002\260\000\244\000T\033\334\351\370\377\377\377\377\001h\003\300\024\000?\000\340\000\370\003@\002\372\000\240\003\202\034\312\301\035\336A\036\332!\034\330\241\r\314\001\036\332\240\035\302\201\036\320\001\200\007y(\207y(\007y\260\207rh\203yH\207sp\0076\200\007y(\207y(\007y\260\207rh\203yH\207sp\007\2000\007y\b\207v(\2076\200\207wH\007w\240\207r\220\007\300\035\336\301\035\312\001 \332!\035\334\241\r\330\241\034\316!\034\330\241\r\354\241\034\306\201\036\336A\036\332\340\036\322\201\034\350\001\035\0008\000\bwx\2076H\007w0\207yh\003s\200\2076h\207p\240\007t\000\350A\036\352\241\034\000\302\035\336\241\r\334!\034\334a\036\332\300\034\340\241\r\332!\034\350\001\035\000z\220\207z(\007\200p\207wh\203yH\207sp\207r \2076\320\207r\220\207w\230\20760\007xh\203v\b\007z@\007\200\036\344\241\036\312\001 \346\201\036\302a\034\326\241\r\340A\036\336\201\036\312a\034\350\341\035\344\241\r\304\241\036\314\301\034\312A\036\332`\036\322A\037\312\001\300\003\200\240\207p\220\207s(\007zh\203q\200\207z\000\306\341\035\344\201\036\312\001\037\332\240\035\350\000 \350!\034\344\341\034\312\201\036\332\300\034\312!\034\350\241\036\344\241\034\346\001X\203p\220\207v\260\207;(\2076h\0076X\003r\230\007x`\20350\007x\210\003;`\2035@\207{ \207t\260\0076X\003z@\207zh\007qh\203vx\007r(\0076X\003{0\007x\220\203y\200\0076X\003{0\007x\230\003r\210\003;\230\007x`\2035\260\007s\200\007: \2078\260\203y\200\0076h\203p(\207y`\2036\020\007s\210\003;`\2036\030\007r(\207q\200\0078`\2036\030\007r(\207q\200\2078`\2036\030\007r(\207q\200\0079`\2036\030\007r(\207q\200\2079`\2036\030\007r(\207q\200\007:`\2036\030\007r(\207q\200\207:`\2036\030\007r(\207q\200\007;`\2036\030\007r(\207q\200\207;`\2036\030\007y\030\0076h\203q\220\207|\200\007zx\0076h\003r\230\0039`\2036 \207w\240\007x\220\207w \0076h\003s\030\207r`\20360\007xh\203p\220\207v\260\007<`\20360\007xh\203p\220\207v\260\007< \2078\260\0036h\003s\200\2076\b\007yh\007{\300\003r\210\003;\230\007x`\20360\007xh\203p\220\207v\260\007<\230\007x`\20360\007x\210\003;0\207v`\0076h\003s\200\007;\240\0036h\003s\250\007v`\007s\200\2078\260\0036h\003t\270\007rH\007{h\203p\220\207v`\2036H\007<h\207v`\2036`\207w\020\0076h\203v\260\207r`\2036h\007{(\00770\007x`\2036p\207rx\007w`\2036\200\207p\030\007q\240\207t`\2036\220\207p\230\0076h\203y\020\0076h\203y@\207p\220\0036h\003{0\007x\220\0036h\003{0\007x\230\0036h\003{0\007x\230\003r\210\003;`\2036\260\007s\200\2079\230\007x`\2036\260\007s\200\007:`\2036\260\007s\200\007: \2078\260\0036h\003{0\007x\240\203y\200\007`\003\202\004\300\002\220\002@\007\033\240\344\377\377\377\377\007\340\024\000?\000\376\000\220\000\n\250\003\240\017\000\000\000I\030\000\000\004\000\000\000\023\206@\030&\020\204P\030\023\204\003\231\020$\000\0232z@\207zh\007q\260\207;(\207vh\203p\220\207vh\003wx\007w(\2076(\207p\020\207t@\007s\3300\007\345\320\006\355\240\007\345\320\006\360\240\007s \007z0\007r\320\006\246\220\016x\320\006\351`\007t\240\007v@\007m`\017q \007x\240\007v@\007z\020\007r\200\007m\020\016z\000\007z0\007r\320\006\3560\007r\320\006\263`\007t\240\021\302\344P\017\206uq\271\211}\021\345i{Y>\177M\251\315\231\354H\303\343\277\310 \363K\224\247\355e\371k*\037\277\346\364\366Lv\246\341\361_6\373+w\237]\343!\025\320\b\000\000\004\000\020\000\002\000\000\000\020\000\r0\244j\226\001\000\000\001\000\002@\000\000\000\000\002\240\001\206TXT\000\0000\000@\000\b\000\000\000@\0004\300\220*\r\234\003\b\000\002\000\000\000\000\000\000\000\000\240\001$6\b\024\205B\000\000\310\002\001\000\000\000\036\000\000\0002\036\230\030\031\021L\220\214\t&G\306\004C\212\021\000\302r(\204\"(\203\022\030\001(@@@ \332\021\200B(\210\302(\220B)\230\302)\240B*\250\302*\260B+\270\302+\300\200B\f(\310\200\302\f(\320\200B\r(\330\200\302\r(\340\200B\016(\350\200\302\016(\360\200B\017(\370\200\302\017(@\201B\024(H\201\302\024(P\201B\025(X\201\302\025\000\000\261\030\000\000\265\000\000\0003\b\200\034\304\341\034f\024\001=\210C8\204\303\214B\200\007yx\007s\230q\f\346\000\017\355\020\016\364\200\0163\fB\036\302\301\035\316\241\034f0\005=\210C8\204\203\033\314\003=\310C=\214\003=\314x\214tp\007{\b\007yH\207pp\007zp\003vx\207p \207\031\314\021\016\354\220\016\3410\017n0\017\343\360\016\360P\0163\020\304\035\336!\034\330!\035\302a\036f0\211;\274\203;\320C9\264\003<\274\203<\204\003;\314\360\024v`\007{h\0077h\207rh\0077\200\207p\220\207p`\007v(\007v\370\005vx\207w\200\207_\b\207q\030\207r\230\207y\230\201,\356\360\016\356\340\016\365\300\016\3540\003b\310\241\034\344\241\034\314\241\034\344\241\034\334a\034\312!\034\304\201\035\312a\006\326\220C9\310C9\230C9\310C9\270\3038\224C8\210\003;\224\303/\274\203<\374\202;\324\003;\260\303\f\307i\207pX\207rp\203th\007x`\207t\030\207t\240\207\031\316S\017\356\000\017\362P\016\344\220\016\343@\017\341 \016\354P\0163 (\035\334\301\036\302A\036\322!\034\334\201\036\334\340\034\344\341\035\352\001\036f\030Q8\260C:\234\203;\314P$v`\007{h\0077`\207wx\007x\230QL\364\220\017\360P\0163\036j\036\312a\034\350!\035\336\301\035~\001\036\344\241\034\314!\035\360a\006T\205\2038\314\303;\260C=\320C9\374\302<\344C;\210\303;\260\303\214\305\n\207y\230\207w\030\207t\b\007z(\007r\230\201\\\343\020\016\354\300\016\345P\016\3630#\301\322A\036\344\341\027\330\341\035\336\001\036fH\031;\260\203=\264\203\033\204\3038\214C9\314\303<\270\3019\310\303;\324\003<\314H\264q\b\007v`\007q\b\207qX\207\031\333\306\016\354`\017\355\340\006\360 \017\3450\017\345 \017\366P\016n\020\016\3430\016\3450\017\363\340\006\351\340\016\344P\016\3700#\342\354a\034\302\201\035\330\341\027\354!\035\346!\035\304!\035\330!\035\350!\037f \235;\274C=\270\0039\224\2039\314X\274pp\007wx\007z\b\007zH\207wp\207\031\313\347\016\3570\017\341\340\016\351@\017\351\240\017\3450\303\001\003s\250\007w\030\207_\230\207pp\207t\240\207t\320\207r\230\201\204A9\340\3038\260C=\220C9\314@\304\240\035\312\241\035\340A\036\336\301\034f$c0\016\341\300\016\3540\017\351@\017\3450C!\203u\030\007sH\207_\240\207|\200\207r\230\261\224\001<\214\303<\224\3038\320C:\274\203;\314\003\000\000\000y \000\000\230\002\000\000r\036H C\210\f\031\tr2H #\201\214\221\221\321D\240\020(d<12B\216\220!\243\250\n\240\220\216\001\000\000zp\n\243\340\007\315Q\200\302\262\bo\2000\005q$\tA\020\t\202 I\222 \311q\034\t\202\034I\222$\211\242$I\221\020Ca\bB#)\215$M\204\036,\0040<\021\037H\223\003\000\000CubeMX/Drivers/STM32G4xx_HAL_Driver/Src\\stm32g4xx_ll_rng.cC:\\Users\\CHALLENGER\\Documents\\KeXieData\\Project\\DigitalPower\\BootLoaderComponent: Arm Compiler for Embedded 6.19 Tool: armclang [5e73cb00]./CubeMX/Drivers/CMSIS/Device/ST/STM32G4xx/Include\\stm32g4xx.hunsigned charSUCCESSERROR./CubeMX/Drivers/CMSIS/Device/ST/STM32G4xx/Include/stm32g431xx.hRNG_TypeDefRCC_TypeDefCRC:\\Keil_v5\\ARM\\ARMCLANG\\Bin\\..\\include\\stdint.huint32_tunsigned intICSCRCFGRPLLCFGRRESERVED0RESERVED1CIERCIFRCICRRESERVED2AHB1RSTRAHB2RSTRAHB3RSTRRESERVED3APB1RSTR1APB1RSTR2APB2RSTRRESERVED4AHB1ENRAHB2ENRAHB3ENRRESERVED5APB1ENR1APB1ENR2APB2ENRRESERVED6AHB1SMENRAHB2SMENRAHB3SMENRRESERVED7APB1SMENR1APB1SMENR2APB2SMENRRESERVED8CCIPRRESERVED9BDCRCSRCRRCRCCIPR2SRDRDwarf VersionDebug Info Versionwchar_sizestatic_rwdataenumsize_buildattrarmlib_unavailablearmcompiler-version6.19CubeMX/Drivers/STM32G4xx_HAL_Driver/Src/stm32g4xx_ll_rng.cErrorStatusRNGxintomnipotent charSimple C/C++ TBAA./CubeMX/Drivers/STM32G4xx_HAL_Driver/Inc\\stm32g4xx_ll_rng.hLL_RNG_InitTypeDefClockErrorDetectionRNG_InitStruct\000\000\000\346{\002\000\000\000\000\0000\202\200\024#\b\2101\202\200\034#\b\b2\202\200$#\b\2102\202\2600#\bK3\202\2608#Y\303\004\200\303\037\001\000\210\006\000\000\310\004\000\000\000\000\000\000\000\214d\r\023\000\016\350\006\000\340\000\000\200M\000\000\000\000\000\000\000\300PV\300\340\302\020\000\000\020\374B9\000\000\000\000\000 \000\0000\2225L@Y\334\001\000\200\001\000\000i\001\000\000\000\000\000\000\000\003\025@ \000\300@\005@\b\0000\317\001\220A\201\000\b0\016A\200\201\001\214C\020`p\b3\b\273\300\013#Y\002\001\344\202M\000\272\200\000\000\320\013\000\000\000\000\000\000\0000C\340\013\003\025\000\"\000\300D\016`%\340\320n@-\000\000\000\000\0000\221\003<\000\000\000\341\000\006\000\000\000\0000\221\003X\n8\244\023@\013\000\000\000\000\000L\344\000\017\000\000\3008\200\001\000\000\000\000\314 \210\0039\fT\000\f\000\000\363\034\000\0318`\000\034\300D\016`5\346\000\n\3009\000\000\000\000\0000\221\003\324\001\000\000\000:\000\000\000\000\0000\221\0034\0138\204\022-\244\003\030\000\000\000\000\300D\016\320<\340 J\264\220\016`\000\200\001\000\000\300D\016\320@\3400J\264\220\016`\000\200\002\000\000\300D\016\320D\340@J\264\220\016`\000\200\003\000\000\300D\016\320H\340PJ\264\200\016`\000\200\004\000\000\300D\016\320L\340`J\264\200\016`\000\200\005\000\000\300D\016\320P\340pJ\264\220\016`\000\200\006\000\000\300D\016\320T\340\200J\264\220\016`\000\200\007\000\000\300D\016\320X\340\220J\264\220\016`\000\200\b\000\000\300D\016\320\\\340\240J\264\200\016`\000\200\t\000\000\300D\016\320`\340\260J\264\220\016`\000\200\n\000\000\300D\016\320d\340\300J\264\220\016`\000\200\013\000\000\300D\016\320h\340\320J\264\220\016`\000\200\f\000\000\300D\016\320l\340\340J\264\200\016`\000\200\r\000\000\300D\016\320p\340\360J\264\220\016`\000\200\016\000\000\300D\016\320t\340\000K\264\220\016`\000\200\017\000\000\300D\016\320x\340\020K\264\220\016`\000\200\020\000\000\300D\016\320|\340 K\264\200\016`\000\200\021\000\000\300D\016\320\200\0018\314\022-\244\003\030\000\240\004\000\0000\221\0034a\000\016\264D\013\351\000\006\0008\001\000\000L\344\000\215\030\200C-\321B:\200\001\000R\000\000\000\0239@3\006\340`K\264\200\016`\000\200\025\000\000\300D\016\320\220\0018\334\022-\244\003\030\000\240\005\000\0000\221\0034e\000\016\270D\013\351\000\006\000x\001\000\000L\344\000\215\031\200C.\321B:\200\001\000b\000\000\000\0239@s\006\340\240K\264\200\016`\000\200\031\000\000\300D\016\320\240\0018\354\022-\244\003\030\000\240\006\000\0000\221\0034i\000\016\274D\013\351\000\006\000\270\001\000\000L\344\000\215\032\200C/\321B:\200\001\000r\000\000\000\0239@\263\006\340\340K\264\200\016`\000\200\035\000\000\300D\016\320\260\0018\374\022-\244\003\030\000\240\007\000\0000\221\0034m\000\016\340D\013\351\000\006\000\370\001\000\000L\344\000\215\033\200C8\321B:\200\001\000\202\001\000\000\300D\016\320\274\0018\210\023-\240\003\030\000`\030\000\000\000L\344\000\r\034\200\3038\321B:\200\001\000\212\001\000\000\300D\016\320\304\0018\220\023-\240\003\030\000\340\030\000\000\000L\344\000\215\034\200C9\321B:\200\001\000\222\001\000\000\300D\016\320\314\0018\230\023-\244\003\030\000`\031\000\000\000L\344\000\r\035\200\3039\321B:\200\001\000\232\001\000\000\300D\016\320\324\0018\240\023-\244\003\030\000\340\031\000\000\000\314\200\006\352\260\016\354\320\016\356\360\016\360\020\017\3620\017\364P\017\366p\017\370\220\017\372\260\017\374\320\017\376\360\017 \021\022\"1\022$Q\022&q\022(\221\022*\261\022,\321\022.\361\0220\021\023\0239@\263\200\203\272\325B:\200\001\000\000\000\000L\344\000\215\035\200\303\272\325B:\200\001\000\006\000\000\000\0239@s\007\340\300n\265\220\016`\000\200\002\000\000\300\f\303L\320DM\3140\254\002\036\260\302\fC+\344\201+\3140\274\202\036\264\302\f\303+\354\301+\3140\274\002\037\274\302\f\303+\364\001,\3140\274\202\037\374\301\f\3010P\001\200\202\000\000\0239\200\025\n\271\240\023\200/\000\000\000\000\0000]`\314\020\230\302\fC)\210E,\3140\220\302X\304\302@\005p\n\002\000L\344\000\026*\224E\037\000\267\000\000\000\000\000\300D\016\360\000\000\000\230\005\030\000\000\000\000\300D\016\320\244BY\344\301-\240\003\030\000\000\000\000\300\f\001Z\3140\214\002Y\304\302\f\203Z\220E,\\8\000\034\307q\034\307q\234\\\260\205Y\260\205\033\270\001(\270\201\033\240\001[pn`\017\360`\017\360\200\006n`\n\366\000\017\"\201\022(\201\022(\201\022(\201\022(\201\022(\201\022(\201\022(\201\022(\201\022.\341\022.\341\022.\341\022.\341\022.\341\022.\341\022.\341\0224A\0234A\0234A\0234A\023\366#\022.\341\022t@\007t@\007t@\007t@\007\026\035\360\203\305\321\001\035\320\001?\300\003Jpt #\201\t\312\205\215\315\256\315\205L\354\314e\254n\224\240\0262bc\263ksi{#\253c+s1c\013;\233\033\345\260\211\233\300\211\234\320\211\235\340\211T\330\330\354\332\\\322\310\312\334\350F\tz\002\000\000\251\030\000\000/\000\000\000\013\nr(\207w\200\007zXp\230C=\270\3038\260C9\320\303\202\346\034\306\241\r\350A\036\302\301\035\346!\035\350!\035\336\301\035\026(\342P\016\346\360\016\362P\016\351\340\016\363@\017\013\222p0\007z(\007yH\007w\230\007zX\320\214\2039\234C=\204\203<\220\003=\204\203<\234C9\320\303\002\006\036\344\241\034\302\201\035\330\341\035\306!\034\350\241\034\310a\301q\016\343\320\006\354\220\016\366P\016\013\254q`\207pp\207sp\203p\220\207qp\203p\240\007z\b\207q@\207r \207q\b\007v`\207\005\007<\320\203<\204C=\320\003:, \326a\034\314!\035\000\000\000\000\321\020\000\000\006\000\000\000\007\314<\244\203;\234\003;\224\003=\240\203<\224C8\220\303\001\000\000\000a \000\000\370\000\000\000\023\004C,\020\000\000\000\007\000\000\000\024%@X\200\240\260\200\n\205\r\f\t\210P\203\200\200@\004\246xc\2126\000\000\000\3610\000\000\242\000\000\000\"G\310\220Q\032\210K\000\000\000\000\215q\360\301\225\001\000\000LL_RNG_DeInitstatusPeriphs./CubeMX/Drivers/STM32G4xx_HAL_Driver/Inc\\stm32g4xx_ll_bus.hLL_AHB2_GRP1_ForceResetLL_AHB2_GRP1_ReleaseReset\000\000\023\204\200\230  \313\004ay&\b\0134AX\242\t\302\"M\020\226i\202\260P\023\204\245\232 ,\326\004a\271&\b\0136AX\262\t\302\242M\020\226m\202\260p\023\204\245\233 ,\336\004a\371&\b\013\030L\020\2260\230 ,b0AX\306`\202\260\220\301\004a)\203\t\302b\006\023\204\345\f&\b\013\032L\020\2264\230 ,j0AX\326`\202\260\260\301\004ai\203\t\302\342\006\023\204\345\r&\b\013\034L\020\2268\230 ,r0AX\346`\025u\374\004[\000?q\n\341\201\n\000\006\200(\b\202\220-\000\000y\000\000\000\314*\202\334\370\211V8VQGy\300\005P\036\245\204\036\246\004p\000\210\202 \b\331\002\000\244\007\000\000\300\254\"\320\215\237p\205A\347\201\0042\204\310\220\221\320\260P\260\033\200U\324Q\036q\001\224\307;\241\007<\001\034\000\242 \bB\266\000\000\355\001\000\000\320\263P\260\033\200\r\002X\210\303&B\000\300\003\030\247\b\271!\n?q\n\342\020\000\0000N\021r\243-~\"\025\300\002\000\000`\203 \036\3431\250\000\336B\000\200q\212\260\033nQ\036\245\204\016\001\000\000\033\004\000\0356\021\002p\036\303\206\300<6\304\302(\220E,\220\205,\220\305,\220\005]\220E]\220\205]\220\305]\220\005^\220E^\220\205^\220\305^\220\005_\220E_\220\205_\220\305_\220\005h\220Eh\220\205h\220\305h\220\005i\220Ei\220\205i\220\305i\220\005j\220Ej\220\205j\220\305j\220\005k\220Ek\220\205k\220\305k\220\005l\220El\220\205l\220\305l\220\005m\220Em\220\205m\220\305m\220\005nl\030\324\203,\370b\234\"\370\206[\224\307;\241C\000\000\300\206\200=&\b\000\035L\020\002P\000#\006\007\000\202`p\340\201\253\377\377\377\017\272\376\377\377?\354\374\377\377\3770cP\000@n\000\300\210\301\001\200 \030\034x\240\362\377\377\377C\256\377\377\377\017;\377\377\377?L\030\000\303\rG\000\0063\006E+0\272\001\000\263\f\201\020\314\030\024\255p\344\006\000\214\030\034\000\b\202\301\221\007*\377\377\377?\334\372\377\377\377\300\363\377\377\377\303\214A\001\000\273\321\033\000\r8g\f\212S\032v\2437\200\013\344`'\f\200a\003\242\b\206`\302\000\03018\000\020\004\203c\017X\376\377\377\177\230\365\377\377\377\301\347\377\377\377\207\031\203\002\000|\3437\000*p\316\030\024\3614\370\306o\000\027\034:a\000\f\033\020G0\004\023\006\300,\2010cP\320\302\300\033\0000P\021\340C`\0013\006\005\000\344\006\000\214\030\034\000\b\202\301\341\007\263\376\377\377?\374\372\377\377\377\020\366\377\377\377\303\204\001\260\301\214A\241\013Cn\000@@\f\000\006\000\000\000[\004\0007\266\fE\240\036[\206#P\217-C\022\250\307\226a\t\324\003\000\000\000\000a \000\000G\000\000\000\023\004A,\020\000\000\000\001\000\000\000\2045\001\000\3610\000\000\037\000\000\000\"G\310\220Q\006\304\003\013\000\000\000LL_RNG_Init\000\253\250\343'\330\002\370\tsx\213s\0000\000DA\020\204l\001\000\344\002\000\000`\303\000\026\342p\026\233\b\001p\013`\234\"\264\205(\374\2049\210C\000\000\3008Eh\013U\370\ts8\013\001\000\200\r\002\\\304\305\206c\024\310\"\026\310B\026\310b\0266\fsA\026\2610A\000\350`\202\000\324\001\000\000\000#\006\007\000\202`p\320\301\310\377\377\377\017(\377\377\377?\334\374\377\377\3770cP\000@[\000\300\210\301\001\200 \030\034t \362\377\377\377\303\311\377\377\377\0177\377\377\377?L\030\0004\340\2341(\332ah\013\000\270@\320\t\003\200\b\034\023\006\300\t\301N\030\000\303\006\304\021\f\301\204\001\260w0cP\274\303\320\026\000\020\020\003\000\000\005\000\000\000[\004\200-\266\fB0\027[\006\"P\213-\203\021\314\005\000\000\000\000\000a \000\000.\000\000\000\023\004A<\f\000\000\000\027\000\000\000\"G\310\220Q\006D\005\021\000\000\000LL_RNG_StructInit\000\000\000\253\250\343'\330\002\370\t|x\213|\0000\000DA\020\204l\001\000\342\002\000\000`\203\000\234\305&B\000\334\002\030\247\bm\241\n?\201\017g\021\000\000\260!\200\213\t\002@\007\000\000\000#\006\007\000\202`p\310\001\311\377\377\377\017&\377\377\377?\324\374\377\377\3770cP\000@[\000\300\260\001\021\254\301\000\314\030\024\373p\006m\001\000:cP\364C\320\026\000\020\020\003\000\000\003\000\000\000[\004\200-\266\fA\240\026\000\000\000\000\000\000\000q \000\000\004\000\000\0002\016\020\"\204\000\335\r\030p\375\200\002\240\020\000\000\000\000\000e\f\000\0001\000\000\000\022\003\224x\001\000\000\000\003\000\000\0007\000\000\000\t\000\000\000L\000\000\000\001\000\000\000X\000\000\000\000\000\000\000X\000\000\000\004\000\000\000\270\000\000\000\000\000\000\000@\000\000\000\031\000\000\000Y\000\000\000:\000\000\000\r\000\000\000\000\000\000\000\270\000\000\000\000\000\000\000\000\000\000\000\004\000\000\000\000\000\000\000\000\000\000\000\r\000\000\000\000\000\000\000\r\000\000\000\377\377\377\377\001$\000\000\r\000\000\000\013\000\000\000\r\000\000\000\013\000\000\000\377\377\377\377\001$\000\000\030\000\000\000\021\000\000\000\030\000\000\000\021\000\000\000\377\377\377\377\001$\000\000)\000\000\000\016\000\000\000)\000\000\000\016\000\000\000\377\377\377\377\b,\000\000\000\000\000\000]\f\000\000(\000\000\000\022\003\2243\001\000\000\000LL_RNG_DeInitLL_RNG_InitLL_RNG_StructInitllvm.dbg.value16.0.0gitthumbv7em-arm-none-eabihfCubeMX/Drivers/STM32G4xx_HAL_Driver/Src/stm32g4xx_ll_rng.c\000\000\000\000"
	.size	.Lllvm.embedded.module, 8912

	.section	.debug_abbrev,"",%progbits
	.byte	1                               @ Abbreviation Code
	.byte	17                              @ DW_TAG_compile_unit
	.byte	1                               @ DW_CHILDREN_yes
	.byte	37                              @ DW_AT_producer
	.byte	14                              @ DW_FORM_strp
	.byte	19                              @ DW_AT_language
	.byte	5                               @ DW_FORM_data2
	.byte	3                               @ DW_AT_name
	.byte	14                              @ DW_FORM_strp
	.byte	16                              @ DW_AT_stmt_list
	.byte	23                              @ DW_FORM_sec_offset
	.byte	27                              @ DW_AT_comp_dir
	.byte	14                              @ DW_FORM_strp
	.byte	0                               @ EOM(1)
	.byte	0                               @ EOM(2)
	.byte	2                               @ Abbreviation Code
	.byte	4                               @ DW_TAG_enumeration_type
	.byte	1                               @ DW_CHILDREN_yes
	.byte	73                              @ DW_AT_type
	.byte	19                              @ DW_FORM_ref4
	.byte	11                              @ DW_AT_byte_size
	.byte	11                              @ DW_FORM_data1
	.byte	58                              @ DW_AT_decl_file
	.byte	11                              @ DW_FORM_data1
	.byte	59                              @ DW_AT_decl_line
	.byte	11                              @ DW_FORM_data1
	.byte	0                               @ EOM(1)
	.byte	0                               @ EOM(2)
	.byte	3                               @ Abbreviation Code
	.byte	40                              @ DW_TAG_enumerator
	.byte	0                               @ DW_CHILDREN_no
	.byte	3                               @ DW_AT_name
	.byte	14                              @ DW_FORM_strp
	.byte	28                              @ DW_AT_const_value
	.byte	15                              @ DW_FORM_udata
	.byte	0                               @ EOM(1)
	.byte	0                               @ EOM(2)
	.byte	4                               @ Abbreviation Code
	.byte	36                              @ DW_TAG_base_type
	.byte	0                               @ DW_CHILDREN_no
	.byte	3                               @ DW_AT_name
	.byte	14                              @ DW_FORM_strp
	.byte	62                              @ DW_AT_encoding
	.byte	11                              @ DW_FORM_data1
	.byte	11                              @ DW_AT_byte_size
	.byte	11                              @ DW_FORM_data1
	.byte	0                               @ EOM(1)
	.byte	0                               @ EOM(2)
	.byte	5                               @ Abbreviation Code
	.byte	15                              @ DW_TAG_pointer_type
	.byte	0                               @ DW_CHILDREN_no
	.byte	73                              @ DW_AT_type
	.byte	19                              @ DW_FORM_ref4
	.byte	0                               @ EOM(1)
	.byte	0                               @ EOM(2)
	.byte	6                               @ Abbreviation Code
	.byte	22                              @ DW_TAG_typedef
	.byte	0                               @ DW_CHILDREN_no
	.byte	73                              @ DW_AT_type
	.byte	19                              @ DW_FORM_ref4
	.byte	3                               @ DW_AT_name
	.byte	14                              @ DW_FORM_strp
	.byte	58                              @ DW_AT_decl_file
	.byte	11                              @ DW_FORM_data1
	.byte	59                              @ DW_AT_decl_line
	.byte	5                               @ DW_FORM_data2
	.byte	0                               @ EOM(1)
	.byte	0                               @ EOM(2)
	.byte	7                               @ Abbreviation Code
	.byte	19                              @ DW_TAG_structure_type
	.byte	1                               @ DW_CHILDREN_yes
	.byte	11                              @ DW_AT_byte_size
	.byte	11                              @ DW_FORM_data1
	.byte	58                              @ DW_AT_decl_file
	.byte	11                              @ DW_FORM_data1
	.byte	59                              @ DW_AT_decl_line
	.byte	5                               @ DW_FORM_data2
	.byte	0                               @ EOM(1)
	.byte	0                               @ EOM(2)
	.byte	8                               @ Abbreviation Code
	.byte	13                              @ DW_TAG_member
	.byte	0                               @ DW_CHILDREN_no
	.byte	3                               @ DW_AT_name
	.byte	14                              @ DW_FORM_strp
	.byte	73                              @ DW_AT_type
	.byte	19                              @ DW_FORM_ref4
	.byte	58                              @ DW_AT_decl_file
	.byte	11                              @ DW_FORM_data1
	.byte	59                              @ DW_AT_decl_line
	.byte	5                               @ DW_FORM_data2
	.byte	56                              @ DW_AT_data_member_location
	.byte	11                              @ DW_FORM_data1
	.byte	0                               @ EOM(1)
	.byte	0                               @ EOM(2)
	.byte	9                               @ Abbreviation Code
	.byte	53                              @ DW_TAG_volatile_type
	.byte	0                               @ DW_CHILDREN_no
	.byte	73                              @ DW_AT_type
	.byte	19                              @ DW_FORM_ref4
	.byte	0                               @ EOM(1)
	.byte	0                               @ EOM(2)
	.byte	10                              @ Abbreviation Code
	.byte	22                              @ DW_TAG_typedef
	.byte	0                               @ DW_CHILDREN_no
	.byte	73                              @ DW_AT_type
	.byte	19                              @ DW_FORM_ref4
	.byte	3                               @ DW_AT_name
	.byte	14                              @ DW_FORM_strp
	.byte	58                              @ DW_AT_decl_file
	.byte	11                              @ DW_FORM_data1
	.byte	59                              @ DW_AT_decl_line
	.byte	11                              @ DW_FORM_data1
	.byte	0                               @ EOM(1)
	.byte	0                               @ EOM(2)
	.byte	0                               @ EOM(3)
	.section	.debug_info,"",%progbits
.Lcu_begin0:
	.long	.Ldebug_info_end0-.Ldebug_info_start0 @ Length of Unit
.Ldebug_info_start0:
	.short	4                               @ DWARF version number
	.long	.debug_abbrev                   @ Offset Into Abbrev. Section
	.byte	4                               @ Address Size (in bytes)
	.byte	1                               @ Abbrev [1] 0xb:0x2a4 DW_TAG_compile_unit
	.long	.Linfo_string0                  @ DW_AT_producer
	.short	12                              @ DW_AT_language
	.long	.Linfo_string1                  @ DW_AT_name
	.long	.Lline_table_start0             @ DW_AT_stmt_list
	.long	.Linfo_string2                  @ DW_AT_comp_dir
	.byte	2                               @ Abbrev [2] 0x1e:0x15 DW_TAG_enumeration_type
	.long	51                              @ DW_AT_type
	.byte	1                               @ DW_AT_byte_size
	.byte	1                               @ DW_AT_decl_file
	.byte	150                             @ DW_AT_decl_line
	.byte	3                               @ Abbrev [3] 0x26:0x6 DW_TAG_enumerator
	.long	.Linfo_string4                  @ DW_AT_name
	.byte	0                               @ DW_AT_const_value
	.byte	3                               @ Abbrev [3] 0x2c:0x6 DW_TAG_enumerator
	.long	.Linfo_string5                  @ DW_AT_name
	.byte	1                               @ DW_AT_const_value
	.byte	0                               @ End Of Children Mark
	.byte	4                               @ Abbrev [4] 0x33:0x7 DW_TAG_base_type
	.long	.Linfo_string3                  @ DW_AT_name
	.byte	8                               @ DW_AT_encoding
	.byte	1                               @ DW_AT_byte_size
	.byte	5                               @ Abbrev [5] 0x3a:0x5 DW_TAG_pointer_type
	.long	63                              @ DW_AT_type
	.byte	6                               @ Abbrev [6] 0x3f:0xc DW_TAG_typedef
	.long	75                              @ DW_AT_type
	.long	.Linfo_string11                 @ DW_AT_name
	.byte	3                               @ DW_AT_decl_file
	.short	877                             @ DW_AT_decl_line
	.byte	7                               @ Abbrev [7] 0x4b:0x2d DW_TAG_structure_type
	.byte	12                              @ DW_AT_byte_size
	.byte	3                               @ DW_AT_decl_file
	.short	872                             @ DW_AT_decl_line
	.byte	8                               @ Abbrev [8] 0x50:0xd DW_TAG_member
	.long	.Linfo_string6                  @ DW_AT_name
	.long	120                             @ DW_AT_type
	.byte	3                               @ DW_AT_decl_file
	.short	874                             @ DW_AT_decl_line
	.byte	0                               @ DW_AT_data_member_location
	.byte	8                               @ Abbrev [8] 0x5d:0xd DW_TAG_member
	.long	.Linfo_string9                  @ DW_AT_name
	.long	120                             @ DW_AT_type
	.byte	3                               @ DW_AT_decl_file
	.short	875                             @ DW_AT_decl_line
	.byte	4                               @ DW_AT_data_member_location
	.byte	8                               @ Abbrev [8] 0x6a:0xd DW_TAG_member
	.long	.Linfo_string10                 @ DW_AT_name
	.long	120                             @ DW_AT_type
	.byte	3                               @ DW_AT_decl_file
	.short	876                             @ DW_AT_decl_line
	.byte	8                               @ DW_AT_data_member_location
	.byte	0                               @ End Of Children Mark
	.byte	9                               @ Abbrev [9] 0x78:0x5 DW_TAG_volatile_type
	.long	125                             @ DW_AT_type
	.byte	10                              @ Abbrev [10] 0x7d:0xb DW_TAG_typedef
	.long	136                             @ DW_AT_type
	.long	.Linfo_string8                  @ DW_AT_name
	.byte	2                               @ DW_AT_decl_file
	.byte	64                              @ DW_AT_decl_line
	.byte	4                               @ Abbrev [4] 0x88:0x7 DW_TAG_base_type
	.long	.Linfo_string7                  @ DW_AT_name
	.byte	7                               @ DW_AT_encoding
	.byte	4                               @ DW_AT_byte_size
	.byte	5                               @ Abbrev [5] 0x8f:0x5 DW_TAG_pointer_type
	.long	148                             @ DW_AT_type
	.byte	6                               @ Abbrev [6] 0x94:0xc DW_TAG_typedef
	.long	160                             @ DW_AT_type
	.long	.Linfo_string51                 @ DW_AT_name
	.byte	3                               @ DW_AT_decl_file
	.short	617                             @ DW_AT_decl_line
	.byte	7                               @ Abbrev [7] 0xa0:0x20e DW_TAG_structure_type
	.byte	160                             @ DW_AT_byte_size
	.byte	3                               @ DW_AT_decl_file
	.short	575                             @ DW_AT_decl_line
	.byte	8                               @ Abbrev [8] 0xa5:0xd DW_TAG_member
	.long	.Linfo_string6                  @ DW_AT_name
	.long	120                             @ DW_AT_type
	.byte	3                               @ DW_AT_decl_file
	.short	577                             @ DW_AT_decl_line
	.byte	0                               @ DW_AT_data_member_location
	.byte	8                               @ Abbrev [8] 0xb2:0xd DW_TAG_member
	.long	.Linfo_string12                 @ DW_AT_name
	.long	120                             @ DW_AT_type
	.byte	3                               @ DW_AT_decl_file
	.short	578                             @ DW_AT_decl_line
	.byte	4                               @ DW_AT_data_member_location
	.byte	8                               @ Abbrev [8] 0xbf:0xd DW_TAG_member
	.long	.Linfo_string13                 @ DW_AT_name
	.long	120                             @ DW_AT_type
	.byte	3                               @ DW_AT_decl_file
	.short	579                             @ DW_AT_decl_line
	.byte	8                               @ DW_AT_data_member_location
	.byte	8                               @ Abbrev [8] 0xcc:0xd DW_TAG_member
	.long	.Linfo_string14                 @ DW_AT_name
	.long	120                             @ DW_AT_type
	.byte	3                               @ DW_AT_decl_file
	.short	580                             @ DW_AT_decl_line
	.byte	12                              @ DW_AT_data_member_location
	.byte	8                               @ Abbrev [8] 0xd9:0xd DW_TAG_member
	.long	.Linfo_string15                 @ DW_AT_name
	.long	125                             @ DW_AT_type
	.byte	3                               @ DW_AT_decl_file
	.short	581                             @ DW_AT_decl_line
	.byte	16                              @ DW_AT_data_member_location
	.byte	8                               @ Abbrev [8] 0xe6:0xd DW_TAG_member
	.long	.Linfo_string16                 @ DW_AT_name
	.long	125                             @ DW_AT_type
	.byte	3                               @ DW_AT_decl_file
	.short	582                             @ DW_AT_decl_line
	.byte	20                              @ DW_AT_data_member_location
	.byte	8                               @ Abbrev [8] 0xf3:0xd DW_TAG_member
	.long	.Linfo_string17                 @ DW_AT_name
	.long	120                             @ DW_AT_type
	.byte	3                               @ DW_AT_decl_file
	.short	583                             @ DW_AT_decl_line
	.byte	24                              @ DW_AT_data_member_location
	.byte	8                               @ Abbrev [8] 0x100:0xd DW_TAG_member
	.long	.Linfo_string18                 @ DW_AT_name
	.long	120                             @ DW_AT_type
	.byte	3                               @ DW_AT_decl_file
	.short	584                             @ DW_AT_decl_line
	.byte	28                              @ DW_AT_data_member_location
	.byte	8                               @ Abbrev [8] 0x10d:0xd DW_TAG_member
	.long	.Linfo_string19                 @ DW_AT_name
	.long	120                             @ DW_AT_type
	.byte	3                               @ DW_AT_decl_file
	.short	585                             @ DW_AT_decl_line
	.byte	32                              @ DW_AT_data_member_location
	.byte	8                               @ Abbrev [8] 0x11a:0xd DW_TAG_member
	.long	.Linfo_string20                 @ DW_AT_name
	.long	125                             @ DW_AT_type
	.byte	3                               @ DW_AT_decl_file
	.short	586                             @ DW_AT_decl_line
	.byte	36                              @ DW_AT_data_member_location
	.byte	8                               @ Abbrev [8] 0x127:0xd DW_TAG_member
	.long	.Linfo_string21                 @ DW_AT_name
	.long	120                             @ DW_AT_type
	.byte	3                               @ DW_AT_decl_file
	.short	587                             @ DW_AT_decl_line
	.byte	40                              @ DW_AT_data_member_location
	.byte	8                               @ Abbrev [8] 0x134:0xd DW_TAG_member
	.long	.Linfo_string22                 @ DW_AT_name
	.long	120                             @ DW_AT_type
	.byte	3                               @ DW_AT_decl_file
	.short	588                             @ DW_AT_decl_line
	.byte	44                              @ DW_AT_data_member_location
	.byte	8                               @ Abbrev [8] 0x141:0xd DW_TAG_member
	.long	.Linfo_string23                 @ DW_AT_name
	.long	120                             @ DW_AT_type
	.byte	3                               @ DW_AT_decl_file
	.short	589                             @ DW_AT_decl_line
	.byte	48                              @ DW_AT_data_member_location
	.byte	8                               @ Abbrev [8] 0x14e:0xd DW_TAG_member
	.long	.Linfo_string24                 @ DW_AT_name
	.long	125                             @ DW_AT_type
	.byte	3                               @ DW_AT_decl_file
	.short	590                             @ DW_AT_decl_line
	.byte	52                              @ DW_AT_data_member_location
	.byte	8                               @ Abbrev [8] 0x15b:0xd DW_TAG_member
	.long	.Linfo_string25                 @ DW_AT_name
	.long	120                             @ DW_AT_type
	.byte	3                               @ DW_AT_decl_file
	.short	591                             @ DW_AT_decl_line
	.byte	56                              @ DW_AT_data_member_location
	.byte	8                               @ Abbrev [8] 0x168:0xd DW_TAG_member
	.long	.Linfo_string26                 @ DW_AT_name
	.long	120                             @ DW_AT_type
	.byte	3                               @ DW_AT_decl_file
	.short	592                             @ DW_AT_decl_line
	.byte	60                              @ DW_AT_data_member_location
	.byte	8                               @ Abbrev [8] 0x175:0xd DW_TAG_member
	.long	.Linfo_string27                 @ DW_AT_name
	.long	120                             @ DW_AT_type
	.byte	3                               @ DW_AT_decl_file
	.short	593                             @ DW_AT_decl_line
	.byte	64                              @ DW_AT_data_member_location
	.byte	8                               @ Abbrev [8] 0x182:0xd DW_TAG_member
	.long	.Linfo_string28                 @ DW_AT_name
	.long	125                             @ DW_AT_type
	.byte	3                               @ DW_AT_decl_file
	.short	594                             @ DW_AT_decl_line
	.byte	68                              @ DW_AT_data_member_location
	.byte	8                               @ Abbrev [8] 0x18f:0xd DW_TAG_member
	.long	.Linfo_string29                 @ DW_AT_name
	.long	120                             @ DW_AT_type
	.byte	3                               @ DW_AT_decl_file
	.short	595                             @ DW_AT_decl_line
	.byte	72                              @ DW_AT_data_member_location
	.byte	8                               @ Abbrev [8] 0x19c:0xd DW_TAG_member
	.long	.Linfo_string30                 @ DW_AT_name
	.long	120                             @ DW_AT_type
	.byte	3                               @ DW_AT_decl_file
	.short	596                             @ DW_AT_decl_line
	.byte	76                              @ DW_AT_data_member_location
	.byte	8                               @ Abbrev [8] 0x1a9:0xd DW_TAG_member
	.long	.Linfo_string31                 @ DW_AT_name
	.long	120                             @ DW_AT_type
	.byte	3                               @ DW_AT_decl_file
	.short	597                             @ DW_AT_decl_line
	.byte	80                              @ DW_AT_data_member_location
	.byte	8                               @ Abbrev [8] 0x1b6:0xd DW_TAG_member
	.long	.Linfo_string32                 @ DW_AT_name
	.long	125                             @ DW_AT_type
	.byte	3                               @ DW_AT_decl_file
	.short	598                             @ DW_AT_decl_line
	.byte	84                              @ DW_AT_data_member_location
	.byte	8                               @ Abbrev [8] 0x1c3:0xd DW_TAG_member
	.long	.Linfo_string33                 @ DW_AT_name
	.long	120                             @ DW_AT_type
	.byte	3                               @ DW_AT_decl_file
	.short	599                             @ DW_AT_decl_line
	.byte	88                              @ DW_AT_data_member_location
	.byte	8                               @ Abbrev [8] 0x1d0:0xd DW_TAG_member
	.long	.Linfo_string34                 @ DW_AT_name
	.long	120                             @ DW_AT_type
	.byte	3                               @ DW_AT_decl_file
	.short	600                             @ DW_AT_decl_line
	.byte	92                              @ DW_AT_data_member_location
	.byte	8                               @ Abbrev [8] 0x1dd:0xd DW_TAG_member
	.long	.Linfo_string35                 @ DW_AT_name
	.long	120                             @ DW_AT_type
	.byte	3                               @ DW_AT_decl_file
	.short	601                             @ DW_AT_decl_line
	.byte	96                              @ DW_AT_data_member_location
	.byte	8                               @ Abbrev [8] 0x1ea:0xd DW_TAG_member
	.long	.Linfo_string36                 @ DW_AT_name
	.long	125                             @ DW_AT_type
	.byte	3                               @ DW_AT_decl_file
	.short	602                             @ DW_AT_decl_line
	.byte	100                             @ DW_AT_data_member_location
	.byte	8                               @ Abbrev [8] 0x1f7:0xd DW_TAG_member
	.long	.Linfo_string37                 @ DW_AT_name
	.long	120                             @ DW_AT_type
	.byte	3                               @ DW_AT_decl_file
	.short	603                             @ DW_AT_decl_line
	.byte	104                             @ DW_AT_data_member_location
	.byte	8                               @ Abbrev [8] 0x204:0xd DW_TAG_member
	.long	.Linfo_string38                 @ DW_AT_name
	.long	120                             @ DW_AT_type
	.byte	3                               @ DW_AT_decl_file
	.short	604                             @ DW_AT_decl_line
	.byte	108                             @ DW_AT_data_member_location
	.byte	8                               @ Abbrev [8] 0x211:0xd DW_TAG_member
	.long	.Linfo_string39                 @ DW_AT_name
	.long	120                             @ DW_AT_type
	.byte	3                               @ DW_AT_decl_file
	.short	605                             @ DW_AT_decl_line
	.byte	112                             @ DW_AT_data_member_location
	.byte	8                               @ Abbrev [8] 0x21e:0xd DW_TAG_member
	.long	.Linfo_string40                 @ DW_AT_name
	.long	125                             @ DW_AT_type
	.byte	3                               @ DW_AT_decl_file
	.short	606                             @ DW_AT_decl_line
	.byte	116                             @ DW_AT_data_member_location
	.byte	8                               @ Abbrev [8] 0x22b:0xd DW_TAG_member
	.long	.Linfo_string41                 @ DW_AT_name
	.long	120                             @ DW_AT_type
	.byte	3                               @ DW_AT_decl_file
	.short	607                             @ DW_AT_decl_line
	.byte	120                             @ DW_AT_data_member_location
	.byte	8                               @ Abbrev [8] 0x238:0xd DW_TAG_member
	.long	.Linfo_string42                 @ DW_AT_name
	.long	120                             @ DW_AT_type
	.byte	3                               @ DW_AT_decl_file
	.short	608                             @ DW_AT_decl_line
	.byte	124                             @ DW_AT_data_member_location
	.byte	8                               @ Abbrev [8] 0x245:0xd DW_TAG_member
	.long	.Linfo_string43                 @ DW_AT_name
	.long	120                             @ DW_AT_type
	.byte	3                               @ DW_AT_decl_file
	.short	609                             @ DW_AT_decl_line
	.byte	128                             @ DW_AT_data_member_location
	.byte	8                               @ Abbrev [8] 0x252:0xd DW_TAG_member
	.long	.Linfo_string44                 @ DW_AT_name
	.long	125                             @ DW_AT_type
	.byte	3                               @ DW_AT_decl_file
	.short	610                             @ DW_AT_decl_line
	.byte	132                             @ DW_AT_data_member_location
	.byte	8                               @ Abbrev [8] 0x25f:0xd DW_TAG_member
	.long	.Linfo_string45                 @ DW_AT_name
	.long	120                             @ DW_AT_type
	.byte	3                               @ DW_AT_decl_file
	.short	611                             @ DW_AT_decl_line
	.byte	136                             @ DW_AT_data_member_location
	.byte	8                               @ Abbrev [8] 0x26c:0xd DW_TAG_member
	.long	.Linfo_string46                 @ DW_AT_name
	.long	125                             @ DW_AT_type
	.byte	3                               @ DW_AT_decl_file
	.short	612                             @ DW_AT_decl_line
	.byte	140                             @ DW_AT_data_member_location
	.byte	8                               @ Abbrev [8] 0x279:0xd DW_TAG_member
	.long	.Linfo_string47                 @ DW_AT_name
	.long	120                             @ DW_AT_type
	.byte	3                               @ DW_AT_decl_file
	.short	613                             @ DW_AT_decl_line
	.byte	144                             @ DW_AT_data_member_location
	.byte	8                               @ Abbrev [8] 0x286:0xd DW_TAG_member
	.long	.Linfo_string48                 @ DW_AT_name
	.long	120                             @ DW_AT_type
	.byte	3                               @ DW_AT_decl_file
	.short	614                             @ DW_AT_decl_line
	.byte	148                             @ DW_AT_data_member_location
	.byte	8                               @ Abbrev [8] 0x293:0xd DW_TAG_member
	.long	.Linfo_string49                 @ DW_AT_name
	.long	120                             @ DW_AT_type
	.byte	3                               @ DW_AT_decl_file
	.short	615                             @ DW_AT_decl_line
	.byte	152                             @ DW_AT_data_member_location
	.byte	8                               @ Abbrev [8] 0x2a0:0xd DW_TAG_member
	.long	.Linfo_string50                 @ DW_AT_name
	.long	120                             @ DW_AT_type
	.byte	3                               @ DW_AT_decl_file
	.short	616                             @ DW_AT_decl_line
	.byte	156                             @ DW_AT_data_member_location
	.byte	0                               @ End Of Children Mark
	.byte	0                               @ End Of Children Mark
.Ldebug_info_end0:
	.section	.debug_str,"MS",%progbits,1
.Linfo_string0:
	.asciz	"Component: Arm Compiler for Embedded 6.19 Tool: armclang [5e73cb00]" @ string offset=0
.Linfo_string1:
	.asciz	"CubeMX/Drivers/STM32G4xx_HAL_Driver/Src\\stm32g4xx_ll_rng.c" @ string offset=68
.Linfo_string2:
	.asciz	"C:\\Users\\CHALLENGER\\Documents\\KeXieData\\Project\\DigitalPower\\BootLoader" @ string offset=127
.Linfo_string3:
	.asciz	"unsigned char"                 @ string offset=199
.Linfo_string4:
	.asciz	"SUCCESS"                       @ string offset=213
.Linfo_string5:
	.asciz	"ERROR"                         @ string offset=221
.Linfo_string6:
	.asciz	"CR"                            @ string offset=227
.Linfo_string7:
	.asciz	"unsigned int"                  @ string offset=230
.Linfo_string8:
	.asciz	"uint32_t"                      @ string offset=243
.Linfo_string9:
	.asciz	"SR"                            @ string offset=252
.Linfo_string10:
	.asciz	"DR"                            @ string offset=255
.Linfo_string11:
	.asciz	"RNG_TypeDef"                   @ string offset=258
.Linfo_string12:
	.asciz	"ICSCR"                         @ string offset=270
.Linfo_string13:
	.asciz	"CFGR"                          @ string offset=276
.Linfo_string14:
	.asciz	"PLLCFGR"                       @ string offset=281
.Linfo_string15:
	.asciz	"RESERVED0"                     @ string offset=289
.Linfo_string16:
	.asciz	"RESERVED1"                     @ string offset=299
.Linfo_string17:
	.asciz	"CIER"                          @ string offset=309
.Linfo_string18:
	.asciz	"CIFR"                          @ string offset=314
.Linfo_string19:
	.asciz	"CICR"                          @ string offset=319
.Linfo_string20:
	.asciz	"RESERVED2"                     @ string offset=324
.Linfo_string21:
	.asciz	"AHB1RSTR"                      @ string offset=334
.Linfo_string22:
	.asciz	"AHB2RSTR"                      @ string offset=343
.Linfo_string23:
	.asciz	"AHB3RSTR"                      @ string offset=352
.Linfo_string24:
	.asciz	"RESERVED3"                     @ string offset=361
.Linfo_string25:
	.asciz	"APB1RSTR1"                     @ string offset=371
.Linfo_string26:
	.asciz	"APB1RSTR2"                     @ string offset=381
.Linfo_string27:
	.asciz	"APB2RSTR"                      @ string offset=391
.Linfo_string28:
	.asciz	"RESERVED4"                     @ string offset=400
.Linfo_string29:
	.asciz	"AHB1ENR"                       @ string offset=410
.Linfo_string30:
	.asciz	"AHB2ENR"                       @ string offset=418
.Linfo_string31:
	.asciz	"AHB3ENR"                       @ string offset=426
.Linfo_string32:
	.asciz	"RESERVED5"                     @ string offset=434
.Linfo_string33:
	.asciz	"APB1ENR1"                      @ string offset=444
.Linfo_string34:
	.asciz	"APB1ENR2"                      @ string offset=453
.Linfo_string35:
	.asciz	"APB2ENR"                       @ string offset=462
.Linfo_string36:
	.asciz	"RESERVED6"                     @ string offset=470
.Linfo_string37:
	.asciz	"AHB1SMENR"                     @ string offset=480
.Linfo_string38:
	.asciz	"AHB2SMENR"                     @ string offset=490
.Linfo_string39:
	.asciz	"AHB3SMENR"                     @ string offset=500
.Linfo_string40:
	.asciz	"RESERVED7"                     @ string offset=510
.Linfo_string41:
	.asciz	"APB1SMENR1"                    @ string offset=520
.Linfo_string42:
	.asciz	"APB1SMENR2"                    @ string offset=531
.Linfo_string43:
	.asciz	"APB2SMENR"                     @ string offset=542
.Linfo_string44:
	.asciz	"RESERVED8"                     @ string offset=552
.Linfo_string45:
	.asciz	"CCIPR"                         @ string offset=562
.Linfo_string46:
	.asciz	"RESERVED9"                     @ string offset=568
.Linfo_string47:
	.asciz	"BDCR"                          @ string offset=578
.Linfo_string48:
	.asciz	"CSR"                           @ string offset=583
.Linfo_string49:
	.asciz	"CRRCR"                         @ string offset=587
.Linfo_string50:
	.asciz	"CCIPR2"                        @ string offset=593
.Linfo_string51:
	.asciz	"RCC_TypeDef"                   @ string offset=600
	.ident	"Component: Arm Compiler for Embedded 6.19 Tool: armclang [5e73cb00]"
	.section	".note.GNU-stack","",%progbits
	.ARM_attribute	16, 1	@ Tag_AV_eba
	.section	.debug_line,"",%progbits
.Lline_table_start0:
