	.text
	.syntax unified
	.eabi_attribute	67, "2.09"	@ Tag_conformance
	.cpu	cortex-m4
	.eabi_attribute	6, 13	@ Tag_CPU_arch
	.eabi_attribute	7, 77	@ Tag_CPU_arch_profile
	.eabi_attribute	8, 0	@ Tag_ARM_ISA_use
	.eabi_attribute	9, 2	@ Tag_THUMB_ISA_use
	.fpu	fpv4-sp-d16
	.eabi_attribute	27, 1	@ Tag_ABI_HardFP_use
	.eabi_attribute	36, 1	@ Tag_FP_HP_extension
	.eabi_attribute	34, 1	@ Tag_CPU_unaligned_access
	.eabi_attribute	17, 1	@ Tag_ABI_PCS_GOT_use
	.eabi_attribute	20, 2	@ Tag_ABI_FP_denormal
	.eabi_attribute	21, 0	@ Tag_ABI_FP_exceptions
	.eabi_attribute	23, 1	@ Tag_ABI_FP_number_model
	.eabi_attribute	24, 1	@ Tag_ABI_align_needed
	.eabi_attribute	25, 1	@ Tag_ABI_align_preserved
	.eabi_attribute	28, 1	@ Tag_ABI_VFP_args
	.eabi_attribute	38, 1	@ Tag_ABI_FP_16bit_format
	.eabi_attribute	18, 2	@ Tag_ABI_PCS_wchar_t
	.eabi_attribute	26, 1	@ Tag_ABI_enum_size
	.eabi_attribute	14, 0	@ Tag_ABI_PCS_R9_use
	.file	"stm32g4xx_it.c"
	.file	1 "C:\\Keil_v5\\ARM\\ARMCLANG\\Bin\\..\\include" "stdint.h"
	.type	.Lllvm.embedded.module,%object  @ @llvm.embedded.module
	.section	.llvmbc,"",%progbits
	.p2align	4, 0x0
.Lllvm.embedded.module:
	.asciz	"BC\300\3365\024\000\000\005\000\000\000b\f0$MY\276f\255\373\264O\033\310$D\0012\005\000!\f\000\0008\006\000\000\013\002!\000\002\000\000\000\026\000\000\000\007\201#\221A\310\004I\006\02029\222\001\204\f%\005\b\031\036\004\213b\200\024E\002B\222\013B\244\0202\0248\b\030K\n2R\210Hp\304!#D\022\207\214\020A\222\002d\310\b\261\024 CF\210 \311\0012R\204\030*(*\2201|\260\\\221 \305\310\000\000\000\211 \000\000,\000\000\0002\"H\t bF\000!+$\230\024!%$\230\024\031'\f\205\244\220`Rd\\ $e\202 \2529\0020@K\232\"J\230\374\316\324~\261A\246\026{\210\216(\022\022B\b!\2040G\200\240&M\021%L\376\377w\246\366\207@3,D\213=DG\024I\002b\f\000\000\000\001\004\000\002\000\0017i\212(a\362[\321\3747@\"~\261A\246\026{\210\216(\222\021B\b!\350\001P\203\241\004\0031i\212(a\362[\321\374C\240\031\026\242\305\036\242#\212\224\2002\314\030\007\215\021\000\023\2509\002\310\b\212\031A\201\201\200)\000\000\000\000Q\030\000\000\273\001\000\000\033\310)\370\377\377\377\377\001p\000\t(\003\202\034\312\301\035\336A\036\332!\034\330\241\r\314\001\036\332\240\035\302\201\036\320\001\200\007y(\207y(\007y\260\207rh\203yH\207sp\0076\200\007y(\207y(\007y\260\207rh\203yH\207sp\007\2000\007y\b\207v(\2076\200\207wH\007w\240\207r\220\007\300\035\336\301\035\312\001 \332!\035\334\241\r\330\241\034\316!\034\330\241\r\354\241\034\306\201\036\336A\036\332\340\036\322\201\034\350\001\035\0008\000\bwx\2076H\007w0\207yh\003s\200\2076h\207p\240\007t\000\350A\036\352\241\034\000\302\035\336\241\r\334!\034\334a\036\332\300\034\340\241\r\332!\034\350\001\035\000z\220\207z(\007\200p\207wh\203yH\207sp\207r \2076\320\207r\220\207w\230\20760\007xh\203v\b\007z@\007\200\036\344\241\036\312\001 \346\201\036\302a\034\326\241\r\340A\036\336\201\036\312a\034\350\341\035\344\241\r\304\241\036\314\301\034\312A\036\332`\036\322A\037\312\001\300\003\200\240\207p\220\207s(\007zh\203q\200\207z\000\306\341\035\344\201\036\312\001\037\332\240\035\350\000 \350!\034\344\341\034\312\201\036\332\300\034\312!\034\350\241\036\344\241\034\346\001X\203p\220\207v\260\207;(\2076h\0076X\003r\230\007x`\20350\007x\210\003;`\2035@\207{ \207t\260\0076X\003z@\207zh\007qh\203vx\007r(\0076X\003{0\007x\220\203y\200\0076X\003{0\007x\230\003r\210\003;\230\007x`\2035\260\007s\200\007: \2078\260\203y\200\0076h\203p(\207y`\2036\020\007s\210\003;`\2036\030\007r(\207q\200\0078`\2036\030\007r(\207q\200\2078`\2036\030\007r(\207q\200\0079`\2036\030\007r(\207q\200\2079`\2036\030\007r(\207q\200\007:`\2036\030\007r(\207q\200\207:`\2036\030\007r(\207q\200\007;`\2036\030\007r(\207q\200\207;`\2036\030\007y\030\0076h\203q\220\207|\200\007zx\0076h\003r\230\0039`\2036 \207w\240\007x\220\207w \0076h\003s\030\207r`\20360\007xh\203p\220\207v\260\007<`\20360\007xh\203p\220\207v\260\007< \2078\260\0036h\003s\200\2076\b\007yh\007{\300\003r\210\003;\230\007x`\20360\007xh\203p\220\207v\260\007<\230\007x`\20360\007x\210\003;0\207v`\0076h\003s\200\007;\240\0036h\003s\250\007v`\007s\200\2078\260\0036h\003t\270\007rH\007{h\203p\220\207v`\2036H\007<h\207v`\2036`\207w\020\0076h\203v\260\207r`\2036h\007{(\00770\007x`\2036p\207rx\007w`\2036\200\207p\030\007q\240\207t`\2036\220\207p\230\0076h\203y\020\0076h\203y@\207p\220\0036h\003{0\007x\220\0036h\003{0\007x\230\0036h\003{0\007x\230\003r\210\003;`\2036\260\007s\200\2079\230\007x`\2036\260\007s\200\007:`\2036\260\007s\200\007: \2078\260\0036h\003{0\007x\240\203y\200\007`\003)\t\377\377\377\377?\020\344P\016\356\360\016\362\320\016\341\300\016m`\016\360\320\006\355\020\016\364\200\016\000<\310C9\314C9\310\203=\224C\033\314C:\234\203;\260\001<\310C9\314C9\310\203=\224C\033\314C:\234\203;\000\2049\310C8\264C9\264\001<\274C:\270\003=\224\203<\000\356\360\016\356P\016\000\341\016\357\320\006\351\340\016\3460\017m`\016\360\320\006\355\020\016\364\200\016\000=\310C=\224\003@\270\303;\264\201;\204\203;\314C\033\230\003<\264A;\204\003=\240\003@\017\362P\017\345\000\020\356\360\016m0\017\351p\016\356P\016\344\320\006\372P\016\362\360\016\363\320\006\346\000\017m\320\016\341@\017\350\000\320\203<\324C9\000\304<\320C8\214\303:\264\001<\310\303;\320C9\214\003=\274\203<\264\2018\324\2039\230C9\310C\033\314C:\350C9\000x\000\020\364\020\016\362p\016\345@\017m0\016\360P\017\3008\274\203<\320C9\340C\033\264\003\035\000\004=\204\203<\234C9\320C\033\230C9\204\003=\324\203<\224\303<\000k\020\016\362\320\016\366p\007\345\320\006\355\300\006k@\016\363\000\017l\260\006\346\000\017q`\007l\260\006\350p\017\344\220\016\366\300\006k@\017\350P\017\355 \016m\320\016\357@\016\345\300\006k`\017\346\000\017r0\017\360\300\006k`\017\346\000\017s@\016q`\007\363\000\017l\260\006\366`\016\360@\007\344\020\007v0\017\360\300\006m\020\016\3450\017l\320\006\342`\016q`\007l\320\006\343@\016\3450\016\360\000\007l\320\006\343@\016\3450\016\360\020\007l\320\006\343@\016\3450\016\360 \007l\320\006\343@\016\3450\016\3600\007l\320\006\343@\016\3450\016\360@\007l\320\006\343@\016\3450\016\360P\007l\320\006\343@\016\3450\016\360`\007l\320\006\343@\016\3450\016\360p\007l\320\006\343 \017\343\300\006m0\016\362\220\017\360@\017\357\300\006m@\016s \007l\320\006\344\360\016\364\000\017\362\360\016\344\300\006m`\016\343P\016l\320\006\346\000\017m\020\016\362\320\016\366\200\007l\320\006\346\000\017m\020\016\362\320\016\366\200\007\344\020\007v\300\006m`\016\360\320\006\341 \017\355`\017x@\016q`\007\363\000\017l\320\006\346\000\017m\020\016\362\320\016\366\200\007\363\000\017l\320\006\346\000\017q`\007\346\320\016\354\300\006m`\016\360`\007t\300\006m`\016\365\300\016\354`\016\360\020\007v\300\006m\200\016\367@\016\351`\017m\020\016\362\320\016l\320\006\351\200\007\355\320\016l\320\006\354\360\016\342\300\006m\320\016\366P\016l\320\006\355`\017\345\340\006\346\000\017l\320\006\356P\016\357\340\016l\320\006\360\020\016\343 \016\364\220\016l\320\006\362\020\016\363\300\006m0\017\342\300\006m0\017\350\020\016r\300\006m`\017\346\000\017r\300\006m`\017\346\000\017s\300\006m`\017\346\000\017s@\016q`\007l\320\006\366`\016\3600\007\363\000\017l\320\006\366`\016\360@\007l\320\006\366`\016\360@\007\344\020\007v\300\006m`\017\346\000\017t0\017\360\000l0\206\000 \005@\f6\020D\000\220\002\000I\030\000\000\004\000\000\000\023\202`\202 \f\023\004\201\230\020\f\023\002\002\000\0232z@\207zh\007q\260\207;(\207vh\203p\220\207vh\003wx\007w(\2076(\207p\020\207t@\007s\3300\007\345\320\006\355\240\007\345\320\006\360\240\007s \007z0\007r\320\006\246\220\016x\320\006\351`\007t\240\007v@\007m`\017q \007x\240\007v@\007z\020\007r\200\007m\020\016z\000\007z0\007r\320\006\3560\007r\320\006\263`\007t\240\364\200\020!!d\310H\021\021@#\204\311\2517\254\213\313M\354k\370\226\227_S\371\3705\247\267g\2623\r\217\377\246\351\256\361\216\t`\b\001\000\006\000\000\000\000\000\200\200\001\200\035\023\303\020\002\000\f\000\000\000\000\000\000\001\003\000;&\214!\004\000\030\000\000\000\000\000\000\002\006\000vLd\340\020\002\000\f\000\000\000\000\000\000\001\003\000;&9(\022\001\000\006\000\000\000\000\000\200\200\001\200\035\323\035\024\211\000\000\003\000\000\000\000\000@\300\000\300\216\211\017\032B\000\200\001\000\000\000\000\000 `\000`H\225\n\313\002\000@\000\000\001\000\000\000\000\000\001\300\000C*Z\210\026\000\000\002\000\b\000\000\000\000\000\b\000\006\030R\225C\264\000\000\020\000@\000\000\000\000\000@\0000\300\220\312\036\240\005\000\200\000\000\002\000\000\000\000\000\002\200\001\206T&!-\000\000\004\000\020\000\000\000\000\000\020\000\f0\244\302\th\001\000 \000\200\000\000\000\000\000\200\000`\200!\025Z@\013\000\000\001\000\004\000\000\000\000\000\004\000\003\f\251\360\002k\200\000\020\000\000\000\000\000\000\000 \000\030`H\005\033\330\002\000@\000\000\001\000\000\000\000\000\001\300\000C*\364\220\034 \000\006\000\000\000\000\000\000\000\b\000\006\030R\351\007\266\000\000\020\000@\000\000\000\000\000@\0000\300\220JF\260\005\000\200\000\000\002\000\000\000\000\000\002\200\001\206Tj\202-\000\000\004\000\020\000\000\000\000\000\020\000\f0\244\022\225g\001\000 \000\200\000\000\000\000\000\200\000`\200!U\254H\016\020\000\003\000\000\000\000\000\000\000\004\000\003\f\251\306\205Z\000\000\b\000 \000\000\000\000\000 \000\030`Hu/\323\002\000@\000\000\001\000\000\000\000\000\001\300\000C*\225\301\026\000\000\002\000\b\000\000\000\000\000\b\000\006\220\330 P\030\306\000\000 \013\004\000\000\007\000\000\0002\036\230\024\031\021L\220\214\t&G\306\004C\n\345P\bEP\006%0\002\000\000\000\261\030\000\000\265\000\000\0003\b\200\034\304\341\034f\024\001=\210C8\204\303\214B\200\007yx\007s\230q\f\346\000\017\355\020\016\364\200\0163\fB\036\302\301\035\316\241\034f0\005=\210C8\204\203\033\314\003=\310C=\214\003=\314x\214tp\007{\b\007yH\207pp\007zp\003vx\207p \207\031\314\021\016\354\220\016\3410\017n0\017\343\360\016\360P\0163\020\304\035\336!\034\330!\035\302a\036f0\211;\274\203;\320C9\264\003<\274\203<\204\003;\314\360\024v`\007{h\0077h\207rh\0077\200\207p\220\207p`\007v(\007v\370\005vx\207w\200\207_\b\207q\030\207r\230\207y\230\201,\356\360\016\356\340\016\365\300\016\3540\003b\310\241\034\344\241\034\314\241\034\344\241\034\334a\034\312!\034\304\201\035\312a\006\326\220C9\310C9\230C9\310C9\270\3038\224C8\210\003;\224\303/\274\203<\374\202;\324\003;\260\303\f\307i\207pX\207rp\203th\007x`\207t\030\207t\240\207\031\316S\017\356\000\017\362P\016\344\220\016\343@\017\341 \016\354P\0163 (\035\334\301\036\302A\036\322!\034\334\201\036\334\340\034\344\341\035\352\001\036f\030Q8\260C:\234\203;\314P$v`\007{h\0077`\207wx\007x\230QL\364\220\017\360P\0163\036j\036\312a\034\350!\035\336\301\035~\001\036\344\241\034\314!\035\360a\006T\205\2038\314\303;\260C=\320C9\374\302<\344C;\210\303;\260\303\214\305\n\207y\230\207w\030\207t\b\007z(\007r\230\201\\\343\020\016\354\300\016\345P\016\3630#\301\322A\036\344\341\027\330\341\035\336\001\036fH\031;\260\203=\264\203\033\204\3038\214C9\314\303<\270\3019\310\303;\324\003<\314H\264q\b\007v`\007q\b\207qX\207\031\333\306\016\354`\017\355\340\006\360 \017\3450\017\345 \017\366P\016n\020\016\3430\016\3450\017\363\340\006\351\340\016\344P\016\3700#\342\354a\034\302\201\035\330\341\027\354!\035\346!\035\304!\035\330!\035\350!\037f \235;\274C=\270\0039\224\2039\314X\274pp\007wx\007z\b\007zH\207wp\207\031\313\347\016\3570\017\341\340\016\351@\017\351\240\017\3450\303\001\003s\250\007w\030\207_\230\207pp\207t\240\207t\320\207r\230\201\204A9\340\3038\260C=\220C9\314@\304\240\035\312\241\035\340A\036\336\301\034f$c0\016\341\300\016\3540\017\351@\017\3450C!\203u\030\007sH\207_\240\207|\200\207r\230\261\224\001<\214\303<\224\3038\320C:\274\203;\314\003\000\000\000y \000\000\233\000\000\000r\036H C\210\f\031\tr2H #\201\214\221\221\321D\240\020(d<12B\216\220!\243\370@,\003\336)\214\302\033 N#)\215$M\204\007\000\000CubeMX/Core/Src\\stm32g4xx_it.cC:\\Users\\CHALLENGER\\Documents\\KeXieData\\Project\\DigitalPower\\BootLoaderComponent: Arm Compiler for Embedded 6.19 Tool: armclang [5e73cb00]C:\\Keil_v5\\ARM\\ARMCLANG\\Bin\\..\\include\\stdint.huint16_tunsigned shortDwarf VersionDebug Info Versionwchar_sizestatic_rwdataenumsize_buildattrarmlib_unavailablearmcompiler-version6.19CubeMX/Core/Src/stm32g4xx_it.c#\bA6\202\020h#\b\3016\202\020p#\bA7\202\020xCY\001s\r\001\000\000\001\260\001\000\000\000\000 \000\0000P\001\004\002\000\fT\000\004\000\000\363\034\000\031\030\020p\000\0239\200U`\177\000d\000\000\000\000\000\314\020h3\f\320\021\3150H\3104\303@%\322\f\003\245P3\f\324B\3150PL5\303@5\316\f\3010P\001<\002\000\314\020\0003\021\002P\006\300\f\200\214\004&(\02766\2736\0272\2613\227\261\272Q\202*#66\2736\227\2667\262:\2662\0273\266\260\263\271Q\216\215\353\274\017\f\302 \02566\2736\2274\26227\272Q\0021\000\000\000\000\251\030\000\000/\000\000\000\013\nr(\207w\200\007zXp\230C=\270\3038\260C9\320\303\202\346\034\306\241\r\350A\036\302\301\035\346!\035\350!\035\336\301\035\026(\342P\016\346\360\016\362P\016\351\340\016\363@\017\013\222p0\007z(\007yH\007w\230\007zX\320\214\2039\234C=\204\203<\220\003=\204\203<\234C9\320\303\002\006\036\344\241\034\302\201\035\330\341\035\306!\034\350\241\034\310a\301q\016\343\320\006\354\220\016\366P\016\013\254q`\207pp\207sp\203p\220\207qp\203p\240\007z\b\207q@\207r \207q\b\007v`\207\005\007<\320\203<\204C=\320\003:, \326a\034\314!\035\000\000\000\000\321\020\000\000\006\000\000\000\007\314<\244\203;\234\003;\224\003=\240\203<\224C8\220\303\001\000\000\000a \000\000 \000\000\000\023\004B<\f\000\000\000\023\000\000\000\"G\310\220Q\006\304\003\013\000\000\000NMI_Handler\000\253\250\203\f\320\000 \003V0\203V\000\020\000D,\0008\003\000\000\200\025\203\032\254\001\033\350<\220@\206\020\0312\022J\026\006\320\000P\2640\200\006\000\000\000\000\263\004\301\214A!\013C\032\000\300,A0a\000\004\304\000\000\003\000\000\000[\004\000\r\266\f\201\224\006\000\000\000\000\000\000\000a \000\000\"\000\000\000\023\004B<\f\000\000\000\025\000\000\000\"G\310\220Q\006D\005\021\000\000\000HardFault_Handler\000\000\000\253\250\203\f\320\000 \203]0\003^\000\020\000D,\0008\003\000\000\200\025\203\032\254\001\033\350<\220@\206\020\0312\022*\034\006\320\000P\3450\200\006\000\000\000\000\263\004\301\214A\021\016C\032\000\300,A0a\000\004\304\000\000\003\000\000\000[\004\000\r\266\f\201\224\006\000\000\000\000\000\000\000a \000\000\"\000\000\000\023\004B<\f\000\000\000\025\000\000\000\"G\310\220Q\006D\005\021\000\000\000MemManage_Handler\000\000\000\253\250\203\f\320\000 \203u0\003v\000\020\000D,\0008\003\000\000\200\025\203\032\254\001\033\350<\220@\206\020\0312\022\n\036\006\320\000P\3640\200\006\000\000\000\000\263\004\301\214A\001\017C\032\000\300,A0a\000\004\304\000\000\003\000\000\000[\004\000\r\266\f\201\224\006\000\000\000\000\000\000\000a \000\000!\000\000\000\023\004B<\f\000\000\000\024\000\000\000\"G\310\220Q\006\004\005\020\000\000\000BusFault_Handler\253\250\203\f\320\000 \003}0\203}\000\020\000D,\0008\003\000\000\200\025\203\032\254\001\033\350<\220@\206\020\0312\022\352\037\006\320\000P#1\200\006\000\000\000\000\263\004\301\214A\361\017C\032\000\300,A0a\000\004\304\000\000\003\000\000\000[\004\000\r\266\f\201\224\006\000\000\000\000\000\000\000a \000\000\"\000\000\000\023\004B<\f\000\000\000\025\000\000\000\"G\310\220Q\006\204\005\022\000\000\000UsageFault_Handler\000\000\253\250\203\f\320\000 \203\2240\003\225\000\020\000D,\0008\003\000\000\200\025\203\032\254\001\033\350<\220@\206\020\0312\022\312%\006\320\000P21\200\006\000\000\000\000\263\004\301\214A\341\022C\032\000\300,A0a\000\004\304\000\000\003\000\000\000[\004\000\r\266\f\201\224\006\000\000\000\000\000\000\000a \000\000\027\000\000\000\023\004A<\f\000\000\000\r\000\000\000\"G\310\220Q\006\004\005\020\000\000\000DebugMon_Handler\253\250\203\f\320\000 \003\2340\203\234\000\020\000D,\0008\003\000\000\000\000:cP\200E\220\006\000\020\020\003\000\002\000\000\000[\004\000\r\000\000\000\000\000\000\000\000a \000\000\036\000\000\000\023\004A,\020\000\000\000\001\000\000\000\304\n\001\000\3610\000\000\r\000\000\000\"G\310\220Q\006\004\005\020\000\000\000EXTI2_IRQHandler\253\250\203\f\320\000 \003\2660\203\266\000\020\000D,\0008\003\000\000\000\000#\006\005\001\202`\320H\301\214A\021\027C\032\000\200\316\030\024u\021\244\001\000\004\304\000\002\000\000\000[\004\000\r\000\000\000\000\000\000\000\000a \000\000\035\000\000\000\023\004A<\f\000\000\000\017\000\000\000\"G\310\220Q\006\004\007\030\000\000\000DMA1_Channel2_IRQHandler\253\250\203\f\320\000 \003\2750\203\275\000\020\000D,\0008\003\000\000\000\000#\006E\001\202`\340<\337\214A\361\027C\032\000\200\316\030\024\243\021\244\001\000\004\304\000\002\000\000\000[\004\000\r\000\000\000\000\000\000\000\000a \000\000\035\000\000\000\023\004A<\f\000\000\000\017\000\000\000\"G\310\220Q\006\004\007\030\000\000\000DMA1_Channel3_IRQHandler\253\250\203\f\320\000 \003\3240\203\324\000\020\000D,\0008\003\000\000\000\000#\006E\001\202`\340<\336\214A\321\032C\032\000\200\316\030\024\261\021\244\001\000\004\304\000\002\000\000\000[\004\000\r\000\000\000\000\000\000\000\000a \000\000\035\000\000\000\023\004A<\f\000\000\000\017\000\000\000\"G\310\220Q\006\004\007\030\000\000\000DMA1_Channel4_IRQHandler\253\250\203\f\320\000 \003\3330\203\333\000\020\000D,\0008\003\000\000\000\000#\006E\001\202`\340<\335\214A\261\033C\032\000\200\316\030\024\277\021\244\001\000\004\304\000\002\000\000\000[\004\000\r\000\000\000\000\000\000\000\000a \000\000\035\000\000\000\023\004A<\f\000\000\000\017\000\000\000\"G\310\220Q\006\004\007\030\000\000\000DMA1_Channel6_IRQHandler\253\250\203\f\320\000 \003\3620\203\362\000\020\000D,\0008\003\000\000\000\000#\006E\001\202`\340<\334\214A\221\036C\032\000\200\316\030\024\355\021\244\001\000\004\304\000\002\000\000\000[\004\000\r\000\000\000\000\000\000\000\000a \000\000\033\000\000\000\023\004A<\f\000\000\000\r\000\000\000\"G\310\220Q\006\304\004\017\000\000\000TIM3_IRQHandler\000\253\250\203\f\320\000 \003\3710\203\371\000\020\000D,\0008\003\000\000\000\000#\006E\001\202`\340(\333\214Aq\037C\032\000\200\316\030\024\373\021\244\001\000\004\304\000\002\000\000\000[\004\000\r\000\000\000\000\000\000\000\000a \000\000*\000\000\000\023\004A,\020\000\000\000\003\000\000\000\304\n\020\242\000\001\005*\020\220\000\000\3610\000\000\016\000\000\000\"G\310\220Q\006\004\006\024\000\000\000EXTI15_10_IRQHandler\253\250\203\f\320\000 \003\0201\203\020\001\020\000D,\0008\003\000\000\000\000#\006\005\001\202`\320P\303\214AQ\"C\032\000\300\210AA\200 \0304\2240cP\230\310\220\006\0000bP\020 \b\006\r\025\314\030\024'2\244\001\000\350\214A\261\"A\032\000@@\f\000\000\000\002\000\000\000[\004\000\r\000\000\000\000\000\000\000\000a \000\000\034\000\000\000\023\004A<\f\000\000\000\016\000\000\000\"G\310\220Q\006\304\005\023\000\000\000TIM6_DAC_IRQHandler\000\253\250\203\f\320\000 \003\0301\203\030\001\020\000D,\0008\003\000\000\000\000#\006E\001\202`\340(\332\214AQ#C\032\000\200\316\030\0249\022\244\001\000\004\304\000\002\000\000\000[\004\000\r\000\000\000\000\000\000\000\000a \000\000\035\000\000\000\023\004A<\f\000\000\000\017\000\000\000\"G\310\220Q\006\004\007\030\000\000\000DMA2_Channel1_IRQHandler\253\250\203\f\320\000 \003\0371\203\037\001\020\000D,\0008\003\000\000\000\000#\006E\001\202`\340<\331\214A1&C\032\000\200\316\030\024g\022\244\001\000\004\304\000\002\000\000\000[\004\000\r\000\000\000\000\000\000\000\000q \000\000\017\000\000\0002\016\020\"\204\007\304\b\210`\216\200\t\212\t\250\340\232\200\013\321\t\310P\237\200\r\216\n\370\340\252\200\021\315\n(\301\256\200\023\213\013H\241\272\200\026\307\013x1\277\200\030\221\f\000\000\000\000\000\000\000e\f\000\000\257\000\000\000\022\003\224p\005\000\000\000\003\000\000\000\242\001\000\000\t\000\000\000L\000\000\000\001\000\000\000X\000\000\000\000\000\000\000X\000\000\000\031\000\000\000\260\002\000\000\000\000\000\000\253\001\000\000\031\000\000\000\304\001\000\000\036\000\000\000\f\000\000\000\000\000\000\000\260\002\000\000\000\000\000\000\000\000\000\000\031\000\000\000\000\000\000\000I\000\000\000\013\000\000\000I\000\000\000\013\000\000\000\377\377\377\377\001$\000\000T\000\000\000\021\000\000\000T\000\000\000\021\000\000\000\377\377\377\377\001$\000\000e\000\000\000\021\000\000\000e\000\000\000\021\000\000\000\377\377\377\377\001$\000\000v\000\000\000\020\000\000\000v\000\000\000\020\000\000\000\377\377\377\377\001$\000\000\206\000\000\000\022\000\000\000\206\000\000\000\022\000\000\000\377\377\377\377\001$\000\000\230\000\000\000\020\000\000\000\230\000\000\000\020\000\000\000\377\377\377\377\001$\000\000\250\000\000\000\020\000\000\000\250\000\000\000\020\000\000\000\377\377\377\377\001$\000\000\270\000\000\000\030\000\000\000\270\000\000\000\030\000\000\000\377\377\377\377\b$\000\000\320\000\000\000\030\000\000\000\320\000\000\000\030\000\000\000\377\377\377\377\001$\000\000\350\000\000\000\022\000\000\000\350\000\000\000\022\000\000\000\377\377\377\377\b$\000\000\372\000\000\000\030\000\000\000\372\000\000\000\030\000\000\000\377\377\377\377\001$\000\000\022\001\000\000\030\000\000\000\022\001\000\000\030\000\000\000\377\377\377\377\001$\000\000*\001\000\000\030\000\000\000*\001\000\000\030\000\000\000\377\377\377\377\001$\000\000B\001\000\000\017\000\000\000B\001\000\000\017\000\000\000\377\377\377\377\001$\000\000Q\001\000\000\022\000\000\000Q\001\000\000\022\000\000\000\377\377\377\377\b$\000\000c\001\000\000\024\000\000\000c\001\000\000\024\000\000\000\377\377\377\377\001$\000\000w\001\000\000\023\000\000\000w\001\000\000\023\000\000\000\377\377\377\377\001$\000\000\212\001\000\000\030\000\000\000\212\001\000\000\030\000\000\000\377\377\377\377\001$\000\000\000\000\000\000\f\000\000\000\000\000\000\000\f\000\000\000\377\377\377\377\b\004\000\000\f\000\000\000\f\000\000\000\f\000\000\000\f\000\000\000\377\377\377\377\b\004\000\000\030\000\000\000\f\000\000\000\030\000\000\000\f\000\000\000\377\377\377\377\b\004\000\000$\000\000\000\016\000\000\000$\000\000\000\016\000\000\000\377\377\377\377\b\004\000\0002\000\000\000\005\000\000\0002\000\000\000\005\000\000\000\377\377\377\377\b\004\000\0007\000\000\000\005\000\000\0007\000\000\000\005\000\000\000\377\377\377\377\b\004\000\000<\000\000\000\r\000\000\000<\000\000\000\r\000\000\000\377\377\377\377\b\004\000\000\000\000\000\000]\f\000\000|\000\000\000\022\003\224\342\003\000\000\000hdma_spi2_txhdma_spi3_rxhdma_spi3_txhdma_usart1_txhtim3htim6hdma_tim2_ch2NMI_HandlerHardFault_HandlerMemManage_HandlerBusFault_HandlerUsageFault_HandlerDebugMon_HandlerEXTI2_IRQHandlerHAL_GPIO_EXTI_IRQHandlerDMA1_Channel2_IRQHandlerHAL_DMA_IRQHandlerDMA1_Channel3_IRQHandlerDMA1_Channel4_IRQHandlerDMA1_Channel6_IRQHandlerTIM3_IRQHandlerHAL_TIM_IRQHandlerEXTI15_10_IRQHandlerTIM6_DAC_IRQHandlerDMA2_Channel1_IRQHandler16.0.0gitthumbv7em-arm-none-eabihfCubeMX/Core/Src/stm32g4xx_it.c\000\000\000\000\000"
	.size	.Lllvm.embedded.module, 7620

	.section	.debug_abbrev,"",%progbits
	.byte	1                               @ Abbreviation Code
	.byte	17                              @ DW_TAG_compile_unit
	.byte	1                               @ DW_CHILDREN_yes
	.byte	37                              @ DW_AT_producer
	.byte	14                              @ DW_FORM_strp
	.byte	19                              @ DW_AT_language
	.byte	5                               @ DW_FORM_data2
	.byte	3                               @ DW_AT_name
	.byte	14                              @ DW_FORM_strp
	.byte	16                              @ DW_AT_stmt_list
	.byte	23                              @ DW_FORM_sec_offset
	.byte	27                              @ DW_AT_comp_dir
	.byte	14                              @ DW_FORM_strp
	.byte	0                               @ EOM(1)
	.byte	0                               @ EOM(2)
	.byte	2                               @ Abbreviation Code
	.byte	22                              @ DW_TAG_typedef
	.byte	0                               @ DW_CHILDREN_no
	.byte	73                              @ DW_AT_type
	.byte	19                              @ DW_FORM_ref4
	.byte	3                               @ DW_AT_name
	.byte	14                              @ DW_FORM_strp
	.byte	58                              @ DW_AT_decl_file
	.byte	11                              @ DW_FORM_data1
	.byte	59                              @ DW_AT_decl_line
	.byte	11                              @ DW_FORM_data1
	.byte	0                               @ EOM(1)
	.byte	0                               @ EOM(2)
	.byte	3                               @ Abbreviation Code
	.byte	36                              @ DW_TAG_base_type
	.byte	0                               @ DW_CHILDREN_no
	.byte	3                               @ DW_AT_name
	.byte	14                              @ DW_FORM_strp
	.byte	62                              @ DW_AT_encoding
	.byte	11                              @ DW_FORM_data1
	.byte	11                              @ DW_AT_byte_size
	.byte	11                              @ DW_FORM_data1
	.byte	0                               @ EOM(1)
	.byte	0                               @ EOM(2)
	.byte	0                               @ EOM(3)
	.section	.debug_info,"",%progbits
.Lcu_begin0:
	.long	.Ldebug_info_end0-.Ldebug_info_start0 @ Length of Unit
.Ldebug_info_start0:
	.short	4                               @ DWARF version number
	.long	.debug_abbrev                   @ Offset Into Abbrev. Section
	.byte	4                               @ Address Size (in bytes)
	.byte	1                               @ Abbrev [1] 0xb:0x26 DW_TAG_compile_unit
	.long	.Linfo_string0                  @ DW_AT_producer
	.short	12                              @ DW_AT_language
	.long	.Linfo_string1                  @ DW_AT_name
	.long	.Lline_table_start0             @ DW_AT_stmt_list
	.long	.Linfo_string2                  @ DW_AT_comp_dir
	.byte	2                               @ Abbrev [2] 0x1e:0xb DW_TAG_typedef
	.long	41                              @ DW_AT_type
	.long	.Linfo_string4                  @ DW_AT_name
	.byte	1                               @ DW_AT_decl_file
	.byte	63                              @ DW_AT_decl_line
	.byte	3                               @ Abbrev [3] 0x29:0x7 DW_TAG_base_type
	.long	.Linfo_string3                  @ DW_AT_name
	.byte	7                               @ DW_AT_encoding
	.byte	2                               @ DW_AT_byte_size
	.byte	0                               @ End Of Children Mark
.Ldebug_info_end0:
	.section	.debug_str,"MS",%progbits,1
.Linfo_string0:
	.asciz	"Component: Arm Compiler for Embedded 6.19 Tool: armclang [5e73cb00]" @ string offset=0
.Linfo_string1:
	.asciz	"CubeMX/Core/Src\\stm32g4xx_it.c" @ string offset=68
.Linfo_string2:
	.asciz	"C:\\Users\\CHALLENGER\\Documents\\KeXieData\\Project\\DigitalPower\\BootLoader" @ string offset=99
.Linfo_string3:
	.asciz	"unsigned short"                @ string offset=171
.Linfo_string4:
	.asciz	"uint16_t"                      @ string offset=186
	.ident	"Component: Arm Compiler for Embedded 6.19 Tool: armclang [5e73cb00]"
	.section	".note.GNU-stack","",%progbits
	.ARM_attribute	16, 1	@ Tag_AV_eba
	.section	.debug_line,"",%progbits
.Lline_table_start0:
