	.text
	.syntax unified
	.eabi_attribute	67, "2.09"	@ Tag_conformance
	.cpu	cortex-m4
	.eabi_attribute	6, 13	@ Tag_CPU_arch
	.eabi_attribute	7, 77	@ Tag_CPU_arch_profile
	.eabi_attribute	8, 0	@ Tag_ARM_ISA_use
	.eabi_attribute	9, 2	@ Tag_THUMB_ISA_use
	.fpu	fpv4-sp-d16
	.eabi_attribute	27, 1	@ Tag_ABI_HardFP_use
	.eabi_attribute	36, 1	@ Tag_FP_HP_extension
	.eabi_attribute	34, 1	@ Tag_CPU_unaligned_access
	.eabi_attribute	17, 1	@ Tag_ABI_PCS_GOT_use
	.eabi_attribute	20, 2	@ Tag_ABI_FP_denormal
	.eabi_attribute	21, 0	@ Tag_ABI_FP_exceptions
	.eabi_attribute	23, 1	@ Tag_ABI_FP_number_model
	.eabi_attribute	24, 1	@ Tag_ABI_align_needed
	.eabi_attribute	25, 1	@ Tag_ABI_align_preserved
	.eabi_attribute	28, 1	@ Tag_ABI_VFP_args
	.eabi_attribute	38, 1	@ Tag_ABI_FP_16bit_format
	.eabi_attribute	18, 2	@ Tag_ABI_PCS_wchar_t
	.eabi_attribute	26, 1	@ Tag_ABI_enum_size
	.eabi_attribute	14, 0	@ Tag_ABI_PCS_R9_use
	.file	"UTF8Praser.cpp"
	.file	1 "C:\\Keil_v5\\ARM\\ARMCLANG\\Bin\\..\\include" "stdint.h"
	.file	2 "C:\\Keil_v5\\ARM\\ARMCLANG\\Bin\\..\\include\\libcxx" "cstdint"
	.file	3 "C:\\Keil_v5\\ARM\\ARMCLANG\\Bin\\..\\include" "stddef.h"
	.file	4 "C:\\Keil_v5\\ARM\\ARMCLANG\\Bin\\..\\include\\libcxx" "stddef.h"
	.file	5 "C:\\Keil_v5\\ARM\\ARMCLANG\\Bin\\..\\include\\libcxx" "cstddef"
	.type	.Lllvm.embedded.module,%object  @ @llvm.embedded.module
	.section	.llvmbc,"",%progbits
	.p2align	4, 0x0
.Lllvm.embedded.module:
	.asciz	"BC\300\3365\024\000\000\005\000\000\000b\f0$MY\276f\255\373\264O\033\310$D\0012\005\000!\f\000\000\320\005\000\000\013\002!\000\002\000\000\000\026\000\000\000\007\201#\221A\310\004I\006\02029\222\001\204\f%\005\b\031\036\004\213b\200\020E\002B\222\013B\204\0202\0248\b\030K\n2B\210Hp\304!#D\022\207\214\020A\222\002d\310\b\261\024 CF\210 \311\0012B\204\030*(*\2201|\260\\\221 \304\310\000\000\000\211 \000\000\016\000\000\0002\"\b\t bF\000!+$\230\020!%$\230\020\031'\f\205\244\220`Bd\\ $d\202 \2519\00200C\000\214\000\f\004\030b\210h\n`\216\000\231#\b\000Q\030\000\000\354\000\000\000\033\314)\370\377\377\377\377\0010\005\300\001$\240\f\br(\007wx\007yh\207p`\20760\007xh\203v\b\007z@\007\000\036\344\241\034\346\241\034\344\301\036\312\241\r\346!\035\316\301\035\330\000\036\344\241\034\346\241\034\344\301\036\312\241\r\346!\035\316\301\035\000\302\034\344!\034\332\241\034\332\000\036\336!\035\334\201\036\312A\036\000wx\007w(\007\200h\207tp\2076`\207r8\207p`\2076\260\207r\030\007zx\007yh\203{H\007r\240\007t\000\340\000 \334\341\035\332 \035\334\301\034\346\241\r\314\001\036\332\240\035\302\201\036\320\001\240\007y\250\207r\000\bwx\2076p\207pp\207yh\003s\200\2076h\207p\240\007t\000\350A\036\352\241\034\000\302\035\336\241\r\346!\035\316\301\035\312\201\034\332@\037\312A\036\336a\036\332\300\034\340\241\r\332!\034\350\001\035\000z\220\207z(\007\200\230\007z\b\207qX\2076\200\007yx\007z(\207q\240\207w\220\2076\020\207z0\007s(\007yh\203yH\007}(\007\000\017\000\202\036\302A\036\316\241\034\350\241\r\306\001\036\352\001\030\207w\220\007z(\007|h\203v\240\003\200\240\207p\220\207s(\007zh\003s(\207p\240\207z\220\207r\230\007`\r\302A\036\332\301\036\356\240\034\332\240\035\330`\r\310a\036\340\201\r\326\300\034\340!\016\354\200\r\326\000\035\356\201\034\322\301\036\330`\r\350\001\035\352\241\035\304\241\r\332\341\035\310\241\034\330`\r\354\301\034\340A\016\346\001\036\330`\r\354\301\034\340a\016\310!\016\354`\036\340\201\r\326\300\036\314\001\036\350\200\034\342\300\016\346\001\036\330\240\r\302\241\034\346\201\r\332@\034\314!\016\354\200\r\332`\034\310\241\034\306\001\036\340\200\r\332`\034\310\241\034\306\001\036\342\200\r\332`\034\310\241\034\306\001\036\344\200\r\332`\034\310\241\034\306\001\036\346\200\r\332`\034\310\241\034\306\001\036\350\200\r\332`\034\310\241\034\306\001\036\352\200\r\332`\034\310\241\034\306\001\036\354\200\r\332`\034\310\241\034\306\001\036\356\200\r\332`\034\344a\034\330\240\r\306A\036\362\001\036\350\341\035\330\240\r\310a\016\344\200\r\332\200\034\336\201\036\340A\036\336\201\034\330\240\r\314a\034\312\201\r\332\300\034\340\241\r\302A\036\332\301\036\360\200\r\332\300\034\340\241\r\302A\036\332\301\036\360\200\034\342\300\016\330\240\r\314\001\036\332 \034\344\241\035\354\001\017\310!\016\354`\036\340\201\r\332\300\034\340\241\r\302A\036\332\301\036\360`\036\340\201\r\332\300\034\340!\016\354\300\034\332\201\035\330\240\r\314\001\036\354\200\016\330\240\r\314\241\036\330\201\035\314\001\036\342\300\016\330\240\r\320\341\036\310!\035\354\241\r\302A\036\332\201\r\332 \035\360\240\035\332\201\r\332\200\035\336A\034\330\240\r\332\301\036\312\201\r\332\240\035\354\241\034\334\300\034\340\201\r\332\300\035\312\341\035\334\201\r\332\000\036\302a\034\304\201\036\322\201\r\332@\036\302a\036\330\240\r\346A\034\330\240\r\346\001\035\302A\016\330\240\r\354\301\034\340A\016\330\240\r\354\301\034\340a\016\330\240\r\354\301\034\340a\016\310!\016\354\200\r\332\300\036\314\001\036\346`\036\340\201\r\332\300\036\314\001\036\350\200\r\332\300\036\314\001\036\350\200\034\342\300\016\330\240\r\354\301\034\340\201\016\346\001\036\200\r\204\000\000\244\260\201\030\002\200\0246\020\204\000\220\302\006\250\370\377\377\377\377\0018\005\300\017\200?\000$\200\002\352\000\350\003\000\000\000I\030\000\000\002\000\000\000\023\210@\030\210\tA\001\0232z@\207zh\007q\260\207;(\207vh\203p\220\207vh\003wx\007w(\2076(\207p\020\207t@\007s\3300\007\345\320\006\355\240\007\345\320\006\360\240\007s \007z0\007r\320\006\246\220\016x\320\006\351`\007t\240\007v@\007m`\017q \007x\240\007v@\007z\020\007r\200\007m\020\016z\000\007z0\007r\320\006\3560\007r\320\006\263`\007t\240\021\302\344p\252\322\323\354W\225j\304A\345\341yY\356\032\303\341C*\300\023\000\000\b\004 \000\000\000\000\000 \000<`H\345A\005\020\000\002\000\000\000\000\000\000\000\000\200\007Hl\020(J]\000\000\220\005\002\000\000\007\000\000\0002\036\230\020\031\021L\220\214\t&G\306\004C\212r(\204\"(\203\022\030\001\000\000\000\261\030\000\000\265\000\000\0003\b\200\034\304\341\034f\024\001=\210C8\204\303\214B\200\007yx\007s\230q\f\346\000\017\355\020\016\364\200\0163\fB\036\302\301\035\316\241\034f0\005=\210C8\204\203\033\314\003=\310C=\214\003=\314x\214tp\007{\b\007yH\207pp\007zp\003vx\207p \207\031\314\021\016\354\220\016\3410\017n0\017\343\360\016\360P\0163\020\304\035\336!\034\330!\035\302a\036f0\211;\274\203;\320C9\264\003<\274\203<\204\003;\314\360\024v`\007{h\0077h\207rh\0077\200\207p\220\207p`\007v(\007v\370\005vx\207w\200\207_\b\207q\030\207r\230\207y\230\201,\356\360\016\356\340\016\365\300\016\3540\003b\310\241\034\344\241\034\314\241\034\344\241\034\334a\034\312!\034\304\201\035\312a\006\326\220C9\310C9\230C9\310C9\270\3038\224C8\210\003;\224\303/\274\203<\374\202;\324\003;\260\303\f\307i\207pX\207rp\203th\007x`\207t\030\207t\240\207\031\316S\017\356\000\017\362P\016\344\220\016\343@\017\341 \016\354P\0163 (\035\334\301\036\302A\036\322!\034\334\201\036\334\340\034\344\341\035\352\001\036f\030Q8\260C:\234\203;\314P$v`\007{h\0077`\207wx\007x\230QL\364\220\017\360P\0163\036j\036\312a\034\350!\035\336\301\035~\001\036\344\241\034\314!\035\360a\006T\205\2038\314\303;\260C=\320C9\374\302<\344C;\210\303;\260\303\214\305\n\207y\230\207w\030\207t\b\007z(\007r\230\201\\\343\020\016\354\300\016\345P\016\3630#\301\322A\036\344\341\027\330\341\035\336\001\036fH\031;\260\203=\264\203\033\204\3038\214C9\314\303<\270\3019\310\303;\324\003<\314H\264q\b\007v`\007q\b\207qX\207\031\333\306\016\354`\017\355\340\006\360 \017\3450\017\345 \017\366P\016n\020\016\3430\016\3450\017\363\340\006\351\340\016\344P\016\3700#\342\354a\034\302\201\035\330\341\027\354!\035\346!\035\304!\035\330!\035\350!\037f \235;\274C=\270\0039\224\2039\314X\274pp\007wx\007z\b\007zH\207wp\207\031\313\347\016\3570\017\341\340\016\351@\017\351\240\017\3450\303\001\003s\250\007w\030\207_\230\207pp\207t\240\207t\320\207r\230\201\204A9\340\3038\260C=\220C9\314@\304\240\035\312\241\035\340A\036\336\301\034f$c0\016\341\300\016\3540\017\351@\017\3450C!\203u\030\007sH\207_\240\207|\200\207r\230\261\224\001<\214\303<\224\3038\320C:\274\203;\314\003\000\000\000y \000\000\303\002\000\000r\036H C\210\f\031\tr2H #\201\214\221\221\321D\240\020(d<12B\216\220!\243\310\007t \202\001\000\000\323)\214\302\033\030\313Q\034\303\221\034\r\342 \f\"1M\3234\216\343,\f\3030M\323 \t\222\fC\035\274\201\221,\213\035$Q\0354\222\322H\322D\000\000Util\\UTF8Praser.cppC:\\Users\\CHALLENGER\\Documents\\KeXieData\\Project\\DigitalPower\\BootLoaderComponent: Arm Compiler for Embedded 6.19 Tool: armclang [5e73cb00]C:\\Keil_v5\\ARM\\ARMCLANG\\Bin\\..\\include\\stdint.hint8_tsigned charint16_tshortint32_tintint64_tlong longuint8_tunsigned charuint16_tunsigned shortuint32_tunsigned intuint64_tunsigned long longint_least8_tint_least16_tint_least32_tint_least64_tuint_least8_tuint_least16_tuint_least32_tuint_least64_tint_fast8_tint_fast16_tint_fast32_tint_fast64_tuint_fast8_tuint_fast16_tuint_fast32_tuint_fast64_tintptr_tuintptr_tintmax_tuintmax_tstd__2C:\\Keil_v5\\ARM\\ARMCLANG\\Bin\\..\\include\\libcxx\\cstdintC:\\Keil_v5\\ARM\\ARMCLANG\\Bin\\..\\include\\stddef.hsize_tptrdiff_tmax_align_tlong doubleC:\\Keil_v5\\ARM\\ARMCLANG\\Bin\\..\\include\\libcxx\\stddef.hnullptr_tdecltype(nullptr)C:\\Keil_v5\\ARM\\ARMCLANG\\Bin\\..\\include\\libcxx\\cstddefDwarf VersionDebug Info Versionwchar_sizestatic_rwdataenumsize_buildattrarmlib_unavailablearmcompiler-version6.19\000\000f\353\002\000\000\000\000\0000\202\020\b#\b\3010\202\020\020#\bA1\202\020\030#\b\3011\224\025h\2440\004\000\000\004\000\000\000u\001\000\000 \000\0000P\001\004\002\000\fT\000\004\000\000\363\034\000\031\030\b`\000\0239\200U\224\002\036\000\246\000\000\000\000\000\300|\b\200\214\302)\314\bP\n\300<\007@\006\b\004\024\300D\016`\035\245\220\007@*\000\000\000\000\0000\037\002 \243\240\n4\002\224\0020\317\001\220\201\002\006@\001L\344\000VR\nz\000\260\002\000\000\000\000\000\363!\0002\n\255P#@)\000\363\034\000\0310\240\000\024\300D\016`-\245\260\007\300+\000\000\000\000\0000\037\002 \243\000\0136\002\224\0020\317\001\220\201\203\000\b0\221\003XM)\370\001 \013\000\000\000\000\000\314\207\000\310(\314\302\215\000\245\000\314s\000d\000A\300\001L\344\000\326S\n\177\000\324\002\000\000\000\000\000\363!\0002\n\266\200#@)\000\363\034\000\031H`\000\034\300D\016`E\245\000\n\000.\000\000\000\000\0000\037\002 \243\220\0139\002\224\0020\317\001\220\001\005\n\300\001L\344\000\326T\n\241\000\354\002\000\000\000\000\000\363!\0002\n\274\240#@)\000\0239\200U\225\302)\000\246\000\000\000\000\000\300|\b\200\214\202/\354\bP\n\300D\016`Y\245\200\n@*\000\000\000\000\0000\037\002 \243\000\016<\002\224\0020\221\003XW)\244\002\300\n\000\000\000\000\000\314\207\000\310(\210C\217\000\245\000L\344\000\026V\n\252\000\274\002\000\000\000\000\000\363!\0002\n\344\340#@)\000\0239\200\225\225B+\000\262\000\000\000\000\000\300|\b\200\214\2029\374\bP\n\300D\016`i\245\340\n@-\000\000\000\000\0000\037\002 \243\200\016`\002\224\0020\221\003X[)\274\002\200\013\000\000\000\000\000\314\207\000\310(\250C\230\000\245\000L\344\000\026W\n\260\000\354\002\000\000\000\000\000\363!\0002\n\354 &@)\000\0239\200\325\225B-\000\254\000\000\000\000\000\300|\b\200\214\202;\214\tP\n\300D\016`y\245`\013\000+\000\000\000\000\0000\037\002 \243\000\017d\002\224\0020\221\003X_)\334\002\300\n\000\000\000\000\000\314\207\000\310(\310C\231\000\245\000L\344\000\026\030\224\002.\000\257\000\000\000\000\000\300|\b\200\214\002=\230\tP\n\300D\016`\205A)\354\002\200\013\000\000\000\000\000\314\207\000\310(\330\303\231\000\245\000L\344\000\226\030\224\002/\000\270\000\000\000\000\000\300|\b\200\214\002>\240\tP\n\300D\016`\215A)\364\002\200\013\000\000\000\000\000\314\207\000\310(\350C\232\000\245\000L\344\000\026\031\224\202/\000\273\000\000\000\000\000\300|\b\200\214\002?\250\tP\n\300D\016`\225A)\224\003\300\n\000\000\000\000\000\314\207\000\310(\370\303\232\000\245\000L\344\000\226\031\224\2029\000\270\000\000\000\000\000\300|\b\200\214\002H\260\tP\n\300D\016`\235A)\250\003\360\n\000\000\000\000\000\314\207\000\310(\210D\233\000\245\000L\344\000\026\032\224\302:\000\273\000\000\000\000\000\300|\b\200\214\002I\270\tP\n\300`\003\000\244\301`\203`\022j0P\001\254\001\000\000\363!\000r\022\247 \026\000J\000\363!\000r\022\2520\026\000J\000\363!\000r\022\255@\026\000J\000\363!\000r\022\260P\026\000J\000\363!\000r\022\263p\026\000J\000\363!\000r\022\266\200\026\000J\000\363!\000r\022\271\220\026\000J\000\363!\000r\022\274\240\026\000J\000\363!\000r\022\276\300\026\000J\000\363!\000r\022\340\320\026\000J\000\363!\000r\022\342\340\026\000J\000\363!\000r\022\344\360\026\000J\000\363!\000r\022\346\020\027\000J\000\363!\000r\022\350 \027\000J\000\363!\000r\022\3520\027\000J\000\363!\000r\022\354@\027\000J\000\363!\000r\022\356`\027\000J\000\363!\000r\022\360p\027\000J\000\363!\000r\022\362\200\027\000J\000\363!\000r\022\364\220\027\000J\000\363!\000r\022\366\260\027\000J\000\363!\000r\022\370\300\027\000J\000\363!\000r\022\372\320\027\000J\000\363!\000r\022\374\340\027\000J\000\363!\000r\022\376\000\032\000J\000\363!\000r\022 \021\032\000J\000\363!\000r\022\"1\032\000J\000\363!\000r\022$A\032\000J\000\003\025\000\033\000\0000\221\003XmP\026n\000\340\002\000\000\000\000\000\363!\0002\nf\261\016@Y\000\0239\200\345\006ea\006\000+\000\000\000\000\0000\037\002 \243\200\026\354\000\224\0050\317\001\220\001\034\200\002@\000\0239\200\365\006e\361\013\200Z\000\000\000\000\0000\037\002 \243\260\026\356\000\224\0050P\001\304\001\000\000\363\034\300\036\314\001\000\000\300D\016`\311A[\300\001\340\026\000\000\000\000\000\fT\000t\000\000\300|\b\200\234\304[\354\001\000\027\300|\b\200\234\004Z\360\001\000\027\300|\b\200\234\204Y\364\001\000\027\300|\b\200\234\304Z\200\002\000\027\300\f\177\200\n\253\340\n\261@\013\267\240\013\275\360\013\3410\016\345p\016\351\260\016\355\360\016\3610\017\365p\017\371\260\017\375\360\017!1\022%\221\022*\261\022,\321\022.\361\0220\021\02321\0234Q\0236q\0238\221\023:\261\023<\321\023>\361\023`\021\026b1\026dq\026i\301\026q!\027sA\0273\f}P\007~0\303\360\007v\000\n3\f\241p\007\1770\303\020\nx\020\n3\f\241\220\007\2410\303\020\nz \n3\f\241\260\007|0C0\\H\000\034\307q\034\007\026n\340\006\240`\017\270\000\n\366\200\013\246`\017\270`\n\366\200\013\240`\017\270\000\n\366\200\013\246`\017\270`\n\366\200\013\366\200\013\366\200\013\366\200\013\366\200\013\366\200\013\366\200\013\366\200\013\366\200\013\366\200\013\366\200\013\366\200\013\374\200\013\374\200\013\374\200\013\374\200\013\374\200\013\374\200\013\374\200\013\374\200\013\374\200\013h\340\006t\200\013\270\200\013\270\200\013\270\200\013\270\200\013\270\200\013\270\200\013\270\200\013\270\200\013\270\200\013\270\200\013\270\200\013\270\200\013\270\200\013\270@\007\374\200\013\374\200\013\254\300\017\270@\007\246\300\017t\200\013\270\200\013\270\240bt@\007t@\007t@\007t #\201\t\312\205\215\315\256\315\205L\354\314e\254n\224@\0242bc\263ksi{#\253c+s1c\013;\233\033\345\250\013\273\270\013\274\310\013\275\330\213T\330\330\354\332\\\322\310\312\334\350F\t\370\002\000\251\030\000\000/\000\000\000\013\nr(\207w\200\007zXp\230C=\270\3038\260C9\320\303\202\346\034\306\241\r\350A\036\302\301\035\346!\035\350!\035\336\301\035\026(\342P\016\346\360\016\362P\016\351\340\016\363@\017\013\222p0\007z(\007yH\007w\230\007zX\320\214\2039\234C=\204\203<\220\003=\204\203<\234C9\320\303\002\006\036\344\241\034\302\201\035\330\341\035\306!\034\350\241\034\310a\301q\016\343\320\006\354\220\016\366P\016\013\254q`\207pp\207sp\203p\220\207qp\203p\240\007z\b\207q@\207r \207q\b\007v`\207\005\007<\320\203<\204C=\320\003:, \326a\034\314!\035\000\000\000\000\321\020\000\000\006\000\000\000\007\314<\244\203;\234\003;\224\003=\240\203<\224C8\220\303\001\000\000\000a \000\000\301\000\000\000\023\004D,\020\000\000\000\002\000\000\000\024\005Q\200\002\000\000\000\3610\000\000f\000\000\000\"G\310\220Q.\fO\000\000\000\000\323\244 \036\001\r\207a\001\000\000\000Util/UTF8Praser.cppUtil/UTF8Praser.hppUTF8PrasernextUTF8_ZN10UTF8Praser8nextUTF8EPKcPjchar_ZTS10UTF8PraserstrcharLenresultllvm.loop.mustprogress\223\254A\000\r\3270\000\000\001\000\020\004A\3026\000\000 \r\000\000\000\000XE\035\251\021\032\242\321\032\003m\f\000\002\200\310(\000\265q\033\000\000\000\263\212@5Z\243@V\020\254\301\033\275\341\033\203\n\300/\004\000\030T\000\177!\000\300\236\003 \203\321@\000\004X\344\000f\000\000\000\360\032\000\000\000\000\000,r\200\007\000\000\0006\300\000\000\000\000\000\0269\300\003\000\000`\026`\000\000\000\000\000\033\206\\\210\r\331\330D\b\300l\000\253(#5BC4\\\003\241\r\004\000\200\021%\000\000\000\000\000\0006\004\265\261\001\030\247\b\252Q\032\2551\304F\000\000\300\272\300\030\247\b\252a\032\2551\310\206\000\000\3008EP\215\323h\r\"\027\000\000\000t\036H C\210\f\031\tU\024\244\006\240\020\222\324\000l\bPc\202\0000\023\004\240\231 \000\016\000\000\0003\021@`\214\302L\004\020\030\2430\023\021\004\306(\f\033\020\3031\000#\006\007\000\202`P8q\376\377\377?\340\371\377\377\377p\347\377\377\377\303\214A1\300\201j\000\300\260\001!\030\0030bp\000 \b\006\205\003\347\377\377\377\203\235\377\377\377\017w\376\377\377?\314\030\024\203(\250\006\000\214\030\034\000\b\202A\341\274\371\377\377\377P\347\377\377\377\303\235\377\377\377\0173\006\0051\251\006\000\f\033\020\0012\000\023\006\300,A0cP\024\205j\000\000\0051f\f\n\003Z\r\000\270\300\270\t\003`\330\200\030\202\001\2300\000\250\2001cP\034\324j\000\000\005\027f\f\212cZ\r\000\310 b\302\000 #\306\214Aq@\253\001\000\027\b;a\000\f\033\020H0\000\023\006\300,\2010cP \305j\000\000)0f\f\n\204R\r\000\350'\004\321\204\0010l@0\301\000L\030\000$\\\2301(\220G5\000 \203\210\t\003\340\202Gg\f\n\004S\r\000\030n\b\2500\2301(\0200P\r\000\230e\b\206`\306\240@\212\325\000\000rb\314\030\024\t\243\032\000\260\301\214A\221\024\252\001\000\0011\003\000\000\000[\004 5\266\f\233\264\032\000\000\000\000\000\000\000q \000\000\003\000\000\0002\016\020\"\204\000\221\n\000\000\000\000\000\000\000\000e\f\000\000%\000\000\000\022\003\224(\001\000\000\000\003\000\000\000.\000\000\000\t\000\000\000L\000\000\000\001\000\000\000X\000\000\000\000\000\000\000X\000\000\000\002\000\000\000\210\000\000\000\000\000\000\0007\000\000\000\031\000\000\000P\000\000\000\023\000\000\000\036\000\000\000\000\000\000\000\210\000\000\000\000\000\000\000\000\000\000\000\002\000\000\000\000\000\000\000\000\000\000\000\036\000\000\000\000\000\000\000\036\000\000\000\377\377\377\377\001$\000\000\036\000\000\000\020\000\000\000\036\000\000\000\020\000\000\000\377\377\377\377\b,\000\000\000\000\000\000]\f\000\000\034\000\000\000\022\003\224\343\000\000\000\000_ZN10UTF8Praser8nextUTF8EPKcPjllvm.dbg.declare16.0.0gitthumbv7em-arm-none-eabihfUtil/UTF8Praser.cpp\000\000\000\000"
	.size	.Lllvm.embedded.module, 6268

	.section	.debug_abbrev,"",%progbits
	.byte	1                               @ Abbreviation Code
	.byte	17                              @ DW_TAG_compile_unit
	.byte	1                               @ DW_CHILDREN_yes
	.byte	37                              @ DW_AT_producer
	.byte	14                              @ DW_FORM_strp
	.byte	19                              @ DW_AT_language
	.byte	5                               @ DW_FORM_data2
	.byte	3                               @ DW_AT_name
	.byte	14                              @ DW_FORM_strp
	.byte	16                              @ DW_AT_stmt_list
	.byte	23                              @ DW_FORM_sec_offset
	.byte	27                              @ DW_AT_comp_dir
	.byte	14                              @ DW_FORM_strp
	.byte	0                               @ EOM(1)
	.byte	0                               @ EOM(2)
	.byte	2                               @ Abbreviation Code
	.byte	22                              @ DW_TAG_typedef
	.byte	0                               @ DW_CHILDREN_no
	.byte	73                              @ DW_AT_type
	.byte	19                              @ DW_FORM_ref4
	.byte	3                               @ DW_AT_name
	.byte	14                              @ DW_FORM_strp
	.byte	58                              @ DW_AT_decl_file
	.byte	11                              @ DW_FORM_data1
	.byte	59                              @ DW_AT_decl_line
	.byte	11                              @ DW_FORM_data1
	.byte	0                               @ EOM(1)
	.byte	0                               @ EOM(2)
	.byte	3                               @ Abbreviation Code
	.byte	36                              @ DW_TAG_base_type
	.byte	0                               @ DW_CHILDREN_no
	.byte	3                               @ DW_AT_name
	.byte	14                              @ DW_FORM_strp
	.byte	62                              @ DW_AT_encoding
	.byte	11                              @ DW_FORM_data1
	.byte	11                              @ DW_AT_byte_size
	.byte	11                              @ DW_FORM_data1
	.byte	0                               @ EOM(1)
	.byte	0                               @ EOM(2)
	.byte	4                               @ Abbreviation Code
	.byte	8                               @ DW_TAG_imported_declaration
	.byte	0                               @ DW_CHILDREN_no
	.byte	58                              @ DW_AT_decl_file
	.byte	11                              @ DW_FORM_data1
	.byte	59                              @ DW_AT_decl_line
	.byte	5                               @ DW_FORM_data2
	.byte	24                              @ DW_AT_import
	.byte	19                              @ DW_FORM_ref4
	.byte	0                               @ EOM(1)
	.byte	0                               @ EOM(2)
	.byte	5                               @ Abbreviation Code
	.byte	57                              @ DW_TAG_namespace
	.byte	1                               @ DW_CHILDREN_yes
	.byte	3                               @ DW_AT_name
	.byte	14                              @ DW_FORM_strp
	.byte	0                               @ EOM(1)
	.byte	0                               @ EOM(2)
	.byte	6                               @ Abbreviation Code
	.byte	57                              @ DW_TAG_namespace
	.byte	1                               @ DW_CHILDREN_yes
	.byte	3                               @ DW_AT_name
	.byte	14                              @ DW_FORM_strp
	.ascii	"\211\001"                      @ DW_AT_export_symbols
	.byte	25                              @ DW_FORM_flag_present
	.byte	0                               @ EOM(1)
	.byte	0                               @ EOM(2)
	.byte	7                               @ Abbreviation Code
	.byte	8                               @ DW_TAG_imported_declaration
	.byte	0                               @ DW_CHILDREN_no
	.byte	58                              @ DW_AT_decl_file
	.byte	11                              @ DW_FORM_data1
	.byte	59                              @ DW_AT_decl_line
	.byte	11                              @ DW_FORM_data1
	.byte	24                              @ DW_AT_import
	.byte	19                              @ DW_FORM_ref4
	.byte	0                               @ EOM(1)
	.byte	0                               @ EOM(2)
	.byte	8                               @ Abbreviation Code
	.byte	59                              @ DW_TAG_unspecified_type
	.byte	0                               @ DW_CHILDREN_no
	.byte	3                               @ DW_AT_name
	.byte	14                              @ DW_FORM_strp
	.byte	0                               @ EOM(1)
	.byte	0                               @ EOM(2)
	.byte	0                               @ EOM(3)
	.section	.debug_info,"",%progbits
.Lcu_begin0:
	.long	.Ldebug_info_end0-.Ldebug_info_start0 @ Length of Unit
.Ldebug_info_start0:
	.short	4                               @ DWARF version number
	.long	.debug_abbrev                   @ Offset Into Abbrev. Section
	.byte	4                               @ Address Size (in bytes)
	.byte	1                               @ Abbrev [1] 0xb:0x399 DW_TAG_compile_unit
	.long	.Linfo_string0                  @ DW_AT_producer
	.short	26                              @ DW_AT_language
	.long	.Linfo_string1                  @ DW_AT_name
	.long	.Lline_table_start0             @ DW_AT_stmt_list
	.long	.Linfo_string2                  @ DW_AT_comp_dir
	.byte	2                               @ Abbrev [2] 0x1e:0xb DW_TAG_typedef
	.long	41                              @ DW_AT_type
	.long	.Linfo_string4                  @ DW_AT_name
	.byte	1                               @ DW_AT_decl_file
	.byte	56                              @ DW_AT_decl_line
	.byte	3                               @ Abbrev [3] 0x29:0x7 DW_TAG_base_type
	.long	.Linfo_string3                  @ DW_AT_name
	.byte	6                               @ DW_AT_encoding
	.byte	1                               @ DW_AT_byte_size
	.byte	4                               @ Abbrev [4] 0x30:0x8 DW_TAG_imported_declaration
	.byte	1                               @ DW_AT_decl_file
	.short	275                             @ DW_AT_decl_line
	.long	30                              @ DW_AT_import
	.byte	2                               @ Abbrev [2] 0x38:0xb DW_TAG_typedef
	.long	67                              @ DW_AT_type
	.long	.Linfo_string6                  @ DW_AT_name
	.byte	1                               @ DW_AT_decl_file
	.byte	57                              @ DW_AT_decl_line
	.byte	3                               @ Abbrev [3] 0x43:0x7 DW_TAG_base_type
	.long	.Linfo_string5                  @ DW_AT_name
	.byte	5                               @ DW_AT_encoding
	.byte	2                               @ DW_AT_byte_size
	.byte	4                               @ Abbrev [4] 0x4a:0x8 DW_TAG_imported_declaration
	.byte	1                               @ DW_AT_decl_file
	.short	276                             @ DW_AT_decl_line
	.long	56                              @ DW_AT_import
	.byte	2                               @ Abbrev [2] 0x52:0xb DW_TAG_typedef
	.long	93                              @ DW_AT_type
	.long	.Linfo_string8                  @ DW_AT_name
	.byte	1                               @ DW_AT_decl_file
	.byte	58                              @ DW_AT_decl_line
	.byte	3                               @ Abbrev [3] 0x5d:0x7 DW_TAG_base_type
	.long	.Linfo_string7                  @ DW_AT_name
	.byte	5                               @ DW_AT_encoding
	.byte	4                               @ DW_AT_byte_size
	.byte	4                               @ Abbrev [4] 0x64:0x8 DW_TAG_imported_declaration
	.byte	1                               @ DW_AT_decl_file
	.short	277                             @ DW_AT_decl_line
	.long	82                              @ DW_AT_import
	.byte	2                               @ Abbrev [2] 0x6c:0xb DW_TAG_typedef
	.long	119                             @ DW_AT_type
	.long	.Linfo_string10                 @ DW_AT_name
	.byte	1                               @ DW_AT_decl_file
	.byte	59                              @ DW_AT_decl_line
	.byte	3                               @ Abbrev [3] 0x77:0x7 DW_TAG_base_type
	.long	.Linfo_string9                  @ DW_AT_name
	.byte	5                               @ DW_AT_encoding
	.byte	8                               @ DW_AT_byte_size
	.byte	4                               @ Abbrev [4] 0x7e:0x8 DW_TAG_imported_declaration
	.byte	1                               @ DW_AT_decl_file
	.short	278                             @ DW_AT_decl_line
	.long	108                             @ DW_AT_import
	.byte	2                               @ Abbrev [2] 0x86:0xb DW_TAG_typedef
	.long	145                             @ DW_AT_type
	.long	.Linfo_string12                 @ DW_AT_name
	.byte	1                               @ DW_AT_decl_file
	.byte	62                              @ DW_AT_decl_line
	.byte	3                               @ Abbrev [3] 0x91:0x7 DW_TAG_base_type
	.long	.Linfo_string11                 @ DW_AT_name
	.byte	8                               @ DW_AT_encoding
	.byte	1                               @ DW_AT_byte_size
	.byte	4                               @ Abbrev [4] 0x98:0x8 DW_TAG_imported_declaration
	.byte	1                               @ DW_AT_decl_file
	.short	279                             @ DW_AT_decl_line
	.long	134                             @ DW_AT_import
	.byte	2                               @ Abbrev [2] 0xa0:0xb DW_TAG_typedef
	.long	171                             @ DW_AT_type
	.long	.Linfo_string14                 @ DW_AT_name
	.byte	1                               @ DW_AT_decl_file
	.byte	63                              @ DW_AT_decl_line
	.byte	3                               @ Abbrev [3] 0xab:0x7 DW_TAG_base_type
	.long	.Linfo_string13                 @ DW_AT_name
	.byte	7                               @ DW_AT_encoding
	.byte	2                               @ DW_AT_byte_size
	.byte	4                               @ Abbrev [4] 0xb2:0x8 DW_TAG_imported_declaration
	.byte	1                               @ DW_AT_decl_file
	.short	280                             @ DW_AT_decl_line
	.long	160                             @ DW_AT_import
	.byte	2                               @ Abbrev [2] 0xba:0xb DW_TAG_typedef
	.long	197                             @ DW_AT_type
	.long	.Linfo_string16                 @ DW_AT_name
	.byte	1                               @ DW_AT_decl_file
	.byte	64                              @ DW_AT_decl_line
	.byte	3                               @ Abbrev [3] 0xc5:0x7 DW_TAG_base_type
	.long	.Linfo_string15                 @ DW_AT_name
	.byte	7                               @ DW_AT_encoding
	.byte	4                               @ DW_AT_byte_size
	.byte	4                               @ Abbrev [4] 0xcc:0x8 DW_TAG_imported_declaration
	.byte	1                               @ DW_AT_decl_file
	.short	281                             @ DW_AT_decl_line
	.long	186                             @ DW_AT_import
	.byte	2                               @ Abbrev [2] 0xd4:0xb DW_TAG_typedef
	.long	223                             @ DW_AT_type
	.long	.Linfo_string18                 @ DW_AT_name
	.byte	1                               @ DW_AT_decl_file
	.byte	65                              @ DW_AT_decl_line
	.byte	3                               @ Abbrev [3] 0xdf:0x7 DW_TAG_base_type
	.long	.Linfo_string17                 @ DW_AT_name
	.byte	7                               @ DW_AT_encoding
	.byte	8                               @ DW_AT_byte_size
	.byte	4                               @ Abbrev [4] 0xe6:0x8 DW_TAG_imported_declaration
	.byte	1                               @ DW_AT_decl_file
	.short	282                             @ DW_AT_decl_line
	.long	212                             @ DW_AT_import
	.byte	2                               @ Abbrev [2] 0xee:0xb DW_TAG_typedef
	.long	41                              @ DW_AT_type
	.long	.Linfo_string19                 @ DW_AT_name
	.byte	1                               @ DW_AT_decl_file
	.byte	71                              @ DW_AT_decl_line
	.byte	4                               @ Abbrev [4] 0xf9:0x8 DW_TAG_imported_declaration
	.byte	1                               @ DW_AT_decl_file
	.short	283                             @ DW_AT_decl_line
	.long	238                             @ DW_AT_import
	.byte	2                               @ Abbrev [2] 0x101:0xb DW_TAG_typedef
	.long	67                              @ DW_AT_type
	.long	.Linfo_string20                 @ DW_AT_name
	.byte	1                               @ DW_AT_decl_file
	.byte	72                              @ DW_AT_decl_line
	.byte	4                               @ Abbrev [4] 0x10c:0x8 DW_TAG_imported_declaration
	.byte	1                               @ DW_AT_decl_file
	.short	284                             @ DW_AT_decl_line
	.long	257                             @ DW_AT_import
	.byte	2                               @ Abbrev [2] 0x114:0xb DW_TAG_typedef
	.long	93                              @ DW_AT_type
	.long	.Linfo_string21                 @ DW_AT_name
	.byte	1                               @ DW_AT_decl_file
	.byte	73                              @ DW_AT_decl_line
	.byte	4                               @ Abbrev [4] 0x11f:0x8 DW_TAG_imported_declaration
	.byte	1                               @ DW_AT_decl_file
	.short	285                             @ DW_AT_decl_line
	.long	276                             @ DW_AT_import
	.byte	2                               @ Abbrev [2] 0x127:0xb DW_TAG_typedef
	.long	119                             @ DW_AT_type
	.long	.Linfo_string22                 @ DW_AT_name
	.byte	1                               @ DW_AT_decl_file
	.byte	74                              @ DW_AT_decl_line
	.byte	4                               @ Abbrev [4] 0x132:0x8 DW_TAG_imported_declaration
	.byte	1                               @ DW_AT_decl_file
	.short	286                             @ DW_AT_decl_line
	.long	295                             @ DW_AT_import
	.byte	2                               @ Abbrev [2] 0x13a:0xb DW_TAG_typedef
	.long	145                             @ DW_AT_type
	.long	.Linfo_string23                 @ DW_AT_name
	.byte	1                               @ DW_AT_decl_file
	.byte	77                              @ DW_AT_decl_line
	.byte	4                               @ Abbrev [4] 0x145:0x8 DW_TAG_imported_declaration
	.byte	1                               @ DW_AT_decl_file
	.short	287                             @ DW_AT_decl_line
	.long	314                             @ DW_AT_import
	.byte	2                               @ Abbrev [2] 0x14d:0xb DW_TAG_typedef
	.long	171                             @ DW_AT_type
	.long	.Linfo_string24                 @ DW_AT_name
	.byte	1                               @ DW_AT_decl_file
	.byte	78                              @ DW_AT_decl_line
	.byte	4                               @ Abbrev [4] 0x158:0x8 DW_TAG_imported_declaration
	.byte	1                               @ DW_AT_decl_file
	.short	288                             @ DW_AT_decl_line
	.long	333                             @ DW_AT_import
	.byte	2                               @ Abbrev [2] 0x160:0xb DW_TAG_typedef
	.long	197                             @ DW_AT_type
	.long	.Linfo_string25                 @ DW_AT_name
	.byte	1                               @ DW_AT_decl_file
	.byte	79                              @ DW_AT_decl_line
	.byte	4                               @ Abbrev [4] 0x16b:0x8 DW_TAG_imported_declaration
	.byte	1                               @ DW_AT_decl_file
	.short	289                             @ DW_AT_decl_line
	.long	352                             @ DW_AT_import
	.byte	2                               @ Abbrev [2] 0x173:0xb DW_TAG_typedef
	.long	223                             @ DW_AT_type
	.long	.Linfo_string26                 @ DW_AT_name
	.byte	1                               @ DW_AT_decl_file
	.byte	80                              @ DW_AT_decl_line
	.byte	4                               @ Abbrev [4] 0x17e:0x8 DW_TAG_imported_declaration
	.byte	1                               @ DW_AT_decl_file
	.short	290                             @ DW_AT_decl_line
	.long	371                             @ DW_AT_import
	.byte	2                               @ Abbrev [2] 0x186:0xb DW_TAG_typedef
	.long	93                              @ DW_AT_type
	.long	.Linfo_string27                 @ DW_AT_name
	.byte	1                               @ DW_AT_decl_file
	.byte	85                              @ DW_AT_decl_line
	.byte	4                               @ Abbrev [4] 0x191:0x8 DW_TAG_imported_declaration
	.byte	1                               @ DW_AT_decl_file
	.short	291                             @ DW_AT_decl_line
	.long	390                             @ DW_AT_import
	.byte	2                               @ Abbrev [2] 0x199:0xb DW_TAG_typedef
	.long	93                              @ DW_AT_type
	.long	.Linfo_string28                 @ DW_AT_name
	.byte	1                               @ DW_AT_decl_file
	.byte	86                              @ DW_AT_decl_line
	.byte	4                               @ Abbrev [4] 0x1a4:0x8 DW_TAG_imported_declaration
	.byte	1                               @ DW_AT_decl_file
	.short	292                             @ DW_AT_decl_line
	.long	409                             @ DW_AT_import
	.byte	2                               @ Abbrev [2] 0x1ac:0xb DW_TAG_typedef
	.long	93                              @ DW_AT_type
	.long	.Linfo_string29                 @ DW_AT_name
	.byte	1                               @ DW_AT_decl_file
	.byte	87                              @ DW_AT_decl_line
	.byte	4                               @ Abbrev [4] 0x1b7:0x8 DW_TAG_imported_declaration
	.byte	1                               @ DW_AT_decl_file
	.short	293                             @ DW_AT_decl_line
	.long	428                             @ DW_AT_import
	.byte	2                               @ Abbrev [2] 0x1bf:0xb DW_TAG_typedef
	.long	119                             @ DW_AT_type
	.long	.Linfo_string30                 @ DW_AT_name
	.byte	1                               @ DW_AT_decl_file
	.byte	88                              @ DW_AT_decl_line
	.byte	4                               @ Abbrev [4] 0x1ca:0x8 DW_TAG_imported_declaration
	.byte	1                               @ DW_AT_decl_file
	.short	294                             @ DW_AT_decl_line
	.long	447                             @ DW_AT_import
	.byte	2                               @ Abbrev [2] 0x1d2:0xb DW_TAG_typedef
	.long	197                             @ DW_AT_type
	.long	.Linfo_string31                 @ DW_AT_name
	.byte	1                               @ DW_AT_decl_file
	.byte	91                              @ DW_AT_decl_line
	.byte	4                               @ Abbrev [4] 0x1dd:0x8 DW_TAG_imported_declaration
	.byte	1                               @ DW_AT_decl_file
	.short	295                             @ DW_AT_decl_line
	.long	466                             @ DW_AT_import
	.byte	2                               @ Abbrev [2] 0x1e5:0xb DW_TAG_typedef
	.long	197                             @ DW_AT_type
	.long	.Linfo_string32                 @ DW_AT_name
	.byte	1                               @ DW_AT_decl_file
	.byte	92                              @ DW_AT_decl_line
	.byte	4                               @ Abbrev [4] 0x1f0:0x8 DW_TAG_imported_declaration
	.byte	1                               @ DW_AT_decl_file
	.short	296                             @ DW_AT_decl_line
	.long	485                             @ DW_AT_import
	.byte	2                               @ Abbrev [2] 0x1f8:0xb DW_TAG_typedef
	.long	197                             @ DW_AT_type
	.long	.Linfo_string33                 @ DW_AT_name
	.byte	1                               @ DW_AT_decl_file
	.byte	93                              @ DW_AT_decl_line
	.byte	4                               @ Abbrev [4] 0x203:0x8 DW_TAG_imported_declaration
	.byte	1                               @ DW_AT_decl_file
	.short	297                             @ DW_AT_decl_line
	.long	504                             @ DW_AT_import
	.byte	2                               @ Abbrev [2] 0x20b:0xb DW_TAG_typedef
	.long	223                             @ DW_AT_type
	.long	.Linfo_string34                 @ DW_AT_name
	.byte	1                               @ DW_AT_decl_file
	.byte	94                              @ DW_AT_decl_line
	.byte	4                               @ Abbrev [4] 0x216:0x8 DW_TAG_imported_declaration
	.byte	1                               @ DW_AT_decl_file
	.short	298                             @ DW_AT_decl_line
	.long	523                             @ DW_AT_import
	.byte	2                               @ Abbrev [2] 0x21e:0xb DW_TAG_typedef
	.long	93                              @ DW_AT_type
	.long	.Linfo_string35                 @ DW_AT_name
	.byte	1                               @ DW_AT_decl_file
	.byte	101                             @ DW_AT_decl_line
	.byte	4                               @ Abbrev [4] 0x229:0x8 DW_TAG_imported_declaration
	.byte	1                               @ DW_AT_decl_file
	.short	299                             @ DW_AT_decl_line
	.long	542                             @ DW_AT_import
	.byte	2                               @ Abbrev [2] 0x231:0xb DW_TAG_typedef
	.long	197                             @ DW_AT_type
	.long	.Linfo_string36                 @ DW_AT_name
	.byte	1                               @ DW_AT_decl_file
	.byte	102                             @ DW_AT_decl_line
	.byte	4                               @ Abbrev [4] 0x23c:0x8 DW_TAG_imported_declaration
	.byte	1                               @ DW_AT_decl_file
	.short	300                             @ DW_AT_decl_line
	.long	561                             @ DW_AT_import
	.byte	2                               @ Abbrev [2] 0x244:0xb DW_TAG_typedef
	.long	119                             @ DW_AT_type
	.long	.Linfo_string37                 @ DW_AT_name
	.byte	1                               @ DW_AT_decl_file
	.byte	106                             @ DW_AT_decl_line
	.byte	4                               @ Abbrev [4] 0x24f:0x8 DW_TAG_imported_declaration
	.byte	1                               @ DW_AT_decl_file
	.short	301                             @ DW_AT_decl_line
	.long	580                             @ DW_AT_import
	.byte	2                               @ Abbrev [2] 0x257:0xb DW_TAG_typedef
	.long	223                             @ DW_AT_type
	.long	.Linfo_string38                 @ DW_AT_name
	.byte	1                               @ DW_AT_decl_file
	.byte	107                             @ DW_AT_decl_line
	.byte	4                               @ Abbrev [4] 0x262:0x8 DW_TAG_imported_declaration
	.byte	1                               @ DW_AT_decl_file
	.short	302                             @ DW_AT_decl_line
	.long	599                             @ DW_AT_import
	.byte	5                               @ Abbrev [5] 0x26a:0xec DW_TAG_namespace
	.long	.Linfo_string39                 @ DW_AT_name
	.byte	6                               @ Abbrev [6] 0x26f:0xe6 DW_TAG_namespace
	.long	.Linfo_string40                 @ DW_AT_name
                                        @ DW_AT_export_symbols
	.byte	7                               @ Abbrev [7] 0x274:0x7 DW_TAG_imported_declaration
	.byte	2                               @ DW_AT_decl_file
	.byte	162                             @ DW_AT_decl_line
	.long	30                              @ DW_AT_import
	.byte	7                               @ Abbrev [7] 0x27b:0x7 DW_TAG_imported_declaration
	.byte	2                               @ DW_AT_decl_file
	.byte	163                             @ DW_AT_decl_line
	.long	56                              @ DW_AT_import
	.byte	7                               @ Abbrev [7] 0x282:0x7 DW_TAG_imported_declaration
	.byte	2                               @ DW_AT_decl_file
	.byte	164                             @ DW_AT_decl_line
	.long	82                              @ DW_AT_import
	.byte	7                               @ Abbrev [7] 0x289:0x7 DW_TAG_imported_declaration
	.byte	2                               @ DW_AT_decl_file
	.byte	165                             @ DW_AT_decl_line
	.long	108                             @ DW_AT_import
	.byte	7                               @ Abbrev [7] 0x290:0x7 DW_TAG_imported_declaration
	.byte	2                               @ DW_AT_decl_file
	.byte	167                             @ DW_AT_decl_line
	.long	134                             @ DW_AT_import
	.byte	7                               @ Abbrev [7] 0x297:0x7 DW_TAG_imported_declaration
	.byte	2                               @ DW_AT_decl_file
	.byte	168                             @ DW_AT_decl_line
	.long	160                             @ DW_AT_import
	.byte	7                               @ Abbrev [7] 0x29e:0x7 DW_TAG_imported_declaration
	.byte	2                               @ DW_AT_decl_file
	.byte	169                             @ DW_AT_decl_line
	.long	186                             @ DW_AT_import
	.byte	7                               @ Abbrev [7] 0x2a5:0x7 DW_TAG_imported_declaration
	.byte	2                               @ DW_AT_decl_file
	.byte	170                             @ DW_AT_decl_line
	.long	212                             @ DW_AT_import
	.byte	7                               @ Abbrev [7] 0x2ac:0x7 DW_TAG_imported_declaration
	.byte	2                               @ DW_AT_decl_file
	.byte	172                             @ DW_AT_decl_line
	.long	238                             @ DW_AT_import
	.byte	7                               @ Abbrev [7] 0x2b3:0x7 DW_TAG_imported_declaration
	.byte	2                               @ DW_AT_decl_file
	.byte	173                             @ DW_AT_decl_line
	.long	257                             @ DW_AT_import
	.byte	7                               @ Abbrev [7] 0x2ba:0x7 DW_TAG_imported_declaration
	.byte	2                               @ DW_AT_decl_file
	.byte	174                             @ DW_AT_decl_line
	.long	276                             @ DW_AT_import
	.byte	7                               @ Abbrev [7] 0x2c1:0x7 DW_TAG_imported_declaration
	.byte	2                               @ DW_AT_decl_file
	.byte	175                             @ DW_AT_decl_line
	.long	295                             @ DW_AT_import
	.byte	7                               @ Abbrev [7] 0x2c8:0x7 DW_TAG_imported_declaration
	.byte	2                               @ DW_AT_decl_file
	.byte	177                             @ DW_AT_decl_line
	.long	314                             @ DW_AT_import
	.byte	7                               @ Abbrev [7] 0x2cf:0x7 DW_TAG_imported_declaration
	.byte	2                               @ DW_AT_decl_file
	.byte	178                             @ DW_AT_decl_line
	.long	333                             @ DW_AT_import
	.byte	7                               @ Abbrev [7] 0x2d6:0x7 DW_TAG_imported_declaration
	.byte	2                               @ DW_AT_decl_file
	.byte	179                             @ DW_AT_decl_line
	.long	352                             @ DW_AT_import
	.byte	7                               @ Abbrev [7] 0x2dd:0x7 DW_TAG_imported_declaration
	.byte	2                               @ DW_AT_decl_file
	.byte	180                             @ DW_AT_decl_line
	.long	371                             @ DW_AT_import
	.byte	7                               @ Abbrev [7] 0x2e4:0x7 DW_TAG_imported_declaration
	.byte	2                               @ DW_AT_decl_file
	.byte	182                             @ DW_AT_decl_line
	.long	390                             @ DW_AT_import
	.byte	7                               @ Abbrev [7] 0x2eb:0x7 DW_TAG_imported_declaration
	.byte	2                               @ DW_AT_decl_file
	.byte	183                             @ DW_AT_decl_line
	.long	409                             @ DW_AT_import
	.byte	7                               @ Abbrev [7] 0x2f2:0x7 DW_TAG_imported_declaration
	.byte	2                               @ DW_AT_decl_file
	.byte	184                             @ DW_AT_decl_line
	.long	428                             @ DW_AT_import
	.byte	7                               @ Abbrev [7] 0x2f9:0x7 DW_TAG_imported_declaration
	.byte	2                               @ DW_AT_decl_file
	.byte	185                             @ DW_AT_decl_line
	.long	447                             @ DW_AT_import
	.byte	7                               @ Abbrev [7] 0x300:0x7 DW_TAG_imported_declaration
	.byte	2                               @ DW_AT_decl_file
	.byte	187                             @ DW_AT_decl_line
	.long	466                             @ DW_AT_import
	.byte	7                               @ Abbrev [7] 0x307:0x7 DW_TAG_imported_declaration
	.byte	2                               @ DW_AT_decl_file
	.byte	188                             @ DW_AT_decl_line
	.long	485                             @ DW_AT_import
	.byte	7                               @ Abbrev [7] 0x30e:0x7 DW_TAG_imported_declaration
	.byte	2                               @ DW_AT_decl_file
	.byte	189                             @ DW_AT_decl_line
	.long	504                             @ DW_AT_import
	.byte	7                               @ Abbrev [7] 0x315:0x7 DW_TAG_imported_declaration
	.byte	2                               @ DW_AT_decl_file
	.byte	190                             @ DW_AT_decl_line
	.long	523                             @ DW_AT_import
	.byte	7                               @ Abbrev [7] 0x31c:0x7 DW_TAG_imported_declaration
	.byte	2                               @ DW_AT_decl_file
	.byte	192                             @ DW_AT_decl_line
	.long	542                             @ DW_AT_import
	.byte	7                               @ Abbrev [7] 0x323:0x7 DW_TAG_imported_declaration
	.byte	2                               @ DW_AT_decl_file
	.byte	193                             @ DW_AT_decl_line
	.long	561                             @ DW_AT_import
	.byte	7                               @ Abbrev [7] 0x32a:0x7 DW_TAG_imported_declaration
	.byte	2                               @ DW_AT_decl_file
	.byte	195                             @ DW_AT_decl_line
	.long	580                             @ DW_AT_import
	.byte	7                               @ Abbrev [7] 0x331:0x7 DW_TAG_imported_declaration
	.byte	2                               @ DW_AT_decl_file
	.byte	196                             @ DW_AT_decl_line
	.long	599                             @ DW_AT_import
	.byte	7                               @ Abbrev [7] 0x338:0x7 DW_TAG_imported_declaration
	.byte	5                               @ DW_AT_decl_file
	.byte	59                              @ DW_AT_decl_line
	.long	915                             @ DW_AT_import
	.byte	7                               @ Abbrev [7] 0x33f:0x7 DW_TAG_imported_declaration
	.byte	5                               @ DW_AT_decl_file
	.byte	60                              @ DW_AT_decl_line
	.long	872                             @ DW_AT_import
	.byte	7                               @ Abbrev [7] 0x346:0x7 DW_TAG_imported_declaration
	.byte	5                               @ DW_AT_decl_file
	.byte	61                              @ DW_AT_decl_line
	.long	854                             @ DW_AT_import
	.byte	7                               @ Abbrev [7] 0x34d:0x7 DW_TAG_imported_declaration
	.byte	5                               @ DW_AT_decl_file
	.byte	64                              @ DW_AT_decl_line
	.long	890                             @ DW_AT_import
	.byte	0                               @ End Of Children Mark
	.byte	0                               @ End Of Children Mark
	.byte	2                               @ Abbrev [2] 0x356:0xb DW_TAG_typedef
	.long	197                             @ DW_AT_type
	.long	.Linfo_string41                 @ DW_AT_name
	.byte	3                               @ DW_AT_decl_file
	.byte	46                              @ DW_AT_decl_line
	.byte	7                               @ Abbrev [7] 0x361:0x7 DW_TAG_imported_declaration
	.byte	3                               @ DW_AT_decl_file
	.byte	107                             @ DW_AT_decl_line
	.long	854                             @ DW_AT_import
	.byte	2                               @ Abbrev [2] 0x368:0xb DW_TAG_typedef
	.long	93                              @ DW_AT_type
	.long	.Linfo_string42                 @ DW_AT_name
	.byte	3                               @ DW_AT_decl_file
	.byte	38                              @ DW_AT_decl_line
	.byte	7                               @ Abbrev [7] 0x373:0x7 DW_TAG_imported_declaration
	.byte	3                               @ DW_AT_decl_file
	.byte	108                             @ DW_AT_decl_line
	.long	872                             @ DW_AT_import
	.byte	2                               @ Abbrev [2] 0x37a:0xb DW_TAG_typedef
	.long	901                             @ DW_AT_type
	.long	.Linfo_string44                 @ DW_AT_name
	.byte	3                               @ DW_AT_decl_file
	.byte	95                              @ DW_AT_decl_line
	.byte	3                               @ Abbrev [3] 0x385:0x7 DW_TAG_base_type
	.long	.Linfo_string43                 @ DW_AT_name
	.byte	4                               @ DW_AT_encoding
	.byte	8                               @ DW_AT_byte_size
	.byte	7                               @ Abbrev [7] 0x38c:0x7 DW_TAG_imported_declaration
	.byte	3                               @ DW_AT_decl_file
	.byte	110                             @ DW_AT_decl_line
	.long	890                             @ DW_AT_import
	.byte	2                               @ Abbrev [2] 0x393:0xb DW_TAG_typedef
	.long	926                             @ DW_AT_type
	.long	.Linfo_string46                 @ DW_AT_name
	.byte	4                               @ DW_AT_decl_file
	.byte	48                              @ DW_AT_decl_line
	.byte	8                               @ Abbrev [8] 0x39e:0x5 DW_TAG_unspecified_type
	.long	.Linfo_string45                 @ DW_AT_name
	.byte	0                               @ End Of Children Mark
.Ldebug_info_end0:
	.section	.debug_str,"MS",%progbits,1
.Linfo_string0:
	.asciz	"Component: Arm Compiler for Embedded 6.19 Tool: armclang [5e73cb00]" @ string offset=0
.Linfo_string1:
	.asciz	"Util\\UTF8Praser.cpp"          @ string offset=68
.Linfo_string2:
	.asciz	"C:\\Users\\CHALLENGER\\Documents\\KeXieData\\Project\\DigitalPower\\BootLoader" @ string offset=88
.Linfo_string3:
	.asciz	"signed char"                   @ string offset=160
.Linfo_string4:
	.asciz	"int8_t"                        @ string offset=172
.Linfo_string5:
	.asciz	"short"                         @ string offset=179
.Linfo_string6:
	.asciz	"int16_t"                       @ string offset=185
.Linfo_string7:
	.asciz	"int"                           @ string offset=193
.Linfo_string8:
	.asciz	"int32_t"                       @ string offset=197
.Linfo_string9:
	.asciz	"long long"                     @ string offset=205
.Linfo_string10:
	.asciz	"int64_t"                       @ string offset=215
.Linfo_string11:
	.asciz	"unsigned char"                 @ string offset=223
.Linfo_string12:
	.asciz	"uint8_t"                       @ string offset=237
.Linfo_string13:
	.asciz	"unsigned short"                @ string offset=245
.Linfo_string14:
	.asciz	"uint16_t"                      @ string offset=260
.Linfo_string15:
	.asciz	"unsigned int"                  @ string offset=269
.Linfo_string16:
	.asciz	"uint32_t"                      @ string offset=282
.Linfo_string17:
	.asciz	"unsigned long long"            @ string offset=291
.Linfo_string18:
	.asciz	"uint64_t"                      @ string offset=310
.Linfo_string19:
	.asciz	"int_least8_t"                  @ string offset=319
.Linfo_string20:
	.asciz	"int_least16_t"                 @ string offset=332
.Linfo_string21:
	.asciz	"int_least32_t"                 @ string offset=346
.Linfo_string22:
	.asciz	"int_least64_t"                 @ string offset=360
.Linfo_string23:
	.asciz	"uint_least8_t"                 @ string offset=374
.Linfo_string24:
	.asciz	"uint_least16_t"                @ string offset=388
.Linfo_string25:
	.asciz	"uint_least32_t"                @ string offset=403
.Linfo_string26:
	.asciz	"uint_least64_t"                @ string offset=418
.Linfo_string27:
	.asciz	"int_fast8_t"                   @ string offset=433
.Linfo_string28:
	.asciz	"int_fast16_t"                  @ string offset=445
.Linfo_string29:
	.asciz	"int_fast32_t"                  @ string offset=458
.Linfo_string30:
	.asciz	"int_fast64_t"                  @ string offset=471
.Linfo_string31:
	.asciz	"uint_fast8_t"                  @ string offset=484
.Linfo_string32:
	.asciz	"uint_fast16_t"                 @ string offset=497
.Linfo_string33:
	.asciz	"uint_fast32_t"                 @ string offset=511
.Linfo_string34:
	.asciz	"uint_fast64_t"                 @ string offset=525
.Linfo_string35:
	.asciz	"intptr_t"                      @ string offset=539
.Linfo_string36:
	.asciz	"uintptr_t"                     @ string offset=548
.Linfo_string37:
	.asciz	"intmax_t"                      @ string offset=558
.Linfo_string38:
	.asciz	"uintmax_t"                     @ string offset=567
.Linfo_string39:
	.asciz	"std"                           @ string offset=577
.Linfo_string40:
	.asciz	"__2"                           @ string offset=581
.Linfo_string41:
	.asciz	"size_t"                        @ string offset=585
.Linfo_string42:
	.asciz	"ptrdiff_t"                     @ string offset=592
.Linfo_string43:
	.asciz	"long double"                   @ string offset=602
.Linfo_string44:
	.asciz	"max_align_t"                   @ string offset=614
.Linfo_string45:
	.asciz	"decltype(nullptr)"             @ string offset=626
.Linfo_string46:
	.asciz	"nullptr_t"                     @ string offset=644
	.ident	"Component: Arm Compiler for Embedded 6.19 Tool: armclang [5e73cb00]"
	.section	".note.GNU-stack","",%progbits
	.ARM_attribute	16, 1	@ Tag_AV_eba
	.section	.debug_line,"",%progbits
.Lline_table_start0:
